2023-11-16 07:33:32
[1700121873.692512] [h4c49:25139:0]         mxm.c:196  MXM  WARN  The 'ulimit -s' on the system is set to 'unlimited'. This may have negative performance implications. Please set the stack size to the default value (10240) 
[1700121873.698153] [h4c49:25139:0]         mxm.c:196  MXM  WARN  The 'ulimit -s' on the system is set to 'unlimited'. This may have negative performance implications. Please set the stack size to the default value (10240) 
[1700121873.692551] [h4c49:25141:0]         mxm.c:196  MXM  WARN  The 'ulimit -s' on the system is set to 'unlimited'. This may have negative performance implications. Please set the stack size to the default value (10240) 
[1700121873.698198] [h4c49:25141:0]         mxm.c:196  MXM  WARN  The 'ulimit -s' on the system is set to 'unlimited'. This may have negative performance implications. Please set the stack size to the default value (10240) 
[1700121873.685172] [h4c49:25138:0]         mxm.c:196  MXM  WARN  The 'ulimit -s' on the system is set to 'unlimited'. This may have negative performance implications. Please set the stack size to the default value (10240) 
[1700121873.689980] [h4c49:25138:0]         mxm.c:196  MXM  WARN  The 'ulimit -s' on the system is set to 'unlimited'. This may have negative performance implications. Please set the stack size to the default value (10240) 
[1700121873.685600] [h4c49:25140:0]         mxm.c:196  MXM  WARN  The 'ulimit -s' on the system is set to 'unlimited'. This may have negative performance implications. Please set the stack size to the default value (10240) 
[1700121873.690450] [h4c49:25140:0]         mxm.c:196  MXM  WARN  The 'ulimit -s' on the system is set to 'unlimited'. This may have negative performance implications. Please set the stack size to the default value (10240) 
  @1800
    MED
    MED -> ATM
    MED -> OCN
    @@3600
     ATM
     OCN
     @1800
     ATM -> MED
     @
    @@
    @@3600
    OCN -> MED
    @@
    MED
  @
  @1800
    MED
    MED -> ATM
    MED -> OCN
    @@3600
     ATM
     OCN
     @1800
     ATM -> MED
     @
    @@
    @@3600
    OCN -> MED
    @@
    MED
  @
  @1800
    MED
    MED -> ATM
    MED -> OCN
    @@3600
     ATM
     OCN
     @1800
     ATM -> MED
     @
    @@
    @@3600
    OCN -> MED
    @@
    MED
  @
  @1800
    MED
    MED -> ATM
    MED -> OCN
    @@3600
     ATM
     OCN
     @1800
     ATM -> MED
     @
    @@
    @@3600
    OCN -> MED
    @@
    MED
  @
 NUOPC_DriverPrint for PET:           0
   Model, Mediator, and Driver components, in the order
   that they were added to the Driver:
           1 :  ATM
           2 :  OCN
           3 :  MED
   Connector components, in the order
   that they were added to the Driver:
           1 :  MED-TO-ATM
           2 :  MED-TO-OCN
           3 :  ATM-TO-MED
           4 :  OCN-TO-MED
NUOPC_RunSequenceArrayPrint: element     1 out of      4
runSeq::
 runElementPrint:      3    -1     1 F T
 runElementPrint:      3     1     1 F T
 runElementPrint:      3     2     1 F T
 runElementPrint:     -2     0     0 F T
 runElementPrint:     -4     0     0 F T
 runElementPrint:      3    -1     1 F T
 runElementPrint:     -1    -1     0 F F
::
NUOPC_RunSequenceArrayPrint: element     2 out of      4
runSeq::
 runElementPrint:      1    -1     1 T T
 runElementPrint:      2    -1     1 T T
 runElementPrint:     -3     0     0 T T
 runElementPrint:     -2    -1     0 T F
::
NUOPC_RunSequenceArrayPrint: element     3 out of      4
runSeq::
 runElementPrint:      1     3     1 F T
 runElementPrint:     -3    -1     0 F F
::
NUOPC_RunSequenceArrayPrint: element     4 out of      4
runSeq::
 runElementPrint:      2     3     1 T T
 runElementPrint:     -4    -1     0 T F
::
 NUOPC_DriverPrint for PET:           1
   Model, Mediator, and Driver components, in the order
   that they were added to the Driver:
           1 :  ATM
           2 :  OCN
           3 :  MED
   Connector components, in the order
   that they were added to the Driver:
           1 :  MED-TO-ATM
           2 :  MED-TO-OCN
           3 :  ATM-TO-MED
           4 :  OCN-TO-MED
NUOPC_RunSequenceArrayPrint: element     1 out of      4
runSeq::
 runElementPrint:      3    -1     1 F T
 runElementPrint:      3     1     1 F T
 runElementPrint:      3     2     1 F T
 runElementPrint:     -2     0     0 F T
 runElementPrint:     -4     0     0 F T
 runElementPrint:      3    -1     1 F T
 runElementPrint:     -1    -1     0 F F
::
NUOPC_RunSequenceArrayPrint: element     2 out of      4
runSeq::
 runElementPrint:      1    -1     1 T T
 runElementPrint:      2    -1     1 T T
 runElementPrint:     -3     0     0 T T
 runElementPrint:     -2    -1     0 T F
::
NUOPC_RunSequenceArrayPrint: element     3 out of      4
runSeq::
 runElementPrint:      1     3     1 F T
 runElementPrint:     -3    -1     0 F F
::
NUOPC_RunSequenceArrayPrint: element     4 out of      4
runSeq::
 runElementPrint:      2     3     1 T T
 runElementPrint:     -4    -1     0 T F
::
 NUOPC_DriverPrint for PET:           2
   Model, Mediator, and Driver components, in the order
   that they were added to the Driver:
           1 :  ATM
           2 :  OCN
           3 :  MED
   Connector components, in the order
   that they were added to the Driver:
           1 :  MED-TO-ATM
           2 :  MED-TO-OCN
           3 :  ATM-TO-MED
           4 :  OCN-TO-MED
NUOPC_RunSequenceArrayPrint: element     1 out of      4
runSeq::
 runElementPrint:      3    -1     1 F T
 runElementPrint:      3     1     1 F T
 runElementPrint:      3     2     1 F T
 runElementPrint:     -2     0     0 F T
 runElementPrint:     -4     0     0 F T
 runElementPrint:      3    -1     1 F T
 runElementPrint:     -1    -1     0 F F
::
NUOPC_RunSequenceArrayPrint: element     2 out of      4
runSeq::
 runElementPrint:      1    -1     1 T T
 runElementPrint:      2    -1     1 T T
 runElementPrint:     -3     0     0 T T
 runElementPrint:     -2    -1     0 T F
::
NUOPC_RunSequenceArrayPrint: element     3 out of      4
runSeq::
 runElementPrint:      1     3     1 F T
 runElementPrint:     -3    -1     0 F F
::
NUOPC_RunSequenceArrayPrint: element     4 out of      4
runSeq::
 runElementPrint:      2     3     1 T T
 runElementPrint:     -4    -1     0 T F
::
 NUOPC_DriverPrint for PET:           3
   Model, Mediator, and Driver components, in the order
   that they were added to the Driver:
           1 :  ATM
           2 :  OCN
           3 :  MED
   Connector components, in the order
   that they were added to the Driver:
           1 :  MED-TO-ATM
           2 :  MED-TO-OCN
           3 :  ATM-TO-MED
           4 :  OCN-TO-MED
NUOPC_RunSequenceArrayPrint: element     1 out of      4
runSeq::
 runElementPrint:      3    -1     1 F T
 runElementPrint:      3     1     1 F T
 runElementPrint:      3     2     1 F T
 runElementPrint:     -2     0     0 F T
 runElementPrint:     -4     0     0 F T
 runElementPrint:      3    -1     1 F T
 runElementPrint:     -1    -1     0 F F
::
NUOPC_RunSequenceArrayPrint: element     2 out of      4
runSeq::
 runElementPrint:      1    -1     1 T T
 runElementPrint:      2    -1     1 T T
 runElementPrint:     -3     0     0 T T
 runElementPrint:     -2    -1     0 T F
::
NUOPC_RunSequenceArrayPrint: element     3 out of      4
runSeq::
 runElementPrint:      1     3     1 F T
 runElementPrint:     -3    -1     0 F F
::
NUOPC_RunSequenceArrayPrint: element     4 out of      4
runSeq::
 runElementPrint:      2     3     1 T T
 runElementPrint:     -4    -1     0 T F
::
