2023-10-26 04:01:12
20231026 042143.799 INFO             PET0 !!!!!!!!!!!!!!!!!!!!!!!!!!!!!!!!!!!!!!!!!!!!!!!!!!!!!!
20231026 042143.799 INFO             PET0 !!! THE ESMF_LOG IS SET TO OUTPUT ALL LOG MESSAGES !!!
20231026 042143.799 INFO             PET0 !!!     THIS MAY CAUSE SLOWDOWN IN PERFORMANCE     !!!
20231026 042143.799 INFO             PET0 !!! FOR PRODUCTION RUNS, USE:                      !!!
20231026 042143.799 INFO             PET0 !!!                   ESMF_LOGKIND_Multi_On_Error  !!!
20231026 042143.799 INFO             PET0 !!!!!!!!!!!!!!!!!!!!!!!!!!!!!!!!!!!!!!!!!!!!!!!!!!!!!!
20231026 042143.799 INFO             PET0 Running with ESMF Version   : v8.6.0b11
20231026 042143.799 INFO             PET0 ESMF library build date/time: "Oct 26 2023" "04:00:15"
20231026 042143.799 INFO             PET0 ESMF library build location : /tmp/gfortran_12.2.0_mpiuni_O_develop/esmf
20231026 042143.799 INFO             PET0 ESMF_COMM                   : mpiuni
20231026 042143.800 INFO             PET0 ESMF_MOAB                   : enabled
20231026 042143.800 INFO             PET0 ESMF_LAPACK                 : enabled
20231026 042143.800 INFO             PET0 ESMF_NETCDF                 : enabled
20231026 042143.800 INFO             PET0 ESMF_PNETCDF                : disabled
20231026 042143.800 INFO             PET0 ESMF_PIO                    : disabled
20231026 042143.800 INFO             PET0 ESMF_YAMLCPP                : enabled
20231026 042143.802 INFO             PET0 ESMF_FieldRedistStoreNF(): Just entered routine.
20231026 042143.902 INFO             PET0 ESMF_FieldRedistStoreNF(): Leaving routine.
20231026 042143.905 INFO             PET0  NUMBER_OF_PROCESSORS           1
20231026 042143.905 INFO             PET0  PASS  Example ESMF_RHandleFromFileEx, ESMF_RHandleFromFileEx.F90, line 192
20231026 042143.905 INFO             PET0  Finalizing ESMF
