2023-10-29 02:39:53
20231029 032521.214 INFO             PET0 !!!!!!!!!!!!!!!!!!!!!!!!!!!!!!!!!!!!!!!!!!!!!!!!!!!!!!
20231029 032521.214 INFO             PET0 !!! THE ESMF_LOG IS SET TO OUTPUT ALL LOG MESSAGES !!!
20231029 032521.214 INFO             PET0 !!!     THIS MAY CAUSE SLOWDOWN IN PERFORMANCE     !!!
20231029 032521.214 INFO             PET0 !!! FOR PRODUCTION RUNS, USE:                      !!!
20231029 032521.214 INFO             PET0 !!!                   ESMF_LOGKIND_Multi_On_Error  !!!
20231029 032521.214 INFO             PET0 !!!!!!!!!!!!!!!!!!!!!!!!!!!!!!!!!!!!!!!!!!!!!!!!!!!!!!
20231029 032521.214 INFO             PET0 Running with ESMF Version   : v8.6.0b13
20231029 032521.214 INFO             PET0 ESMF library build date/time: "Oct 29 2023" "02:37:16"
20231029 032521.214 INFO             PET0 ESMF library build location : /glade/derecho/scratch/theurich/ESMF-Nightly-Testing/nvhpc_23.5_mpiuni_g_release_8.6.0/esmf
20231029 032521.214 INFO             PET0 ESMF_COMM                   : mpiuni
20231029 032521.215 INFO             PET0 ESMF_MOAB                   : enabled
20231029 032521.215 INFO             PET0 ESMF_LAPACK                 : enabled
20231029 032521.215 INFO             PET0 ESMF_NETCDF                 : enabled
20231029 032521.215 INFO             PET0 ESMF_PNETCDF                : disabled
20231029 032521.215 INFO             PET0 ESMF_PIO                    : disabled
20231029 032521.215 INFO             PET0 ESMF_YAMLCPP                : enabled
20231029 032521.293 DEBUG            PET0 about to destroy Grid: 0x6be010
20231029 032521.306 DEBUG            PET0 about to destroy Grid: 0x6bfc40
20231029 032521.339 INFO             PET0  NUMBER_OF_PROCESSORS            1
20231029 032521.339 INFO             PET0  PASS  Example ESMF_NUOPCAtmModelEx, ESMF_NUOPCAtmModelEx.F90, line 806
20231029 032521.339 INFO             PET0  Finalizing ESMF
