2023-10-17 11:58:58
20231017 122103.162 INFO             PET0 !!!!!!!!!!!!!!!!!!!!!!!!!!!!!!!!!!!!!!!!!!!!!!!!!!!!!!
20231017 122103.162 INFO             PET0 !!! THE ESMF_LOG IS SET TO OUTPUT ALL LOG MESSAGES !!!
20231017 122103.162 INFO             PET0 !!!     THIS MAY CAUSE SLOWDOWN IN PERFORMANCE     !!!
20231017 122103.162 INFO             PET0 !!! FOR PRODUCTION RUNS, USE:                      !!!
20231017 122103.162 INFO             PET0 !!!                   ESMF_LOGKIND_Multi_On_Error  !!!
20231017 122103.162 INFO             PET0 !!!!!!!!!!!!!!!!!!!!!!!!!!!!!!!!!!!!!!!!!!!!!!!!!!!!!!
20231017 122103.162 INFO             PET0 Running with ESMF Version   : v8.6.0b09-17-g0e3e5c6aab
20231017 122103.162 INFO             PET0 ESMF library build date/time: "Oct 17 2023" "11:57:51"
20231017 122103.162 INFO             PET0 ESMF library build location : /glade/derecho/scratch/theurich/ESMF-Nightly-Testing/intel_2023.0.0-oneAPI_mpiuni_g_feature_devList/esmf
20231017 122103.162 INFO             PET0 ESMF_COMM                   : mpiuni
20231017 122103.163 INFO             PET0 ESMF_MOAB                   : enabled
20231017 122103.163 INFO             PET0 ESMF_LAPACK                 : enabled
20231017 122103.163 INFO             PET0 ESMF_NETCDF                 : enabled
20231017 122103.163 INFO             PET0 ESMF_PNETCDF                : disabled
20231017 122103.163 INFO             PET0 ESMF_PIO                    : disabled
20231017 122103.163 INFO             PET0 ESMF_YAMLCPP                : enabled
20231017 122103.349 INFO             PET0  NUMBER_OF_PROCESSORS           1
20231017 122103.350 INFO             PET0  PASS  Example ESMF_RHandleDynamicMaskingEx, ESMF_RHandleDynamicMaskingEx.F90, line 1116
20231017 122103.350 INFO             PET0  Finalizing ESMF
