2023-10-22 06:53:50
20231022 083629.564 INFO             PET0 !!!!!!!!!!!!!!!!!!!!!!!!!!!!!!!!!!!!!!!!!!!!!!!!!!!!!!
20231022 083629.564 INFO             PET0 !!! THE ESMF_LOG IS SET TO OUTPUT ALL LOG MESSAGES !!!
20231022 083629.564 INFO             PET0 !!!     THIS MAY CAUSE SLOWDOWN IN PERFORMANCE     !!!
20231022 083629.564 INFO             PET0 !!! FOR PRODUCTION RUNS, USE:                      !!!
20231022 083629.564 INFO             PET0 !!!                   ESMF_LOGKIND_Multi_On_Error  !!!
20231022 083629.564 INFO             PET0 !!!!!!!!!!!!!!!!!!!!!!!!!!!!!!!!!!!!!!!!!!!!!!!!!!!!!!
20231022 083629.564 INFO             PET0 Running with ESMF Version   : v8.6.0b10-15-g69098dfbff
20231022 083629.564 INFO             PET0 ESMF library build date/time: "Oct 22 2023" "06:50:21"
20231022 083629.564 INFO             PET0 ESMF library build location : /glade/scratch/theurich/ESMF-Nightly-Testing/nvhpc_22.2_mpt_g_develop/esmf
20231022 083629.564 INFO             PET0 ESMF_COMM                   : mpt
20231022 083629.565 INFO             PET0 ESMF_MOAB                   : enabled
20231022 083629.565 INFO             PET0 ESMF_LAPACK                 : enabled
20231022 083629.565 INFO             PET0 ESMF_NETCDF                 : enabled
20231022 083629.565 INFO             PET0 ESMF_PNETCDF                : disabled
20231022 083629.565 INFO             PET0 ESMF_PIO                    : enabled
20231022 083629.565 INFO             PET0 ESMF_YAMLCPP                : enabled
20231022 083629.565 INFO             PET0  NUMBER_OF_PROCESSORS            1
20231022 083629.565 INFO             PET0  PASS  Example ESMF_TimeIntervalEx, ESMF_TimeIntervalEx.F90, line 176
20231022 083629.565 INFO             PET0  Finalizing ESMF
