2023-10-17 04:03:13
20231017 050628.291 INFO             PET0 !!!!!!!!!!!!!!!!!!!!!!!!!!!!!!!!!!!!!!!!!!!!!!!!!!!!!!
20231017 050628.292 INFO             PET0 !!! THE ESMF_LOG IS SET TO OUTPUT ALL LOG MESSAGES !!!
20231017 050628.292 INFO             PET0 !!!     THIS MAY CAUSE SLOWDOWN IN PERFORMANCE     !!!
20231017 050628.292 INFO             PET0 !!! FOR PRODUCTION RUNS, USE:                      !!!
20231017 050628.292 INFO             PET0 !!!                   ESMF_LOGKIND_Multi_On_Error  !!!
20231017 050628.292 INFO             PET0 !!!!!!!!!!!!!!!!!!!!!!!!!!!!!!!!!!!!!!!!!!!!!!!!!!!!!!
20231017 050628.292 INFO             PET0 Running with ESMF Version   : v8.6.0b09-2-g5cd9f55d8a
20231017 050628.292 INFO             PET0 ESMF library build date/time: "Oct 17 2023" "03:57:18"
20231017 050628.292 INFO             PET0 ESMF library build location : /glade/scratch/theurich/ESMF-Nightly-Testing/intel_18.0.5_openmpi_O_develop/esmf
20231017 050628.292 INFO             PET0 ESMF_COMM                   : openmpi
20231017 050628.292 INFO             PET0 ESMF_MOAB                   : enabled
20231017 050628.292 INFO             PET0 ESMF_LAPACK                 : enabled
20231017 050628.292 INFO             PET0 ESMF_NETCDF                 : enabled
20231017 050628.292 INFO             PET0 ESMF_PNETCDF                : disabled
20231017 050628.292 INFO             PET0 ESMF_PIO                    : enabled
20231017 050628.292 INFO             PET0 ESMF_YAMLCPP                : enabled
20231017 050628.296 INFO             PET0 ESMF_FieldRedistStoreNF(): Just entered routine.
20231017 050628.362 INFO             PET0 ESMF_FieldRedistStoreNF(): Leaving routine.
20231017 050628.387 INFO             PET0  NUMBER_OF_PROCESSORS           4
20231017 050628.387 INFO             PET0  PASS  Example ESMF_RHandleFromFileEx, ESMF_RHandleFromFileEx.F90, line 192
20231017 050628.387 INFO             PET0  Finalizing ESMF
20231017 050628.292 INFO             PET1 !!!!!!!!!!!!!!!!!!!!!!!!!!!!!!!!!!!!!!!!!!!!!!!!!!!!!!
20231017 050628.292 INFO             PET1 !!! THE ESMF_LOG IS SET TO OUTPUT ALL LOG MESSAGES !!!
20231017 050628.292 INFO             PET1 !!!     THIS MAY CAUSE SLOWDOWN IN PERFORMANCE     !!!
20231017 050628.292 INFO             PET1 !!! FOR PRODUCTION RUNS, USE:                      !!!
20231017 050628.292 INFO             PET1 !!!                   ESMF_LOGKIND_Multi_On_Error  !!!
20231017 050628.292 INFO             PET1 !!!!!!!!!!!!!!!!!!!!!!!!!!!!!!!!!!!!!!!!!!!!!!!!!!!!!!
20231017 050628.292 INFO             PET1 Running with ESMF Version   : v8.6.0b09-2-g5cd9f55d8a
20231017 050628.292 INFO             PET1 ESMF library build date/time: "Oct 17 2023" "03:57:18"
20231017 050628.292 INFO             PET1 ESMF library build location : /glade/scratch/theurich/ESMF-Nightly-Testing/intel_18.0.5_openmpi_O_develop/esmf
20231017 050628.292 INFO             PET1 ESMF_COMM                   : openmpi
20231017 050628.292 INFO             PET1 ESMF_MOAB                   : enabled
20231017 050628.292 INFO             PET1 ESMF_LAPACK                 : enabled
20231017 050628.292 INFO             PET1 ESMF_NETCDF                 : enabled
20231017 050628.292 INFO             PET1 ESMF_PNETCDF                : disabled
20231017 050628.292 INFO             PET1 ESMF_PIO                    : enabled
20231017 050628.292 INFO             PET1 ESMF_YAMLCPP                : enabled
20231017 050628.295 INFO             PET1 ESMF_FieldRedistStoreNF(): Just entered routine.
20231017 050628.362 INFO             PET1 ESMF_FieldRedistStoreNF(): Leaving routine.
20231017 050628.387 INFO             PET1  NUMBER_OF_PROCESSORS           4
20231017 050628.387 INFO             PET1  PASS  Example ESMF_RHandleFromFileEx, ESMF_RHandleFromFileEx.F90, line 192
20231017 050628.387 INFO             PET1  Finalizing ESMF
20231017 050628.291 INFO             PET2 !!!!!!!!!!!!!!!!!!!!!!!!!!!!!!!!!!!!!!!!!!!!!!!!!!!!!!
20231017 050628.291 INFO             PET2 !!! THE ESMF_LOG IS SET TO OUTPUT ALL LOG MESSAGES !!!
20231017 050628.291 INFO             PET2 !!!     THIS MAY CAUSE SLOWDOWN IN PERFORMANCE     !!!
20231017 050628.291 INFO             PET2 !!! FOR PRODUCTION RUNS, USE:                      !!!
20231017 050628.291 INFO             PET2 !!!                   ESMF_LOGKIND_Multi_On_Error  !!!
20231017 050628.291 INFO             PET2 !!!!!!!!!!!!!!!!!!!!!!!!!!!!!!!!!!!!!!!!!!!!!!!!!!!!!!
20231017 050628.291 INFO             PET2 Running with ESMF Version   : v8.6.0b09-2-g5cd9f55d8a
20231017 050628.291 INFO             PET2 ESMF library build date/time: "Oct 17 2023" "03:57:18"
20231017 050628.291 INFO             PET2 ESMF library build location : /glade/scratch/theurich/ESMF-Nightly-Testing/intel_18.0.5_openmpi_O_develop/esmf
20231017 050628.291 INFO             PET2 ESMF_COMM                   : openmpi
20231017 050628.291 INFO             PET2 ESMF_MOAB                   : enabled
20231017 050628.291 INFO             PET2 ESMF_LAPACK                 : enabled
20231017 050628.291 INFO             PET2 ESMF_NETCDF                 : enabled
20231017 050628.291 INFO             PET2 ESMF_PNETCDF                : disabled
20231017 050628.291 INFO             PET2 ESMF_PIO                    : enabled
20231017 050628.291 INFO             PET2 ESMF_YAMLCPP                : enabled
20231017 050628.295 INFO             PET2 ESMF_FieldRedistStoreNF(): Just entered routine.
20231017 050628.362 INFO             PET2 ESMF_FieldRedistStoreNF(): Leaving routine.
20231017 050628.387 INFO             PET2  NUMBER_OF_PROCESSORS           4
20231017 050628.387 INFO             PET2  PASS  Example ESMF_RHandleFromFileEx, ESMF_RHandleFromFileEx.F90, line 192
20231017 050628.387 INFO             PET2  Finalizing ESMF
20231017 050628.291 INFO             PET3 !!!!!!!!!!!!!!!!!!!!!!!!!!!!!!!!!!!!!!!!!!!!!!!!!!!!!!
20231017 050628.291 INFO             PET3 !!! THE ESMF_LOG IS SET TO OUTPUT ALL LOG MESSAGES !!!
20231017 050628.291 INFO             PET3 !!!     THIS MAY CAUSE SLOWDOWN IN PERFORMANCE     !!!
20231017 050628.291 INFO             PET3 !!! FOR PRODUCTION RUNS, USE:                      !!!
20231017 050628.291 INFO             PET3 !!!                   ESMF_LOGKIND_Multi_On_Error  !!!
20231017 050628.291 INFO             PET3 !!!!!!!!!!!!!!!!!!!!!!!!!!!!!!!!!!!!!!!!!!!!!!!!!!!!!!
20231017 050628.291 INFO             PET3 Running with ESMF Version   : v8.6.0b09-2-g5cd9f55d8a
20231017 050628.291 INFO             PET3 ESMF library build date/time: "Oct 17 2023" "03:57:18"
20231017 050628.291 INFO             PET3 ESMF library build location : /glade/scratch/theurich/ESMF-Nightly-Testing/intel_18.0.5_openmpi_O_develop/esmf
20231017 050628.291 INFO             PET3 ESMF_COMM                   : openmpi
20231017 050628.292 INFO             PET3 ESMF_MOAB                   : enabled
20231017 050628.292 INFO             PET3 ESMF_LAPACK                 : enabled
20231017 050628.292 INFO             PET3 ESMF_NETCDF                 : enabled
20231017 050628.292 INFO             PET3 ESMF_PNETCDF                : disabled
20231017 050628.292 INFO             PET3 ESMF_PIO                    : enabled
20231017 050628.292 INFO             PET3 ESMF_YAMLCPP                : enabled
20231017 050628.296 INFO             PET3 ESMF_FieldRedistStoreNF(): Just entered routine.
20231017 050628.362 INFO             PET3 ESMF_FieldRedistStoreNF(): Leaving routine.
20231017 050628.387 INFO             PET3  NUMBER_OF_PROCESSORS           4
20231017 050628.387 INFO             PET3  PASS  Example ESMF_RHandleFromFileEx, ESMF_RHandleFromFileEx.F90, line 192
20231017 050628.387 INFO             PET3  Finalizing ESMF
