2023-10-06 05:42:29
20231006 061007.791 INFO             PET0 !!!!!!!!!!!!!!!!!!!!!!!!!!!!!!!!!!!!!!!!!!!!!!!!!!!!!!
20231006 061007.791 INFO             PET0 !!! THE ESMF_LOG IS SET TO OUTPUT ALL LOG MESSAGES !!!
20231006 061007.791 INFO             PET0 !!!     THIS MAY CAUSE SLOWDOWN IN PERFORMANCE     !!!
20231006 061007.791 INFO             PET0 !!! FOR PRODUCTION RUNS, USE:                      !!!
20231006 061007.791 INFO             PET0 !!!                   ESMF_LOGKIND_Multi_On_Error  !!!
20231006 061007.791 INFO             PET0 !!!!!!!!!!!!!!!!!!!!!!!!!!!!!!!!!!!!!!!!!!!!!!!!!!!!!!
20231006 061007.791 INFO             PET0 Running with ESMF Version   : v8.6.0b07-60-gf7c6356b83
20231006 061007.791 INFO             PET0 ESMF library build date/time: "Oct  6 2023" "05:41:17"
20231006 061007.791 INFO             PET0 ESMF library build location : /home/gerhard/ESMF-Nightly-Testing/gfortran_11.2.0_mpich_g_develop/esmf
20231006 061007.791 INFO             PET0 ESMF_COMM                   : mpich
20231006 061007.791 INFO             PET0 ESMF_MOAB                   : enabled
20231006 061007.791 INFO             PET0 ESMF_LAPACK                 : enabled
20231006 061007.791 INFO             PET0 ESMF_NETCDF                 : enabled
20231006 061007.791 INFO             PET0 ESMF_PNETCDF                : disabled
20231006 061007.791 INFO             PET0 ESMF_PIO                    : enabled
20231006 061007.791 INFO             PET0 ESMF_YAMLCPP                : enabled
20231006 061007.791 INFO             PET0 esmApp STARTING
20231006 061007.795 INFO             PET0 esm: InitializeGeneric intro.
20231006 061007.795 INFO             PET0   esm: InitializeP0 intro.
20231006 061007.795 INFO             PET0   esm: InitializeP0 extro.
20231006 061007.795 INFO             PET0   esm: InitializeIPDv02p1 intro.
20231006 061007.795 INFO             PET0     >>>esm: entered Initialize (phase=<none>) without valid internal Clock.
20231006 061007.797 INFO             PET0     esm - Creating model component ATM with petList of size 2 :
20231006 061007.797 INFO             PET0           0      1
20231006 061007.800 INFO             PET0     esm - Creating model component OCN with petList of size 2 :
20231006 061007.800 INFO             PET0           2      3
20231006 061007.801 INFO             PET0     esm - Creating connector component ATM-TO-OCN with petList of size 4 :
20231006 061007.801 INFO             PET0           0      1      2      3
20231006 061007.808 INFO             PET0     esm - Creating connector component OCN-TO-ATM with petList of size 4 :
20231006 061007.808 INFO             PET0           2      3      0      1
20231006 061007.815 INFO             PET0     esm - Creating state: modelComp 1 Import State
20231006 061007.815 INFO             PET0     esm - Creating state: modelComp 1 Export State
20231006 061007.815 INFO             PET0     esm - Creating state: modelComp 2 Import State
20231006 061007.815 INFO             PET0     esm - Creating state: modelComp 2 Export State
20231006 061007.816 INFO             PET0     ATM: InitializeP0 intro.
20231006 061007.817 INFO             PET0     ATM: InitializeP0 extro.
20231006 061007.824 INFO             PET0     ATM-TO-OCN: InitializeP0 intro.
20231006 061007.825 INFO             PET0     ATM-TO-OCN: InitializeP0 extro.
20231006 061007.827 INFO             PET0     OCN-TO-ATM: InitializeP0 intro.
20231006 061007.828 INFO             PET0     OCN-TO-ATM: InitializeP0 extro.
20231006 061007.833 INFO             PET0     esm: IInitAdvertise intro.
20231006 061007.833 INFO             PET0     esm: IInitAdvertise extro.
20231006 061007.833 INFO             PET0     ATM: InitializeIPDvXp01 intro.
20231006 061007.836 INFO             PET0     ATM: InitializeIPDvXp01 extro.
20231006 061007.841 INFO             PET0     ATM-TO-OCN: InitializeIPDv05p1 intro.
20231006 061007.851 INFO             PET0     ATM-TO-OCN: InitializeIPDv05p1 extro.
20231006 061007.852 INFO             PET0     OCN-TO-ATM: InitializeIPDv05p1 intro.
20231006 061007.856 INFO             PET0     OCN-TO-ATM: InitializeIPDv05p1 extro.
20231006 061007.857 INFO             PET0     esm: IInitAdvertiseFinish intro.
20231006 061007.857 INFO             PET0     esm: IInitAdvertiseFinish extro.
20231006 061007.857 INFO             PET0     ATM-TO-OCN: InitializeIPDv05p2a intro.
20231006 061007.868 INFO             PET0     ATM-TO-OCN: InitializeIPDv05p2a extro.
20231006 061007.868 INFO             PET0     OCN-TO-ATM: InitializeIPDv05p2a intro.
20231006 061007.873 INFO             PET0     OCN-TO-ATM: InitializeIPDv05p2a extro.
20231006 061007.873 INFO             PET0     ATM-TO-OCN: InitializeIPDv05p2b intro.
20231006 061007.884 INFO             PET0     ATM-TO-OCN: InitializeIPDv05p2b extro.
20231006 061007.884 INFO             PET0     OCN-TO-ATM: InitializeIPDv05p2b intro.
20231006 061007.889 INFO             PET0     OCN-TO-ATM: InitializeIPDv05p2b extro.
20231006 061007.889 INFO             PET0     esm: IInitModifyCplLists intro.
20231006 061007.890 INFO             PET0       Driver is in ModifyCplLists()
20231006 061007.890 INFO             PET0        Found            2  Connectors. Modifying CplList Attribute....
20231006 061007.890 INFO             PET0        Modifying cplList Attribute on ATM-TO-OCN: air_pressure_at_sea_level
20231006 061007.890 INFO             PET0        Modified: air_pressure_at_sea_level:REMAPMETHOD=redist
20231006 061007.890 INFO             PET0        Modifying cplList Attribute on ATM-TO-OCN: surface_net_downward_longwave_flux
20231006 061007.890 INFO             PET0        Modified: surface_net_downward_longwave_flux:REMAPMETHOD=bilinear:SrcTermProcessing=1:DUMPWEIGHTS=true:TermOrder=SrcSeq
20231006 061007.890 INFO             PET0        Modifying cplList Attribute on ATM-TO-OCN: surface_net_downward_shortwave_flux
20231006 061007.890 INFO             PET0        Modified: surface_net_downward_shortwave_flux:REMAPMETHOD=redist
20231006 061007.890 INFO             PET0        Modifying cplList Attribute on ATM-TO-OCN: surface_downward_heat_flux_in_air
20231006 061007.890 INFO             PET0        Modified: surface_downward_heat_flux_in_air:REMAPMETHOD=bilinear:SrcTermProcessing=1:DUMPWEIGHTS=true:TermOrder=SrcSeq
20231006 061007.890 INFO             PET0        Modifying cplList Attribute on OCN-TO-ATM: sea_surface_temperature
20231006 061007.890 INFO             PET0        Modified: sea_surface_temperature:REMAPMETHOD=bilinear:SrcTermProcessing=1:DUMPWEIGHTS=true:TermOrder=SrcSeq
20231006 061007.890 INFO             PET0     esm: IInitModifyCplLists extro.
20231006 061007.890 INFO             PET0     ATM-TO-OCN: InitializeIPDv05p3 intro.
20231006 061007.898 INFO             PET0     ATM-TO-OCN: InitializeIPDv05p3 extro.
20231006 061007.898 INFO             PET0     OCN-TO-ATM: InitializeIPDv05p3 intro.
20231006 061007.902 INFO             PET0     OCN-TO-ATM: InitializeIPDv05p3 extro.
20231006 061007.902 INFO             PET0     <<<esm: leaving Initialize (phase=<none>) with current time: 2010  6  1  0  0  0   0
20231006 061007.902 INFO             PET0   esm: InitializeIPDv02p1 extro.
20231006 061007.902 INFO             PET0   esm: InitializeIPDv02p3 intro.
20231006 061007.902 INFO             PET0     >>>esm: entered Initialize (phase=<none>) with current time: 2010  6  1  0  0  0   0
20231006 061007.903 INFO             PET0     esm: IInitCheck intro.
20231006 061007.903 INFO             PET0     esm: IInitCheck extro.
20231006 061007.903 INFO             PET0     ATM: InitializeIPDvXp04 intro.
20231006 061007.909 INFO             PET0     ATM: InitializeIPDvXp04 extro.
20231006 061007.911 INFO             PET0     ATM-TO-OCN: InitializeIPDv05p4 intro.
20231006 061007.932 INFO             PET0     ATM-TO-OCN: InitializeIPDv05p4 extro.
20231006 061007.932 INFO             PET0     OCN-TO-ATM: InitializeIPDv05p4 intro.
20231006 061007.937 INFO             PET0     OCN-TO-ATM: InitializeIPDv05p4 extro.
20231006 061007.937 INFO             PET0     ATM-TO-OCN: InitializeIPDv05p5 intro.
20231006 061007.951 INFO             PET0     ATM-TO-OCN: InitializeIPDv05p5 extro.
20231006 061007.951 INFO             PET0     OCN-TO-ATM: InitializeIPDv05p5 intro.
20231006 061007.956 INFO             PET0     OCN-TO-ATM: InitializeIPDv05p5 extro.
20231006 061007.957 INFO             PET0     esm: IInitRealize intro.
20231006 061007.957 INFO             PET0     esm: IInitRealize extro.
20231006 061007.957 INFO             PET0     ATM-TO-OCN: InitializeIPDv05p6a intro.
20231006 061007.971 INFO             PET0     ATM-TO-OCN: InitializeIPDv05p6a extro.
20231006 061007.971 INFO             PET0     OCN-TO-ATM: InitializeIPDv05p6a intro.
20231006 061007.977 INFO             PET0     OCN-TO-ATM: InitializeIPDv05p6a extro.
20231006 061007.977 INFO             PET0     ATM-TO-OCN: InitializeIPDv05p6b intro.
20231006 061008.502 INFO             PET0     ATM-TO-OCN: InitializeIPDv05p6b extro.
20231006 061008.503 INFO             PET0     OCN-TO-ATM: InitializeIPDv05p6b intro.
20231006 061009.025 INFO             PET0     OCN-TO-ATM: InitializeIPDv05p6b extro.
20231006 061009.025 INFO             PET0     ATM: InitializeIPDvXp07 intro.
20231006 061009.026 INFO             PET0     ATM: InitializeIPDvXp07 extro.
20231006 061009.026 INFO             PET0     <<<esm: leaving Initialize (phase=<none>) with current time: 2010  6  1  0  0  0   0
20231006 061009.026 INFO             PET0   esm: InitializeIPDv02p3 extro.
20231006 061009.026 INFO             PET0   esm: InitializeIPDv02p5 intro.
20231006 061009.026 INFO             PET0     >>>esm: entered Initialize (phase=<none>) with current time: 2010  6  1  0  0  0   0
20231006 061009.026 INFO             PET0     esm: this is a top level driver, no 'Updated' and 'InitializeDataComplete' info on this level.
20231006 061009.026 INFO             PET0     esm: InitializeIPDv02p5Data intro.
20231006 061009.026 INFO             PET0       esm: InternalInitializeComplete intro.
20231006 061009.027 INFO             PET0         esm: InitializeDataComplete='true'
20231006 061009.027 INFO             PET0       esm: InternalInitializeComplete extro.
20231006 061009.027 INFO             PET0       ATM: InitializeIPDv01p5 intro.
20231006 061009.027 INFO             PET0       ATM: InitializeIPDv01p5 extro.
20231006 061009.029 INFO             PET0       esm: components present that trigger loopDataDependentInitialize().
20231006 061009.030 INFO             PET0       esm: loopDataDependentInitialize intro.
20231006 061009.030 INFO             PET0         esm: component    0=esm, dataComplete (local): true
20231006 061009.030 INFO             PET0         esm: component    0=esm, dataComplete (global): T
20231006 061009.030 INFO             PET0         esm: component    1=ATM, dataComplete (local): true
20231006 061009.030 INFO             PET0         esm: component    1=ATM, dataComplete (global): T
20231006 061009.030 INFO             PET0         esm: component    2=OCN, dataComplete (local): true
20231006 061009.030 INFO             PET0         esm: component    2=OCN, dataComplete (global): T
20231006 061009.030 INFO             PET0         esm: someProgress=F, allComplete=T, present(dataDepAllComplete)=T
20231006 061009.030 INFO             PET0         esm: finished resolving initialize data dependencies on this level.
20231006 061009.030 INFO             PET0       esm: loopDataDependentInitialize extro.
20231006 061009.030 INFO             PET0       esm: loopDataDependentInitialize() returned with dataDepAllComplete: T
20231006 061009.030 INFO             PET0     esm: InitializeIPDv02p5Data extro.
20231006 061009.030 INFO             PET0     <<<esm: leaving Initialize (phase=<none>) with current time: 2010  6  1  0  0  0   0
20231006 061009.030 INFO             PET0   esm: InitializeIPDv02p5 extro.
20231006 061009.030 INFO             PET0 esm: InitializeGeneric extro.
20231006 061009.030 INFO             PET0 esm: Run intro.
20231006 061009.030 INFO             PET0   >>>esm entered Run (phase=RunPhase1) with current time: 2010  6  1  0  0  0   0
20231006 061009.030 INFO             PET0   esm: after lable_SetRunClock, current time: 2010  6  1  0  0  0   0
20231006 061009.031 INFO             PET0   esm: begin -------> RunSequence.
20231006 061009.031 INFO             PET0     esm: RunSequence event loopLevel=   1  levelMember=   1  loopIteration=   1, current time: 2010  6  1  0  0  0   0
20231006 061009.031 INFO             PET0     ATM-TO-OCN: Run intro.
20231006 061009.032 INFO             PET0     ATM-TO-OCN: Run extro.
20231006 061009.032 INFO             PET0     OCN-TO-ATM: Run intro.
20231006 061009.034 INFO             PET0     OCN-TO-ATM: Run extro.
20231006 061009.035 INFO             PET0     ATM: Run intro.
20231006 061009.035 INFO             PET0       ------>Advancing ATM from: 2010  6  1  0  0  0   0
20231006 061009.035 INFO             PET0       ---------------------> to: 2010  6  1  0 15  0   0
20231006 061009.047 INFO             PET0     ATM: Run extro.
20231006 061009.047 INFO             PET0     esm: RunSequence event loopLevel=   1  levelMember=   1  loopIteration=   2, current time: 2010  6  1  0 15  0   0
20231006 061009.047 INFO             PET0     ATM-TO-OCN: Run intro.
20231006 061009.048 INFO             PET0     ATM-TO-OCN: Run extro.
20231006 061009.048 INFO             PET0     OCN-TO-ATM: Run intro.
20231006 061009.072 INFO             PET0     OCN-TO-ATM: Run extro.
20231006 061009.072 INFO             PET0     ATM: Run intro.
20231006 061009.073 INFO             PET0       ------>Advancing ATM from: 2010  6  1  0 15  0   0
20231006 061009.073 INFO             PET0       ---------------------> to: 2010  6  1  0 30  0   0
20231006 061009.091 INFO             PET0     ATM: Run extro.
20231006 061009.091 INFO             PET0     esm: RunSequence event loopLevel=   1  levelMember=   1  loopIteration=   3, current time: 2010  6  1  0 30  0   0
20231006 061009.091 INFO             PET0     ATM-TO-OCN: Run intro.
20231006 061009.092 INFO             PET0     ATM-TO-OCN: Run extro.
20231006 061009.092 INFO             PET0     OCN-TO-ATM: Run intro.
20231006 061009.113 INFO             PET0     OCN-TO-ATM: Run extro.
20231006 061009.114 INFO             PET0     ATM: Run intro.
20231006 061009.114 INFO             PET0       ------>Advancing ATM from: 2010  6  1  0 30  0   0
20231006 061009.114 INFO             PET0       ---------------------> to: 2010  6  1  0 45  0   0
20231006 061009.125 INFO             PET0     ATM: Run extro.
20231006 061009.125 INFO             PET0     esm: RunSequence event loopLevel=   1  levelMember=   1  loopIteration=   4, current time: 2010  6  1  0 45  0   0
20231006 061009.125 INFO             PET0     ATM-TO-OCN: Run intro.
20231006 061009.126 INFO             PET0     ATM-TO-OCN: Run extro.
20231006 061009.126 INFO             PET0     OCN-TO-ATM: Run intro.
20231006 061009.147 INFO             PET0     OCN-TO-ATM: Run extro.
20231006 061009.148 INFO             PET0     ATM: Run intro.
20231006 061009.148 INFO             PET0       ------>Advancing ATM from: 2010  6  1  0 45  0   0
20231006 061009.148 INFO             PET0       ---------------------> to: 2010  6  1  1  0  0   0
20231006 061009.159 INFO             PET0     ATM: Run extro.
20231006 061009.159 INFO             PET0   esm: end <--------- RunSequence
20231006 061009.159 INFO             PET0   <<<esm - leaving Run with current time: 2010  6  1  1  0  0   0
20231006 061009.159 INFO             PET0 esm: Run extro.
20231006 061009.159 INFO             PET0 esm: Finalize intro.
20231006 061009.160 INFO             PET0   Calling Finalize phase 1 for connectorComp: ATM-TO-OCN
20231006 061009.160 INFO             PET0   ATM-TO-OCN: Finalize intro.
20231006 061009.160 INFO             PET0   ATM-TO-OCN: Finalize extro.
20231006 061009.160 INFO             PET0   Calling Finalize phase 1 for connectorComp: OCN-TO-ATM
20231006 061009.160 INFO             PET0   OCN-TO-ATM: Finalize intro.
20231006 061009.160 INFO             PET0   OCN-TO-ATM: Finalize extro.
20231006 061009.160 INFO             PET0   Calling Finalize phase 1 for modelComp: ATM
20231006 061009.161 INFO             PET0   ATM: Finalize intro.
20231006 061009.161 INFO             PET0   ATM: Finalize extro.
20231006 061009.161 INFO             PET0   Calling Finalize phase 1 for modelComp: OCN
20231006 061009.161 INFO             PET0   Delete modelComp: ATM
20231006 061009.161 INFO             PET0   Delete Import-/Export State for modelComp: ATM
20231006 061009.161 INFO             PET0   Delete modelComp: OCN
20231006 061009.161 INFO             PET0   Delete Import-/Export State for modelComp: OCN
20231006 061009.161 INFO             PET0   Delete connectorComp: ATM-TO-OCN
20231006 061009.161 INFO             PET0   Delete connectorComp: OCN-TO-ATM
20231006 061009.161 INFO             PET0 esm: Finalize extro.
20231006 061009.161 INFO             PET0 esmApp FINISHED
20231006 061009.161 INFO             PET0 Finalizing ESMF
20231006 061007.791 INFO             PET1 !!!!!!!!!!!!!!!!!!!!!!!!!!!!!!!!!!!!!!!!!!!!!!!!!!!!!!
20231006 061007.791 INFO             PET1 !!! THE ESMF_LOG IS SET TO OUTPUT ALL LOG MESSAGES !!!
20231006 061007.791 INFO             PET1 !!!     THIS MAY CAUSE SLOWDOWN IN PERFORMANCE     !!!
20231006 061007.791 INFO             PET1 !!! FOR PRODUCTION RUNS, USE:                      !!!
20231006 061007.791 INFO             PET1 !!!                   ESMF_LOGKIND_Multi_On_Error  !!!
20231006 061007.791 INFO             PET1 !!!!!!!!!!!!!!!!!!!!!!!!!!!!!!!!!!!!!!!!!!!!!!!!!!!!!!
20231006 061007.791 INFO             PET1 Running with ESMF Version   : v8.6.0b07-60-gf7c6356b83
20231006 061007.791 INFO             PET1 ESMF library build date/time: "Oct  6 2023" "05:41:17"
20231006 061007.791 INFO             PET1 ESMF library build location : /home/gerhard/ESMF-Nightly-Testing/gfortran_11.2.0_mpich_g_develop/esmf
20231006 061007.791 INFO             PET1 ESMF_COMM                   : mpich
20231006 061007.791 INFO             PET1 ESMF_MOAB                   : enabled
20231006 061007.791 INFO             PET1 ESMF_LAPACK                 : enabled
20231006 061007.791 INFO             PET1 ESMF_NETCDF                 : enabled
20231006 061007.791 INFO             PET1 ESMF_PNETCDF                : disabled
20231006 061007.791 INFO             PET1 ESMF_PIO                    : enabled
20231006 061007.791 INFO             PET1 ESMF_YAMLCPP                : enabled
20231006 061007.791 INFO             PET1 esmApp STARTING
20231006 061007.797 INFO             PET1 esm: InitializeGeneric intro.
20231006 061007.797 INFO             PET1   esm: InitializeP0 intro.
20231006 061007.797 INFO             PET1   esm: InitializeP0 extro.
20231006 061007.797 INFO             PET1   esm: InitializeIPDv02p1 intro.
20231006 061007.797 INFO             PET1     >>>esm: entered Initialize (phase=<none>) without valid internal Clock.
20231006 061007.797 INFO             PET1     esm - Creating model component ATM with petList of size 2 :
20231006 061007.797 INFO             PET1           0      1
20231006 061007.800 INFO             PET1     esm - Creating model component OCN with petList of size 2 :
20231006 061007.800 INFO             PET1           2      3
20231006 061007.801 INFO             PET1     esm - Creating connector component ATM-TO-OCN with petList of size 4 :
20231006 061007.801 INFO             PET1           0      1      2      3
20231006 061007.810 INFO             PET1     esm - Creating connector component OCN-TO-ATM with petList of size 4 :
20231006 061007.810 INFO             PET1           2      3      0      1
20231006 061007.817 INFO             PET1     esm - Creating state: modelComp 1 Import State
20231006 061007.817 INFO             PET1     esm - Creating state: modelComp 1 Export State
20231006 061007.818 INFO             PET1     esm - Creating state: modelComp 2 Import State
20231006 061007.818 INFO             PET1     esm - Creating state: modelComp 2 Export State
20231006 061007.820 INFO             PET1     ATM: InitializeP0 intro.
20231006 061007.821 INFO             PET1     ATM: InitializeP0 extro.
20231006 061007.824 INFO             PET1     ATM-TO-OCN: InitializeP0 intro.
20231006 061007.825 INFO             PET1     ATM-TO-OCN: InitializeP0 extro.
20231006 061007.828 INFO             PET1     OCN-TO-ATM: InitializeP0 intro.
20231006 061007.829 INFO             PET1     OCN-TO-ATM: InitializeP0 extro.
20231006 061007.834 INFO             PET1     esm: IInitAdvertise intro.
20231006 061007.834 INFO             PET1     esm: IInitAdvertise extro.
20231006 061007.834 INFO             PET1     ATM: InitializeIPDvXp01 intro.
20231006 061007.839 INFO             PET1     ATM: InitializeIPDvXp01 extro.
20231006 061007.842 INFO             PET1     ATM-TO-OCN: InitializeIPDv05p1 intro.
20231006 061007.852 INFO             PET1     ATM-TO-OCN: InitializeIPDv05p1 extro.
20231006 061007.852 INFO             PET1     OCN-TO-ATM: InitializeIPDv05p1 intro.
20231006 061007.857 INFO             PET1     OCN-TO-ATM: InitializeIPDv05p1 extro.
20231006 061007.857 INFO             PET1     esm: IInitAdvertiseFinish intro.
20231006 061007.857 INFO             PET1     esm: IInitAdvertiseFinish extro.
20231006 061007.857 INFO             PET1     ATM-TO-OCN: InitializeIPDv05p2a intro.
20231006 061007.868 INFO             PET1     ATM-TO-OCN: InitializeIPDv05p2a extro.
20231006 061007.868 INFO             PET1     OCN-TO-ATM: InitializeIPDv05p2a intro.
20231006 061007.873 INFO             PET1     OCN-TO-ATM: InitializeIPDv05p2a extro.
20231006 061007.873 INFO             PET1     ATM-TO-OCN: InitializeIPDv05p2b intro.
20231006 061007.884 INFO             PET1     ATM-TO-OCN: InitializeIPDv05p2b extro.
20231006 061007.884 INFO             PET1     OCN-TO-ATM: InitializeIPDv05p2b intro.
20231006 061007.890 INFO             PET1     OCN-TO-ATM: InitializeIPDv05p2b extro.
20231006 061007.890 INFO             PET1     esm: IInitModifyCplLists intro.
20231006 061007.890 INFO             PET1       Driver is in ModifyCplLists()
20231006 061007.890 INFO             PET1        Found            2  Connectors. Modifying CplList Attribute....
20231006 061007.890 INFO             PET1        Modifying cplList Attribute on ATM-TO-OCN: air_pressure_at_sea_level
20231006 061007.890 INFO             PET1        Modified: air_pressure_at_sea_level:REMAPMETHOD=redist
20231006 061007.890 INFO             PET1        Modifying cplList Attribute on ATM-TO-OCN: surface_net_downward_longwave_flux
20231006 061007.890 INFO             PET1        Modified: surface_net_downward_longwave_flux:REMAPMETHOD=bilinear:SrcTermProcessing=1:DUMPWEIGHTS=true:TermOrder=SrcSeq
20231006 061007.890 INFO             PET1        Modifying cplList Attribute on ATM-TO-OCN: surface_net_downward_shortwave_flux
20231006 061007.890 INFO             PET1        Modified: surface_net_downward_shortwave_flux:REMAPMETHOD=redist
20231006 061007.890 INFO             PET1        Modifying cplList Attribute on ATM-TO-OCN: surface_downward_heat_flux_in_air
20231006 061007.890 INFO             PET1        Modified: surface_downward_heat_flux_in_air:REMAPMETHOD=bilinear:SrcTermProcessing=1:DUMPWEIGHTS=true:TermOrder=SrcSeq
20231006 061007.890 INFO             PET1        Modifying cplList Attribute on OCN-TO-ATM: sea_surface_temperature
20231006 061007.890 INFO             PET1        Modified: sea_surface_temperature:REMAPMETHOD=bilinear:SrcTermProcessing=1:DUMPWEIGHTS=true:TermOrder=SrcSeq
20231006 061007.890 INFO             PET1     esm: IInitModifyCplLists extro.
20231006 061007.891 INFO             PET1     ATM-TO-OCN: InitializeIPDv05p3 intro.
20231006 061007.898 INFO             PET1     ATM-TO-OCN: InitializeIPDv05p3 extro.
20231006 061007.898 INFO             PET1     OCN-TO-ATM: InitializeIPDv05p3 intro.
20231006 061007.902 INFO             PET1     OCN-TO-ATM: InitializeIPDv05p3 extro.
20231006 061007.902 INFO             PET1     <<<esm: leaving Initialize (phase=<none>) with current time: 2010  6  1  0  0  0   0
20231006 061007.902 INFO             PET1   esm: InitializeIPDv02p1 extro.
20231006 061007.902 INFO             PET1   esm: InitializeIPDv02p3 intro.
20231006 061007.902 INFO             PET1     >>>esm: entered Initialize (phase=<none>) with current time: 2010  6  1  0  0  0   0
20231006 061007.903 INFO             PET1     esm: IInitCheck intro.
20231006 061007.903 INFO             PET1     esm: IInitCheck extro.
20231006 061007.903 INFO             PET1     ATM: InitializeIPDvXp04 intro.
20231006 061007.910 INFO             PET1     ATM: InitializeIPDvXp04 extro.
20231006 061007.912 INFO             PET1     ATM-TO-OCN: InitializeIPDv05p4 intro.
20231006 061007.931 INFO             PET1     ATM-TO-OCN: InitializeIPDv05p4 extro.
20231006 061007.932 INFO             PET1     OCN-TO-ATM: InitializeIPDv05p4 intro.
20231006 061007.937 INFO             PET1     OCN-TO-ATM: InitializeIPDv05p4 extro.
20231006 061007.937 INFO             PET1     ATM-TO-OCN: InitializeIPDv05p5 intro.
20231006 061007.951 INFO             PET1     ATM-TO-OCN: InitializeIPDv05p5 extro.
20231006 061007.951 INFO             PET1     OCN-TO-ATM: InitializeIPDv05p5 intro.
20231006 061007.956 INFO             PET1     OCN-TO-ATM: InitializeIPDv05p5 extro.
20231006 061007.957 INFO             PET1     esm: IInitRealize intro.
20231006 061007.957 INFO             PET1     esm: IInitRealize extro.
20231006 061007.957 INFO             PET1     ATM-TO-OCN: InitializeIPDv05p6a intro.
20231006 061007.971 INFO             PET1     ATM-TO-OCN: InitializeIPDv05p6a extro.
20231006 061007.971 INFO             PET1     OCN-TO-ATM: InitializeIPDv05p6a intro.
20231006 061007.977 INFO             PET1     OCN-TO-ATM: InitializeIPDv05p6a extro.
20231006 061007.977 INFO             PET1     ATM-TO-OCN: InitializeIPDv05p6b intro.
20231006 061008.502 INFO             PET1     ATM-TO-OCN: InitializeIPDv05p6b extro.
20231006 061008.503 INFO             PET1     OCN-TO-ATM: InitializeIPDv05p6b intro.
20231006 061009.025 INFO             PET1     OCN-TO-ATM: InitializeIPDv05p6b extro.
20231006 061009.026 INFO             PET1     ATM: InitializeIPDvXp07 intro.
20231006 061009.026 INFO             PET1     ATM: InitializeIPDvXp07 extro.
20231006 061009.026 INFO             PET1     <<<esm: leaving Initialize (phase=<none>) with current time: 2010  6  1  0  0  0   0
20231006 061009.026 INFO             PET1   esm: InitializeIPDv02p3 extro.
20231006 061009.026 INFO             PET1   esm: InitializeIPDv02p5 intro.
20231006 061009.026 INFO             PET1     >>>esm: entered Initialize (phase=<none>) with current time: 2010  6  1  0  0  0   0
20231006 061009.026 INFO             PET1     esm: this is a top level driver, no 'Updated' and 'InitializeDataComplete' info on this level.
20231006 061009.026 INFO             PET1     esm: InitializeIPDv02p5Data intro.
20231006 061009.027 INFO             PET1       esm: InternalInitializeComplete intro.
20231006 061009.027 INFO             PET1         esm: InitializeDataComplete='true'
20231006 061009.027 INFO             PET1       esm: InternalInitializeComplete extro.
20231006 061009.027 INFO             PET1       ATM: InitializeIPDv01p5 intro.
20231006 061009.027 INFO             PET1       ATM: InitializeIPDv01p5 extro.
20231006 061009.029 INFO             PET1       esm: components present that trigger loopDataDependentInitialize().
20231006 061009.030 INFO             PET1       esm: loopDataDependentInitialize intro.
20231006 061009.030 INFO             PET1         esm: component    0=esm, dataComplete (local): true
20231006 061009.030 INFO             PET1         esm: component    0=esm, dataComplete (global): T
20231006 061009.030 INFO             PET1         esm: component    1=ATM, dataComplete (local): true
20231006 061009.030 INFO             PET1         esm: component    1=ATM, dataComplete (global): T
20231006 061009.030 INFO             PET1         esm: component    2=OCN, dataComplete (local): true
20231006 061009.030 INFO             PET1         esm: component    2=OCN, dataComplete (global): T
20231006 061009.030 INFO             PET1         esm: someProgress=F, allComplete=T, present(dataDepAllComplete)=T
20231006 061009.030 INFO             PET1         esm: finished resolving initialize data dependencies on this level.
20231006 061009.030 INFO             PET1       esm: loopDataDependentInitialize extro.
20231006 061009.030 INFO             PET1       esm: loopDataDependentInitialize() returned with dataDepAllComplete: T
20231006 061009.030 INFO             PET1     esm: InitializeIPDv02p5Data extro.
20231006 061009.030 INFO             PET1     <<<esm: leaving Initialize (phase=<none>) with current time: 2010  6  1  0  0  0   0
20231006 061009.030 INFO             PET1   esm: InitializeIPDv02p5 extro.
20231006 061009.030 INFO             PET1 esm: InitializeGeneric extro.
20231006 061009.030 INFO             PET1 esm: Run intro.
20231006 061009.030 INFO             PET1   >>>esm entered Run (phase=RunPhase1) with current time: 2010  6  1  0  0  0   0
20231006 061009.030 INFO             PET1   esm: after lable_SetRunClock, current time: 2010  6  1  0  0  0   0
20231006 061009.031 INFO             PET1   esm: begin -------> RunSequence.
20231006 061009.031 INFO             PET1     esm: RunSequence event loopLevel=   1  levelMember=   1  loopIteration=   1, current time: 2010  6  1  0  0  0   0
20231006 061009.031 INFO             PET1     ATM-TO-OCN: Run intro.
20231006 061009.032 INFO             PET1     ATM-TO-OCN: Run extro.
20231006 061009.032 INFO             PET1     OCN-TO-ATM: Run intro.
20231006 061009.034 INFO             PET1     OCN-TO-ATM: Run extro.
20231006 061009.035 INFO             PET1     ATM: Run intro.
20231006 061009.035 INFO             PET1       ------>Advancing ATM from: 2010  6  1  0  0  0   0
20231006 061009.035 INFO             PET1       ---------------------> to: 2010  6  1  0 15  0   0
20231006 061009.047 INFO             PET1     ATM: Run extro.
20231006 061009.047 INFO             PET1     esm: RunSequence event loopLevel=   1  levelMember=   1  loopIteration=   2, current time: 2010  6  1  0 15  0   0
20231006 061009.047 INFO             PET1     ATM-TO-OCN: Run intro.
20231006 061009.048 INFO             PET1     ATM-TO-OCN: Run extro.
20231006 061009.048 INFO             PET1     OCN-TO-ATM: Run intro.
20231006 061009.073 INFO             PET1     OCN-TO-ATM: Run extro.
20231006 061009.074 INFO             PET1     ATM: Run intro.
20231006 061009.075 INFO             PET1       ------>Advancing ATM from: 2010  6  1  0 15  0   0
20231006 061009.075 INFO             PET1       ---------------------> to: 2010  6  1  0 30  0   0
20231006 061009.091 INFO             PET1     ATM: Run extro.
20231006 061009.091 INFO             PET1     esm: RunSequence event loopLevel=   1  levelMember=   1  loopIteration=   3, current time: 2010  6  1  0 30  0   0
20231006 061009.091 INFO             PET1     ATM-TO-OCN: Run intro.
20231006 061009.092 INFO             PET1     ATM-TO-OCN: Run extro.
20231006 061009.092 INFO             PET1     OCN-TO-ATM: Run intro.
20231006 061009.113 INFO             PET1     OCN-TO-ATM: Run extro.
20231006 061009.114 INFO             PET1     ATM: Run intro.
20231006 061009.114 INFO             PET1       ------>Advancing ATM from: 2010  6  1  0 30  0   0
20231006 061009.114 INFO             PET1       ---------------------> to: 2010  6  1  0 45  0   0
20231006 061009.125 INFO             PET1     ATM: Run extro.
20231006 061009.125 INFO             PET1     esm: RunSequence event loopLevel=   1  levelMember=   1  loopIteration=   4, current time: 2010  6  1  0 45  0   0
20231006 061009.125 INFO             PET1     ATM-TO-OCN: Run intro.
20231006 061009.126 INFO             PET1     ATM-TO-OCN: Run extro.
20231006 061009.126 INFO             PET1     OCN-TO-ATM: Run intro.
20231006 061009.147 INFO             PET1     OCN-TO-ATM: Run extro.
20231006 061009.148 INFO             PET1     ATM: Run intro.
20231006 061009.148 INFO             PET1       ------>Advancing ATM from: 2010  6  1  0 45  0   0
20231006 061009.148 INFO             PET1       ---------------------> to: 2010  6  1  1  0  0   0
20231006 061009.159 INFO             PET1     ATM: Run extro.
20231006 061009.159 INFO             PET1   esm: end <--------- RunSequence
20231006 061009.159 INFO             PET1   <<<esm - leaving Run with current time: 2010  6  1  1  0  0   0
20231006 061009.159 INFO             PET1 esm: Run extro.
20231006 061009.159 INFO             PET1 esm: Finalize intro.
20231006 061009.160 INFO             PET1   Calling Finalize phase 1 for connectorComp: ATM-TO-OCN
20231006 061009.160 INFO             PET1   ATM-TO-OCN: Finalize intro.
20231006 061009.160 INFO             PET1   ATM-TO-OCN: Finalize extro.
20231006 061009.160 INFO             PET1   Calling Finalize phase 1 for connectorComp: OCN-TO-ATM
20231006 061009.160 INFO             PET1   OCN-TO-ATM: Finalize intro.
20231006 061009.160 INFO             PET1   OCN-TO-ATM: Finalize extro.
20231006 061009.160 INFO             PET1   Calling Finalize phase 1 for modelComp: ATM
20231006 061009.160 INFO             PET1   ATM: Finalize intro.
20231006 061009.161 INFO             PET1   ATM: Finalize extro.
20231006 061009.161 INFO             PET1   Calling Finalize phase 1 for modelComp: OCN
20231006 061009.161 INFO             PET1   Delete modelComp: ATM
20231006 061009.161 INFO             PET1   Delete Import-/Export State for modelComp: ATM
20231006 061009.161 INFO             PET1   Delete modelComp: OCN
20231006 061009.161 INFO             PET1   Delete Import-/Export State for modelComp: OCN
20231006 061009.161 INFO             PET1   Delete connectorComp: ATM-TO-OCN
20231006 061009.161 INFO             PET1   Delete connectorComp: OCN-TO-ATM
20231006 061009.161 INFO             PET1 esm: Finalize extro.
20231006 061009.161 INFO             PET1 esmApp FINISHED
20231006 061009.161 INFO             PET1 Finalizing ESMF
20231006 061007.791 INFO             PET2 !!!!!!!!!!!!!!!!!!!!!!!!!!!!!!!!!!!!!!!!!!!!!!!!!!!!!!
20231006 061007.791 INFO             PET2 !!! THE ESMF_LOG IS SET TO OUTPUT ALL LOG MESSAGES !!!
20231006 061007.791 INFO             PET2 !!!     THIS MAY CAUSE SLOWDOWN IN PERFORMANCE     !!!
20231006 061007.791 INFO             PET2 !!! FOR PRODUCTION RUNS, USE:                      !!!
20231006 061007.791 INFO             PET2 !!!                   ESMF_LOGKIND_Multi_On_Error  !!!
20231006 061007.791 INFO             PET2 !!!!!!!!!!!!!!!!!!!!!!!!!!!!!!!!!!!!!!!!!!!!!!!!!!!!!!
20231006 061007.791 INFO             PET2 Running with ESMF Version   : v8.6.0b07-60-gf7c6356b83
20231006 061007.791 INFO             PET2 ESMF library build date/time: "Oct  6 2023" "05:41:17"
20231006 061007.791 INFO             PET2 ESMF library build location : /home/gerhard/ESMF-Nightly-Testing/gfortran_11.2.0_mpich_g_develop/esmf
20231006 061007.791 INFO             PET2 ESMF_COMM                   : mpich
20231006 061007.791 INFO             PET2 ESMF_MOAB                   : enabled
20231006 061007.791 INFO             PET2 ESMF_LAPACK                 : enabled
20231006 061007.791 INFO             PET2 ESMF_NETCDF                 : enabled
20231006 061007.791 INFO             PET2 ESMF_PNETCDF                : disabled
20231006 061007.791 INFO             PET2 ESMF_PIO                    : enabled
20231006 061007.791 INFO             PET2 ESMF_YAMLCPP                : enabled
20231006 061007.791 INFO             PET2 esmApp STARTING
20231006 061007.797 INFO             PET2 esm: InitializeGeneric intro.
20231006 061007.797 INFO             PET2   esm: InitializeP0 intro.
20231006 061007.797 INFO             PET2   esm: InitializeP0 extro.
20231006 061007.797 INFO             PET2   esm: InitializeIPDv02p1 intro.
20231006 061007.797 INFO             PET2     >>>esm: entered Initialize (phase=<none>) without valid internal Clock.
20231006 061007.797 INFO             PET2     esm - Creating model component ATM with petList of size 2 :
20231006 061007.797 INFO             PET2           0      1
20231006 061007.800 INFO             PET2     esm - Creating model component OCN with petList of size 2 :
20231006 061007.800 INFO             PET2           2      3
20231006 061007.804 INFO             PET2     esm - Creating connector component ATM-TO-OCN with petList of size 4 :
20231006 061007.804 INFO             PET2           0      1      2      3
20231006 061007.810 INFO             PET2     esm - Creating connector component OCN-TO-ATM with petList of size 4 :
20231006 061007.810 INFO             PET2           2      3      0      1
20231006 061007.817 INFO             PET2     esm - Creating state: modelComp 1 Import State
20231006 061007.817 INFO             PET2     esm - Creating state: modelComp 1 Export State
20231006 061007.818 INFO             PET2     esm - Creating state: modelComp 2 Import State
20231006 061007.818 INFO             PET2     esm - Creating state: modelComp 2 Export State
20231006 061007.820 INFO             PET2     OCN: InitializeP0 intro.
20231006 061007.821 INFO             PET2     OCN: InitializeP0 extro.
20231006 061007.824 INFO             PET2     ATM-TO-OCN: InitializeP0 intro.
20231006 061007.825 INFO             PET2     ATM-TO-OCN: InitializeP0 extro.
20231006 061007.828 INFO             PET2     OCN-TO-ATM: InitializeP0 intro.
20231006 061007.829 INFO             PET2     OCN-TO-ATM: InitializeP0 extro.
20231006 061007.834 INFO             PET2     esm: IInitAdvertise intro.
20231006 061007.834 INFO             PET2     esm: IInitAdvertise extro.
20231006 061007.834 INFO             PET2     OCN: InitializeIPDvXp01 intro.
20231006 061007.839 INFO             PET2     OCN: InitializeIPDvXp01 extro.
20231006 061007.842 INFO             PET2     ATM-TO-OCN: InitializeIPDv05p1 intro.
20231006 061007.852 INFO             PET2     ATM-TO-OCN: InitializeIPDv05p1 extro.
20231006 061007.852 INFO             PET2     OCN-TO-ATM: InitializeIPDv05p1 intro.
20231006 061007.857 INFO             PET2     OCN-TO-ATM: InitializeIPDv05p1 extro.
20231006 061007.857 INFO             PET2     esm: IInitAdvertiseFinish intro.
20231006 061007.857 INFO             PET2     esm: IInitAdvertiseFinish extro.
20231006 061007.857 INFO             PET2     ATM-TO-OCN: InitializeIPDv05p2a intro.
20231006 061007.868 INFO             PET2     ATM-TO-OCN: InitializeIPDv05p2a extro.
20231006 061007.868 INFO             PET2     OCN-TO-ATM: InitializeIPDv05p2a intro.
20231006 061007.873 INFO             PET2     OCN-TO-ATM: InitializeIPDv05p2a extro.
20231006 061007.873 INFO             PET2     ATM-TO-OCN: InitializeIPDv05p2b intro.
20231006 061007.884 INFO             PET2     ATM-TO-OCN: InitializeIPDv05p2b extro.
20231006 061007.884 INFO             PET2     OCN-TO-ATM: InitializeIPDv05p2b intro.
20231006 061007.889 INFO             PET2     OCN-TO-ATM: InitializeIPDv05p2b extro.
20231006 061007.890 INFO             PET2     esm: IInitModifyCplLists intro.
20231006 061007.890 INFO             PET2       Driver is in ModifyCplLists()
20231006 061007.890 INFO             PET2        Found            2  Connectors. Modifying CplList Attribute....
20231006 061007.890 INFO             PET2        Modifying cplList Attribute on ATM-TO-OCN: air_pressure_at_sea_level
20231006 061007.890 INFO             PET2        Modified: air_pressure_at_sea_level:REMAPMETHOD=redist
20231006 061007.890 INFO             PET2        Modifying cplList Attribute on ATM-TO-OCN: surface_net_downward_longwave_flux
20231006 061007.890 INFO             PET2        Modified: surface_net_downward_longwave_flux:REMAPMETHOD=bilinear:SrcTermProcessing=1:DUMPWEIGHTS=true:TermOrder=SrcSeq
20231006 061007.890 INFO             PET2        Modifying cplList Attribute on ATM-TO-OCN: surface_net_downward_shortwave_flux
20231006 061007.890 INFO             PET2        Modified: surface_net_downward_shortwave_flux:REMAPMETHOD=redist
20231006 061007.890 INFO             PET2        Modifying cplList Attribute on ATM-TO-OCN: surface_downward_heat_flux_in_air
20231006 061007.890 INFO             PET2        Modified: surface_downward_heat_flux_in_air:REMAPMETHOD=bilinear:SrcTermProcessing=1:DUMPWEIGHTS=true:TermOrder=SrcSeq
20231006 061007.890 INFO             PET2        Modifying cplList Attribute on OCN-TO-ATM: sea_surface_temperature
20231006 061007.890 INFO             PET2        Modified: sea_surface_temperature:REMAPMETHOD=bilinear:SrcTermProcessing=1:DUMPWEIGHTS=true:TermOrder=SrcSeq
20231006 061007.890 INFO             PET2     esm: IInitModifyCplLists extro.
20231006 061007.891 INFO             PET2     ATM-TO-OCN: InitializeIPDv05p3 intro.
20231006 061007.898 INFO             PET2     ATM-TO-OCN: InitializeIPDv05p3 extro.
20231006 061007.898 INFO             PET2     OCN-TO-ATM: InitializeIPDv05p3 intro.
20231006 061007.902 INFO             PET2     OCN-TO-ATM: InitializeIPDv05p3 extro.
20231006 061007.902 INFO             PET2     <<<esm: leaving Initialize (phase=<none>) with current time: 2010  6  1  0  0  0   0
20231006 061007.902 INFO             PET2   esm: InitializeIPDv02p1 extro.
20231006 061007.902 INFO             PET2   esm: InitializeIPDv02p3 intro.
20231006 061007.902 INFO             PET2     >>>esm: entered Initialize (phase=<none>) with current time: 2010  6  1  0  0  0   0
20231006 061007.902 INFO             PET2     esm: IInitCheck intro.
20231006 061007.903 INFO             PET2     esm: IInitCheck extro.
20231006 061007.903 INFO             PET2     OCN: InitializeIPDvXp04 intro.
20231006 061007.909 INFO             PET2     OCN: InitializeIPDvXp04 extro.
20231006 061007.911 INFO             PET2     ATM-TO-OCN: InitializeIPDv05p4 intro.
20231006 061007.932 INFO             PET2     ATM-TO-OCN: InitializeIPDv05p4 extro.
20231006 061007.932 INFO             PET2     OCN-TO-ATM: InitializeIPDv05p4 intro.
20231006 061007.937 INFO             PET2     OCN-TO-ATM: InitializeIPDv05p4 extro.
20231006 061007.937 INFO             PET2     ATM-TO-OCN: InitializeIPDv05p5 intro.
20231006 061007.951 INFO             PET2     ATM-TO-OCN: InitializeIPDv05p5 extro.
20231006 061007.951 INFO             PET2     OCN-TO-ATM: InitializeIPDv05p5 intro.
20231006 061007.956 INFO             PET2     OCN-TO-ATM: InitializeIPDv05p5 extro.
20231006 061007.957 INFO             PET2     esm: IInitRealize intro.
20231006 061007.957 INFO             PET2     esm: IInitRealize extro.
20231006 061007.957 INFO             PET2     ATM-TO-OCN: InitializeIPDv05p6a intro.
20231006 061007.971 INFO             PET2     ATM-TO-OCN: InitializeIPDv05p6a extro.
20231006 061007.971 INFO             PET2     OCN-TO-ATM: InitializeIPDv05p6a intro.
20231006 061007.977 INFO             PET2     OCN-TO-ATM: InitializeIPDv05p6a extro.
20231006 061007.977 INFO             PET2     ATM-TO-OCN: InitializeIPDv05p6b intro.
20231006 061008.502 INFO             PET2     ATM-TO-OCN: InitializeIPDv05p6b extro.
20231006 061008.503 INFO             PET2     OCN-TO-ATM: InitializeIPDv05p6b intro.
20231006 061009.025 INFO             PET2     OCN-TO-ATM: InitializeIPDv05p6b extro.
20231006 061009.026 INFO             PET2     OCN: InitializeIPDvXp07 intro.
20231006 061009.026 INFO             PET2     OCN: InitializeIPDvXp07 extro.
20231006 061009.026 INFO             PET2     <<<esm: leaving Initialize (phase=<none>) with current time: 2010  6  1  0  0  0   0
20231006 061009.026 INFO             PET2   esm: InitializeIPDv02p3 extro.
20231006 061009.026 INFO             PET2   esm: InitializeIPDv02p5 intro.
20231006 061009.026 INFO             PET2     >>>esm: entered Initialize (phase=<none>) with current time: 2010  6  1  0  0  0   0
20231006 061009.026 INFO             PET2     esm: this is a top level driver, no 'Updated' and 'InitializeDataComplete' info on this level.
20231006 061009.026 INFO             PET2     esm: InitializeIPDv02p5Data intro.
20231006 061009.027 INFO             PET2       esm: InternalInitializeComplete intro.
20231006 061009.027 INFO             PET2         esm: InitializeDataComplete='true'
20231006 061009.027 INFO             PET2       esm: InternalInitializeComplete extro.
20231006 061009.027 INFO             PET2       OCN: InitializeIPDv01p5 intro.
20231006 061009.027 INFO             PET2       OCN: InitializeIPDv01p5 extro.
20231006 061009.029 INFO             PET2       esm: components present that trigger loopDataDependentInitialize().
20231006 061009.030 INFO             PET2       esm: loopDataDependentInitialize intro.
20231006 061009.030 INFO             PET2         esm: component    0=esm, dataComplete (local): true
20231006 061009.030 INFO             PET2         esm: component    0=esm, dataComplete (global): T
20231006 061009.030 INFO             PET2         esm: component    1=ATM, dataComplete (local): true
20231006 061009.030 INFO             PET2         esm: component    1=ATM, dataComplete (global): T
20231006 061009.030 INFO             PET2         esm: component    2=OCN, dataComplete (local): true
20231006 061009.030 INFO             PET2         esm: component    2=OCN, dataComplete (global): T
20231006 061009.030 INFO             PET2         esm: someProgress=F, allComplete=T, present(dataDepAllComplete)=T
20231006 061009.030 INFO             PET2         esm: finished resolving initialize data dependencies on this level.
20231006 061009.030 INFO             PET2       esm: loopDataDependentInitialize extro.
20231006 061009.030 INFO             PET2       esm: loopDataDependentInitialize() returned with dataDepAllComplete: T
20231006 061009.030 INFO             PET2     esm: InitializeIPDv02p5Data extro.
20231006 061009.030 INFO             PET2     <<<esm: leaving Initialize (phase=<none>) with current time: 2010  6  1  0  0  0   0
20231006 061009.030 INFO             PET2   esm: InitializeIPDv02p5 extro.
20231006 061009.030 INFO             PET2 esm: InitializeGeneric extro.
20231006 061009.030 INFO             PET2 esm: Run intro.
20231006 061009.030 INFO             PET2   >>>esm entered Run (phase=RunPhase1) with current time: 2010  6  1  0  0  0   0
20231006 061009.030 INFO             PET2   esm: after lable_SetRunClock, current time: 2010  6  1  0  0  0   0
20231006 061009.031 INFO             PET2   esm: begin -------> RunSequence.
20231006 061009.031 INFO             PET2     esm: RunSequence event loopLevel=   1  levelMember=   1  loopIteration=   1, current time: 2010  6  1  0  0  0   0
20231006 061009.031 INFO             PET2     ATM-TO-OCN: Run intro.
20231006 061009.033 INFO             PET2     ATM-TO-OCN: Run extro.
20231006 061009.033 INFO             PET2     OCN-TO-ATM: Run intro.
20231006 061009.033 INFO             PET2     OCN-TO-ATM: Run extro.
20231006 061009.034 INFO             PET2     OCN: Run intro.
20231006 061009.034 INFO             PET2       ------>Advancing OCN from: 2010  6  1  0  0  0   0
20231006 061009.034 INFO             PET2       ---------------------> to: 2010  6  1  0  5  0   0
20231006 061009.046 INFO             PET2       ------>Advancing OCN from: 2010  6  1  0  5  0   0
20231006 061009.046 INFO             PET2       ---------------------> to: 2010  6  1  0 10  0   0
20231006 061009.057 INFO             PET2       ------>Advancing OCN from: 2010  6  1  0 10  0   0
20231006 061009.057 INFO             PET2       ---------------------> to: 2010  6  1  0 15  0   0
20231006 061009.069 INFO             PET2     OCN: Run extro.
20231006 061009.069 INFO             PET2     esm: RunSequence event loopLevel=   1  levelMember=   1  loopIteration=   2, current time: 2010  6  1  0 15  0   0
20231006 061009.069 INFO             PET2     ATM-TO-OCN: Run intro.
20231006 061009.070 INFO             PET2     ATM-TO-OCN: Run extro.
20231006 061009.070 INFO             PET2     OCN-TO-ATM: Run intro.
20231006 061009.071 INFO             PET2     OCN-TO-ATM: Run extro.
20231006 061009.071 INFO             PET2     OCN: Run intro.
20231006 061009.071 INFO             PET2       ------>Advancing OCN from: 2010  6  1  0 15  0   0
20231006 061009.071 INFO             PET2       ---------------------> to: 2010  6  1  0 20  0   0
20231006 061009.089 INFO             PET2       ------>Advancing OCN from: 2010  6  1  0 20  0   0
20231006 061009.089 INFO             PET2       ---------------------> to: 2010  6  1  0 25  0   0
20231006 061009.100 INFO             PET2       ------>Advancing OCN from: 2010  6  1  0 25  0   0
20231006 061009.100 INFO             PET2       ---------------------> to: 2010  6  1  0 30  0   0
20231006 061009.111 INFO             PET2     OCN: Run extro.
20231006 061009.111 INFO             PET2     esm: RunSequence event loopLevel=   1  levelMember=   1  loopIteration=   3, current time: 2010  6  1  0 30  0   0
20231006 061009.111 INFO             PET2     ATM-TO-OCN: Run intro.
20231006 061009.112 INFO             PET2     ATM-TO-OCN: Run extro.
20231006 061009.112 INFO             PET2     OCN-TO-ATM: Run intro.
20231006 061009.112 INFO             PET2     OCN-TO-ATM: Run extro.
20231006 061009.113 INFO             PET2     OCN: Run intro.
20231006 061009.113 INFO             PET2       ------>Advancing OCN from: 2010  6  1  0 30  0   0
20231006 061009.113 INFO             PET2       ---------------------> to: 2010  6  1  0 35  0   0
20231006 061009.124 INFO             PET2       ------>Advancing OCN from: 2010  6  1  0 35  0   0
20231006 061009.124 INFO             PET2       ---------------------> to: 2010  6  1  0 40  0   0
20231006 061009.134 INFO             PET2       ------>Advancing OCN from: 2010  6  1  0 40  0   0
20231006 061009.134 INFO             PET2       ---------------------> to: 2010  6  1  0 45  0   0
20231006 061009.145 INFO             PET2     OCN: Run extro.
20231006 061009.145 INFO             PET2     esm: RunSequence event loopLevel=   1  levelMember=   1  loopIteration=   4, current time: 2010  6  1  0 45  0   0
20231006 061009.145 INFO             PET2     ATM-TO-OCN: Run intro.
20231006 061009.146 INFO             PET2     ATM-TO-OCN: Run extro.
20231006 061009.146 INFO             PET2     OCN-TO-ATM: Run intro.
20231006 061009.147 INFO             PET2     OCN-TO-ATM: Run extro.
20231006 061009.147 INFO             PET2     OCN: Run intro.
20231006 061009.147 INFO             PET2       ------>Advancing OCN from: 2010  6  1  0 45  0   0
20231006 061009.147 INFO             PET2       ---------------------> to: 2010  6  1  0 50  0   0
20231006 061009.158 INFO             PET2       ------>Advancing OCN from: 2010  6  1  0 50  0   0
20231006 061009.158 INFO             PET2       ---------------------> to: 2010  6  1  0 55  0   0
20231006 061009.172 INFO             PET2       ------>Advancing OCN from: 2010  6  1  0 55  0   0
20231006 061009.173 INFO             PET2       ---------------------> to: 2010  6  1  1  0  0   0
20231006 061009.185 INFO             PET2     OCN: Run extro.
20231006 061009.185 INFO             PET2   esm: end <--------- RunSequence
20231006 061009.186 INFO             PET2   <<<esm - leaving Run with current time: 2010  6  1  1  0  0   0
20231006 061009.186 INFO             PET2 esm: Run extro.
20231006 061009.186 INFO             PET2 esm: Finalize intro.
20231006 061009.186 INFO             PET2   Calling Finalize phase 1 for connectorComp: ATM-TO-OCN
20231006 061009.186 INFO             PET2   ATM-TO-OCN: Finalize intro.
20231006 061009.186 INFO             PET2   ATM-TO-OCN: Finalize extro.
20231006 061009.186 INFO             PET2   Calling Finalize phase 1 for connectorComp: OCN-TO-ATM
20231006 061009.186 INFO             PET2   OCN-TO-ATM: Finalize intro.
20231006 061009.187 INFO             PET2   OCN-TO-ATM: Finalize extro.
20231006 061009.187 INFO             PET2   Calling Finalize phase 1 for modelComp: ATM
20231006 061009.187 INFO             PET2   Calling Finalize phase 1 for modelComp: OCN
20231006 061009.187 INFO             PET2   OCN: Finalize intro.
20231006 061009.187 INFO             PET2   OCN: Finalize extro.
20231006 061009.187 INFO             PET2   Delete modelComp: ATM
20231006 061009.187 INFO             PET2   Delete Import-/Export State for modelComp: ATM
20231006 061009.187 INFO             PET2   Delete modelComp: OCN
20231006 061009.187 INFO             PET2   Delete Import-/Export State for modelComp: OCN
20231006 061009.187 INFO             PET2   Delete connectorComp: ATM-TO-OCN
20231006 061009.187 INFO             PET2   Delete connectorComp: OCN-TO-ATM
20231006 061009.188 INFO             PET2 esm: Finalize extro.
20231006 061009.188 INFO             PET2 esmApp FINISHED
20231006 061009.188 INFO             PET2 Finalizing ESMF
20231006 061007.791 INFO             PET3 !!!!!!!!!!!!!!!!!!!!!!!!!!!!!!!!!!!!!!!!!!!!!!!!!!!!!!
20231006 061007.791 INFO             PET3 !!! THE ESMF_LOG IS SET TO OUTPUT ALL LOG MESSAGES !!!
20231006 061007.791 INFO             PET3 !!!     THIS MAY CAUSE SLOWDOWN IN PERFORMANCE     !!!
20231006 061007.791 INFO             PET3 !!! FOR PRODUCTION RUNS, USE:                      !!!
20231006 061007.791 INFO             PET3 !!!                   ESMF_LOGKIND_Multi_On_Error  !!!
20231006 061007.791 INFO             PET3 !!!!!!!!!!!!!!!!!!!!!!!!!!!!!!!!!!!!!!!!!!!!!!!!!!!!!!
20231006 061007.791 INFO             PET3 Running with ESMF Version   : v8.6.0b07-60-gf7c6356b83
20231006 061007.791 INFO             PET3 ESMF library build date/time: "Oct  6 2023" "05:41:17"
20231006 061007.791 INFO             PET3 ESMF library build location : /home/gerhard/ESMF-Nightly-Testing/gfortran_11.2.0_mpich_g_develop/esmf
20231006 061007.791 INFO             PET3 ESMF_COMM                   : mpich
20231006 061007.791 INFO             PET3 ESMF_MOAB                   : enabled
20231006 061007.791 INFO             PET3 ESMF_LAPACK                 : enabled
20231006 061007.791 INFO             PET3 ESMF_NETCDF                 : enabled
20231006 061007.791 INFO             PET3 ESMF_PNETCDF                : disabled
20231006 061007.791 INFO             PET3 ESMF_PIO                    : enabled
20231006 061007.791 INFO             PET3 ESMF_YAMLCPP                : enabled
20231006 061007.791 INFO             PET3 esmApp STARTING
20231006 061007.795 INFO             PET3 esm: InitializeGeneric intro.
20231006 061007.795 INFO             PET3   esm: InitializeP0 intro.
20231006 061007.795 INFO             PET3   esm: InitializeP0 extro.
20231006 061007.795 INFO             PET3   esm: InitializeIPDv02p1 intro.
20231006 061007.795 INFO             PET3     >>>esm: entered Initialize (phase=<none>) without valid internal Clock.
20231006 061007.797 INFO             PET3     esm - Creating model component ATM with petList of size 2 :
20231006 061007.797 INFO             PET3           0      1
20231006 061007.800 INFO             PET3     esm - Creating model component OCN with petList of size 2 :
20231006 061007.800 INFO             PET3           2      3
20231006 061007.803 INFO             PET3     esm - Creating connector component ATM-TO-OCN with petList of size 4 :
20231006 061007.803 INFO             PET3           0      1      2      3
20231006 061007.808 INFO             PET3     esm - Creating connector component OCN-TO-ATM with petList of size 4 :
20231006 061007.808 INFO             PET3           2      3      0      1
20231006 061007.815 INFO             PET3     esm - Creating state: modelComp 1 Import State
20231006 061007.815 INFO             PET3     esm - Creating state: modelComp 1 Export State
20231006 061007.815 INFO             PET3     esm - Creating state: modelComp 2 Import State
20231006 061007.815 INFO             PET3     esm - Creating state: modelComp 2 Export State
20231006 061007.816 INFO             PET3     OCN: InitializeP0 intro.
20231006 061007.817 INFO             PET3     OCN: InitializeP0 extro.
20231006 061007.824 INFO             PET3     ATM-TO-OCN: InitializeP0 intro.
20231006 061007.825 INFO             PET3     ATM-TO-OCN: InitializeP0 extro.
20231006 061007.827 INFO             PET3     OCN-TO-ATM: InitializeP0 intro.
20231006 061007.828 INFO             PET3     OCN-TO-ATM: InitializeP0 extro.
20231006 061007.833 INFO             PET3     esm: IInitAdvertise intro.
20231006 061007.833 INFO             PET3     esm: IInitAdvertise extro.
20231006 061007.833 INFO             PET3     OCN: InitializeIPDvXp01 intro.
20231006 061007.836 INFO             PET3     OCN: InitializeIPDvXp01 extro.
20231006 061007.841 INFO             PET3     ATM-TO-OCN: InitializeIPDv05p1 intro.
20231006 061007.851 INFO             PET3     ATM-TO-OCN: InitializeIPDv05p1 extro.
20231006 061007.852 INFO             PET3     OCN-TO-ATM: InitializeIPDv05p1 intro.
20231006 061007.856 INFO             PET3     OCN-TO-ATM: InitializeIPDv05p1 extro.
20231006 061007.857 INFO             PET3     esm: IInitAdvertiseFinish intro.
20231006 061007.857 INFO             PET3     esm: IInitAdvertiseFinish extro.
20231006 061007.857 INFO             PET3     ATM-TO-OCN: InitializeIPDv05p2a intro.
20231006 061007.868 INFO             PET3     ATM-TO-OCN: InitializeIPDv05p2a extro.
20231006 061007.868 INFO             PET3     OCN-TO-ATM: InitializeIPDv05p2a intro.
20231006 061007.873 INFO             PET3     OCN-TO-ATM: InitializeIPDv05p2a extro.
20231006 061007.873 INFO             PET3     ATM-TO-OCN: InitializeIPDv05p2b intro.
20231006 061007.884 INFO             PET3     ATM-TO-OCN: InitializeIPDv05p2b extro.
20231006 061007.884 INFO             PET3     OCN-TO-ATM: InitializeIPDv05p2b intro.
20231006 061007.889 INFO             PET3     OCN-TO-ATM: InitializeIPDv05p2b extro.
20231006 061007.889 INFO             PET3     esm: IInitModifyCplLists intro.
20231006 061007.890 INFO             PET3       Driver is in ModifyCplLists()
20231006 061007.890 INFO             PET3        Found            2  Connectors. Modifying CplList Attribute....
20231006 061007.890 INFO             PET3        Modifying cplList Attribute on ATM-TO-OCN: air_pressure_at_sea_level
20231006 061007.890 INFO             PET3        Modified: air_pressure_at_sea_level:REMAPMETHOD=redist
20231006 061007.890 INFO             PET3        Modifying cplList Attribute on ATM-TO-OCN: surface_net_downward_longwave_flux
20231006 061007.890 INFO             PET3        Modified: surface_net_downward_longwave_flux:REMAPMETHOD=bilinear:SrcTermProcessing=1:DUMPWEIGHTS=true:TermOrder=SrcSeq
20231006 061007.890 INFO             PET3        Modifying cplList Attribute on ATM-TO-OCN: surface_net_downward_shortwave_flux
20231006 061007.890 INFO             PET3        Modified: surface_net_downward_shortwave_flux:REMAPMETHOD=redist
20231006 061007.890 INFO             PET3        Modifying cplList Attribute on ATM-TO-OCN: surface_downward_heat_flux_in_air
20231006 061007.890 INFO             PET3        Modified: surface_downward_heat_flux_in_air:REMAPMETHOD=bilinear:SrcTermProcessing=1:DUMPWEIGHTS=true:TermOrder=SrcSeq
20231006 061007.890 INFO             PET3        Modifying cplList Attribute on OCN-TO-ATM: sea_surface_temperature
20231006 061007.890 INFO             PET3        Modified: sea_surface_temperature:REMAPMETHOD=bilinear:SrcTermProcessing=1:DUMPWEIGHTS=true:TermOrder=SrcSeq
20231006 061007.890 INFO             PET3     esm: IInitModifyCplLists extro.
20231006 061007.890 INFO             PET3     ATM-TO-OCN: InitializeIPDv05p3 intro.
20231006 061007.898 INFO             PET3     ATM-TO-OCN: InitializeIPDv05p3 extro.
20231006 061007.898 INFO             PET3     OCN-TO-ATM: InitializeIPDv05p3 intro.
20231006 061007.902 INFO             PET3     OCN-TO-ATM: InitializeIPDv05p3 extro.
20231006 061007.902 INFO             PET3     <<<esm: leaving Initialize (phase=<none>) with current time: 2010  6  1  0  0  0   0
20231006 061007.902 INFO             PET3   esm: InitializeIPDv02p1 extro.
20231006 061007.902 INFO             PET3   esm: InitializeIPDv02p3 intro.
20231006 061007.902 INFO             PET3     >>>esm: entered Initialize (phase=<none>) with current time: 2010  6  1  0  0  0   0
20231006 061007.902 INFO             PET3     esm: IInitCheck intro.
20231006 061007.903 INFO             PET3     esm: IInitCheck extro.
20231006 061007.903 INFO             PET3     OCN: InitializeIPDvXp04 intro.
20231006 061007.909 INFO             PET3     OCN: InitializeIPDvXp04 extro.
20231006 061007.911 INFO             PET3     ATM-TO-OCN: InitializeIPDv05p4 intro.
20231006 061007.931 INFO             PET3     ATM-TO-OCN: InitializeIPDv05p4 extro.
20231006 061007.932 INFO             PET3     OCN-TO-ATM: InitializeIPDv05p4 intro.
20231006 061007.937 INFO             PET3     OCN-TO-ATM: InitializeIPDv05p4 extro.
20231006 061007.938 INFO             PET3     ATM-TO-OCN: InitializeIPDv05p5 intro.
20231006 061007.951 INFO             PET3     ATM-TO-OCN: InitializeIPDv05p5 extro.
20231006 061007.951 INFO             PET3     OCN-TO-ATM: InitializeIPDv05p5 intro.
20231006 061007.956 INFO             PET3     OCN-TO-ATM: InitializeIPDv05p5 extro.
20231006 061007.957 INFO             PET3     esm: IInitRealize intro.
20231006 061007.957 INFO             PET3     esm: IInitRealize extro.
20231006 061007.957 INFO             PET3     ATM-TO-OCN: InitializeIPDv05p6a intro.
20231006 061007.971 INFO             PET3     ATM-TO-OCN: InitializeIPDv05p6a extro.
20231006 061007.971 INFO             PET3     OCN-TO-ATM: InitializeIPDv05p6a intro.
20231006 061007.977 INFO             PET3     OCN-TO-ATM: InitializeIPDv05p6a extro.
20231006 061007.977 INFO             PET3     ATM-TO-OCN: InitializeIPDv05p6b intro.
20231006 061008.502 INFO             PET3     ATM-TO-OCN: InitializeIPDv05p6b extro.
20231006 061008.503 INFO             PET3     OCN-TO-ATM: InitializeIPDv05p6b intro.
20231006 061009.025 INFO             PET3     OCN-TO-ATM: InitializeIPDv05p6b extro.
20231006 061009.026 INFO             PET3     OCN: InitializeIPDvXp07 intro.
20231006 061009.026 INFO             PET3     OCN: InitializeIPDvXp07 extro.
20231006 061009.026 INFO             PET3     <<<esm: leaving Initialize (phase=<none>) with current time: 2010  6  1  0  0  0   0
20231006 061009.026 INFO             PET3   esm: InitializeIPDv02p3 extro.
20231006 061009.026 INFO             PET3   esm: InitializeIPDv02p5 intro.
20231006 061009.026 INFO             PET3     >>>esm: entered Initialize (phase=<none>) with current time: 2010  6  1  0  0  0   0
20231006 061009.026 INFO             PET3     esm: this is a top level driver, no 'Updated' and 'InitializeDataComplete' info on this level.
20231006 061009.026 INFO             PET3     esm: InitializeIPDv02p5Data intro.
20231006 061009.027 INFO             PET3       esm: InternalInitializeComplete intro.
20231006 061009.027 INFO             PET3         esm: InitializeDataComplete='true'
20231006 061009.027 INFO             PET3       esm: InternalInitializeComplete extro.
20231006 061009.027 INFO             PET3       OCN: InitializeIPDv01p5 intro.
20231006 061009.027 INFO             PET3       OCN: InitializeIPDv01p5 extro.
20231006 061009.029 INFO             PET3       esm: components present that trigger loopDataDependentInitialize().
20231006 061009.030 INFO             PET3       esm: loopDataDependentInitialize intro.
20231006 061009.030 INFO             PET3         esm: component    0=esm, dataComplete (local): true
20231006 061009.030 INFO             PET3         esm: component    0=esm, dataComplete (global): T
20231006 061009.030 INFO             PET3         esm: component    1=ATM, dataComplete (local): true
20231006 061009.030 INFO             PET3         esm: component    1=ATM, dataComplete (global): T
20231006 061009.030 INFO             PET3         esm: component    2=OCN, dataComplete (local): true
20231006 061009.030 INFO             PET3         esm: component    2=OCN, dataComplete (global): T
20231006 061009.030 INFO             PET3         esm: someProgress=F, allComplete=T, present(dataDepAllComplete)=T
20231006 061009.030 INFO             PET3         esm: finished resolving initialize data dependencies on this level.
20231006 061009.030 INFO             PET3       esm: loopDataDependentInitialize extro.
20231006 061009.030 INFO             PET3       esm: loopDataDependentInitialize() returned with dataDepAllComplete: T
20231006 061009.030 INFO             PET3     esm: InitializeIPDv02p5Data extro.
20231006 061009.030 INFO             PET3     <<<esm: leaving Initialize (phase=<none>) with current time: 2010  6  1  0  0  0   0
20231006 061009.030 INFO             PET3   esm: InitializeIPDv02p5 extro.
20231006 061009.030 INFO             PET3 esm: InitializeGeneric extro.
20231006 061009.030 INFO             PET3 esm: Run intro.
20231006 061009.030 INFO             PET3   >>>esm entered Run (phase=RunPhase1) with current time: 2010  6  1  0  0  0   0
20231006 061009.030 INFO             PET3   esm: after lable_SetRunClock, current time: 2010  6  1  0  0  0   0
20231006 061009.031 INFO             PET3   esm: begin -------> RunSequence.
20231006 061009.031 INFO             PET3     esm: RunSequence event loopLevel=   1  levelMember=   1  loopIteration=   1, current time: 2010  6  1  0  0  0   0
20231006 061009.031 INFO             PET3     ATM-TO-OCN: Run intro.
20231006 061009.033 INFO             PET3     ATM-TO-OCN: Run extro.
20231006 061009.033 INFO             PET3     OCN-TO-ATM: Run intro.
20231006 061009.033 INFO             PET3     OCN-TO-ATM: Run extro.
20231006 061009.034 INFO             PET3     OCN: Run intro.
20231006 061009.034 INFO             PET3       ------>Advancing OCN from: 2010  6  1  0  0  0   0
20231006 061009.034 INFO             PET3       ---------------------> to: 2010  6  1  0  5  0   0
20231006 061009.046 INFO             PET3       ------>Advancing OCN from: 2010  6  1  0  5  0   0
20231006 061009.046 INFO             PET3       ---------------------> to: 2010  6  1  0 10  0   0
20231006 061009.057 INFO             PET3       ------>Advancing OCN from: 2010  6  1  0 10  0   0
20231006 061009.057 INFO             PET3       ---------------------> to: 2010  6  1  0 15  0   0
20231006 061009.069 INFO             PET3     OCN: Run extro.
20231006 061009.069 INFO             PET3     esm: RunSequence event loopLevel=   1  levelMember=   1  loopIteration=   2, current time: 2010  6  1  0 15  0   0
20231006 061009.070 INFO             PET3     ATM-TO-OCN: Run intro.
20231006 061009.070 INFO             PET3     ATM-TO-OCN: Run extro.
20231006 061009.071 INFO             PET3     OCN-TO-ATM: Run intro.
20231006 061009.071 INFO             PET3     OCN-TO-ATM: Run extro.
20231006 061009.071 INFO             PET3     OCN: Run intro.
20231006 061009.072 INFO             PET3       ------>Advancing OCN from: 2010  6  1  0 15  0   0
20231006 061009.072 INFO             PET3       ---------------------> to: 2010  6  1  0 20  0   0
20231006 061009.089 INFO             PET3       ------>Advancing OCN from: 2010  6  1  0 20  0   0
20231006 061009.089 INFO             PET3       ---------------------> to: 2010  6  1  0 25  0   0
20231006 061009.100 INFO             PET3       ------>Advancing OCN from: 2010  6  1  0 25  0   0
20231006 061009.100 INFO             PET3       ---------------------> to: 2010  6  1  0 30  0   0
20231006 061009.111 INFO             PET3     OCN: Run extro.
20231006 061009.111 INFO             PET3     esm: RunSequence event loopLevel=   1  levelMember=   1  loopIteration=   3, current time: 2010  6  1  0 30  0   0
20231006 061009.111 INFO             PET3     ATM-TO-OCN: Run intro.
20231006 061009.112 INFO             PET3     ATM-TO-OCN: Run extro.
20231006 061009.112 INFO             PET3     OCN-TO-ATM: Run intro.
20231006 061009.112 INFO             PET3     OCN-TO-ATM: Run extro.
20231006 061009.113 INFO             PET3     OCN: Run intro.
20231006 061009.113 INFO             PET3       ------>Advancing OCN from: 2010  6  1  0 30  0   0
20231006 061009.113 INFO             PET3       ---------------------> to: 2010  6  1  0 35  0   0
20231006 061009.124 INFO             PET3       ------>Advancing OCN from: 2010  6  1  0 35  0   0
20231006 061009.124 INFO             PET3       ---------------------> to: 2010  6  1  0 40  0   0
20231006 061009.134 INFO             PET3       ------>Advancing OCN from: 2010  6  1  0 40  0   0
20231006 061009.134 INFO             PET3       ---------------------> to: 2010  6  1  0 45  0   0
20231006 061009.145 INFO             PET3     OCN: Run extro.
20231006 061009.145 INFO             PET3     esm: RunSequence event loopLevel=   1  levelMember=   1  loopIteration=   4, current time: 2010  6  1  0 45  0   0
20231006 061009.145 INFO             PET3     ATM-TO-OCN: Run intro.
20231006 061009.146 INFO             PET3     ATM-TO-OCN: Run extro.
20231006 061009.146 INFO             PET3     OCN-TO-ATM: Run intro.
20231006 061009.147 INFO             PET3     OCN-TO-ATM: Run extro.
20231006 061009.147 INFO             PET3     OCN: Run intro.
20231006 061009.147 INFO             PET3       ------>Advancing OCN from: 2010  6  1  0 45  0   0
20231006 061009.147 INFO             PET3       ---------------------> to: 2010  6  1  0 50  0   0
20231006 061009.158 INFO             PET3       ------>Advancing OCN from: 2010  6  1  0 50  0   0
20231006 061009.158 INFO             PET3       ---------------------> to: 2010  6  1  0 55  0   0
20231006 061009.172 INFO             PET3       ------>Advancing OCN from: 2010  6  1  0 55  0   0
20231006 061009.173 INFO             PET3       ---------------------> to: 2010  6  1  1  0  0   0
20231006 061009.185 INFO             PET3     OCN: Run extro.
20231006 061009.185 INFO             PET3   esm: end <--------- RunSequence
20231006 061009.186 INFO             PET3   <<<esm - leaving Run with current time: 2010  6  1  1  0  0   0
20231006 061009.186 INFO             PET3 esm: Run extro.
20231006 061009.186 INFO             PET3 esm: Finalize intro.
20231006 061009.186 INFO             PET3   Calling Finalize phase 1 for connectorComp: ATM-TO-OCN
20231006 061009.186 INFO             PET3   ATM-TO-OCN: Finalize intro.
20231006 061009.186 INFO             PET3   ATM-TO-OCN: Finalize extro.
20231006 061009.186 INFO             PET3   Calling Finalize phase 1 for connectorComp: OCN-TO-ATM
20231006 061009.186 INFO             PET3   OCN-TO-ATM: Finalize intro.
20231006 061009.187 INFO             PET3   OCN-TO-ATM: Finalize extro.
20231006 061009.187 INFO             PET3   Calling Finalize phase 1 for modelComp: ATM
20231006 061009.187 INFO             PET3   Calling Finalize phase 1 for modelComp: OCN
20231006 061009.187 INFO             PET3   OCN: Finalize intro.
20231006 061009.187 INFO             PET3   OCN: Finalize extro.
20231006 061009.187 INFO             PET3   Delete modelComp: ATM
20231006 061009.187 INFO             PET3   Delete Import-/Export State for modelComp: ATM
20231006 061009.187 INFO             PET3   Delete modelComp: OCN
20231006 061009.187 INFO             PET3   Delete Import-/Export State for modelComp: OCN
20231006 061009.187 INFO             PET3   Delete connectorComp: ATM-TO-OCN
20231006 061009.187 INFO             PET3   Delete connectorComp: OCN-TO-ATM
20231006 061009.188 INFO             PET3 esm: Finalize extro.
20231006 061009.188 INFO             PET3 esmApp FINISHED
20231006 061009.188 INFO             PET3 Finalizing ESMF
