2023-10-25 14:25:54
20231025 144628.915 INFO             PET0 !!!!!!!!!!!!!!!!!!!!!!!!!!!!!!!!!!!!!!!!!!!!!!!!!!!!!!
20231025 144628.916 INFO             PET0 !!! THE ESMF_LOG IS SET TO OUTPUT ALL LOG MESSAGES !!!
20231025 144628.916 INFO             PET0 !!!     THIS MAY CAUSE SLOWDOWN IN PERFORMANCE     !!!
20231025 144628.916 INFO             PET0 !!! FOR PRODUCTION RUNS, USE:                      !!!
20231025 144628.916 INFO             PET0 !!!                   ESMF_LOGKIND_Multi_On_Error  !!!
20231025 144628.916 INFO             PET0 !!!!!!!!!!!!!!!!!!!!!!!!!!!!!!!!!!!!!!!!!!!!!!!!!!!!!!
20231025 144628.916 INFO             PET0 Running with ESMF Version   : v8.6.0b11-4-gf708fc76eb
20231025 144628.916 INFO             PET0 ESMF library build date/time: "Oct 25 2023" "14:24:50"
20231025 144628.916 INFO             PET0 ESMF library build location : /Users/sacks/projects/scratch/esmf-testing/gfortranclang_12.2.0_14.0.0_openmpi_g_feature_trace_preload_linked/esmf
20231025 144628.916 INFO             PET0 ESMF_COMM                   : openmpi
20231025 144628.916 INFO             PET0 ESMF_MOAB                   : enabled
20231025 144628.916 INFO             PET0 ESMF_LAPACK                 : enabled
20231025 144628.916 INFO             PET0 ESMF_NETCDF                 : enabled
20231025 144628.916 INFO             PET0 ESMF_PNETCDF                : disabled
20231025 144628.916 INFO             PET0 ESMF_PIO                    : enabled
20231025 144628.916 INFO             PET0 ESMF_YAMLCPP                : enabled
20231025 144628.916 INFO             PET0  NUMBER_OF_PROCESSORS           2
20231025 144628.916 INFO             PET0  PASS  Example ESMF_VMUserMpiCommEx, ESMF_VMUserMpiCommEx.F90, line 113
20231025 144628.916 INFO             PET0  Finalizing ESMF with endflag==ESMF_END_KEEPMPI
20231025 144628.915 INFO             PET1 !!!!!!!!!!!!!!!!!!!!!!!!!!!!!!!!!!!!!!!!!!!!!!!!!!!!!!
20231025 144628.916 INFO             PET1 !!! THE ESMF_LOG IS SET TO OUTPUT ALL LOG MESSAGES !!!
20231025 144628.916 INFO             PET1 !!!     THIS MAY CAUSE SLOWDOWN IN PERFORMANCE     !!!
20231025 144628.916 INFO             PET1 !!! FOR PRODUCTION RUNS, USE:                      !!!
20231025 144628.916 INFO             PET1 !!!                   ESMF_LOGKIND_Multi_On_Error  !!!
20231025 144628.916 INFO             PET1 !!!!!!!!!!!!!!!!!!!!!!!!!!!!!!!!!!!!!!!!!!!!!!!!!!!!!!
20231025 144628.916 INFO             PET1 Running with ESMF Version   : v8.6.0b11-4-gf708fc76eb
20231025 144628.916 INFO             PET1 ESMF library build date/time: "Oct 25 2023" "14:24:50"
20231025 144628.916 INFO             PET1 ESMF library build location : /Users/sacks/projects/scratch/esmf-testing/gfortranclang_12.2.0_14.0.0_openmpi_g_feature_trace_preload_linked/esmf
20231025 144628.916 INFO             PET1 ESMF_COMM                   : openmpi
20231025 144628.916 INFO             PET1 ESMF_MOAB                   : enabled
20231025 144628.916 INFO             PET1 ESMF_LAPACK                 : enabled
20231025 144628.916 INFO             PET1 ESMF_NETCDF                 : enabled
20231025 144628.916 INFO             PET1 ESMF_PNETCDF                : disabled
20231025 144628.916 INFO             PET1 ESMF_PIO                    : enabled
20231025 144628.916 INFO             PET1 ESMF_YAMLCPP                : enabled
20231025 144628.916 INFO             PET1  NUMBER_OF_PROCESSORS           2
20231025 144628.916 INFO             PET1  PASS  Example ESMF_VMUserMpiCommEx, ESMF_VMUserMpiCommEx.F90, line 113
20231025 144628.916 INFO             PET1  Finalizing ESMF with endflag==ESMF_END_KEEPMPI
