2023-11-03 04:37:00
20231103 051239.701 INFO             PET0 !!!!!!!!!!!!!!!!!!!!!!!!!!!!!!!!!!!!!!!!!!!!!!!!!!!!!!
20231103 051239.703 INFO             PET0 !!! THE ESMF_LOG IS SET TO OUTPUT ALL LOG MESSAGES !!!
20231103 051239.703 INFO             PET0 !!!     THIS MAY CAUSE SLOWDOWN IN PERFORMANCE     !!!
20231103 051239.703 INFO             PET0 !!! FOR PRODUCTION RUNS, USE:                      !!!
20231103 051239.703 INFO             PET0 !!!                   ESMF_LOGKIND_Multi_On_Error  !!!
20231103 051239.703 INFO             PET0 !!!!!!!!!!!!!!!!!!!!!!!!!!!!!!!!!!!!!!!!!!!!!!!!!!!!!!
20231103 051239.703 INFO             PET0 Running with ESMF Version   : v8.6.0b13-4-gb15d190a60
20231103 051239.703 INFO             PET0 ESMF library build date/time: "Nov  3 2023" "04:35:03"
20231103 051239.703 INFO             PET0 ESMF library build location : /Users/sacks/projects/scratch/esmf-testing/gfortranclang_12.2.0_14.0.0_mpiuni_g_release_8.6.0/esmf
20231103 051239.703 INFO             PET0 ESMF_COMM                   : mpiuni
20231103 051239.703 INFO             PET0 ESMF_MOAB                   : enabled
20231103 051239.703 INFO             PET0 ESMF_LAPACK                 : enabled
20231103 051239.703 INFO             PET0 ESMF_NETCDF                 : enabled
20231103 051239.703 INFO             PET0 ESMF_PNETCDF                : disabled
20231103 051239.703 INFO             PET0 ESMF_PIO                    : disabled
20231103 051239.703 INFO             PET0 ESMF_YAMLCPP                : enabled
20231103 051239.704 INFO             PET0  NUMBER_OF_PROCESSORS           1
20231103 051239.704 INFO             PET0  PASS  Example ESMF_AppMainEx, ESMF_AppMainEx.F90, line 486
20231103 051239.704 INFO             PET0  Finalizing ESMF
