2023-11-05 02:50:44
20231105 031205.571 INFO             PET0 !!!!!!!!!!!!!!!!!!!!!!!!!!!!!!!!!!!!!!!!!!!!!!!!!!!!!!
20231105 031205.571 INFO             PET0 !!! THE ESMF_LOG IS SET TO OUTPUT ALL LOG MESSAGES !!!
20231105 031205.571 INFO             PET0 !!!     THIS MAY CAUSE SLOWDOWN IN PERFORMANCE     !!!
20231105 031205.571 INFO             PET0 !!! FOR PRODUCTION RUNS, USE:                      !!!
20231105 031205.571 INFO             PET0 !!!                   ESMF_LOGKIND_Multi_On_Error  !!!
20231105 031205.571 INFO             PET0 !!!!!!!!!!!!!!!!!!!!!!!!!!!!!!!!!!!!!!!!!!!!!!!!!!!!!!
20231105 031205.571 INFO             PET0 Running with ESMF Version   : v8.6.0b13-7-g01b978c4a0
20231105 031205.572 INFO             PET0 ESMF library build date/time: "Nov  5 2023" "02:49:45"
20231105 031205.572 INFO             PET0 ESMF library build location : /tmp/gfortran_12.2.0_mpi_O_release_8.6.0/esmf
20231105 031205.572 INFO             PET0 ESMF_COMM                   : mpi
20231105 031205.572 INFO             PET0 ESMF_MOAB                   : enabled
20231105 031205.572 INFO             PET0 ESMF_LAPACK                 : enabled
20231105 031205.572 INFO             PET0 ESMF_NETCDF                 : enabled
20231105 031205.572 INFO             PET0 ESMF_PNETCDF                : disabled
20231105 031205.572 INFO             PET0 ESMF_PIO                    : enabled
20231105 031205.572 INFO             PET0 ESMF_YAMLCPP                : enabled
20231105 031205.572 INFO             PET0  NUMBER_OF_PROCESSORS           2
20231105 031205.572 INFO             PET0  PASS  Example ESMF_VMUserMpiCommEx, ESMF_VMUserMpiCommEx.F90, line 113
20231105 031205.572 INFO             PET0  Finalizing ESMF with endflag==ESMF_END_KEEPMPI
20231105 031205.571 INFO             PET1 !!!!!!!!!!!!!!!!!!!!!!!!!!!!!!!!!!!!!!!!!!!!!!!!!!!!!!
20231105 031205.571 INFO             PET1 !!! THE ESMF_LOG IS SET TO OUTPUT ALL LOG MESSAGES !!!
20231105 031205.571 INFO             PET1 !!!     THIS MAY CAUSE SLOWDOWN IN PERFORMANCE     !!!
20231105 031205.571 INFO             PET1 !!! FOR PRODUCTION RUNS, USE:                      !!!
20231105 031205.571 INFO             PET1 !!!                   ESMF_LOGKIND_Multi_On_Error  !!!
20231105 031205.571 INFO             PET1 !!!!!!!!!!!!!!!!!!!!!!!!!!!!!!!!!!!!!!!!!!!!!!!!!!!!!!
20231105 031205.571 INFO             PET1 Running with ESMF Version   : v8.6.0b13-7-g01b978c4a0
20231105 031205.572 INFO             PET1 ESMF library build date/time: "Nov  5 2023" "02:49:45"
20231105 031205.572 INFO             PET1 ESMF library build location : /tmp/gfortran_12.2.0_mpi_O_release_8.6.0/esmf
20231105 031205.572 INFO             PET1 ESMF_COMM                   : mpi
20231105 031205.572 INFO             PET1 ESMF_MOAB                   : enabled
20231105 031205.572 INFO             PET1 ESMF_LAPACK                 : enabled
20231105 031205.572 INFO             PET1 ESMF_NETCDF                 : enabled
20231105 031205.572 INFO             PET1 ESMF_PNETCDF                : disabled
20231105 031205.572 INFO             PET1 ESMF_PIO                    : enabled
20231105 031205.572 INFO             PET1 ESMF_YAMLCPP                : enabled
20231105 031205.572 INFO             PET1  NUMBER_OF_PROCESSORS           2
20231105 031205.572 INFO             PET1  PASS  Example ESMF_VMUserMpiCommEx, ESMF_VMUserMpiCommEx.F90, line 113
20231105 031205.572 INFO             PET1  Finalizing ESMF with endflag==ESMF_END_KEEPMPI
