2023-10-06 01:38:37
20231006 015950.309 INFO             PET0 !!!!!!!!!!!!!!!!!!!!!!!!!!!!!!!!!!!!!!!!!!!!!!!!!!!!!!
20231006 015950.309 INFO             PET0 !!! THE ESMF_LOG IS SET TO OUTPUT ALL LOG MESSAGES !!!
20231006 015950.309 INFO             PET0 !!!     THIS MAY CAUSE SLOWDOWN IN PERFORMANCE     !!!
20231006 015950.309 INFO             PET0 !!! FOR PRODUCTION RUNS, USE:                      !!!
20231006 015950.309 INFO             PET0 !!!                   ESMF_LOGKIND_Multi_On_Error  !!!
20231006 015950.309 INFO             PET0 !!!!!!!!!!!!!!!!!!!!!!!!!!!!!!!!!!!!!!!!!!!!!!!!!!!!!!
20231006 015950.309 INFO             PET0 Running with ESMF Version   : v8.6.0b07-60-gf7c6356b83
20231006 015950.309 INFO             PET0 ESMF library build date/time: "Oct  6 2023" "01:37:19"
20231006 015950.309 INFO             PET0 ESMF library build location : /glade/derecho/scratch/theurich/ESMF-Nightly-Testing/intel_2023.0.0-classic_mpiuni_g_develop/esmf
20231006 015950.309 INFO             PET0 ESMF_COMM                   : mpiuni
20231006 015950.310 INFO             PET0 ESMF_MOAB                   : enabled
20231006 015950.310 INFO             PET0 ESMF_LAPACK                 : enabled
20231006 015950.310 INFO             PET0 ESMF_NETCDF                 : enabled
20231006 015950.310 INFO             PET0 ESMF_PNETCDF                : disabled
20231006 015950.310 INFO             PET0 ESMF_PIO                    : disabled
20231006 015950.310 INFO             PET0 ESMF_YAMLCPP                : enabled
20231006 015950.311 INFO             PET0  NUMBER_OF_PROCESSORS           1
20231006 015950.311 INFO             PET0  PASS  Example ESMF_GridCreateRegFromDGEx, ESMF_GridCreateRegFromDGEx.F90, line 112
20231006 015950.311 INFO             PET0 Finalizing ESMF
