2023-11-12 02:51:33

mainApp:220143 terminated with signal 11 at PC=43d807 SP=7ffd0a639850.  Backtrace:
/tmp/intel_2023.1.0-oneAPI_mpi_O_v8.6.0/nuopc-app-prototypes/SingleModelOpenMPProto/./mainApp[0x43d807]
/tmp/intel_2023.1.0-oneAPI_mpi_O_v8.6.0/nuopc-app-prototypes/SingleModelOpenMPProto/./mainApp[0x43e7f0]
/tmp/intel_2023.1.0-oneAPI_mpi_O_v8.6.0/nuopc-app-prototypes/SingleModelOpenMPProto/./mainApp[0x43d995]
/tmp/intel_2023.1.0-oneAPI_mpi_O_v8.6.0/esmf/DEFAULTINSTALLDIR/lib/libO/Unicos.intel.64.mpi.default/libesmf.so(f_esmf_compcollectgarbage2_+0x2f1)[0x7fa62ba0b521]

mainApp:220144 terminated with signal 7 at PC=43d7f2 SP=7ffc972f8660.  Backtrace:

mainApp:220145 terminated with signal 11 at PC=43d850 SP=7ffc54d32010.  Backtrace:
/tmp/intel_2023.1.0-oneAPI_mpi_O_v8.6.0/nuopc-app-prototypes/SingleModelOpenMPProto/./mainApp[0x43d7f2]
/tmp/intel_2023.1.0-oneAPI_mpi_O_v8.6.0/nuopc-app-prototypes/SingleModelOpenMPProto/./mainApp[0x43e7f0]
/tmp/intel_2023.1.0-oneAPI_mpi_O_v8.6.0/nuopc-app-prototypes/SingleModelOpenMPProto/./mainApp[0x43d995]
/tmp/intel_2023.1.0-oneAPI_mpi_O_v8.6.0/nuopc-app-prototypes/SingleModelOpenMPProto/./mainApp[0x43d850]
/tmp/intel_2023.1.0-oneAPI_mpi_O_v8.6.0/nuopc-app-prototypes/SingleModelOpenMPProto/./mainApp[0x43e7f0]
/tmp/intel_2023.1.0-oneAPI_mpi_O_v8.6.0/nuopc-app-prototypes/SingleModelOpenMPProto/./mainApp[0x43d995]
/tmp/intel_2023.1.0-oneAPI_mpi_O_v8.6.0/esmf/DEFAULTINSTALLDIR/lib/libO/Unicos.intel.64.mpi.default/libesmf.so(_ZN5ESMCI2VM8finalizeEP12ESMC_LogicalPi+0x34f)[0x7fa62b86458f]
/tmp/intel_2023.1.0-oneAPI_mpi_O_v8.6.0/esmf/DEFAULTINSTALLDIR/lib/libO/Unicos.intel.64.mpi.default/libesmf.so(f_esmf_compcollectgarbage2_+0x2f1)[0x7fce933ff521]
/tmp/intel_2023.1.0-oneAPI_mpi_O_v8.6.0/esmf/DEFAULTINSTALLDIR/lib/libO/Unicos.intel.64.mpi.default/libesmf.so(f_esmf_compcollectgarbage2_+0x2f1)[0x7f7719a54521]
/tmp/intel_2023.1.0-oneAPI_mpi_O_v8.6.0/esmf/DEFAULTINSTALLDIR/lib/libO/Unicos.intel.64.mpi.default/libesmf.so(c_esmc_vmfinalize_+0x25)[0x7fa62b842715]
/tmp/intel_2023.1.0-oneAPI_mpi_O_v8.6.0/esmf/DEFAULTINSTALLDIR/lib/libO/Unicos.intel.64.mpi.default/libesmf.so(_ZN5ESMCI2VM8finalizeEP12ESMC_LogicalPi+0x34f)[0x7f77198ad58f]
/tmp/intel_2023.1.0-oneAPI_mpi_O_v8.6.0/esmf/DEFAULTINSTALLDIR/lib/libO/Unicos.intel.64.mpi.default/libesmf.so(esmf_vmmod_mp_esmf_vmfinalize_+0x1c)[0x7fa62bf5d16c]
/tmp/intel_2023.1.0-oneAPI_mpi_O_v8.6.0/esmf/DEFAULTINSTALLDIR/lib/libO/Unicos.intel.64.mpi.default/libesmf.so(_ZN5ESMCI2VM8finalizeEP12ESMC_LogicalPi+0x34f)[0x7fce9325858f]
/tmp/intel_2023.1.0-oneAPI_mpi_O_v8.6.0/esmf/DEFAULTINSTALLDIR/lib/libO/Unicos.intel.64.mpi.default/libesmf.so(c_esmc_vmfinalize_+0x25)[0x7f771988b715]
/tmp/intel_2023.1.0-oneAPI_mpi_O_v8.6.0/esmf/DEFAULTINSTALLDIR/lib/libO/Unicos.intel.64.mpi.default/libesmf.so(esmf_initmod_mp_esmf_finalize_+0x66b)[0x7fa62bd6a38b]
/tmp/intel_2023.1.0-oneAPI_mpi_O_v8.6.0/nuopc-app-prototypes/SingleModelOpenMPProto/./mainApp[0x416dde]
/tmp/intel_2023.1.0-oneAPI_mpi_O_v8.6.0/nuopc-app-prototypes/SingleModelOpenMPProto/./mainApp[0x41673d]
/tmp/intel_2023.1.0-oneAPI_mpi_O_v8.6.0/esmf/DEFAULTINSTALLDIR/lib/libO/Unicos.intel.64.mpi.default/libesmf.so(c_esmc_vmfinalize_+0x25)[0x7fce93236715]
/lib64/libc.so.6(__libc_start_main+0xef)[0x7fa6264fb24d]
/tmp/intel_2023.1.0-oneAPI_mpi_O_v8.6.0/nuopc-app-prototypes/SingleModelOpenMPProto/./mainApp[0x41666a]
/tmp/intel_2023.1.0-oneAPI_mpi_O_v8.6.0/esmf/DEFAULTINSTALLDIR/lib/libO/Unicos.intel.64.mpi.default/libesmf.so(esmf_vmmod_mp_esmf_vmfinalize_+0x1c)[0x7f7719fa616c]
/tmp/intel_2023.1.0-oneAPI_mpi_O_v8.6.0/esmf/DEFAULTINSTALLDIR/lib/libO/Unicos.intel.64.mpi.default/libesmf.so(esmf_vmmod_mp_esmf_vmfinalize_+0x1c)[0x7fce9395116c]
/tmp/intel_2023.1.0-oneAPI_mpi_O_v8.6.0/esmf/DEFAULTINSTALLDIR/lib/libO/Unicos.intel.64.mpi.default/libesmf.so(esmf_initmod_mp_esmf_finalize_+0x66b)[0x7f7719db338b]
/tmp/intel_2023.1.0-oneAPI_mpi_O_v8.6.0/nuopc-app-prototypes/SingleModelOpenMPProto/./mainApp[0x416dde]
/tmp/intel_2023.1.0-oneAPI_mpi_O_v8.6.0/nuopc-app-prototypes/SingleModelOpenMPProto/./mainApp[0x41673d]
/lib64/libc.so.6(__libc_start_main+0xef)[0x7f771454424d]
/tmp/intel_2023.1.0-oneAPI_mpi_O_v8.6.0/nuopc-app-prototypes/SingleModelOpenMPProto/./mainApp[0x41666a]
/tmp/intel_2023.1.0-oneAPI_mpi_O_v8.6.0/esmf/DEFAULTINSTALLDIR/lib/libO/Unicos.intel.64.mpi.default/libesmf.so(esmf_initmod_mp_esmf_finalize_+0x66b)[0x7fce9375e38b]
/tmp/intel_2023.1.0-oneAPI_mpi_O_v8.6.0/nuopc-app-prototypes/SingleModelOpenMPProto/./mainApp[0x416dde]
/tmp/intel_2023.1.0-oneAPI_mpi_O_v8.6.0/nuopc-app-prototypes/SingleModelOpenMPProto/./mainApp[0x41673d]
/lib64/libc.so.6(__libc_start_main+0xef)[0x7fce8deef24d]
/tmp/intel_2023.1.0-oneAPI_mpi_O_v8.6.0/nuopc-app-prototypes/SingleModelOpenMPProto/./mainApp[0x41666a]
srun: error: c5n0032: tasks 1-3: Exited with exit code 1
srun: Terminating StepId=134664993.388
slurmstepd: error: *** STEP 134664993.388 ON c5n0032 CANCELLED AT 2023-11-12T03:20:50 ***
forrtl: error (78): process killed (SIGTERM)
Image              PC                Routine            Line        Source             
libpthread-2.31.s  00007F86DFCA8910  Unknown               Unknown  Unknown
libc-2.31.so       00007F86DFB97AF7  __sched_yield         Unknown  Unknown
libmpi_intel.so.1  00007F86E1B7BADE  Unknown               Unknown  Unknown
libmpi_intel.so.1  00007F86E2917A16  Unknown               Unknown  Unknown
libmpi_intel.so.1  00007F86E292A169  Unknown               Unknown  Unknown
libmpi_intel.so.1  00007F86E283258C  Unknown               Unknown  Unknown
libmpi_intel.so.1  00007F86E0E1DD11  Unknown               Unknown  Unknown
libmpi_intel.so.1  00007F86E0E1DEF5  Unknown               Unknown  Unknown
libmpi_intel.so.1  00007F86E2B175F0  Unknown               Unknown  Unknown
libmpi_intel.so.1  00007F86E29570FC  Unknown               Unknown  Unknown
libmpi_intel.so.1  00007F86E295500C  Unknown               Unknown  Unknown
libmpi_intel.so.1  00007F86E10E1C01  Unknown               Unknown  Unknown
libmpi_intel.so.1  00007F86E2959380  Unknown               Unknown  Unknown
libmpi_intel.so.1  00007F86E2B183D3  Unknown               Unknown  Unknown
libmpi_intel.so.1  00007F86E0F0B200  Unknown               Unknown  Unknown
libmpi_intel.so.1  00007F86E0F0B73F  PMPI_Barrier          Unknown  Unknown
libdarshan.so.0.0  00007F86E3E815A7  darshan_core_shut     Unknown  Unknown
libdarshan.so.0.0  00007F86E3E8023E  MPI_Finalize          Unknown  Unknown
libesmf.so         00007F86E4E1CA7F  _ZN5ESMCI3VMK8fin     Unknown  Unknown
libesmf.so         00007F86E4E39682  _ZN5ESMCI2VM8fina     Unknown  Unknown
libesmf.so         00007F86E4E17715  c_esmc_vmfinalize     Unknown  Unknown
libesmf.so         00007F86E553216C  esmf_vmmod_mp_esm     Unknown  Unknown
libesmf.so         00007F86E533F38B  esmf_initmod_mp_e     Unknown  Unknown
mainApp            0000000000416DDE  Unknown               Unknown  Unknown
mainApp            000000000041673D  Unknown               Unknown  Unknown
libc-2.31.so       00007F86DFAD024D  __libc_start_main     Unknown  Unknown
mainApp            000000000041666A  Unknown               Unknown  Unknown
srun: error: c5n0032: task 0: Killed
srun: Force Terminated StepId=134664993.388
