2023-10-29 07:52:11
20231029 084038.375 INFO             PET0 !!!!!!!!!!!!!!!!!!!!!!!!!!!!!!!!!!!!!!!!!!!!!!!!!!!!!!
20231029 084038.375 INFO             PET0 !!! THE ESMF_LOG IS SET TO OUTPUT ALL LOG MESSAGES !!!
20231029 084038.375 INFO             PET0 !!!     THIS MAY CAUSE SLOWDOWN IN PERFORMANCE     !!!
20231029 084038.375 INFO             PET0 !!! FOR PRODUCTION RUNS, USE:                      !!!
20231029 084038.375 INFO             PET0 !!!                   ESMF_LOGKIND_Multi_On_Error  !!!
20231029 084038.375 INFO             PET0 !!!!!!!!!!!!!!!!!!!!!!!!!!!!!!!!!!!!!!!!!!!!!!!!!!!!!!
20231029 084038.375 INFO             PET0 Running with ESMF Version   : v8.6.0b13
20231029 084038.375 INFO             PET0 ESMF library build date/time: "Oct 29 2023" "07:49:36"
20231029 084038.375 INFO             PET0 ESMF library build location : /scratch2/NCEPDEV/stmp1/Gerhard.Theurich/ESMF-Nightly-Testing/nvhpc_23.3_mpiuni_g_release_8.6.0/esmf
20231029 084038.375 INFO             PET0 ESMF_COMM                   : mpiuni
20231029 084038.376 INFO             PET0 ESMF_MOAB                   : enabled
20231029 084038.376 INFO             PET0 ESMF_LAPACK                 : enabled
20231029 084038.376 INFO             PET0 ESMF_NETCDF                 : disabled
20231029 084038.376 INFO             PET0 ESMF_PNETCDF                : disabled
20231029 084038.376 INFO             PET0 ESMF_PIO                    : disabled
20231029 084038.376 INFO             PET0 ESMF_YAMLCPP                : enabled
20231029 084038.382 INFO             PET0 ESMF_FieldRedistStoreNF(): Just entered routine.
20231029 084038.849 INFO             PET0 ESMF_FieldRedistStoreNF(): Leaving routine.
20231029 084038.884 INFO             PET0  NUMBER_OF_PROCESSORS            1
20231029 084038.884 INFO             PET0  PASS  Example ESMF_RHandleFromFileEx, ESMF_RHandleFromFileEx.F90, line 192
20231029 084038.884 INFO             PET0  Finalizing ESMF
