2023-10-16 02:44:53
20231016 032755.114 INFO             PET0 !!!!!!!!!!!!!!!!!!!!!!!!!!!!!!!!!!!!!!!!!!!!!!!!!!!!!!
20231016 032755.114 INFO             PET0 !!! THE ESMF_LOG IS SET TO OUTPUT ALL LOG MESSAGES !!!
20231016 032755.114 INFO             PET0 !!!     THIS MAY CAUSE SLOWDOWN IN PERFORMANCE     !!!
20231016 032755.114 INFO             PET0 !!! FOR PRODUCTION RUNS, USE:                      !!!
20231016 032755.114 INFO             PET0 !!!                   ESMF_LOGKIND_Multi_On_Error  !!!
20231016 032755.114 INFO             PET0 !!!!!!!!!!!!!!!!!!!!!!!!!!!!!!!!!!!!!!!!!!!!!!!!!!!!!!
20231016 032755.114 INFO             PET0 Running with ESMF Version   : v8.6.0b09
20231016 032755.114 INFO             PET0 ESMF library build date/time: "Oct 16 2023" "02:41:46"
20231016 032755.114 INFO             PET0 ESMF library build location : /glade/scratch/theurich/ESMF-Nightly-Testing/gfortran_13.1.0_openmpi_g_develop/esmf
20231016 032755.114 INFO             PET0 ESMF_COMM                   : openmpi
20231016 032755.114 INFO             PET0 ESMF_MOAB                   : enabled
20231016 032755.114 INFO             PET0 ESMF_LAPACK                 : enabled
20231016 032755.114 INFO             PET0 ESMF_NETCDF                 : enabled
20231016 032755.114 INFO             PET0 ESMF_PNETCDF                : disabled
20231016 032755.114 INFO             PET0 ESMF_PIO                    : enabled
20231016 032755.114 INFO             PET0 ESMF_YAMLCPP                : enabled
20231016 032755.116 INFO             PET0 esmApp STARTING
20231016 032755.121 INFO             PET0 esm: InitializeGeneric intro.
20231016 032755.121 INFO             PET0   esm: InitializeP0 intro.
20231016 032755.121 INFO             PET0   esm: InitializeP0 extro.
20231016 032755.121 INFO             PET0   esm: InitializeIPDv02p1 intro.
20231016 032755.121 INFO             PET0     >>>esm: entered Initialize (phase=<none>) without valid internal Clock.
20231016 032755.123 INFO             PET0     esm - Creating model component ATM with petList of size 2 :
20231016 032755.123 INFO             PET0           0      1
20231016 032755.123 DEBUG            PET0     Generic SetVM() is executing for: ATM
20231016 032755.123 ERROR            PET0 ATM:src/addon/NUOPC/src/NUOPC_Base.F90:5572     Invalid argument  - Generic SetVM() detected lacking Pthreads support for: ATM
20231016 032755.123 ERROR            PET0 esm:src/addon/NUOPC/src/NUOPC_Driver.F90:4771     Invalid argument  - Passing error in return code
20231016 032755.123 ERROR            PET0 esm.F90:137     Invalid argument  - Passing error in return code
20231016 032755.123 ERROR            PET0 esm:src/addon/NUOPC/src/NUOPC_Driver.F90:797     Invalid argument  - Passing error in return code
20231016 032755.123 ERROR            PET0 esm:src/addon/NUOPC/src/NUOPC_Driver.F90:486     Invalid argument  - Passing error in return code
20231016 032755.123 ERROR            PET0 esmApp.F90:88     Invalid argument  - Passing error in return code
20231016 032755.123 INFO             PET0      Finalizing ESMF with endflag==ESMF_END_ABORT
20231016 032755.116 INFO             PET1 !!!!!!!!!!!!!!!!!!!!!!!!!!!!!!!!!!!!!!!!!!!!!!!!!!!!!!
20231016 032755.116 INFO             PET1 !!! THE ESMF_LOG IS SET TO OUTPUT ALL LOG MESSAGES !!!
20231016 032755.116 INFO             PET1 !!!     THIS MAY CAUSE SLOWDOWN IN PERFORMANCE     !!!
20231016 032755.116 INFO             PET1 !!! FOR PRODUCTION RUNS, USE:                      !!!
20231016 032755.116 INFO             PET1 !!!                   ESMF_LOGKIND_Multi_On_Error  !!!
20231016 032755.116 INFO             PET1 !!!!!!!!!!!!!!!!!!!!!!!!!!!!!!!!!!!!!!!!!!!!!!!!!!!!!!
20231016 032755.116 INFO             PET1 Running with ESMF Version   : v8.6.0b09
20231016 032755.116 INFO             PET1 ESMF library build date/time: "Oct 16 2023" "02:41:46"
20231016 032755.116 INFO             PET1 ESMF library build location : /glade/scratch/theurich/ESMF-Nightly-Testing/gfortran_13.1.0_openmpi_g_develop/esmf
20231016 032755.116 INFO             PET1 ESMF_COMM                   : openmpi
20231016 032755.116 INFO             PET1 ESMF_MOAB                   : enabled
20231016 032755.116 INFO             PET1 ESMF_LAPACK                 : enabled
20231016 032755.116 INFO             PET1 ESMF_NETCDF                 : enabled
20231016 032755.116 INFO             PET1 ESMF_PNETCDF                : disabled
20231016 032755.116 INFO             PET1 ESMF_PIO                    : enabled
20231016 032755.116 INFO             PET1 ESMF_YAMLCPP                : enabled
20231016 032755.116 INFO             PET1 esmApp STARTING
20231016 032755.122 INFO             PET1 esm: InitializeGeneric intro.
20231016 032755.122 INFO             PET1   esm: InitializeP0 intro.
20231016 032755.122 INFO             PET1   esm: InitializeP0 extro.
20231016 032755.122 INFO             PET1   esm: InitializeIPDv02p1 intro.
20231016 032755.122 INFO             PET1     >>>esm: entered Initialize (phase=<none>) without valid internal Clock.
20231016 032755.123 INFO             PET1     esm - Creating model component ATM with petList of size 2 :
20231016 032755.123 INFO             PET1           0      1
20231016 032755.123 DEBUG            PET1     Generic SetVM() is executing for: ATM
20231016 032755.123 ERROR            PET1 ATM:src/addon/NUOPC/src/NUOPC_Base.F90:5572     Invalid argument  - Generic SetVM() detected lacking Pthreads support for: ATM
20231016 032755.123 ERROR            PET1 esm:src/addon/NUOPC/src/NUOPC_Driver.F90:4771     Invalid argument  - Passing error in return code
20231016 032755.123 ERROR            PET1 esm.F90:137     Invalid argument  - Passing error in return code
20231016 032755.123 ERROR            PET1 esm:src/addon/NUOPC/src/NUOPC_Driver.F90:797     Invalid argument  - Passing error in return code
20231016 032755.123 ERROR            PET1 esm:src/addon/NUOPC/src/NUOPC_Driver.F90:486     Invalid argument  - Passing error in return code
20231016 032755.123 ERROR            PET1 esmApp.F90:88     Invalid argument  - Passing error in return code
20231016 032755.123 INFO             PET1      Finalizing ESMF with endflag==ESMF_END_ABORT
20231016 032755.115 INFO             PET2 !!!!!!!!!!!!!!!!!!!!!!!!!!!!!!!!!!!!!!!!!!!!!!!!!!!!!!
20231016 032755.115 INFO             PET2 !!! THE ESMF_LOG IS SET TO OUTPUT ALL LOG MESSAGES !!!
20231016 032755.115 INFO             PET2 !!!     THIS MAY CAUSE SLOWDOWN IN PERFORMANCE     !!!
20231016 032755.115 INFO             PET2 !!! FOR PRODUCTION RUNS, USE:                      !!!
20231016 032755.115 INFO             PET2 !!!                   ESMF_LOGKIND_Multi_On_Error  !!!
20231016 032755.115 INFO             PET2 !!!!!!!!!!!!!!!!!!!!!!!!!!!!!!!!!!!!!!!!!!!!!!!!!!!!!!
20231016 032755.115 INFO             PET2 Running with ESMF Version   : v8.6.0b09
20231016 032755.115 INFO             PET2 ESMF library build date/time: "Oct 16 2023" "02:41:46"
20231016 032755.115 INFO             PET2 ESMF library build location : /glade/scratch/theurich/ESMF-Nightly-Testing/gfortran_13.1.0_openmpi_g_develop/esmf
20231016 032755.115 INFO             PET2 ESMF_COMM                   : openmpi
20231016 032755.115 INFO             PET2 ESMF_MOAB                   : enabled
20231016 032755.115 INFO             PET2 ESMF_LAPACK                 : enabled
20231016 032755.115 INFO             PET2 ESMF_NETCDF                 : enabled
20231016 032755.115 INFO             PET2 ESMF_PNETCDF                : disabled
20231016 032755.115 INFO             PET2 ESMF_PIO                    : enabled
20231016 032755.115 INFO             PET2 ESMF_YAMLCPP                : enabled
20231016 032755.116 INFO             PET2 esmApp STARTING
20231016 032755.121 INFO             PET2 esm: InitializeGeneric intro.
20231016 032755.121 INFO             PET2   esm: InitializeP0 intro.
20231016 032755.121 INFO             PET2   esm: InitializeP0 extro.
20231016 032755.121 INFO             PET2   esm: InitializeIPDv02p1 intro.
20231016 032755.121 INFO             PET2     >>>esm: entered Initialize (phase=<none>) without valid internal Clock.
20231016 032755.123 INFO             PET2     esm - Creating model component ATM with petList of size 2 :
20231016 032755.123 INFO             PET2           0      1
20231016 032755.123 DEBUG            PET2     Generic SetVM() is executing for: ATM
20231016 032755.123 ERROR            PET2 ATM:src/addon/NUOPC/src/NUOPC_Base.F90:5572     Invalid argument  - Generic SetVM() detected lacking Pthreads support for: ATM
20231016 032755.123 ERROR            PET2 esm:src/addon/NUOPC/src/NUOPC_Driver.F90:4771     Invalid argument  - Passing error in return code
20231016 032755.123 ERROR            PET2 esm.F90:137     Invalid argument  - Passing error in return code
20231016 032755.123 ERROR            PET2 esm:src/addon/NUOPC/src/NUOPC_Driver.F90:797     Invalid argument  - Passing error in return code
20231016 032755.123 ERROR            PET2 esm:src/addon/NUOPC/src/NUOPC_Driver.F90:486     Invalid argument  - Passing error in return code
20231016 032755.123 ERROR            PET2 esmApp.F90:88     Invalid argument  - Passing error in return code
20231016 032755.123 INFO             PET2      Finalizing ESMF with endflag==ESMF_END_ABORT
20231016 032755.115 INFO             PET3 !!!!!!!!!!!!!!!!!!!!!!!!!!!!!!!!!!!!!!!!!!!!!!!!!!!!!!
20231016 032755.115 INFO             PET3 !!! THE ESMF_LOG IS SET TO OUTPUT ALL LOG MESSAGES !!!
20231016 032755.115 INFO             PET3 !!!     THIS MAY CAUSE SLOWDOWN IN PERFORMANCE     !!!
20231016 032755.115 INFO             PET3 !!! FOR PRODUCTION RUNS, USE:                      !!!
20231016 032755.115 INFO             PET3 !!!                   ESMF_LOGKIND_Multi_On_Error  !!!
20231016 032755.115 INFO             PET3 !!!!!!!!!!!!!!!!!!!!!!!!!!!!!!!!!!!!!!!!!!!!!!!!!!!!!!
20231016 032755.115 INFO             PET3 Running with ESMF Version   : v8.6.0b09
20231016 032755.115 INFO             PET3 ESMF library build date/time: "Oct 16 2023" "02:41:46"
20231016 032755.115 INFO             PET3 ESMF library build location : /glade/scratch/theurich/ESMF-Nightly-Testing/gfortran_13.1.0_openmpi_g_develop/esmf
20231016 032755.115 INFO             PET3 ESMF_COMM                   : openmpi
20231016 032755.116 INFO             PET3 ESMF_MOAB                   : enabled
20231016 032755.116 INFO             PET3 ESMF_LAPACK                 : enabled
20231016 032755.116 INFO             PET3 ESMF_NETCDF                 : enabled
20231016 032755.116 INFO             PET3 ESMF_PNETCDF                : disabled
20231016 032755.116 INFO             PET3 ESMF_PIO                    : enabled
20231016 032755.116 INFO             PET3 ESMF_YAMLCPP                : enabled
20231016 032755.116 INFO             PET3 esmApp STARTING
20231016 032755.121 INFO             PET3 esm: InitializeGeneric intro.
20231016 032755.121 INFO             PET3   esm: InitializeP0 intro.
20231016 032755.121 INFO             PET3   esm: InitializeP0 extro.
20231016 032755.121 INFO             PET3   esm: InitializeIPDv02p1 intro.
20231016 032755.122 INFO             PET3     >>>esm: entered Initialize (phase=<none>) without valid internal Clock.
20231016 032755.123 INFO             PET3     esm - Creating model component ATM with petList of size 2 :
20231016 032755.123 INFO             PET3           0      1
20231016 032755.123 DEBUG            PET3     Generic SetVM() is executing for: ATM
20231016 032755.123 ERROR            PET3 ATM:src/addon/NUOPC/src/NUOPC_Base.F90:5572     Invalid argument  - Generic SetVM() detected lacking Pthreads support for: ATM
20231016 032755.123 ERROR            PET3 esm:src/addon/NUOPC/src/NUOPC_Driver.F90:4771     Invalid argument  - Passing error in return code
20231016 032755.123 ERROR            PET3 esm.F90:137     Invalid argument  - Passing error in return code
20231016 032755.123 ERROR            PET3 esm:src/addon/NUOPC/src/NUOPC_Driver.F90:797     Invalid argument  - Passing error in return code
20231016 032755.123 ERROR            PET3 esm:src/addon/NUOPC/src/NUOPC_Driver.F90:486     Invalid argument  - Passing error in return code
20231016 032755.123 ERROR            PET3 esmApp.F90:88     Invalid argument  - Passing error in return code
20231016 032755.123 INFO             PET3      Finalizing ESMF with endflag==ESMF_END_ABORT
