2023-10-12 02:44:07
20231012 032653.175 INFO             PET0 !!!!!!!!!!!!!!!!!!!!!!!!!!!!!!!!!!!!!!!!!!!!!!!!!!!!!!
20231012 032653.175 INFO             PET0 !!! THE ESMF_LOG IS SET TO OUTPUT ALL LOG MESSAGES !!!
20231012 032653.175 INFO             PET0 !!!     THIS MAY CAUSE SLOWDOWN IN PERFORMANCE     !!!
20231012 032653.175 INFO             PET0 !!! FOR PRODUCTION RUNS, USE:                      !!!
20231012 032653.175 INFO             PET0 !!!                   ESMF_LOGKIND_Multi_On_Error  !!!
20231012 032653.175 INFO             PET0 !!!!!!!!!!!!!!!!!!!!!!!!!!!!!!!!!!!!!!!!!!!!!!!!!!!!!!
20231012 032653.175 INFO             PET0 Running with ESMF Version   : v8.6.0b08-5-gefca49259f
20231012 032653.175 INFO             PET0 ESMF library build date/time: "Oct 12 2023" "02:41:03"
20231012 032653.175 INFO             PET0 ESMF library build location : /glade/scratch/theurich/ESMF-Nightly-Testing/gfortran_13.1.0_openmpi_g_develop/esmf
20231012 032653.175 INFO             PET0 ESMF_COMM                   : openmpi
20231012 032653.175 INFO             PET0 ESMF_MOAB                   : enabled
20231012 032653.175 INFO             PET0 ESMF_LAPACK                 : enabled
20231012 032653.175 INFO             PET0 ESMF_NETCDF                 : enabled
20231012 032653.175 INFO             PET0 ESMF_PNETCDF                : disabled
20231012 032653.175 INFO             PET0 ESMF_PIO                    : enabled
20231012 032653.175 INFO             PET0 ESMF_YAMLCPP                : enabled
20231012 032653.178 INFO             PET0 esmApp STARTING
20231012 032653.178 INFO             PET0 esmApp VM init: --- VMK::log() start -------------------------------------
20231012 032653.178 INFO             PET0 esmApp VM init: vm located at: 0x23290c0
20231012 032653.178 INFO             PET0 esmApp VM init: petCount=4 localPet=0 mypthid=0 currentSsiPe=10
20231012 032653.178 INFO             PET0 esmApp VM init: Current system level OMP_NUM_THREADS setting for local PET: 1
20231012 032653.178 INFO             PET0 esmApp VM init: ssiCount=1 localSsi=0
20231012 032653.178 INFO             PET0 esmApp VM init: mpionly=1 threadsflag=0
20231012 032653.178 INFO             PET0 esmApp VM init: ESMF level logical PET->PE association (but consider system level affinity pinning!):
20231012 032653.178 INFO             PET0 esmApp VM init: PET=0 lpid=0 tid=0 pid=0 peCount=1 accCount=0
20231012 032653.178 INFO             PET0 esmApp VM init:  PE=0 SSI=0 SSIPE=0
20231012 032653.179 INFO             PET0 esmApp VM init: PET=1 lpid=1 tid=0 pid=1 peCount=1 accCount=0
20231012 032653.179 INFO             PET0 esmApp VM init:  PE=1 SSI=0 SSIPE=1
20231012 032653.179 INFO             PET0 esmApp VM init: PET=2 lpid=2 tid=0 pid=2 peCount=1 accCount=0
20231012 032653.179 INFO             PET0 esmApp VM init:  PE=2 SSI=0 SSIPE=2
20231012 032653.179 INFO             PET0 esmApp VM init: PET=3 lpid=3 tid=0 pid=3 peCount=1 accCount=0
20231012 032653.179 INFO             PET0 esmApp VM init:  PE=3 SSI=0 SSIPE=3
20231012 032653.179 INFO             PET0 esmApp VM init: --- VMK::log() end ---------------------------------------
20231012 032653.183 INFO             PET0 esm: InitializeGeneric intro.
20231012 032653.183 INFO             PET0   esm: InitializeP0 intro.
20231012 032653.183 INFO             PET0   esm: InitializeP0 extro.
20231012 032653.183 INFO             PET0   esm: InitializeIPDv02p1 intro.
20231012 032653.184 INFO             PET0     >>>esm: entered Initialize (phase=<none>) without valid internal Clock.
20231012 032653.184 INFO             PET0     ESM SetModelServices() enter: --- VMK::log() start -------------------------------------
20231012 032653.184 INFO             PET0     ESM SetModelServices() enter: vm located at: 0x26a63e0
20231012 032653.184 INFO             PET0     ESM SetModelServices() enter: petCount=4 localPet=0 mypthid=0 currentSsiPe=10
20231012 032653.184 INFO             PET0     ESM SetModelServices() enter: Current system level OMP_NUM_THREADS setting for local PET: 1
20231012 032653.184 INFO             PET0     ESM SetModelServices() enter: ssiCount=1 localSsi=0
20231012 032653.184 INFO             PET0     ESM SetModelServices() enter: mpionly=1 threadsflag=0
20231012 032653.184 INFO             PET0     ESM SetModelServices() enter: ESMF level logical PET->PE association (but consider system level affinity pinning!):
20231012 032653.184 INFO             PET0     ESM SetModelServices() enter: PET=0 lpid=0 tid=0 pid=0 peCount=1 accCount=0
20231012 032653.186 INFO             PET0     ESM SetModelServices() enter:  PE=0 SSI=0 SSIPE=0
20231012 032653.186 INFO             PET0     ESM SetModelServices() enter: PET=1 lpid=1 tid=0 pid=1 peCount=1 accCount=0
20231012 032653.186 INFO             PET0     ESM SetModelServices() enter:  PE=1 SSI=0 SSIPE=1
20231012 032653.186 INFO             PET0     ESM SetModelServices() enter: PET=2 lpid=2 tid=0 pid=2 peCount=1 accCount=0
20231012 032653.186 INFO             PET0     ESM SetModelServices() enter:  PE=2 SSI=0 SSIPE=2
20231012 032653.186 INFO             PET0     ESM SetModelServices() enter: PET=3 lpid=3 tid=0 pid=3 peCount=1 accCount=0
20231012 032653.186 INFO             PET0     ESM SetModelServices() enter:  PE=3 SSI=0 SSIPE=3
20231012 032653.186 INFO             PET0     ESM SetModelServices() enter: --- VMK::log() end ---------------------------------------
20231012 032653.187 INFO             PET0     esm - Creating model component ATM with petList of size 3 :
20231012 032653.187 INFO             PET0           0      1      3
20231012 032653.188 DEBUG            PET0     Generic SetVM() is executing for: ATM
20231012 032653.188 ERROR            PET0 ATM:src/addon/NUOPC/src/NUOPC_Base.F90:5572     Invalid argument  - Generic SetVM() detected lacking Pthreads support for: ATM
20231012 032653.188 ERROR            PET0 esm:src/addon/NUOPC/src/NUOPC_Driver.F90:4771     Invalid argument  - Passing error in return code
20231012 032653.188 ERROR            PET0 esm.F90:179     Invalid argument  - Passing error in return code
20231012 032653.188 ERROR            PET0 esm:src/addon/NUOPC/src/NUOPC_Driver.F90:797     Invalid argument  - Passing error in return code
20231012 032653.188 ERROR            PET0 esm:src/addon/NUOPC/src/NUOPC_Driver.F90:486     Invalid argument  - Passing error in return code
20231012 032653.188 ERROR            PET0 esmApp.F90:89     Invalid argument  - Passing error in return code
20231012 032653.188 INFO             PET0      Finalizing ESMF with endflag==ESMF_END_ABORT
20231012 032653.176 INFO             PET1 !!!!!!!!!!!!!!!!!!!!!!!!!!!!!!!!!!!!!!!!!!!!!!!!!!!!!!
20231012 032653.176 INFO             PET1 !!! THE ESMF_LOG IS SET TO OUTPUT ALL LOG MESSAGES !!!
20231012 032653.176 INFO             PET1 !!!     THIS MAY CAUSE SLOWDOWN IN PERFORMANCE     !!!
20231012 032653.176 INFO             PET1 !!! FOR PRODUCTION RUNS, USE:                      !!!
20231012 032653.176 INFO             PET1 !!!                   ESMF_LOGKIND_Multi_On_Error  !!!
20231012 032653.176 INFO             PET1 !!!!!!!!!!!!!!!!!!!!!!!!!!!!!!!!!!!!!!!!!!!!!!!!!!!!!!
20231012 032653.176 INFO             PET1 Running with ESMF Version   : v8.6.0b08-5-gefca49259f
20231012 032653.176 INFO             PET1 ESMF library build date/time: "Oct 12 2023" "02:41:03"
20231012 032653.176 INFO             PET1 ESMF library build location : /glade/scratch/theurich/ESMF-Nightly-Testing/gfortran_13.1.0_openmpi_g_develop/esmf
20231012 032653.176 INFO             PET1 ESMF_COMM                   : openmpi
20231012 032653.177 INFO             PET1 ESMF_MOAB                   : enabled
20231012 032653.177 INFO             PET1 ESMF_LAPACK                 : enabled
20231012 032653.177 INFO             PET1 ESMF_NETCDF                 : enabled
20231012 032653.177 INFO             PET1 ESMF_PNETCDF                : disabled
20231012 032653.177 INFO             PET1 ESMF_PIO                    : enabled
20231012 032653.177 INFO             PET1 ESMF_YAMLCPP                : enabled
20231012 032653.178 INFO             PET1 esmApp STARTING
20231012 032653.178 INFO             PET1 esmApp VM init: --- VMK::log() start -------------------------------------
20231012 032653.178 INFO             PET1 esmApp VM init: vm located at: 0x1ee00c0
20231012 032653.178 INFO             PET1 esmApp VM init: petCount=4 localPet=1 mypthid=0 currentSsiPe=21
20231012 032653.178 INFO             PET1 esmApp VM init: Current system level OMP_NUM_THREADS setting for local PET: 1
20231012 032653.178 INFO             PET1 esmApp VM init: ssiCount=1 localSsi=0
20231012 032653.178 INFO             PET1 esmApp VM init: mpionly=1 threadsflag=0
20231012 032653.178 INFO             PET1 esmApp VM init: ESMF level logical PET->PE association (but consider system level affinity pinning!):
20231012 032653.178 INFO             PET1 esmApp VM init: PET=0 lpid=0 tid=0 pid=0 peCount=1 accCount=0
20231012 032653.178 INFO             PET1 esmApp VM init:  PE=0 SSI=0 SSIPE=0
20231012 032653.178 INFO             PET1 esmApp VM init: PET=1 lpid=1 tid=0 pid=1 peCount=1 accCount=0
20231012 032653.179 INFO             PET1 esmApp VM init:  PE=1 SSI=0 SSIPE=1
20231012 032653.179 INFO             PET1 esmApp VM init: PET=2 lpid=2 tid=0 pid=2 peCount=1 accCount=0
20231012 032653.179 INFO             PET1 esmApp VM init:  PE=2 SSI=0 SSIPE=2
20231012 032653.179 INFO             PET1 esmApp VM init: PET=3 lpid=3 tid=0 pid=3 peCount=1 accCount=0
20231012 032653.179 INFO             PET1 esmApp VM init:  PE=3 SSI=0 SSIPE=3
20231012 032653.179 INFO             PET1 esmApp VM init: --- VMK::log() end ---------------------------------------
20231012 032653.183 INFO             PET1 esm: InitializeGeneric intro.
20231012 032653.183 INFO             PET1   esm: InitializeP0 intro.
20231012 032653.183 INFO             PET1   esm: InitializeP0 extro.
20231012 032653.184 INFO             PET1   esm: InitializeIPDv02p1 intro.
20231012 032653.184 INFO             PET1     >>>esm: entered Initialize (phase=<none>) without valid internal Clock.
20231012 032653.184 INFO             PET1     ESM SetModelServices() enter: --- VMK::log() start -------------------------------------
20231012 032653.184 INFO             PET1     ESM SetModelServices() enter: vm located at: 0x225d400
20231012 032653.184 INFO             PET1     ESM SetModelServices() enter: petCount=4 localPet=1 mypthid=0 currentSsiPe=21
20231012 032653.184 INFO             PET1     ESM SetModelServices() enter: Current system level OMP_NUM_THREADS setting for local PET: 1
20231012 032653.184 INFO             PET1     ESM SetModelServices() enter: ssiCount=1 localSsi=0
20231012 032653.184 INFO             PET1     ESM SetModelServices() enter: mpionly=1 threadsflag=0
20231012 032653.184 INFO             PET1     ESM SetModelServices() enter: ESMF level logical PET->PE association (but consider system level affinity pinning!):
20231012 032653.184 INFO             PET1     ESM SetModelServices() enter: PET=0 lpid=0 tid=0 pid=0 peCount=1 accCount=0
20231012 032653.186 INFO             PET1     ESM SetModelServices() enter:  PE=0 SSI=0 SSIPE=0
20231012 032653.186 INFO             PET1     ESM SetModelServices() enter: PET=1 lpid=1 tid=0 pid=1 peCount=1 accCount=0
20231012 032653.186 INFO             PET1     ESM SetModelServices() enter:  PE=1 SSI=0 SSIPE=1
20231012 032653.186 INFO             PET1     ESM SetModelServices() enter: PET=2 lpid=2 tid=0 pid=2 peCount=1 accCount=0
20231012 032653.186 INFO             PET1     ESM SetModelServices() enter:  PE=2 SSI=0 SSIPE=2
20231012 032653.186 INFO             PET1     ESM SetModelServices() enter: PET=3 lpid=3 tid=0 pid=3 peCount=1 accCount=0
20231012 032653.186 INFO             PET1     ESM SetModelServices() enter:  PE=3 SSI=0 SSIPE=3
20231012 032653.186 INFO             PET1     ESM SetModelServices() enter: --- VMK::log() end ---------------------------------------
20231012 032653.187 INFO             PET1     esm - Creating model component ATM with petList of size 3 :
20231012 032653.187 INFO             PET1           0      1      3
20231012 032653.188 DEBUG            PET1     Generic SetVM() is executing for: ATM
20231012 032653.188 ERROR            PET1 ATM:src/addon/NUOPC/src/NUOPC_Base.F90:5572     Invalid argument  - Generic SetVM() detected lacking Pthreads support for: ATM
20231012 032653.188 ERROR            PET1 esm:src/addon/NUOPC/src/NUOPC_Driver.F90:4771     Invalid argument  - Passing error in return code
20231012 032653.188 ERROR            PET1 esm.F90:179     Invalid argument  - Passing error in return code
20231012 032653.188 ERROR            PET1 esm:src/addon/NUOPC/src/NUOPC_Driver.F90:797     Invalid argument  - Passing error in return code
20231012 032653.188 ERROR            PET1 esm:src/addon/NUOPC/src/NUOPC_Driver.F90:486     Invalid argument  - Passing error in return code
20231012 032653.188 ERROR            PET1 esmApp.F90:89     Invalid argument  - Passing error in return code
20231012 032653.188 INFO             PET1      Finalizing ESMF with endflag==ESMF_END_ABORT
20231012 032653.176 INFO             PET2 !!!!!!!!!!!!!!!!!!!!!!!!!!!!!!!!!!!!!!!!!!!!!!!!!!!!!!
20231012 032653.176 INFO             PET2 !!! THE ESMF_LOG IS SET TO OUTPUT ALL LOG MESSAGES !!!
20231012 032653.176 INFO             PET2 !!!     THIS MAY CAUSE SLOWDOWN IN PERFORMANCE     !!!
20231012 032653.176 INFO             PET2 !!! FOR PRODUCTION RUNS, USE:                      !!!
20231012 032653.176 INFO             PET2 !!!                   ESMF_LOGKIND_Multi_On_Error  !!!
20231012 032653.176 INFO             PET2 !!!!!!!!!!!!!!!!!!!!!!!!!!!!!!!!!!!!!!!!!!!!!!!!!!!!!!
20231012 032653.176 INFO             PET2 Running with ESMF Version   : v8.6.0b08-5-gefca49259f
20231012 032653.176 INFO             PET2 ESMF library build date/time: "Oct 12 2023" "02:41:03"
20231012 032653.176 INFO             PET2 ESMF library build location : /glade/scratch/theurich/ESMF-Nightly-Testing/gfortran_13.1.0_openmpi_g_develop/esmf
20231012 032653.176 INFO             PET2 ESMF_COMM                   : openmpi
20231012 032653.176 INFO             PET2 ESMF_MOAB                   : enabled
20231012 032653.176 INFO             PET2 ESMF_LAPACK                 : enabled
20231012 032653.176 INFO             PET2 ESMF_NETCDF                 : enabled
20231012 032653.176 INFO             PET2 ESMF_PNETCDF                : disabled
20231012 032653.176 INFO             PET2 ESMF_PIO                    : enabled
20231012 032653.176 INFO             PET2 ESMF_YAMLCPP                : enabled
20231012 032653.178 INFO             PET2 esmApp STARTING
20231012 032653.178 INFO             PET2 esmApp VM init: --- VMK::log() start -------------------------------------
20231012 032653.178 INFO             PET2 esmApp VM init: vm located at: 0x1ff50c0
20231012 032653.178 INFO             PET2 esmApp VM init: petCount=4 localPet=2 mypthid=0 currentSsiPe=0
20231012 032653.178 INFO             PET2 esmApp VM init: Current system level OMP_NUM_THREADS setting for local PET: 1
20231012 032653.178 INFO             PET2 esmApp VM init: ssiCount=1 localSsi=0
20231012 032653.178 INFO             PET2 esmApp VM init: mpionly=1 threadsflag=0
20231012 032653.178 INFO             PET2 esmApp VM init: ESMF level logical PET->PE association (but consider system level affinity pinning!):
20231012 032653.178 INFO             PET2 esmApp VM init: PET=0 lpid=0 tid=0 pid=0 peCount=1 accCount=0
20231012 032653.178 INFO             PET2 esmApp VM init:  PE=0 SSI=0 SSIPE=0
20231012 032653.178 INFO             PET2 esmApp VM init: PET=1 lpid=1 tid=0 pid=1 peCount=1 accCount=0
20231012 032653.178 INFO             PET2 esmApp VM init:  PE=1 SSI=0 SSIPE=1
20231012 032653.178 INFO             PET2 esmApp VM init: PET=2 lpid=2 tid=0 pid=2 peCount=1 accCount=0
20231012 032653.179 INFO             PET2 esmApp VM init:  PE=2 SSI=0 SSIPE=2
20231012 032653.179 INFO             PET2 esmApp VM init: PET=3 lpid=3 tid=0 pid=3 peCount=1 accCount=0
20231012 032653.179 INFO             PET2 esmApp VM init:  PE=3 SSI=0 SSIPE=3
20231012 032653.179 INFO             PET2 esmApp VM init: --- VMK::log() end ---------------------------------------
20231012 032653.183 INFO             PET2 esm: InitializeGeneric intro.
20231012 032653.183 INFO             PET2   esm: InitializeP0 intro.
20231012 032653.183 INFO             PET2   esm: InitializeP0 extro.
20231012 032653.183 INFO             PET2   esm: InitializeIPDv02p1 intro.
20231012 032653.184 INFO             PET2     >>>esm: entered Initialize (phase=<none>) without valid internal Clock.
20231012 032653.184 INFO             PET2     ESM SetModelServices() enter: --- VMK::log() start -------------------------------------
20231012 032653.184 INFO             PET2     ESM SetModelServices() enter: vm located at: 0x236c3c0
20231012 032653.184 INFO             PET2     ESM SetModelServices() enter: petCount=4 localPet=2 mypthid=0 currentSsiPe=0
20231012 032653.184 INFO             PET2     ESM SetModelServices() enter: Current system level OMP_NUM_THREADS setting for local PET: 1
20231012 032653.184 INFO             PET2     ESM SetModelServices() enter: ssiCount=1 localSsi=0
20231012 032653.184 INFO             PET2     ESM SetModelServices() enter: mpionly=1 threadsflag=0
20231012 032653.184 INFO             PET2     ESM SetModelServices() enter: ESMF level logical PET->PE association (but consider system level affinity pinning!):
20231012 032653.184 INFO             PET2     ESM SetModelServices() enter: PET=0 lpid=0 tid=0 pid=0 peCount=1 accCount=0
20231012 032653.186 INFO             PET2     ESM SetModelServices() enter:  PE=0 SSI=0 SSIPE=0
20231012 032653.186 INFO             PET2     ESM SetModelServices() enter: PET=1 lpid=1 tid=0 pid=1 peCount=1 accCount=0
20231012 032653.186 INFO             PET2     ESM SetModelServices() enter:  PE=1 SSI=0 SSIPE=1
20231012 032653.186 INFO             PET2     ESM SetModelServices() enter: PET=2 lpid=2 tid=0 pid=2 peCount=1 accCount=0
20231012 032653.186 INFO             PET2     ESM SetModelServices() enter:  PE=2 SSI=0 SSIPE=2
20231012 032653.186 INFO             PET2     ESM SetModelServices() enter: PET=3 lpid=3 tid=0 pid=3 peCount=1 accCount=0
20231012 032653.186 INFO             PET2     ESM SetModelServices() enter:  PE=3 SSI=0 SSIPE=3
20231012 032653.186 INFO             PET2     ESM SetModelServices() enter: --- VMK::log() end ---------------------------------------
20231012 032653.187 INFO             PET2     esm - Creating model component ATM with petList of size 3 :
20231012 032653.187 INFO             PET2           0      1      3
20231012 032653.188 DEBUG            PET2     Generic SetVM() is executing for: ATM
20231012 032653.188 ERROR            PET2 ATM:src/addon/NUOPC/src/NUOPC_Base.F90:5572     Invalid argument  - Generic SetVM() detected lacking Pthreads support for: ATM
20231012 032653.188 ERROR            PET2 esm:src/addon/NUOPC/src/NUOPC_Driver.F90:4771     Invalid argument  - Passing error in return code
20231012 032653.188 ERROR            PET2 esm.F90:179     Invalid argument  - Passing error in return code
20231012 032653.188 ERROR            PET2 esm:src/addon/NUOPC/src/NUOPC_Driver.F90:797     Invalid argument  - Passing error in return code
20231012 032653.188 ERROR            PET2 esm:src/addon/NUOPC/src/NUOPC_Driver.F90:486     Invalid argument  - Passing error in return code
20231012 032653.188 ERROR            PET2 esmApp.F90:89     Invalid argument  - Passing error in return code
20231012 032653.188 INFO             PET2      Finalizing ESMF with endflag==ESMF_END_ABORT
20231012 032653.177 INFO             PET3 !!!!!!!!!!!!!!!!!!!!!!!!!!!!!!!!!!!!!!!!!!!!!!!!!!!!!!
20231012 032653.177 INFO             PET3 !!! THE ESMF_LOG IS SET TO OUTPUT ALL LOG MESSAGES !!!
20231012 032653.177 INFO             PET3 !!!     THIS MAY CAUSE SLOWDOWN IN PERFORMANCE     !!!
20231012 032653.177 INFO             PET3 !!! FOR PRODUCTION RUNS, USE:                      !!!
20231012 032653.177 INFO             PET3 !!!                   ESMF_LOGKIND_Multi_On_Error  !!!
20231012 032653.177 INFO             PET3 !!!!!!!!!!!!!!!!!!!!!!!!!!!!!!!!!!!!!!!!!!!!!!!!!!!!!!
20231012 032653.177 INFO             PET3 Running with ESMF Version   : v8.6.0b08-5-gefca49259f
20231012 032653.177 INFO             PET3 ESMF library build date/time: "Oct 12 2023" "02:41:03"
20231012 032653.177 INFO             PET3 ESMF library build location : /glade/scratch/theurich/ESMF-Nightly-Testing/gfortran_13.1.0_openmpi_g_develop/esmf
20231012 032653.177 INFO             PET3 ESMF_COMM                   : openmpi
20231012 032653.177 INFO             PET3 ESMF_MOAB                   : enabled
20231012 032653.177 INFO             PET3 ESMF_LAPACK                 : enabled
20231012 032653.177 INFO             PET3 ESMF_NETCDF                 : enabled
20231012 032653.177 INFO             PET3 ESMF_PNETCDF                : disabled
20231012 032653.177 INFO             PET3 ESMF_PIO                    : enabled
20231012 032653.177 INFO             PET3 ESMF_YAMLCPP                : enabled
20231012 032653.178 INFO             PET3 esmApp STARTING
20231012 032653.178 INFO             PET3 esmApp VM init: --- VMK::log() start -------------------------------------
20231012 032653.178 INFO             PET3 esmApp VM init: vm located at: 0x1c0a0c0
20231012 032653.178 INFO             PET3 esmApp VM init: petCount=4 localPet=3 mypthid=0 currentSsiPe=34
20231012 032653.178 INFO             PET3 esmApp VM init: Current system level OMP_NUM_THREADS setting for local PET: 1
20231012 032653.178 INFO             PET3 esmApp VM init: ssiCount=1 localSsi=0
20231012 032653.178 INFO             PET3 esmApp VM init: mpionly=1 threadsflag=0
20231012 032653.178 INFO             PET3 esmApp VM init: ESMF level logical PET->PE association (but consider system level affinity pinning!):
20231012 032653.178 INFO             PET3 esmApp VM init: PET=0 lpid=0 tid=0 pid=0 peCount=1 accCount=0
20231012 032653.178 INFO             PET3 esmApp VM init:  PE=0 SSI=0 SSIPE=0
20231012 032653.179 INFO             PET3 esmApp VM init: PET=1 lpid=1 tid=0 pid=1 peCount=1 accCount=0
20231012 032653.179 INFO             PET3 esmApp VM init:  PE=1 SSI=0 SSIPE=1
20231012 032653.179 INFO             PET3 esmApp VM init: PET=2 lpid=2 tid=0 pid=2 peCount=1 accCount=0
20231012 032653.179 INFO             PET3 esmApp VM init:  PE=2 SSI=0 SSIPE=2
20231012 032653.179 INFO             PET3 esmApp VM init: PET=3 lpid=3 tid=0 pid=3 peCount=1 accCount=0
20231012 032653.179 INFO             PET3 esmApp VM init:  PE=3 SSI=0 SSIPE=3
20231012 032653.179 INFO             PET3 esmApp VM init: --- VMK::log() end ---------------------------------------
20231012 032653.183 INFO             PET3 esm: InitializeGeneric intro.
20231012 032653.183 INFO             PET3   esm: InitializeP0 intro.
20231012 032653.183 INFO             PET3   esm: InitializeP0 extro.
20231012 032653.184 INFO             PET3   esm: InitializeIPDv02p1 intro.
20231012 032653.184 INFO             PET3     >>>esm: entered Initialize (phase=<none>) without valid internal Clock.
20231012 032653.184 INFO             PET3     ESM SetModelServices() enter: --- VMK::log() start -------------------------------------
20231012 032653.184 INFO             PET3     ESM SetModelServices() enter: vm located at: 0x1f813d0
20231012 032653.184 INFO             PET3     ESM SetModelServices() enter: petCount=4 localPet=3 mypthid=0 currentSsiPe=34
20231012 032653.184 INFO             PET3     ESM SetModelServices() enter: Current system level OMP_NUM_THREADS setting for local PET: 1
20231012 032653.184 INFO             PET3     ESM SetModelServices() enter: ssiCount=1 localSsi=0
20231012 032653.184 INFO             PET3     ESM SetModelServices() enter: mpionly=1 threadsflag=0
20231012 032653.184 INFO             PET3     ESM SetModelServices() enter: ESMF level logical PET->PE association (but consider system level affinity pinning!):
20231012 032653.184 INFO             PET3     ESM SetModelServices() enter: PET=0 lpid=0 tid=0 pid=0 peCount=1 accCount=0
20231012 032653.187 INFO             PET3     ESM SetModelServices() enter:  PE=0 SSI=0 SSIPE=0
20231012 032653.187 INFO             PET3     ESM SetModelServices() enter: PET=1 lpid=1 tid=0 pid=1 peCount=1 accCount=0
20231012 032653.187 INFO             PET3     ESM SetModelServices() enter:  PE=1 SSI=0 SSIPE=1
20231012 032653.187 INFO             PET3     ESM SetModelServices() enter: PET=2 lpid=2 tid=0 pid=2 peCount=1 accCount=0
20231012 032653.187 INFO             PET3     ESM SetModelServices() enter:  PE=2 SSI=0 SSIPE=2
20231012 032653.187 INFO             PET3     ESM SetModelServices() enter: PET=3 lpid=3 tid=0 pid=3 peCount=1 accCount=0
20231012 032653.187 INFO             PET3     ESM SetModelServices() enter:  PE=3 SSI=0 SSIPE=3
20231012 032653.187 INFO             PET3     ESM SetModelServices() enter: --- VMK::log() end ---------------------------------------
20231012 032653.187 INFO             PET3     esm - Creating model component ATM with petList of size 3 :
20231012 032653.187 INFO             PET3           0      1      3
20231012 032653.188 DEBUG            PET3     Generic SetVM() is executing for: ATM
20231012 032653.188 ERROR            PET3 ATM:src/addon/NUOPC/src/NUOPC_Base.F90:5572     Invalid argument  - Generic SetVM() detected lacking Pthreads support for: ATM
20231012 032653.188 ERROR            PET3 esm:src/addon/NUOPC/src/NUOPC_Driver.F90:4771     Invalid argument  - Passing error in return code
20231012 032653.188 ERROR            PET3 esm.F90:179     Invalid argument  - Passing error in return code
20231012 032653.188 ERROR            PET3 esm:src/addon/NUOPC/src/NUOPC_Driver.F90:797     Invalid argument  - Passing error in return code
20231012 032653.188 ERROR            PET3 esm:src/addon/NUOPC/src/NUOPC_Driver.F90:486     Invalid argument  - Passing error in return code
20231012 032653.188 ERROR            PET3 esmApp.F90:89     Invalid argument  - Passing error in return code
20231012 032653.188 INFO             PET3      Finalizing ESMF with endflag==ESMF_END_ABORT
