2023-10-05 02:48:16
20231005 033533.827 INFO             PET0 !!!!!!!!!!!!!!!!!!!!!!!!!!!!!!!!!!!!!!!!!!!!!!!!!!!!!!
20231005 033533.827 INFO             PET0 !!! THE ESMF_LOG IS SET TO OUTPUT ALL LOG MESSAGES !!!
20231005 033533.827 INFO             PET0 !!!     THIS MAY CAUSE SLOWDOWN IN PERFORMANCE     !!!
20231005 033533.827 INFO             PET0 !!! FOR PRODUCTION RUNS, USE:                      !!!
20231005 033533.827 INFO             PET0 !!!                   ESMF_LOGKIND_Multi_On_Error  !!!
20231005 033533.827 INFO             PET0 !!!!!!!!!!!!!!!!!!!!!!!!!!!!!!!!!!!!!!!!!!!!!!!!!!!!!!
20231005 033533.827 INFO             PET0 Running with ESMF Version   : v8.6.0b07-59-g89013280a7
20231005 033533.827 INFO             PET0 ESMF library build date/time: "Oct  5 2023" "02:45:09"
20231005 033533.827 INFO             PET0 ESMF library build location : /glade/scratch/theurich/ESMF-Nightly-Testing/gfortran_13.1.0_openmpi_g_develop/esmf
20231005 033533.827 INFO             PET0 ESMF_COMM                   : openmpi
20231005 033533.827 INFO             PET0 ESMF_MOAB                   : enabled
20231005 033533.827 INFO             PET0 ESMF_LAPACK                 : enabled
20231005 033533.827 INFO             PET0 ESMF_NETCDF                 : enabled
20231005 033533.827 INFO             PET0 ESMF_PNETCDF                : disabled
20231005 033533.827 INFO             PET0 ESMF_PIO                    : enabled
20231005 033533.827 INFO             PET0 ESMF_YAMLCPP                : enabled
20231005 033533.832 INFO             PET0 =============================================
20231005 033533.832 INFO             PET0 ESMX (Earth System Model eXecutable) STARTING
20231005 033533.832 INFO             PET0 =============================================
20231005 033533.841 INFO             PET0 ESMX_Driver: InitializeGeneric intro.
20231005 033533.841 INFO             PET0   ESMX_Driver: InitializeP0 intro.
20231005 033533.841 INFO             PET0   ESMX_Driver: InitializeP0 extro.
20231005 033533.841 INFO             PET0   ESMX_Driver: InitializeIPDv02p1 intro.
20231005 033533.841 INFO             PET0     >>>ESMX_Driver: entered Initialize (phase=<none>) without valid internal Clock.
20231005 033533.849 INFO             PET0     ESMX_Driver - Creating model component ATM with petList of size 4 :
20231005 033533.849 INFO             PET0           3      2      1      0
20231005 033533.849 DEBUG            PET0     Generic SetVM() is executing for: ATM
20231005 033533.849 ERROR            PET0 ATM:src/addon/NUOPC/src/NUOPC_Base.F90:5572     Invalid argument  - Generic SetVM() detected lacking Pthreads support for: ATM
20231005 033533.849 ERROR            PET0 ESMX_Driver:src/addon/NUOPC/src/NUOPC_Driver.F90:4771     Invalid argument  - Passing error in return code
20231005 033533.849 ERROR            PET0 src/addon/ESMX/ESMX_Driver.F90:306     Invalid argument  - Unable to add component 'ATM' to driver via Fortran module.
20231005 033533.849 ERROR            PET0 ESMX_Driver:src/addon/NUOPC/src/NUOPC_Driver.F90:797     Invalid argument  - Passing error in return code
20231005 033533.849 ERROR            PET0 ESMX_Driver:src/addon/NUOPC/src/NUOPC_Driver.F90:486     Invalid argument  - Passing error in return code
20231005 033533.849 ERROR            PET0 src/addon/ESMX/ESMF_App.F90:216     Invalid argument  - Passing error in return code
20231005 033533.849 INFO             PET0     Finalizing ESMF
20231005 033533.826 INFO             PET1 !!!!!!!!!!!!!!!!!!!!!!!!!!!!!!!!!!!!!!!!!!!!!!!!!!!!!!
20231005 033533.826 INFO             PET1 !!! THE ESMF_LOG IS SET TO OUTPUT ALL LOG MESSAGES !!!
20231005 033533.826 INFO             PET1 !!!     THIS MAY CAUSE SLOWDOWN IN PERFORMANCE     !!!
20231005 033533.826 INFO             PET1 !!! FOR PRODUCTION RUNS, USE:                      !!!
20231005 033533.826 INFO             PET1 !!!                   ESMF_LOGKIND_Multi_On_Error  !!!
20231005 033533.826 INFO             PET1 !!!!!!!!!!!!!!!!!!!!!!!!!!!!!!!!!!!!!!!!!!!!!!!!!!!!!!
20231005 033533.826 INFO             PET1 Running with ESMF Version   : v8.6.0b07-59-g89013280a7
20231005 033533.826 INFO             PET1 ESMF library build date/time: "Oct  5 2023" "02:45:09"
20231005 033533.826 INFO             PET1 ESMF library build location : /glade/scratch/theurich/ESMF-Nightly-Testing/gfortran_13.1.0_openmpi_g_develop/esmf
20231005 033533.826 INFO             PET1 ESMF_COMM                   : openmpi
20231005 033533.826 INFO             PET1 ESMF_MOAB                   : enabled
20231005 033533.826 INFO             PET1 ESMF_LAPACK                 : enabled
20231005 033533.826 INFO             PET1 ESMF_NETCDF                 : enabled
20231005 033533.826 INFO             PET1 ESMF_PNETCDF                : disabled
20231005 033533.826 INFO             PET1 ESMF_PIO                    : enabled
20231005 033533.826 INFO             PET1 ESMF_YAMLCPP                : enabled
20231005 033533.832 INFO             PET1 =============================================
20231005 033533.832 INFO             PET1 ESMX (Earth System Model eXecutable) STARTING
20231005 033533.832 INFO             PET1 =============================================
20231005 033533.841 INFO             PET1 ESMX_Driver: InitializeGeneric intro.
20231005 033533.841 INFO             PET1   ESMX_Driver: InitializeP0 intro.
20231005 033533.841 INFO             PET1   ESMX_Driver: InitializeP0 extro.
20231005 033533.841 INFO             PET1   ESMX_Driver: InitializeIPDv02p1 intro.
20231005 033533.841 INFO             PET1     >>>ESMX_Driver: entered Initialize (phase=<none>) without valid internal Clock.
20231005 033533.849 INFO             PET1     ESMX_Driver - Creating model component ATM with petList of size 4 :
20231005 033533.849 INFO             PET1           3      2      1      0
20231005 033533.849 DEBUG            PET1     Generic SetVM() is executing for: ATM
20231005 033533.849 ERROR            PET1 ATM:src/addon/NUOPC/src/NUOPC_Base.F90:5572     Invalid argument  - Generic SetVM() detected lacking Pthreads support for: ATM
20231005 033533.849 ERROR            PET1 ESMX_Driver:src/addon/NUOPC/src/NUOPC_Driver.F90:4771     Invalid argument  - Passing error in return code
20231005 033533.849 ERROR            PET1 src/addon/ESMX/ESMX_Driver.F90:306     Invalid argument  - Unable to add component 'ATM' to driver via Fortran module.
20231005 033533.849 ERROR            PET1 ESMX_Driver:src/addon/NUOPC/src/NUOPC_Driver.F90:797     Invalid argument  - Passing error in return code
20231005 033533.849 ERROR            PET1 ESMX_Driver:src/addon/NUOPC/src/NUOPC_Driver.F90:486     Invalid argument  - Passing error in return code
20231005 033533.849 ERROR            PET1 src/addon/ESMX/ESMF_App.F90:216     Invalid argument  - Passing error in return code
20231005 033533.849 INFO             PET1     Finalizing ESMF
20231005 033533.826 INFO             PET2 !!!!!!!!!!!!!!!!!!!!!!!!!!!!!!!!!!!!!!!!!!!!!!!!!!!!!!
20231005 033533.826 INFO             PET2 !!! THE ESMF_LOG IS SET TO OUTPUT ALL LOG MESSAGES !!!
20231005 033533.826 INFO             PET2 !!!     THIS MAY CAUSE SLOWDOWN IN PERFORMANCE     !!!
20231005 033533.826 INFO             PET2 !!! FOR PRODUCTION RUNS, USE:                      !!!
20231005 033533.826 INFO             PET2 !!!                   ESMF_LOGKIND_Multi_On_Error  !!!
20231005 033533.826 INFO             PET2 !!!!!!!!!!!!!!!!!!!!!!!!!!!!!!!!!!!!!!!!!!!!!!!!!!!!!!
20231005 033533.826 INFO             PET2 Running with ESMF Version   : v8.6.0b07-59-g89013280a7
20231005 033533.826 INFO             PET2 ESMF library build date/time: "Oct  5 2023" "02:45:09"
20231005 033533.826 INFO             PET2 ESMF library build location : /glade/scratch/theurich/ESMF-Nightly-Testing/gfortran_13.1.0_openmpi_g_develop/esmf
20231005 033533.826 INFO             PET2 ESMF_COMM                   : openmpi
20231005 033533.826 INFO             PET2 ESMF_MOAB                   : enabled
20231005 033533.826 INFO             PET2 ESMF_LAPACK                 : enabled
20231005 033533.826 INFO             PET2 ESMF_NETCDF                 : enabled
20231005 033533.826 INFO             PET2 ESMF_PNETCDF                : disabled
20231005 033533.826 INFO             PET2 ESMF_PIO                    : enabled
20231005 033533.826 INFO             PET2 ESMF_YAMLCPP                : enabled
20231005 033533.832 INFO             PET2 =============================================
20231005 033533.832 INFO             PET2 ESMX (Earth System Model eXecutable) STARTING
20231005 033533.832 INFO             PET2 =============================================
20231005 033533.841 INFO             PET2 ESMX_Driver: InitializeGeneric intro.
20231005 033533.841 INFO             PET2   ESMX_Driver: InitializeP0 intro.
20231005 033533.841 INFO             PET2   ESMX_Driver: InitializeP0 extro.
20231005 033533.841 INFO             PET2   ESMX_Driver: InitializeIPDv02p1 intro.
20231005 033533.841 INFO             PET2     >>>ESMX_Driver: entered Initialize (phase=<none>) without valid internal Clock.
20231005 033533.849 INFO             PET2     ESMX_Driver - Creating model component ATM with petList of size 4 :
20231005 033533.849 INFO             PET2           3      2      1      0
20231005 033533.849 DEBUG            PET2     Generic SetVM() is executing for: ATM
20231005 033533.849 ERROR            PET2 ATM:src/addon/NUOPC/src/NUOPC_Base.F90:5572     Invalid argument  - Generic SetVM() detected lacking Pthreads support for: ATM
20231005 033533.849 ERROR            PET2 ESMX_Driver:src/addon/NUOPC/src/NUOPC_Driver.F90:4771     Invalid argument  - Passing error in return code
20231005 033533.849 ERROR            PET2 src/addon/ESMX/ESMX_Driver.F90:306     Invalid argument  - Unable to add component 'ATM' to driver via Fortran module.
20231005 033533.849 ERROR            PET2 ESMX_Driver:src/addon/NUOPC/src/NUOPC_Driver.F90:797     Invalid argument  - Passing error in return code
20231005 033533.849 ERROR            PET2 ESMX_Driver:src/addon/NUOPC/src/NUOPC_Driver.F90:486     Invalid argument  - Passing error in return code
20231005 033533.849 ERROR            PET2 src/addon/ESMX/ESMF_App.F90:216     Invalid argument  - Passing error in return code
20231005 033533.849 INFO             PET2     Finalizing ESMF
20231005 033533.826 INFO             PET3 !!!!!!!!!!!!!!!!!!!!!!!!!!!!!!!!!!!!!!!!!!!!!!!!!!!!!!
20231005 033533.826 INFO             PET3 !!! THE ESMF_LOG IS SET TO OUTPUT ALL LOG MESSAGES !!!
20231005 033533.826 INFO             PET3 !!!     THIS MAY CAUSE SLOWDOWN IN PERFORMANCE     !!!
20231005 033533.826 INFO             PET3 !!! FOR PRODUCTION RUNS, USE:                      !!!
20231005 033533.826 INFO             PET3 !!!                   ESMF_LOGKIND_Multi_On_Error  !!!
20231005 033533.826 INFO             PET3 !!!!!!!!!!!!!!!!!!!!!!!!!!!!!!!!!!!!!!!!!!!!!!!!!!!!!!
20231005 033533.826 INFO             PET3 Running with ESMF Version   : v8.6.0b07-59-g89013280a7
20231005 033533.826 INFO             PET3 ESMF library build date/time: "Oct  5 2023" "02:45:09"
20231005 033533.826 INFO             PET3 ESMF library build location : /glade/scratch/theurich/ESMF-Nightly-Testing/gfortran_13.1.0_openmpi_g_develop/esmf
20231005 033533.826 INFO             PET3 ESMF_COMM                   : openmpi
20231005 033533.826 INFO             PET3 ESMF_MOAB                   : enabled
20231005 033533.826 INFO             PET3 ESMF_LAPACK                 : enabled
20231005 033533.826 INFO             PET3 ESMF_NETCDF                 : enabled
20231005 033533.826 INFO             PET3 ESMF_PNETCDF                : disabled
20231005 033533.826 INFO             PET3 ESMF_PIO                    : enabled
20231005 033533.826 INFO             PET3 ESMF_YAMLCPP                : enabled
20231005 033533.832 INFO             PET3 =============================================
20231005 033533.832 INFO             PET3 ESMX (Earth System Model eXecutable) STARTING
20231005 033533.832 INFO             PET3 =============================================
20231005 033533.841 INFO             PET3 ESMX_Driver: InitializeGeneric intro.
20231005 033533.841 INFO             PET3   ESMX_Driver: InitializeP0 intro.
20231005 033533.841 INFO             PET3   ESMX_Driver: InitializeP0 extro.
20231005 033533.841 INFO             PET3   ESMX_Driver: InitializeIPDv02p1 intro.
20231005 033533.841 INFO             PET3     >>>ESMX_Driver: entered Initialize (phase=<none>) without valid internal Clock.
20231005 033533.849 INFO             PET3     ESMX_Driver - Creating model component ATM with petList of size 4 :
20231005 033533.849 INFO             PET3           3      2      1      0
20231005 033533.849 DEBUG            PET3     Generic SetVM() is executing for: ATM
20231005 033533.849 ERROR            PET3 ATM:src/addon/NUOPC/src/NUOPC_Base.F90:5572     Invalid argument  - Generic SetVM() detected lacking Pthreads support for: ATM
20231005 033533.849 ERROR            PET3 ESMX_Driver:src/addon/NUOPC/src/NUOPC_Driver.F90:4771     Invalid argument  - Passing error in return code
20231005 033533.849 ERROR            PET3 src/addon/ESMX/ESMX_Driver.F90:306     Invalid argument  - Unable to add component 'ATM' to driver via Fortran module.
20231005 033533.849 ERROR            PET3 ESMX_Driver:src/addon/NUOPC/src/NUOPC_Driver.F90:797     Invalid argument  - Passing error in return code
20231005 033533.849 ERROR            PET3 ESMX_Driver:src/addon/NUOPC/src/NUOPC_Driver.F90:486     Invalid argument  - Passing error in return code
20231005 033533.849 ERROR            PET3 src/addon/ESMX/ESMF_App.F90:216     Invalid argument  - Passing error in return code
20231005 033533.849 INFO             PET3     Finalizing ESMF
