2023-10-13 07:53:39
--------------------------------------------------------------------------
WARNING: No preset parameters were found for the device that Open MPI
detected:

  Local host:            h8c10
  Device name:           mlx5_0
  Device vendor ID:      0x02c9
  Device vendor part ID: 4123

Default device parameters will be used, which may result in lower
performance.  You can edit any of the files specified by the
btl_openib_device_param_files MCA parameter to set values for your
device.

NOTE: You can turn off this warning by setting the MCA parameter
      btl_openib_warn_no_device_params_found to 0.
--------------------------------------------------------------------------
--------------------------------------------------------------------------
WARNING: There was an error initializing an OpenFabrics device.

  Local host:   h8c10
  Local device: mlx5_0
--------------------------------------------------------------------------
[h8c10:28825] [[28075,0],0] ORTE_ERROR_LOG: Data unpack would read past end of buffer in file ../../orte/util/show_help.c at line 501
            0 -            1            1 -            3            1 - 
    0.000000        0.000000        1.300000    
  PASS  Example ESMF_FieldSMMEx, ESMF_FieldSMMEx.F90, line 419
            1 -            1            2 -            3            2 - 
    0.000000        0.000000        0.000000    
  PASS  Example ESMF_FieldSMMEx, ESMF_FieldSMMEx.F90, line 419
            2 -            1            3 -            3            3 - 
    0.000000        2.250000        0.000000    
  PASS  Example ESMF_FieldSMMEx, ESMF_FieldSMMEx.F90, line 419
            3 -            1            4 -            3            4 - 
    0.000000        0.000000        3.100000    
  PASS  Example ESMF_FieldSMMEx, ESMF_FieldSMMEx.F90, line 419
 PASS: ESMF_FieldSMMEx.F90
 PASS: ESMF_FieldSMMEx.F90
 PASS: ESMF_FieldSMMEx.F90
 PASS: ESMF_FieldSMMEx.F90
[h8c10:28825] 3 more processes have sent help message help-mpi-btl-openib.txt / no device params found
[h8c10:28825] Set MCA parameter "orte_base_help_aggregate" to 0 to see all help / error messages
[h8c10:28825] 2 more processes have sent help message help-mpi-btl-openib.txt / error in device init
