2023-10-23 20:14:59
20231023 210428.920 INFO             PET0 !!!!!!!!!!!!!!!!!!!!!!!!!!!!!!!!!!!!!!!!!!!!!!!!!!!!!!
20231023 210428.920 INFO             PET0 !!! THE ESMF_LOG IS SET TO OUTPUT ALL LOG MESSAGES !!!
20231023 210428.920 INFO             PET0 !!!     THIS MAY CAUSE SLOWDOWN IN PERFORMANCE     !!!
20231023 210428.920 INFO             PET0 !!! FOR PRODUCTION RUNS, USE:                      !!!
20231023 210428.920 INFO             PET0 !!!                   ESMF_LOGKIND_Multi_On_Error  !!!
20231023 210428.920 INFO             PET0 !!!!!!!!!!!!!!!!!!!!!!!!!!!!!!!!!!!!!!!!!!!!!!!!!!!!!!
20231023 210428.920 INFO             PET0 Running with ESMF Version   : v8.6.0b10-20-g29a503bb7f
20231023 210428.920 INFO             PET0 ESMF library build date/time: "Oct 23 2023" "20:12:24"
20231023 210428.920 INFO             PET0 ESMF library build location : /scratch2/NCEPDEV/stmp1/Gerhard.Theurich/ESMF-Nightly-Testing/nvhpc_23.3_openmpi_O_develop/esmf
20231023 210428.920 INFO             PET0 ESMF_COMM                   : openmpi
20231023 210428.921 INFO             PET0 ESMF_MOAB                   : enabled
20231023 210428.921 INFO             PET0 ESMF_LAPACK                 : enabled
20231023 210428.921 INFO             PET0 ESMF_NETCDF                 : disabled
20231023 210428.921 INFO             PET0 ESMF_PNETCDF                : disabled
20231023 210428.921 INFO             PET0 ESMF_PIO                    : disabled
20231023 210428.921 INFO             PET0 ESMF_YAMLCPP                : enabled
20231023 210428.921 INFO             PET0 ESMF Tracing Enabled
20231023 210428.921 INFO             PET0 ESMF Profiling Enabled
20231023 210428.921 INFO             PET0 ESMF Trace/Profile clock: REALTIME
20231023 210428.924 INFO             PET0  NUMBER_OF_PROCESSORS            4
20231023 210428.924 INFO             PET0  PASS  Example ESMF_TraceEx, ESMF_TraceEx.F90, line 178
20231023 210428.924 INFO             PET0  Finalizing ESMF
20231023 210428.924 INFO             PET0 **************** Region Timings *******************
20231023 210428.924 INFO             PET0 Region              Count  Total (s)   Self (s)    Mean (s)    Min (s)     Max (s)
20231023 210428.924 INFO             PET0   [ESMF]            1      0.0010      0.0010      0.0010      0.0010      0.0010
20231023 210428.924 INFO             PET0     [test] Run 1    5      0.0000      0.0000      0.0000      0.0000      0.0000
20231023 210428.924 INFO             PET0     [test] Init 1   1      0.0000      0.0000      0.0000      0.0000      0.0000
20231023 210428.924 INFO             PET0     [test] Final 1  1      0.0000      0.0000      0.0000      0.0000      0.0000
20231023 210428.920 INFO             PET1 !!!!!!!!!!!!!!!!!!!!!!!!!!!!!!!!!!!!!!!!!!!!!!!!!!!!!!
20231023 210428.921 INFO             PET1 !!! THE ESMF_LOG IS SET TO OUTPUT ALL LOG MESSAGES !!!
20231023 210428.921 INFO             PET1 !!!     THIS MAY CAUSE SLOWDOWN IN PERFORMANCE     !!!
20231023 210428.921 INFO             PET1 !!! FOR PRODUCTION RUNS, USE:                      !!!
20231023 210428.921 INFO             PET1 !!!                   ESMF_LOGKIND_Multi_On_Error  !!!
20231023 210428.921 INFO             PET1 !!!!!!!!!!!!!!!!!!!!!!!!!!!!!!!!!!!!!!!!!!!!!!!!!!!!!!
20231023 210428.921 INFO             PET1 Running with ESMF Version   : v8.6.0b10-20-g29a503bb7f
20231023 210428.921 INFO             PET1 ESMF library build date/time: "Oct 23 2023" "20:12:24"
20231023 210428.921 INFO             PET1 ESMF library build location : /scratch2/NCEPDEV/stmp1/Gerhard.Theurich/ESMF-Nightly-Testing/nvhpc_23.3_openmpi_O_develop/esmf
20231023 210428.921 INFO             PET1 ESMF_COMM                   : openmpi
20231023 210428.921 INFO             PET1 ESMF_MOAB                   : enabled
20231023 210428.921 INFO             PET1 ESMF_LAPACK                 : enabled
20231023 210428.921 INFO             PET1 ESMF_NETCDF                 : disabled
20231023 210428.921 INFO             PET1 ESMF_PNETCDF                : disabled
20231023 210428.921 INFO             PET1 ESMF_PIO                    : disabled
20231023 210428.921 INFO             PET1 ESMF_YAMLCPP                : enabled
20231023 210428.921 INFO             PET1 ESMF Tracing Enabled
20231023 210428.921 INFO             PET1 ESMF Profiling Enabled
20231023 210428.921 INFO             PET1 ESMF Trace/Profile clock: REALTIME
20231023 210428.924 INFO             PET1  NUMBER_OF_PROCESSORS            4
20231023 210428.924 INFO             PET1  PASS  Example ESMF_TraceEx, ESMF_TraceEx.F90, line 178
20231023 210428.924 INFO             PET1  Finalizing ESMF
20231023 210428.924 INFO             PET1 **************** Region Timings *******************
20231023 210428.924 INFO             PET1 Region              Count  Total (s)   Self (s)    Mean (s)    Min (s)     Max (s)
20231023 210428.924 INFO             PET1   [ESMF]            1      0.0020      0.0019      0.0020      0.0020      0.0020
20231023 210428.924 INFO             PET1     [test] Run 1    5      0.0000      0.0000      0.0000      0.0000      0.0000
20231023 210428.924 INFO             PET1     [test] Init 1   1      0.0000      0.0000      0.0000      0.0000      0.0000
20231023 210428.924 INFO             PET1     [test] Final 1  1      0.0000      0.0000      0.0000      0.0000      0.0000
20231023 210428.915 INFO             PET2 !!!!!!!!!!!!!!!!!!!!!!!!!!!!!!!!!!!!!!!!!!!!!!!!!!!!!!
20231023 210428.915 INFO             PET2 !!! THE ESMF_LOG IS SET TO OUTPUT ALL LOG MESSAGES !!!
20231023 210428.915 INFO             PET2 !!!     THIS MAY CAUSE SLOWDOWN IN PERFORMANCE     !!!
20231023 210428.915 INFO             PET2 !!! FOR PRODUCTION RUNS, USE:                      !!!
20231023 210428.915 INFO             PET2 !!!                   ESMF_LOGKIND_Multi_On_Error  !!!
20231023 210428.915 INFO             PET2 !!!!!!!!!!!!!!!!!!!!!!!!!!!!!!!!!!!!!!!!!!!!!!!!!!!!!!
20231023 210428.915 INFO             PET2 Running with ESMF Version   : v8.6.0b10-20-g29a503bb7f
20231023 210428.915 INFO             PET2 ESMF library build date/time: "Oct 23 2023" "20:12:24"
20231023 210428.915 INFO             PET2 ESMF library build location : /scratch2/NCEPDEV/stmp1/Gerhard.Theurich/ESMF-Nightly-Testing/nvhpc_23.3_openmpi_O_develop/esmf
20231023 210428.915 INFO             PET2 ESMF_COMM                   : openmpi
20231023 210428.915 INFO             PET2 ESMF_MOAB                   : enabled
20231023 210428.915 INFO             PET2 ESMF_LAPACK                 : enabled
20231023 210428.915 INFO             PET2 ESMF_NETCDF                 : disabled
20231023 210428.915 INFO             PET2 ESMF_PNETCDF                : disabled
20231023 210428.915 INFO             PET2 ESMF_PIO                    : disabled
20231023 210428.915 INFO             PET2 ESMF_YAMLCPP                : enabled
20231023 210428.915 INFO             PET2 ESMF Tracing Enabled
20231023 210428.915 INFO             PET2 ESMF Profiling Enabled
20231023 210428.916 INFO             PET2 ESMF Trace/Profile clock: REALTIME
20231023 210428.924 INFO             PET2  NUMBER_OF_PROCESSORS            4
20231023 210428.924 INFO             PET2  PASS  Example ESMF_TraceEx, ESMF_TraceEx.F90, line 178
20231023 210428.924 INFO             PET2  Finalizing ESMF
20231023 210428.924 INFO             PET2 **************** Region Timings *******************
20231023 210428.924 INFO             PET2 Region              Count  Total (s)   Self (s)    Mean (s)    Min (s)     Max (s)
20231023 210428.924 INFO             PET2   [ESMF]            1      0.0022      0.0022      0.0022      0.0022      0.0022
20231023 210428.924 INFO             PET2     [test] Init 1   1      0.0000      0.0000      0.0000      0.0000      0.0000
20231023 210428.924 INFO             PET2     [test] Run 1    5      0.0000      0.0000      0.0000      0.0000      0.0000
20231023 210428.924 INFO             PET2     [test] Final 1  1      0.0000      0.0000      0.0000      0.0000      0.0000
20231023 210428.915 INFO             PET3 !!!!!!!!!!!!!!!!!!!!!!!!!!!!!!!!!!!!!!!!!!!!!!!!!!!!!!
20231023 210428.915 INFO             PET3 !!! THE ESMF_LOG IS SET TO OUTPUT ALL LOG MESSAGES !!!
20231023 210428.915 INFO             PET3 !!!     THIS MAY CAUSE SLOWDOWN IN PERFORMANCE     !!!
20231023 210428.916 INFO             PET3 !!! FOR PRODUCTION RUNS, USE:                      !!!
20231023 210428.916 INFO             PET3 !!!                   ESMF_LOGKIND_Multi_On_Error  !!!
20231023 210428.916 INFO             PET3 !!!!!!!!!!!!!!!!!!!!!!!!!!!!!!!!!!!!!!!!!!!!!!!!!!!!!!
20231023 210428.916 INFO             PET3 Running with ESMF Version   : v8.6.0b10-20-g29a503bb7f
20231023 210428.916 INFO             PET3 ESMF library build date/time: "Oct 23 2023" "20:12:24"
20231023 210428.916 INFO             PET3 ESMF library build location : /scratch2/NCEPDEV/stmp1/Gerhard.Theurich/ESMF-Nightly-Testing/nvhpc_23.3_openmpi_O_develop/esmf
20231023 210428.916 INFO             PET3 ESMF_COMM                   : openmpi
20231023 210428.916 INFO             PET3 ESMF_MOAB                   : enabled
20231023 210428.917 INFO             PET3 ESMF_LAPACK                 : enabled
20231023 210428.917 INFO             PET3 ESMF_NETCDF                 : disabled
20231023 210428.917 INFO             PET3 ESMF_PNETCDF                : disabled
20231023 210428.917 INFO             PET3 ESMF_PIO                    : disabled
20231023 210428.917 INFO             PET3 ESMF_YAMLCPP                : enabled
20231023 210428.917 INFO             PET3 ESMF Tracing Enabled
20231023 210428.917 INFO             PET3 ESMF Profiling Enabled
20231023 210428.917 INFO             PET3 ESMF Trace/Profile clock: REALTIME
20231023 210428.924 INFO             PET3  NUMBER_OF_PROCESSORS            4
20231023 210428.924 INFO             PET3  PASS  Example ESMF_TraceEx, ESMF_TraceEx.F90, line 178
20231023 210428.924 INFO             PET3  Finalizing ESMF
20231023 210428.924 INFO             PET3 **************** Region Timings *******************
20231023 210428.924 INFO             PET3 Region              Count  Total (s)   Self (s)    Mean (s)    Min (s)     Max (s)
20231023 210428.924 INFO             PET3   [ESMF]            1      0.0017      0.0016      0.0017      0.0017      0.0017
20231023 210428.924 INFO             PET3     [test] Run 1    5      0.0000      0.0000      0.0000      0.0000      0.0000
20231023 210428.924 INFO             PET3     [test] Init 1   1      0.0000      0.0000      0.0000      0.0000      0.0000
20231023 210428.924 INFO             PET3     [test] Final 1  1      0.0000      0.0000      0.0000      0.0000      0.0000
