2023-10-07 04:00:50
20231007 042351.070 INFO             PET0 !!!!!!!!!!!!!!!!!!!!!!!!!!!!!!!!!!!!!!!!!!!!!!!!!!!!!!
20231007 042351.070 INFO             PET0 !!! THE ESMF_LOG IS SET TO OUTPUT ALL LOG MESSAGES !!!
20231007 042351.070 INFO             PET0 !!!     THIS MAY CAUSE SLOWDOWN IN PERFORMANCE     !!!
20231007 042351.070 INFO             PET0 !!! FOR PRODUCTION RUNS, USE:                      !!!
20231007 042351.070 INFO             PET0 !!!                   ESMF_LOGKIND_Multi_On_Error  !!!
20231007 042351.070 INFO             PET0 !!!!!!!!!!!!!!!!!!!!!!!!!!!!!!!!!!!!!!!!!!!!!!!!!!!!!!
20231007 042351.070 INFO             PET0 Running with ESMF Version   : v8.6.0b07-67-gb347190ad6
20231007 042351.070 INFO             PET0 ESMF library build date/time: "Oct  7 2023" "03:59:46"
20231007 042351.070 INFO             PET0 ESMF library build location : /tmp/intel_2023.1.0-classic_mpiuni_O_develop/esmf
20231007 042351.070 INFO             PET0 ESMF_COMM                   : mpiuni
20231007 042351.070 INFO             PET0 ESMF_MOAB                   : enabled
20231007 042351.070 INFO             PET0 ESMF_LAPACK                 : enabled
20231007 042351.070 INFO             PET0 ESMF_NETCDF                 : enabled
20231007 042351.070 INFO             PET0 ESMF_PNETCDF                : disabled
20231007 042351.070 INFO             PET0 ESMF_PIO                    : disabled
20231007 042351.070 INFO             PET0 ESMF_YAMLCPP                : enabled
20231007 042351.076 INFO             PET0  NUMBER_OF_PROCESSORS           1
20231007 042351.076 INFO             PET0  PASS  Example ESMF_NUOPCBasicModelEx, ESMF_NUOPCBasicModelEx.F90, line 339
20231007 042351.076 INFO             PET0 Finalizing ESMF
