2023-10-20 04:13:16
20231020 043539.065 INFO             PET0 !!!!!!!!!!!!!!!!!!!!!!!!!!!!!!!!!!!!!!!!!!!!!!!!!!!!!!
20231020 043539.065 INFO             PET0 !!! THE ESMF_LOG IS SET TO OUTPUT ALL LOG MESSAGES !!!
20231020 043539.065 INFO             PET0 !!!     THIS MAY CAUSE SLOWDOWN IN PERFORMANCE     !!!
20231020 043539.065 INFO             PET0 !!! FOR PRODUCTION RUNS, USE:                      !!!
20231020 043539.065 INFO             PET0 !!!                   ESMF_LOGKIND_Multi_On_Error  !!!
20231020 043539.065 INFO             PET0 !!!!!!!!!!!!!!!!!!!!!!!!!!!!!!!!!!!!!!!!!!!!!!!!!!!!!!
20231020 043539.065 INFO             PET0 Running with ESMF Version   : v8.6.0b10
20231020 043539.065 INFO             PET0 ESMF library build date/time: "Oct 20 2023" "04:12:15"
20231020 043539.065 INFO             PET0 ESMF library build location : /tmp/intel_2023.1.0-classic_mpiuni_O_develop/esmf
20231020 043539.065 INFO             PET0 ESMF_COMM                   : mpiuni
20231020 043539.065 INFO             PET0 ESMF_MOAB                   : enabled
20231020 043539.065 INFO             PET0 ESMF_LAPACK                 : enabled
20231020 043539.065 INFO             PET0 ESMF_NETCDF                 : enabled
20231020 043539.065 INFO             PET0 ESMF_PNETCDF                : disabled
20231020 043539.065 INFO             PET0 ESMF_PIO                    : disabled
20231020 043539.065 INFO             PET0 ESMF_YAMLCPP                : enabled
20231020 043539.074 INFO             PET0  NUMBER_OF_PROCESSORS           1
20231020 043539.075 INFO             PET0  PASS  Example ESMF_LocStreamEx, ESMF_LocStreamEx.F90, line 784
20231020 043539.075 INFO             PET0  Finalizing ESMF
