2023-10-11 07:54:30
20231011 084331.846 INFO             PET0 !!!!!!!!!!!!!!!!!!!!!!!!!!!!!!!!!!!!!!!!!!!!!!!!!!!!!!
20231011 084331.846 INFO             PET0 !!! THE ESMF_LOG IS SET TO OUTPUT ALL LOG MESSAGES !!!
20231011 084331.846 INFO             PET0 !!!     THIS MAY CAUSE SLOWDOWN IN PERFORMANCE     !!!
20231011 084331.846 INFO             PET0 !!! FOR PRODUCTION RUNS, USE:                      !!!
20231011 084331.846 INFO             PET0 !!!                   ESMF_LOGKIND_Multi_On_Error  !!!
20231011 084331.846 INFO             PET0 !!!!!!!!!!!!!!!!!!!!!!!!!!!!!!!!!!!!!!!!!!!!!!!!!!!!!!
20231011 084331.846 INFO             PET0 Running with ESMF Version   : v8.6.0b08
20231011 084331.846 INFO             PET0 ESMF library build date/time: "Oct 11 2023" "07:51:40"
20231011 084331.846 INFO             PET0 ESMF library build location : /scratch2/NCEPDEV/stmp1/Gerhard.Theurich/ESMF-Nightly-Testing/nvhpc_23.3_mpiuni_O_develop/esmf
20231011 084331.846 INFO             PET0 ESMF_COMM                   : mpiuni
20231011 084331.846 INFO             PET0 ESMF_MOAB                   : enabled
20231011 084331.846 INFO             PET0 ESMF_LAPACK                 : enabled
20231011 084331.846 INFO             PET0 ESMF_NETCDF                 : disabled
20231011 084331.846 INFO             PET0 ESMF_PNETCDF                : disabled
20231011 084331.846 INFO             PET0 ESMF_PIO                    : disabled
20231011 084331.846 INFO             PET0 ESMF_YAMLCPP                : enabled
20231011 084331.850 INFO             PET0  NUMBER_OF_PROCESSORS            1
20231011 084331.850 INFO             PET0  PASS  Example ESMF_FieldArbGridEx, ESMF_FieldArbGridEx.F90, line 243
20231011 084331.850 INFO             PET0 Finalizing ESMF
