2023-10-13 07:51:55
20231013 084208.624 INFO             PET0 !!!!!!!!!!!!!!!!!!!!!!!!!!!!!!!!!!!!!!!!!!!!!!!!!!!!!!
20231013 084208.624 INFO             PET0 !!! THE ESMF_LOG IS SET TO OUTPUT ALL LOG MESSAGES !!!
20231013 084208.624 INFO             PET0 !!!     THIS MAY CAUSE SLOWDOWN IN PERFORMANCE     !!!
20231013 084208.624 INFO             PET0 !!! FOR PRODUCTION RUNS, USE:                      !!!
20231013 084208.624 INFO             PET0 !!!                   ESMF_LOGKIND_Multi_On_Error  !!!
20231013 084208.624 INFO             PET0 !!!!!!!!!!!!!!!!!!!!!!!!!!!!!!!!!!!!!!!!!!!!!!!!!!!!!!
20231013 084208.624 INFO             PET0 Running with ESMF Version   : v8.6.0b08-19-gea64eb3ef0
20231013 084208.624 INFO             PET0 ESMF library build date/time: "Oct 13 2023" "07:48:57"
20231013 084208.624 INFO             PET0 ESMF library build location : /scratch2/NCEPDEV/stmp1/Gerhard.Theurich/ESMF-Nightly-Testing/nvhpc_23.3_mpiuni_O_develop/esmf
20231013 084208.624 INFO             PET0 ESMF_COMM                   : mpiuni
20231013 084208.624 INFO             PET0 ESMF_MOAB                   : enabled
20231013 084208.624 INFO             PET0 ESMF_LAPACK                 : enabled
20231013 084208.624 INFO             PET0 ESMF_NETCDF                 : disabled
20231013 084208.624 INFO             PET0 ESMF_PNETCDF                : disabled
20231013 084208.624 INFO             PET0 ESMF_PIO                    : disabled
20231013 084208.624 INFO             PET0 ESMF_YAMLCPP                : enabled
20231013 084208.625 INFO             PET0  NUMBER_OF_PROCESSORS            1
20231013 084208.625 INFO             PET0  PASS  Example ESMF_ArraySpecEx, ESMF_ArraySpecEx.F90, line 96
20231013 084208.625 INFO             PET0  Finalizing ESMF
