2023-11-04 04:19:47
20231104 043914.091 INFO             PET0 !!!!!!!!!!!!!!!!!!!!!!!!!!!!!!!!!!!!!!!!!!!!!!!!!!!!!!
20231104 043914.091 INFO             PET0 !!! THE ESMF_LOG IS SET TO OUTPUT ALL LOG MESSAGES !!!
20231104 043914.091 INFO             PET0 !!!     THIS MAY CAUSE SLOWDOWN IN PERFORMANCE     !!!
20231104 043914.091 INFO             PET0 !!! FOR PRODUCTION RUNS, USE:                      !!!
20231104 043914.091 INFO             PET0 !!!                   ESMF_LOGKIND_Multi_On_Error  !!!
20231104 043914.091 INFO             PET0 !!!!!!!!!!!!!!!!!!!!!!!!!!!!!!!!!!!!!!!!!!!!!!!!!!!!!!
20231104 043914.091 INFO             PET0 Running with ESMF Version   : v8.7.0b00-3-gae6d46cf0b
20231104 043914.091 INFO             PET0 ESMF library build date/time: "Nov  4 2023" "04:18:52"
20231104 043914.091 INFO             PET0 ESMF library build location : /home/gerhard/ESMF-Nightly-Testing/gfortranclang_7.5.0_16.0.3_mpiuni_g_develop/esmf
20231104 043914.091 INFO             PET0 ESMF_COMM                   : mpiuni
20231104 043914.091 INFO             PET0 ESMF_MOAB                   : enabled
20231104 043914.091 INFO             PET0 ESMF_LAPACK                 : enabled
20231104 043914.091 INFO             PET0 ESMF_NETCDF                 : disabled
20231104 043914.091 INFO             PET0 ESMF_PNETCDF                : disabled
20231104 043914.091 INFO             PET0 ESMF_PIO                    : disabled
20231104 043914.091 INFO             PET0 ESMF_YAMLCPP                : enabled
20231104 043914.093 INFO             PET0 ESMF_FieldRedistStoreNF(): Just entered routine.
20231104 043914.196 INFO             PET0 ESMF_FieldRedistStoreNF(): Leaving routine.
20231104 043914.200 INFO             PET0  NUMBER_OF_PROCESSORS           1
20231104 043914.200 INFO             PET0  PASS  Example ESMF_RHandleFromFileEx, ESMF_RHandleFromFileEx.F90, line 192
20231104 043914.200 INFO             PET0  Finalizing ESMF
