2023-10-24 03:04:21
20231024 032104.510 INFO             PET0 !!!!!!!!!!!!!!!!!!!!!!!!!!!!!!!!!!!!!!!!!!!!!!!!!!!!!!
20231024 032104.510 INFO             PET0 !!! THE ESMF_LOG IS SET TO OUTPUT ALL LOG MESSAGES !!!
20231024 032104.510 INFO             PET0 !!!     THIS MAY CAUSE SLOWDOWN IN PERFORMANCE     !!!
20231024 032104.510 INFO             PET0 !!! FOR PRODUCTION RUNS, USE:                      !!!
20231024 032104.510 INFO             PET0 !!!                   ESMF_LOGKIND_Multi_On_Error  !!!
20231024 032104.510 INFO             PET0 !!!!!!!!!!!!!!!!!!!!!!!!!!!!!!!!!!!!!!!!!!!!!!!!!!!!!!
20231024 032104.510 INFO             PET0 Running with ESMF Version   : v8.6.0b10-20-g29a503bb7f
20231024 032104.510 INFO             PET0 ESMF library build date/time: "Oct 24 2023" "03:03:35"
20231024 032104.510 INFO             PET0 ESMF library build location : /home/gerhard/ESMF-Nightly-Testing/gfortranclang_7.5.0_16.0.3_mpiuni_g_develop/esmf
20231024 032104.510 INFO             PET0 ESMF_COMM                   : mpiuni
20231024 032104.510 INFO             PET0 ESMF_MOAB                   : enabled
20231024 032104.510 INFO             PET0 ESMF_LAPACK                 : enabled
20231024 032104.510 INFO             PET0 ESMF_NETCDF                 : disabled
20231024 032104.510 INFO             PET0 ESMF_PNETCDF                : disabled
20231024 032104.510 INFO             PET0 ESMF_PIO                    : disabled
20231024 032104.510 INFO             PET0 ESMF_YAMLCPP                : enabled
20231024 032104.510 INFO             PET0  NUMBER_OF_PROCESSORS           1
20231024 032104.510 INFO             PET0  PASS  Example ESMF_InternalStateModEx, ESMF_InternalStateModEx.F90, line 239
20231024 032104.510 INFO             PET0  Finalizing ESMF
