2023-10-14 04:09:49
20231014 051610.684 INFO             PET0 !!!!!!!!!!!!!!!!!!!!!!!!!!!!!!!!!!!!!!!!!!!!!!!!!!!!!!
20231014 051610.684 INFO             PET0 !!! THE ESMF_LOG IS SET TO OUTPUT ALL LOG MESSAGES !!!
20231014 051610.684 INFO             PET0 !!!     THIS MAY CAUSE SLOWDOWN IN PERFORMANCE     !!!
20231014 051610.684 INFO             PET0 !!! FOR PRODUCTION RUNS, USE:                      !!!
20231014 051610.684 INFO             PET0 !!!                   ESMF_LOGKIND_Multi_On_Error  !!!
20231014 051610.684 INFO             PET0 !!!!!!!!!!!!!!!!!!!!!!!!!!!!!!!!!!!!!!!!!!!!!!!!!!!!!!
20231014 051610.684 INFO             PET0 Running with ESMF Version   : v8.6.0b08-33-g8592d0bc9f
20231014 051610.684 INFO             PET0 ESMF library build date/time: "Oct 14 2023" "04:03:16"
20231014 051610.684 INFO             PET0 ESMF library build location : /glade/scratch/theurich/ESMF-Nightly-Testing/intel_18.0.5_intelmpi_g_develop/esmf
20231014 051610.684 INFO             PET0 ESMF_COMM                   : intelmpi
20231014 051610.684 INFO             PET0 ESMF_MOAB                   : enabled
20231014 051610.684 INFO             PET0 ESMF_LAPACK                 : enabled
20231014 051610.684 INFO             PET0 ESMF_NETCDF                 : enabled
20231014 051610.684 INFO             PET0 ESMF_PNETCDF                : disabled
20231014 051610.684 INFO             PET0 ESMF_PIO                    : enabled
20231014 051610.684 INFO             PET0 ESMF_YAMLCPP                : enabled
20231014 051610.697 INFO             PET0  NUMBER_OF_PROCESSORS           1
20231014 051610.697 INFO             PET0  PASS  Example ESMF_XGridSparseMatEx, ESMF_XGridSparseMatEx.F90, line 642
20231014 051610.697 INFO             PET0  Finalizing ESMF
