2023-10-05 07:42:32
[h24c33:114835:0:114835] Caught signal 11 (Segmentation fault: address not mapped to object at address 0x18)
[h24c33:114836:0:114836] Caught signal 11 (Segmentation fault: address not mapped to object at address 0x18)
[h24c33:114837:0:114837] Caught signal 11 (Segmentation fault: address not mapped to object at address 0x18)
[h24c33:114838:0:114838] Caught signal 11 (Segmentation fault: address not mapped to object at address 0x18)
==== backtrace (tid: 114838) ====
 0 0x000000000004d455 ucs_debug_print_backtrace()  ???:0
 1 0x0000000000f5aa78 esmf_pointlistmod_mp_esmf_pointlistadd_()  /scratch2/NCEPDEV/stmp1/Gerhard.Theurich/ESMF-Nightly-Testing/intel_2023.1.0_intelmpi_O_develop/esmf/src/Infrastructure/PointList/interface/ESMF_PointList.F90:1018
 2 0x0000000000f5a498 esmf_pointlistmod_mp_esmf_pointlistcreatefrmlocstream_()  /scratch2/NCEPDEV/stmp1/Gerhard.Theurich/ESMF-Nightly-Testing/intel_2023.1.0_intelmpi_O_develop/esmf/src/Infrastructure/PointList/interface/ESMF_PointList.F90:677
 3 0x0000000000c72daf esmf_fieldregridmod_mp_getpointlistonfieldloc_()  /scratch2/NCEPDEV/stmp1/Gerhard.Theurich/ESMF-Nightly-Testing/intel_2023.1.0_intelmpi_O_develop/esmf/src/Infrastructure/Field/src/ESMF_FieldRegrid.F90:1674
 4 0x0000000000c6fdd0 esmf_fieldregridmod_mp_esmf_fieldregridstorenx_()  /scratch2/NCEPDEV/stmp1/Gerhard.Theurich/ESMF-Nightly-Testing/intel_2023.1.0_intelmpi_O_develop/esmf/src/Infrastructure/Field/src/ESMF_FieldRegrid.F90:1052
 5 0x0000000000af1535 esmf_fieldbundlemod_mp_esmf_fieldbundleregridstorepair_()  /scratch2/NCEPDEV/stmp1/Gerhard.Theurich/ESMF-Nightly-Testing/intel_2023.1.0_intelmpi_O_develop/esmf/src/Infrastructure/FieldBundle/src/ESMF_FieldBundle.F90:16165
 6 0x0000000001118ca0 nuopc_connector_mp_fieldbundlecplstore_()  /scratch2/NCEPDEV/stmp1/Gerhard.Theurich/ESMF-Nightly-Testing/intel_2023.1.0_intelmpi_O_develop/esmf/src/addon/NUOPC/src/NUOPC_Connector.F90:7762
 7 0x000000000112e3d4 nuopc_connector_mp_initializeipdv05p6b_()  /scratch2/NCEPDEV/stmp1/Gerhard.Theurich/ESMF-Nightly-Testing/intel_2023.1.0_intelmpi_O_develop/esmf/src/addon/NUOPC/src/NUOPC_Connector.F90:5434
 8 0x00000000004c6184 ESMCI::FTable::callVFuncPtr()  /scratch2/NCEPDEV/stmp1/Gerhard.Theurich/ESMF-Nightly-Testing/intel_2023.1.0_intelmpi_O_develop/esmf/src/Superstructure/Component/src/ESMCI_FTable.C:2167
 9 0x00000000004c5c55 ESMCI_FTableCallEntryPointVMHop()  /scratch2/NCEPDEV/stmp1/Gerhard.Theurich/ESMF-Nightly-Testing/intel_2023.1.0_intelmpi_O_develop/esmf/src/Superstructure/Component/src/ESMCI_FTable.C:824
10 0x00000000007bec24 ESMCI::VM::enter()  /scratch2/NCEPDEV/stmp1/Gerhard.Theurich/ESMF-Nightly-Testing/intel_2023.1.0_intelmpi_O_develop/esmf/src/Infrastructure/VM/src/ESMCI_VM.C:1216
11 0x00000000004c6991 c_esmc_ftablecallentrypointvm_()  /scratch2/NCEPDEV/stmp1/Gerhard.Theurich/ESMF-Nightly-Testing/intel_2023.1.0_intelmpi_O_develop/esmf/src/Superstructure/Component/src/ESMCI_FTable.C:981
12 0x0000000000a52fb0 esmf_compmod_mp_esmf_compexecute_()  /scratch2/NCEPDEV/stmp1/Gerhard.Theurich/ESMF-Nightly-Testing/intel_2023.1.0_intelmpi_O_develop/esmf/src/Superstructure/Component/src/ESMF_Comp.F90:1223
13 0x0000000000a7f9a1 esmf_cplcompmod_mp_esmf_cplcompinitialize_()  /scratch2/NCEPDEV/stmp1/Gerhard.Theurich/ESMF-Nightly-Testing/intel_2023.1.0_intelmpi_O_develop/esmf/src/Superstructure/Component/src/ESMF_CplComp.F90:1165
14 0x000000000118e445 nuopc_driver_mp_loopconnectorcompss_()  /scratch2/NCEPDEV/stmp1/Gerhard.Theurich/ESMF-Nightly-Testing/intel_2023.1.0_intelmpi_O_develop/esmf/src/addon/NUOPC/src/NUOPC_Driver.F90:3086
15 0x00000000011addd2 nuopc_driver_mp_initializeipdv02p3_()  /scratch2/NCEPDEV/stmp1/Gerhard.Theurich/ESMF-Nightly-Testing/intel_2023.1.0_intelmpi_O_develop/esmf/src/addon/NUOPC/src/NUOPC_Driver.F90:2157
16 0x00000000011c0880 nuopc_driver_mp_initializegeneric_()  /scratch2/NCEPDEV/stmp1/Gerhard.Theurich/ESMF-Nightly-Testing/intel_2023.1.0_intelmpi_O_develop/esmf/src/addon/NUOPC/src/NUOPC_Driver.F90:487
17 0x00000000004c6184 ESMCI::FTable::callVFuncPtr()  /scratch2/NCEPDEV/stmp1/Gerhard.Theurich/ESMF-Nightly-Testing/intel_2023.1.0_intelmpi_O_develop/esmf/src/Superstructure/Component/src/ESMCI_FTable.C:2167
18 0x00000000004c5c55 ESMCI_FTableCallEntryPointVMHop()  /scratch2/NCEPDEV/stmp1/Gerhard.Theurich/ESMF-Nightly-Testing/intel_2023.1.0_intelmpi_O_develop/esmf/src/Superstructure/Component/src/ESMCI_FTable.C:824
19 0x00000000007bec24 ESMCI::VM::enter()  /scratch2/NCEPDEV/stmp1/Gerhard.Theurich/ESMF-Nightly-Testing/intel_2023.1.0_intelmpi_O_develop/esmf/src/Infrastructure/VM/src/ESMCI_VM.C:1216
20 0x00000000004c6991 c_esmc_ftablecallentrypointvm_()  /scratch2/NCEPDEV/stmp1/Gerhard.Theurich/ESMF-Nightly-Testing/intel_2023.1.0_intelmpi_O_develop/esmf/src/Superstructure/Component/src/ESMCI_FTable.C:981
21 0x0000000000a52fb0 esmf_compmod_mp_esmf_compexecute_()  /scratch2/NCEPDEV/stmp1/Gerhard.Theurich/ESMF-Nightly-Testing/intel_2023.1.0_intelmpi_O_develop/esmf/src/Superstructure/Component/src/ESMF_Comp.F90:1223
22 0x0000000000d98991 esmf_gridcompmod_mp_esmf_gridcompinitialize_()  /scratch2/NCEPDEV/stmp1/Gerhard.Theurich/ESMF-Nightly-Testing/intel_2023.1.0_intelmpi_O_develop/esmf/src/Superstructure/Component/src/ESMF_GridComp.F90:1412
23 0x000000000041aca4 MAIN__()  /scratch2/NCEPDEV/stmp1/Gerhard.Theurich/ESMF-Nightly-Testing/intel_2023.1.0_intelmpi_O_develop/nuopc-app-prototypes/AtmOcnPetListProto/esmApp.F90:83
24 0x000000000041a71d main()  ???:0
25 0x0000000000022555 __libc_start_main()  ???:0
26 0x000000000041a64b _start()  ???:0
=================================
forrtl: severe (174): SIGSEGV, segmentation fault occurred
Image              PC                Routine            Line        Source             
libpthread-2.17.s  00002AF970F5E630  Unknown               Unknown  Unknown
libesmf.so         00002AF96D948A78  esmf_pointlistmod     Unknown  Unknown
libesmf.so         00002AF96D948498  esmf_pointlistmod     Unknown  Unknown
libesmf.so         00002AF96D660DAF  esmf_fieldregridm     Unknown  Unknown
libesmf.so         00002AF96D65DDD0  esmf_fieldregridm     Unknown  Unknown
libesmf.so         00002AF96D4DF535  esmf_fieldbundlem     Unknown  Unknown
libesmf.so         00002AF96DB06CA0  nuopc_connector_m     Unknown  Unknown
libesmf.so         00002AF96DB1C3D4  nuopc_connector_m     Unknown  Unknown
libesmf.so         00002AF96CEB4184  _ZN5ESMCI6FTable1     Unknown  Unknown
libesmf.so         00002AF96CEB3C55  ESMCI_FTableCallE     Unknown  Unknown
libesmf.so         00002AF96D1ACC24  _ZN5ESMCI2VM5ente     Unknown  Unknown
libesmf.so         00002AF96CEB4991  c_esmc_ftablecall     Unknown  Unknown
libesmf.so         00002AF96D440FB0  esmf_compmod_mp_e     Unknown  Unknown
libesmf.so         00002AF96D46D9A1  esmf_cplcompmod_m     Unknown  Unknown
libesmf.so         00002AF96DB7C445  nuopc_driver_mp_l     Unknown  Unknown
libesmf.so         00002AF96DB9BDD2  nuopc_driver_mp_i     Unknown  Unknown
libesmf.so         00002AF96DBAE880  nuopc_driver_mp_i     Unknown  Unknown
libesmf.so         00002AF96CEB4184  _ZN5ESMCI6FTable1     Unknown  Unknown
libesmf.so         00002AF96CEB3C55  ESMCI_FTableCallE     Unknown  Unknown
libesmf.so         00002AF96D1ACC24  _ZN5ESMCI2VM5ente     Unknown  Unknown
libesmf.so         00002AF96CEB4991  c_esmc_ftablecall     Unknown  Unknown
libesmf.so         00002AF96D440FB0  esmf_compmod_mp_e     Unknown  Unknown
libesmf.so         00002AF96D786991  esmf_gridcompmod_     Unknown  Unknown
esmApp             000000000041ACA4  Unknown               Unknown  Unknown
esmApp             000000000041A71D  Unknown               Unknown  Unknown
libc-2.17.so       00002AF971EC7555  __libc_start_main     Unknown  Unknown
esmApp             000000000041A64B  Unknown               Unknown  Unknown
==== backtrace (tid: 114836) ====
 0 0x000000000004d455 ucs_debug_print_backtrace()  ???:0
 1 0x0000000000f5aa78 esmf_pointlistmod_mp_esmf_pointlistadd_()  /scratch2/NCEPDEV/stmp1/Gerhard.Theurich/ESMF-Nightly-Testing/intel_2023.1.0_intelmpi_O_develop/esmf/src/Infrastructure/PointList/interface/ESMF_PointList.F90:1018
 2 0x0000000000f5a498 esmf_pointlistmod_mp_esmf_pointlistcreatefrmlocstream_()  /scratch2/NCEPDEV/stmp1/Gerhard.Theurich/ESMF-Nightly-Testing/intel_2023.1.0_intelmpi_O_develop/esmf/src/Infrastructure/PointList/interface/ESMF_PointList.F90:677
 3 0x0000000000c72daf esmf_fieldregridmod_mp_getpointlistonfieldloc_()  /scratch2/NCEPDEV/stmp1/Gerhard.Theurich/ESMF-Nightly-Testing/intel_2023.1.0_intelmpi_O_develop/esmf/src/Infrastructure/Field/src/ESMF_FieldRegrid.F90:1674
 4 0x0000000000c6fe63 esmf_fieldregridmod_mp_esmf_fieldregridstorenx_()  /scratch2/NCEPDEV/stmp1/Gerhard.Theurich/ESMF-Nightly-Testing/intel_2023.1.0_intelmpi_O_develop/esmf/src/Infrastructure/Field/src/ESMF_FieldRegrid.F90:1061
 5 0x0000000000af1535 esmf_fieldbundlemod_mp_esmf_fieldbundleregridstorepair_()  /scratch2/NCEPDEV/stmp1/Gerhard.Theurich/ESMF-Nightly-Testing/intel_2023.1.0_intelmpi_O_develop/esmf/src/Infrastructure/FieldBundle/src/ESMF_FieldBundle.F90:16165
 6 0x0000000001118ca0 nuopc_connector_mp_fieldbundlecplstore_()  /scratch2/NCEPDEV/stmp1/Gerhard.Theurich/ESMF-Nightly-Testing/intel_2023.1.0_intelmpi_O_develop/esmf/src/addon/NUOPC/src/NUOPC_Connector.F90:7762
 7 0x000000000112e3d4 nuopc_connector_mp_initializeipdv05p6b_()  /scratch2/NCEPDEV/stmp1/Gerhard.Theurich/ESMF-Nightly-Testing/intel_2023.1.0_intelmpi_O_develop/esmf/src/addon/NUOPC/src/NUOPC_Connector.F90:5434
 8 0x00000000004c6184 ESMCI::FTable::callVFuncPtr()  /scratch2/NCEPDEV/stmp1/Gerhard.Theurich/ESMF-Nightly-Testing/intel_2023.1.0_intelmpi_O_develop/esmf/src/Superstructure/Component/src/ESMCI_FTable.C:2167
 9 0x00000000004c5c55 ESMCI_FTableCallEntryPointVMHop()  /scratch2/NCEPDEV/stmp1/Gerhard.Theurich/ESMF-Nightly-Testing/intel_2023.1.0_intelmpi_O_develop/esmf/src/Superstructure/Component/src/ESMCI_FTable.C:824
10 0x00000000007bec24 ESMCI::VM::enter()  /scratch2/NCEPDEV/stmp1/Gerhard.Theurich/ESMF-Nightly-Testing/intel_2023.1.0_intelmpi_O_develop/esmf/src/Infrastructure/VM/src/ESMCI_VM.C:1216
11 0x00000000004c6991 c_esmc_ftablecallentrypointvm_()  /scratch2/NCEPDEV/stmp1/Gerhard.Theurich/ESMF-Nightly-Testing/intel_2023.1.0_intelmpi_O_develop/esmf/src/Superstructure/Component/src/ESMCI_FTable.C:981
12 0x0000000000a52fb0 esmf_compmod_mp_esmf_compexecute_()  /scratch2/NCEPDEV/stmp1/Gerhard.Theurich/ESMF-Nightly-Testing/intel_2023.1.0_intelmpi_O_develop/esmf/src/Superstructure/Component/src/ESMF_Comp.F90:1223
13 0x0000000000a7f9a1 esmf_cplcompmod_mp_esmf_cplcompinitialize_()  /scratch2/NCEPDEV/stmp1/Gerhard.Theurich/ESMF-Nightly-Testing/intel_2023.1.0_intelmpi_O_develop/esmf/src/Superstructure/Component/src/ESMF_CplComp.F90:1165
14 0x000000000118e445 nuopc_driver_mp_loopconnectorcompss_()  /scratch2/NCEPDEV/stmp1/Gerhard.Theurich/ESMF-Nightly-Testing/intel_2023.1.0_intelmpi_O_develop/esmf/src/addon/NUOPC/src/NUOPC_Driver.F90:3086
15 0x00000000011addd2 nuopc_driver_mp_initializeipdv02p3_()  /scratch2/NCEPDEV/stmp1/Gerhard.Theurich/ESMF-Nightly-Testing/intel_2023.1.0_intelmpi_O_develop/esmf/src/addon/NUOPC/src/NUOPC_Driver.F90:2157
16 0x00000000011c0880 nuopc_driver_mp_initializegeneric_()  /scratch2/NCEPDEV/stmp1/Gerhard.Theurich/ESMF-Nightly-Testing/intel_2023.1.0_intelmpi_O_develop/esmf/src/addon/NUOPC/src/NUOPC_Driver.F90:487
17 0x00000000004c6184 ESMCI::FTable::callVFuncPtr()  /scratch2/NCEPDEV/stmp1/Gerhard.Theurich/ESMF-Nightly-Testing/intel_2023.1.0_intelmpi_O_develop/esmf/src/Superstructure/Component/src/ESMCI_FTable.C:2167
18 0x00000000004c5c55 ESMCI_FTableCallEntryPointVMHop()  /scratch2/NCEPDEV/stmp1/Gerhard.Theurich/ESMF-Nightly-Testing/intel_2023.1.0_intelmpi_O_develop/esmf/src/Superstructure/Component/src/ESMCI_FTable.C:824
19 0x00000000007bec24 ESMCI::VM::enter()  /scratch2/NCEPDEV/stmp1/Gerhard.Theurich/ESMF-Nightly-Testing/intel_2023.1.0_intelmpi_O_develop/esmf/src/Infrastructure/VM/src/ESMCI_VM.C:1216
20 0x00000000004c6991 c_esmc_ftablecallentrypointvm_()  /scratch2/NCEPDEV/stmp1/Gerhard.Theurich/ESMF-Nightly-Testing/intel_2023.1.0_intelmpi_O_develop/esmf/src/Superstructure/Component/src/ESMCI_FTable.C:981
21 0x0000000000a52fb0 esmf_compmod_mp_esmf_compexecute_()  /scratch2/NCEPDEV/stmp1/Gerhard.Theurich/ESMF-Nightly-Testing/intel_2023.1.0_intelmpi_O_develop/esmf/src/Superstructure/Component/src/ESMF_Comp.F90:1223
22 0x0000000000d98991 esmf_gridcompmod_mp_esmf_gridcompinitialize_()  /scratch2/NCEPDEV/stmp1/Gerhard.Theurich/ESMF-Nightly-Testing/intel_2023.1.0_intelmpi_O_develop/esmf/src/Superstructure/Component/src/ESMF_GridComp.F90:1412
23 0x000000000041aca4 MAIN__()  /scratch2/NCEPDEV/stmp1/Gerhard.Theurich/ESMF-Nightly-Testing/intel_2023.1.0_intelmpi_O_develop/nuopc-app-prototypes/AtmOcnPetListProto/esmApp.F90:83
24 0x000000000041a71d main()  ???:0
25 0x0000000000022555 __libc_start_main()  ???:0
26 0x000000000041a64b _start()  ???:0
=================================
forrtl: severe (174): SIGSEGV, segmentation fault occurred
Image              PC                Routine            Line        Source             
libpthread-2.17.s  00002AE3E5FE0630  Unknown               Unknown  Unknown
libesmf.so         00002AE3E29CAA78  esmf_pointlistmod     Unknown  Unknown
libesmf.so         00002AE3E29CA498  esmf_pointlistmod     Unknown  Unknown
libesmf.so         00002AE3E26E2DAF  esmf_fieldregridm     Unknown  Unknown
libesmf.so         00002AE3E26DFE63  esmf_fieldregridm     Unknown  Unknown
libesmf.so         00002AE3E2561535  esmf_fieldbundlem     Unknown  Unknown
libesmf.so         00002AE3E2B88CA0  nuopc_connector_m     Unknown  Unknown
libesmf.so         00002AE3E2B9E3D4  nuopc_connector_m     Unknown  Unknown
libesmf.so         00002AE3E1F36184  _ZN5ESMCI6FTable1     Unknown  Unknown
libesmf.so         00002AE3E1F35C55  ESMCI_FTableCallE     Unknown  Unknown
libesmf.so         00002AE3E222EC24  _ZN5ESMCI2VM5ente     Unknown  Unknown
libesmf.so         00002AE3E1F36991  c_esmc_ftablecall     Unknown  Unknown
libesmf.so         00002AE3E24C2FB0  esmf_compmod_mp_e     Unknown  Unknown
libesmf.so         00002AE3E24EF9A1  esmf_cplcompmod_m     Unknown  Unknown
libesmf.so         00002AE3E2BFE445  nuopc_driver_mp_l     Unknown  Unknown
libesmf.so         00002AE3E2C1DDD2  nuopc_driver_mp_i     Unknown  Unknown
libesmf.so         00002AE3E2C30880  nuopc_driver_mp_i     Unknown  Unknown
libesmf.so         00002AE3E1F36184  _ZN5ESMCI6FTable1     Unknown  Unknown
libesmf.so         00002AE3E1F35C55  ESMCI_FTableCallE     Unknown  Unknown
libesmf.so         00002AE3E222EC24  _ZN5ESMCI2VM5ente     Unknown  Unknown
libesmf.so         00002AE3E1F36991  c_esmc_ftablecall     Unknown  Unknown
libesmf.so         00002AE3E24C2FB0  esmf_compmod_mp_e     Unknown  Unknown
libesmf.so         00002AE3E2808991  esmf_gridcompmod_     Unknown  Unknown
esmApp             000000000041ACA4  Unknown               Unknown  Unknown
esmApp             000000000041A71D  Unknown               Unknown  Unknown
libc-2.17.so       00002AE3E6F49555  __libc_start_main     Unknown  Unknown
esmApp             000000000041A64B  Unknown               Unknown  Unknown
==== backtrace (tid: 114837) ====
 0 0x000000000004d455 ucs_debug_print_backtrace()  ???:0
 1 0x0000000000f5aa78 esmf_pointlistmod_mp_esmf_pointlistadd_()  /scratch2/NCEPDEV/stmp1/Gerhard.Theurich/ESMF-Nightly-Testing/intel_2023.1.0_intelmpi_O_develop/esmf/src/Infrastructure/PointList/interface/ESMF_PointList.F90:1018
 2 0x0000000000f5a498 esmf_pointlistmod_mp_esmf_pointlistcreatefrmlocstream_()  /scratch2/NCEPDEV/stmp1/Gerhard.Theurich/ESMF-Nightly-Testing/intel_2023.1.0_intelmpi_O_develop/esmf/src/Infrastructure/PointList/interface/ESMF_PointList.F90:677
 3 0x0000000000c72daf esmf_fieldregridmod_mp_getpointlistonfieldloc_()  /scratch2/NCEPDEV/stmp1/Gerhard.Theurich/ESMF-Nightly-Testing/intel_2023.1.0_intelmpi_O_develop/esmf/src/Infrastructure/Field/src/ESMF_FieldRegrid.F90:1674
 4 0x0000000000c6fdd0 esmf_fieldregridmod_mp_esmf_fieldregridstorenx_()  /scratch2/NCEPDEV/stmp1/Gerhard.Theurich/ESMF-Nightly-Testing/intel_2023.1.0_intelmpi_O_develop/esmf/src/Infrastructure/Field/src/ESMF_FieldRegrid.F90:1052
 5 0x0000000000af1535 esmf_fieldbundlemod_mp_esmf_fieldbundleregridstorepair_()  /scratch2/NCEPDEV/stmp1/Gerhard.Theurich/ESMF-Nightly-Testing/intel_2023.1.0_intelmpi_O_develop/esmf/src/Infrastructure/FieldBundle/src/ESMF_FieldBundle.F90:16165
 6 0x0000000001118ca0 nuopc_connector_mp_fieldbundlecplstore_()  /scratch2/NCEPDEV/stmp1/Gerhard.Theurich/ESMF-Nightly-Testing/intel_2023.1.0_intelmpi_O_develop/esmf/src/addon/NUOPC/src/NUOPC_Connector.F90:7762
 7 0x000000000112e3d4 nuopc_connector_mp_initializeipdv05p6b_()  /scratch2/NCEPDEV/stmp1/Gerhard.Theurich/ESMF-Nightly-Testing/intel_2023.1.0_intelmpi_O_develop/esmf/src/addon/NUOPC/src/NUOPC_Connector.F90:5434
 8 0x00000000004c6184 ESMCI::FTable::callVFuncPtr()  /scratch2/NCEPDEV/stmp1/Gerhard.Theurich/ESMF-Nightly-Testing/intel_2023.1.0_intelmpi_O_develop/esmf/src/Superstructure/Component/src/ESMCI_FTable.C:2167
 9 0x00000000004c5c55 ESMCI_FTableCallEntryPointVMHop()  /scratch2/NCEPDEV/stmp1/Gerhard.Theurich/ESMF-Nightly-Testing/intel_2023.1.0_intelmpi_O_develop/esmf/src/Superstructure/Component/src/ESMCI_FTable.C:824
10 0x00000000007bec24 ESMCI::VM::enter()  /scratch2/NCEPDEV/stmp1/Gerhard.Theurich/ESMF-Nightly-Testing/intel_2023.1.0_intelmpi_O_develop/esmf/src/Infrastructure/VM/src/ESMCI_VM.C:1216
11 0x00000000004c6991 c_esmc_ftablecallentrypointvm_()  /scratch2/NCEPDEV/stmp1/Gerhard.Theurich/ESMF-Nightly-Testing/intel_2023.1.0_intelmpi_O_develop/esmf/src/Superstructure/Component/src/ESMCI_FTable.C:981
12 0x0000000000a52fb0 esmf_compmod_mp_esmf_compexecute_()  /scratch2/NCEPDEV/stmp1/Gerhard.Theurich/ESMF-Nightly-Testing/intel_2023.1.0_intelmpi_O_develop/esmf/src/Superstructure/Component/src/ESMF_Comp.F90:1223
13 0x0000000000a7f9a1 esmf_cplcompmod_mp_esmf_cplcompinitialize_()  /scratch2/NCEPDEV/stmp1/Gerhard.Theurich/ESMF-Nightly-Testing/intel_2023.1.0_intelmpi_O_develop/esmf/src/Superstructure/Component/src/ESMF_CplComp.F90:1165
14 0x000000000118e445 nuopc_driver_mp_loopconnectorcompss_()  /scratch2/NCEPDEV/stmp1/Gerhard.Theurich/ESMF-Nightly-Testing/intel_2023.1.0_intelmpi_O_develop/esmf/src/addon/NUOPC/src/NUOPC_Driver.F90:3086
15 0x00000000011addd2 nuopc_driver_mp_initializeipdv02p3_()  /scratch2/NCEPDEV/stmp1/Gerhard.Theurich/ESMF-Nightly-Testing/intel_2023.1.0_intelmpi_O_develop/esmf/src/addon/NUOPC/src/NUOPC_Driver.F90:2157
16 0x00000000011c0880 nuopc_driver_mp_initializegeneric_()  /scratch2/NCEPDEV/stmp1/Gerhard.Theurich/ESMF-Nightly-Testing/intel_2023.1.0_intelmpi_O_develop/esmf/src/addon/NUOPC/src/NUOPC_Driver.F90:487
17 0x00000000004c6184 ESMCI::FTable::callVFuncPtr()  /scratch2/NCEPDEV/stmp1/Gerhard.Theurich/ESMF-Nightly-Testing/intel_2023.1.0_intelmpi_O_develop/esmf/src/Superstructure/Component/src/ESMCI_FTable.C:2167
18 0x00000000004c5c55 ESMCI_FTableCallEntryPointVMHop()  /scratch2/NCEPDEV/stmp1/Gerhard.Theurich/ESMF-Nightly-Testing/intel_2023.1.0_intelmpi_O_develop/esmf/src/Superstructure/Component/src/ESMCI_FTable.C:824
19 0x00000000007bec24 ESMCI::VM::enter()  /scratch2/NCEPDEV/stmp1/Gerhard.Theurich/ESMF-Nightly-Testing/intel_2023.1.0_intelmpi_O_develop/esmf/src/Infrastructure/VM/src/ESMCI_VM.C:1216
20 0x00000000004c6991 c_esmc_ftablecallentrypointvm_()  /scratch2/NCEPDEV/stmp1/Gerhard.Theurich/ESMF-Nightly-Testing/intel_2023.1.0_intelmpi_O_develop/esmf/src/Superstructure/Component/src/ESMCI_FTable.C:981
21 0x0000000000a52fb0 esmf_compmod_mp_esmf_compexecute_()  /scratch2/NCEPDEV/stmp1/Gerhard.Theurich/ESMF-Nightly-Testing/intel_2023.1.0_intelmpi_O_develop/esmf/src/Superstructure/Component/src/ESMF_Comp.F90:1223
22 0x0000000000d98991 esmf_gridcompmod_mp_esmf_gridcompinitialize_()  /scratch2/NCEPDEV/stmp1/Gerhard.Theurich/ESMF-Nightly-Testing/intel_2023.1.0_intelmpi_O_develop/esmf/src/Superstructure/Component/src/ESMF_GridComp.F90:1412
23 0x000000000041aca4 MAIN__()  /scratch2/NCEPDEV/stmp1/Gerhard.Theurich/ESMF-Nightly-Testing/intel_2023.1.0_intelmpi_O_develop/nuopc-app-prototypes/AtmOcnPetListProto/esmApp.F90:83
24 0x000000000041a71d main()  ???:0
25 0x0000000000022555 __libc_start_main()  ???:0
26 0x000000000041a64b _start()  ???:0
=================================
forrtl: severe (174): SIGSEGV, segmentation fault occurred
Image              PC                Routine            Line        Source             
libpthread-2.17.s  00002B5F639C1630  Unknown               Unknown  Unknown
libesmf.so         00002B5F603ABA78  esmf_pointlistmod     Unknown  Unknown
libesmf.so         00002B5F603AB498  esmf_pointlistmod     Unknown  Unknown
libesmf.so         00002B5F600C3DAF  esmf_fieldregridm     Unknown  Unknown
libesmf.so         00002B5F600C0DD0  esmf_fieldregridm     Unknown  Unknown
libesmf.so         00002B5F5FF42535  esmf_fieldbundlem     Unknown  Unknown
libesmf.so         00002B5F60569CA0  nuopc_connector_m     Unknown  Unknown
libesmf.so         00002B5F6057F3D4  nuopc_connector_m     Unknown  Unknown
libesmf.so         00002B5F5F917184  _ZN5ESMCI6FTable1     Unknown  Unknown
libesmf.so         00002B5F5F916C55  ESMCI_FTableCallE     Unknown  Unknown
libesmf.so         00002B5F5FC0FC24  _ZN5ESMCI2VM5ente     Unknown  Unknown
libesmf.so         00002B5F5F917991  c_esmc_ftablecall     Unknown  Unknown
libesmf.so         00002B5F5FEA3FB0  esmf_compmod_mp_e     Unknown  Unknown
libesmf.so         00002B5F5FED09A1  esmf_cplcompmod_m     Unknown  Unknown
libesmf.so         00002B5F605DF445  nuopc_driver_mp_l     Unknown  Unknown
libesmf.so         00002B5F605FEDD2  nuopc_driver_mp_i     Unknown  Unknown
libesmf.so         00002B5F60611880  nuopc_driver_mp_i     Unknown  Unknown
libesmf.so         00002B5F5F917184  _ZN5ESMCI6FTable1     Unknown  Unknown
libesmf.so         00002B5F5F916C55  ESMCI_FTableCallE     Unknown  Unknown
libesmf.so         00002B5F5FC0FC24  _ZN5ESMCI2VM5ente     Unknown  Unknown
libesmf.so         00002B5F5F917991  c_esmc_ftablecall     Unknown  Unknown
libesmf.so         00002B5F5FEA3FB0  esmf_compmod_mp_e     Unknown  Unknown
libesmf.so         00002B5F601E9991  esmf_gridcompmod_     Unknown  Unknown
esmApp             000000000041ACA4  Unknown               Unknown  Unknown
esmApp             000000000041A71D  Unknown               Unknown  Unknown
libc-2.17.so       00002B5F6492A555  __libc_start_main     Unknown  Unknown
esmApp             000000000041A64B  Unknown               Unknown  Unknown
==== backtrace (tid: 114835) ====
 0 0x000000000004d455 ucs_debug_print_backtrace()  ???:0
 1 0x0000000000f5aa78 esmf_pointlistmod_mp_esmf_pointlistadd_()  /scratch2/NCEPDEV/stmp1/Gerhard.Theurich/ESMF-Nightly-Testing/intel_2023.1.0_intelmpi_O_develop/esmf/src/Infrastructure/PointList/interface/ESMF_PointList.F90:1018
 2 0x0000000000f5a498 esmf_pointlistmod_mp_esmf_pointlistcreatefrmlocstream_()  /scratch2/NCEPDEV/stmp1/Gerhard.Theurich/ESMF-Nightly-Testing/intel_2023.1.0_intelmpi_O_develop/esmf/src/Infrastructure/PointList/interface/ESMF_PointList.F90:677
 3 0x0000000000c72daf esmf_fieldregridmod_mp_getpointlistonfieldloc_()  /scratch2/NCEPDEV/stmp1/Gerhard.Theurich/ESMF-Nightly-Testing/intel_2023.1.0_intelmpi_O_develop/esmf/src/Infrastructure/Field/src/ESMF_FieldRegrid.F90:1674
 4 0x0000000000c6fe63 esmf_fieldregridmod_mp_esmf_fieldregridstorenx_()  /scratch2/NCEPDEV/stmp1/Gerhard.Theurich/ESMF-Nightly-Testing/intel_2023.1.0_intelmpi_O_develop/esmf/src/Infrastructure/Field/src/ESMF_FieldRegrid.F90:1061
 5 0x0000000000af1535 esmf_fieldbundlemod_mp_esmf_fieldbundleregridstorepair_()  /scratch2/NCEPDEV/stmp1/Gerhard.Theurich/ESMF-Nightly-Testing/intel_2023.1.0_intelmpi_O_develop/esmf/src/Infrastructure/FieldBundle/src/ESMF_FieldBundle.F90:16165
 6 0x0000000001118ca0 nuopc_connector_mp_fieldbundlecplstore_()  /scratch2/NCEPDEV/stmp1/Gerhard.Theurich/ESMF-Nightly-Testing/intel_2023.1.0_intelmpi_O_develop/esmf/src/addon/NUOPC/src/NUOPC_Connector.F90:7762
 7 0x000000000112e3d4 nuopc_connector_mp_initializeipdv05p6b_()  /scratch2/NCEPDEV/stmp1/Gerhard.Theurich/ESMF-Nightly-Testing/intel_2023.1.0_intelmpi_O_develop/esmf/src/addon/NUOPC/src/NUOPC_Connector.F90:5434
 8 0x00000000004c6184 ESMCI::FTable::callVFuncPtr()  /scratch2/NCEPDEV/stmp1/Gerhard.Theurich/ESMF-Nightly-Testing/intel_2023.1.0_intelmpi_O_develop/esmf/src/Superstructure/Component/src/ESMCI_FTable.C:2167
 9 0x00000000004c5c55 ESMCI_FTableCallEntryPointVMHop()  /scratch2/NCEPDEV/stmp1/Gerhard.Theurich/ESMF-Nightly-Testing/intel_2023.1.0_intelmpi_O_develop/esmf/src/Superstructure/Component/src/ESMCI_FTable.C:824
10 0x00000000007bec24 ESMCI::VM::enter()  /scratch2/NCEPDEV/stmp1/Gerhard.Theurich/ESMF-Nightly-Testing/intel_2023.1.0_intelmpi_O_develop/esmf/src/Infrastructure/VM/src/ESMCI_VM.C:1216
11 0x00000000004c6991 c_esmc_ftablecallentrypointvm_()  /scratch2/NCEPDEV/stmp1/Gerhard.Theurich/ESMF-Nightly-Testing/intel_2023.1.0_intelmpi_O_develop/esmf/src/Superstructure/Component/src/ESMCI_FTable.C:981
12 0x0000000000a52fb0 esmf_compmod_mp_esmf_compexecute_()  /scratch2/NCEPDEV/stmp1/Gerhard.Theurich/ESMF-Nightly-Testing/intel_2023.1.0_intelmpi_O_develop/esmf/src/Superstructure/Component/src/ESMF_Comp.F90:1223
13 0x0000000000a7f9a1 esmf_cplcompmod_mp_esmf_cplcompinitialize_()  /scratch2/NCEPDEV/stmp1/Gerhard.Theurich/ESMF-Nightly-Testing/intel_2023.1.0_intelmpi_O_develop/esmf/src/Superstructure/Component/src/ESMF_CplComp.F90:1165
14 0x000000000118e445 nuopc_driver_mp_loopconnectorcompss_()  /scratch2/NCEPDEV/stmp1/Gerhard.Theurich/ESMF-Nightly-Testing/intel_2023.1.0_intelmpi_O_develop/esmf/src/addon/NUOPC/src/NUOPC_Driver.F90:3086
15 0x00000000011addd2 nuopc_driver_mp_initializeipdv02p3_()  /scratch2/NCEPDEV/stmp1/Gerhard.Theurich/ESMF-Nightly-Testing/intel_2023.1.0_intelmpi_O_develop/esmf/src/addon/NUOPC/src/NUOPC_Driver.F90:2157
16 0x00000000011c0880 nuopc_driver_mp_initializegeneric_()  /scratch2/NCEPDEV/stmp1/Gerhard.Theurich/ESMF-Nightly-Testing/intel_2023.1.0_intelmpi_O_develop/esmf/src/addon/NUOPC/src/NUOPC_Driver.F90:487
17 0x00000000004c6184 ESMCI::FTable::callVFuncPtr()  /scratch2/NCEPDEV/stmp1/Gerhard.Theurich/ESMF-Nightly-Testing/intel_2023.1.0_intelmpi_O_develop/esmf/src/Superstructure/Component/src/ESMCI_FTable.C:2167
18 0x00000000004c5c55 ESMCI_FTableCallEntryPointVMHop()  /scratch2/NCEPDEV/stmp1/Gerhard.Theurich/ESMF-Nightly-Testing/intel_2023.1.0_intelmpi_O_develop/esmf/src/Superstructure/Component/src/ESMCI_FTable.C:824
19 0x00000000007bec24 ESMCI::VM::enter()  /scratch2/NCEPDEV/stmp1/Gerhard.Theurich/ESMF-Nightly-Testing/intel_2023.1.0_intelmpi_O_develop/esmf/src/Infrastructure/VM/src/ESMCI_VM.C:1216
20 0x00000000004c6991 c_esmc_ftablecallentrypointvm_()  /scratch2/NCEPDEV/stmp1/Gerhard.Theurich/ESMF-Nightly-Testing/intel_2023.1.0_intelmpi_O_develop/esmf/src/Superstructure/Component/src/ESMCI_FTable.C:981
21 0x0000000000a52fb0 esmf_compmod_mp_esmf_compexecute_()  /scratch2/NCEPDEV/stmp1/Gerhard.Theurich/ESMF-Nightly-Testing/intel_2023.1.0_intelmpi_O_develop/esmf/src/Superstructure/Component/src/ESMF_Comp.F90:1223
22 0x0000000000d98991 esmf_gridcompmod_mp_esmf_gridcompinitialize_()  /scratch2/NCEPDEV/stmp1/Gerhard.Theurich/ESMF-Nightly-Testing/intel_2023.1.0_intelmpi_O_develop/esmf/src/Superstructure/Component/src/ESMF_GridComp.F90:1412
23 0x000000000041aca4 MAIN__()  /scratch2/NCEPDEV/stmp1/Gerhard.Theurich/ESMF-Nightly-Testing/intel_2023.1.0_intelmpi_O_develop/nuopc-app-prototypes/AtmOcnPetListProto/esmApp.F90:83
24 0x000000000041a71d main()  ???:0
25 0x0000000000022555 __libc_start_main()  ???:0
26 0x000000000041a64b _start()  ???:0
=================================
forrtl: severe (174): SIGSEGV, segmentation fault occurred
Image              PC                Routine            Line        Source             
libpthread-2.17.s  00002B7B55B5E630  Unknown               Unknown  Unknown
libesmf.so         00002B7B52548A78  esmf_pointlistmod     Unknown  Unknown
libesmf.so         00002B7B52548498  esmf_pointlistmod     Unknown  Unknown
libesmf.so         00002B7B52260DAF  esmf_fieldregridm     Unknown  Unknown
libesmf.so         00002B7B5225DE63  esmf_fieldregridm     Unknown  Unknown
libesmf.so         00002B7B520DF535  esmf_fieldbundlem     Unknown  Unknown
libesmf.so         00002B7B52706CA0  nuopc_connector_m     Unknown  Unknown
libesmf.so         00002B7B5271C3D4  nuopc_connector_m     Unknown  Unknown
libesmf.so         00002B7B51AB4184  _ZN5ESMCI6FTable1     Unknown  Unknown
libesmf.so         00002B7B51AB3C55  ESMCI_FTableCallE     Unknown  Unknown
libesmf.so         00002B7B51DACC24  _ZN5ESMCI2VM5ente     Unknown  Unknown
libesmf.so         00002B7B51AB4991  c_esmc_ftablecall     Unknown  Unknown
libesmf.so         00002B7B52040FB0  esmf_compmod_mp_e     Unknown  Unknown
libesmf.so         00002B7B5206D9A1  esmf_cplcompmod_m     Unknown  Unknown
libesmf.so         00002B7B5277C445  nuopc_driver_mp_l     Unknown  Unknown
libesmf.so         00002B7B5279BDD2  nuopc_driver_mp_i     Unknown  Unknown
libesmf.so         00002B7B527AE880  nuopc_driver_mp_i     Unknown  Unknown
libesmf.so         00002B7B51AB4184  _ZN5ESMCI6FTable1     Unknown  Unknown
libesmf.so         00002B7B51AB3C55  ESMCI_FTableCallE     Unknown  Unknown
libesmf.so         00002B7B51DACC24  _ZN5ESMCI2VM5ente     Unknown  Unknown
libesmf.so         00002B7B51AB4991  c_esmc_ftablecall     Unknown  Unknown
libesmf.so         00002B7B52040FB0  esmf_compmod_mp_e     Unknown  Unknown
libesmf.so         00002B7B52386991  esmf_gridcompmod_     Unknown  Unknown
esmApp             000000000041ACA4  Unknown               Unknown  Unknown
esmApp             000000000041A71D  Unknown               Unknown  Unknown
libc-2.17.so       00002B7B56AC7555  __libc_start_main     Unknown  Unknown
esmApp             000000000041A64B  Unknown               Unknown  Unknown
srun: error: h24c33: tasks 0-3: Exited with exit code 174
srun: launch/slurm: _step_signal: Terminating StepId=50275290.364
