2023-10-28 01:23:15
20231028 020210.640 INFO             PET0 !!!!!!!!!!!!!!!!!!!!!!!!!!!!!!!!!!!!!!!!!!!!!!!!!!!!!!
20231028 020210.641 INFO             PET0 !!! THE ESMF_LOG IS SET TO OUTPUT ALL LOG MESSAGES !!!
20231028 020210.641 INFO             PET0 !!!     THIS MAY CAUSE SLOWDOWN IN PERFORMANCE     !!!
20231028 020210.641 INFO             PET0 !!! FOR PRODUCTION RUNS, USE:                      !!!
20231028 020210.641 INFO             PET0 !!!                   ESMF_LOGKIND_Multi_On_Error  !!!
20231028 020210.641 INFO             PET0 !!!!!!!!!!!!!!!!!!!!!!!!!!!!!!!!!!!!!!!!!!!!!!!!!!!!!!
20231028 020210.641 INFO             PET0 Running with ESMF Version   : v8.6.0b13
20231028 020210.641 INFO             PET0 ESMF library build date/time: "Oct 28 2023" "01:20:43"
20231028 020210.641 INFO             PET0 ESMF library build location : /Users/sacks/projects/scratch/esmf-testing/gfortranclang_12.2.0_14.0.0_openmpi_O_release_8.6.0/esmf
20231028 020210.641 INFO             PET0 ESMF_COMM                   : openmpi
20231028 020210.642 INFO             PET0 ESMF_MOAB                   : enabled
20231028 020210.642 INFO             PET0 ESMF_LAPACK                 : enabled
20231028 020210.642 INFO             PET0 ESMF_NETCDF                 : enabled
20231028 020210.642 INFO             PET0 ESMF_PNETCDF                : disabled
20231028 020210.642 INFO             PET0 ESMF_PIO                    : enabled
20231028 020210.642 INFO             PET0 ESMF_YAMLCPP                : enabled
20231028 020210.642 INFO             PET0  NUMBER_OF_PROCESSORS           1
20231028 020210.642 INFO             PET0  PASS  Example ESMF_TimeEx, ESMF_TimeEx.F90, line 141
20231028 020210.642 INFO             PET0  Finalizing ESMF
