2023-11-03 03:50:33
20231103 051010.512 INFO             PET0 !!!!!!!!!!!!!!!!!!!!!!!!!!!!!!!!!!!!!!!!!!!!!!!!!!!!!!
20231103 051010.512 INFO             PET0 !!! THE ESMF_LOG IS SET TO OUTPUT ALL LOG MESSAGES !!!
20231103 051010.512 INFO             PET0 !!!     THIS MAY CAUSE SLOWDOWN IN PERFORMANCE     !!!
20231103 051010.512 INFO             PET0 !!! FOR PRODUCTION RUNS, USE:                      !!!
20231103 051010.512 INFO             PET0 !!!                   ESMF_LOGKIND_Multi_On_Error  !!!
20231103 051010.512 INFO             PET0 !!!!!!!!!!!!!!!!!!!!!!!!!!!!!!!!!!!!!!!!!!!!!!!!!!!!!!
20231103 051010.512 INFO             PET0 Running with ESMF Version   : v8.6.0b13-4-gb15d190a60
20231103 051010.512 INFO             PET0 ESMF library build date/time: "Nov  3 2023" "03:43:58"
20231103 051010.512 INFO             PET0 ESMF library build location : /glade/scratch/theurich/ESMF-Nightly-Testing/intel_18.0.5_openmpi_g_release_8.6.0/esmf
20231103 051010.512 INFO             PET0 ESMF_COMM                   : openmpi
20231103 051010.512 INFO             PET0 ESMF_MOAB                   : enabled
20231103 051010.512 INFO             PET0 ESMF_LAPACK                 : enabled
20231103 051010.512 INFO             PET0 ESMF_NETCDF                 : enabled
20231103 051010.512 INFO             PET0 ESMF_PNETCDF                : disabled
20231103 051010.512 INFO             PET0 ESMF_PIO                    : enabled
20231103 051010.512 INFO             PET0 ESMF_YAMLCPP                : enabled
20231103 051010.513 INFO             PET0 esmApp STARTING
20231103 051010.519 INFO             PET0 esm: InitializeGeneric intro.
20231103 051010.519 INFO             PET0   esm: InitializeP0 intro.
20231103 051010.519 INFO             PET0   esm: InitializeP0 extro.
20231103 051010.520 INFO             PET0   esm: InitializeIPDv02p1 intro.
20231103 051010.520 INFO             PET0     >>>esm: entered Initialize (phase=<none>) without valid internal Clock.
20231103 051010.522 INFO             PET0     esm - Creating model component ATM with petList of size 2 :
20231103 051010.522 INFO             PET0           0      1
20231103 051010.526 INFO             PET0     esm - Creating model component OCN with petList of size 2 :
20231103 051010.526 INFO             PET0           2      3
20231103 051010.527 INFO             PET0     esm - Creating connector component ATM-TO-OCN with petList of size 4 :
20231103 051010.527 INFO             PET0           0      1      2      3
20231103 051010.536 INFO             PET0     esm - Creating connector component OCN-TO-ATM with petList of size 4 :
20231103 051010.536 INFO             PET0           2      3      0      1
20231103 051010.546 INFO             PET0     esm - Creating state: modelComp 1 Import State
20231103 051010.546 INFO             PET0     esm - Creating state: modelComp 1 Export State
20231103 051010.546 INFO             PET0     esm - Creating state: modelComp 2 Import State
20231103 051010.546 INFO             PET0     esm - Creating state: modelComp 2 Export State
20231103 051010.548 INFO             PET0     ATM: InitializeP0 intro.
20231103 051010.549 INFO             PET0     ATM: InitializeP0 extro.
20231103 051010.556 INFO             PET0     ATM-TO-OCN: InitializeP0 intro.
20231103 051010.556 INFO             PET0     ATM-TO-OCN: InitializeP0 extro.
20231103 051010.558 INFO             PET0     OCN-TO-ATM: InitializeP0 intro.
20231103 051010.558 INFO             PET0     OCN-TO-ATM: InitializeP0 extro.
20231103 051010.561 INFO             PET0     esm: IInitAdvertise intro.
20231103 051010.561 INFO             PET0     esm: IInitAdvertise extro.
20231103 051010.561 INFO             PET0     ATM: InitializeIPDvXp01 intro.
20231103 051010.564 INFO             PET0     ATM: InitializeIPDvXp01 extro.
20231103 051010.569 INFO             PET0     ATM-TO-OCN: InitializeIPDv05p1 intro.
20231103 051010.581 INFO             PET0     ATM-TO-OCN: InitializeIPDv05p1 extro.
20231103 051010.581 INFO             PET0     OCN-TO-ATM: InitializeIPDv05p1 intro.
20231103 051010.587 INFO             PET0     OCN-TO-ATM: InitializeIPDv05p1 extro.
20231103 051010.587 INFO             PET0     esm: IInitAdvertiseFinish intro.
20231103 051010.587 INFO             PET0     esm: IInitAdvertiseFinish extro.
20231103 051010.588 INFO             PET0     ATM-TO-OCN: InitializeIPDv05p2a intro.
20231103 051010.599 INFO             PET0     ATM-TO-OCN: InitializeIPDv05p2a extro.
20231103 051010.599 INFO             PET0     OCN-TO-ATM: InitializeIPDv05p2a intro.
20231103 051010.605 INFO             PET0     OCN-TO-ATM: InitializeIPDv05p2a extro.
20231103 051010.606 INFO             PET0     ATM-TO-OCN: InitializeIPDv05p2b intro.
20231103 051010.617 INFO             PET0     ATM-TO-OCN: InitializeIPDv05p2b extro.
20231103 051010.619 INFO             PET0     OCN-TO-ATM: InitializeIPDv05p2b intro.
20231103 051010.625 INFO             PET0     OCN-TO-ATM: InitializeIPDv05p2b extro.
20231103 051010.626 INFO             PET0     esm: IInitModifyCplLists intro.
20231103 051010.626 INFO             PET0       Driver is in ModifyCplLists()
20231103 051010.626 INFO             PET0        Found            2  Connectors. Modifying CplList Attribute....
20231103 051010.626 INFO             PET0     esm: IInitModifyCplLists extro.
20231103 051010.627 INFO             PET0     ATM-TO-OCN: InitializeIPDv05p3 intro.
20231103 051010.638 INFO             PET0     ATM-TO-OCN: InitializeIPDv05p3 extro.
20231103 051010.639 INFO             PET0     OCN-TO-ATM: InitializeIPDv05p3 intro.
20231103 051010.645 INFO             PET0     OCN-TO-ATM: InitializeIPDv05p3 extro.
20231103 051010.646 INFO             PET0     <<<esm: leaving Initialize (phase=<none>) with current time: 2010  6  1  0  0  0   0
20231103 051010.646 INFO             PET0   esm: InitializeIPDv02p1 extro.
20231103 051010.646 INFO             PET0   esm: InitializeIPDv02p3 intro.
20231103 051010.646 INFO             PET0     >>>esm: entered Initialize (phase=<none>) with current time: 2010  6  1  0  0  0   0
20231103 051010.646 INFO             PET0     esm: IInitCheck intro.
20231103 051010.646 INFO             PET0     esm: IInitCheck extro.
20231103 051010.647 INFO             PET0     ATM: InitializeIPDvXp04 intro.
20231103 051010.655 INFO             PET0     ATM: InitializeIPDvXp04 extro.
20231103 051010.660 INFO             PET0     ATM-TO-OCN: InitializeIPDv05p4 intro.
20231103 051010.681 INFO             PET0     ATM-TO-OCN: InitializeIPDv05p4 extro.
20231103 051010.681 INFO             PET0     OCN-TO-ATM: InitializeIPDv05p4 intro.
20231103 051010.692 INFO             PET0     OCN-TO-ATM: InitializeIPDv05p4 extro.
20231103 051010.693 INFO             PET0     ATM-TO-OCN: InitializeIPDv05p5 intro.
20231103 051010.714 INFO             PET0     ATM-TO-OCN: InitializeIPDv05p5 extro.
20231103 051010.714 INFO             PET0     OCN-TO-ATM: InitializeIPDv05p5 intro.
20231103 051010.725 INFO             PET0     OCN-TO-ATM: InitializeIPDv05p5 extro.
20231103 051010.726 INFO             PET0     esm: IInitRealize intro.
20231103 051010.726 INFO             PET0     esm: IInitRealize extro.
20231103 051010.726 INFO             PET0     ATM-TO-OCN: InitializeIPDv05p6a intro.
20231103 051010.746 INFO             PET0     ATM-TO-OCN: InitializeIPDv05p6a extro.
20231103 051010.747 INFO             PET0     OCN-TO-ATM: InitializeIPDv05p6a intro.
20231103 051010.757 INFO             PET0     OCN-TO-ATM: InitializeIPDv05p6a extro.
20231103 051010.758 INFO             PET0     ATM-TO-OCN: InitializeIPDv05p6b intro.
20231103 051010.900 INFO             PET0     ATM-TO-OCN: InitializeIPDv05p6b extro.
20231103 051010.900 INFO             PET0     OCN-TO-ATM: InitializeIPDv05p6b intro.
20231103 051011.007 INFO             PET0     OCN-TO-ATM: InitializeIPDv05p6b extro.
20231103 051011.008 INFO             PET0     ATM: InitializeIPDvXp07 intro.
20231103 051011.008 INFO             PET0     ATM: InitializeIPDvXp07 extro.
20231103 051011.008 INFO             PET0     <<<esm: leaving Initialize (phase=<none>) with current time: 2010  6  1  0  0  0   0
20231103 051011.008 INFO             PET0   esm: InitializeIPDv02p3 extro.
20231103 051011.008 INFO             PET0   esm: InitializeIPDv02p5 intro.
20231103 051011.008 INFO             PET0     >>>esm: entered Initialize (phase=<none>) with current time: 2010  6  1  0  0  0   0
20231103 051011.008 INFO             PET0     esm: this is a top level driver, no 'Updated' and 'InitializeDataComplete' info on this level.
20231103 051011.009 INFO             PET0     esm: InitializeIPDv02p5Data intro.
20231103 051011.009 INFO             PET0       esm: InternalInitializeComplete intro.
20231103 051011.009 INFO             PET0         esm: InitializeDataComplete='true'
20231103 051011.009 INFO             PET0       esm: InternalInitializeComplete extro.
20231103 051011.009 INFO             PET0       ATM: InitializeIPDv01p5 intro.
20231103 051011.009 INFO             PET0       ATM: InitializeIPDv01p5 extro.
20231103 051011.012 INFO             PET0       esm: components present that trigger loopDataDependentInitialize().
20231103 051011.012 INFO             PET0       esm: loopDataDependentInitialize intro.
20231103 051011.013 INFO             PET0         esm: component    0=esm, dataComplete (local): true
20231103 051011.013 INFO             PET0         esm: component    0=esm, dataComplete (global):  T
20231103 051011.013 INFO             PET0         esm: component    1=ATM, dataComplete (local): true
20231103 051011.013 INFO             PET0         esm: component    1=ATM, dataComplete (global):  T
20231103 051011.013 INFO             PET0         esm: component    2=OCN, dataComplete (local): true
20231103 051011.013 INFO             PET0         esm: component    2=OCN, dataComplete (global):  T
20231103 051011.013 INFO             PET0         esm: someProgress= F, allComplete= T, present(dataDepAllComplete)= T
20231103 051011.013 INFO             PET0         esm: finished resolving initialize data dependencies on this level.
20231103 051011.013 INFO             PET0       esm: loopDataDependentInitialize extro.
20231103 051011.013 INFO             PET0       esm: loopDataDependentInitialize() returned with dataDepAllComplete:  T
20231103 051011.013 INFO             PET0     esm: InitializeIPDv02p5Data extro.
20231103 051011.013 INFO             PET0     <<<esm: leaving Initialize (phase=<none>) with current time: 2010  6  1  0  0  0   0
20231103 051011.013 INFO             PET0   esm: InitializeIPDv02p5 extro.
20231103 051011.013 INFO             PET0 esm: InitializeGeneric extro.
20231103 051011.013 INFO             PET0 esm: Run intro.
20231103 051011.013 INFO             PET0   >>>esm entered Run (phase=RunPhase1) with current time: 2010  6  1  0  0  0   0
20231103 051011.013 INFO             PET0   esm: after lable_SetRunClock, current time: 2010  6  1  0  0  0   0
20231103 051011.014 INFO             PET0   esm: begin -------> RunSequence.
20231103 051011.014 INFO             PET0     esm: RunSequence event loopLevel=   1  levelMember=   1  loopIteration=   1, current time: 2010  6  1  0  0  0   0
20231103 051011.014 INFO             PET0     ATM-TO-OCN: Run intro.
20231103 051011.014 INFO             PET0     ATM-TO-OCN: Run extro.
20231103 051011.015 INFO             PET0     OCN-TO-ATM: Run intro.
20231103 051011.015 INFO             PET0     OCN-TO-ATM: Run extro.
20231103 051011.016 INFO             PET0     ATM: Run intro.
20231103 051011.016 INFO             PET0       ------>Advancing ATM from: 2010  6  1  0  0  0   0
20231103 051011.016 INFO             PET0       ---------------------> to: 2010  6  1  0 15  0   0
20231103 051011.016 INFO             PET0     ATM: Run extro.
20231103 051011.016 INFO             PET0     esm: RunSequence event loopLevel=   1  levelMember=   1  loopIteration=   2, current time: 2010  6  1  0 15  0   0
20231103 051011.016 INFO             PET0     ATM-TO-OCN: Run intro.
20231103 051011.017 INFO             PET0     ATM-TO-OCN: Run extro.
20231103 051011.017 INFO             PET0     OCN-TO-ATM: Run intro.
20231103 051011.040 INFO             PET0     OCN-TO-ATM: Run extro.
20231103 051011.040 INFO             PET0     ATM: Run intro.
20231103 051011.041 INFO             PET0       ------>Advancing ATM from: 2010  6  1  0 15  0   0
20231103 051011.041 INFO             PET0       ---------------------> to: 2010  6  1  0 30  0   0
20231103 051011.041 INFO             PET0     ATM: Run extro.
20231103 051011.041 INFO             PET0     esm: RunSequence event loopLevel=   1  levelMember=   1  loopIteration=   3, current time: 2010  6  1  0 30  0   0
20231103 051011.041 INFO             PET0     ATM-TO-OCN: Run intro.
20231103 051011.041 INFO             PET0     ATM-TO-OCN: Run extro.
20231103 051011.042 INFO             PET0     OCN-TO-ATM: Run intro.
20231103 051011.051 INFO             PET0     OCN-TO-ATM: Run extro.
20231103 051011.052 INFO             PET0     ATM: Run intro.
20231103 051011.052 INFO             PET0       ------>Advancing ATM from: 2010  6  1  0 30  0   0
20231103 051011.052 INFO             PET0       ---------------------> to: 2010  6  1  0 45  0   0
20231103 051011.052 INFO             PET0     ATM: Run extro.
20231103 051011.052 INFO             PET0     esm: RunSequence event loopLevel=   1  levelMember=   1  loopIteration=   4, current time: 2010  6  1  0 45  0   0
20231103 051011.052 INFO             PET0     ATM-TO-OCN: Run intro.
20231103 051011.052 INFO             PET0     ATM-TO-OCN: Run extro.
20231103 051011.053 INFO             PET0     OCN-TO-ATM: Run intro.
20231103 051011.062 INFO             PET0     OCN-TO-ATM: Run extro.
20231103 051011.062 INFO             PET0     ATM: Run intro.
20231103 051011.062 INFO             PET0       ------>Advancing ATM from: 2010  6  1  0 45  0   0
20231103 051011.062 INFO             PET0       ---------------------> to: 2010  6  1  1  0  0   0
20231103 051011.062 INFO             PET0     ATM: Run extro.
20231103 051011.062 INFO             PET0   esm: end <--------- RunSequence
20231103 051011.062 INFO             PET0   <<<esm - leaving Run with current time: 2010  6  1  1  0  0   0
20231103 051011.062 INFO             PET0 esm: Run extro.
20231103 051011.063 INFO             PET0 esm: Finalize intro.
20231103 051011.063 INFO             PET0   Calling Finalize phase 1 for connectorComp: ATM-TO-OCN
20231103 051011.063 INFO             PET0   ATM-TO-OCN: Finalize intro.
20231103 051011.063 INFO             PET0   ATM-TO-OCN: Finalize extro.
20231103 051011.063 INFO             PET0   Calling Finalize phase 1 for connectorComp: OCN-TO-ATM
20231103 051011.063 INFO             PET0   OCN-TO-ATM: Finalize intro.
20231103 051011.063 INFO             PET0   OCN-TO-ATM: Finalize extro.
20231103 051011.063 INFO             PET0   Calling Finalize phase 1 for modelComp: ATM
20231103 051011.064 INFO             PET0   ATM: Finalize intro.
20231103 051011.064 INFO             PET0   ATM: Finalize extro.
20231103 051011.064 INFO             PET0   Calling Finalize phase 1 for modelComp: OCN
20231103 051011.064 INFO             PET0   Delete modelComp: ATM
20231103 051011.064 INFO             PET0   Delete Import-/Export State for modelComp: ATM
20231103 051011.064 INFO             PET0   Delete modelComp: OCN
20231103 051011.064 INFO             PET0   Delete Import-/Export State for modelComp: OCN
20231103 051011.064 INFO             PET0   Delete connectorComp: ATM-TO-OCN
20231103 051011.064 INFO             PET0   Delete connectorComp: OCN-TO-ATM
20231103 051011.064 INFO             PET0 esm: Finalize extro.
20231103 051011.064 INFO             PET0 esmApp FINISHED
20231103 051011.064 INFO             PET0  Finalizing ESMF
20231103 051010.512 INFO             PET1 !!!!!!!!!!!!!!!!!!!!!!!!!!!!!!!!!!!!!!!!!!!!!!!!!!!!!!
20231103 051010.512 INFO             PET1 !!! THE ESMF_LOG IS SET TO OUTPUT ALL LOG MESSAGES !!!
20231103 051010.512 INFO             PET1 !!!     THIS MAY CAUSE SLOWDOWN IN PERFORMANCE     !!!
20231103 051010.512 INFO             PET1 !!! FOR PRODUCTION RUNS, USE:                      !!!
20231103 051010.512 INFO             PET1 !!!                   ESMF_LOGKIND_Multi_On_Error  !!!
20231103 051010.512 INFO             PET1 !!!!!!!!!!!!!!!!!!!!!!!!!!!!!!!!!!!!!!!!!!!!!!!!!!!!!!
20231103 051010.512 INFO             PET1 Running with ESMF Version   : v8.6.0b13-4-gb15d190a60
20231103 051010.512 INFO             PET1 ESMF library build date/time: "Nov  3 2023" "03:43:58"
20231103 051010.512 INFO             PET1 ESMF library build location : /glade/scratch/theurich/ESMF-Nightly-Testing/intel_18.0.5_openmpi_g_release_8.6.0/esmf
20231103 051010.512 INFO             PET1 ESMF_COMM                   : openmpi
20231103 051010.512 INFO             PET1 ESMF_MOAB                   : enabled
20231103 051010.512 INFO             PET1 ESMF_LAPACK                 : enabled
20231103 051010.512 INFO             PET1 ESMF_NETCDF                 : enabled
20231103 051010.512 INFO             PET1 ESMF_PNETCDF                : disabled
20231103 051010.512 INFO             PET1 ESMF_PIO                    : enabled
20231103 051010.512 INFO             PET1 ESMF_YAMLCPP                : enabled
20231103 051010.513 INFO             PET1 esmApp STARTING
20231103 051010.521 INFO             PET1 esm: InitializeGeneric intro.
20231103 051010.521 INFO             PET1   esm: InitializeP0 intro.
20231103 051010.521 INFO             PET1   esm: InitializeP0 extro.
20231103 051010.521 INFO             PET1   esm: InitializeIPDv02p1 intro.
20231103 051010.521 INFO             PET1     >>>esm: entered Initialize (phase=<none>) without valid internal Clock.
20231103 051010.522 INFO             PET1     esm - Creating model component ATM with petList of size 2 :
20231103 051010.522 INFO             PET1           0      1
20231103 051010.526 INFO             PET1     esm - Creating model component OCN with petList of size 2 :
20231103 051010.526 INFO             PET1           2      3
20231103 051010.527 INFO             PET1     esm - Creating connector component ATM-TO-OCN with petList of size 4 :
20231103 051010.527 INFO             PET1           0      1      2      3
20231103 051010.539 INFO             PET1     esm - Creating connector component OCN-TO-ATM with petList of size 4 :
20231103 051010.539 INFO             PET1           2      3      0      1
20231103 051010.549 INFO             PET1     esm - Creating state: modelComp 1 Import State
20231103 051010.549 INFO             PET1     esm - Creating state: modelComp 1 Export State
20231103 051010.549 INFO             PET1     esm - Creating state: modelComp 2 Import State
20231103 051010.549 INFO             PET1     esm - Creating state: modelComp 2 Export State
20231103 051010.551 INFO             PET1     ATM: InitializeP0 intro.
20231103 051010.553 INFO             PET1     ATM: InitializeP0 extro.
20231103 051010.556 INFO             PET1     ATM-TO-OCN: InitializeP0 intro.
20231103 051010.557 INFO             PET1     ATM-TO-OCN: InitializeP0 extro.
20231103 051010.558 INFO             PET1     OCN-TO-ATM: InitializeP0 intro.
20231103 051010.559 INFO             PET1     OCN-TO-ATM: InitializeP0 extro.
20231103 051010.562 INFO             PET1     esm: IInitAdvertise intro.
20231103 051010.562 INFO             PET1     esm: IInitAdvertise extro.
20231103 051010.562 INFO             PET1     ATM: InitializeIPDvXp01 intro.
20231103 051010.567 INFO             PET1     ATM: InitializeIPDvXp01 extro.
20231103 051010.570 INFO             PET1     ATM-TO-OCN: InitializeIPDv05p1 intro.
20231103 051010.581 INFO             PET1     ATM-TO-OCN: InitializeIPDv05p1 extro.
20231103 051010.581 INFO             PET1     OCN-TO-ATM: InitializeIPDv05p1 intro.
20231103 051010.587 INFO             PET1     OCN-TO-ATM: InitializeIPDv05p1 extro.
20231103 051010.588 INFO             PET1     esm: IInitAdvertiseFinish intro.
20231103 051010.588 INFO             PET1     esm: IInitAdvertiseFinish extro.
20231103 051010.588 INFO             PET1     ATM-TO-OCN: InitializeIPDv05p2a intro.
20231103 051010.599 INFO             PET1     ATM-TO-OCN: InitializeIPDv05p2a extro.
20231103 051010.600 INFO             PET1     OCN-TO-ATM: InitializeIPDv05p2a intro.
20231103 051010.606 INFO             PET1     OCN-TO-ATM: InitializeIPDv05p2a extro.
20231103 051010.606 INFO             PET1     ATM-TO-OCN: InitializeIPDv05p2b intro.
20231103 051010.617 INFO             PET1     ATM-TO-OCN: InitializeIPDv05p2b extro.
20231103 051010.619 INFO             PET1     OCN-TO-ATM: InitializeIPDv05p2b intro.
20231103 051010.625 INFO             PET1     OCN-TO-ATM: InitializeIPDv05p2b extro.
20231103 051010.626 INFO             PET1     esm: IInitModifyCplLists intro.
20231103 051010.626 INFO             PET1       Driver is in ModifyCplLists()
20231103 051010.626 INFO             PET1        Found            2  Connectors. Modifying CplList Attribute....
20231103 051010.627 INFO             PET1     esm: IInitModifyCplLists extro.
20231103 051010.627 INFO             PET1     ATM-TO-OCN: InitializeIPDv05p3 intro.
20231103 051010.639 INFO             PET1     ATM-TO-OCN: InitializeIPDv05p3 extro.
20231103 051010.639 INFO             PET1     OCN-TO-ATM: InitializeIPDv05p3 intro.
20231103 051010.646 INFO             PET1     OCN-TO-ATM: InitializeIPDv05p3 extro.
20231103 051010.646 INFO             PET1     <<<esm: leaving Initialize (phase=<none>) with current time: 2010  6  1  0  0  0   0
20231103 051010.646 INFO             PET1   esm: InitializeIPDv02p1 extro.
20231103 051010.646 INFO             PET1   esm: InitializeIPDv02p3 intro.
20231103 051010.646 INFO             PET1     >>>esm: entered Initialize (phase=<none>) with current time: 2010  6  1  0  0  0   0
20231103 051010.647 INFO             PET1     esm: IInitCheck intro.
20231103 051010.647 INFO             PET1     esm: IInitCheck extro.
20231103 051010.647 INFO             PET1     ATM: InitializeIPDvXp04 intro.
20231103 051010.658 INFO             PET1     ATM: InitializeIPDvXp04 extro.
20231103 051010.660 INFO             PET1     ATM-TO-OCN: InitializeIPDv05p4 intro.
20231103 051010.682 INFO             PET1     ATM-TO-OCN: InitializeIPDv05p4 extro.
20231103 051010.682 INFO             PET1     OCN-TO-ATM: InitializeIPDv05p4 intro.
20231103 051010.693 INFO             PET1     OCN-TO-ATM: InitializeIPDv05p4 extro.
20231103 051010.693 INFO             PET1     ATM-TO-OCN: InitializeIPDv05p5 intro.
20231103 051010.714 INFO             PET1     ATM-TO-OCN: InitializeIPDv05p5 extro.
20231103 051010.715 INFO             PET1     OCN-TO-ATM: InitializeIPDv05p5 intro.
20231103 051010.726 INFO             PET1     OCN-TO-ATM: InitializeIPDv05p5 extro.
20231103 051010.726 INFO             PET1     esm: IInitRealize intro.
20231103 051010.726 INFO             PET1     esm: IInitRealize extro.
20231103 051010.727 INFO             PET1     ATM-TO-OCN: InitializeIPDv05p6a intro.
20231103 051010.747 INFO             PET1     ATM-TO-OCN: InitializeIPDv05p6a extro.
20231103 051010.747 INFO             PET1     OCN-TO-ATM: InitializeIPDv05p6a intro.
20231103 051010.757 INFO             PET1     OCN-TO-ATM: InitializeIPDv05p6a extro.
20231103 051010.758 INFO             PET1     ATM-TO-OCN: InitializeIPDv05p6b intro.
20231103 051010.900 INFO             PET1     ATM-TO-OCN: InitializeIPDv05p6b extro.
20231103 051010.900 INFO             PET1     OCN-TO-ATM: InitializeIPDv05p6b intro.
20231103 051011.007 INFO             PET1     OCN-TO-ATM: InitializeIPDv05p6b extro.
20231103 051011.008 INFO             PET1     ATM: InitializeIPDvXp07 intro.
20231103 051011.008 INFO             PET1     ATM: InitializeIPDvXp07 extro.
20231103 051011.008 INFO             PET1     <<<esm: leaving Initialize (phase=<none>) with current time: 2010  6  1  0  0  0   0
20231103 051011.008 INFO             PET1   esm: InitializeIPDv02p3 extro.
20231103 051011.009 INFO             PET1   esm: InitializeIPDv02p5 intro.
20231103 051011.009 INFO             PET1     >>>esm: entered Initialize (phase=<none>) with current time: 2010  6  1  0  0  0   0
20231103 051011.009 INFO             PET1     esm: this is a top level driver, no 'Updated' and 'InitializeDataComplete' info on this level.
20231103 051011.009 INFO             PET1     esm: InitializeIPDv02p5Data intro.
20231103 051011.009 INFO             PET1       esm: InternalInitializeComplete intro.
20231103 051011.009 INFO             PET1         esm: InitializeDataComplete='true'
20231103 051011.009 INFO             PET1       esm: InternalInitializeComplete extro.
20231103 051011.010 INFO             PET1       ATM: InitializeIPDv01p5 intro.
20231103 051011.010 INFO             PET1       ATM: InitializeIPDv01p5 extro.
20231103 051011.012 INFO             PET1       esm: components present that trigger loopDataDependentInitialize().
20231103 051011.013 INFO             PET1       esm: loopDataDependentInitialize intro.
20231103 051011.013 INFO             PET1         esm: component    0=esm, dataComplete (local): true
20231103 051011.013 INFO             PET1         esm: component    0=esm, dataComplete (global):  T
20231103 051011.013 INFO             PET1         esm: component    1=ATM, dataComplete (local): true
20231103 051011.013 INFO             PET1         esm: component    1=ATM, dataComplete (global):  T
20231103 051011.013 INFO             PET1         esm: component    2=OCN, dataComplete (local): true
20231103 051011.013 INFO             PET1         esm: component    2=OCN, dataComplete (global):  T
20231103 051011.013 INFO             PET1         esm: someProgress= F, allComplete= T, present(dataDepAllComplete)= T
20231103 051011.013 INFO             PET1         esm: finished resolving initialize data dependencies on this level.
20231103 051011.013 INFO             PET1       esm: loopDataDependentInitialize extro.
20231103 051011.013 INFO             PET1       esm: loopDataDependentInitialize() returned with dataDepAllComplete:  T
20231103 051011.013 INFO             PET1     esm: InitializeIPDv02p5Data extro.
20231103 051011.013 INFO             PET1     <<<esm: leaving Initialize (phase=<none>) with current time: 2010  6  1  0  0  0   0
20231103 051011.013 INFO             PET1   esm: InitializeIPDv02p5 extro.
20231103 051011.013 INFO             PET1 esm: InitializeGeneric extro.
20231103 051011.013 INFO             PET1 esm: Run intro.
20231103 051011.013 INFO             PET1   >>>esm entered Run (phase=RunPhase1) with current time: 2010  6  1  0  0  0   0
20231103 051011.013 INFO             PET1   esm: after lable_SetRunClock, current time: 2010  6  1  0  0  0   0
20231103 051011.014 INFO             PET1   esm: begin -------> RunSequence.
20231103 051011.014 INFO             PET1     esm: RunSequence event loopLevel=   1  levelMember=   1  loopIteration=   1, current time: 2010  6  1  0  0  0   0
20231103 051011.014 INFO             PET1     ATM-TO-OCN: Run intro.
20231103 051011.015 INFO             PET1     ATM-TO-OCN: Run extro.
20231103 051011.015 INFO             PET1     OCN-TO-ATM: Run intro.
20231103 051011.015 INFO             PET1     OCN-TO-ATM: Run extro.
20231103 051011.016 INFO             PET1     ATM: Run intro.
20231103 051011.016 INFO             PET1       ------>Advancing ATM from: 2010  6  1  0  0  0   0
20231103 051011.016 INFO             PET1       ---------------------> to: 2010  6  1  0 15  0   0
20231103 051011.016 INFO             PET1     ATM: Run extro.
20231103 051011.016 INFO             PET1     esm: RunSequence event loopLevel=   1  levelMember=   1  loopIteration=   2, current time: 2010  6  1  0 15  0   0
20231103 051011.016 INFO             PET1     ATM-TO-OCN: Run intro.
20231103 051011.017 INFO             PET1     ATM-TO-OCN: Run extro.
20231103 051011.017 INFO             PET1     OCN-TO-ATM: Run intro.
20231103 051011.040 INFO             PET1     OCN-TO-ATM: Run extro.
20231103 051011.040 INFO             PET1     ATM: Run intro.
20231103 051011.040 INFO             PET1       ------>Advancing ATM from: 2010  6  1  0 15  0   0
20231103 051011.040 INFO             PET1       ---------------------> to: 2010  6  1  0 30  0   0
20231103 051011.041 INFO             PET1     ATM: Run extro.
20231103 051011.041 INFO             PET1     esm: RunSequence event loopLevel=   1  levelMember=   1  loopIteration=   3, current time: 2010  6  1  0 30  0   0
20231103 051011.041 INFO             PET1     ATM-TO-OCN: Run intro.
20231103 051011.041 INFO             PET1     ATM-TO-OCN: Run extro.
20231103 051011.042 INFO             PET1     OCN-TO-ATM: Run intro.
20231103 051011.051 INFO             PET1     OCN-TO-ATM: Run extro.
20231103 051011.051 INFO             PET1     ATM: Run intro.
20231103 051011.052 INFO             PET1       ------>Advancing ATM from: 2010  6  1  0 30  0   0
20231103 051011.052 INFO             PET1       ---------------------> to: 2010  6  1  0 45  0   0
20231103 051011.052 INFO             PET1     ATM: Run extro.
20231103 051011.052 INFO             PET1     esm: RunSequence event loopLevel=   1  levelMember=   1  loopIteration=   4, current time: 2010  6  1  0 45  0   0
20231103 051011.052 INFO             PET1     ATM-TO-OCN: Run intro.
20231103 051011.053 INFO             PET1     ATM-TO-OCN: Run extro.
20231103 051011.053 INFO             PET1     OCN-TO-ATM: Run intro.
20231103 051011.062 INFO             PET1     OCN-TO-ATM: Run extro.
20231103 051011.062 INFO             PET1     ATM: Run intro.
20231103 051011.062 INFO             PET1       ------>Advancing ATM from: 2010  6  1  0 45  0   0
20231103 051011.062 INFO             PET1       ---------------------> to: 2010  6  1  1  0  0   0
20231103 051011.062 INFO             PET1     ATM: Run extro.
20231103 051011.062 INFO             PET1   esm: end <--------- RunSequence
20231103 051011.062 INFO             PET1   <<<esm - leaving Run with current time: 2010  6  1  1  0  0   0
20231103 051011.062 INFO             PET1 esm: Run extro.
20231103 051011.063 INFO             PET1 esm: Finalize intro.
20231103 051011.063 INFO             PET1   Calling Finalize phase 1 for connectorComp: ATM-TO-OCN
20231103 051011.063 INFO             PET1   ATM-TO-OCN: Finalize intro.
20231103 051011.063 INFO             PET1   ATM-TO-OCN: Finalize extro.
20231103 051011.063 INFO             PET1   Calling Finalize phase 1 for connectorComp: OCN-TO-ATM
20231103 051011.063 INFO             PET1   OCN-TO-ATM: Finalize intro.
20231103 051011.064 INFO             PET1   OCN-TO-ATM: Finalize extro.
20231103 051011.064 INFO             PET1   Calling Finalize phase 1 for modelComp: ATM
20231103 051011.064 INFO             PET1   ATM: Finalize intro.
20231103 051011.064 INFO             PET1   ATM: Finalize extro.
20231103 051011.064 INFO             PET1   Calling Finalize phase 1 for modelComp: OCN
20231103 051011.064 INFO             PET1   Delete modelComp: ATM
20231103 051011.064 INFO             PET1   Delete Import-/Export State for modelComp: ATM
20231103 051011.064 INFO             PET1   Delete modelComp: OCN
20231103 051011.064 INFO             PET1   Delete Import-/Export State for modelComp: OCN
20231103 051011.064 INFO             PET1   Delete connectorComp: ATM-TO-OCN
20231103 051011.064 INFO             PET1   Delete connectorComp: OCN-TO-ATM
20231103 051011.064 INFO             PET1 esm: Finalize extro.
20231103 051011.065 INFO             PET1 esmApp FINISHED
20231103 051011.065 INFO             PET1  Finalizing ESMF
20231103 051010.512 INFO             PET2 !!!!!!!!!!!!!!!!!!!!!!!!!!!!!!!!!!!!!!!!!!!!!!!!!!!!!!
20231103 051010.512 INFO             PET2 !!! THE ESMF_LOG IS SET TO OUTPUT ALL LOG MESSAGES !!!
20231103 051010.512 INFO             PET2 !!!     THIS MAY CAUSE SLOWDOWN IN PERFORMANCE     !!!
20231103 051010.512 INFO             PET2 !!! FOR PRODUCTION RUNS, USE:                      !!!
20231103 051010.512 INFO             PET2 !!!                   ESMF_LOGKIND_Multi_On_Error  !!!
20231103 051010.512 INFO             PET2 !!!!!!!!!!!!!!!!!!!!!!!!!!!!!!!!!!!!!!!!!!!!!!!!!!!!!!
20231103 051010.512 INFO             PET2 Running with ESMF Version   : v8.6.0b13-4-gb15d190a60
20231103 051010.512 INFO             PET2 ESMF library build date/time: "Nov  3 2023" "03:43:58"
20231103 051010.512 INFO             PET2 ESMF library build location : /glade/scratch/theurich/ESMF-Nightly-Testing/intel_18.0.5_openmpi_g_release_8.6.0/esmf
20231103 051010.512 INFO             PET2 ESMF_COMM                   : openmpi
20231103 051010.512 INFO             PET2 ESMF_MOAB                   : enabled
20231103 051010.512 INFO             PET2 ESMF_LAPACK                 : enabled
20231103 051010.512 INFO             PET2 ESMF_NETCDF                 : enabled
20231103 051010.512 INFO             PET2 ESMF_PNETCDF                : disabled
20231103 051010.512 INFO             PET2 ESMF_PIO                    : enabled
20231103 051010.512 INFO             PET2 ESMF_YAMLCPP                : enabled
20231103 051010.513 INFO             PET2 esmApp STARTING
20231103 051010.519 INFO             PET2 esm: InitializeGeneric intro.
20231103 051010.520 INFO             PET2   esm: InitializeP0 intro.
20231103 051010.520 INFO             PET2   esm: InitializeP0 extro.
20231103 051010.520 INFO             PET2   esm: InitializeIPDv02p1 intro.
20231103 051010.520 INFO             PET2     >>>esm: entered Initialize (phase=<none>) without valid internal Clock.
20231103 051010.522 INFO             PET2     esm - Creating model component ATM with petList of size 2 :
20231103 051010.522 INFO             PET2           0      1
20231103 051010.526 INFO             PET2     esm - Creating model component OCN with petList of size 2 :
20231103 051010.526 INFO             PET2           2      3
20231103 051010.530 INFO             PET2     esm - Creating connector component ATM-TO-OCN with petList of size 4 :
20231103 051010.530 INFO             PET2           0      1      2      3
20231103 051010.537 INFO             PET2     esm - Creating connector component OCN-TO-ATM with petList of size 4 :
20231103 051010.537 INFO             PET2           2      3      0      1
20231103 051010.546 INFO             PET2     esm - Creating state: modelComp 1 Import State
20231103 051010.546 INFO             PET2     esm - Creating state: modelComp 1 Export State
20231103 051010.546 INFO             PET2     esm - Creating state: modelComp 2 Import State
20231103 051010.547 INFO             PET2     esm - Creating state: modelComp 2 Export State
20231103 051010.548 INFO             PET2     OCN: InitializeP0 intro.
20231103 051010.550 INFO             PET2     OCN: InitializeP0 extro.
20231103 051010.552 INFO             PET2     ATM-TO-OCN: InitializeP0 intro.
20231103 051010.553 INFO             PET2     ATM-TO-OCN: InitializeP0 extro.
20231103 051010.557 INFO             PET2     OCN-TO-ATM: InitializeP0 intro.
20231103 051010.558 INFO             PET2     OCN-TO-ATM: InitializeP0 extro.
20231103 051010.561 INFO             PET2     esm: IInitAdvertise intro.
20231103 051010.561 INFO             PET2     esm: IInitAdvertise extro.
20231103 051010.561 INFO             PET2     OCN: InitializeIPDvXp01 intro.
20231103 051010.564 INFO             PET2     OCN: InitializeIPDvXp01 extro.
20231103 051010.567 INFO             PET2     ATM-TO-OCN: InitializeIPDv05p1 intro.
20231103 051010.581 INFO             PET2     ATM-TO-OCN: InitializeIPDv05p1 extro.
20231103 051010.581 INFO             PET2     OCN-TO-ATM: InitializeIPDv05p1 intro.
20231103 051010.587 INFO             PET2     OCN-TO-ATM: InitializeIPDv05p1 extro.
20231103 051010.587 INFO             PET2     esm: IInitAdvertiseFinish intro.
20231103 051010.587 INFO             PET2     esm: IInitAdvertiseFinish extro.
20231103 051010.588 INFO             PET2     ATM-TO-OCN: InitializeIPDv05p2a intro.
20231103 051010.599 INFO             PET2     ATM-TO-OCN: InitializeIPDv05p2a extro.
20231103 051010.599 INFO             PET2     OCN-TO-ATM: InitializeIPDv05p2a intro.
20231103 051010.605 INFO             PET2     OCN-TO-ATM: InitializeIPDv05p2a extro.
20231103 051010.606 INFO             PET2     ATM-TO-OCN: InitializeIPDv05p2b intro.
20231103 051010.617 INFO             PET2     ATM-TO-OCN: InitializeIPDv05p2b extro.
20231103 051010.619 INFO             PET2     OCN-TO-ATM: InitializeIPDv05p2b intro.
20231103 051010.625 INFO             PET2     OCN-TO-ATM: InitializeIPDv05p2b extro.
20231103 051010.626 INFO             PET2     esm: IInitModifyCplLists intro.
20231103 051010.626 INFO             PET2       Driver is in ModifyCplLists()
20231103 051010.626 INFO             PET2        Found            2  Connectors. Modifying CplList Attribute....
20231103 051010.626 INFO             PET2     esm: IInitModifyCplLists extro.
20231103 051010.627 INFO             PET2     ATM-TO-OCN: InitializeIPDv05p3 intro.
20231103 051010.638 INFO             PET2     ATM-TO-OCN: InitializeIPDv05p3 extro.
20231103 051010.639 INFO             PET2     OCN-TO-ATM: InitializeIPDv05p3 intro.
20231103 051010.645 INFO             PET2     OCN-TO-ATM: InitializeIPDv05p3 extro.
20231103 051010.646 INFO             PET2     <<<esm: leaving Initialize (phase=<none>) with current time: 2010  6  1  0  0  0   0
20231103 051010.646 INFO             PET2   esm: InitializeIPDv02p1 extro.
20231103 051010.646 INFO             PET2   esm: InitializeIPDv02p3 intro.
20231103 051010.646 INFO             PET2     >>>esm: entered Initialize (phase=<none>) with current time: 2010  6  1  0  0  0   0
20231103 051010.646 INFO             PET2     esm: IInitCheck intro.
20231103 051010.646 INFO             PET2     esm: IInitCheck extro.
20231103 051010.647 INFO             PET2     OCN: InitializeIPDvXp04 intro.
20231103 051010.655 INFO             PET2     OCN: InitializeIPDvXp04 extro.
20231103 051010.657 INFO             PET2     ATM-TO-OCN: InitializeIPDv05p4 intro.
20231103 051010.681 INFO             PET2     ATM-TO-OCN: InitializeIPDv05p4 extro.
20231103 051010.681 INFO             PET2     OCN-TO-ATM: InitializeIPDv05p4 intro.
20231103 051010.692 INFO             PET2     OCN-TO-ATM: InitializeIPDv05p4 extro.
20231103 051010.693 INFO             PET2     ATM-TO-OCN: InitializeIPDv05p5 intro.
20231103 051010.714 INFO             PET2     ATM-TO-OCN: InitializeIPDv05p5 extro.
20231103 051010.714 INFO             PET2     OCN-TO-ATM: InitializeIPDv05p5 intro.
20231103 051010.725 INFO             PET2     OCN-TO-ATM: InitializeIPDv05p5 extro.
20231103 051010.726 INFO             PET2     esm: IInitRealize intro.
20231103 051010.726 INFO             PET2     esm: IInitRealize extro.
20231103 051010.726 INFO             PET2     ATM-TO-OCN: InitializeIPDv05p6a intro.
20231103 051010.746 INFO             PET2     ATM-TO-OCN: InitializeIPDv05p6a extro.
20231103 051010.747 INFO             PET2     OCN-TO-ATM: InitializeIPDv05p6a intro.
20231103 051010.757 INFO             PET2     OCN-TO-ATM: InitializeIPDv05p6a extro.
20231103 051010.758 INFO             PET2     ATM-TO-OCN: InitializeIPDv05p6b intro.
20231103 051010.900 INFO             PET2     ATM-TO-OCN: InitializeIPDv05p6b extro.
20231103 051010.900 INFO             PET2     OCN-TO-ATM: InitializeIPDv05p6b intro.
20231103 051011.007 INFO             PET2     OCN-TO-ATM: InitializeIPDv05p6b extro.
20231103 051011.008 INFO             PET2     OCN: InitializeIPDvXp07 intro.
20231103 051011.008 INFO             PET2     OCN: InitializeIPDvXp07 extro.
20231103 051011.008 INFO             PET2     <<<esm: leaving Initialize (phase=<none>) with current time: 2010  6  1  0  0  0   0
20231103 051011.008 INFO             PET2   esm: InitializeIPDv02p3 extro.
20231103 051011.009 INFO             PET2   esm: InitializeIPDv02p5 intro.
20231103 051011.009 INFO             PET2     >>>esm: entered Initialize (phase=<none>) with current time: 2010  6  1  0  0  0   0
20231103 051011.009 INFO             PET2     esm: this is a top level driver, no 'Updated' and 'InitializeDataComplete' info on this level.
20231103 051011.009 INFO             PET2     esm: InitializeIPDv02p5Data intro.
20231103 051011.009 INFO             PET2       esm: InternalInitializeComplete intro.
20231103 051011.009 INFO             PET2         esm: InitializeDataComplete='true'
20231103 051011.009 INFO             PET2       esm: InternalInitializeComplete extro.
20231103 051011.010 INFO             PET2       OCN: InitializeIPDv01p5 intro.
20231103 051011.010 INFO             PET2       OCN: InitializeIPDv01p5 extro.
20231103 051011.012 INFO             PET2       esm: components present that trigger loopDataDependentInitialize().
20231103 051011.012 INFO             PET2       esm: loopDataDependentInitialize intro.
20231103 051011.013 INFO             PET2         esm: component    0=esm, dataComplete (local): true
20231103 051011.013 INFO             PET2         esm: component    0=esm, dataComplete (global):  T
20231103 051011.013 INFO             PET2         esm: component    1=ATM, dataComplete (local): true
20231103 051011.013 INFO             PET2         esm: component    1=ATM, dataComplete (global):  T
20231103 051011.013 INFO             PET2         esm: component    2=OCN, dataComplete (local): true
20231103 051011.013 INFO             PET2         esm: component    2=OCN, dataComplete (global):  T
20231103 051011.013 INFO             PET2         esm: someProgress= F, allComplete= T, present(dataDepAllComplete)= T
20231103 051011.013 INFO             PET2         esm: finished resolving initialize data dependencies on this level.
20231103 051011.013 INFO             PET2       esm: loopDataDependentInitialize extro.
20231103 051011.013 INFO             PET2       esm: loopDataDependentInitialize() returned with dataDepAllComplete:  T
20231103 051011.013 INFO             PET2     esm: InitializeIPDv02p5Data extro.
20231103 051011.013 INFO             PET2     <<<esm: leaving Initialize (phase=<none>) with current time: 2010  6  1  0  0  0   0
20231103 051011.013 INFO             PET2   esm: InitializeIPDv02p5 extro.
20231103 051011.013 INFO             PET2 esm: InitializeGeneric extro.
20231103 051011.013 INFO             PET2 esm: Run intro.
20231103 051011.013 INFO             PET2   >>>esm entered Run (phase=RunPhase1) with current time: 2010  6  1  0  0  0   0
20231103 051011.013 INFO             PET2   esm: after lable_SetRunClock, current time: 2010  6  1  0  0  0   0
20231103 051011.014 INFO             PET2   esm: begin -------> RunSequence.
20231103 051011.014 INFO             PET2     esm: RunSequence event loopLevel=   1  levelMember=   1  loopIteration=   1, current time: 2010  6  1  0  0  0   0
20231103 051011.014 INFO             PET2     ATM-TO-OCN: Run intro.
20231103 051011.015 INFO             PET2     ATM-TO-OCN: Run extro.
20231103 051011.015 INFO             PET2     OCN-TO-ATM: Run intro.
20231103 051011.015 INFO             PET2     OCN-TO-ATM: Run extro.
20231103 051011.016 INFO             PET2     OCN: Run intro.
20231103 051011.016 INFO             PET2       ------>Advancing OCN from: 2010  6  1  0  0  0   0
20231103 051011.016 INFO             PET2       ---------------------> to: 2010  6  1  0  5  0   0
20231103 051011.030 INFO             PET2       ------>Advancing OCN from: 2010  6  1  0  5  0   0
20231103 051011.030 INFO             PET2       ---------------------> to: 2010  6  1  0 10  0   0
20231103 051011.036 INFO             PET2       ------>Advancing OCN from: 2010  6  1  0 10  0   0
20231103 051011.036 INFO             PET2       ---------------------> to: 2010  6  1  0 15  0   0
20231103 051011.039 INFO             PET2     OCN: Run extro.
20231103 051011.039 INFO             PET2     esm: RunSequence event loopLevel=   1  levelMember=   1  loopIteration=   2, current time: 2010  6  1  0 15  0   0
20231103 051011.039 INFO             PET2     ATM-TO-OCN: Run intro.
20231103 051011.040 INFO             PET2     ATM-TO-OCN: Run extro.
20231103 051011.040 INFO             PET2     OCN-TO-ATM: Run intro.
20231103 051011.040 INFO             PET2     OCN-TO-ATM: Run extro.
20231103 051011.040 INFO             PET2     OCN: Run intro.
20231103 051011.041 INFO             PET2       ------>Advancing OCN from: 2010  6  1  0 15  0   0
20231103 051011.041 INFO             PET2       ---------------------> to: 2010  6  1  0 20  0   0
20231103 051011.044 INFO             PET2       ------>Advancing OCN from: 2010  6  1  0 20  0   0
20231103 051011.044 INFO             PET2       ---------------------> to: 2010  6  1  0 25  0   0
20231103 051011.047 INFO             PET2       ------>Advancing OCN from: 2010  6  1  0 25  0   0
20231103 051011.047 INFO             PET2       ---------------------> to: 2010  6  1  0 30  0   0
20231103 051011.050 INFO             PET2     OCN: Run extro.
20231103 051011.050 INFO             PET2     esm: RunSequence event loopLevel=   1  levelMember=   1  loopIteration=   3, current time: 2010  6  1  0 30  0   0
20231103 051011.050 INFO             PET2     ATM-TO-OCN: Run intro.
20231103 051011.051 INFO             PET2     ATM-TO-OCN: Run extro.
20231103 051011.051 INFO             PET2     OCN-TO-ATM: Run intro.
20231103 051011.051 INFO             PET2     OCN-TO-ATM: Run extro.
20231103 051011.052 INFO             PET2     OCN: Run intro.
20231103 051011.052 INFO             PET2       ------>Advancing OCN from: 2010  6  1  0 30  0   0
20231103 051011.052 INFO             PET2       ---------------------> to: 2010  6  1  0 35  0   0
20231103 051011.055 INFO             PET2       ------>Advancing OCN from: 2010  6  1  0 35  0   0
20231103 051011.055 INFO             PET2       ---------------------> to: 2010  6  1  0 40  0   0
20231103 051011.057 INFO             PET2       ------>Advancing OCN from: 2010  6  1  0 40  0   0
20231103 051011.057 INFO             PET2       ---------------------> to: 2010  6  1  0 45  0   0
20231103 051011.061 INFO             PET2     OCN: Run extro.
20231103 051011.061 INFO             PET2     esm: RunSequence event loopLevel=   1  levelMember=   1  loopIteration=   4, current time: 2010  6  1  0 45  0   0
20231103 051011.061 INFO             PET2     ATM-TO-OCN: Run intro.
20231103 051011.061 INFO             PET2     ATM-TO-OCN: Run extro.
20231103 051011.061 INFO             PET2     OCN-TO-ATM: Run intro.
20231103 051011.062 INFO             PET2     OCN-TO-ATM: Run extro.
20231103 051011.062 INFO             PET2     OCN: Run intro.
20231103 051011.062 INFO             PET2       ------>Advancing OCN from: 2010  6  1  0 45  0   0
20231103 051011.062 INFO             PET2       ---------------------> to: 2010  6  1  0 50  0   0
20231103 051011.066 INFO             PET2       ------>Advancing OCN from: 2010  6  1  0 50  0   0
20231103 051011.066 INFO             PET2       ---------------------> to: 2010  6  1  0 55  0   0
20231103 051011.068 INFO             PET2       ------>Advancing OCN from: 2010  6  1  0 55  0   0
20231103 051011.068 INFO             PET2       ---------------------> to: 2010  6  1  1  0  0   0
20231103 051011.071 INFO             PET2     OCN: Run extro.
20231103 051011.071 INFO             PET2   esm: end <--------- RunSequence
20231103 051011.071 INFO             PET2   <<<esm - leaving Run with current time: 2010  6  1  1  0  0   0
20231103 051011.071 INFO             PET2 esm: Run extro.
20231103 051011.072 INFO             PET2 esm: Finalize intro.
20231103 051011.072 INFO             PET2   Calling Finalize phase 1 for connectorComp: ATM-TO-OCN
20231103 051011.072 INFO             PET2   ATM-TO-OCN: Finalize intro.
20231103 051011.072 INFO             PET2   ATM-TO-OCN: Finalize extro.
20231103 051011.072 INFO             PET2   Calling Finalize phase 1 for connectorComp: OCN-TO-ATM
20231103 051011.072 INFO             PET2   OCN-TO-ATM: Finalize intro.
20231103 051011.072 INFO             PET2   OCN-TO-ATM: Finalize extro.
20231103 051011.072 INFO             PET2   Calling Finalize phase 1 for modelComp: ATM
20231103 051011.072 INFO             PET2   Calling Finalize phase 1 for modelComp: OCN
20231103 051011.073 INFO             PET2   OCN: Finalize intro.
20231103 051011.073 INFO             PET2   OCN: Finalize extro.
20231103 051011.073 INFO             PET2   Delete modelComp: ATM
20231103 051011.073 INFO             PET2   Delete Import-/Export State for modelComp: ATM
20231103 051011.073 INFO             PET2   Delete modelComp: OCN
20231103 051011.073 INFO             PET2   Delete Import-/Export State for modelComp: OCN
20231103 051011.073 INFO             PET2   Delete connectorComp: ATM-TO-OCN
20231103 051011.073 INFO             PET2   Delete connectorComp: OCN-TO-ATM
20231103 051011.073 INFO             PET2 esm: Finalize extro.
20231103 051011.073 INFO             PET2 esmApp FINISHED
20231103 051011.073 INFO             PET2  Finalizing ESMF
20231103 051010.512 INFO             PET3 !!!!!!!!!!!!!!!!!!!!!!!!!!!!!!!!!!!!!!!!!!!!!!!!!!!!!!
20231103 051010.512 INFO             PET3 !!! THE ESMF_LOG IS SET TO OUTPUT ALL LOG MESSAGES !!!
20231103 051010.512 INFO             PET3 !!!     THIS MAY CAUSE SLOWDOWN IN PERFORMANCE     !!!
20231103 051010.512 INFO             PET3 !!! FOR PRODUCTION RUNS, USE:                      !!!
20231103 051010.512 INFO             PET3 !!!                   ESMF_LOGKIND_Multi_On_Error  !!!
20231103 051010.512 INFO             PET3 !!!!!!!!!!!!!!!!!!!!!!!!!!!!!!!!!!!!!!!!!!!!!!!!!!!!!!
20231103 051010.512 INFO             PET3 Running with ESMF Version   : v8.6.0b13-4-gb15d190a60
20231103 051010.512 INFO             PET3 ESMF library build date/time: "Nov  3 2023" "03:43:58"
20231103 051010.512 INFO             PET3 ESMF library build location : /glade/scratch/theurich/ESMF-Nightly-Testing/intel_18.0.5_openmpi_g_release_8.6.0/esmf
20231103 051010.512 INFO             PET3 ESMF_COMM                   : openmpi
20231103 051010.512 INFO             PET3 ESMF_MOAB                   : enabled
20231103 051010.512 INFO             PET3 ESMF_LAPACK                 : enabled
20231103 051010.512 INFO             PET3 ESMF_NETCDF                 : enabled
20231103 051010.512 INFO             PET3 ESMF_PNETCDF                : disabled
20231103 051010.512 INFO             PET3 ESMF_PIO                    : enabled
20231103 051010.512 INFO             PET3 ESMF_YAMLCPP                : enabled
20231103 051010.513 INFO             PET3 esmApp STARTING
20231103 051010.519 INFO             PET3 esm: InitializeGeneric intro.
20231103 051010.519 INFO             PET3   esm: InitializeP0 intro.
20231103 051010.519 INFO             PET3   esm: InitializeP0 extro.
20231103 051010.520 INFO             PET3   esm: InitializeIPDv02p1 intro.
20231103 051010.520 INFO             PET3     >>>esm: entered Initialize (phase=<none>) without valid internal Clock.
20231103 051010.522 INFO             PET3     esm - Creating model component ATM with petList of size 2 :
20231103 051010.522 INFO             PET3           0      1
20231103 051010.526 INFO             PET3     esm - Creating model component OCN with petList of size 2 :
20231103 051010.526 INFO             PET3           2      3
20231103 051010.530 INFO             PET3     esm - Creating connector component ATM-TO-OCN with petList of size 4 :
20231103 051010.530 INFO             PET3           0      1      2      3
20231103 051010.536 INFO             PET3     esm - Creating connector component OCN-TO-ATM with petList of size 4 :
20231103 051010.536 INFO             PET3           2      3      0      1
20231103 051010.546 INFO             PET3     esm - Creating state: modelComp 1 Import State
20231103 051010.546 INFO             PET3     esm - Creating state: modelComp 1 Export State
20231103 051010.546 INFO             PET3     esm - Creating state: modelComp 2 Import State
20231103 051010.546 INFO             PET3     esm - Creating state: modelComp 2 Export State
20231103 051010.548 INFO             PET3     OCN: InitializeP0 intro.
20231103 051010.549 INFO             PET3     OCN: InitializeP0 extro.
20231103 051010.556 INFO             PET3     ATM-TO-OCN: InitializeP0 intro.
20231103 051010.557 INFO             PET3     ATM-TO-OCN: InitializeP0 extro.
20231103 051010.558 INFO             PET3     OCN-TO-ATM: InitializeP0 intro.
20231103 051010.559 INFO             PET3     OCN-TO-ATM: InitializeP0 extro.
20231103 051010.561 INFO             PET3     esm: IInitAdvertise intro.
20231103 051010.561 INFO             PET3     esm: IInitAdvertise extro.
20231103 051010.562 INFO             PET3     OCN: InitializeIPDvXp01 intro.
20231103 051010.565 INFO             PET3     OCN: InitializeIPDvXp01 extro.
20231103 051010.569 INFO             PET3     ATM-TO-OCN: InitializeIPDv05p1 intro.
20231103 051010.581 INFO             PET3     ATM-TO-OCN: InitializeIPDv05p1 extro.
20231103 051010.581 INFO             PET3     OCN-TO-ATM: InitializeIPDv05p1 intro.
20231103 051010.587 INFO             PET3     OCN-TO-ATM: InitializeIPDv05p1 extro.
20231103 051010.587 INFO             PET3     esm: IInitAdvertiseFinish intro.
20231103 051010.587 INFO             PET3     esm: IInitAdvertiseFinish extro.
20231103 051010.588 INFO             PET3     ATM-TO-OCN: InitializeIPDv05p2a intro.
20231103 051010.599 INFO             PET3     ATM-TO-OCN: InitializeIPDv05p2a extro.
20231103 051010.599 INFO             PET3     OCN-TO-ATM: InitializeIPDv05p2a intro.
20231103 051010.605 INFO             PET3     OCN-TO-ATM: InitializeIPDv05p2a extro.
20231103 051010.606 INFO             PET3     ATM-TO-OCN: InitializeIPDv05p2b intro.
20231103 051010.617 INFO             PET3     ATM-TO-OCN: InitializeIPDv05p2b extro.
20231103 051010.619 INFO             PET3     OCN-TO-ATM: InitializeIPDv05p2b intro.
20231103 051010.625 INFO             PET3     OCN-TO-ATM: InitializeIPDv05p2b extro.
20231103 051010.626 INFO             PET3     esm: IInitModifyCplLists intro.
20231103 051010.626 INFO             PET3       Driver is in ModifyCplLists()
20231103 051010.626 INFO             PET3        Found            2  Connectors. Modifying CplList Attribute....
20231103 051010.626 INFO             PET3     esm: IInitModifyCplLists extro.
20231103 051010.627 INFO             PET3     ATM-TO-OCN: InitializeIPDv05p3 intro.
20231103 051010.638 INFO             PET3     ATM-TO-OCN: InitializeIPDv05p3 extro.
20231103 051010.639 INFO             PET3     OCN-TO-ATM: InitializeIPDv05p3 intro.
20231103 051010.645 INFO             PET3     OCN-TO-ATM: InitializeIPDv05p3 extro.
20231103 051010.646 INFO             PET3     <<<esm: leaving Initialize (phase=<none>) with current time: 2010  6  1  0  0  0   0
20231103 051010.646 INFO             PET3   esm: InitializeIPDv02p1 extro.
20231103 051010.646 INFO             PET3   esm: InitializeIPDv02p3 intro.
20231103 051010.646 INFO             PET3     >>>esm: entered Initialize (phase=<none>) with current time: 2010  6  1  0  0  0   0
20231103 051010.646 INFO             PET3     esm: IInitCheck intro.
20231103 051010.646 INFO             PET3     esm: IInitCheck extro.
20231103 051010.647 INFO             PET3     OCN: InitializeIPDvXp04 intro.
20231103 051010.655 INFO             PET3     OCN: InitializeIPDvXp04 extro.
20231103 051010.660 INFO             PET3     ATM-TO-OCN: InitializeIPDv05p4 intro.
20231103 051010.681 INFO             PET3     ATM-TO-OCN: InitializeIPDv05p4 extro.
20231103 051010.681 INFO             PET3     OCN-TO-ATM: InitializeIPDv05p4 intro.
20231103 051010.692 INFO             PET3     OCN-TO-ATM: InitializeIPDv05p4 extro.
20231103 051010.693 INFO             PET3     ATM-TO-OCN: InitializeIPDv05p5 intro.
20231103 051010.714 INFO             PET3     ATM-TO-OCN: InitializeIPDv05p5 extro.
20231103 051010.714 INFO             PET3     OCN-TO-ATM: InitializeIPDv05p5 intro.
20231103 051010.725 INFO             PET3     OCN-TO-ATM: InitializeIPDv05p5 extro.
20231103 051010.726 INFO             PET3     esm: IInitRealize intro.
20231103 051010.726 INFO             PET3     esm: IInitRealize extro.
20231103 051010.726 INFO             PET3     ATM-TO-OCN: InitializeIPDv05p6a intro.
20231103 051010.746 INFO             PET3     ATM-TO-OCN: InitializeIPDv05p6a extro.
20231103 051010.747 INFO             PET3     OCN-TO-ATM: InitializeIPDv05p6a intro.
20231103 051010.757 INFO             PET3     OCN-TO-ATM: InitializeIPDv05p6a extro.
20231103 051010.758 INFO             PET3     ATM-TO-OCN: InitializeIPDv05p6b intro.
20231103 051010.900 INFO             PET3     ATM-TO-OCN: InitializeIPDv05p6b extro.
20231103 051010.900 INFO             PET3     OCN-TO-ATM: InitializeIPDv05p6b intro.
20231103 051011.007 INFO             PET3     OCN-TO-ATM: InitializeIPDv05p6b extro.
20231103 051011.008 INFO             PET3     OCN: InitializeIPDvXp07 intro.
20231103 051011.008 INFO             PET3     OCN: InitializeIPDvXp07 extro.
20231103 051011.008 INFO             PET3     <<<esm: leaving Initialize (phase=<none>) with current time: 2010  6  1  0  0  0   0
20231103 051011.008 INFO             PET3   esm: InitializeIPDv02p3 extro.
20231103 051011.009 INFO             PET3   esm: InitializeIPDv02p5 intro.
20231103 051011.009 INFO             PET3     >>>esm: entered Initialize (phase=<none>) with current time: 2010  6  1  0  0  0   0
20231103 051011.009 INFO             PET3     esm: this is a top level driver, no 'Updated' and 'InitializeDataComplete' info on this level.
20231103 051011.009 INFO             PET3     esm: InitializeIPDv02p5Data intro.
20231103 051011.009 INFO             PET3       esm: InternalInitializeComplete intro.
20231103 051011.009 INFO             PET3         esm: InitializeDataComplete='true'
20231103 051011.009 INFO             PET3       esm: InternalInitializeComplete extro.
20231103 051011.009 INFO             PET3       OCN: InitializeIPDv01p5 intro.
20231103 051011.010 INFO             PET3       OCN: InitializeIPDv01p5 extro.
20231103 051011.012 INFO             PET3       esm: components present that trigger loopDataDependentInitialize().
20231103 051011.012 INFO             PET3       esm: loopDataDependentInitialize intro.
20231103 051011.013 INFO             PET3         esm: component    0=esm, dataComplete (local): true
20231103 051011.013 INFO             PET3         esm: component    0=esm, dataComplete (global):  T
20231103 051011.013 INFO             PET3         esm: component    1=ATM, dataComplete (local): true
20231103 051011.013 INFO             PET3         esm: component    1=ATM, dataComplete (global):  T
20231103 051011.013 INFO             PET3         esm: component    2=OCN, dataComplete (local): true
20231103 051011.013 INFO             PET3         esm: component    2=OCN, dataComplete (global):  T
20231103 051011.013 INFO             PET3         esm: someProgress= F, allComplete= T, present(dataDepAllComplete)= T
20231103 051011.013 INFO             PET3         esm: finished resolving initialize data dependencies on this level.
20231103 051011.013 INFO             PET3       esm: loopDataDependentInitialize extro.
20231103 051011.013 INFO             PET3       esm: loopDataDependentInitialize() returned with dataDepAllComplete:  T
20231103 051011.013 INFO             PET3     esm: InitializeIPDv02p5Data extro.
20231103 051011.013 INFO             PET3     <<<esm: leaving Initialize (phase=<none>) with current time: 2010  6  1  0  0  0   0
20231103 051011.013 INFO             PET3   esm: InitializeIPDv02p5 extro.
20231103 051011.013 INFO             PET3 esm: InitializeGeneric extro.
20231103 051011.013 INFO             PET3 esm: Run intro.
20231103 051011.013 INFO             PET3   >>>esm entered Run (phase=RunPhase1) with current time: 2010  6  1  0  0  0   0
20231103 051011.013 INFO             PET3   esm: after lable_SetRunClock, current time: 2010  6  1  0  0  0   0
20231103 051011.014 INFO             PET3   esm: begin -------> RunSequence.
20231103 051011.014 INFO             PET3     esm: RunSequence event loopLevel=   1  levelMember=   1  loopIteration=   1, current time: 2010  6  1  0  0  0   0
20231103 051011.014 INFO             PET3     ATM-TO-OCN: Run intro.
20231103 051011.015 INFO             PET3     ATM-TO-OCN: Run extro.
20231103 051011.015 INFO             PET3     OCN-TO-ATM: Run intro.
20231103 051011.015 INFO             PET3     OCN-TO-ATM: Run extro.
20231103 051011.016 INFO             PET3     OCN: Run intro.
20231103 051011.016 INFO             PET3       ------>Advancing OCN from: 2010  6  1  0  0  0   0
20231103 051011.016 INFO             PET3       ---------------------> to: 2010  6  1  0  5  0   0
20231103 051011.030 INFO             PET3       ------>Advancing OCN from: 2010  6  1  0  5  0   0
20231103 051011.030 INFO             PET3       ---------------------> to: 2010  6  1  0 10  0   0
20231103 051011.036 INFO             PET3       ------>Advancing OCN from: 2010  6  1  0 10  0   0
20231103 051011.036 INFO             PET3       ---------------------> to: 2010  6  1  0 15  0   0
20231103 051011.039 INFO             PET3     OCN: Run extro.
20231103 051011.039 INFO             PET3     esm: RunSequence event loopLevel=   1  levelMember=   1  loopIteration=   2, current time: 2010  6  1  0 15  0   0
20231103 051011.039 INFO             PET3     ATM-TO-OCN: Run intro.
20231103 051011.039 INFO             PET3     ATM-TO-OCN: Run extro.
20231103 051011.040 INFO             PET3     OCN-TO-ATM: Run intro.
20231103 051011.040 INFO             PET3     OCN-TO-ATM: Run extro.
20231103 051011.040 INFO             PET3     OCN: Run intro.
20231103 051011.040 INFO             PET3       ------>Advancing OCN from: 2010  6  1  0 15  0   0
20231103 051011.040 INFO             PET3       ---------------------> to: 2010  6  1  0 20  0   0
20231103 051011.044 INFO             PET3       ------>Advancing OCN from: 2010  6  1  0 20  0   0
20231103 051011.044 INFO             PET3       ---------------------> to: 2010  6  1  0 25  0   0
20231103 051011.047 INFO             PET3       ------>Advancing OCN from: 2010  6  1  0 25  0   0
20231103 051011.047 INFO             PET3       ---------------------> to: 2010  6  1  0 30  0   0
20231103 051011.050 INFO             PET3     OCN: Run extro.
20231103 051011.050 INFO             PET3     esm: RunSequence event loopLevel=   1  levelMember=   1  loopIteration=   3, current time: 2010  6  1  0 30  0   0
20231103 051011.050 INFO             PET3     ATM-TO-OCN: Run intro.
20231103 051011.051 INFO             PET3     ATM-TO-OCN: Run extro.
20231103 051011.051 INFO             PET3     OCN-TO-ATM: Run intro.
20231103 051011.051 INFO             PET3     OCN-TO-ATM: Run extro.
20231103 051011.051 INFO             PET3     OCN: Run intro.
20231103 051011.052 INFO             PET3       ------>Advancing OCN from: 2010  6  1  0 30  0   0
20231103 051011.052 INFO             PET3       ---------------------> to: 2010  6  1  0 35  0   0
20231103 051011.055 INFO             PET3       ------>Advancing OCN from: 2010  6  1  0 35  0   0
20231103 051011.055 INFO             PET3       ---------------------> to: 2010  6  1  0 40  0   0
20231103 051011.057 INFO             PET3       ------>Advancing OCN from: 2010  6  1  0 40  0   0
20231103 051011.057 INFO             PET3       ---------------------> to: 2010  6  1  0 45  0   0
20231103 051011.061 INFO             PET3     OCN: Run extro.
20231103 051011.061 INFO             PET3     esm: RunSequence event loopLevel=   1  levelMember=   1  loopIteration=   4, current time: 2010  6  1  0 45  0   0
20231103 051011.061 INFO             PET3     ATM-TO-OCN: Run intro.
20231103 051011.061 INFO             PET3     ATM-TO-OCN: Run extro.
20231103 051011.061 INFO             PET3     OCN-TO-ATM: Run intro.
20231103 051011.062 INFO             PET3     OCN-TO-ATM: Run extro.
20231103 051011.062 INFO             PET3     OCN: Run intro.
20231103 051011.062 INFO             PET3       ------>Advancing OCN from: 2010  6  1  0 45  0   0
20231103 051011.062 INFO             PET3       ---------------------> to: 2010  6  1  0 50  0   0
20231103 051011.066 INFO             PET3       ------>Advancing OCN from: 2010  6  1  0 50  0   0
20231103 051011.066 INFO             PET3       ---------------------> to: 2010  6  1  0 55  0   0
20231103 051011.068 INFO             PET3       ------>Advancing OCN from: 2010  6  1  0 55  0   0
20231103 051011.068 INFO             PET3       ---------------------> to: 2010  6  1  1  0  0   0
20231103 051011.071 INFO             PET3     OCN: Run extro.
20231103 051011.071 INFO             PET3   esm: end <--------- RunSequence
20231103 051011.071 INFO             PET3   <<<esm - leaving Run with current time: 2010  6  1  1  0  0   0
20231103 051011.071 INFO             PET3 esm: Run extro.
20231103 051011.072 INFO             PET3 esm: Finalize intro.
20231103 051011.072 INFO             PET3   Calling Finalize phase 1 for connectorComp: ATM-TO-OCN
20231103 051011.072 INFO             PET3   ATM-TO-OCN: Finalize intro.
20231103 051011.072 INFO             PET3   ATM-TO-OCN: Finalize extro.
20231103 051011.072 INFO             PET3   Calling Finalize phase 1 for connectorComp: OCN-TO-ATM
20231103 051011.072 INFO             PET3   OCN-TO-ATM: Finalize intro.
20231103 051011.072 INFO             PET3   OCN-TO-ATM: Finalize extro.
20231103 051011.072 INFO             PET3   Calling Finalize phase 1 for modelComp: ATM
20231103 051011.072 INFO             PET3   Calling Finalize phase 1 for modelComp: OCN
20231103 051011.072 INFO             PET3   OCN: Finalize intro.
20231103 051011.073 INFO             PET3   OCN: Finalize extro.
20231103 051011.073 INFO             PET3   Delete modelComp: ATM
20231103 051011.073 INFO             PET3   Delete Import-/Export State for modelComp: ATM
20231103 051011.073 INFO             PET3   Delete modelComp: OCN
20231103 051011.073 INFO             PET3   Delete Import-/Export State for modelComp: OCN
20231103 051011.073 INFO             PET3   Delete connectorComp: ATM-TO-OCN
20231103 051011.073 INFO             PET3   Delete connectorComp: OCN-TO-ATM
20231103 051011.073 INFO             PET3 esm: Finalize extro.
20231103 051011.073 INFO             PET3 esmApp FINISHED
20231103 051011.073 INFO             PET3  Finalizing ESMF
