2023-11-10 02:51:25
20231110 034840.170 INFO             PET0 !!!!!!!!!!!!!!!!!!!!!!!!!!!!!!!!!!!!!!!!!!!!!!!!!!!!!!
20231110 034840.170 INFO             PET0 !!! THE ESMF_LOG IS SET TO OUTPUT ALL LOG MESSAGES !!!
20231110 034840.170 INFO             PET0 !!!     THIS MAY CAUSE SLOWDOWN IN PERFORMANCE     !!!
20231110 034840.170 INFO             PET0 !!! FOR PRODUCTION RUNS, USE:                      !!!
20231110 034840.170 INFO             PET0 !!!                   ESMF_LOGKIND_Multi_On_Error  !!!
20231110 034840.170 INFO             PET0 !!!!!!!!!!!!!!!!!!!!!!!!!!!!!!!!!!!!!!!!!!!!!!!!!!!!!!
20231110 034840.170 INFO             PET0 Running with ESMF Version   : v8.6.0
20231110 034840.170 INFO             PET0 ESMF library build date/time: "Nov 10 2023" "02:45:46"
20231110 034840.170 INFO             PET0 ESMF library build location : /glade/scratch/theurich/ESMF-Nightly-Testing/intel_18.0.5_mpiuni_g_v8.6.0/esmf
20231110 034840.170 INFO             PET0 ESMF_COMM                   : mpiuni
20231110 034840.170 INFO             PET0 ESMF_MOAB                   : enabled
20231110 034840.170 INFO             PET0 ESMF_LAPACK                 : enabled
20231110 034840.170 INFO             PET0 ESMF_NETCDF                 : enabled
20231110 034840.170 INFO             PET0 ESMF_PNETCDF                : disabled
20231110 034840.170 INFO             PET0 ESMF_PIO                    : disabled
20231110 034840.170 INFO             PET0 ESMF_YAMLCPP                : enabled
20231110 034840.170 INFO             PET0  NUMBER_OF_PROCESSORS           1
20231110 034840.171 INFO             PET0  PASS  Example ESMF_VMGetMPICommunicatorEx, ESMF_VMGetMPICommunicatorEx.F90, line 94
20231110 034840.171 INFO             PET0  Finalizing ESMF
