2023-11-17 01:45:50
20231117 021954.094 INFO             PET0 !!!!!!!!!!!!!!!!!!!!!!!!!!!!!!!!!!!!!!!!!!!!!!!!!!!!!!
20231117 021954.094 INFO             PET0 !!! THE ESMF_LOG IS SET TO OUTPUT ALL LOG MESSAGES !!!
20231117 021954.094 INFO             PET0 !!!     THIS MAY CAUSE SLOWDOWN IN PERFORMANCE     !!!
20231117 021954.094 INFO             PET0 !!! FOR PRODUCTION RUNS, USE:                      !!!
20231117 021954.094 INFO             PET0 !!!                   ESMF_LOGKIND_Multi_On_Error  !!!
20231117 021954.094 INFO             PET0 !!!!!!!!!!!!!!!!!!!!!!!!!!!!!!!!!!!!!!!!!!!!!!!!!!!!!!
20231117 021954.094 INFO             PET0 Running with ESMF Version   : v8.7.0b01-5-gf664797301
20231117 021954.094 INFO             PET0 ESMF library build date/time: "Nov 17 2023" "01:42:37"
20231117 021954.094 INFO             PET0 ESMF library build location : /glade/scratch/theurich/ESMF-Nightly-Testing/gfortran_9.1.0_mpt_g_develop/esmf
20231117 021954.094 INFO             PET0 ESMF_COMM                   : mpt
20231117 021954.095 INFO             PET0 ESMF_MOAB                   : enabled
20231117 021954.095 INFO             PET0 ESMF_LAPACK                 : enabled
20231117 021954.095 INFO             PET0 ESMF_NETCDF                 : enabled
20231117 021954.095 INFO             PET0 ESMF_PNETCDF                : disabled
20231117 021954.095 INFO             PET0 ESMF_PIO                    : enabled
20231117 021954.095 INFO             PET0 ESMF_YAMLCPP                : enabled
20231117 021954.185 DEBUG            PET0 about to destroy Grid: 0x35a80f0
20231117 021954.197 DEBUG            PET0 about to destroy Grid: 0x35a9400
20231117 021954.231 INFO             PET0  NUMBER_OF_PROCESSORS           4
20231117 021954.231 INFO             PET0  PASS  Example ESMF_NUOPCAtmModelEx, ESMF_NUOPCAtmModelEx.F90, line 806
20231117 021954.231 INFO             PET0  Finalizing ESMF
20231117 021954.093 INFO             PET1 !!!!!!!!!!!!!!!!!!!!!!!!!!!!!!!!!!!!!!!!!!!!!!!!!!!!!!
20231117 021954.093 INFO             PET1 !!! THE ESMF_LOG IS SET TO OUTPUT ALL LOG MESSAGES !!!
20231117 021954.093 INFO             PET1 !!!     THIS MAY CAUSE SLOWDOWN IN PERFORMANCE     !!!
20231117 021954.093 INFO             PET1 !!! FOR PRODUCTION RUNS, USE:                      !!!
20231117 021954.093 INFO             PET1 !!!                   ESMF_LOGKIND_Multi_On_Error  !!!
20231117 021954.093 INFO             PET1 !!!!!!!!!!!!!!!!!!!!!!!!!!!!!!!!!!!!!!!!!!!!!!!!!!!!!!
20231117 021954.093 INFO             PET1 Running with ESMF Version   : v8.7.0b01-5-gf664797301
20231117 021954.094 INFO             PET1 ESMF library build date/time: "Nov 17 2023" "01:42:37"
20231117 021954.094 INFO             PET1 ESMF library build location : /glade/scratch/theurich/ESMF-Nightly-Testing/gfortran_9.1.0_mpt_g_develop/esmf
20231117 021954.094 INFO             PET1 ESMF_COMM                   : mpt
20231117 021954.094 INFO             PET1 ESMF_MOAB                   : enabled
20231117 021954.094 INFO             PET1 ESMF_LAPACK                 : enabled
20231117 021954.094 INFO             PET1 ESMF_NETCDF                 : enabled
20231117 021954.094 INFO             PET1 ESMF_PNETCDF                : disabled
20231117 021954.094 INFO             PET1 ESMF_PIO                    : enabled
20231117 021954.094 INFO             PET1 ESMF_YAMLCPP                : enabled
20231117 021954.185 DEBUG            PET1 about to destroy Grid: 0x35a8120
20231117 021954.197 DEBUG            PET1 about to destroy Grid: 0x35a90b0
20231117 021954.231 INFO             PET1  NUMBER_OF_PROCESSORS           4
20231117 021954.231 INFO             PET1  PASS  Example ESMF_NUOPCAtmModelEx, ESMF_NUOPCAtmModelEx.F90, line 806
20231117 021954.231 INFO             PET1  Finalizing ESMF
20231117 021954.095 INFO             PET2 !!!!!!!!!!!!!!!!!!!!!!!!!!!!!!!!!!!!!!!!!!!!!!!!!!!!!!
20231117 021954.095 INFO             PET2 !!! THE ESMF_LOG IS SET TO OUTPUT ALL LOG MESSAGES !!!
20231117 021954.095 INFO             PET2 !!!     THIS MAY CAUSE SLOWDOWN IN PERFORMANCE     !!!
20231117 021954.095 INFO             PET2 !!! FOR PRODUCTION RUNS, USE:                      !!!
20231117 021954.095 INFO             PET2 !!!                   ESMF_LOGKIND_Multi_On_Error  !!!
20231117 021954.095 INFO             PET2 !!!!!!!!!!!!!!!!!!!!!!!!!!!!!!!!!!!!!!!!!!!!!!!!!!!!!!
20231117 021954.095 INFO             PET2 Running with ESMF Version   : v8.7.0b01-5-gf664797301
20231117 021954.095 INFO             PET2 ESMF library build date/time: "Nov 17 2023" "01:42:37"
20231117 021954.095 INFO             PET2 ESMF library build location : /glade/scratch/theurich/ESMF-Nightly-Testing/gfortran_9.1.0_mpt_g_develop/esmf
20231117 021954.095 INFO             PET2 ESMF_COMM                   : mpt
20231117 021954.095 INFO             PET2 ESMF_MOAB                   : enabled
20231117 021954.095 INFO             PET2 ESMF_LAPACK                 : enabled
20231117 021954.095 INFO             PET2 ESMF_NETCDF                 : enabled
20231117 021954.095 INFO             PET2 ESMF_PNETCDF                : disabled
20231117 021954.095 INFO             PET2 ESMF_PIO                    : enabled
20231117 021954.095 INFO             PET2 ESMF_YAMLCPP                : enabled
20231117 021954.185 DEBUG            PET2 about to destroy Grid: 0x35a79c0
20231117 021954.197 DEBUG            PET2 about to destroy Grid: 0x35a85b0
20231117 021954.231 INFO             PET2  NUMBER_OF_PROCESSORS           4
20231117 021954.231 INFO             PET2  PASS  Example ESMF_NUOPCAtmModelEx, ESMF_NUOPCAtmModelEx.F90, line 806
20231117 021954.231 INFO             PET2  Finalizing ESMF
20231117 021954.094 INFO             PET3 !!!!!!!!!!!!!!!!!!!!!!!!!!!!!!!!!!!!!!!!!!!!!!!!!!!!!!
20231117 021954.094 INFO             PET3 !!! THE ESMF_LOG IS SET TO OUTPUT ALL LOG MESSAGES !!!
20231117 021954.094 INFO             PET3 !!!     THIS MAY CAUSE SLOWDOWN IN PERFORMANCE     !!!
20231117 021954.094 INFO             PET3 !!! FOR PRODUCTION RUNS, USE:                      !!!
20231117 021954.094 INFO             PET3 !!!                   ESMF_LOGKIND_Multi_On_Error  !!!
20231117 021954.094 INFO             PET3 !!!!!!!!!!!!!!!!!!!!!!!!!!!!!!!!!!!!!!!!!!!!!!!!!!!!!!
20231117 021954.094 INFO             PET3 Running with ESMF Version   : v8.7.0b01-5-gf664797301
20231117 021954.094 INFO             PET3 ESMF library build date/time: "Nov 17 2023" "01:42:37"
20231117 021954.094 INFO             PET3 ESMF library build location : /glade/scratch/theurich/ESMF-Nightly-Testing/gfortran_9.1.0_mpt_g_develop/esmf
20231117 021954.094 INFO             PET3 ESMF_COMM                   : mpt
20231117 021954.094 INFO             PET3 ESMF_MOAB                   : enabled
20231117 021954.094 INFO             PET3 ESMF_LAPACK                 : enabled
20231117 021954.094 INFO             PET3 ESMF_NETCDF                 : enabled
20231117 021954.094 INFO             PET3 ESMF_PNETCDF                : disabled
20231117 021954.094 INFO             PET3 ESMF_PIO                    : enabled
20231117 021954.094 INFO             PET3 ESMF_YAMLCPP                : enabled
20231117 021954.185 DEBUG            PET3 about to destroy Grid: 0x35a7900
20231117 021954.197 DEBUG            PET3 about to destroy Grid: 0x35a8890
20231117 021954.231 INFO             PET3  NUMBER_OF_PROCESSORS           4
20231117 021954.231 INFO             PET3  PASS  Example ESMF_NUOPCAtmModelEx, ESMF_NUOPCAtmModelEx.F90, line 806
20231117 021954.231 INFO             PET3  Finalizing ESMF
