2023-10-28 02:19:38
20231028 024736.422 INFO             PET0 !!!!!!!!!!!!!!!!!!!!!!!!!!!!!!!!!!!!!!!!!!!!!!!!!!!!!!
20231028 024736.422 INFO             PET0 !!! THE ESMF_LOG IS SET TO OUTPUT ALL LOG MESSAGES !!!
20231028 024736.422 INFO             PET0 !!!     THIS MAY CAUSE SLOWDOWN IN PERFORMANCE     !!!
20231028 024736.422 INFO             PET0 !!! FOR PRODUCTION RUNS, USE:                      !!!
20231028 024736.422 INFO             PET0 !!!                   ESMF_LOGKIND_Multi_On_Error  !!!
20231028 024736.422 INFO             PET0 !!!!!!!!!!!!!!!!!!!!!!!!!!!!!!!!!!!!!!!!!!!!!!!!!!!!!!
20231028 024736.422 INFO             PET0 Running with ESMF Version   : v8.6.0b13
20231028 024736.422 INFO             PET0 ESMF library build date/time: "Oct 28 2023" "02:17:52"
20231028 024736.422 INFO             PET0 ESMF library build location : /glade/derecho/scratch/theurich/ESMF-Nightly-Testing/intel_2023.0.0-classic_mpi_g_release_8.6.0/esmf
20231028 024736.422 INFO             PET0 ESMF_COMM                   : mpi
20231028 024736.422 INFO             PET0 ESMF_MOAB                   : enabled
20231028 024736.422 INFO             PET0 ESMF_LAPACK                 : enabled
20231028 024736.422 INFO             PET0 ESMF_NETCDF                 : enabled
20231028 024736.422 INFO             PET0 ESMF_PNETCDF                : disabled
20231028 024736.422 INFO             PET0 ESMF_PIO                    : enabled
20231028 024736.422 INFO             PET0 ESMF_YAMLCPP                : enabled
20231028 024736.463 DEBUG            PET0 about to destroy Grid: 0x927e60
20231028 024736.467 DEBUG            PET0 about to destroy Grid: 0x92b900
20231028 024736.480 INFO             PET0  NUMBER_OF_PROCESSORS           4
20231028 024736.480 INFO             PET0  PASS  Example ESMF_NUOPCAtmModelEx, ESMF_NUOPCAtmModelEx.F90, line 806
20231028 024736.480 INFO             PET0  Finalizing ESMF
20231028 024736.422 INFO             PET1 !!!!!!!!!!!!!!!!!!!!!!!!!!!!!!!!!!!!!!!!!!!!!!!!!!!!!!
20231028 024736.422 INFO             PET1 !!! THE ESMF_LOG IS SET TO OUTPUT ALL LOG MESSAGES !!!
20231028 024736.422 INFO             PET1 !!!     THIS MAY CAUSE SLOWDOWN IN PERFORMANCE     !!!
20231028 024736.422 INFO             PET1 !!! FOR PRODUCTION RUNS, USE:                      !!!
20231028 024736.422 INFO             PET1 !!!                   ESMF_LOGKIND_Multi_On_Error  !!!
20231028 024736.422 INFO             PET1 !!!!!!!!!!!!!!!!!!!!!!!!!!!!!!!!!!!!!!!!!!!!!!!!!!!!!!
20231028 024736.422 INFO             PET1 Running with ESMF Version   : v8.6.0b13
20231028 024736.422 INFO             PET1 ESMF library build date/time: "Oct 28 2023" "02:17:52"
20231028 024736.422 INFO             PET1 ESMF library build location : /glade/derecho/scratch/theurich/ESMF-Nightly-Testing/intel_2023.0.0-classic_mpi_g_release_8.6.0/esmf
20231028 024736.422 INFO             PET1 ESMF_COMM                   : mpi
20231028 024736.422 INFO             PET1 ESMF_MOAB                   : enabled
20231028 024736.422 INFO             PET1 ESMF_LAPACK                 : enabled
20231028 024736.422 INFO             PET1 ESMF_NETCDF                 : enabled
20231028 024736.422 INFO             PET1 ESMF_PNETCDF                : disabled
20231028 024736.422 INFO             PET1 ESMF_PIO                    : enabled
20231028 024736.422 INFO             PET1 ESMF_YAMLCPP                : enabled
20231028 024736.463 DEBUG            PET1 about to destroy Grid: 0x924190
20231028 024736.467 DEBUG            PET1 about to destroy Grid: 0x925170
20231028 024736.480 INFO             PET1  NUMBER_OF_PROCESSORS           4
20231028 024736.480 INFO             PET1  PASS  Example ESMF_NUOPCAtmModelEx, ESMF_NUOPCAtmModelEx.F90, line 806
20231028 024736.480 INFO             PET1  Finalizing ESMF
20231028 024736.422 INFO             PET2 !!!!!!!!!!!!!!!!!!!!!!!!!!!!!!!!!!!!!!!!!!!!!!!!!!!!!!
20231028 024736.422 INFO             PET2 !!! THE ESMF_LOG IS SET TO OUTPUT ALL LOG MESSAGES !!!
20231028 024736.422 INFO             PET2 !!!     THIS MAY CAUSE SLOWDOWN IN PERFORMANCE     !!!
20231028 024736.422 INFO             PET2 !!! FOR PRODUCTION RUNS, USE:                      !!!
20231028 024736.422 INFO             PET2 !!!                   ESMF_LOGKIND_Multi_On_Error  !!!
20231028 024736.422 INFO             PET2 !!!!!!!!!!!!!!!!!!!!!!!!!!!!!!!!!!!!!!!!!!!!!!!!!!!!!!
20231028 024736.422 INFO             PET2 Running with ESMF Version   : v8.6.0b13
20231028 024736.422 INFO             PET2 ESMF library build date/time: "Oct 28 2023" "02:17:52"
20231028 024736.422 INFO             PET2 ESMF library build location : /glade/derecho/scratch/theurich/ESMF-Nightly-Testing/intel_2023.0.0-classic_mpi_g_release_8.6.0/esmf
20231028 024736.422 INFO             PET2 ESMF_COMM                   : mpi
20231028 024736.423 INFO             PET2 ESMF_MOAB                   : enabled
20231028 024736.423 INFO             PET2 ESMF_LAPACK                 : enabled
20231028 024736.423 INFO             PET2 ESMF_NETCDF                 : enabled
20231028 024736.423 INFO             PET2 ESMF_PNETCDF                : disabled
20231028 024736.423 INFO             PET2 ESMF_PIO                    : enabled
20231028 024736.423 INFO             PET2 ESMF_YAMLCPP                : enabled
20231028 024736.463 DEBUG            PET2 about to destroy Grid: 0x9241c0
20231028 024736.467 DEBUG            PET2 about to destroy Grid: 0x9251a0
20231028 024736.480 INFO             PET2  NUMBER_OF_PROCESSORS           4
20231028 024736.480 INFO             PET2  PASS  Example ESMF_NUOPCAtmModelEx, ESMF_NUOPCAtmModelEx.F90, line 806
20231028 024736.480 INFO             PET2  Finalizing ESMF
20231028 024736.422 INFO             PET3 !!!!!!!!!!!!!!!!!!!!!!!!!!!!!!!!!!!!!!!!!!!!!!!!!!!!!!
20231028 024736.422 INFO             PET3 !!! THE ESMF_LOG IS SET TO OUTPUT ALL LOG MESSAGES !!!
20231028 024736.422 INFO             PET3 !!!     THIS MAY CAUSE SLOWDOWN IN PERFORMANCE     !!!
20231028 024736.422 INFO             PET3 !!! FOR PRODUCTION RUNS, USE:                      !!!
20231028 024736.422 INFO             PET3 !!!                   ESMF_LOGKIND_Multi_On_Error  !!!
20231028 024736.422 INFO             PET3 !!!!!!!!!!!!!!!!!!!!!!!!!!!!!!!!!!!!!!!!!!!!!!!!!!!!!!
20231028 024736.422 INFO             PET3 Running with ESMF Version   : v8.6.0b13
20231028 024736.422 INFO             PET3 ESMF library build date/time: "Oct 28 2023" "02:17:52"
20231028 024736.422 INFO             PET3 ESMF library build location : /glade/derecho/scratch/theurich/ESMF-Nightly-Testing/intel_2023.0.0-classic_mpi_g_release_8.6.0/esmf
20231028 024736.422 INFO             PET3 ESMF_COMM                   : mpi
20231028 024736.423 INFO             PET3 ESMF_MOAB                   : enabled
20231028 024736.423 INFO             PET3 ESMF_LAPACK                 : enabled
20231028 024736.423 INFO             PET3 ESMF_NETCDF                 : enabled
20231028 024736.423 INFO             PET3 ESMF_PNETCDF                : disabled
20231028 024736.423 INFO             PET3 ESMF_PIO                    : enabled
20231028 024736.423 INFO             PET3 ESMF_YAMLCPP                : enabled
20231028 024736.463 DEBUG            PET3 about to destroy Grid: 0x9241b0
20231028 024736.467 DEBUG            PET3 about to destroy Grid: 0x925190
20231028 024736.480 INFO             PET3  NUMBER_OF_PROCESSORS           4
20231028 024736.480 INFO             PET3  PASS  Example ESMF_NUOPCAtmModelEx, ESMF_NUOPCAtmModelEx.F90, line 806
20231028 024736.480 INFO             PET3  Finalizing ESMF
