2023-10-31 04:43:39
20231031 054301.795 INFO             PET0 !!!!!!!!!!!!!!!!!!!!!!!!!!!!!!!!!!!!!!!!!!!!!!!!!!!!!!
20231031 054301.795 INFO             PET0 !!! THE ESMF_LOG IS SET TO OUTPUT ALL LOG MESSAGES !!!
20231031 054301.795 INFO             PET0 !!!     THIS MAY CAUSE SLOWDOWN IN PERFORMANCE     !!!
20231031 054301.795 INFO             PET0 !!! FOR PRODUCTION RUNS, USE:                      !!!
20231031 054301.795 INFO             PET0 !!!                   ESMF_LOGKIND_Multi_On_Error  !!!
20231031 054301.795 INFO             PET0 !!!!!!!!!!!!!!!!!!!!!!!!!!!!!!!!!!!!!!!!!!!!!!!!!!!!!!
20231031 054301.795 INFO             PET0 Running with ESMF Version   : v8.6.0b13
20231031 054301.795 INFO             PET0 ESMF library build date/time: "Oct 31 2023" "04:40:17"
20231031 054301.795 INFO             PET0 ESMF library build location : /glade/scratch/theurich/ESMF-Nightly-Testing/nvhpc_22.2_mpiuni_g_release_8.6.0/esmf
20231031 054301.795 INFO             PET0 ESMF_COMM                   : mpiuni
20231031 054301.795 INFO             PET0 ESMF_MOAB                   : enabled
20231031 054301.795 INFO             PET0 ESMF_LAPACK                 : enabled
20231031 054301.795 INFO             PET0 ESMF_NETCDF                 : enabled
20231031 054301.795 INFO             PET0 ESMF_PNETCDF                : disabled
20231031 054301.795 INFO             PET0 ESMF_PIO                    : disabled
20231031 054301.795 INFO             PET0 ESMF_YAMLCPP                : enabled
20231031 054301.802 INFO             PET0 ESMF_FieldRedistStoreNF(): Just entered routine.
20231031 054302.431 INFO             PET0 ESMF_FieldRedistStoreNF(): Leaving routine.
20231031 054302.442 INFO             PET0  NUMBER_OF_PROCESSORS            1
20231031 054302.442 INFO             PET0  PASS  Example ESMF_RHandleFromFileEx, ESMF_RHandleFromFileEx.F90, line 192
20231031 054302.442 INFO             PET0  Finalizing ESMF
