2023-11-09 05:13:33
20231109 061339.321 INFO             PET0 !!!!!!!!!!!!!!!!!!!!!!!!!!!!!!!!!!!!!!!!!!!!!!!!!!!!!!
20231109 061339.321 INFO             PET0 !!! THE ESMF_LOG IS SET TO OUTPUT ALL LOG MESSAGES !!!
20231109 061339.321 INFO             PET0 !!!     THIS MAY CAUSE SLOWDOWN IN PERFORMANCE     !!!
20231109 061339.321 INFO             PET0 !!! FOR PRODUCTION RUNS, USE:                      !!!
20231109 061339.321 INFO             PET0 !!!                   ESMF_LOGKIND_Multi_On_Error  !!!
20231109 061339.321 INFO             PET0 !!!!!!!!!!!!!!!!!!!!!!!!!!!!!!!!!!!!!!!!!!!!!!!!!!!!!!
20231109 061339.321 INFO             PET0 Running with ESMF Version   : v8.6.0b15
20231109 061339.321 INFO             PET0 ESMF library build date/time: "Nov  9 2023" "05:10:05"
20231109 061339.321 INFO             PET0 ESMF library build location : /glade/scratch/theurich/ESMF-Nightly-Testing/nvhpc_22.2_mpiuni_g_release_8.6.0/esmf
20231109 061339.321 INFO             PET0 ESMF_COMM                   : mpiuni
20231109 061339.321 INFO             PET0 ESMF_MOAB                   : enabled
20231109 061339.321 INFO             PET0 ESMF_LAPACK                 : enabled
20231109 061339.321 INFO             PET0 ESMF_NETCDF                 : enabled
20231109 061339.321 INFO             PET0 ESMF_PNETCDF                : disabled
20231109 061339.321 INFO             PET0 ESMF_PIO                    : disabled
20231109 061339.321 INFO             PET0 ESMF_YAMLCPP                : enabled
20231109 061339.420 DEBUG            PET0 about to destroy Grid: 0x10b8d40
20231109 061339.436 DEBUG            PET0 about to destroy Grid: 0x10ba000
20231109 061339.478 INFO             PET0  NUMBER_OF_PROCESSORS            1
20231109 061339.478 INFO             PET0  PASS  Example ESMF_NUOPCAtmModelEx, ESMF_NUOPCAtmModelEx.F90, line 806
20231109 061339.479 INFO             PET0  Finalizing ESMF
