2023-11-13 03:10:34
forrtl: severe (174): SIGSEGV, segmentation fault occurred
Image              PC                Routine            Line        Source             
libpthread-2.31.s  000014FAD4E718C0  Unknown               Unknown  Unknown
mainApp            000000000044B343  Unknown               Unknown  Unknown
mainApp            000000000044BC40  Unknown               Unknown  Unknown
mainApp            000000000044B4D4  Unknown               Unknown  Unknown
libesmf.so         000014FAD886C97F  f_esmf_compcollec         516  ESMF_Comp_C.F90
libesmf.so         000014FAD84107B2  finalize                 3515  ESMCI_VM.C
libesmf.so         000014FAD83DB2C7  c_esmc_vmfinalize        1241  ESMCI_VM_F.C
libesmf.so         000014FAD9489A6B  c_esmc_vmfinalize           0  ESMF_VM.F90
libesmf.so         000014FAD9481642  esmf_vmfinalize          9474  ESMF_VM.F90
libesmf.so         000014FAD8FA54F5  esmf_finalize            1693  ESMF_Init.F90
mainApp            00000000004175DE  mainapp                   149  mainApp.F90
mainApp            000000000041688D  Unknown               Unknown  Unknown
libc-2.31.so       000014FAD0FE729D  __libc_start_main     Unknown  Unknown
mainApp            00000000004167BA  Unknown               Unknown  Unknown
forrtl: severe (174): SIGSEGV, segmentation fault occurred
Image              PC                Routine            Line        Source             
libpthread-2.31.s  00001513CA13E8C0  Unknown               Unknown  Unknown
mainApp            000000000044B331  Unknown               Unknown  Unknown
mainApp            000000000044BC40  Unknown               Unknown  Unknown
mainApp            000000000044B4D4  Unknown               Unknown  Unknown
libesmf.so         00001513CDB3997F  f_esmf_compcollec         516  ESMF_Comp_C.F90
libesmf.so         00001513CD6DD7B2  finalize                 3515  ESMCI_VM.C
libesmf.so         00001513CD6A82C7  c_esmc_vmfinalize        1241  ESMCI_VM_F.C
libesmf.so         00001513CE756A6B  c_esmc_vmfinalize           0  ESMF_VM.F90
libesmf.so         00001513CE74E642  esmf_vmfinalize          9474  ESMF_VM.F90
libesmf.so         00001513CE2724F5  esmf_finalize            1693  ESMF_Init.F90
mainApp            00000000004175DE  mainapp                   149  mainApp.F90
mainApp            000000000041688D  Unknown               Unknown  Unknown
libc-2.31.so       00001513C62B429D  __libc_start_main     Unknown  Unknown
mainApp            00000000004167BA  Unknown               Unknown  Unknown
forrtl: severe (174): SIGSEGV, segmentation fault occurred
Image              PC                Routine            Line        Source             
libpthread-2.31.s  0000146B57AAE8C0  Unknown               Unknown  Unknown
mainApp            000000000044B307  Unknown               Unknown  Unknown
mainApp            000000000044BC40  Unknown               Unknown  Unknown
mainApp            000000000044B4D4  Unknown               Unknown  Unknown
libesmf.so         0000146B5B4A997F  f_esmf_compcollec         516  ESMF_Comp_C.F90
libesmf.so         0000146B5B04D7B2  finalize                 3515  ESMCI_VM.C
libesmf.so         0000146B5B0182C7  c_esmc_vmfinalize        1241  ESMCI_VM_F.C
libesmf.so         0000146B5C0C6A6B  c_esmc_vmfinalize           0  ESMF_VM.F90
libesmf.so         0000146B5C0BE642  esmf_vmfinalize          9474  ESMF_VM.F90
libesmf.so         0000146B5BBE24F5  esmf_finalize            1693  ESMF_Init.F90
mainApp            00000000004175DE  mainapp                   149  mainApp.F90
mainApp            000000000041688D  Unknown               Unknown  Unknown
libc-2.31.so       0000146B53C2429D  __libc_start_main     Unknown  Unknown
mainApp            00000000004167BA  Unknown               Unknown  Unknown
forrtl: severe (174): SIGSEGV, segmentation fault occurred
Image              PC                Routine            Line        Source             
libpthread-2.31.s  0000151A1B57D8C0  Unknown               Unknown  Unknown
mainApp            000000000044B319  Unknown               Unknown  Unknown
mainApp            000000000044BC40  Unknown               Unknown  Unknown
mainApp            000000000044B4D4  Unknown               Unknown  Unknown
libesmf.so         0000151A1EF7897F  f_esmf_compcollec         516  ESMF_Comp_C.F90
libesmf.so         0000151A1EB1C7B2  finalize                 3515  ESMCI_VM.C
libesmf.so         0000151A1EAE72C7  c_esmc_vmfinalize        1241  ESMCI_VM_F.C
libesmf.so         0000151A1FB95A6B  c_esmc_vmfinalize           0  ESMF_VM.F90
libesmf.so         0000151A1FB8D642  esmf_vmfinalize          9474  ESMF_VM.F90
libesmf.so         0000151A1F6B14F5  esmf_finalize            1693  ESMF_Init.F90
mainApp            00000000004175DE  mainapp                   149  mainApp.F90
mainApp            000000000041688D  Unknown               Unknown  Unknown
libc-2.31.so       0000151A176F329D  __libc_start_main     Unknown  Unknown
mainApp            00000000004167BA  Unknown               Unknown  Unknown
dec1784.hsn.de.hpc.ucar.edu: rank 2 exited with code 174
