2023-11-12 02:29:23
forrtl: severe (174): SIGSEGV, segmentation fault occurred
Image              PC                Routine            Line        Source             
libpthread-2.31.s  000014BAD23E68C0  Unknown               Unknown  Unknown
mainApp            000000000044E210  Unknown               Unknown  Unknown
mainApp            000000000044EB00  Unknown               Unknown  Unknown
mainApp            000000000044E394  Unknown               Unknown  Unknown
libesmf.so         000014BAD5DE197F  f_esmf_compcollec         516  ESMF_Comp_C.F90
libesmf.so         000014BAD59857B2  finalize                 3515  ESMCI_VM.C
libesmf.so         000014BAD59502C7  c_esmc_vmfinalize        1241  ESMCI_VM_F.C
libesmf.so         000014BAD69FEA6B  c_esmc_vmfinalize           0  ESMF_VM.F90
libesmf.so         000014BAD69F6642  esmf_vmfinalize          9474  ESMF_VM.F90
libesmf.so         000014BAD651A4F5  esmf_finalize            1693  ESMF_Init.F90
mainApp            0000000000417699  mainapp                   102  mainApp.F90
mainApp            0000000000416C8D  Unknown               Unknown  Unknown
libc-2.31.so       000014BACE55C29D  __libc_start_main     Unknown  Unknown
mainApp            0000000000416BBA  Unknown               Unknown  Unknown
forrtl: severe (174): SIGSEGV, segmentation fault occurred
Image              PC                Routine            Line        Source             
libpthread-2.31.s  00001548650F18C0  Unknown               Unknown  Unknown
mainApp            000000000044E1C7  Unknown               Unknown  Unknown
mainApp            000000000044EB00  Unknown               Unknown  Unknown
mainApp            000000000044E394  Unknown               Unknown  Unknown
libesmf.so         0000154868AEC97F  f_esmf_compcollec         516  ESMF_Comp_C.F90
libesmf.so         00001548686907B2  finalize                 3515  ESMCI_VM.C
libesmf.so         000015486865B2C7  c_esmc_vmfinalize        1241  ESMCI_VM_F.C
libesmf.so         0000154869709A6B  c_esmc_vmfinalize           0  ESMF_VM.F90
libesmf.so         0000154869701642  esmf_vmfinalize          9474  ESMF_VM.F90
libesmf.so         00001548692254F5  esmf_finalize            1693  ESMF_Init.F90
mainApp            0000000000417699  mainapp                   102  mainApp.F90
mainApp            0000000000416C8D  Unknown               Unknown  Unknown
libc-2.31.so       000015486126729D  __libc_start_main     Unknown  Unknown
mainApp            0000000000416BBA  Unknown               Unknown  Unknown
dec1602.hsn.de.hpc.ucar.edu: rank 2 exited with code 174
forrtl: severe (174): SIGSEGV, segmentation fault occurred
Image              PC                Routine            Line        Source             
libpthread-2.31.s  00001546CA07A8C0  Unknown               Unknown  Unknown
mainApp            000000000044E1F1  Unknown               Unknown  Unknown
mainApp            000000000044EB00  Unknown               Unknown  Unknown
mainApp            000000000044E394  Unknown               Unknown  Unknown
libesmf.so         00001546CDA7597F  f_esmf_compcollec         516  ESMF_Comp_C.F90
libesmf.so         00001546CD6197B2  finalize                 3515  ESMCI_VM.C
libesmf.so         00001546CD5E42C7  c_esmc_vmfinalize        1241  ESMCI_VM_F.C
libesmf.so         00001546CE692A6B  c_esmc_vmfinalize           0  ESMF_VM.F90
libesmf.so         00001546CE68A642  esmf_vmfinalize          9474  ESMF_VM.F90

Stack trace terminated abnormally.
forrtl: severe (174): SIGSEGV, segmentation fault occurred
Image              PC                Routine            Line        Source             
libpthread-2.31.s  0000147FA194E8C0  Unknown               Unknown  Unknown
mainApp            000000000044E1B2  Unknown               Unknown  Unknown
mainApp            000000000044EB00  Unknown               Unknown  Unknown
mainApp            000000000044E394  Unknown               Unknown  Unknown
libesmf.so         0000147FA534997F  f_esmf_compcollec         516  ESMF_Comp_C.F90
libesmf.so         0000147FA4EED7B2  finalize                 3515  ESMCI_VM.C
libesmf.so         0000147FA4EB82C7  c_esmc_vmfinalize        1241  ESMCI_VM_F.C
libesmf.so         0000147FA5F66A6B  c_esmc_vmfinalize           0  ESMF_VM.F90
libesmf.so         0000147FA5F5E642  esmf_vmfinalize          9474  ESMF_VM.F90

Stack trace terminated abnormally.
