2023-11-12 02:29:23
 NUOPC_DriverPrint for PET:           0
   Model, Mediator, and Driver components, in the order
   that they were added to the Driver:
           1 :  advectDiff_Parent
           2 :  advectDiff_Gen1Nestling0
           3 :  advectDiff_Gen1Nestling1
           4 :  advectDiff_Gen2Nestling0
   Connector components, in the order
   that they were added to the Driver:
           1 :  advectDiff_Parent-TO-advectDiff_Gen1Nestling0
           2 :  advectDiff_Parent-TO-advectDiff_Gen1Nestling1
           3 :  advectDiff_Gen1Nestling0-TO-advectDiff_Gen2Nestling0
NUOPC_RunSequenceArrayPrint: element     1 out of      2
runSeq::
 runElementPrint:      1     2     1 F T
 runElementPrint:      1     3     1 F T
 runElementPrint:      1    -1     1 F T
 runElementPrint:     -2     0     0 F T
 runElementPrint:      3    -1     1 F T
 runElementPrint:     -1    -1     0 F F
::
NUOPC_RunSequenceArrayPrint: element     2 out of      2
runSeq::
 runElementPrint:      2     4     1 F T
 runElementPrint:      2    -1     1 F T
 runElementPrint:      4    -1     1 F T
 runElementPrint:     -2    -1     0 F F
::
 NUOPC_DriverPrint for PET:           1
   Model, Mediator, and Driver components, in the order
   that they were added to the Driver:
           1 :  advectDiff_Parent
           2 :  advectDiff_Gen1Nestling0
           3 :  advectDiff_Gen1Nestling1
           4 :  advectDiff_Gen2Nestling0
   Connector components, in the order
   that they were added to the Driver:
           1 :  advectDiff_Parent-TO-advectDiff_Gen1Nestling0
           2 :  advectDiff_Parent-TO-advectDiff_Gen1Nestling1
           3 :  advectDiff_Gen1Nestling0-TO-advectDiff_Gen2Nestling0
NUOPC_RunSequenceArrayPrint: element     1 out of      2
runSeq::
 runElementPrint:      1     2     1 F T
 runElementPrint:      1     3     1 F T
 runElementPrint:      1    -1     1 F T
 runElementPrint:     -2     0     0 F T
 runElementPrint:      3    -1     1 F T
 runElementPrint:     -1    -1     0 F F
::
NUOPC_RunSequenceArrayPrint: element     2 out of      2
runSeq::
 runElementPrint:      2     4     1 F T
 runElementPrint:      2    -1     1 F T
 runElementPrint:      4    -1     1 F T
 runElementPrint:     -2    -1     0 F F
::
 NUOPC_DriverPrint for PET:           2
   Model, Mediator, and Driver components, in the order
   that they were added to the Driver:
           1 :  advectDiff_Parent
           2 :  advectDiff_Gen1Nestling0
           3 :  advectDiff_Gen1Nestling1
           4 :  advectDiff_Gen2Nestling0
   Connector components, in the order
   that they were added to the Driver:
           1 :  advectDiff_Parent-TO-advectDiff_Gen1Nestling0
           2 :  advectDiff_Parent-TO-advectDiff_Gen1Nestling1
           3 :  advectDiff_Gen1Nestling0-TO-advectDiff_Gen2Nestling0
NUOPC_RunSequenceArrayPrint: element     1 out of      2
runSeq::
 runElementPrint:      1     2     1 F T
 runElementPrint:      1     3     1 F T
 runElementPrint:      1    -1     1 F T
 runElementPrint:     -2     0     0 F T
 runElementPrint:      3    -1     1 F T
 runElementPrint:     -1    -1     0 F F
::
NUOPC_RunSequenceArrayPrint: element     2 out of      2
runSeq::
 runElementPrint:      2     4     1 F T
 runElementPrint:      2    -1     1 F T
 runElementPrint:      4    -1     1 F T
 runElementPrint:     -2    -1     0 F F
::
 NUOPC_DriverPrint for PET:           3
   Model, Mediator, and Driver components, in the order
   that they were added to the Driver:
           1 :  advectDiff_Parent
           2 :  advectDiff_Gen1Nestling0
           3 :  advectDiff_Gen1Nestling1
           4 :  advectDiff_Gen2Nestling0
   Connector components, in the order
   that they were added to the Driver:
           1 :  advectDiff_Parent-TO-advectDiff_Gen1Nestling0
           2 :  advectDiff_Parent-TO-advectDiff_Gen1Nestling1
           3 :  advectDiff_Gen1Nestling0-TO-advectDiff_Gen2Nestling0
NUOPC_RunSequenceArrayPrint: element     1 out of      2
runSeq::
 runElementPrint:      1     2     1 F T
 runElementPrint:      1     3     1 F T
 runElementPrint:      1    -1     1 F T
 runElementPrint:     -2     0     0 F T
 runElementPrint:      3    -1     1 F T
 runElementPrint:     -1    -1     0 F F
::
NUOPC_RunSequenceArrayPrint: element     2 out of      2
runSeq::
 runElementPrint:      2     4     1 F T
 runElementPrint:      2    -1     1 F T
 runElementPrint:      4    -1     1 F T
 runElementPrint:     -2    -1     0 F F
::
forrtl: severe (174): SIGSEGV, segmentation fault occurred
Image              PC                Routine            Line        Source             
libpthread-2.31.s  000014563F9F48C0  Unknown               Unknown  Unknown
mainApp            0000000000457FA9  Unknown               Unknown  Unknown
mainApp            00000000004588D0  Unknown               Unknown  Unknown
mainApp            0000000000458164  Unknown               Unknown  Unknown
libesmf.so         00001456433EF97F  f_esmf_compcollec         516  ESMF_Comp_C.F90
libesmf.so         0000145642F937B2  finalize                 3515  ESMCI_VM.C
libesmf.so         0000145642F5E2C7  c_esmc_vmfinalize        1241  ESMCI_VM_F.C
libesmf.so         000014564400CA6B  c_esmc_vmfinalize           0  ESMF_VM.F90
libesmf.so         0000145644004642  esmf_vmfinalize          9474  ESMF_VM.F90
libesmf.so         0000145643B284F5  esmf_finalize            1693  ESMF_Init.F90
mainApp            0000000000417EC9  mainapp                   112  mainApp.F90
mainApp            000000000041740D  Unknown               Unknown  Unknown
libc-2.31.so       000014563BB6A29D  __libc_start_main     Unknown  Unknown
mainApp            000000000041733A  Unknown               Unknown  Unknown
forrtl: severe (174): SIGSEGV, segmentation fault occurred
Image              PC                Routine            Line        Source             
libpthread-2.31.s  0000147441D2E8C0  Unknown               Unknown  Unknown
mainApp            0000000000457FC1  Unknown               Unknown  Unknown
mainApp            00000000004588D0  Unknown               Unknown  Unknown
mainApp            0000000000458164  Unknown               Unknown  Unknown
libesmf.so         000014744572997F  f_esmf_compcollec         516  ESMF_Comp_C.F90
libesmf.so         00001474452CD7B2  finalize                 3515  ESMCI_VM.C
libesmf.so         00001474452982C7  c_esmc_vmfinalize        1241  ESMCI_VM_F.C
libesmf.so         0000147446346A6B  c_esmc_vmfinalize           0  ESMF_VM.F90
libesmf.so         000014744633E642  esmf_vmfinalize          9474  ESMF_VM.F90
libesmf.so         0000147445E624F5  esmf_finalize            1693  ESMF_Init.F90
mainApp            0000000000417EC9  mainapp                   112  mainApp.F90
mainApp            000000000041740D  Unknown               Unknown  Unknown
libc-2.31.so       000014743DEA429D  __libc_start_main     Unknown  Unknown
mainApp            000000000041733A  Unknown               Unknown  Unknown
forrtl: severe (174): SIGSEGV, segmentation fault occurred
Image              PC                Routine            Line        Source             
libpthread-2.31.s  000015169CC838C0  Unknown               Unknown  Unknown
mainApp            0000000000457FC1  Unknown               Unknown  Unknown
mainApp            00000000004588D0  Unknown               Unknown  Unknown
mainApp            0000000000458164  Unknown               Unknown  Unknown
libesmf.so         00001516A067E97F  f_esmf_compcollec         516  ESMF_Comp_C.F90
libesmf.so         00001516A02227B2  finalize                 3515  ESMCI_VM.C
libesmf.so         00001516A01ED2C7  c_esmc_vmfinalize        1241  ESMCI_VM_F.C
libesmf.so         00001516A129BA6B  c_esmc_vmfinalize           0  ESMF_VM.F90
libesmf.so         00001516A1293642  esmf_vmfinalize          9474  ESMF_VM.F90
libesmf.so         00001516A0DB74F5  esmf_finalize            1693  ESMF_Init.F90
mainApp            0000000000417EC9  mainapp                   112  mainApp.F90
mainApp            000000000041740D  Unknown               Unknown  Unknown
libc-2.31.so       0000151698DF929D  __libc_start_main     Unknown  Unknown
mainApp            000000000041733A  Unknown               Unknown  Unknown
forrtl: severe (174): SIGSEGV, segmentation fault occurred
Image              PC                Routine            Line        Source             
libpthread-2.31.s  000014D2858CD8C0  Unknown               Unknown  Unknown
mainApp            0000000000457F82  Unknown               Unknown  Unknown
mainApp            00000000004588D0  Unknown               Unknown  Unknown
mainApp            0000000000458164  Unknown               Unknown  Unknown
libesmf.so         000014D2892C897F  f_esmf_compcollec         516  ESMF_Comp_C.F90
libesmf.so         000014D288E6C7B2  finalize                 3515  ESMCI_VM.C
libesmf.so         000014D288E372C7  c_esmc_vmfinalize        1241  ESMCI_VM_F.C
libesmf.so         000014D289EE5A6B  c_esmc_vmfinalize           0  ESMF_VM.F90
libesmf.so         000014D289EDD642  esmf_vmfinalize          9474  ESMF_VM.F90
libesmf.so         000014D289A014F5  esmf_finalize            1693  ESMF_Init.F90
mainApp            0000000000417EC9  mainapp                   112  mainApp.F90
mainApp            000000000041740D  Unknown               Unknown  Unknown
libc-2.31.so       000014D281A4329D  __libc_start_main     Unknown  Unknown
mainApp            000000000041733A  Unknown               Unknown  Unknown
dec1602.hsn.de.hpc.ucar.edu: rank 0 exited with code 174
