2023-10-28 03:52:03
20231028 041906.798 INFO             PET0 !!!!!!!!!!!!!!!!!!!!!!!!!!!!!!!!!!!!!!!!!!!!!!!!!!!!!!
20231028 041906.800 INFO             PET0 !!! THE ESMF_LOG IS SET TO OUTPUT ALL LOG MESSAGES !!!
20231028 041906.800 INFO             PET0 !!!     THIS MAY CAUSE SLOWDOWN IN PERFORMANCE     !!!
20231028 041906.800 INFO             PET0 !!! FOR PRODUCTION RUNS, USE:                      !!!
20231028 041906.800 INFO             PET0 !!!                   ESMF_LOGKIND_Multi_On_Error  !!!
20231028 041906.800 INFO             PET0 !!!!!!!!!!!!!!!!!!!!!!!!!!!!!!!!!!!!!!!!!!!!!!!!!!!!!!
20231028 041906.800 INFO             PET0 Running with ESMF Version   : v8.6.0b13
20231028 041906.800 INFO             PET0 ESMF library build date/time: "Oct 28 2023" "03:50:15"
20231028 041906.800 INFO             PET0 ESMF library build location : /Users/sacks/projects/scratch/esmf-testing/gfortranclang_12.2.0_14.0.0_mpiuni_O_release_8.6.0/esmf
20231028 041906.800 INFO             PET0 ESMF_COMM                   : mpiuni
20231028 041906.800 INFO             PET0 ESMF_MOAB                   : enabled
20231028 041906.800 INFO             PET0 ESMF_LAPACK                 : enabled
20231028 041906.800 INFO             PET0 ESMF_NETCDF                 : enabled
20231028 041906.800 INFO             PET0 ESMF_PNETCDF                : disabled
20231028 041906.800 INFO             PET0 ESMF_PIO                    : disabled
20231028 041906.800 INFO             PET0 ESMF_YAMLCPP                : enabled
20231028 041906.804 INFO             PET0 ESMF_FieldRedistStoreNF(): Just entered routine.
20231028 041907.119 INFO             PET0 ESMF_FieldRedistStoreNF(): Leaving routine.
20231028 041907.148 INFO             PET0  NUMBER_OF_PROCESSORS           1
20231028 041907.148 INFO             PET0  PASS  Example ESMF_RHandleFromFileEx, ESMF_RHandleFromFileEx.F90, line 192
20231028 041907.148 INFO             PET0  Finalizing ESMF
