2023-10-18 03:19:02
20231018 033453.552 INFO             PET0 !!!!!!!!!!!!!!!!!!!!!!!!!!!!!!!!!!!!!!!!!!!!!!!!!!!!!!
20231018 033453.552 INFO             PET0 !!! THE ESMF_LOG IS SET TO OUTPUT ALL LOG MESSAGES !!!
20231018 033453.552 INFO             PET0 !!!     THIS MAY CAUSE SLOWDOWN IN PERFORMANCE     !!!
20231018 033453.552 INFO             PET0 !!! FOR PRODUCTION RUNS, USE:                      !!!
20231018 033453.552 INFO             PET0 !!!                   ESMF_LOGKIND_Multi_On_Error  !!!
20231018 033453.552 INFO             PET0 !!!!!!!!!!!!!!!!!!!!!!!!!!!!!!!!!!!!!!!!!!!!!!!!!!!!!!
20231018 033453.552 INFO             PET0 Running with ESMF Version   : v8.6.0b09-20-g8d1ee58df9
20231018 033453.552 INFO             PET0 ESMF library build date/time: "Oct 18 2023" "03:18:07"
20231018 033453.552 INFO             PET0 ESMF library build location : /home/gerhard/ESMF-Nightly-Testing/gfortran_7.4.0_mpich_O_feature_devList/esmf
20231018 033453.552 INFO             PET0 ESMF_COMM                   : mpich
20231018 033453.552 INFO             PET0 ESMF_MOAB                   : enabled
20231018 033453.552 INFO             PET0 ESMF_LAPACK                 : enabled
20231018 033453.552 INFO             PET0 ESMF_NETCDF                 : enabled
20231018 033453.552 INFO             PET0 ESMF_PNETCDF                : disabled
20231018 033453.552 INFO             PET0 ESMF_PIO                    : enabled
20231018 033453.552 INFO             PET0 ESMF_YAMLCPP                : enabled
20231018 033453.553 INFO             PET0  NUMBER_OF_PROCESSORS           1
20231018 033453.553 INFO             PET0  PASS  Example ESMF_TimeEx, ESMF_TimeEx.F90, line 141
20231018 033453.553 INFO             PET0  Finalizing ESMF
