2023-11-02 22:01:58
20231102 224132.402 INFO             PET0 !!!!!!!!!!!!!!!!!!!!!!!!!!!!!!!!!!!!!!!!!!!!!!!!!!!!!!
20231102 224132.402 INFO             PET0 !!! THE ESMF_LOG IS SET TO OUTPUT ALL LOG MESSAGES !!!
20231102 224132.402 INFO             PET0 !!!     THIS MAY CAUSE SLOWDOWN IN PERFORMANCE     !!!
20231102 224132.402 INFO             PET0 !!! FOR PRODUCTION RUNS, USE:                      !!!
20231102 224132.402 INFO             PET0 !!!                   ESMF_LOGKIND_Multi_On_Error  !!!
20231102 224132.402 INFO             PET0 !!!!!!!!!!!!!!!!!!!!!!!!!!!!!!!!!!!!!!!!!!!!!!!!!!!!!!
20231102 224132.402 INFO             PET0 Running with ESMF Version   : v8.6.0b13-4-gb15d190a60
20231102 224132.402 INFO             PET0 ESMF library build date/time: "Nov  2 2023" "21:59:50"
20231102 224132.402 INFO             PET0 ESMF library build location : /home/gerhard/ESMF-Nightly-Testing/aocc_4.1.0_mpiuni_O_release_8.6.0/esmf
20231102 224132.402 INFO             PET0 ESMF_COMM                   : mpiuni
20231102 224132.402 INFO             PET0 ESMF_MOAB                   : enabled
20231102 224132.402 INFO             PET0 ESMF_LAPACK                 : enabled
20231102 224132.402 INFO             PET0 ESMF_NETCDF                 : disabled
20231102 224132.402 INFO             PET0 ESMF_PNETCDF                : disabled
20231102 224132.402 INFO             PET0 ESMF_PIO                    : disabled
20231102 224132.402 INFO             PET0 ESMF_YAMLCPP                : enabled
20231102 224132.402 INFO             PET0  NUMBER_OF_PROCESSORS            1
20231102 224132.402 INFO             PET0  PASS  Example ESMF_InternalStateModEx, ESMF_InternalStateModEx.F90, line 239
20231102 224132.402 INFO             PET0  Finalizing ESMF
