2023-10-17 07:40:16
20231017 081501.865 INFO             PET0 !!!!!!!!!!!!!!!!!!!!!!!!!!!!!!!!!!!!!!!!!!!!!!!!!!!!!!
20231017 081501.865 INFO             PET0 !!! THE ESMF_LOG IS SET TO OUTPUT ALL LOG MESSAGES !!!
20231017 081501.865 INFO             PET0 !!!     THIS MAY CAUSE SLOWDOWN IN PERFORMANCE     !!!
20231017 081501.865 INFO             PET0 !!! FOR PRODUCTION RUNS, USE:                      !!!
20231017 081501.865 INFO             PET0 !!!                   ESMF_LOGKIND_Multi_On_Error  !!!
20231017 081501.865 INFO             PET0 !!!!!!!!!!!!!!!!!!!!!!!!!!!!!!!!!!!!!!!!!!!!!!!!!!!!!!
20231017 081501.865 INFO             PET0 Running with ESMF Version   : v8.6.0b09-2-g5cd9f55d8a
20231017 081501.865 INFO             PET0 ESMF library build date/time: "Oct 17 2023" "07:38:21"
20231017 081501.865 INFO             PET0 ESMF library build location : /scratch2/NCEPDEV/stmp1/Gerhard.Theurich/ESMF-Nightly-Testing/intel_2023.1.0_intelmpi_O_develop/esmf
20231017 081501.865 INFO             PET0 ESMF_COMM                   : intelmpi
20231017 081501.866 INFO             PET0 ESMF_MOAB                   : enabled
20231017 081501.866 INFO             PET0 ESMF_LAPACK                 : enabled
20231017 081501.866 INFO             PET0 ESMF_NETCDF                 : enabled
20231017 081501.866 INFO             PET0 ESMF_PNETCDF                : disabled
20231017 081501.866 INFO             PET0 ESMF_PIO                    : enabled
20231017 081501.866 INFO             PET0 ESMF_YAMLCPP                : enabled
20231017 081501.896 INFO             PET0  NUMBER_OF_PROCESSORS           4
20231017 081501.897 INFO             PET0  PASS  Example ESMF_FieldBundleHaloEx, ESMF_FieldBundleHaloEx.F90, line 319
20231017 081501.897 INFO             PET0  Finalizing ESMF
20231017 081501.865 INFO             PET1 !!!!!!!!!!!!!!!!!!!!!!!!!!!!!!!!!!!!!!!!!!!!!!!!!!!!!!
20231017 081501.865 INFO             PET1 !!! THE ESMF_LOG IS SET TO OUTPUT ALL LOG MESSAGES !!!
20231017 081501.865 INFO             PET1 !!!     THIS MAY CAUSE SLOWDOWN IN PERFORMANCE     !!!
20231017 081501.865 INFO             PET1 !!! FOR PRODUCTION RUNS, USE:                      !!!
20231017 081501.865 INFO             PET1 !!!                   ESMF_LOGKIND_Multi_On_Error  !!!
20231017 081501.865 INFO             PET1 !!!!!!!!!!!!!!!!!!!!!!!!!!!!!!!!!!!!!!!!!!!!!!!!!!!!!!
20231017 081501.865 INFO             PET1 Running with ESMF Version   : v8.6.0b09-2-g5cd9f55d8a
20231017 081501.865 INFO             PET1 ESMF library build date/time: "Oct 17 2023" "07:38:21"
20231017 081501.865 INFO             PET1 ESMF library build location : /scratch2/NCEPDEV/stmp1/Gerhard.Theurich/ESMF-Nightly-Testing/intel_2023.1.0_intelmpi_O_develop/esmf
20231017 081501.865 INFO             PET1 ESMF_COMM                   : intelmpi
20231017 081501.866 INFO             PET1 ESMF_MOAB                   : enabled
20231017 081501.866 INFO             PET1 ESMF_LAPACK                 : enabled
20231017 081501.866 INFO             PET1 ESMF_NETCDF                 : enabled
20231017 081501.866 INFO             PET1 ESMF_PNETCDF                : disabled
20231017 081501.866 INFO             PET1 ESMF_PIO                    : enabled
20231017 081501.866 INFO             PET1 ESMF_YAMLCPP                : enabled
20231017 081501.896 INFO             PET1  NUMBER_OF_PROCESSORS           4
20231017 081501.896 INFO             PET1  PASS  Example ESMF_FieldBundleHaloEx, ESMF_FieldBundleHaloEx.F90, line 319
20231017 081501.896 INFO             PET1  Finalizing ESMF
20231017 081501.865 INFO             PET2 !!!!!!!!!!!!!!!!!!!!!!!!!!!!!!!!!!!!!!!!!!!!!!!!!!!!!!
20231017 081501.865 INFO             PET2 !!! THE ESMF_LOG IS SET TO OUTPUT ALL LOG MESSAGES !!!
20231017 081501.865 INFO             PET2 !!!     THIS MAY CAUSE SLOWDOWN IN PERFORMANCE     !!!
20231017 081501.865 INFO             PET2 !!! FOR PRODUCTION RUNS, USE:                      !!!
20231017 081501.865 INFO             PET2 !!!                   ESMF_LOGKIND_Multi_On_Error  !!!
20231017 081501.865 INFO             PET2 !!!!!!!!!!!!!!!!!!!!!!!!!!!!!!!!!!!!!!!!!!!!!!!!!!!!!!
20231017 081501.865 INFO             PET2 Running with ESMF Version   : v8.6.0b09-2-g5cd9f55d8a
20231017 081501.865 INFO             PET2 ESMF library build date/time: "Oct 17 2023" "07:38:21"
20231017 081501.865 INFO             PET2 ESMF library build location : /scratch2/NCEPDEV/stmp1/Gerhard.Theurich/ESMF-Nightly-Testing/intel_2023.1.0_intelmpi_O_develop/esmf
20231017 081501.865 INFO             PET2 ESMF_COMM                   : intelmpi
20231017 081501.866 INFO             PET2 ESMF_MOAB                   : enabled
20231017 081501.866 INFO             PET2 ESMF_LAPACK                 : enabled
20231017 081501.866 INFO             PET2 ESMF_NETCDF                 : enabled
20231017 081501.866 INFO             PET2 ESMF_PNETCDF                : disabled
20231017 081501.866 INFO             PET2 ESMF_PIO                    : enabled
20231017 081501.866 INFO             PET2 ESMF_YAMLCPP                : enabled
20231017 081501.897 INFO             PET2  NUMBER_OF_PROCESSORS           4
20231017 081501.897 INFO             PET2  PASS  Example ESMF_FieldBundleHaloEx, ESMF_FieldBundleHaloEx.F90, line 319
20231017 081501.897 INFO             PET2  Finalizing ESMF
20231017 081501.865 INFO             PET3 !!!!!!!!!!!!!!!!!!!!!!!!!!!!!!!!!!!!!!!!!!!!!!!!!!!!!!
20231017 081501.865 INFO             PET3 !!! THE ESMF_LOG IS SET TO OUTPUT ALL LOG MESSAGES !!!
20231017 081501.865 INFO             PET3 !!!     THIS MAY CAUSE SLOWDOWN IN PERFORMANCE     !!!
20231017 081501.865 INFO             PET3 !!! FOR PRODUCTION RUNS, USE:                      !!!
20231017 081501.865 INFO             PET3 !!!                   ESMF_LOGKIND_Multi_On_Error  !!!
20231017 081501.865 INFO             PET3 !!!!!!!!!!!!!!!!!!!!!!!!!!!!!!!!!!!!!!!!!!!!!!!!!!!!!!
20231017 081501.865 INFO             PET3 Running with ESMF Version   : v8.6.0b09-2-g5cd9f55d8a
20231017 081501.865 INFO             PET3 ESMF library build date/time: "Oct 17 2023" "07:38:21"
20231017 081501.865 INFO             PET3 ESMF library build location : /scratch2/NCEPDEV/stmp1/Gerhard.Theurich/ESMF-Nightly-Testing/intel_2023.1.0_intelmpi_O_develop/esmf
20231017 081501.865 INFO             PET3 ESMF_COMM                   : intelmpi
20231017 081501.866 INFO             PET3 ESMF_MOAB                   : enabled
20231017 081501.866 INFO             PET3 ESMF_LAPACK                 : enabled
20231017 081501.866 INFO             PET3 ESMF_NETCDF                 : enabled
20231017 081501.866 INFO             PET3 ESMF_PNETCDF                : disabled
20231017 081501.866 INFO             PET3 ESMF_PIO                    : enabled
20231017 081501.866 INFO             PET3 ESMF_YAMLCPP                : enabled
20231017 081501.896 INFO             PET3  NUMBER_OF_PROCESSORS           4
20231017 081501.897 INFO             PET3  PASS  Example ESMF_FieldBundleHaloEx, ESMF_FieldBundleHaloEx.F90, line 319
20231017 081501.897 INFO             PET3  Finalizing ESMF
