2023-10-23 07:42:00
20231023 081719.892 INFO             PET0 !!!!!!!!!!!!!!!!!!!!!!!!!!!!!!!!!!!!!!!!!!!!!!!!!!!!!!
20231023 081719.892 INFO             PET0 !!! THE ESMF_LOG IS SET TO OUTPUT ALL LOG MESSAGES !!!
20231023 081719.892 INFO             PET0 !!!     THIS MAY CAUSE SLOWDOWN IN PERFORMANCE     !!!
20231023 081719.892 INFO             PET0 !!! FOR PRODUCTION RUNS, USE:                      !!!
20231023 081719.892 INFO             PET0 !!!                   ESMF_LOGKIND_Multi_On_Error  !!!
20231023 081719.892 INFO             PET0 !!!!!!!!!!!!!!!!!!!!!!!!!!!!!!!!!!!!!!!!!!!!!!!!!!!!!!
20231023 081719.892 INFO             PET0 Running with ESMF Version   : v8.6.0b10-17-g1bed7e4d49
20231023 081719.892 INFO             PET0 ESMF library build date/time: "Oct 23 2023" "07:39:53"
20231023 081719.892 INFO             PET0 ESMF library build location : /scratch2/NCEPDEV/stmp1/Gerhard.Theurich/ESMF-Nightly-Testing/intel_2023.1.0_intelmpi_O_develop/esmf
20231023 081719.892 INFO             PET0 ESMF_COMM                   : intelmpi
20231023 081719.893 INFO             PET0 ESMF_MOAB                   : enabled
20231023 081719.893 INFO             PET0 ESMF_LAPACK                 : enabled
20231023 081719.893 INFO             PET0 ESMF_NETCDF                 : enabled
20231023 081719.893 INFO             PET0 ESMF_PNETCDF                : disabled
20231023 081719.893 INFO             PET0 ESMF_PIO                    : enabled
20231023 081719.893 INFO             PET0 ESMF_YAMLCPP                : enabled
20231023 081719.894 INFO             PET0  NUMBER_OF_PROCESSORS           1
20231023 081719.894 INFO             PET0  PASS  Example ESMF_AlarmEx, ESMF_AlarmEx.F90, line 244
20231023 081719.894 INFO             PET0  Finalizing ESMF
