2023-10-06 15:11:56
20231006 161957.803 INFO             PET0 !!!!!!!!!!!!!!!!!!!!!!!!!!!!!!!!!!!!!!!!!!!!!!!!!!!!!!
20231006 161957.803 INFO             PET0 !!! THE ESMF_LOG IS SET TO OUTPUT ALL LOG MESSAGES !!!
20231006 161957.803 INFO             PET0 !!!     THIS MAY CAUSE SLOWDOWN IN PERFORMANCE     !!!
20231006 161957.803 INFO             PET0 !!! FOR PRODUCTION RUNS, USE:                      !!!
20231006 161957.803 INFO             PET0 !!!                   ESMF_LOGKIND_Multi_On_Error  !!!
20231006 161957.803 INFO             PET0 !!!!!!!!!!!!!!!!!!!!!!!!!!!!!!!!!!!!!!!!!!!!!!!!!!!!!!
20231006 161957.803 INFO             PET0 Running with ESMF Version   : v8.6.0b07-1-ge21e73e41b
20231006 161957.803 INFO             PET0 ESMF library build date/time: "Oct  6 2023" "15:08:36"
20231006 161957.803 INFO             PET0 ESMF library build location : /glade/scratch/theurich/ESMF-Nightly-Testing/nvhpc_22.2_mpt_g_fix_abort_trace/esmf
20231006 161957.803 INFO             PET0 ESMF_COMM                   : mpt
20231006 161957.803 INFO             PET0 ESMF_MOAB                   : enabled
20231006 161957.803 INFO             PET0 ESMF_LAPACK                 : enabled
20231006 161957.803 INFO             PET0 ESMF_NETCDF                 : enabled
20231006 161957.803 INFO             PET0 ESMF_PNETCDF                : disabled
20231006 161957.803 INFO             PET0 ESMF_PIO                    : enabled
20231006 161957.803 INFO             PET0 ESMF_YAMLCPP                : enabled
20231006 161957.917 DEBUG            PET0 about to destroy Grid: 0x22f7c40
20231006 161957.929 DEBUG            PET0 about to destroy Grid: 0x22f89d0
20231006 161957.967 INFO             PET0  NUMBER_OF_PROCESSORS            4
20231006 161957.967 INFO             PET0  PASS  Example ESMF_NUOPCAtmModelEx, ESMF_NUOPCAtmModelEx.F90, line 806
20231006 161957.967 INFO             PET0 Finalizing ESMF
20231006 161957.803 INFO             PET1 !!!!!!!!!!!!!!!!!!!!!!!!!!!!!!!!!!!!!!!!!!!!!!!!!!!!!!
20231006 161957.803 INFO             PET1 !!! THE ESMF_LOG IS SET TO OUTPUT ALL LOG MESSAGES !!!
20231006 161957.803 INFO             PET1 !!!     THIS MAY CAUSE SLOWDOWN IN PERFORMANCE     !!!
20231006 161957.803 INFO             PET1 !!! FOR PRODUCTION RUNS, USE:                      !!!
20231006 161957.803 INFO             PET1 !!!                   ESMF_LOGKIND_Multi_On_Error  !!!
20231006 161957.803 INFO             PET1 !!!!!!!!!!!!!!!!!!!!!!!!!!!!!!!!!!!!!!!!!!!!!!!!!!!!!!
20231006 161957.803 INFO             PET1 Running with ESMF Version   : v8.6.0b07-1-ge21e73e41b
20231006 161957.803 INFO             PET1 ESMF library build date/time: "Oct  6 2023" "15:08:36"
20231006 161957.803 INFO             PET1 ESMF library build location : /glade/scratch/theurich/ESMF-Nightly-Testing/nvhpc_22.2_mpt_g_fix_abort_trace/esmf
20231006 161957.803 INFO             PET1 ESMF_COMM                   : mpt
20231006 161957.803 INFO             PET1 ESMF_MOAB                   : enabled
20231006 161957.803 INFO             PET1 ESMF_LAPACK                 : enabled
20231006 161957.804 INFO             PET1 ESMF_NETCDF                 : enabled
20231006 161957.804 INFO             PET1 ESMF_PNETCDF                : disabled
20231006 161957.804 INFO             PET1 ESMF_PIO                    : enabled
20231006 161957.804 INFO             PET1 ESMF_YAMLCPP                : enabled
20231006 161957.917 DEBUG            PET1 about to destroy Grid: 0x22f96a0
20231006 161957.929 DEBUG            PET1 about to destroy Grid: 0x22f9cf0
20231006 161957.967 INFO             PET1  NUMBER_OF_PROCESSORS            4
20231006 161957.967 INFO             PET1  PASS  Example ESMF_NUOPCAtmModelEx, ESMF_NUOPCAtmModelEx.F90, line 806
20231006 161957.967 INFO             PET1 Finalizing ESMF
20231006 161957.803 INFO             PET2 !!!!!!!!!!!!!!!!!!!!!!!!!!!!!!!!!!!!!!!!!!!!!!!!!!!!!!
20231006 161957.803 INFO             PET2 !!! THE ESMF_LOG IS SET TO OUTPUT ALL LOG MESSAGES !!!
20231006 161957.803 INFO             PET2 !!!     THIS MAY CAUSE SLOWDOWN IN PERFORMANCE     !!!
20231006 161957.803 INFO             PET2 !!! FOR PRODUCTION RUNS, USE:                      !!!
20231006 161957.803 INFO             PET2 !!!                   ESMF_LOGKIND_Multi_On_Error  !!!
20231006 161957.803 INFO             PET2 !!!!!!!!!!!!!!!!!!!!!!!!!!!!!!!!!!!!!!!!!!!!!!!!!!!!!!
20231006 161957.803 INFO             PET2 Running with ESMF Version   : v8.6.0b07-1-ge21e73e41b
20231006 161957.803 INFO             PET2 ESMF library build date/time: "Oct  6 2023" "15:08:36"
20231006 161957.803 INFO             PET2 ESMF library build location : /glade/scratch/theurich/ESMF-Nightly-Testing/nvhpc_22.2_mpt_g_fix_abort_trace/esmf
20231006 161957.803 INFO             PET2 ESMF_COMM                   : mpt
20231006 161957.803 INFO             PET2 ESMF_MOAB                   : enabled
20231006 161957.803 INFO             PET2 ESMF_LAPACK                 : enabled
20231006 161957.803 INFO             PET2 ESMF_NETCDF                 : enabled
20231006 161957.803 INFO             PET2 ESMF_PNETCDF                : disabled
20231006 161957.803 INFO             PET2 ESMF_PIO                    : enabled
20231006 161957.803 INFO             PET2 ESMF_YAMLCPP                : enabled
20231006 161957.917 DEBUG            PET2 about to destroy Grid: 0x22f8b10
20231006 161957.929 DEBUG            PET2 about to destroy Grid: 0x22f97f0
20231006 161957.967 INFO             PET2  NUMBER_OF_PROCESSORS            4
20231006 161957.967 INFO             PET2  PASS  Example ESMF_NUOPCAtmModelEx, ESMF_NUOPCAtmModelEx.F90, line 806
20231006 161957.967 INFO             PET2 Finalizing ESMF
20231006 161957.804 INFO             PET3 !!!!!!!!!!!!!!!!!!!!!!!!!!!!!!!!!!!!!!!!!!!!!!!!!!!!!!
20231006 161957.804 INFO             PET3 !!! THE ESMF_LOG IS SET TO OUTPUT ALL LOG MESSAGES !!!
20231006 161957.804 INFO             PET3 !!!     THIS MAY CAUSE SLOWDOWN IN PERFORMANCE     !!!
20231006 161957.804 INFO             PET3 !!! FOR PRODUCTION RUNS, USE:                      !!!
20231006 161957.804 INFO             PET3 !!!                   ESMF_LOGKIND_Multi_On_Error  !!!
20231006 161957.804 INFO             PET3 !!!!!!!!!!!!!!!!!!!!!!!!!!!!!!!!!!!!!!!!!!!!!!!!!!!!!!
20231006 161957.804 INFO             PET3 Running with ESMF Version   : v8.6.0b07-1-ge21e73e41b
20231006 161957.804 INFO             PET3 ESMF library build date/time: "Oct  6 2023" "15:08:36"
20231006 161957.804 INFO             PET3 ESMF library build location : /glade/scratch/theurich/ESMF-Nightly-Testing/nvhpc_22.2_mpt_g_fix_abort_trace/esmf
20231006 161957.804 INFO             PET3 ESMF_COMM                   : mpt
20231006 161957.804 INFO             PET3 ESMF_MOAB                   : enabled
20231006 161957.804 INFO             PET3 ESMF_LAPACK                 : enabled
20231006 161957.804 INFO             PET3 ESMF_NETCDF                 : enabled
20231006 161957.804 INFO             PET3 ESMF_PNETCDF                : disabled
20231006 161957.804 INFO             PET3 ESMF_PIO                    : enabled
20231006 161957.804 INFO             PET3 ESMF_YAMLCPP                : enabled
20231006 161957.917 DEBUG            PET3 about to destroy Grid: 0x22f8f90
20231006 161957.929 DEBUG            PET3 about to destroy Grid: 0x22f9830
20231006 161957.967 INFO             PET3  NUMBER_OF_PROCESSORS            4
20231006 161957.967 INFO             PET3  PASS  Example ESMF_NUOPCAtmModelEx, ESMF_NUOPCAtmModelEx.F90, line 806
20231006 161957.967 INFO             PET3 Finalizing ESMF
