2023-10-15 02:43:52
20231015 031514.091 INFO             PET0 !!!!!!!!!!!!!!!!!!!!!!!!!!!!!!!!!!!!!!!!!!!!!!!!!!!!!!
20231015 031514.091 INFO             PET0 !!! THE ESMF_LOG IS SET TO OUTPUT ALL LOG MESSAGES !!!
20231015 031514.091 INFO             PET0 !!!     THIS MAY CAUSE SLOWDOWN IN PERFORMANCE     !!!
20231015 031514.092 INFO             PET0 !!! FOR PRODUCTION RUNS, USE:                      !!!
20231015 031514.092 INFO             PET0 !!!                   ESMF_LOGKIND_Multi_On_Error  !!!
20231015 031514.092 INFO             PET0 !!!!!!!!!!!!!!!!!!!!!!!!!!!!!!!!!!!!!!!!!!!!!!!!!!!!!!
20231015 031514.092 INFO             PET0 Running with ESMF Version   : v8.6.0b08-33-g8592d0bc9f
20231015 031514.092 INFO             PET0 ESMF library build date/time: "Oct 15 2023" "02:40:40"
20231015 031514.092 INFO             PET0 ESMF library build location : /glade/scratch/theurich/ESMF-Nightly-Testing/gfortran_10.1.0_mpt_g_develop/esmf
20231015 031514.092 INFO             PET0 ESMF_COMM                   : mpt
20231015 031514.092 INFO             PET0 ESMF_MOAB                   : enabled
20231015 031514.092 INFO             PET0 ESMF_LAPACK                 : enabled
20231015 031514.092 INFO             PET0 ESMF_NETCDF                 : enabled
20231015 031514.092 INFO             PET0 ESMF_PNETCDF                : disabled
20231015 031514.092 INFO             PET0 ESMF_PIO                    : enabled
20231015 031514.092 INFO             PET0 ESMF_YAMLCPP                : enabled
20231015 031514.092 INFO             PET0  NUMBER_OF_PROCESSORS           1
20231015 031514.092 INFO             PET0  PASS  Example ESMF_TimeEx, ESMF_TimeEx.F90, line 141
20231015 031514.092 INFO             PET0  Finalizing ESMF
