2023-10-16 02:42:37
20231016 031340.884 INFO             PET0 !!!!!!!!!!!!!!!!!!!!!!!!!!!!!!!!!!!!!!!!!!!!!!!!!!!!!!
20231016 031340.884 INFO             PET0 !!! THE ESMF_LOG IS SET TO OUTPUT ALL LOG MESSAGES !!!
20231016 031340.884 INFO             PET0 !!!     THIS MAY CAUSE SLOWDOWN IN PERFORMANCE     !!!
20231016 031340.884 INFO             PET0 !!! FOR PRODUCTION RUNS, USE:                      !!!
20231016 031340.884 INFO             PET0 !!!                   ESMF_LOGKIND_Multi_On_Error  !!!
20231016 031340.884 INFO             PET0 !!!!!!!!!!!!!!!!!!!!!!!!!!!!!!!!!!!!!!!!!!!!!!!!!!!!!!
20231016 031340.884 INFO             PET0 Running with ESMF Version   : v8.6.0b09
20231016 031340.884 INFO             PET0 ESMF library build date/time: "Oct 16 2023" "02:39:31"
20231016 031340.884 INFO             PET0 ESMF library build location : /glade/scratch/theurich/ESMF-Nightly-Testing/gfortran_10.1.0_mpt_g_develop/esmf
20231016 031340.884 INFO             PET0 ESMF_COMM                   : mpt
20231016 031340.884 INFO             PET0 ESMF_MOAB                   : enabled
20231016 031340.884 INFO             PET0 ESMF_LAPACK                 : enabled
20231016 031340.884 INFO             PET0 ESMF_NETCDF                 : enabled
20231016 031340.884 INFO             PET0 ESMF_PNETCDF                : disabled
20231016 031340.884 INFO             PET0 ESMF_PIO                    : enabled
20231016 031340.884 INFO             PET0 ESMF_YAMLCPP                : enabled
20231016 031340.885 INFO             PET0  NUMBER_OF_PROCESSORS           1
20231016 031340.885 INFO             PET0  PASS  Example ESMF_AlarmEx, ESMF_AlarmEx.F90, line 244
20231016 031340.885 INFO             PET0  Finalizing ESMF
