2023-11-13 01:44:56
20231113 021921.741 INFO             PET0 !!!!!!!!!!!!!!!!!!!!!!!!!!!!!!!!!!!!!!!!!!!!!!!!!!!!!!
20231113 021921.741 INFO             PET0 !!! THE ESMF_LOG IS SET TO OUTPUT ALL LOG MESSAGES !!!
20231113 021921.741 INFO             PET0 !!!     THIS MAY CAUSE SLOWDOWN IN PERFORMANCE     !!!
20231113 021921.741 INFO             PET0 !!! FOR PRODUCTION RUNS, USE:                      !!!
20231113 021921.741 INFO             PET0 !!!                   ESMF_LOGKIND_Multi_On_Error  !!!
20231113 021921.741 INFO             PET0 !!!!!!!!!!!!!!!!!!!!!!!!!!!!!!!!!!!!!!!!!!!!!!!!!!!!!!
20231113 021921.741 INFO             PET0 Running with ESMF Version   : v8.6.0
20231113 021921.741 INFO             PET0 ESMF library build date/time: "Nov 13 2023" "01:42:52"
20231113 021921.741 INFO             PET0 ESMF library build location : /glade/scratch/theurich/ESMF-Nightly-Testing/gfortran_9.1.0_mpt_O_v8.6.0/esmf
20231113 021921.741 INFO             PET0 ESMF_COMM                   : mpt
20231113 021921.741 INFO             PET0 ESMF_MOAB                   : enabled
20231113 021921.741 INFO             PET0 ESMF_LAPACK                 : enabled
20231113 021921.741 INFO             PET0 ESMF_NETCDF                 : enabled
20231113 021921.741 INFO             PET0 ESMF_PNETCDF                : disabled
20231113 021921.741 INFO             PET0 ESMF_PIO                    : enabled
20231113 021921.741 INFO             PET0 ESMF_YAMLCPP                : enabled
20231113 021921.741 INFO             PET0 mainApp STARTING
20231113 021921.743 INFO             PET0 driver: InitializeGeneric intro.
20231113 021921.743 INFO             PET0   driver: InitializeP0 intro.
20231113 021921.743 INFO             PET0   driver: InitializeP0 extro.
20231113 021921.744 INFO             PET0   driver: InitializeIPDv02p1 intro.
20231113 021921.744 INFO             PET0     >>>driver: entered Initialize (phase=<none>) without valid internal Clock.
20231113 021921.744 INFO             PET0     driver - Creating model component MODEL without petList.
20231113 021921.745 INFO             PET0      GridCompIsPetLocal:  T
20231113 021921.745 INFO             PET0      VmIsCreated:  T
20231113 021921.745 INFO             PET0      valid MPI_COMM with size=           4
20231113 021921.745 INFO             PET0     driver - Creating state: modelComp 1 Import State
20231113 021921.745 INFO             PET0     driver - Creating state: modelComp 1 Export State
20231113 021921.745 INFO             PET0     MODEL: InitializeP0 intro.
20231113 021921.745 INFO             PET0       >>>MODEL: entered Initialize (phase=<none>) without valid internal Clock.
20231113 021921.746 INFO             PET0       <<<MODEL: leaving Initialize (phase=<none>) without valid internal Clock.
20231113 021921.746 INFO             PET0     MODEL: InitializeP0 extro.
20231113 021921.746 INFO             PET0     driver: IInitAdvertise intro.
20231113 021921.746 INFO             PET0     driver: IInitAdvertise extro.
20231113 021921.746 INFO             PET0     MODEL: InitializeIPDvXp01 intro.
20231113 021921.746 INFO             PET0       >>>MODEL: entered Initialize (phase=IPDvXp01) without valid internal Clock.
20231113 021921.747 INFO             PET0       <<<MODEL: leaving Initialize (phase=IPDvXp01) without valid internal Clock.
20231113 021921.747 INFO             PET0     MODEL: InitializeIPDvXp01 extro.
20231113 021921.748 INFO             PET0     driver: IInitAdvertiseFinish intro.
20231113 021921.748 INFO             PET0     driver: IInitAdvertiseFinish extro.
20231113 021921.748 INFO             PET0     driver: IInitModifyCplLists intro.
20231113 021921.748 INFO             PET0     driver: IInitModifyCplLists extro.
20231113 021921.748 INFO             PET0     <<<driver: leaving Initialize (phase=<none>) with current time:    0  1  1  0  0  0   0
20231113 021921.748 INFO             PET0   driver: InitializeIPDv02p1 extro.
20231113 021921.748 INFO             PET0   driver: InitializeIPDv02p3 intro.
20231113 021921.748 INFO             PET0     >>>driver: entered Initialize (phase=<none>) with current time:    0  1  1  0  0  0   0
20231113 021921.750 INFO             PET0     driver: IInitCheck intro.
20231113 021921.750 INFO             PET0     driver: IInitCheck extro.
20231113 021921.750 INFO             PET0     MODEL: InitializeIPDvXp04 intro.
20231113 021921.750 INFO             PET0       >>>MODEL: entered Initialize (phase=IPDvXp04) without valid internal Clock.
20231113 021921.751 INFO             PET0       After Realize: - MemInfo: [/proc/meminfo - SSI]	MemTotal:       65507008 kB
20231113 021921.751 INFO             PET0       After Realize: - MemInfo: [/proc/meminfo - SSI]	MemFree:        49359800 kB
20231113 021921.751 INFO             PET0       After Realize: - MemInfo: [/proc/meminfo - SSI]	MemAvailable:   49139952 kB
20231113 021921.751 INFO             PET0       After Realize: - MemInfo: [/proc/meminfo - SSI]	Committed_AS:   13953964 kB
20231113 021921.752 INFO             PET0       After Realize: - MemInfo: [/proc/meminfo - SSI]	CommittedPercent: 21.3015 %
20231113 021921.752 INFO             PET0       After Realize: - MemInfo: [/proc/self/status]	VmPeak:	65893308 kB
20231113 021921.752 INFO             PET0       After Realize: - MemInfo: [/proc/self/status]	VmSize:	65893308 kB
20231113 021921.752 INFO             PET0       After Realize: - MemInfo: [/proc/self/status]	VmLck:	       0 kB
20231113 021921.752 INFO             PET0       After Realize: - MemInfo: [/proc/self/status]	VmPin:	       0 kB
20231113 021921.752 INFO             PET0       After Realize: - MemInfo: [/proc/self/status]	VmHWM:	   13308 kB
20231113 021921.752 INFO             PET0       After Realize: - MemInfo: [/proc/self/status]	VmRSS:	   13308 kB
20231113 021921.752 INFO             PET0       After Realize: - MemInfo: [/proc/self/status]	VmData:	   22664 kB
20231113 021921.752 INFO             PET0       After Realize: - MemInfo: [/proc/self/status]	VmStk:	     144 kB
20231113 021921.752 INFO             PET0       After Realize: - MemInfo: [/proc/self/status]	VmExe:	     168 kB
20231113 021921.752 INFO             PET0       After Realize: - MemInfo: [/proc/self/status]	VmLib:	   40936 kB
20231113 021921.752 INFO             PET0       After Realize: - MemInfo: [/proc/self/status]	VmPTE:	     216 kB
20231113 021921.752 INFO             PET0       After Realize: - MemInfo: [/proc/self/status]	VmPMD:	      16 kB
20231113 021921.752 INFO             PET0       After Realize: - MemInfo: [/proc/self/status]	VmSwap:	       0 kB
20231113 021921.752 INFO             PET0       After Realize: - MemInfo: [/proc/self/status]	VmRSSPercent: 0.0203154 %
20231113 021921.752 INFO             PET0       After Realize: - MemInfo: [malloc] Non-mmapped space allocated:                19812352 Byte
20231113 021921.752 INFO             PET0       After Realize: - MemInfo: [malloc] Space allocated in mmapped regions:                0 Byte
20231113 021921.752 INFO             PET0       After Realize: - MemInfo: [malloc] Maximum total allocated space:                     0 Byte
20231113 021921.752 INFO             PET0       After Realize: - MemInfo: [malloc] Space in freed fastbin blocks:                  2240 Byte
20231113 021921.752 INFO             PET0       After Realize: - MemInfo: [malloc] Total allocated space:                      19698944 Byte
20231113 021921.752 INFO             PET0       After Realize: - MemInfo: [malloc] Total free space:                             113408 Byte
20231113 021921.752 INFO             PET0       After Realize: - MemInfo: [malloc] Top-most, releasable space:                   110464 Byte
20231113 021921.752 INFO             PET0       After Realize: - MemInfo: [malloc] Total space in use, mmap + non-mmap:        19698944 Byte
20231113 021921.752 INFO             PET0       After Realize: - MemInfo: [malloc] Total space held (mmap + non-mmap):         19812352 Byte
20231113 021921.752 INFO             PET0       After Realize: - MemInfo: [malloc] Total space used (mmap + non-mmap):         19708128 Byte
20231113 021921.752 INFO             PET0       After Realize: - MemInfo: Wall-clock time since execution start:              0.0117994 seconds
20231113 021921.752 INFO             PET0       <<<MODEL: leaving Initialize (phase=IPDvXp04) without valid internal Clock.
20231113 021921.752 INFO             PET0     MODEL: InitializeIPDvXp04 extro.
20231113 021921.752 INFO             PET0     driver: IInitRealize intro.
20231113 021921.752 INFO             PET0     driver: IInitRealize extro.
20231113 021921.752 INFO             PET0     MODEL: InitializeIPDvXp07 intro.
20231113 021921.752 INFO             PET0       >>>MODEL: entered Initialize (phase=IPDvXp07) without valid internal Clock.
20231113 021921.752 INFO             PET0       <<<MODEL: leaving Initialize (phase=IPDvXp07) with current time:    0  1  1  0  0  0   0
20231113 021921.752 INFO             PET0     MODEL: InitializeIPDvXp07 extro.
20231113 021921.752 INFO             PET0     <<<driver: leaving Initialize (phase=<none>) with current time:    0  1  1  0  0  0   0
20231113 021921.752 INFO             PET0   driver: InitializeIPDv02p3 extro.
20231113 021921.752 INFO             PET0   driver: InitializeIPDv02p5 intro.
20231113 021921.753 INFO             PET0     >>>driver: entered Initialize (phase=<none>) with current time:    0  1  1  0  0  0   0
20231113 021921.753 INFO             PET0     driver: this is a top level driver, no 'Updated' and 'InitializeDataComplete' info on this level.
20231113 021921.753 INFO             PET0     driver: InitializeIPDv02p5Data intro.
20231113 021921.753 INFO             PET0       driver: InternalInitializeComplete intro.
20231113 021921.753 INFO             PET0         driver: InitializeDataComplete='true'
20231113 021921.753 INFO             PET0       driver: InternalInitializeComplete extro.
20231113 021921.753 INFO             PET0       MODEL: InitializeIPDvXp08 intro.
20231113 021921.753 INFO             PET0         >>>MODEL: entered Initialize (phase=IPDv05p8) with current time:    0  1  1  0  0  0   0
20231113 021921.753 INFO             PET0         MODEL: InitializeDataProgress='false', InitializeDataComplete='false'
20231113 021921.753 INFO             PET0         <<<MODEL: leaving Initialize (phase=IPDv05p8) with current time:    0  1  1  0  0  0   0
20231113 021921.753 INFO             PET0       MODEL: InitializeIPDvXp08 extro.
20231113 021921.754 INFO             PET0       driver: components present that trigger loopDataDependentInitialize().
20231113 021921.754 INFO             PET0       driver: loopDataDependentInitialize intro.
20231113 021921.754 INFO             PET0         driver: component    0=driver, dataComplete (local): true
20231113 021921.754 INFO             PET0         driver: component    0=driver, dataComplete (global): T
20231113 021921.754 INFO             PET0         driver: component    1=MODEL, dataComplete (local): false
20231113 021921.754 INFO             PET0         driver: component    1=MODEL, dataComplete (global): F
20231113 021921.754 INFO             PET0         MODEL: InitializeIPDvXp08 intro.
20231113 021921.754 INFO             PET0           >>>MODEL: entered Initialize (phase=IPDv05p8) with current time:    0  1  1  0  0  0   0
20231113 021921.754 INFO             PET0           MODEL: InitializeDataProgress='true', InitializeDataComplete='true'
20231113 021921.754 INFO             PET0           <<<MODEL: leaving Initialize (phase=IPDv05p8) with current time:    0  1  1  0  0  0   0
20231113 021921.754 INFO             PET0         MODEL: InitializeIPDvXp08 extro.
20231113 021921.754 INFO             PET0         driver: component    1=MODEL, someProgress (local): true
20231113 021921.754 INFO             PET0         driver: component    1=MODEL, someProgress (global): T
20231113 021921.754 INFO             PET0         driver: someProgress=T, allComplete=F, present(dataDepAllComplete)=T
20231113 021921.754 INFO             PET0         driver: component    0=driver, dataComplete (local): true
20231113 021921.754 INFO             PET0         driver: component    0=driver, dataComplete (global): T
20231113 021921.754 INFO             PET0         driver: component    1=MODEL, dataComplete (local): true
20231113 021921.754 INFO             PET0         driver: component    1=MODEL, dataComplete (global): T
20231113 021921.754 INFO             PET0         driver: someProgress=F, allComplete=T, present(dataDepAllComplete)=T
20231113 021921.754 INFO             PET0         driver: finished resolving initialize data dependencies on this level.
20231113 021921.754 INFO             PET0       driver: loopDataDependentInitialize extro.
20231113 021921.754 INFO             PET0       driver: loopDataDependentInitialize() returned with dataDepAllComplete: T
20231113 021921.754 INFO             PET0     driver: InitializeIPDv02p5Data extro.
20231113 021921.754 INFO             PET0     <<<driver: leaving Initialize (phase=<none>) with current time:    0  1  1  0  0  0   0
20231113 021921.755 INFO             PET0   driver: InitializeIPDv02p5 extro.
20231113 021921.755 INFO             PET0 driver: InitializeGeneric extro.
20231113 021921.755 INFO             PET0 driver: Run intro.
20231113 021921.755 INFO             PET0   >>>driver entered Run (phase=RunPhase1) with current time:    0  1  1  0  0  0   0
20231113 021921.755 INFO             PET0   driver: after lable_SetRunClock, current time:    0  1  1  0  0  0   0
20231113 021921.755 INFO             PET0   driver: begin -------> RunSequence.
20231113 021921.755 INFO             PET0     driver: RunSequence event loopLevel=   1  levelMember=   1  loopIteration=   1, current time:    0  1  1  0  0  0   0
20231113 021921.755 INFO             PET0     MODEL: Run intro.
20231113 021921.755 INFO             PET0       >>>MODEL: entered Run (phase=RunPhase1) with current time:    0  1  1  0  0  0   0
20231113 021921.755 INFO             PET0       MODEL: time step-loop starting, current time:    0  1  1  0  0  0   0
20231113 021921.758 INFO             PET0       thread_num=   0   currentSsiPe=   0   num_threads=   3   max_threads=   3   num_procs=   1
20231113 021921.760 INFO             PET0       thread_num=   2   currentSsiPe=   0   num_threads=   3   max_threads=   3   num_procs=   1
20231113 021921.761 INFO             PET0       thread_num=   1   currentSsiPe=   0   num_threads=   3   max_threads=   3   num_procs=   1
20231113 021921.763 INFO             PET0       ---->Advancing Model from:    0  1  1  0  0  0   0
20231113 021921.763 INFO             PET0       ---------------------> to:    0  1  1  0  0 30   0
20231113 021921.763 INFO             PET0       MODEL: time step-loop ending,   current time:    0  1  1  0  0 30   0
20231113 021921.763 INFO             PET0       <<<MODEL: leaving Run (phase=RunPhase1) with current time:    0  1  1  0  0 30   0
20231113 021921.763 INFO             PET0     MODEL: Run extro.
20231113 021921.763 INFO             PET0     driver: RunSequence event loopLevel=   1  levelMember=   1  loopIteration=   2, current time:    0  1  1  0  0 30   0
20231113 021921.763 INFO             PET0     MODEL: Run intro.
20231113 021921.763 INFO             PET0       >>>MODEL: entered Run (phase=RunPhase1) with current time:    0  1  1  0  0 30   0
20231113 021921.763 INFO             PET0       MODEL: time step-loop starting, current time:    0  1  1  0  0 30   0
20231113 021921.765 INFO             PET0       thread_num=   2   currentSsiPe=   0   num_threads=   3   max_threads=   3   num_procs=   1
20231113 021921.766 INFO             PET0       thread_num=   0   currentSsiPe=   0   num_threads=   3   max_threads=   3   num_procs=   1
20231113 021921.768 INFO             PET0       thread_num=   1   currentSsiPe=   0   num_threads=   3   max_threads=   3   num_procs=   1
20231113 021921.770 INFO             PET0       ---->Advancing Model from:    0  1  1  0  0 30   0
20231113 021921.770 INFO             PET0       ---------------------> to:    0  1  1  0  1  0   0
20231113 021921.770 INFO             PET0       MODEL: time step-loop ending,   current time:    0  1  1  0  1  0   0
20231113 021921.770 INFO             PET0       <<<MODEL: leaving Run (phase=RunPhase1) with current time:    0  1  1  0  1  0   0
20231113 021921.770 INFO             PET0     MODEL: Run extro.
20231113 021921.770 INFO             PET0     driver: RunSequence event loopLevel=   1  levelMember=   1  loopIteration=   3, current time:    0  1  1  0  1  0   0
20231113 021921.770 INFO             PET0     MODEL: Run intro.
20231113 021921.770 INFO             PET0       >>>MODEL: entered Run (phase=RunPhase1) with current time:    0  1  1  0  1  0   0
20231113 021921.770 INFO             PET0       MODEL: time step-loop starting, current time:    0  1  1  0  1  0   0
20231113 021921.772 INFO             PET0       thread_num=   2   currentSsiPe=   0   num_threads=   3   max_threads=   3   num_procs=   1
20231113 021921.773 INFO             PET0       thread_num=   0   currentSsiPe=   0   num_threads=   3   max_threads=   3   num_procs=   1
20231113 021921.775 INFO             PET0       thread_num=   1   currentSsiPe=   0   num_threads=   3   max_threads=   3   num_procs=   1
20231113 021921.776 INFO             PET0       ---->Advancing Model from:    0  1  1  0  1  0   0
20231113 021921.776 INFO             PET0       ---------------------> to:    0  1  1  0  1 30   0
20231113 021921.776 INFO             PET0       MODEL: time step-loop ending,   current time:    0  1  1  0  1 30   0
20231113 021921.776 INFO             PET0       <<<MODEL: leaving Run (phase=RunPhase1) with current time:    0  1  1  0  1 30   0
20231113 021921.776 INFO             PET0     MODEL: Run extro.
20231113 021921.776 INFO             PET0     driver: RunSequence event loopLevel=   1  levelMember=   1  loopIteration=   4, current time:    0  1  1  0  1 30   0
20231113 021921.776 INFO             PET0     MODEL: Run intro.
20231113 021921.777 INFO             PET0       >>>MODEL: entered Run (phase=RunPhase1) with current time:    0  1  1  0  1 30   0
20231113 021921.777 INFO             PET0       MODEL: time step-loop starting, current time:    0  1  1  0  1 30   0
20231113 021921.778 INFO             PET0       thread_num=   2   currentSsiPe=   0   num_threads=   3   max_threads=   3   num_procs=   1
20231113 021921.780 INFO             PET0       thread_num=   0   currentSsiPe=   0   num_threads=   3   max_threads=   3   num_procs=   1
20231113 021921.781 INFO             PET0       thread_num=   1   currentSsiPe=   0   num_threads=   3   max_threads=   3   num_procs=   1
20231113 021921.783 INFO             PET0       ---->Advancing Model from:    0  1  1  0  1 30   0
20231113 021921.783 INFO             PET0       ---------------------> to:    0  1  1  0  2  0   0
20231113 021921.783 INFO             PET0       MODEL: time step-loop ending,   current time:    0  1  1  0  2  0   0
20231113 021921.783 INFO             PET0       <<<MODEL: leaving Run (phase=RunPhase1) with current time:    0  1  1  0  2  0   0
20231113 021921.783 INFO             PET0     MODEL: Run extro.
20231113 021921.783 INFO             PET0     driver: RunSequence event loopLevel=   1  levelMember=   1  loopIteration=   5, current time:    0  1  1  0  2  0   0
20231113 021921.783 INFO             PET0     MODEL: Run intro.
20231113 021921.783 INFO             PET0       >>>MODEL: entered Run (phase=RunPhase1) with current time:    0  1  1  0  2  0   0
20231113 021921.783 INFO             PET0       MODEL: time step-loop starting, current time:    0  1  1  0  2  0   0
20231113 021921.785 INFO             PET0       thread_num=   2   currentSsiPe=   0   num_threads=   3   max_threads=   3   num_procs=   1
20231113 021921.786 INFO             PET0       thread_num=   0   currentSsiPe=   0   num_threads=   3   max_threads=   3   num_procs=   1
20231113 021921.788 INFO             PET0       thread_num=   1   currentSsiPe=   0   num_threads=   3   max_threads=   3   num_procs=   1
20231113 021921.790 INFO             PET0       ---->Advancing Model from:    0  1  1  0  2  0   0
20231113 021921.790 INFO             PET0       ---------------------> to:    0  1  1  0  2 30   0
20231113 021921.790 INFO             PET0       MODEL: time step-loop ending,   current time:    0  1  1  0  2 30   0
20231113 021921.790 INFO             PET0       <<<MODEL: leaving Run (phase=RunPhase1) with current time:    0  1  1  0  2 30   0
20231113 021921.790 INFO             PET0     MODEL: Run extro.
20231113 021921.790 INFO             PET0   driver: end <--------- RunSequence
20231113 021921.790 INFO             PET0   <<<driver - leaving Run with current time:    0  1  1  0  2 30   0
20231113 021921.790 INFO             PET0 driver: Run extro.
20231113 021921.790 INFO             PET0 driver: Finalize intro.
20231113 021921.790 INFO             PET0   Calling Finalize phase 1 for modelComp: MODEL
20231113 021921.790 INFO             PET0   MODEL: Finalize intro.
20231113 021921.790 INFO             PET0     >>>MODEL: entered Finalize (phase=FinalizePhase1) with current time:    0  1  1  0  2 30   0
20231113 021921.790 INFO             PET0     <<<MODEL: leaving Finalize (phase=FinalizePhase1) with current time:    0  1  1  0  2 30   0
20231113 021921.790 INFO             PET0   MODEL: Finalize extro.
20231113 021921.790 INFO             PET0   Delete modelComp: MODEL
20231113 021921.791 INFO             PET0   Delete Import-/Export State for modelComp: MODEL
20231113 021921.791 INFO             PET0 driver: Finalize extro.
20231113 021921.791 INFO             PET0 mainApp FINISHED
20231113 021921.791 INFO             PET0  Finalizing ESMF
20231113 021921.741 INFO             PET1 !!!!!!!!!!!!!!!!!!!!!!!!!!!!!!!!!!!!!!!!!!!!!!!!!!!!!!
20231113 021921.741 INFO             PET1 !!! THE ESMF_LOG IS SET TO OUTPUT ALL LOG MESSAGES !!!
20231113 021921.741 INFO             PET1 !!!     THIS MAY CAUSE SLOWDOWN IN PERFORMANCE     !!!
20231113 021921.741 INFO             PET1 !!! FOR PRODUCTION RUNS, USE:                      !!!
20231113 021921.741 INFO             PET1 !!!                   ESMF_LOGKIND_Multi_On_Error  !!!
20231113 021921.741 INFO             PET1 !!!!!!!!!!!!!!!!!!!!!!!!!!!!!!!!!!!!!!!!!!!!!!!!!!!!!!
20231113 021921.741 INFO             PET1 Running with ESMF Version   : v8.6.0
20231113 021921.741 INFO             PET1 ESMF library build date/time: "Nov 13 2023" "01:42:52"
20231113 021921.741 INFO             PET1 ESMF library build location : /glade/scratch/theurich/ESMF-Nightly-Testing/gfortran_9.1.0_mpt_O_v8.6.0/esmf
20231113 021921.741 INFO             PET1 ESMF_COMM                   : mpt
20231113 021921.741 INFO             PET1 ESMF_MOAB                   : enabled
20231113 021921.741 INFO             PET1 ESMF_LAPACK                 : enabled
20231113 021921.741 INFO             PET1 ESMF_NETCDF                 : enabled
20231113 021921.741 INFO             PET1 ESMF_PNETCDF                : disabled
20231113 021921.741 INFO             PET1 ESMF_PIO                    : enabled
20231113 021921.741 INFO             PET1 ESMF_YAMLCPP                : enabled
20231113 021921.741 INFO             PET1 mainApp STARTING
20231113 021921.743 INFO             PET1 driver: InitializeGeneric intro.
20231113 021921.743 INFO             PET1   driver: InitializeP0 intro.
20231113 021921.743 INFO             PET1   driver: InitializeP0 extro.
20231113 021921.744 INFO             PET1   driver: InitializeIPDv02p1 intro.
20231113 021921.744 INFO             PET1     >>>driver: entered Initialize (phase=<none>) without valid internal Clock.
20231113 021921.744 INFO             PET1     driver - Creating model component MODEL without petList.
20231113 021921.745 INFO             PET1      GridCompIsPetLocal:  T
20231113 021921.745 INFO             PET1      VmIsCreated:  T
20231113 021921.745 INFO             PET1      valid MPI_COMM with size=           4
20231113 021921.745 INFO             PET1     driver - Creating state: modelComp 1 Import State
20231113 021921.745 INFO             PET1     driver - Creating state: modelComp 1 Export State
20231113 021921.745 INFO             PET1     MODEL: InitializeP0 intro.
20231113 021921.745 INFO             PET1       >>>MODEL: entered Initialize (phase=<none>) without valid internal Clock.
20231113 021921.746 INFO             PET1       <<<MODEL: leaving Initialize (phase=<none>) without valid internal Clock.
20231113 021921.746 INFO             PET1     MODEL: InitializeP0 extro.
20231113 021921.746 INFO             PET1     driver: IInitAdvertise intro.
20231113 021921.746 INFO             PET1     driver: IInitAdvertise extro.
20231113 021921.746 INFO             PET1     MODEL: InitializeIPDvXp01 intro.
20231113 021921.746 INFO             PET1       >>>MODEL: entered Initialize (phase=IPDvXp01) without valid internal Clock.
20231113 021921.747 INFO             PET1       <<<MODEL: leaving Initialize (phase=IPDvXp01) without valid internal Clock.
20231113 021921.747 INFO             PET1     MODEL: InitializeIPDvXp01 extro.
20231113 021921.748 INFO             PET1     driver: IInitAdvertiseFinish intro.
20231113 021921.748 INFO             PET1     driver: IInitAdvertiseFinish extro.
20231113 021921.748 INFO             PET1     driver: IInitModifyCplLists intro.
20231113 021921.748 INFO             PET1     driver: IInitModifyCplLists extro.
20231113 021921.748 INFO             PET1     <<<driver: leaving Initialize (phase=<none>) with current time:    0  1  1  0  0  0   0
20231113 021921.748 INFO             PET1   driver: InitializeIPDv02p1 extro.
20231113 021921.748 INFO             PET1   driver: InitializeIPDv02p3 intro.
20231113 021921.748 INFO             PET1     >>>driver: entered Initialize (phase=<none>) with current time:    0  1  1  0  0  0   0
20231113 021921.750 INFO             PET1     driver: IInitCheck intro.
20231113 021921.750 INFO             PET1     driver: IInitCheck extro.
20231113 021921.750 INFO             PET1     MODEL: InitializeIPDvXp04 intro.
20231113 021921.751 INFO             PET1       >>>MODEL: entered Initialize (phase=IPDvXp04) without valid internal Clock.
20231113 021921.752 INFO             PET1       After Realize: - MemInfo: [/proc/meminfo - SSI]	MemTotal:       65507008 kB
20231113 021921.752 INFO             PET1       After Realize: - MemInfo: [/proc/meminfo - SSI]	MemFree:        49359800 kB
20231113 021921.752 INFO             PET1       After Realize: - MemInfo: [/proc/meminfo - SSI]	MemAvailable:   49139952 kB
20231113 021921.752 INFO             PET1       After Realize: - MemInfo: [/proc/meminfo - SSI]	Committed_AS:   13953964 kB
20231113 021921.752 INFO             PET1       After Realize: - MemInfo: [/proc/meminfo - SSI]	CommittedPercent: 21.3015 %
20231113 021921.752 INFO             PET1       After Realize: - MemInfo: [/proc/self/status]	VmPeak:	65893308 kB
20231113 021921.752 INFO             PET1       After Realize: - MemInfo: [/proc/self/status]	VmSize:	65893308 kB
20231113 021921.752 INFO             PET1       After Realize: - MemInfo: [/proc/self/status]	VmLck:	       0 kB
20231113 021921.752 INFO             PET1       After Realize: - MemInfo: [/proc/self/status]	VmPin:	       0 kB
20231113 021921.752 INFO             PET1       After Realize: - MemInfo: [/proc/self/status]	VmHWM:	   13292 kB
20231113 021921.752 INFO             PET1       After Realize: - MemInfo: [/proc/self/status]	VmRSS:	   13292 kB
20231113 021921.752 INFO             PET1       After Realize: - MemInfo: [/proc/self/status]	VmData:	   22664 kB
20231113 021921.752 INFO             PET1       After Realize: - MemInfo: [/proc/self/status]	VmStk:	     144 kB
20231113 021921.752 INFO             PET1       After Realize: - MemInfo: [/proc/self/status]	VmExe:	     168 kB
20231113 021921.752 INFO             PET1       After Realize: - MemInfo: [/proc/self/status]	VmLib:	   40936 kB
20231113 021921.752 INFO             PET1       After Realize: - MemInfo: [/proc/self/status]	VmPTE:	     224 kB
20231113 021921.752 INFO             PET1       After Realize: - MemInfo: [/proc/self/status]	VmPMD:	      20 kB
20231113 021921.752 INFO             PET1       After Realize: - MemInfo: [/proc/self/status]	VmSwap:	       0 kB
20231113 021921.752 INFO             PET1       After Realize: - MemInfo: [/proc/self/status]	VmRSSPercent: 0.020291 %
20231113 021921.752 INFO             PET1       After Realize: - MemInfo: [malloc] Non-mmapped space allocated:                19812352 Byte
20231113 021921.752 INFO             PET1       After Realize: - MemInfo: [malloc] Space allocated in mmapped regions:                0 Byte
20231113 021921.752 INFO             PET1       After Realize: - MemInfo: [malloc] Maximum total allocated space:                     0 Byte
20231113 021921.752 INFO             PET1       After Realize: - MemInfo: [malloc] Space in freed fastbin blocks:                  2240 Byte
20231113 021921.752 INFO             PET1       After Realize: - MemInfo: [malloc] Total allocated space:                      19698672 Byte
20231113 021921.752 INFO             PET1       After Realize: - MemInfo: [malloc] Total free space:                             113680 Byte
20231113 021921.752 INFO             PET1       After Realize: - MemInfo: [malloc] Top-most, releasable space:                   110768 Byte
20231113 021921.752 INFO             PET1       After Realize: - MemInfo: [malloc] Total space in use, mmap + non-mmap:        19698672 Byte
20231113 021921.752 INFO             PET1       After Realize: - MemInfo: [malloc] Total space held (mmap + non-mmap):         19812352 Byte
20231113 021921.752 INFO             PET1       After Realize: - MemInfo: [malloc] Total space used (mmap + non-mmap):         19707856 Byte
20231113 021921.752 INFO             PET1       After Realize: - MemInfo: Wall-clock time since execution start:              0.0122937 seconds
20231113 021921.752 INFO             PET1       <<<MODEL: leaving Initialize (phase=IPDvXp04) without valid internal Clock.
20231113 021921.752 INFO             PET1     MODEL: InitializeIPDvXp04 extro.
20231113 021921.753 INFO             PET1     driver: IInitRealize intro.
20231113 021921.753 INFO             PET1     driver: IInitRealize extro.
20231113 021921.753 INFO             PET1     MODEL: InitializeIPDvXp07 intro.
20231113 021921.753 INFO             PET1       >>>MODEL: entered Initialize (phase=IPDvXp07) without valid internal Clock.
20231113 021921.753 INFO             PET1       <<<MODEL: leaving Initialize (phase=IPDvXp07) with current time:    0  1  1  0  0  0   0
20231113 021921.753 INFO             PET1     MODEL: InitializeIPDvXp07 extro.
20231113 021921.753 INFO             PET1     <<<driver: leaving Initialize (phase=<none>) with current time:    0  1  1  0  0  0   0
20231113 021921.753 INFO             PET1   driver: InitializeIPDv02p3 extro.
20231113 021921.753 INFO             PET1   driver: InitializeIPDv02p5 intro.
20231113 021921.753 INFO             PET1     >>>driver: entered Initialize (phase=<none>) with current time:    0  1  1  0  0  0   0
20231113 021921.753 INFO             PET1     driver: this is a top level driver, no 'Updated' and 'InitializeDataComplete' info on this level.
20231113 021921.753 INFO             PET1     driver: InitializeIPDv02p5Data intro.
20231113 021921.753 INFO             PET1       driver: InternalInitializeComplete intro.
20231113 021921.753 INFO             PET1         driver: InitializeDataComplete='true'
20231113 021921.753 INFO             PET1       driver: InternalInitializeComplete extro.
20231113 021921.753 INFO             PET1       MODEL: InitializeIPDvXp08 intro.
20231113 021921.753 INFO             PET1         >>>MODEL: entered Initialize (phase=IPDv05p8) with current time:    0  1  1  0  0  0   0
20231113 021921.753 INFO             PET1         MODEL: InitializeDataProgress='false', InitializeDataComplete='false'
20231113 021921.753 INFO             PET1         <<<MODEL: leaving Initialize (phase=IPDv05p8) with current time:    0  1  1  0  0  0   0
20231113 021921.753 INFO             PET1       MODEL: InitializeIPDvXp08 extro.
20231113 021921.754 INFO             PET1       driver: components present that trigger loopDataDependentInitialize().
20231113 021921.754 INFO             PET1       driver: loopDataDependentInitialize intro.
20231113 021921.754 INFO             PET1         driver: component    0=driver, dataComplete (local): true
20231113 021921.754 INFO             PET1         driver: component    0=driver, dataComplete (global): T
20231113 021921.754 INFO             PET1         driver: component    1=MODEL, dataComplete (local): false
20231113 021921.754 INFO             PET1         driver: component    1=MODEL, dataComplete (global): F
20231113 021921.754 INFO             PET1         MODEL: InitializeIPDvXp08 intro.
20231113 021921.754 INFO             PET1           >>>MODEL: entered Initialize (phase=IPDv05p8) with current time:    0  1  1  0  0  0   0
20231113 021921.754 INFO             PET1           MODEL: InitializeDataProgress='true', InitializeDataComplete='true'
20231113 021921.754 INFO             PET1           <<<MODEL: leaving Initialize (phase=IPDv05p8) with current time:    0  1  1  0  0  0   0
20231113 021921.754 INFO             PET1         MODEL: InitializeIPDvXp08 extro.
20231113 021921.754 INFO             PET1         driver: component    1=MODEL, someProgress (local): true
20231113 021921.754 INFO             PET1         driver: component    1=MODEL, someProgress (global): T
20231113 021921.754 INFO             PET1         driver: someProgress=T, allComplete=F, present(dataDepAllComplete)=T
20231113 021921.754 INFO             PET1         driver: component    0=driver, dataComplete (local): true
20231113 021921.754 INFO             PET1         driver: component    0=driver, dataComplete (global): T
20231113 021921.754 INFO             PET1         driver: component    1=MODEL, dataComplete (local): true
20231113 021921.754 INFO             PET1         driver: component    1=MODEL, dataComplete (global): T
20231113 021921.754 INFO             PET1         driver: someProgress=F, allComplete=T, present(dataDepAllComplete)=T
20231113 021921.754 INFO             PET1         driver: finished resolving initialize data dependencies on this level.
20231113 021921.754 INFO             PET1       driver: loopDataDependentInitialize extro.
20231113 021921.754 INFO             PET1       driver: loopDataDependentInitialize() returned with dataDepAllComplete: T
20231113 021921.754 INFO             PET1     driver: InitializeIPDv02p5Data extro.
20231113 021921.754 INFO             PET1     <<<driver: leaving Initialize (phase=<none>) with current time:    0  1  1  0  0  0   0
20231113 021921.755 INFO             PET1   driver: InitializeIPDv02p5 extro.
20231113 021921.755 INFO             PET1 driver: InitializeGeneric extro.
20231113 021921.755 INFO             PET1 driver: Run intro.
20231113 021921.755 INFO             PET1   >>>driver entered Run (phase=RunPhase1) with current time:    0  1  1  0  0  0   0
20231113 021921.755 INFO             PET1   driver: after lable_SetRunClock, current time:    0  1  1  0  0  0   0
20231113 021921.755 INFO             PET1   driver: begin -------> RunSequence.
20231113 021921.755 INFO             PET1     driver: RunSequence event loopLevel=   1  levelMember=   1  loopIteration=   1, current time:    0  1  1  0  0  0   0
20231113 021921.755 INFO             PET1     MODEL: Run intro.
20231113 021921.755 INFO             PET1       >>>MODEL: entered Run (phase=RunPhase1) with current time:    0  1  1  0  0  0   0
20231113 021921.755 INFO             PET1       MODEL: time step-loop starting, current time:    0  1  1  0  0  0   0
20231113 021921.758 INFO             PET1       thread_num=   0   currentSsiPe=   1   num_threads=   3   max_threads=   3   num_procs=   1
20231113 021921.760 INFO             PET1       thread_num=   2   currentSsiPe=   1   num_threads=   3   max_threads=   3   num_procs=   1
20231113 021921.761 INFO             PET1       thread_num=   1   currentSsiPe=   1   num_threads=   3   max_threads=   3   num_procs=   1
20231113 021921.763 INFO             PET1       ---->Advancing Model from:    0  1  1  0  0  0   0
20231113 021921.763 INFO             PET1       ---------------------> to:    0  1  1  0  0 30   0
20231113 021921.763 INFO             PET1       MODEL: time step-loop ending,   current time:    0  1  1  0  0 30   0
20231113 021921.763 INFO             PET1       <<<MODEL: leaving Run (phase=RunPhase1) with current time:    0  1  1  0  0 30   0
20231113 021921.763 INFO             PET1     MODEL: Run extro.
20231113 021921.763 INFO             PET1     driver: RunSequence event loopLevel=   1  levelMember=   1  loopIteration=   2, current time:    0  1  1  0  0 30   0
20231113 021921.763 INFO             PET1     MODEL: Run intro.
20231113 021921.763 INFO             PET1       >>>MODEL: entered Run (phase=RunPhase1) with current time:    0  1  1  0  0 30   0
20231113 021921.763 INFO             PET1       MODEL: time step-loop starting, current time:    0  1  1  0  0 30   0
20231113 021921.765 INFO             PET1       thread_num=   2   currentSsiPe=   1   num_threads=   3   max_threads=   3   num_procs=   1
20231113 021921.766 INFO             PET1       thread_num=   0   currentSsiPe=   1   num_threads=   3   max_threads=   3   num_procs=   1
20231113 021921.768 INFO             PET1       thread_num=   1   currentSsiPe=   1   num_threads=   3   max_threads=   3   num_procs=   1
20231113 021921.770 INFO             PET1       ---->Advancing Model from:    0  1  1  0  0 30   0
20231113 021921.770 INFO             PET1       ---------------------> to:    0  1  1  0  1  0   0
20231113 021921.770 INFO             PET1       MODEL: time step-loop ending,   current time:    0  1  1  0  1  0   0
20231113 021921.770 INFO             PET1       <<<MODEL: leaving Run (phase=RunPhase1) with current time:    0  1  1  0  1  0   0
20231113 021921.770 INFO             PET1     MODEL: Run extro.
20231113 021921.770 INFO             PET1     driver: RunSequence event loopLevel=   1  levelMember=   1  loopIteration=   3, current time:    0  1  1  0  1  0   0
20231113 021921.770 INFO             PET1     MODEL: Run intro.
20231113 021921.770 INFO             PET1       >>>MODEL: entered Run (phase=RunPhase1) with current time:    0  1  1  0  1  0   0
20231113 021921.770 INFO             PET1       MODEL: time step-loop starting, current time:    0  1  1  0  1  0   0
20231113 021921.772 INFO             PET1       thread_num=   2   currentSsiPe=   1   num_threads=   3   max_threads=   3   num_procs=   1
20231113 021921.773 INFO             PET1       thread_num=   0   currentSsiPe=   1   num_threads=   3   max_threads=   3   num_procs=   1
20231113 021921.775 INFO             PET1       thread_num=   1   currentSsiPe=   1   num_threads=   3   max_threads=   3   num_procs=   1
20231113 021921.776 INFO             PET1       ---->Advancing Model from:    0  1  1  0  1  0   0
20231113 021921.776 INFO             PET1       ---------------------> to:    0  1  1  0  1 30   0
20231113 021921.776 INFO             PET1       MODEL: time step-loop ending,   current time:    0  1  1  0  1 30   0
20231113 021921.776 INFO             PET1       <<<MODEL: leaving Run (phase=RunPhase1) with current time:    0  1  1  0  1 30   0
20231113 021921.776 INFO             PET1     MODEL: Run extro.
20231113 021921.776 INFO             PET1     driver: RunSequence event loopLevel=   1  levelMember=   1  loopIteration=   4, current time:    0  1  1  0  1 30   0
20231113 021921.776 INFO             PET1     MODEL: Run intro.
20231113 021921.776 INFO             PET1       >>>MODEL: entered Run (phase=RunPhase1) with current time:    0  1  1  0  1 30   0
20231113 021921.776 INFO             PET1       MODEL: time step-loop starting, current time:    0  1  1  0  1 30   0
20231113 021921.778 INFO             PET1       thread_num=   2   currentSsiPe=   1   num_threads=   3   max_threads=   3   num_procs=   1
20231113 021921.780 INFO             PET1       thread_num=   0   currentSsiPe=   1   num_threads=   3   max_threads=   3   num_procs=   1
20231113 021921.781 INFO             PET1       thread_num=   1   currentSsiPe=   1   num_threads=   3   max_threads=   3   num_procs=   1
20231113 021921.783 INFO             PET1       ---->Advancing Model from:    0  1  1  0  1 30   0
20231113 021921.783 INFO             PET1       ---------------------> to:    0  1  1  0  2  0   0
20231113 021921.783 INFO             PET1       MODEL: time step-loop ending,   current time:    0  1  1  0  2  0   0
20231113 021921.783 INFO             PET1       <<<MODEL: leaving Run (phase=RunPhase1) with current time:    0  1  1  0  2  0   0
20231113 021921.783 INFO             PET1     MODEL: Run extro.
20231113 021921.783 INFO             PET1     driver: RunSequence event loopLevel=   1  levelMember=   1  loopIteration=   5, current time:    0  1  1  0  2  0   0
20231113 021921.783 INFO             PET1     MODEL: Run intro.
20231113 021921.783 INFO             PET1       >>>MODEL: entered Run (phase=RunPhase1) with current time:    0  1  1  0  2  0   0
20231113 021921.783 INFO             PET1       MODEL: time step-loop starting, current time:    0  1  1  0  2  0   0
20231113 021921.785 INFO             PET1       thread_num=   2   currentSsiPe=   1   num_threads=   3   max_threads=   3   num_procs=   1
20231113 021921.786 INFO             PET1       thread_num=   0   currentSsiPe=   1   num_threads=   3   max_threads=   3   num_procs=   1
20231113 021921.788 INFO             PET1       thread_num=   1   currentSsiPe=   1   num_threads=   3   max_threads=   3   num_procs=   1
20231113 021921.790 INFO             PET1       ---->Advancing Model from:    0  1  1  0  2  0   0
20231113 021921.790 INFO             PET1       ---------------------> to:    0  1  1  0  2 30   0
20231113 021921.790 INFO             PET1       MODEL: time step-loop ending,   current time:    0  1  1  0  2 30   0
20231113 021921.790 INFO             PET1       <<<MODEL: leaving Run (phase=RunPhase1) with current time:    0  1  1  0  2 30   0
20231113 021921.790 INFO             PET1     MODEL: Run extro.
20231113 021921.790 INFO             PET1   driver: end <--------- RunSequence
20231113 021921.790 INFO             PET1   <<<driver - leaving Run with current time:    0  1  1  0  2 30   0
20231113 021921.790 INFO             PET1 driver: Run extro.
20231113 021921.790 INFO             PET1 driver: Finalize intro.
20231113 021921.790 INFO             PET1   Calling Finalize phase 1 for modelComp: MODEL
20231113 021921.790 INFO             PET1   MODEL: Finalize intro.
20231113 021921.790 INFO             PET1     >>>MODEL: entered Finalize (phase=FinalizePhase1) with current time:    0  1  1  0  2 30   0
20231113 021921.790 INFO             PET1     <<<MODEL: leaving Finalize (phase=FinalizePhase1) with current time:    0  1  1  0  2 30   0
20231113 021921.790 INFO             PET1   MODEL: Finalize extro.
20231113 021921.790 INFO             PET1   Delete modelComp: MODEL
20231113 021921.791 INFO             PET1   Delete Import-/Export State for modelComp: MODEL
20231113 021921.793 INFO             PET1 driver: Finalize extro.
20231113 021921.793 INFO             PET1 mainApp FINISHED
20231113 021921.793 INFO             PET1  Finalizing ESMF
20231113 021921.741 INFO             PET2 !!!!!!!!!!!!!!!!!!!!!!!!!!!!!!!!!!!!!!!!!!!!!!!!!!!!!!
20231113 021921.741 INFO             PET2 !!! THE ESMF_LOG IS SET TO OUTPUT ALL LOG MESSAGES !!!
20231113 021921.741 INFO             PET2 !!!     THIS MAY CAUSE SLOWDOWN IN PERFORMANCE     !!!
20231113 021921.741 INFO             PET2 !!! FOR PRODUCTION RUNS, USE:                      !!!
20231113 021921.741 INFO             PET2 !!!                   ESMF_LOGKIND_Multi_On_Error  !!!
20231113 021921.741 INFO             PET2 !!!!!!!!!!!!!!!!!!!!!!!!!!!!!!!!!!!!!!!!!!!!!!!!!!!!!!
20231113 021921.741 INFO             PET2 Running with ESMF Version   : v8.6.0
20231113 021921.741 INFO             PET2 ESMF library build date/time: "Nov 13 2023" "01:42:52"
20231113 021921.741 INFO             PET2 ESMF library build location : /glade/scratch/theurich/ESMF-Nightly-Testing/gfortran_9.1.0_mpt_O_v8.6.0/esmf
20231113 021921.741 INFO             PET2 ESMF_COMM                   : mpt
20231113 021921.741 INFO             PET2 ESMF_MOAB                   : enabled
20231113 021921.741 INFO             PET2 ESMF_LAPACK                 : enabled
20231113 021921.741 INFO             PET2 ESMF_NETCDF                 : enabled
20231113 021921.741 INFO             PET2 ESMF_PNETCDF                : disabled
20231113 021921.741 INFO             PET2 ESMF_PIO                    : enabled
20231113 021921.741 INFO             PET2 ESMF_YAMLCPP                : enabled
20231113 021921.741 INFO             PET2 mainApp STARTING
20231113 021921.743 INFO             PET2 driver: InitializeGeneric intro.
20231113 021921.743 INFO             PET2   driver: InitializeP0 intro.
20231113 021921.743 INFO             PET2   driver: InitializeP0 extro.
20231113 021921.744 INFO             PET2   driver: InitializeIPDv02p1 intro.
20231113 021921.744 INFO             PET2     >>>driver: entered Initialize (phase=<none>) without valid internal Clock.
20231113 021921.744 INFO             PET2     driver - Creating model component MODEL without petList.
20231113 021921.745 INFO             PET2      GridCompIsPetLocal:  T
20231113 021921.745 INFO             PET2      VmIsCreated:  T
20231113 021921.745 INFO             PET2      valid MPI_COMM with size=           4
20231113 021921.745 INFO             PET2     driver - Creating state: modelComp 1 Import State
20231113 021921.745 INFO             PET2     driver - Creating state: modelComp 1 Export State
20231113 021921.745 INFO             PET2     MODEL: InitializeP0 intro.
20231113 021921.745 INFO             PET2       >>>MODEL: entered Initialize (phase=<none>) without valid internal Clock.
20231113 021921.746 INFO             PET2       <<<MODEL: leaving Initialize (phase=<none>) without valid internal Clock.
20231113 021921.746 INFO             PET2     MODEL: InitializeP0 extro.
20231113 021921.746 INFO             PET2     driver: IInitAdvertise intro.
20231113 021921.746 INFO             PET2     driver: IInitAdvertise extro.
20231113 021921.746 INFO             PET2     MODEL: InitializeIPDvXp01 intro.
20231113 021921.746 INFO             PET2       >>>MODEL: entered Initialize (phase=IPDvXp01) without valid internal Clock.
20231113 021921.747 INFO             PET2       <<<MODEL: leaving Initialize (phase=IPDvXp01) without valid internal Clock.
20231113 021921.747 INFO             PET2     MODEL: InitializeIPDvXp01 extro.
20231113 021921.748 INFO             PET2     driver: IInitAdvertiseFinish intro.
20231113 021921.748 INFO             PET2     driver: IInitAdvertiseFinish extro.
20231113 021921.748 INFO             PET2     driver: IInitModifyCplLists intro.
20231113 021921.748 INFO             PET2     driver: IInitModifyCplLists extro.
20231113 021921.748 INFO             PET2     <<<driver: leaving Initialize (phase=<none>) with current time:    0  1  1  0  0  0   0
20231113 021921.748 INFO             PET2   driver: InitializeIPDv02p1 extro.
20231113 021921.748 INFO             PET2   driver: InitializeIPDv02p3 intro.
20231113 021921.748 INFO             PET2     >>>driver: entered Initialize (phase=<none>) with current time:    0  1  1  0  0  0   0
20231113 021921.750 INFO             PET2     driver: IInitCheck intro.
20231113 021921.750 INFO             PET2     driver: IInitCheck extro.
20231113 021921.750 INFO             PET2     MODEL: InitializeIPDvXp04 intro.
20231113 021921.750 INFO             PET2       >>>MODEL: entered Initialize (phase=IPDvXp04) without valid internal Clock.
20231113 021921.751 INFO             PET2       After Realize: - MemInfo: [/proc/meminfo - SSI]	MemTotal:       65507008 kB
20231113 021921.751 INFO             PET2       After Realize: - MemInfo: [/proc/meminfo - SSI]	MemFree:        49359800 kB
20231113 021921.751 INFO             PET2       After Realize: - MemInfo: [/proc/meminfo - SSI]	MemAvailable:   49139952 kB
20231113 021921.751 INFO             PET2       After Realize: - MemInfo: [/proc/meminfo - SSI]	Committed_AS:   13953964 kB
20231113 021921.752 INFO             PET2       After Realize: - MemInfo: [/proc/meminfo - SSI]	CommittedPercent: 21.3015 %
20231113 021921.752 INFO             PET2       After Realize: - MemInfo: [/proc/self/status]	VmPeak:	65893316 kB
20231113 021921.752 INFO             PET2       After Realize: - MemInfo: [/proc/self/status]	VmSize:	65893316 kB
20231113 021921.752 INFO             PET2       After Realize: - MemInfo: [/proc/self/status]	VmLck:	       0 kB
20231113 021921.752 INFO             PET2       After Realize: - MemInfo: [/proc/self/status]	VmPin:	       0 kB
20231113 021921.752 INFO             PET2       After Realize: - MemInfo: [/proc/self/status]	VmHWM:	   13296 kB
20231113 021921.752 INFO             PET2       After Realize: - MemInfo: [/proc/self/status]	VmRSS:	   13296 kB
20231113 021921.752 INFO             PET2       After Realize: - MemInfo: [/proc/self/status]	VmData:	   22672 kB
20231113 021921.752 INFO             PET2       After Realize: - MemInfo: [/proc/self/status]	VmStk:	     144 kB
20231113 021921.752 INFO             PET2       After Realize: - MemInfo: [/proc/self/status]	VmExe:	     168 kB
20231113 021921.752 INFO             PET2       After Realize: - MemInfo: [/proc/self/status]	VmLib:	   40936 kB
20231113 021921.752 INFO             PET2       After Realize: - MemInfo: [/proc/self/status]	VmPTE:	     228 kB
20231113 021921.752 INFO             PET2       After Realize: - MemInfo: [/proc/self/status]	VmPMD:	      20 kB
20231113 021921.752 INFO             PET2       After Realize: - MemInfo: [/proc/self/status]	VmSwap:	       0 kB
20231113 021921.752 INFO             PET2       After Realize: - MemInfo: [/proc/self/status]	VmRSSPercent: 0.0202971 %
20231113 021921.752 INFO             PET2       After Realize: - MemInfo: [malloc] Non-mmapped space allocated:                19820544 Byte
20231113 021921.752 INFO             PET2       After Realize: - MemInfo: [malloc] Space allocated in mmapped regions:                0 Byte
20231113 021921.752 INFO             PET2       After Realize: - MemInfo: [malloc] Maximum total allocated space:                     0 Byte
20231113 021921.752 INFO             PET2       After Realize: - MemInfo: [malloc] Space in freed fastbin blocks:                  2240 Byte
20231113 021921.752 INFO             PET2       After Realize: - MemInfo: [malloc] Total allocated space:                      19697376 Byte
20231113 021921.752 INFO             PET2       After Realize: - MemInfo: [malloc] Total free space:                             123168 Byte
20231113 021921.752 INFO             PET2       After Realize: - MemInfo: [malloc] Top-most, releasable space:                   120256 Byte
20231113 021921.752 INFO             PET2       After Realize: - MemInfo: [malloc] Total space in use, mmap + non-mmap:        19697376 Byte
20231113 021921.752 INFO             PET2       After Realize: - MemInfo: [malloc] Total space held (mmap + non-mmap):         19820544 Byte
20231113 021921.752 INFO             PET2       After Realize: - MemInfo: [malloc] Total space used (mmap + non-mmap):         19706560 Byte
20231113 021921.752 INFO             PET2       After Realize: - MemInfo: Wall-clock time since execution start:              0.0118001 seconds
20231113 021921.752 INFO             PET2       <<<MODEL: leaving Initialize (phase=IPDvXp04) without valid internal Clock.
20231113 021921.752 INFO             PET2     MODEL: InitializeIPDvXp04 extro.
20231113 021921.752 INFO             PET2     driver: IInitRealize intro.
20231113 021921.752 INFO             PET2     driver: IInitRealize extro.
20231113 021921.752 INFO             PET2     MODEL: InitializeIPDvXp07 intro.
20231113 021921.752 INFO             PET2       >>>MODEL: entered Initialize (phase=IPDvXp07) without valid internal Clock.
20231113 021921.752 INFO             PET2       <<<MODEL: leaving Initialize (phase=IPDvXp07) with current time:    0  1  1  0  0  0   0
20231113 021921.752 INFO             PET2     MODEL: InitializeIPDvXp07 extro.
20231113 021921.752 INFO             PET2     <<<driver: leaving Initialize (phase=<none>) with current time:    0  1  1  0  0  0   0
20231113 021921.752 INFO             PET2   driver: InitializeIPDv02p3 extro.
20231113 021921.752 INFO             PET2   driver: InitializeIPDv02p5 intro.
20231113 021921.753 INFO             PET2     >>>driver: entered Initialize (phase=<none>) with current time:    0  1  1  0  0  0   0
20231113 021921.753 INFO             PET2     driver: this is a top level driver, no 'Updated' and 'InitializeDataComplete' info on this level.
20231113 021921.753 INFO             PET2     driver: InitializeIPDv02p5Data intro.
20231113 021921.753 INFO             PET2       driver: InternalInitializeComplete intro.
20231113 021921.753 INFO             PET2         driver: InitializeDataComplete='true'
20231113 021921.753 INFO             PET2       driver: InternalInitializeComplete extro.
20231113 021921.753 INFO             PET2       MODEL: InitializeIPDvXp08 intro.
20231113 021921.753 INFO             PET2         >>>MODEL: entered Initialize (phase=IPDv05p8) with current time:    0  1  1  0  0  0   0
20231113 021921.753 INFO             PET2         MODEL: InitializeDataProgress='false', InitializeDataComplete='false'
20231113 021921.753 INFO             PET2         <<<MODEL: leaving Initialize (phase=IPDv05p8) with current time:    0  1  1  0  0  0   0
20231113 021921.753 INFO             PET2       MODEL: InitializeIPDvXp08 extro.
20231113 021921.754 INFO             PET2       driver: components present that trigger loopDataDependentInitialize().
20231113 021921.754 INFO             PET2       driver: loopDataDependentInitialize intro.
20231113 021921.754 INFO             PET2         driver: component    0=driver, dataComplete (local): true
20231113 021921.754 INFO             PET2         driver: component    0=driver, dataComplete (global): T
20231113 021921.754 INFO             PET2         driver: component    1=MODEL, dataComplete (local): false
20231113 021921.754 INFO             PET2         driver: component    1=MODEL, dataComplete (global): F
20231113 021921.754 INFO             PET2         MODEL: InitializeIPDvXp08 intro.
20231113 021921.754 INFO             PET2           >>>MODEL: entered Initialize (phase=IPDv05p8) with current time:    0  1  1  0  0  0   0
20231113 021921.754 INFO             PET2           MODEL: InitializeDataProgress='true', InitializeDataComplete='true'
20231113 021921.754 INFO             PET2           <<<MODEL: leaving Initialize (phase=IPDv05p8) with current time:    0  1  1  0  0  0   0
20231113 021921.754 INFO             PET2         MODEL: InitializeIPDvXp08 extro.
20231113 021921.754 INFO             PET2         driver: component    1=MODEL, someProgress (local): true
20231113 021921.754 INFO             PET2         driver: component    1=MODEL, someProgress (global): T
20231113 021921.754 INFO             PET2         driver: someProgress=T, allComplete=F, present(dataDepAllComplete)=T
20231113 021921.754 INFO             PET2         driver: component    0=driver, dataComplete (local): true
20231113 021921.754 INFO             PET2         driver: component    0=driver, dataComplete (global): T
20231113 021921.754 INFO             PET2         driver: component    1=MODEL, dataComplete (local): true
20231113 021921.754 INFO             PET2         driver: component    1=MODEL, dataComplete (global): T
20231113 021921.754 INFO             PET2         driver: someProgress=F, allComplete=T, present(dataDepAllComplete)=T
20231113 021921.754 INFO             PET2         driver: finished resolving initialize data dependencies on this level.
20231113 021921.754 INFO             PET2       driver: loopDataDependentInitialize extro.
20231113 021921.754 INFO             PET2       driver: loopDataDependentInitialize() returned with dataDepAllComplete: T
20231113 021921.754 INFO             PET2     driver: InitializeIPDv02p5Data extro.
20231113 021921.754 INFO             PET2     <<<driver: leaving Initialize (phase=<none>) with current time:    0  1  1  0  0  0   0
20231113 021921.755 INFO             PET2   driver: InitializeIPDv02p5 extro.
20231113 021921.755 INFO             PET2 driver: InitializeGeneric extro.
20231113 021921.755 INFO             PET2 driver: Run intro.
20231113 021921.755 INFO             PET2   >>>driver entered Run (phase=RunPhase1) with current time:    0  1  1  0  0  0   0
20231113 021921.755 INFO             PET2   driver: after lable_SetRunClock, current time:    0  1  1  0  0  0   0
20231113 021921.755 INFO             PET2   driver: begin -------> RunSequence.
20231113 021921.755 INFO             PET2     driver: RunSequence event loopLevel=   1  levelMember=   1  loopIteration=   1, current time:    0  1  1  0  0  0   0
20231113 021921.755 INFO             PET2     MODEL: Run intro.
20231113 021921.755 INFO             PET2       >>>MODEL: entered Run (phase=RunPhase1) with current time:    0  1  1  0  0  0   0
20231113 021921.755 INFO             PET2       MODEL: time step-loop starting, current time:    0  1  1  0  0  0   0
20231113 021921.760 INFO             PET2       thread_num=   0   currentSsiPe=   2   num_threads=   3   max_threads=   3   num_procs=   1
20231113 021921.761 INFO             PET2       thread_num=   2   currentSsiPe=   2   num_threads=   3   max_threads=   3   num_procs=   1
20231113 021921.763 INFO             PET2       thread_num=   1   currentSsiPe=   2   num_threads=   3   max_threads=   3   num_procs=   1
20231113 021921.765 INFO             PET2       ---->Advancing Model from:    0  1  1  0  0  0   0
20231113 021921.765 INFO             PET2       ---------------------> to:    0  1  1  0  0 30   0
20231113 021921.765 INFO             PET2       MODEL: time step-loop ending,   current time:    0  1  1  0  0 30   0
20231113 021921.765 INFO             PET2       <<<MODEL: leaving Run (phase=RunPhase1) with current time:    0  1  1  0  0 30   0
20231113 021921.765 INFO             PET2     MODEL: Run extro.
20231113 021921.765 INFO             PET2     driver: RunSequence event loopLevel=   1  levelMember=   1  loopIteration=   2, current time:    0  1  1  0  0 30   0
20231113 021921.765 INFO             PET2     MODEL: Run intro.
20231113 021921.765 INFO             PET2       >>>MODEL: entered Run (phase=RunPhase1) with current time:    0  1  1  0  0 30   0
20231113 021921.765 INFO             PET2       MODEL: time step-loop starting, current time:    0  1  1  0  0 30   0
20231113 021921.766 INFO             PET2       thread_num=   2   currentSsiPe=   2   num_threads=   3   max_threads=   3   num_procs=   1
20231113 021921.768 INFO             PET2       thread_num=   0   currentSsiPe=   2   num_threads=   3   max_threads=   3   num_procs=   1
20231113 021921.770 INFO             PET2       thread_num=   1   currentSsiPe=   2   num_threads=   3   max_threads=   3   num_procs=   1
20231113 021921.771 INFO             PET2       ---->Advancing Model from:    0  1  1  0  0 30   0
20231113 021921.771 INFO             PET2       ---------------------> to:    0  1  1  0  1  0   0
20231113 021921.771 INFO             PET2       MODEL: time step-loop ending,   current time:    0  1  1  0  1  0   0
20231113 021921.771 INFO             PET2       <<<MODEL: leaving Run (phase=RunPhase1) with current time:    0  1  1  0  1  0   0
20231113 021921.771 INFO             PET2     MODEL: Run extro.
20231113 021921.771 INFO             PET2     driver: RunSequence event loopLevel=   1  levelMember=   1  loopIteration=   3, current time:    0  1  1  0  1  0   0
20231113 021921.771 INFO             PET2     MODEL: Run intro.
20231113 021921.771 INFO             PET2       >>>MODEL: entered Run (phase=RunPhase1) with current time:    0  1  1  0  1  0   0
20231113 021921.771 INFO             PET2       MODEL: time step-loop starting, current time:    0  1  1  0  1  0   0
20231113 021921.773 INFO             PET2       thread_num=   2   currentSsiPe=   2   num_threads=   3   max_threads=   3   num_procs=   1
20231113 021921.775 INFO             PET2       thread_num=   0   currentSsiPe=   2   num_threads=   3   max_threads=   3   num_procs=   1
20231113 021921.776 INFO             PET2       thread_num=   1   currentSsiPe=   2   num_threads=   3   max_threads=   3   num_procs=   1
20231113 021921.778 INFO             PET2       ---->Advancing Model from:    0  1  1  0  1  0   0
20231113 021921.778 INFO             PET2       ---------------------> to:    0  1  1  0  1 30   0
20231113 021921.778 INFO             PET2       MODEL: time step-loop ending,   current time:    0  1  1  0  1 30   0
20231113 021921.778 INFO             PET2       <<<MODEL: leaving Run (phase=RunPhase1) with current time:    0  1  1  0  1 30   0
20231113 021921.778 INFO             PET2     MODEL: Run extro.
20231113 021921.778 INFO             PET2     driver: RunSequence event loopLevel=   1  levelMember=   1  loopIteration=   4, current time:    0  1  1  0  1 30   0
20231113 021921.778 INFO             PET2     MODEL: Run intro.
20231113 021921.778 INFO             PET2       >>>MODEL: entered Run (phase=RunPhase1) with current time:    0  1  1  0  1 30   0
20231113 021921.778 INFO             PET2       MODEL: time step-loop starting, current time:    0  1  1  0  1 30   0
20231113 021921.780 INFO             PET2       thread_num=   2   currentSsiPe=   2   num_threads=   3   max_threads=   3   num_procs=   1
20231113 021921.781 INFO             PET2       thread_num=   0   currentSsiPe=   2   num_threads=   3   max_threads=   3   num_procs=   1
20231113 021921.783 INFO             PET2       thread_num=   1   currentSsiPe=   2   num_threads=   3   max_threads=   3   num_procs=   1
20231113 021921.784 INFO             PET2       ---->Advancing Model from:    0  1  1  0  1 30   0
20231113 021921.784 INFO             PET2       ---------------------> to:    0  1  1  0  2  0   0
20231113 021921.784 INFO             PET2       MODEL: time step-loop ending,   current time:    0  1  1  0  2  0   0
20231113 021921.784 INFO             PET2       <<<MODEL: leaving Run (phase=RunPhase1) with current time:    0  1  1  0  2  0   0
20231113 021921.785 INFO             PET2     MODEL: Run extro.
20231113 021921.785 INFO             PET2     driver: RunSequence event loopLevel=   1  levelMember=   1  loopIteration=   5, current time:    0  1  1  0  2  0   0
20231113 021921.785 INFO             PET2     MODEL: Run intro.
20231113 021921.785 INFO             PET2       >>>MODEL: entered Run (phase=RunPhase1) with current time:    0  1  1  0  2  0   0
20231113 021921.785 INFO             PET2       MODEL: time step-loop starting, current time:    0  1  1  0  2  0   0
20231113 021921.786 INFO             PET2       thread_num=   2   currentSsiPe=   2   num_threads=   3   max_threads=   3   num_procs=   1
20231113 021921.788 INFO             PET2       thread_num=   0   currentSsiPe=   2   num_threads=   3   max_threads=   3   num_procs=   1
20231113 021921.789 INFO             PET2       thread_num=   1   currentSsiPe=   2   num_threads=   3   max_threads=   3   num_procs=   1
20231113 021921.791 INFO             PET2       ---->Advancing Model from:    0  1  1  0  2  0   0
20231113 021921.791 INFO             PET2       ---------------------> to:    0  1  1  0  2 30   0
20231113 021921.791 INFO             PET2       MODEL: time step-loop ending,   current time:    0  1  1  0  2 30   0
20231113 021921.791 INFO             PET2       <<<MODEL: leaving Run (phase=RunPhase1) with current time:    0  1  1  0  2 30   0
20231113 021921.791 INFO             PET2     MODEL: Run extro.
20231113 021921.791 INFO             PET2   driver: end <--------- RunSequence
20231113 021921.791 INFO             PET2   <<<driver - leaving Run with current time:    0  1  1  0  2 30   0
20231113 021921.791 INFO             PET2 driver: Run extro.
20231113 021921.791 INFO             PET2 driver: Finalize intro.
20231113 021921.791 INFO             PET2   Calling Finalize phase 1 for modelComp: MODEL
20231113 021921.791 INFO             PET2   MODEL: Finalize intro.
20231113 021921.791 INFO             PET2     >>>MODEL: entered Finalize (phase=FinalizePhase1) with current time:    0  1  1  0  2 30   0
20231113 021921.791 INFO             PET2     <<<MODEL: leaving Finalize (phase=FinalizePhase1) with current time:    0  1  1  0  2 30   0
20231113 021921.791 INFO             PET2   MODEL: Finalize extro.
20231113 021921.791 INFO             PET2   Delete modelComp: MODEL
20231113 021921.791 INFO             PET2   Delete Import-/Export State for modelComp: MODEL
20231113 021921.791 INFO             PET2 driver: Finalize extro.
20231113 021921.791 INFO             PET2 mainApp FINISHED
20231113 021921.791 INFO             PET2  Finalizing ESMF
20231113 021921.741 INFO             PET3 !!!!!!!!!!!!!!!!!!!!!!!!!!!!!!!!!!!!!!!!!!!!!!!!!!!!!!
20231113 021921.741 INFO             PET3 !!! THE ESMF_LOG IS SET TO OUTPUT ALL LOG MESSAGES !!!
20231113 021921.741 INFO             PET3 !!!     THIS MAY CAUSE SLOWDOWN IN PERFORMANCE     !!!
20231113 021921.741 INFO             PET3 !!! FOR PRODUCTION RUNS, USE:                      !!!
20231113 021921.741 INFO             PET3 !!!                   ESMF_LOGKIND_Multi_On_Error  !!!
20231113 021921.741 INFO             PET3 !!!!!!!!!!!!!!!!!!!!!!!!!!!!!!!!!!!!!!!!!!!!!!!!!!!!!!
20231113 021921.741 INFO             PET3 Running with ESMF Version   : v8.6.0
20231113 021921.741 INFO             PET3 ESMF library build date/time: "Nov 13 2023" "01:42:52"
20231113 021921.741 INFO             PET3 ESMF library build location : /glade/scratch/theurich/ESMF-Nightly-Testing/gfortran_9.1.0_mpt_O_v8.6.0/esmf
20231113 021921.741 INFO             PET3 ESMF_COMM                   : mpt
20231113 021921.741 INFO             PET3 ESMF_MOAB                   : enabled
20231113 021921.741 INFO             PET3 ESMF_LAPACK                 : enabled
20231113 021921.741 INFO             PET3 ESMF_NETCDF                 : enabled
20231113 021921.741 INFO             PET3 ESMF_PNETCDF                : disabled
20231113 021921.741 INFO             PET3 ESMF_PIO                    : enabled
20231113 021921.741 INFO             PET3 ESMF_YAMLCPP                : enabled
20231113 021921.741 INFO             PET3 mainApp STARTING
20231113 021921.743 INFO             PET3 driver: InitializeGeneric intro.
20231113 021921.743 INFO             PET3   driver: InitializeP0 intro.
20231113 021921.743 INFO             PET3   driver: InitializeP0 extro.
20231113 021921.744 INFO             PET3   driver: InitializeIPDv02p1 intro.
20231113 021921.744 INFO             PET3     >>>driver: entered Initialize (phase=<none>) without valid internal Clock.
20231113 021921.744 INFO             PET3     driver - Creating model component MODEL without petList.
20231113 021921.745 INFO             PET3      GridCompIsPetLocal:  T
20231113 021921.745 INFO             PET3      VmIsCreated:  T
20231113 021921.745 INFO             PET3      valid MPI_COMM with size=           4
20231113 021921.745 INFO             PET3     driver - Creating state: modelComp 1 Import State
20231113 021921.745 INFO             PET3     driver - Creating state: modelComp 1 Export State
20231113 021921.745 INFO             PET3     MODEL: InitializeP0 intro.
20231113 021921.745 INFO             PET3       >>>MODEL: entered Initialize (phase=<none>) without valid internal Clock.
20231113 021921.746 INFO             PET3       <<<MODEL: leaving Initialize (phase=<none>) without valid internal Clock.
20231113 021921.746 INFO             PET3     MODEL: InitializeP0 extro.
20231113 021921.746 INFO             PET3     driver: IInitAdvertise intro.
20231113 021921.746 INFO             PET3     driver: IInitAdvertise extro.
20231113 021921.746 INFO             PET3     MODEL: InitializeIPDvXp01 intro.
20231113 021921.746 INFO             PET3       >>>MODEL: entered Initialize (phase=IPDvXp01) without valid internal Clock.
20231113 021921.747 INFO             PET3       <<<MODEL: leaving Initialize (phase=IPDvXp01) without valid internal Clock.
20231113 021921.747 INFO             PET3     MODEL: InitializeIPDvXp01 extro.
20231113 021921.748 INFO             PET3     driver: IInitAdvertiseFinish intro.
20231113 021921.748 INFO             PET3     driver: IInitAdvertiseFinish extro.
20231113 021921.748 INFO             PET3     driver: IInitModifyCplLists intro.
20231113 021921.748 INFO             PET3     driver: IInitModifyCplLists extro.
20231113 021921.748 INFO             PET3     <<<driver: leaving Initialize (phase=<none>) with current time:    0  1  1  0  0  0   0
20231113 021921.748 INFO             PET3   driver: InitializeIPDv02p1 extro.
20231113 021921.748 INFO             PET3   driver: InitializeIPDv02p3 intro.
20231113 021921.748 INFO             PET3     >>>driver: entered Initialize (phase=<none>) with current time:    0  1  1  0  0  0   0
20231113 021921.750 INFO             PET3     driver: IInitCheck intro.
20231113 021921.750 INFO             PET3     driver: IInitCheck extro.
20231113 021921.750 INFO             PET3     MODEL: InitializeIPDvXp04 intro.
20231113 021921.750 INFO             PET3       >>>MODEL: entered Initialize (phase=IPDvXp04) without valid internal Clock.
20231113 021921.751 INFO             PET3       After Realize: - MemInfo: [/proc/meminfo - SSI]	MemTotal:       65507008 kB
20231113 021921.751 INFO             PET3       After Realize: - MemInfo: [/proc/meminfo - SSI]	MemFree:        49359800 kB
20231113 021921.751 INFO             PET3       After Realize: - MemInfo: [/proc/meminfo - SSI]	MemAvailable:   49139952 kB
20231113 021921.751 INFO             PET3       After Realize: - MemInfo: [/proc/meminfo - SSI]	Committed_AS:   13953964 kB
20231113 021921.752 INFO             PET3       After Realize: - MemInfo: [/proc/meminfo - SSI]	CommittedPercent: 21.3015 %
20231113 021921.752 INFO             PET3       After Realize: - MemInfo: [/proc/self/status]	VmPeak:	65893308 kB
20231113 021921.752 INFO             PET3       After Realize: - MemInfo: [/proc/self/status]	VmSize:	65893308 kB
20231113 021921.752 INFO             PET3       After Realize: - MemInfo: [/proc/self/status]	VmLck:	       0 kB
20231113 021921.752 INFO             PET3       After Realize: - MemInfo: [/proc/self/status]	VmPin:	       0 kB
20231113 021921.752 INFO             PET3       After Realize: - MemInfo: [/proc/self/status]	VmHWM:	   13300 kB
20231113 021921.752 INFO             PET3       After Realize: - MemInfo: [/proc/self/status]	VmRSS:	   13300 kB
20231113 021921.752 INFO             PET3       After Realize: - MemInfo: [/proc/self/status]	VmData:	   22664 kB
20231113 021921.752 INFO             PET3       After Realize: - MemInfo: [/proc/self/status]	VmStk:	     144 kB
20231113 021921.752 INFO             PET3       After Realize: - MemInfo: [/proc/self/status]	VmExe:	     168 kB
20231113 021921.752 INFO             PET3       After Realize: - MemInfo: [/proc/self/status]	VmLib:	   40936 kB
20231113 021921.752 INFO             PET3       After Realize: - MemInfo: [/proc/self/status]	VmPTE:	     220 kB
20231113 021921.752 INFO             PET3       After Realize: - MemInfo: [/proc/self/status]	VmPMD:	      16 kB
20231113 021921.752 INFO             PET3       After Realize: - MemInfo: [/proc/self/status]	VmSwap:	       0 kB
20231113 021921.752 INFO             PET3       After Realize: - MemInfo: [/proc/self/status]	VmRSSPercent: 0.0203032 %
20231113 021921.752 INFO             PET3       After Realize: - MemInfo: [malloc] Non-mmapped space allocated:                19812352 Byte
20231113 021921.752 INFO             PET3       After Realize: - MemInfo: [malloc] Space allocated in mmapped regions:                0 Byte
20231113 021921.752 INFO             PET3       After Realize: - MemInfo: [malloc] Maximum total allocated space:                     0 Byte
20231113 021921.752 INFO             PET3       After Realize: - MemInfo: [malloc] Space in freed fastbin blocks:                  2240 Byte
20231113 021921.752 INFO             PET3       After Realize: - MemInfo: [malloc] Total allocated space:                      19697424 Byte
20231113 021921.752 INFO             PET3       After Realize: - MemInfo: [malloc] Total free space:                             114928 Byte
20231113 021921.752 INFO             PET3       After Realize: - MemInfo: [malloc] Top-most, releasable space:                   111984 Byte
20231113 021921.752 INFO             PET3       After Realize: - MemInfo: [malloc] Total space in use, mmap + non-mmap:        19697424 Byte
20231113 021921.752 INFO             PET3       After Realize: - MemInfo: [malloc] Total space held (mmap + non-mmap):         19812352 Byte
20231113 021921.752 INFO             PET3       After Realize: - MemInfo: [malloc] Total space used (mmap + non-mmap):         19706608 Byte
20231113 021921.752 INFO             PET3       After Realize: - MemInfo: Wall-clock time since execution start:              0.0118041 seconds
20231113 021921.752 INFO             PET3       <<<MODEL: leaving Initialize (phase=IPDvXp04) without valid internal Clock.
20231113 021921.752 INFO             PET3     MODEL: InitializeIPDvXp04 extro.
20231113 021921.752 INFO             PET3     driver: IInitRealize intro.
20231113 021921.752 INFO             PET3     driver: IInitRealize extro.
20231113 021921.752 INFO             PET3     MODEL: InitializeIPDvXp07 intro.
20231113 021921.752 INFO             PET3       >>>MODEL: entered Initialize (phase=IPDvXp07) without valid internal Clock.
20231113 021921.752 INFO             PET3       <<<MODEL: leaving Initialize (phase=IPDvXp07) with current time:    0  1  1  0  0  0   0
20231113 021921.752 INFO             PET3     MODEL: InitializeIPDvXp07 extro.
20231113 021921.752 INFO             PET3     <<<driver: leaving Initialize (phase=<none>) with current time:    0  1  1  0  0  0   0
20231113 021921.752 INFO             PET3   driver: InitializeIPDv02p3 extro.
20231113 021921.753 INFO             PET3   driver: InitializeIPDv02p5 intro.
20231113 021921.753 INFO             PET3     >>>driver: entered Initialize (phase=<none>) with current time:    0  1  1  0  0  0   0
20231113 021921.753 INFO             PET3     driver: this is a top level driver, no 'Updated' and 'InitializeDataComplete' info on this level.
20231113 021921.753 INFO             PET3     driver: InitializeIPDv02p5Data intro.
20231113 021921.753 INFO             PET3       driver: InternalInitializeComplete intro.
20231113 021921.753 INFO             PET3         driver: InitializeDataComplete='true'
20231113 021921.753 INFO             PET3       driver: InternalInitializeComplete extro.
20231113 021921.753 INFO             PET3       MODEL: InitializeIPDvXp08 intro.
20231113 021921.753 INFO             PET3         >>>MODEL: entered Initialize (phase=IPDv05p8) with current time:    0  1  1  0  0  0   0
20231113 021921.753 INFO             PET3         MODEL: InitializeDataProgress='false', InitializeDataComplete='false'
20231113 021921.753 INFO             PET3         <<<MODEL: leaving Initialize (phase=IPDv05p8) with current time:    0  1  1  0  0  0   0
20231113 021921.753 INFO             PET3       MODEL: InitializeIPDvXp08 extro.
20231113 021921.754 INFO             PET3       driver: components present that trigger loopDataDependentInitialize().
20231113 021921.754 INFO             PET3       driver: loopDataDependentInitialize intro.
20231113 021921.754 INFO             PET3         driver: component    0=driver, dataComplete (local): true
20231113 021921.754 INFO             PET3         driver: component    0=driver, dataComplete (global): T
20231113 021921.754 INFO             PET3         driver: component    1=MODEL, dataComplete (local): false
20231113 021921.754 INFO             PET3         driver: component    1=MODEL, dataComplete (global): F
20231113 021921.754 INFO             PET3         MODEL: InitializeIPDvXp08 intro.
20231113 021921.754 INFO             PET3           >>>MODEL: entered Initialize (phase=IPDv05p8) with current time:    0  1  1  0  0  0   0
20231113 021921.754 INFO             PET3           MODEL: InitializeDataProgress='true', InitializeDataComplete='true'
20231113 021921.754 INFO             PET3           <<<MODEL: leaving Initialize (phase=IPDv05p8) with current time:    0  1  1  0  0  0   0
20231113 021921.754 INFO             PET3         MODEL: InitializeIPDvXp08 extro.
20231113 021921.754 INFO             PET3         driver: component    1=MODEL, someProgress (local): true
20231113 021921.754 INFO             PET3         driver: component    1=MODEL, someProgress (global): T
20231113 021921.754 INFO             PET3         driver: someProgress=T, allComplete=F, present(dataDepAllComplete)=T
20231113 021921.754 INFO             PET3         driver: component    0=driver, dataComplete (local): true
20231113 021921.754 INFO             PET3         driver: component    0=driver, dataComplete (global): T
20231113 021921.754 INFO             PET3         driver: component    1=MODEL, dataComplete (local): true
20231113 021921.754 INFO             PET3         driver: component    1=MODEL, dataComplete (global): T
20231113 021921.754 INFO             PET3         driver: someProgress=F, allComplete=T, present(dataDepAllComplete)=T
20231113 021921.754 INFO             PET3         driver: finished resolving initialize data dependencies on this level.
20231113 021921.754 INFO             PET3       driver: loopDataDependentInitialize extro.
20231113 021921.754 INFO             PET3       driver: loopDataDependentInitialize() returned with dataDepAllComplete: T
20231113 021921.754 INFO             PET3     driver: InitializeIPDv02p5Data extro.
20231113 021921.754 INFO             PET3     <<<driver: leaving Initialize (phase=<none>) with current time:    0  1  1  0  0  0   0
20231113 021921.755 INFO             PET3   driver: InitializeIPDv02p5 extro.
20231113 021921.755 INFO             PET3 driver: InitializeGeneric extro.
20231113 021921.755 INFO             PET3 driver: Run intro.
20231113 021921.755 INFO             PET3   >>>driver entered Run (phase=RunPhase1) with current time:    0  1  1  0  0  0   0
20231113 021921.755 INFO             PET3   driver: after lable_SetRunClock, current time:    0  1  1  0  0  0   0
20231113 021921.755 INFO             PET3   driver: begin -------> RunSequence.
20231113 021921.755 INFO             PET3     driver: RunSequence event loopLevel=   1  levelMember=   1  loopIteration=   1, current time:    0  1  1  0  0  0   0
20231113 021921.755 INFO             PET3     MODEL: Run intro.
20231113 021921.755 INFO             PET3       >>>MODEL: entered Run (phase=RunPhase1) with current time:    0  1  1  0  0  0   0
20231113 021921.755 INFO             PET3       MODEL: time step-loop starting, current time:    0  1  1  0  0  0   0
20231113 021921.758 INFO             PET3       thread_num=   0   currentSsiPe=   3   num_threads=   3   max_threads=   3   num_procs=   1
20231113 021921.760 INFO             PET3       thread_num=   2   currentSsiPe=   3   num_threads=   3   max_threads=   3   num_procs=   1
20231113 021921.761 INFO             PET3       thread_num=   1   currentSsiPe=   3   num_threads=   3   max_threads=   3   num_procs=   1
20231113 021921.763 INFO             PET3       ---->Advancing Model from:    0  1  1  0  0  0   0
20231113 021921.763 INFO             PET3       ---------------------> to:    0  1  1  0  0 30   0
20231113 021921.763 INFO             PET3       MODEL: time step-loop ending,   current time:    0  1  1  0  0 30   0
20231113 021921.763 INFO             PET3       <<<MODEL: leaving Run (phase=RunPhase1) with current time:    0  1  1  0  0 30   0
20231113 021921.763 INFO             PET3     MODEL: Run extro.
20231113 021921.763 INFO             PET3     driver: RunSequence event loopLevel=   1  levelMember=   1  loopIteration=   2, current time:    0  1  1  0  0 30   0
20231113 021921.763 INFO             PET3     MODEL: Run intro.
20231113 021921.763 INFO             PET3       >>>MODEL: entered Run (phase=RunPhase1) with current time:    0  1  1  0  0 30   0
20231113 021921.763 INFO             PET3       MODEL: time step-loop starting, current time:    0  1  1  0  0 30   0
20231113 021921.765 INFO             PET3       thread_num=   2   currentSsiPe=   3   num_threads=   3   max_threads=   3   num_procs=   1
20231113 021921.766 INFO             PET3       thread_num=   0   currentSsiPe=   3   num_threads=   3   max_threads=   3   num_procs=   1
20231113 021921.768 INFO             PET3       thread_num=   1   currentSsiPe=   3   num_threads=   3   max_threads=   3   num_procs=   1
20231113 021921.770 INFO             PET3       ---->Advancing Model from:    0  1  1  0  0 30   0
20231113 021921.770 INFO             PET3       ---------------------> to:    0  1  1  0  1  0   0
20231113 021921.770 INFO             PET3       MODEL: time step-loop ending,   current time:    0  1  1  0  1  0   0
20231113 021921.770 INFO             PET3       <<<MODEL: leaving Run (phase=RunPhase1) with current time:    0  1  1  0  1  0   0
20231113 021921.770 INFO             PET3     MODEL: Run extro.
20231113 021921.770 INFO             PET3     driver: RunSequence event loopLevel=   1  levelMember=   1  loopIteration=   3, current time:    0  1  1  0  1  0   0
20231113 021921.770 INFO             PET3     MODEL: Run intro.
20231113 021921.770 INFO             PET3       >>>MODEL: entered Run (phase=RunPhase1) with current time:    0  1  1  0  1  0   0
20231113 021921.770 INFO             PET3       MODEL: time step-loop starting, current time:    0  1  1  0  1  0   0
20231113 021921.771 INFO             PET3       thread_num=   2   currentSsiPe=   3   num_threads=   3   max_threads=   3   num_procs=   1
20231113 021921.773 INFO             PET3       thread_num=   0   currentSsiPe=   3   num_threads=   3   max_threads=   3   num_procs=   1
20231113 021921.775 INFO             PET3       thread_num=   1   currentSsiPe=   3   num_threads=   3   max_threads=   3   num_procs=   1
20231113 021921.776 INFO             PET3       ---->Advancing Model from:    0  1  1  0  1  0   0
20231113 021921.776 INFO             PET3       ---------------------> to:    0  1  1  0  1 30   0
20231113 021921.776 INFO             PET3       MODEL: time step-loop ending,   current time:    0  1  1  0  1 30   0
20231113 021921.776 INFO             PET3       <<<MODEL: leaving Run (phase=RunPhase1) with current time:    0  1  1  0  1 30   0
20231113 021921.776 INFO             PET3     MODEL: Run extro.
20231113 021921.776 INFO             PET3     driver: RunSequence event loopLevel=   1  levelMember=   1  loopIteration=   4, current time:    0  1  1  0  1 30   0
20231113 021921.776 INFO             PET3     MODEL: Run intro.
20231113 021921.776 INFO             PET3       >>>MODEL: entered Run (phase=RunPhase1) with current time:    0  1  1  0  1 30   0
20231113 021921.776 INFO             PET3       MODEL: time step-loop starting, current time:    0  1  1  0  1 30   0
20231113 021921.778 INFO             PET3       thread_num=   2   currentSsiPe=   3   num_threads=   3   max_threads=   3   num_procs=   1
20231113 021921.780 INFO             PET3       thread_num=   0   currentSsiPe=   3   num_threads=   3   max_threads=   3   num_procs=   1
20231113 021921.781 INFO             PET3       thread_num=   1   currentSsiPe=   3   num_threads=   3   max_threads=   3   num_procs=   1
20231113 021921.783 INFO             PET3       ---->Advancing Model from:    0  1  1  0  1 30   0
20231113 021921.783 INFO             PET3       ---------------------> to:    0  1  1  0  2  0   0
20231113 021921.783 INFO             PET3       MODEL: time step-loop ending,   current time:    0  1  1  0  2  0   0
20231113 021921.783 INFO             PET3       <<<MODEL: leaving Run (phase=RunPhase1) with current time:    0  1  1  0  2  0   0
20231113 021921.783 INFO             PET3     MODEL: Run extro.
20231113 021921.783 INFO             PET3     driver: RunSequence event loopLevel=   1  levelMember=   1  loopIteration=   5, current time:    0  1  1  0  2  0   0
20231113 021921.783 INFO             PET3     MODEL: Run intro.
20231113 021921.783 INFO             PET3       >>>MODEL: entered Run (phase=RunPhase1) with current time:    0  1  1  0  2  0   0
20231113 021921.783 INFO             PET3       MODEL: time step-loop starting, current time:    0  1  1  0  2  0   0
20231113 021921.785 INFO             PET3       thread_num=   2   currentSsiPe=   3   num_threads=   3   max_threads=   3   num_procs=   1
20231113 021921.786 INFO             PET3       thread_num=   0   currentSsiPe=   3   num_threads=   3   max_threads=   3   num_procs=   1
20231113 021921.788 INFO             PET3       thread_num=   1   currentSsiPe=   3   num_threads=   3   max_threads=   3   num_procs=   1
20231113 021921.789 INFO             PET3       ---->Advancing Model from:    0  1  1  0  2  0   0
20231113 021921.789 INFO             PET3       ---------------------> to:    0  1  1  0  2 30   0
20231113 021921.789 INFO             PET3       MODEL: time step-loop ending,   current time:    0  1  1  0  2 30   0
20231113 021921.790 INFO             PET3       <<<MODEL: leaving Run (phase=RunPhase1) with current time:    0  1  1  0  2 30   0
20231113 021921.790 INFO             PET3     MODEL: Run extro.
20231113 021921.790 INFO             PET3   driver: end <--------- RunSequence
20231113 021921.790 INFO             PET3   <<<driver - leaving Run with current time:    0  1  1  0  2 30   0
20231113 021921.790 INFO             PET3 driver: Run extro.
20231113 021921.790 INFO             PET3 driver: Finalize intro.
20231113 021921.790 INFO             PET3   Calling Finalize phase 1 for modelComp: MODEL
20231113 021921.790 INFO             PET3   MODEL: Finalize intro.
20231113 021921.790 INFO             PET3     >>>MODEL: entered Finalize (phase=FinalizePhase1) with current time:    0  1  1  0  2 30   0
20231113 021921.790 INFO             PET3     <<<MODEL: leaving Finalize (phase=FinalizePhase1) with current time:    0  1  1  0  2 30   0
20231113 021921.790 INFO             PET3   MODEL: Finalize extro.
20231113 021921.790 INFO             PET3   Delete modelComp: MODEL
20231113 021921.791 INFO             PET3   Delete Import-/Export State for modelComp: MODEL
20231113 021921.791 INFO             PET3 driver: Finalize extro.
20231113 021921.791 INFO             PET3 mainApp FINISHED
20231113 021921.791 INFO             PET3  Finalizing ESMF
