2023-10-05 01:48:27
Operating system error: Cannot allocate memory
Memory allocation failed in xmallocarray

Error termination. Backtrace:
Operating system error: Cannot allocate memory
Memory allocation failed in xmallocarray

Error termination. Backtrace:
Operating system error: Cannot allocate memory
Memory allocation failed in xmallocarray

Error termination. Backtrace:
Operating system error: Cannot allocate memory
Memory allocation failed in xmallocarray

Error termination. Backtrace:
#0  0x2b438702d065 in __esmf_pointlistmod_MOD_esmf_pointlistadd
	at /glade/scratch/theurich/ESMF-Nightly-Testing/gfortran_10.1.0_openmpi_g_develop/esmf/src/Infrastructure/PointList/interface/ESMF_PointList.F90:1018
#1  0x2b438702feda in __esmf_pointlistmod_MOD_esmf_pointlistcreatefrmlocstream
	at /glade/scratch/theurich/ESMF-Nightly-Testing/gfortran_10.1.0_openmpi_g_develop/esmf/src/Infrastructure/PointList/interface/ESMF_PointList.F90:671
#0  0x2b8af9133065 in __esmf_pointlistmod_MOD_esmf_pointlistadd
	at /glade/scratch/theurich/ESMF-Nightly-Testing/gfortran_10.1.0_openmpi_g_develop/esmf/src/Infrastructure/PointList/interface/ESMF_PointList.F90:1018
#1  0x2b8af9135eda in __esmf_pointlistmod_MOD_esmf_pointlistcreatefrmlocstream
	at /glade/scratch/theurich/ESMF-Nightly-Testing/gfortran_10.1.0_openmpi_g_develop/esmf/src/Infrastructure/PointList/interface/ESMF_PointList.F90:671
#2  0x2b8af8beff85 in getpointlistonfieldloc
	at /glade/scratch/theurich/ESMF-Nightly-Testing/gfortran_10.1.0_openmpi_g_develop/esmf/src/Infrastructure/Field/src/ESMF_FieldRegrid.F90:1676
#3  0x2b8af8bf26b8 in __esmf_fieldregridmod_MOD_esmf_fieldregridstorenx
	at /glade/scratch/theurich/ESMF-Nightly-Testing/gfortran_10.1.0_openmpi_g_develop/esmf/src/Infrastructure/Field/src/ESMF_FieldRegrid.F90:1003
#2  0x2b4386ae9f85 in getpointlistonfieldloc
	at /glade/scratch/theurich/ESMF-Nightly-Testing/gfortran_10.1.0_openmpi_g_develop/esmf/src/Infrastructure/Field/src/ESMF_FieldRegrid.F90:1676
#3  0x2b4386aec6b8 in __esmf_fieldregridmod_MOD_esmf_fieldregridstorenx
	at /glade/scratch/theurich/ESMF-Nightly-Testing/gfortran_10.1.0_openmpi_g_develop/esmf/src/Infrastructure/Field/src/ESMF_FieldRegrid.F90:1003
#0  0x2b419ede3065 in __esmf_pointlistmod_MOD_esmf_pointlistadd
	at /glade/scratch/theurich/ESMF-Nightly-Testing/gfortran_10.1.0_openmpi_g_develop/esmf/src/Infrastructure/PointList/interface/ESMF_PointList.F90:1018
#1  0x2b419ede5eda in __esmf_pointlistmod_MOD_esmf_pointlistcreatefrmlocstream
	at /glade/scratch/theurich/ESMF-Nightly-Testing/gfortran_10.1.0_openmpi_g_develop/esmf/src/Infrastructure/PointList/interface/ESMF_PointList.F90:671
#0  0x2b33bae85065 in __esmf_pointlistmod_MOD_esmf_pointlistadd
	at /glade/scratch/theurich/ESMF-Nightly-Testing/gfortran_10.1.0_openmpi_g_develop/esmf/src/Infrastructure/PointList/interface/ESMF_PointList.F90:1018
#1  0x2b33bae87eda in __esmf_pointlistmod_MOD_esmf_pointlistcreatefrmlocstream
	at /glade/scratch/theurich/ESMF-Nightly-Testing/gfortran_10.1.0_openmpi_g_develop/esmf/src/Infrastructure/PointList/interface/ESMF_PointList.F90:671
#4  0x409bb1 in esmf_locstreamex
	at /glade/scratch/theurich/ESMF-Nightly-Testing/gfortran_10.1.0_openmpi_g_develop/esmf/src/Infrastructure/LocStream/examples/ESMF_LocStreamEx.F90:702
#5  0x40a652 in main
	at /glade/scratch/theurich/ESMF-Nightly-Testing/gfortran_10.1.0_openmpi_g_develop/esmf/src/Infrastructure/LocStream/examples/ESMF_LocStreamEx.F90:26
#4  0x409bb1 in esmf_locstreamex
	at /glade/scratch/theurich/ESMF-Nightly-Testing/gfortran_10.1.0_openmpi_g_develop/esmf/src/Infrastructure/LocStream/examples/ESMF_LocStreamEx.F90:702
#5  0x40a652 in main
	at /glade/scratch/theurich/ESMF-Nightly-Testing/gfortran_10.1.0_openmpi_g_develop/esmf/src/Infrastructure/LocStream/examples/ESMF_LocStreamEx.F90:26
#2  0x2b419e89ff85 in getpointlistonfieldloc
	at /glade/scratch/theurich/ESMF-Nightly-Testing/gfortran_10.1.0_openmpi_g_develop/esmf/src/Infrastructure/Field/src/ESMF_FieldRegrid.F90:1676
#2  0x2b33ba941f85 in getpointlistonfieldloc
	at /glade/scratch/theurich/ESMF-Nightly-Testing/gfortran_10.1.0_openmpi_g_develop/esmf/src/Infrastructure/Field/src/ESMF_FieldRegrid.F90:1676
#3  0x2b33ba9446b8 in __esmf_fieldregridmod_MOD_esmf_fieldregridstorenx
	at /glade/scratch/theurich/ESMF-Nightly-Testing/gfortran_10.1.0_openmpi_g_develop/esmf/src/Infrastructure/Field/src/ESMF_FieldRegrid.F90:1003
#3  0x2b419e8a26b8 in __esmf_fieldregridmod_MOD_esmf_fieldregridstorenx
	at /glade/scratch/theurich/ESMF-Nightly-Testing/gfortran_10.1.0_openmpi_g_develop/esmf/src/Infrastructure/Field/src/ESMF_FieldRegrid.F90:1003
#4  0x409bb1 in esmf_locstreamex
	at /glade/scratch/theurich/ESMF-Nightly-Testing/gfortran_10.1.0_openmpi_g_develop/esmf/src/Infrastructure/LocStream/examples/ESMF_LocStreamEx.F90:702
#5  0x40a652 in main
	at /glade/scratch/theurich/ESMF-Nightly-Testing/gfortran_10.1.0_openmpi_g_develop/esmf/src/Infrastructure/LocStream/examples/ESMF_LocStreamEx.F90:26
#4  0x409bb1 in esmf_locstreamex
	at /glade/scratch/theurich/ESMF-Nightly-Testing/gfortran_10.1.0_openmpi_g_develop/esmf/src/Infrastructure/LocStream/examples/ESMF_LocStreamEx.F90:702
#5  0x40a652 in main
	at /glade/scratch/theurich/ESMF-Nightly-Testing/gfortran_10.1.0_openmpi_g_develop/esmf/src/Infrastructure/LocStream/examples/ESMF_LocStreamEx.F90:26
--------------------------------------------------------------------------
Primary job  terminated normally, but 1 process returned
a non-zero exit code. Per user-direction, the job has been aborted.
--------------------------------------------------------------------------
--------------------------------------------------------------------------
mpirun detected that one or more processes exited with non-zero status, thus causing
the job to be terminated. The first process to do so was:

  Process name: [[21822,1],0]
  Exit code:    1
--------------------------------------------------------------------------
