2023-10-29 03:56:26
20231029 041939.262 INFO             PET0 !!!!!!!!!!!!!!!!!!!!!!!!!!!!!!!!!!!!!!!!!!!!!!!!!!!!!!
20231029 041939.262 INFO             PET0 !!! THE ESMF_LOG IS SET TO OUTPUT ALL LOG MESSAGES !!!
20231029 041939.262 INFO             PET0 !!!     THIS MAY CAUSE SLOWDOWN IN PERFORMANCE     !!!
20231029 041939.262 INFO             PET0 !!! FOR PRODUCTION RUNS, USE:                      !!!
20231029 041939.262 INFO             PET0 !!!                   ESMF_LOGKIND_Multi_On_Error  !!!
20231029 041939.262 INFO             PET0 !!!!!!!!!!!!!!!!!!!!!!!!!!!!!!!!!!!!!!!!!!!!!!!!!!!!!!
20231029 041939.262 INFO             PET0 Running with ESMF Version   : v8.6.0b13
20231029 041939.262 INFO             PET0 ESMF library build date/time: "Oct 29 2023" "03:55:33"
20231029 041939.262 INFO             PET0 ESMF library build location : /tmp/intel_2023.1.0-oneAPI_mpi_g_release_8.6.0/esmf
20231029 041939.262 INFO             PET0 ESMF_COMM                   : mpi
20231029 041939.262 INFO             PET0 ESMF_MOAB                   : enabled
20231029 041939.262 INFO             PET0 ESMF_LAPACK                 : enabled
20231029 041939.262 INFO             PET0 ESMF_NETCDF                 : enabled
20231029 041939.262 INFO             PET0 ESMF_PNETCDF                : disabled
20231029 041939.262 INFO             PET0 ESMF_PIO                    : enabled
20231029 041939.262 INFO             PET0 ESMF_YAMLCPP                : enabled
20231029 041939.273 INFO             PET0 ESMF_FieldRedistStoreNF(): Just entered routine.
20231029 041939.615 INFO             PET0 ESMF_FieldRedistStoreNF(): Leaving routine.
20231029 041939.619 INFO             PET0  NUMBER_OF_PROCESSORS           4
20231029 041939.619 INFO             PET0  PASS  Example ESMF_RHandleFromRHandleEx, ESMF_RHandleFromRHandleEx.F90, line 660
20231029 041939.619 INFO             PET0  Finalizing ESMF
20231029 041939.262 INFO             PET1 !!!!!!!!!!!!!!!!!!!!!!!!!!!!!!!!!!!!!!!!!!!!!!!!!!!!!!
20231029 041939.262 INFO             PET1 !!! THE ESMF_LOG IS SET TO OUTPUT ALL LOG MESSAGES !!!
20231029 041939.262 INFO             PET1 !!!     THIS MAY CAUSE SLOWDOWN IN PERFORMANCE     !!!
20231029 041939.262 INFO             PET1 !!! FOR PRODUCTION RUNS, USE:                      !!!
20231029 041939.262 INFO             PET1 !!!                   ESMF_LOGKIND_Multi_On_Error  !!!
20231029 041939.262 INFO             PET1 !!!!!!!!!!!!!!!!!!!!!!!!!!!!!!!!!!!!!!!!!!!!!!!!!!!!!!
20231029 041939.262 INFO             PET1 Running with ESMF Version   : v8.6.0b13
20231029 041939.262 INFO             PET1 ESMF library build date/time: "Oct 29 2023" "03:55:33"
20231029 041939.262 INFO             PET1 ESMF library build location : /tmp/intel_2023.1.0-oneAPI_mpi_g_release_8.6.0/esmf
20231029 041939.262 INFO             PET1 ESMF_COMM                   : mpi
20231029 041939.262 INFO             PET1 ESMF_MOAB                   : enabled
20231029 041939.262 INFO             PET1 ESMF_LAPACK                 : enabled
20231029 041939.262 INFO             PET1 ESMF_NETCDF                 : enabled
20231029 041939.262 INFO             PET1 ESMF_PNETCDF                : disabled
20231029 041939.262 INFO             PET1 ESMF_PIO                    : enabled
20231029 041939.263 INFO             PET1 ESMF_YAMLCPP                : enabled
20231029 041939.273 INFO             PET1 ESMF_FieldRedistStoreNF(): Just entered routine.
20231029 041939.615 INFO             PET1 ESMF_FieldRedistStoreNF(): Leaving routine.
20231029 041939.619 INFO             PET1  NUMBER_OF_PROCESSORS           4
20231029 041939.619 INFO             PET1  PASS  Example ESMF_RHandleFromRHandleEx, ESMF_RHandleFromRHandleEx.F90, line 660
20231029 041939.619 INFO             PET1  Finalizing ESMF
20231029 041939.262 INFO             PET2 !!!!!!!!!!!!!!!!!!!!!!!!!!!!!!!!!!!!!!!!!!!!!!!!!!!!!!
20231029 041939.262 INFO             PET2 !!! THE ESMF_LOG IS SET TO OUTPUT ALL LOG MESSAGES !!!
20231029 041939.262 INFO             PET2 !!!     THIS MAY CAUSE SLOWDOWN IN PERFORMANCE     !!!
20231029 041939.262 INFO             PET2 !!! FOR PRODUCTION RUNS, USE:                      !!!
20231029 041939.262 INFO             PET2 !!!                   ESMF_LOGKIND_Multi_On_Error  !!!
20231029 041939.262 INFO             PET2 !!!!!!!!!!!!!!!!!!!!!!!!!!!!!!!!!!!!!!!!!!!!!!!!!!!!!!
20231029 041939.262 INFO             PET2 Running with ESMF Version   : v8.6.0b13
20231029 041939.262 INFO             PET2 ESMF library build date/time: "Oct 29 2023" "03:55:33"
20231029 041939.262 INFO             PET2 ESMF library build location : /tmp/intel_2023.1.0-oneAPI_mpi_g_release_8.6.0/esmf
20231029 041939.262 INFO             PET2 ESMF_COMM                   : mpi
20231029 041939.262 INFO             PET2 ESMF_MOAB                   : enabled
20231029 041939.262 INFO             PET2 ESMF_LAPACK                 : enabled
20231029 041939.262 INFO             PET2 ESMF_NETCDF                 : enabled
20231029 041939.262 INFO             PET2 ESMF_PNETCDF                : disabled
20231029 041939.262 INFO             PET2 ESMF_PIO                    : enabled
20231029 041939.262 INFO             PET2 ESMF_YAMLCPP                : enabled
20231029 041939.273 INFO             PET2 ESMF_FieldRedistStoreNF(): Just entered routine.
20231029 041939.615 INFO             PET2 ESMF_FieldRedistStoreNF(): Leaving routine.
20231029 041939.618 INFO             PET2  NUMBER_OF_PROCESSORS           4
20231029 041939.618 INFO             PET2  PASS  Example ESMF_RHandleFromRHandleEx, ESMF_RHandleFromRHandleEx.F90, line 660
20231029 041939.618 INFO             PET2  Finalizing ESMF
20231029 041939.262 INFO             PET3 !!!!!!!!!!!!!!!!!!!!!!!!!!!!!!!!!!!!!!!!!!!!!!!!!!!!!!
20231029 041939.262 INFO             PET3 !!! THE ESMF_LOG IS SET TO OUTPUT ALL LOG MESSAGES !!!
20231029 041939.262 INFO             PET3 !!!     THIS MAY CAUSE SLOWDOWN IN PERFORMANCE     !!!
20231029 041939.262 INFO             PET3 !!! FOR PRODUCTION RUNS, USE:                      !!!
20231029 041939.262 INFO             PET3 !!!                   ESMF_LOGKIND_Multi_On_Error  !!!
20231029 041939.262 INFO             PET3 !!!!!!!!!!!!!!!!!!!!!!!!!!!!!!!!!!!!!!!!!!!!!!!!!!!!!!
20231029 041939.262 INFO             PET3 Running with ESMF Version   : v8.6.0b13
20231029 041939.262 INFO             PET3 ESMF library build date/time: "Oct 29 2023" "03:55:33"
20231029 041939.262 INFO             PET3 ESMF library build location : /tmp/intel_2023.1.0-oneAPI_mpi_g_release_8.6.0/esmf
20231029 041939.262 INFO             PET3 ESMF_COMM                   : mpi
20231029 041939.262 INFO             PET3 ESMF_MOAB                   : enabled
20231029 041939.262 INFO             PET3 ESMF_LAPACK                 : enabled
20231029 041939.262 INFO             PET3 ESMF_NETCDF                 : enabled
20231029 041939.262 INFO             PET3 ESMF_PNETCDF                : disabled
20231029 041939.262 INFO             PET3 ESMF_PIO                    : enabled
20231029 041939.263 INFO             PET3 ESMF_YAMLCPP                : enabled
20231029 041939.273 INFO             PET3 ESMF_FieldRedistStoreNF(): Just entered routine.
20231029 041939.615 INFO             PET3 ESMF_FieldRedistStoreNF(): Leaving routine.
20231029 041939.619 INFO             PET3  NUMBER_OF_PROCESSORS           4
20231029 041939.619 INFO             PET3  PASS  Example ESMF_RHandleFromRHandleEx, ESMF_RHandleFromRHandleEx.F90, line 660
20231029 041939.619 INFO             PET3  Finalizing ESMF
