2023-10-29 03:56:26
20231029 041930.388 INFO             PET0 !!!!!!!!!!!!!!!!!!!!!!!!!!!!!!!!!!!!!!!!!!!!!!!!!!!!!!
20231029 041930.388 INFO             PET0 !!! THE ESMF_LOG IS SET TO OUTPUT ALL LOG MESSAGES !!!
20231029 041930.388 INFO             PET0 !!!     THIS MAY CAUSE SLOWDOWN IN PERFORMANCE     !!!
20231029 041930.388 INFO             PET0 !!! FOR PRODUCTION RUNS, USE:                      !!!
20231029 041930.388 INFO             PET0 !!!                   ESMF_LOGKIND_Multi_On_Error  !!!
20231029 041930.388 INFO             PET0 !!!!!!!!!!!!!!!!!!!!!!!!!!!!!!!!!!!!!!!!!!!!!!!!!!!!!!
20231029 041930.388 INFO             PET0 Running with ESMF Version   : v8.6.0b13
20231029 041930.388 INFO             PET0 ESMF library build date/time: "Oct 29 2023" "03:55:33"
20231029 041930.388 INFO             PET0 ESMF library build location : /tmp/intel_2023.1.0-oneAPI_mpi_g_release_8.6.0/esmf
20231029 041930.389 INFO             PET0 ESMF_COMM                   : mpi
20231029 041930.389 INFO             PET0 ESMF_MOAB                   : enabled
20231029 041930.389 INFO             PET0 ESMF_LAPACK                 : enabled
20231029 041930.389 INFO             PET0 ESMF_NETCDF                 : enabled
20231029 041930.389 INFO             PET0 ESMF_PNETCDF                : disabled
20231029 041930.389 INFO             PET0 ESMF_PIO                    : enabled
20231029 041930.389 INFO             PET0 ESMF_YAMLCPP                : enabled
20231029 041930.389 INFO             PET0  NUMBER_OF_PROCESSORS           1
20231029 041930.389 INFO             PET0  PASS  Example ESMF_ClockEx, ESMF_ClockEx.F90, line 220
20231029 041930.389 INFO             PET0  Finalizing ESMF
