2023-11-13 04:39:40
20231113 051441.300 INFO             PET0 !!!!!!!!!!!!!!!!!!!!!!!!!!!!!!!!!!!!!!!!!!!!!!!!!!!!!!
20231113 051441.301 INFO             PET0 !!! THE ESMF_LOG IS SET TO OUTPUT ALL LOG MESSAGES !!!
20231113 051441.301 INFO             PET0 !!!     THIS MAY CAUSE SLOWDOWN IN PERFORMANCE     !!!
20231113 051441.301 INFO             PET0 !!! FOR PRODUCTION RUNS, USE:                      !!!
20231113 051441.301 INFO             PET0 !!!                   ESMF_LOGKIND_Multi_On_Error  !!!
20231113 051441.301 INFO             PET0 !!!!!!!!!!!!!!!!!!!!!!!!!!!!!!!!!!!!!!!!!!!!!!!!!!!!!!
20231113 051441.301 INFO             PET0 Running with ESMF Version   : v8.6.0
20231113 051441.301 INFO             PET0 ESMF library build date/time: "Nov 13 2023" "04:37:38"
20231113 051441.301 INFO             PET0 ESMF library build location : /Users/sacks/projects/scratch/esmf-testing/gfortranclang_12.2.0_14.0.0_mpiuni_g_v8.6.0/esmf
20231113 051441.301 INFO             PET0 ESMF_COMM                   : mpiuni
20231113 051441.301 INFO             PET0 ESMF_MOAB                   : enabled
20231113 051441.301 INFO             PET0 ESMF_LAPACK                 : enabled
20231113 051441.301 INFO             PET0 ESMF_NETCDF                 : enabled
20231113 051441.301 INFO             PET0 ESMF_PNETCDF                : disabled
20231113 051441.301 INFO             PET0 ESMF_PIO                    : disabled
20231113 051441.301 INFO             PET0 ESMF_YAMLCPP                : enabled
20231113 051441.302 INFO             PET0  NUMBER_OF_PROCESSORS           1
20231113 051441.302 INFO             PET0  PASS  Example ESMF_AttachMethodsEx, ESMF_AttachMethodsEx.F90, line 292
20231113 051441.302 INFO             PET0  Finalizing ESMF
