2023-11-03 02:09:18
20231103 024551.683 INFO             PET0 !!!!!!!!!!!!!!!!!!!!!!!!!!!!!!!!!!!!!!!!!!!!!!!!!!!!!!
20231103 024551.684 INFO             PET0 !!! THE ESMF_LOG IS SET TO OUTPUT ALL LOG MESSAGES !!!
20231103 024551.684 INFO             PET0 !!!     THIS MAY CAUSE SLOWDOWN IN PERFORMANCE     !!!
20231103 024551.684 INFO             PET0 !!! FOR PRODUCTION RUNS, USE:                      !!!
20231103 024551.684 INFO             PET0 !!!                   ESMF_LOGKIND_Multi_On_Error  !!!
20231103 024551.684 INFO             PET0 !!!!!!!!!!!!!!!!!!!!!!!!!!!!!!!!!!!!!!!!!!!!!!!!!!!!!!
20231103 024551.684 INFO             PET0 Running with ESMF Version   : v8.7.0b00-3-gae6d46cf0b
20231103 024551.684 INFO             PET0 ESMF library build date/time: "Nov  3 2023" "02:06:50"
20231103 024551.684 INFO             PET0 ESMF library build location : /scratch/cluster/theurich/ESMF-Nightly-Testing/intel_20.0.1_mpiuni_g_develop/esmf
20231103 024551.684 INFO             PET0 ESMF_COMM                   : mpiuni
20231103 024551.685 INFO             PET0 ESMF_MOAB                   : enabled
20231103 024551.685 INFO             PET0 ESMF_LAPACK                 : enabled
20231103 024551.685 INFO             PET0 ESMF_NETCDF                 : enabled
20231103 024551.685 INFO             PET0 ESMF_PNETCDF                : disabled
20231103 024551.685 INFO             PET0 ESMF_PIO                    : disabled
20231103 024551.685 INFO             PET0 ESMF_YAMLCPP                : enabled
20231103 024551.688 INFO             PET0  NUMBER_OF_PROCESSORS           1
20231103 024551.688 INFO             PET0  PASS  Example ESMF_VMHigherRankDataEx, ESMF_VMHigherRankDataEx.F90, line 140
20231103 024551.688 INFO             PET0  Finalizing ESMF
