2023-11-20 02:20:29
20231120 024713.820 INFO             PET0 !!!!!!!!!!!!!!!!!!!!!!!!!!!!!!!!!!!!!!!!!!!!!!!!!!!!!!
20231120 024713.820 INFO             PET0 !!! THE ESMF_LOG IS SET TO OUTPUT ALL LOG MESSAGES !!!
20231120 024713.820 INFO             PET0 !!!     THIS MAY CAUSE SLOWDOWN IN PERFORMANCE     !!!
20231120 024713.820 INFO             PET0 !!! FOR PRODUCTION RUNS, USE:                      !!!
20231120 024713.820 INFO             PET0 !!!                   ESMF_LOGKIND_Multi_On_Error  !!!
20231120 024713.820 INFO             PET0 !!!!!!!!!!!!!!!!!!!!!!!!!!!!!!!!!!!!!!!!!!!!!!!!!!!!!!
20231120 024713.820 INFO             PET0 Running with ESMF Version   : v8.7.0b01-5-gf664797301
20231120 024713.820 INFO             PET0 ESMF library build date/time: "Nov 20 2023" "02:18:57"
20231120 024713.820 INFO             PET0 ESMF library build location : /glade/derecho/scratch/theurich/ESMF-Nightly-Testing/intel_2023.0.0-oneAPI_mpiuni_g_develop/esmf
20231120 024713.820 INFO             PET0 ESMF_COMM                   : mpiuni
20231120 024713.820 INFO             PET0 ESMF_MOAB                   : enabled
20231120 024713.820 INFO             PET0 ESMF_LAPACK                 : enabled
20231120 024713.820 INFO             PET0 ESMF_NETCDF                 : enabled
20231120 024713.820 INFO             PET0 ESMF_PNETCDF                : disabled
20231120 024713.820 INFO             PET0 ESMF_PIO                    : disabled
20231120 024713.820 INFO             PET0 ESMF_YAMLCPP                : enabled
20231120 024713.824 INFO             PET0  NUMBER_OF_PROCESSORS           1
20231120 024713.824 INFO             PET0  PASS  Example ESMF_GCompEx, ESMF_GCompEx.F90, line 465
20231120 024713.824 INFO             PET0  Finalizing ESMF
