2023-10-21 02:10:37
20231021 023131.849 INFO             PET0 !!!!!!!!!!!!!!!!!!!!!!!!!!!!!!!!!!!!!!!!!!!!!!!!!!!!!!
20231021 023131.849 INFO             PET0 !!! THE ESMF_LOG IS SET TO OUTPUT ALL LOG MESSAGES !!!
20231021 023131.849 INFO             PET0 !!!     THIS MAY CAUSE SLOWDOWN IN PERFORMANCE     !!!
20231021 023131.849 INFO             PET0 !!! FOR PRODUCTION RUNS, USE:                      !!!
20231021 023131.849 INFO             PET0 !!!                   ESMF_LOGKIND_Multi_On_Error  !!!
20231021 023131.849 INFO             PET0 !!!!!!!!!!!!!!!!!!!!!!!!!!!!!!!!!!!!!!!!!!!!!!!!!!!!!!
20231021 023131.849 INFO             PET0 Running with ESMF Version   : v8.6.0b10-15-g69098dfbff
20231021 023131.849 INFO             PET0 ESMF library build date/time: "Oct 21 2023" "02:09:31"
20231021 023131.849 INFO             PET0 ESMF library build location : /glade/derecho/scratch/theurich/ESMF-Nightly-Testing/intel_2023.0.0-oneAPI_mpiuni_g_develop/esmf
20231021 023131.849 INFO             PET0 ESMF_COMM                   : mpiuni
20231021 023131.849 INFO             PET0 ESMF_MOAB                   : enabled
20231021 023131.849 INFO             PET0 ESMF_LAPACK                 : enabled
20231021 023131.849 INFO             PET0 ESMF_NETCDF                 : enabled
20231021 023131.849 INFO             PET0 ESMF_PNETCDF                : disabled
20231021 023131.849 INFO             PET0 ESMF_PIO                    : disabled
20231021 023131.849 INFO             PET0 ESMF_YAMLCPP                : enabled
20231021 023131.849 INFO             PET0 Log Write 2
20231021 023131.849 ERROR            PET0 Invalid object  - Convergence failure
20231021 023131.849 ERROR            PET0 ESMCI_Fraction.C:1444 ESMCI::Fraction::validate() must have non-zero denominator.
20231021 023131.850 ERROR            PET0 ESMCI_Time.C:838 ESMCI::Time::syncToRealTime() Wrong argument specified  - ; calkindflag is JULIANDAY, MODJULIANDAY or NOCALENDAR.
20231021 023131.850 ERROR            PET0 ESMF_Time.F90:1485 ESMF_TimeSyncToRealTime() Wrong argument specified  - Internal subroutine call returned Error
20231021 023131.850 ERROR            PET0 Wrong argument specified  - getting wall clock time
20231021 023131.851 INFO             PET0  NUMBER_OF_PROCESSORS           1
20231021 023131.851 INFO             PET0  PASS  Example ESMF_LogErrEx, ESMF_LogErrEx.F90, line 186
20231021 023131.851 INFO             PET0  Finalizing ESMF
