2023-10-16 18:11:30
20231016 191358.592 INFO             PET0 !!!!!!!!!!!!!!!!!!!!!!!!!!!!!!!!!!!!!!!!!!!!!!!!!!!!!!
20231016 191358.592 INFO             PET0 !!! THE ESMF_LOG IS SET TO OUTPUT ALL LOG MESSAGES !!!
20231016 191358.592 INFO             PET0 !!!     THIS MAY CAUSE SLOWDOWN IN PERFORMANCE     !!!
20231016 191358.592 INFO             PET0 !!! FOR PRODUCTION RUNS, USE:                      !!!
20231016 191358.592 INFO             PET0 !!!                   ESMF_LOGKIND_Multi_On_Error  !!!
20231016 191358.592 INFO             PET0 !!!!!!!!!!!!!!!!!!!!!!!!!!!!!!!!!!!!!!!!!!!!!!!!!!!!!!
20231016 191358.592 INFO             PET0 Running with ESMF Version   : v8.6.0b09-16-gcd68da50a6
20231016 191358.592 INFO             PET0 ESMF library build date/time: "Oct 16 2023" "18:07:58"
20231016 191358.592 INFO             PET0 ESMF library build location : /glade/scratch/theurich/ESMF-Nightly-Testing/nvhpc_21.11_openmpi_g_feature_devList/esmf
20231016 191358.592 INFO             PET0 ESMF_COMM                   : openmpi
20231016 191358.592 INFO             PET0 ESMF_MOAB                   : enabled
20231016 191358.592 INFO             PET0 ESMF_LAPACK                 : enabled
20231016 191358.592 INFO             PET0 ESMF_NETCDF                 : enabled
20231016 191358.592 INFO             PET0 ESMF_PNETCDF                : disabled
20231016 191358.592 INFO             PET0 ESMF_PIO                    : enabled
20231016 191358.592 INFO             PET0 ESMF_YAMLCPP                : enabled
20231016 191358.708 DEBUG            PET0 about to destroy Grid: 0x16f1990
20231016 191358.721 DEBUG            PET0 about to destroy Grid: 0x16f3910
20231016 191358.759 INFO             PET0  NUMBER_OF_PROCESSORS            4
20231016 191358.759 INFO             PET0  PASS  Example ESMF_NUOPCAtmModelEx, ESMF_NUOPCAtmModelEx.F90, line 806
20231016 191358.759 INFO             PET0  Finalizing ESMF
20231016 191358.593 INFO             PET1 !!!!!!!!!!!!!!!!!!!!!!!!!!!!!!!!!!!!!!!!!!!!!!!!!!!!!!
20231016 191358.593 INFO             PET1 !!! THE ESMF_LOG IS SET TO OUTPUT ALL LOG MESSAGES !!!
20231016 191358.593 INFO             PET1 !!!     THIS MAY CAUSE SLOWDOWN IN PERFORMANCE     !!!
20231016 191358.593 INFO             PET1 !!! FOR PRODUCTION RUNS, USE:                      !!!
20231016 191358.593 INFO             PET1 !!!                   ESMF_LOGKIND_Multi_On_Error  !!!
20231016 191358.593 INFO             PET1 !!!!!!!!!!!!!!!!!!!!!!!!!!!!!!!!!!!!!!!!!!!!!!!!!!!!!!
20231016 191358.593 INFO             PET1 Running with ESMF Version   : v8.6.0b09-16-gcd68da50a6
20231016 191358.593 INFO             PET1 ESMF library build date/time: "Oct 16 2023" "18:07:58"
20231016 191358.593 INFO             PET1 ESMF library build location : /glade/scratch/theurich/ESMF-Nightly-Testing/nvhpc_21.11_openmpi_g_feature_devList/esmf
20231016 191358.593 INFO             PET1 ESMF_COMM                   : openmpi
20231016 191358.593 INFO             PET1 ESMF_MOAB                   : enabled
20231016 191358.593 INFO             PET1 ESMF_LAPACK                 : enabled
20231016 191358.593 INFO             PET1 ESMF_NETCDF                 : enabled
20231016 191358.593 INFO             PET1 ESMF_PNETCDF                : disabled
20231016 191358.593 INFO             PET1 ESMF_PIO                    : enabled
20231016 191358.593 INFO             PET1 ESMF_YAMLCPP                : enabled
20231016 191358.708 DEBUG            PET1 about to destroy Grid: 0x19686d0
20231016 191358.721 DEBUG            PET1 about to destroy Grid: 0x1968f70
20231016 191358.759 INFO             PET1  NUMBER_OF_PROCESSORS            4
20231016 191358.759 INFO             PET1  PASS  Example ESMF_NUOPCAtmModelEx, ESMF_NUOPCAtmModelEx.F90, line 806
20231016 191358.759 INFO             PET1  Finalizing ESMF
20231016 191358.592 INFO             PET2 !!!!!!!!!!!!!!!!!!!!!!!!!!!!!!!!!!!!!!!!!!!!!!!!!!!!!!
20231016 191358.592 INFO             PET2 !!! THE ESMF_LOG IS SET TO OUTPUT ALL LOG MESSAGES !!!
20231016 191358.592 INFO             PET2 !!!     THIS MAY CAUSE SLOWDOWN IN PERFORMANCE     !!!
20231016 191358.592 INFO             PET2 !!! FOR PRODUCTION RUNS, USE:                      !!!
20231016 191358.592 INFO             PET2 !!!                   ESMF_LOGKIND_Multi_On_Error  !!!
20231016 191358.592 INFO             PET2 !!!!!!!!!!!!!!!!!!!!!!!!!!!!!!!!!!!!!!!!!!!!!!!!!!!!!!
20231016 191358.592 INFO             PET2 Running with ESMF Version   : v8.6.0b09-16-gcd68da50a6
20231016 191358.592 INFO             PET2 ESMF library build date/time: "Oct 16 2023" "18:07:58"
20231016 191358.592 INFO             PET2 ESMF library build location : /glade/scratch/theurich/ESMF-Nightly-Testing/nvhpc_21.11_openmpi_g_feature_devList/esmf
20231016 191358.592 INFO             PET2 ESMF_COMM                   : openmpi
20231016 191358.592 INFO             PET2 ESMF_MOAB                   : enabled
20231016 191358.592 INFO             PET2 ESMF_LAPACK                 : enabled
20231016 191358.592 INFO             PET2 ESMF_NETCDF                 : enabled
20231016 191358.592 INFO             PET2 ESMF_PNETCDF                : disabled
20231016 191358.592 INFO             PET2 ESMF_PIO                    : enabled
20231016 191358.592 INFO             PET2 ESMF_YAMLCPP                : enabled
20231016 191358.708 DEBUG            PET2 about to destroy Grid: 0x1402b80
20231016 191358.721 DEBUG            PET2 about to destroy Grid: 0x1403760
20231016 191358.759 INFO             PET2  NUMBER_OF_PROCESSORS            4
20231016 191358.759 INFO             PET2  PASS  Example ESMF_NUOPCAtmModelEx, ESMF_NUOPCAtmModelEx.F90, line 806
20231016 191358.759 INFO             PET2  Finalizing ESMF
20231016 191358.592 INFO             PET3 !!!!!!!!!!!!!!!!!!!!!!!!!!!!!!!!!!!!!!!!!!!!!!!!!!!!!!
20231016 191358.593 INFO             PET3 !!! THE ESMF_LOG IS SET TO OUTPUT ALL LOG MESSAGES !!!
20231016 191358.593 INFO             PET3 !!!     THIS MAY CAUSE SLOWDOWN IN PERFORMANCE     !!!
20231016 191358.593 INFO             PET3 !!! FOR PRODUCTION RUNS, USE:                      !!!
20231016 191358.593 INFO             PET3 !!!                   ESMF_LOGKIND_Multi_On_Error  !!!
20231016 191358.593 INFO             PET3 !!!!!!!!!!!!!!!!!!!!!!!!!!!!!!!!!!!!!!!!!!!!!!!!!!!!!!
20231016 191358.593 INFO             PET3 Running with ESMF Version   : v8.6.0b09-16-gcd68da50a6
20231016 191358.593 INFO             PET3 ESMF library build date/time: "Oct 16 2023" "18:07:58"
20231016 191358.593 INFO             PET3 ESMF library build location : /glade/scratch/theurich/ESMF-Nightly-Testing/nvhpc_21.11_openmpi_g_feature_devList/esmf
20231016 191358.593 INFO             PET3 ESMF_COMM                   : openmpi
20231016 191358.593 INFO             PET3 ESMF_MOAB                   : enabled
20231016 191358.593 INFO             PET3 ESMF_LAPACK                 : enabled
20231016 191358.593 INFO             PET3 ESMF_NETCDF                 : enabled
20231016 191358.593 INFO             PET3 ESMF_PNETCDF                : disabled
20231016 191358.593 INFO             PET3 ESMF_PIO                    : enabled
20231016 191358.593 INFO             PET3 ESMF_YAMLCPP                : enabled
20231016 191358.708 DEBUG            PET3 about to destroy Grid: 0x29427e0
20231016 191358.721 DEBUG            PET3 about to destroy Grid: 0x2943080
20231016 191358.759 INFO             PET3  NUMBER_OF_PROCESSORS            4
20231016 191358.759 INFO             PET3  PASS  Example ESMF_NUOPCAtmModelEx, ESMF_NUOPCAtmModelEx.F90, line 806
20231016 191358.759 INFO             PET3  Finalizing ESMF
