2023-10-31 02:17:20
20231031 024630.199 INFO             PET0 !!!!!!!!!!!!!!!!!!!!!!!!!!!!!!!!!!!!!!!!!!!!!!!!!!!!!!
20231031 024630.199 INFO             PET0 !!! THE ESMF_LOG IS SET TO OUTPUT ALL LOG MESSAGES !!!
20231031 024630.199 INFO             PET0 !!!     THIS MAY CAUSE SLOWDOWN IN PERFORMANCE     !!!
20231031 024630.199 INFO             PET0 !!! FOR PRODUCTION RUNS, USE:                      !!!
20231031 024630.199 INFO             PET0 !!!                   ESMF_LOGKIND_Multi_On_Error  !!!
20231031 024630.199 INFO             PET0 !!!!!!!!!!!!!!!!!!!!!!!!!!!!!!!!!!!!!!!!!!!!!!!!!!!!!!
20231031 024630.199 INFO             PET0 Running with ESMF Version   : v8.6.0b13
20231031 024630.199 INFO             PET0 ESMF library build date/time: "Oct 31 2023" "02:15:16"
20231031 024630.199 INFO             PET0 ESMF library build location : /scratch/cluster/theurich/ESMF-Nightly-Testing/intel_20.0.1_mpiuni_O_release_8.6.0/esmf
20231031 024630.199 INFO             PET0 ESMF_COMM                   : mpiuni
20231031 024630.201 INFO             PET0 ESMF_MOAB                   : enabled
20231031 024630.201 INFO             PET0 ESMF_LAPACK                 : enabled
20231031 024630.201 INFO             PET0 ESMF_NETCDF                 : enabled
20231031 024630.201 INFO             PET0 ESMF_PNETCDF                : disabled
20231031 024630.201 INFO             PET0 ESMF_PIO                    : disabled
20231031 024630.201 INFO             PET0 ESMF_YAMLCPP                : enabled
20231031 024630.246 INFO             PET0  NUMBER_OF_PROCESSORS           1
20231031 024630.248 INFO             PET0  PASS  Example ESMF_RHandleReusabilityEx, ESMF_RHandleReusabilityEx.F90, line 582
20231031 024630.248 INFO             PET0  Finalizing ESMF
