2023-11-11 07:49:28
[h24c43:268552:0:268552] Caught signal 11 (Segmentation fault: address not mapped to object at address 0x7ffe9ebc3010)
[h24c43:268554:0:268554] Caught signal 11 (Segmentation fault: address not mapped to object at address 0x7ffc3c793000)
[h24c43:268553:0:268553] Caught signal 11 (Segmentation fault: address not mapped to object at address 0x7fff40a14008)
[h24c43:268555:0:268555] Caught signal 11 (Segmentation fault: address not mapped to object at address 0x7ffcdd91c000)
==== backtrace (tid: 268555) ====
 0 0x000000000004d455 ucs_debug_print_backtrace()  ???:0
 1 0x000000000044c180 do_deallocate_all()  for_alloc_copy.c:0
 2 0x000000000044d180 process_allocation_records_deallocate()  for_alloc_copy.c:0
 3 0x000000000044c325 do_deallocate_all()  for_alloc_copy.c:0
 4 0x0000000001b9db8c f_esmf_compcollectgarbage2_()  ???:0
 5 0x00000000016ec422 ESMCI::VM::finalize()  /scratch2/NCEPDEV/stmp1/Gerhard.Theurich/ESMF-Nightly-Testing/intel_2023.1.0-oneAPI_intelmpi_g_v8.6.0/esmf/src/Infrastructure/VM/src/ESMCI_VM.C:3515
 6 0x00000000017171b7 c_esmc_vmfinalize_()  /scratch2/NCEPDEV/stmp1/Gerhard.Theurich/ESMF-Nightly-Testing/intel_2023.1.0-oneAPI_intelmpi_g_v8.6.0/esmf/src/Infrastructure/VM/interface/ESMCI_VM_F.C:1241
 7 0x000000000270b01b c_esmc_vmfinalize_.t33799p.t33801p()  ifxbHNDup.i90:0
 8 0x0000000002703332 esmf_vmmod_mp_esmf_vmfinalize_()  ???:0
 9 0x000000000233b25e esmf_initmod_mp_esmf_finalize_()  ???:0
10 0x0000000000416a9e MAIN__()  ???:0
11 0x0000000000415fdd main()  ???:0
12 0x0000000000022555 __libc_start_main()  ???:0
13 0x0000000000415f0b _start()  ???:0
=================================
==== backtrace (tid: 268553) ====
 0 0x000000000004d455 ucs_debug_print_backtrace()  ???:0
 1 0x000000000044c182 do_deallocate_all()  for_alloc_copy.c:0
 2 0x000000000044d180 process_allocation_records_deallocate()  for_alloc_copy.c:0
 3 0x000000000044c325 do_deallocate_all()  for_alloc_copy.c:0
 4 0x0000000001b9db8c f_esmf_compcollectgarbage2_()  ???:0
 5 0x00000000016ec422 ESMCI::VM::finalize()  /scratch2/NCEPDEV/stmp1/Gerhard.Theurich/ESMF-Nightly-Testing/intel_2023.1.0-oneAPI_intelmpi_g_v8.6.0/esmf/src/Infrastructure/VM/src/ESMCI_VM.C:3515
 6 0x00000000017171b7 c_esmc_vmfinalize_()  /scratch2/NCEPDEV/stmp1/Gerhard.Theurich/ESMF-Nightly-Testing/intel_2023.1.0-oneAPI_intelmpi_g_v8.6.0/esmf/src/Infrastructure/VM/interface/ESMCI_VM_F.C:1241
 7 0x000000000270b01b c_esmc_vmfinalize_.t33799p.t33801p()  ifxbHNDup.i90:0
 8 0x0000000002703332 esmf_vmmod_mp_esmf_vmfinalize_()  ???:0
 9 0x000000000233b25e esmf_initmod_mp_esmf_finalize_()  ???:0
10 0x0000000000416a9e MAIN__()  ???:0
11 0x0000000000415fdd main()  ???:0
12 0x0000000000022555 __libc_start_main()  ???:0
13 0x0000000000415f0b _start()  ???:0
=================================
forrtl: severe (174): SIGSEGV, segmentation fault occurred
Image              PC                Routine            Line        Source             
libpthread-2.17.s  00002B3E9D6F0630  Unknown               Unknown  Unknown
mainApp            000000000044C180  Unknown               Unknown  Unknown
mainApp            000000000044D180  Unknown               Unknown  Unknown
mainApp            000000000044C325  Unknown               Unknown  Unknown
libesmf.so         00002B3E9816AB8C  f_esmf_compcollec         516  ESMF_Comp_C.F90
libesmf.so         00002B3E97CB9422  finalize                 3515  ESMCI_VM.C
libesmf.so         00002B3E97CE41B7  c_esmc_vmfinalize        1241  ESMCI_VM_F.C
libesmf.so         00002B3E98CD801B  c_esmc_vmfinalize           0  ESMF_VM.F90
libesmf.so         00002B3E98CD0332  esmf_vmfinalize          9474  ESMF_VM.F90
libesmf.so         00002B3E9890825E  esmf_finalize            1693  ESMF_Init.F90
mainApp            0000000000416A9E  mainapp                   118  mainApp.F90
mainApp            0000000000415FDD  Unknown               Unknown  Unknown
libc-2.17.so       00002B3E9EA43555  __libc_start_main     Unknown  Unknown
mainApp            0000000000415F0B  Unknown               Unknown  Unknown
forrtl: severe (174): SIGSEGV, segmentation fault occurred
Image              PC                Routine            Line        Source             
libpthread-2.17.s  00002AF5D63AA630  Unknown               Unknown  Unknown
mainApp            000000000044C182  Unknown               Unknown  Unknown
mainApp            000000000044D180  Unknown               Unknown  Unknown
mainApp            000000000044C325  Unknown               Unknown  Unknown
libesmf.so         00002AF5D0E24B8C  f_esmf_compcollec         516  ESMF_Comp_C.F90
libesmf.so         00002AF5D0973422  finalize                 3515  ESMCI_VM.C
libesmf.so         00002AF5D099E1B7  c_esmc_vmfinalize        1241  ESMCI_VM_F.C
libesmf.so         00002AF5D199201B  c_esmc_vmfinalize           0  ESMF_VM.F90
libesmf.so         00002AF5D198A332  esmf_vmfinalize          9474  ESMF_VM.F90
libesmf.so         00002AF5D15C225E  esmf_finalize            1693  ESMF_Init.F90
mainApp            0000000000416A9E  mainapp                   118  mainApp.F90
mainApp            0000000000415FDD  Unknown               Unknown  Unknown
libc-2.17.so       00002AF5D76FD555  __libc_start_main     Unknown  Unknown
mainApp            0000000000415F0B  Unknown               Unknown  Unknown
==== backtrace (tid: 268552) ====
 0 0x000000000004d455 ucs_debug_print_backtrace()  ???:0
 1 0x000000000044c197 do_deallocate_all()  for_alloc_copy.c:0
 2 0x000000000044d180 process_allocation_records_deallocate()  for_alloc_copy.c:0
 3 0x000000000044c325 do_deallocate_all()  for_alloc_copy.c:0
 4 0x0000000001b9db8c f_esmf_compcollectgarbage2_()  ???:0
 5 0x00000000016ec422 ESMCI::VM::finalize()  /scratch2/NCEPDEV/stmp1/Gerhard.Theurich/ESMF-Nightly-Testing/intel_2023.1.0-oneAPI_intelmpi_g_v8.6.0/esmf/src/Infrastructure/VM/src/ESMCI_VM.C:3515
 6 0x00000000017171b7 c_esmc_vmfinalize_()  /scratch2/NCEPDEV/stmp1/Gerhard.Theurich/ESMF-Nightly-Testing/intel_2023.1.0-oneAPI_intelmpi_g_v8.6.0/esmf/src/Infrastructure/VM/interface/ESMCI_VM_F.C:1241
 7 0x000000000270b01b c_esmc_vmfinalize_.t33799p.t33801p()  ifxbHNDup.i90:0
 8 0x0000000002703332 esmf_vmmod_mp_esmf_vmfinalize_()  ???:0
 9 0x000000000233b25e esmf_initmod_mp_esmf_finalize_()  ???:0
10 0x0000000000416a9e MAIN__()  ???:0
11 0x0000000000415fdd main()  ???:0
12 0x0000000000022555 __libc_start_main()  ???:0
13 0x0000000000415f0b _start()  ???:0
=================================
==== backtrace (tid: 268554) ====
 0 0x000000000004d455 ucs_debug_print_backtrace()  ???:0
 1 0x000000000044c197 do_deallocate_all()  for_alloc_copy.c:0
 2 0x000000000044d180 process_allocation_records_deallocate()  for_alloc_copy.c:0
 3 0x000000000044c325 do_deallocate_all()  for_alloc_copy.c:0
 4 0x0000000001b9db8c f_esmf_compcollectgarbage2_()  ???:0
 5 0x00000000016ec422 ESMCI::VM::finalize()  /scratch2/NCEPDEV/stmp1/Gerhard.Theurich/ESMF-Nightly-Testing/intel_2023.1.0-oneAPI_intelmpi_g_v8.6.0/esmf/src/Infrastructure/VM/src/ESMCI_VM.C:3515
 6 0x00000000017171b7 c_esmc_vmfinalize_()  /scratch2/NCEPDEV/stmp1/Gerhard.Theurich/ESMF-Nightly-Testing/intel_2023.1.0-oneAPI_intelmpi_g_v8.6.0/esmf/src/Infrastructure/VM/interface/ESMCI_VM_F.C:1241
 7 0x000000000270b01b c_esmc_vmfinalize_.t33799p.t33801p()  ifxbHNDup.i90:0
 8 0x0000000002703332 esmf_vmmod_mp_esmf_vmfinalize_()  ???:0
 9 0x000000000233b25e esmf_initmod_mp_esmf_finalize_()  ???:0
10 0x0000000000416a9e MAIN__()  ???:0
11 0x0000000000415fdd main()  ???:0
12 0x0000000000022555 __libc_start_main()  ???:0
13 0x0000000000415f0b _start()  ???:0
=================================
forrtl: severe (174): SIGSEGV, segmentation fault occurred
Image              PC                Routine            Line        Source             
libpthread-2.17.s  00002B5AE6120630  Unknown               Unknown  Unknown
mainApp            000000000044C197  Unknown               Unknown  Unknown
mainApp            000000000044D180  Unknown               Unknown  Unknown
mainApp            000000000044C325  Unknown               Unknown  Unknown
libesmf.so         00002B5AE0B9AB8C  f_esmf_compcollec         516  ESMF_Comp_C.F90
libesmf.so         00002B5AE06E9422  finalize                 3515  ESMCI_VM.C
libesmf.so         00002B5AE07141B7  c_esmc_vmfinalize        1241  ESMCI_VM_F.C
libesmf.so         00002B5AE170801B  c_esmc_vmfinalize           0  ESMF_VM.F90
libesmf.so         00002B5AE1700332  esmf_vmfinalize          9474  ESMF_VM.F90
libesmf.so         00002B5AE133825E  esmf_finalize            1693  ESMF_Init.F90
mainApp            0000000000416A9E  mainapp                   118  mainApp.F90
mainApp            0000000000415FDD  Unknown               Unknown  Unknown
libc-2.17.so       00002B5AE7473555  __libc_start_main     Unknown  Unknown
mainApp            0000000000415F0B  Unknown               Unknown  Unknown
forrtl: severe (174): SIGSEGV, segmentation fault occurred
Image              PC                Routine            Line        Source             
libpthread-2.17.s  00002B3482C22630  Unknown               Unknown  Unknown
mainApp            000000000044C197  Unknown               Unknown  Unknown
mainApp            000000000044D180  Unknown               Unknown  Unknown
mainApp            000000000044C325  Unknown               Unknown  Unknown
libesmf.so         00002B347D69CB8C  f_esmf_compcollec         516  ESMF_Comp_C.F90
libesmf.so         00002B347D1EB422  finalize                 3515  ESMCI_VM.C
libesmf.so         00002B347D2161B7  c_esmc_vmfinalize        1241  ESMCI_VM_F.C
libesmf.so         00002B347E20A01B  c_esmc_vmfinalize           0  ESMF_VM.F90
libesmf.so         00002B347E202332  esmf_vmfinalize          9474  ESMF_VM.F90
libesmf.so         00002B347DE3A25E  esmf_finalize            1693  ESMF_Init.F90
mainApp            0000000000416A9E  mainapp                   118  mainApp.F90
mainApp            0000000000415FDD  Unknown               Unknown  Unknown
libc-2.17.so       00002B3483F75555  __libc_start_main     Unknown  Unknown
mainApp            0000000000415F0B  Unknown               Unknown  Unknown
srun: error: h24c43: tasks 0-3: Exited with exit code 174
srun: launch/slurm: _step_signal: Terminating StepId=51705391.388
