2023-10-05 00:48:16
20231005 012831.797 INFO             PET0 !!!!!!!!!!!!!!!!!!!!!!!!!!!!!!!!!!!!!!!!!!!!!!!!!!!!!!
20231005 012831.797 INFO             PET0 !!! THE ESMF_LOG IS SET TO OUTPUT ALL LOG MESSAGES !!!
20231005 012831.797 INFO             PET0 !!!     THIS MAY CAUSE SLOWDOWN IN PERFORMANCE     !!!
20231005 012831.797 INFO             PET0 !!! FOR PRODUCTION RUNS, USE:                      !!!
20231005 012831.797 INFO             PET0 !!!                   ESMF_LOGKIND_Multi_On_Error  !!!
20231005 012831.797 INFO             PET0 !!!!!!!!!!!!!!!!!!!!!!!!!!!!!!!!!!!!!!!!!!!!!!!!!!!!!!
20231005 012831.797 INFO             PET0 Running with ESMF Version   : v8.6.0b07-59-g89013280a7
20231005 012831.797 INFO             PET0 ESMF library build date/time: "Oct  5 2023" "00:46:04"
20231005 012831.797 INFO             PET0 ESMF library build location : /home/gerhard/ESMF-Nightly-Testing/aocc_4.1.0_mpiuni_O_develop/esmf
20231005 012831.797 INFO             PET0 ESMF_COMM                   : mpiuni
20231005 012831.798 INFO             PET0 ESMF_MOAB                   : enabled
20231005 012831.798 INFO             PET0 ESMF_LAPACK                 : enabled
20231005 012831.798 INFO             PET0 ESMF_NETCDF                 : disabled
20231005 012831.798 INFO             PET0 ESMF_PNETCDF                : disabled
20231005 012831.798 INFO             PET0 ESMF_PIO                    : disabled
20231005 012831.798 INFO             PET0 ESMF_YAMLCPP                : enabled
20231005 012831.798 INFO             PET0 ESMF Tracing Enabled
20231005 012831.798 INFO             PET0 ESMF Profiling Enabled
20231005 012831.798 INFO             PET0 ESMF Trace/Profile clock: REALTIME
20231005 012831.798 INFO             PET0  NUMBER_OF_PROCESSORS            1
20231005 012831.798 INFO             PET0  PASS  Example ESMF_TraceEx, ESMF_TraceEx.F90, line 178
20231005 012831.798 INFO             PET0 Finalizing ESMF
20231005 012831.798 INFO             PET0 **************** Region Timings *******************
20231005 012831.798 INFO             PET0 Region              Count  Total (s)   Self (s)    Mean (s)    Min (s)     Max (s)
20231005 012831.798 INFO             PET0   [ESMF]            1      0.0004      0.0003      0.0004      0.0004      0.0004
20231005 012831.798 INFO             PET0     [test] Run 1    5      0.0000      0.0000      0.0000      0.0000      0.0000
20231005 012831.798 INFO             PET0     [test] Init 1   1      0.0000      0.0000      0.0000      0.0000      0.0000
20231005 012831.798 INFO             PET0     [test] Final 1  1      0.0000      0.0000      0.0000      0.0000      0.0000
