2023-10-09 00:40:04
20231009 011227.137 INFO             PET0 !!!!!!!!!!!!!!!!!!!!!!!!!!!!!!!!!!!!!!!!!!!!!!!!!!!!!!
20231009 011227.137 INFO             PET0 !!! THE ESMF_LOG IS SET TO OUTPUT ALL LOG MESSAGES !!!
20231009 011227.137 INFO             PET0 !!!     THIS MAY CAUSE SLOWDOWN IN PERFORMANCE     !!!
20231009 011227.137 INFO             PET0 !!! FOR PRODUCTION RUNS, USE:                      !!!
20231009 011227.137 INFO             PET0 !!!                   ESMF_LOGKIND_Multi_On_Error  !!!
20231009 011227.137 INFO             PET0 !!!!!!!!!!!!!!!!!!!!!!!!!!!!!!!!!!!!!!!!!!!!!!!!!!!!!!
20231009 011227.137 INFO             PET0 Running with ESMF Version   : v8.6.0b07-67-gb347190ad6
20231009 011227.137 INFO             PET0 ESMF library build date/time: "Oct  9 2023" "00:38:18"
20231009 011227.137 INFO             PET0 ESMF library build location : /home/gerhard/ESMF-Nightly-Testing/aocc_4.1.0_mpiuni_O_develop/esmf
20231009 011227.137 INFO             PET0 ESMF_COMM                   : mpiuni
20231009 011227.137 INFO             PET0 ESMF_MOAB                   : enabled
20231009 011227.137 INFO             PET0 ESMF_LAPACK                 : enabled
20231009 011227.137 INFO             PET0 ESMF_NETCDF                 : disabled
20231009 011227.137 INFO             PET0 ESMF_PNETCDF                : disabled
20231009 011227.137 INFO             PET0 ESMF_PIO                    : disabled
20231009 011227.137 INFO             PET0 ESMF_YAMLCPP                : enabled
20231009 011227.160 DEBUG            PET0 about to destroy Grid: 0x55d221e875e0
20231009 011227.163 DEBUG            PET0 about to destroy Grid: 0x55d221e88fc0
20231009 011227.172 INFO             PET0  NUMBER_OF_PROCESSORS            1
20231009 011227.172 INFO             PET0  PASS  Example ESMF_NUOPCAtmModelEx, ESMF_NUOPCAtmModelEx.F90, line 806
20231009 011227.172 INFO             PET0 Finalizing ESMF
