2023-10-23 02:05:46
20231023 022457.025 INFO             PET0 !!!!!!!!!!!!!!!!!!!!!!!!!!!!!!!!!!!!!!!!!!!!!!!!!!!!!!
20231023 022457.025 INFO             PET0 !!! THE ESMF_LOG IS SET TO OUTPUT ALL LOG MESSAGES !!!
20231023 022457.025 INFO             PET0 !!!     THIS MAY CAUSE SLOWDOWN IN PERFORMANCE     !!!
20231023 022457.025 INFO             PET0 !!! FOR PRODUCTION RUNS, USE:                      !!!
20231023 022457.025 INFO             PET0 !!!                   ESMF_LOGKIND_Multi_On_Error  !!!
20231023 022457.025 INFO             PET0 !!!!!!!!!!!!!!!!!!!!!!!!!!!!!!!!!!!!!!!!!!!!!!!!!!!!!!
20231023 022457.025 INFO             PET0 Running with ESMF Version   : v8.6.0b10-17-g1bed7e4d49
20231023 022457.025 INFO             PET0 ESMF library build date/time: "Oct 23 2023" "02:04:33"
20231023 022457.025 INFO             PET0 ESMF library build location : /glade/derecho/scratch/theurich/ESMF-Nightly-Testing/intel_2023.0.0_mpiuni_O_develop/esmf
20231023 022457.025 INFO             PET0 ESMF_COMM                   : mpiuni
20231023 022457.025 INFO             PET0 ESMF_MOAB                   : enabled
20231023 022457.025 INFO             PET0 ESMF_LAPACK                 : enabled
20231023 022457.025 INFO             PET0 ESMF_NETCDF                 : enabled
20231023 022457.025 INFO             PET0 ESMF_PNETCDF                : disabled
20231023 022457.025 INFO             PET0 ESMF_PIO                    : disabled
20231023 022457.025 INFO             PET0 ESMF_YAMLCPP                : enabled
20231023 022457.026 INFO             PET0  NUMBER_OF_PROCESSORS           1
20231023 022457.026 INFO             PET0  PASS  Example ESMF_WebServicesEx, ESMF_WebServicesEx.F90, line 227
20231023 022457.026 INFO             PET0  Finalizing ESMF
