2023-11-16 01:38:49
20231116 020310.044 INFO             PET0 !!!!!!!!!!!!!!!!!!!!!!!!!!!!!!!!!!!!!!!!!!!!!!!!!!!!!!
20231116 020310.044 INFO             PET0 !!! THE ESMF_LOG IS SET TO OUTPUT ALL LOG MESSAGES !!!
20231116 020310.044 INFO             PET0 !!!     THIS MAY CAUSE SLOWDOWN IN PERFORMANCE     !!!
20231116 020310.044 INFO             PET0 !!! FOR PRODUCTION RUNS, USE:                      !!!
20231116 020310.044 INFO             PET0 !!!                   ESMF_LOGKIND_Multi_On_Error  !!!
20231116 020310.044 INFO             PET0 !!!!!!!!!!!!!!!!!!!!!!!!!!!!!!!!!!!!!!!!!!!!!!!!!!!!!!
20231116 020310.044 INFO             PET0 Running with ESMF Version   : v8.7.0b01-5-gf664797301
20231116 020310.044 INFO             PET0 ESMF library build date/time: "Nov 16 2023" "01:37:02"
20231116 020310.044 INFO             PET0 ESMF library build location : /glade/derecho/scratch/theurich/ESMF-Nightly-Testing/intel_2023.0.0_mpiuni_O_develop/esmf
20231116 020310.044 INFO             PET0 ESMF_COMM                   : mpiuni
20231116 020310.045 INFO             PET0 ESMF_MOAB                   : enabled
20231116 020310.045 INFO             PET0 ESMF_LAPACK                 : enabled
20231116 020310.045 INFO             PET0 ESMF_NETCDF                 : enabled
20231116 020310.045 INFO             PET0 ESMF_PNETCDF                : disabled
20231116 020310.045 INFO             PET0 ESMF_PIO                    : disabled
20231116 020310.045 INFO             PET0 ESMF_YAMLCPP                : enabled
20231116 020310.046 INFO             PET0  NUMBER_OF_PROCESSORS           1
20231116 020310.046 INFO             PET0  PASS  Example ESMF_VMHigherRankDataEx, ESMF_VMHigherRankDataEx.F90, line 140
20231116 020310.046 INFO             PET0  Finalizing ESMF
