2023-11-05 01:32:02
20231105 022815.057 INFO             PET0 !!!!!!!!!!!!!!!!!!!!!!!!!!!!!!!!!!!!!!!!!!!!!!!!!!!!!!
20231105 022815.057 INFO             PET0 !!! THE ESMF_LOG IS SET TO OUTPUT ALL LOG MESSAGES !!!
20231105 022815.057 INFO             PET0 !!!     THIS MAY CAUSE SLOWDOWN IN PERFORMANCE     !!!
20231105 022815.057 INFO             PET0 !!! FOR PRODUCTION RUNS, USE:                      !!!
20231105 022815.057 INFO             PET0 !!!                   ESMF_LOGKIND_Multi_On_Error  !!!
20231105 022815.057 INFO             PET0 !!!!!!!!!!!!!!!!!!!!!!!!!!!!!!!!!!!!!!!!!!!!!!!!!!!!!!
20231105 022815.057 INFO             PET0 Running with ESMF Version   : v8.6.0b13-7-g01b978c4a0
20231105 022815.057 INFO             PET0 ESMF library build date/time: "Nov  5 2023" "01:31:07"
20231105 022815.057 INFO             PET0 ESMF library build location : /tmp/intel_2023.1.0-oneAPI_mpi_g_release_8.6.0/esmf
20231105 022815.057 INFO             PET0 ESMF_COMM                   : mpi
20231105 022815.057 INFO             PET0 ESMF_MOAB                   : enabled
20231105 022815.057 INFO             PET0 ESMF_LAPACK                 : enabled
20231105 022815.057 INFO             PET0 ESMF_NETCDF                 : enabled
20231105 022815.057 INFO             PET0 ESMF_PNETCDF                : disabled
20231105 022815.057 INFO             PET0 ESMF_PIO                    : enabled
20231105 022815.057 INFO             PET0 ESMF_YAMLCPP                : enabled
20231105 022815.057 INFO             PET0 esmApp STARTING
20231105 022815.062 INFO             PET0 esm: InitializeGeneric intro.
20231105 022815.062 INFO             PET0   esm: InitializeP0 intro.
20231105 022815.062 INFO             PET0   esm: InitializeP0 extro.
20231105 022815.062 INFO             PET0   esm: InitializeIPDv02p1 intro.
20231105 022815.062 INFO             PET0     >>>esm: entered Initialize (phase=<none>) without valid internal Clock.
20231105 022815.063 INFO             PET0     esm - Creating model component ATM with petList of size 2 :
20231105 022815.063 INFO             PET0           0      1
20231105 022815.065 INFO             PET0     esm - Creating model component OCN with petList of size 2 :
20231105 022815.065 INFO             PET0           2      3
20231105 022815.065 INFO             PET0     esm - Creating connector component ATM-TO-OCN with petList of size 4 :
20231105 022815.065 INFO             PET0           0      1      2      3
20231105 022815.073 INFO             PET0     esm - Creating connector component OCN-TO-ATM with petList of size 4 :
20231105 022815.073 INFO             PET0           2      3      0      1
20231105 022815.078 INFO             PET0     esm - Creating state: modelComp 1 Import State
20231105 022815.078 INFO             PET0     esm - Creating state: modelComp 1 Export State
20231105 022815.079 INFO             PET0     esm - Creating state: modelComp 2 Import State
20231105 022815.079 INFO             PET0     esm - Creating state: modelComp 2 Export State
20231105 022815.080 INFO             PET0     ATM: InitializeP0 intro.
20231105 022815.081 INFO             PET0     ATM: InitializeP0 extro.
20231105 022815.083 INFO             PET0     ATM-TO-OCN: InitializeP0 intro.
20231105 022815.084 INFO             PET0     ATM-TO-OCN: InitializeP0 extro.
20231105 022815.084 INFO             PET0     OCN-TO-ATM: InitializeP0 intro.
20231105 022815.085 INFO             PET0     OCN-TO-ATM: InitializeP0 extro.
20231105 022815.087 INFO             PET0     esm: IInitAdvertise intro.
20231105 022815.087 INFO             PET0     esm: IInitAdvertise extro.
20231105 022815.087 INFO             PET0     ATM: InitializeIPDvXp01 intro.
20231105 022815.090 INFO             PET0     ATM: InitializeIPDvXp01 extro.
20231105 022815.091 INFO             PET0     ATM-TO-OCN: InitializeIPDv05p1 intro.
20231105 022815.099 INFO             PET0     ATM-TO-OCN: InitializeIPDv05p1 extro.
20231105 022815.099 INFO             PET0     OCN-TO-ATM: InitializeIPDv05p1 intro.
20231105 022815.104 INFO             PET0     OCN-TO-ATM: InitializeIPDv05p1 extro.
20231105 022815.104 INFO             PET0     esm: IInitAdvertiseFinish intro.
20231105 022815.104 INFO             PET0     esm: IInitAdvertiseFinish extro.
20231105 022815.104 INFO             PET0     ATM-TO-OCN: InitializeIPDv05p2a intro.
20231105 022815.112 INFO             PET0     ATM-TO-OCN: InitializeIPDv05p2a extro.
20231105 022815.112 INFO             PET0     OCN-TO-ATM: InitializeIPDv05p2a intro.
20231105 022815.116 INFO             PET0     OCN-TO-ATM: InitializeIPDv05p2a extro.
20231105 022815.117 INFO             PET0     ATM-TO-OCN: InitializeIPDv05p2b intro.
20231105 022815.124 INFO             PET0     ATM-TO-OCN: InitializeIPDv05p2b extro.
20231105 022815.124 INFO             PET0     OCN-TO-ATM: InitializeIPDv05p2b intro.
20231105 022815.129 INFO             PET0     OCN-TO-ATM: InitializeIPDv05p2b extro.
20231105 022815.129 INFO             PET0     esm: IInitModifyCplLists intro.
20231105 022815.129 INFO             PET0       Driver is in ModifyCplLists()
20231105 022815.129 INFO             PET0        Found            2  Connectors. Modifying CplList Attribute....
20231105 022815.129 INFO             PET0     esm: IInitModifyCplLists extro.
20231105 022815.130 INFO             PET0     ATM-TO-OCN: InitializeIPDv05p3 intro.
20231105 022815.137 INFO             PET0     ATM-TO-OCN: InitializeIPDv05p3 extro.
20231105 022815.138 INFO             PET0     OCN-TO-ATM: InitializeIPDv05p3 intro.
20231105 022815.142 INFO             PET0     OCN-TO-ATM: InitializeIPDv05p3 extro.
20231105 022815.142 INFO             PET0     <<<esm: leaving Initialize (phase=<none>) with current time: 2010  6  1  0  0  0   0
20231105 022815.142 INFO             PET0   esm: InitializeIPDv02p1 extro.
20231105 022815.142 INFO             PET0   esm: InitializeIPDv02p3 intro.
20231105 022815.142 INFO             PET0     >>>esm: entered Initialize (phase=<none>) with current time: 2010  6  1  0  0  0   0
20231105 022815.143 INFO             PET0     esm: IInitCheck intro.
20231105 022815.143 INFO             PET0     esm: IInitCheck extro.
20231105 022815.143 INFO             PET0     ATM: InitializeIPDvXp04 intro.
20231105 022815.148 INFO             PET0     ATM: InitializeIPDvXp04 extro.
20231105 022815.150 INFO             PET0     ATM-TO-OCN: InitializeIPDv05p4 intro.
20231105 022815.165 INFO             PET0     ATM-TO-OCN: InitializeIPDv05p4 extro.
20231105 022815.165 INFO             PET0     OCN-TO-ATM: InitializeIPDv05p4 intro.
20231105 022815.173 INFO             PET0     OCN-TO-ATM: InitializeIPDv05p4 extro.
20231105 022815.173 INFO             PET0     ATM-TO-OCN: InitializeIPDv05p5 intro.
20231105 022815.187 INFO             PET0     ATM-TO-OCN: InitializeIPDv05p5 extro.
20231105 022815.187 INFO             PET0     OCN-TO-ATM: InitializeIPDv05p5 intro.
20231105 022815.195 INFO             PET0     OCN-TO-ATM: InitializeIPDv05p5 extro.
20231105 022815.195 INFO             PET0     esm: IInitRealize intro.
20231105 022815.195 INFO             PET0     esm: IInitRealize extro.
20231105 022815.195 INFO             PET0     ATM-TO-OCN: InitializeIPDv05p6a intro.
20231105 022815.209 INFO             PET0     ATM-TO-OCN: InitializeIPDv05p6a extro.
20231105 022815.210 INFO             PET0     OCN-TO-ATM: InitializeIPDv05p6a intro.
20231105 022815.217 INFO             PET0     OCN-TO-ATM: InitializeIPDv05p6a extro.
20231105 022815.217 INFO             PET0     ATM-TO-OCN: InitializeIPDv05p6b intro.
20231105 022815.324 INFO             PET0     ATM-TO-OCN: InitializeIPDv05p6b extro.
20231105 022815.325 INFO             PET0     OCN-TO-ATM: InitializeIPDv05p6b intro.
20231105 022815.412 INFO             PET0     OCN-TO-ATM: InitializeIPDv05p6b extro.
20231105 022815.412 INFO             PET0     ATM: InitializeIPDvXp07 intro.
20231105 022815.412 INFO             PET0     ATM: InitializeIPDvXp07 extro.
20231105 022815.412 INFO             PET0     <<<esm: leaving Initialize (phase=<none>) with current time: 2010  6  1  0  0  0   0
20231105 022815.412 INFO             PET0   esm: InitializeIPDv02p3 extro.
20231105 022815.412 INFO             PET0   esm: InitializeIPDv02p5 intro.
20231105 022815.412 INFO             PET0     >>>esm: entered Initialize (phase=<none>) with current time: 2010  6  1  0  0  0   0
20231105 022815.412 INFO             PET0     esm: this is a top level driver, no 'Updated' and 'InitializeDataComplete' info on this level.
20231105 022815.412 INFO             PET0     esm: InitializeIPDv02p5Data intro.
20231105 022815.413 INFO             PET0       esm: InternalInitializeComplete intro.
20231105 022815.413 INFO             PET0         esm: InitializeDataComplete='true'
20231105 022815.413 INFO             PET0       esm: InternalInitializeComplete extro.
20231105 022815.413 INFO             PET0       ATM: InitializeIPDv01p5 intro.
20231105 022815.413 INFO             PET0       ATM: InitializeIPDv01p5 extro.
20231105 022815.415 INFO             PET0       esm: components present that trigger loopDataDependentInitialize().
20231105 022815.415 INFO             PET0       esm: loopDataDependentInitialize intro.
20231105 022815.415 INFO             PET0         esm: component    0=esm, dataComplete (local): true
20231105 022815.415 INFO             PET0         esm: component    0=esm, dataComplete (global):  T
20231105 022815.415 INFO             PET0         esm: component    1=ATM, dataComplete (local): true
20231105 022815.415 INFO             PET0         esm: component    1=ATM, dataComplete (global):  T
20231105 022815.415 INFO             PET0         esm: component    2=OCN, dataComplete (local): true
20231105 022815.415 INFO             PET0         esm: component    2=OCN, dataComplete (global):  T
20231105 022815.415 INFO             PET0         esm: someProgress= F, allComplete= T, present(dataDepAllComplete)= T
20231105 022815.415 INFO             PET0         esm: finished resolving initialize data dependencies on this level.
20231105 022815.415 INFO             PET0       esm: loopDataDependentInitialize extro.
20231105 022815.415 INFO             PET0       esm: loopDataDependentInitialize() returned with dataDepAllComplete:  T
20231105 022815.415 INFO             PET0     esm: InitializeIPDv02p5Data extro.
20231105 022815.415 INFO             PET0     <<<esm: leaving Initialize (phase=<none>) with current time: 2010  6  1  0  0  0   0
20231105 022815.415 INFO             PET0   esm: InitializeIPDv02p5 extro.
20231105 022815.415 INFO             PET0 esm: InitializeGeneric extro.
20231105 022815.415 INFO             PET0 esm: Run intro.
20231105 022815.415 INFO             PET0   >>>esm entered Run (phase=RunPhase1) with current time: 2010  6  1  0  0  0   0
20231105 022815.415 INFO             PET0   esm: after lable_SetRunClock, current time: 2010  6  1  0  0  0   0
20231105 022815.415 INFO             PET0   esm: begin -------> RunSequence.
20231105 022815.415 INFO             PET0     esm: RunSequence event loopLevel=   1  levelMember=   1  loopIteration=   1, current time: 2010  6  1  0  0  0   0
20231105 022815.415 INFO             PET0     ATM-TO-OCN: Run intro.
20231105 022815.416 INFO             PET0     ATM-TO-OCN: Run extro.
20231105 022815.416 INFO             PET0     OCN-TO-ATM: Run intro.
20231105 022815.416 INFO             PET0     OCN-TO-ATM: Run extro.
20231105 022815.417 INFO             PET0     ATM: Run intro.
20231105 022815.417 INFO             PET0       ------>Advancing ATM from: 2010  6  1  0  0  0   0
20231105 022815.417 INFO             PET0       ---------------------> to: 2010  6  1  0 15  0   0
20231105 022815.417 INFO             PET0     ATM: Run extro.
20231105 022815.417 INFO             PET0     esm: RunSequence event loopLevel=   1  levelMember=   1  loopIteration=   2, current time: 2010  6  1  0 15  0   0
20231105 022815.417 INFO             PET0     ATM-TO-OCN: Run intro.
20231105 022815.417 INFO             PET0     ATM-TO-OCN: Run extro.
20231105 022815.417 INFO             PET0     OCN-TO-ATM: Run intro.
20231105 022815.425 INFO             PET0     OCN-TO-ATM: Run extro.
20231105 022815.425 INFO             PET0     ATM: Run intro.
20231105 022815.425 INFO             PET0       ------>Advancing ATM from: 2010  6  1  0 15  0   0
20231105 022815.425 INFO             PET0       ---------------------> to: 2010  6  1  0 30  0   0
20231105 022815.425 INFO             PET0     ATM: Run extro.
20231105 022815.425 INFO             PET0     esm: RunSequence event loopLevel=   1  levelMember=   1  loopIteration=   3, current time: 2010  6  1  0 30  0   0
20231105 022815.426 INFO             PET0     ATM-TO-OCN: Run intro.
20231105 022815.426 INFO             PET0     ATM-TO-OCN: Run extro.
20231105 022815.426 INFO             PET0     OCN-TO-ATM: Run intro.
20231105 022815.430 INFO             PET0     OCN-TO-ATM: Run extro.
20231105 022815.430 INFO             PET0     ATM: Run intro.
20231105 022815.430 INFO             PET0       ------>Advancing ATM from: 2010  6  1  0 30  0   0
20231105 022815.430 INFO             PET0       ---------------------> to: 2010  6  1  0 45  0   0
20231105 022815.430 INFO             PET0     ATM: Run extro.
20231105 022815.430 INFO             PET0     esm: RunSequence event loopLevel=   1  levelMember=   1  loopIteration=   4, current time: 2010  6  1  0 45  0   0
20231105 022815.430 INFO             PET0     ATM-TO-OCN: Run intro.
20231105 022815.430 INFO             PET0     ATM-TO-OCN: Run extro.
20231105 022815.431 INFO             PET0     OCN-TO-ATM: Run intro.
20231105 022815.434 INFO             PET0     OCN-TO-ATM: Run extro.
20231105 022815.434 INFO             PET0     ATM: Run intro.
20231105 022815.435 INFO             PET0       ------>Advancing ATM from: 2010  6  1  0 45  0   0
20231105 022815.435 INFO             PET0       ---------------------> to: 2010  6  1  1  0  0   0
20231105 022815.435 INFO             PET0     ATM: Run extro.
20231105 022815.435 INFO             PET0   esm: end <--------- RunSequence
20231105 022815.435 INFO             PET0   <<<esm - leaving Run with current time: 2010  6  1  1  0  0   0
20231105 022815.435 INFO             PET0 esm: Run extro.
20231105 022815.435 INFO             PET0 esm: Finalize intro.
20231105 022815.435 INFO             PET0   Calling Finalize phase 1 for connectorComp: ATM-TO-OCN
20231105 022815.435 INFO             PET0   ATM-TO-OCN: Finalize intro.
20231105 022815.435 INFO             PET0   ATM-TO-OCN: Finalize extro.
20231105 022815.435 INFO             PET0   Calling Finalize phase 1 for connectorComp: OCN-TO-ATM
20231105 022815.435 INFO             PET0   OCN-TO-ATM: Finalize intro.
20231105 022815.435 INFO             PET0   OCN-TO-ATM: Finalize extro.
20231105 022815.435 INFO             PET0   Calling Finalize phase 1 for modelComp: ATM
20231105 022815.435 INFO             PET0   ATM: Finalize intro.
20231105 022815.435 INFO             PET0   ATM: Finalize extro.
20231105 022815.435 INFO             PET0   Calling Finalize phase 1 for modelComp: OCN
20231105 022815.435 INFO             PET0   Delete modelComp: ATM
20231105 022815.436 INFO             PET0   Delete Import-/Export State for modelComp: ATM
20231105 022815.436 INFO             PET0   Delete modelComp: OCN
20231105 022815.436 INFO             PET0   Delete Import-/Export State for modelComp: OCN
20231105 022815.436 INFO             PET0   Delete connectorComp: ATM-TO-OCN
20231105 022815.436 INFO             PET0   Delete connectorComp: OCN-TO-ATM
20231105 022815.436 INFO             PET0 esm: Finalize extro.
20231105 022815.436 INFO             PET0 esmApp FINISHED
20231105 022815.436 INFO             PET0  Finalizing ESMF
20231105 022815.057 INFO             PET1 !!!!!!!!!!!!!!!!!!!!!!!!!!!!!!!!!!!!!!!!!!!!!!!!!!!!!!
20231105 022815.057 INFO             PET1 !!! THE ESMF_LOG IS SET TO OUTPUT ALL LOG MESSAGES !!!
20231105 022815.057 INFO             PET1 !!!     THIS MAY CAUSE SLOWDOWN IN PERFORMANCE     !!!
20231105 022815.057 INFO             PET1 !!! FOR PRODUCTION RUNS, USE:                      !!!
20231105 022815.057 INFO             PET1 !!!                   ESMF_LOGKIND_Multi_On_Error  !!!
20231105 022815.057 INFO             PET1 !!!!!!!!!!!!!!!!!!!!!!!!!!!!!!!!!!!!!!!!!!!!!!!!!!!!!!
20231105 022815.057 INFO             PET1 Running with ESMF Version   : v8.6.0b13-7-g01b978c4a0
20231105 022815.057 INFO             PET1 ESMF library build date/time: "Nov  5 2023" "01:31:07"
20231105 022815.057 INFO             PET1 ESMF library build location : /tmp/intel_2023.1.0-oneAPI_mpi_g_release_8.6.0/esmf
20231105 022815.057 INFO             PET1 ESMF_COMM                   : mpi
20231105 022815.057 INFO             PET1 ESMF_MOAB                   : enabled
20231105 022815.057 INFO             PET1 ESMF_LAPACK                 : enabled
20231105 022815.057 INFO             PET1 ESMF_NETCDF                 : enabled
20231105 022815.057 INFO             PET1 ESMF_PNETCDF                : disabled
20231105 022815.057 INFO             PET1 ESMF_PIO                    : enabled
20231105 022815.057 INFO             PET1 ESMF_YAMLCPP                : enabled
20231105 022815.057 INFO             PET1 esmApp STARTING
20231105 022815.062 INFO             PET1 esm: InitializeGeneric intro.
20231105 022815.062 INFO             PET1   esm: InitializeP0 intro.
20231105 022815.062 INFO             PET1   esm: InitializeP0 extro.
20231105 022815.062 INFO             PET1   esm: InitializeIPDv02p1 intro.
20231105 022815.062 INFO             PET1     >>>esm: entered Initialize (phase=<none>) without valid internal Clock.
20231105 022815.063 INFO             PET1     esm - Creating model component ATM with petList of size 2 :
20231105 022815.063 INFO             PET1           0      1
20231105 022815.065 INFO             PET1     esm - Creating model component OCN with petList of size 2 :
20231105 022815.065 INFO             PET1           2      3
20231105 022815.065 INFO             PET1     esm - Creating connector component ATM-TO-OCN with petList of size 4 :
20231105 022815.065 INFO             PET1           0      1      2      3
20231105 022815.073 INFO             PET1     esm - Creating connector component OCN-TO-ATM with petList of size 4 :
20231105 022815.073 INFO             PET1           2      3      0      1
20231105 022815.078 INFO             PET1     esm - Creating state: modelComp 1 Import State
20231105 022815.078 INFO             PET1     esm - Creating state: modelComp 1 Export State
20231105 022815.079 INFO             PET1     esm - Creating state: modelComp 2 Import State
20231105 022815.079 INFO             PET1     esm - Creating state: modelComp 2 Export State
20231105 022815.080 INFO             PET1     ATM: InitializeP0 intro.
20231105 022815.081 INFO             PET1     ATM: InitializeP0 extro.
20231105 022815.083 INFO             PET1     ATM-TO-OCN: InitializeP0 intro.
20231105 022815.084 INFO             PET1     ATM-TO-OCN: InitializeP0 extro.
20231105 022815.085 INFO             PET1     OCN-TO-ATM: InitializeP0 intro.
20231105 022815.085 INFO             PET1     OCN-TO-ATM: InitializeP0 extro.
20231105 022815.087 INFO             PET1     esm: IInitAdvertise intro.
20231105 022815.087 INFO             PET1     esm: IInitAdvertise extro.
20231105 022815.087 INFO             PET1     ATM: InitializeIPDvXp01 intro.
20231105 022815.090 INFO             PET1     ATM: InitializeIPDvXp01 extro.
20231105 022815.091 INFO             PET1     ATM-TO-OCN: InitializeIPDv05p1 intro.
20231105 022815.099 INFO             PET1     ATM-TO-OCN: InitializeIPDv05p1 extro.
20231105 022815.099 INFO             PET1     OCN-TO-ATM: InitializeIPDv05p1 intro.
20231105 022815.104 INFO             PET1     OCN-TO-ATM: InitializeIPDv05p1 extro.
20231105 022815.104 INFO             PET1     esm: IInitAdvertiseFinish intro.
20231105 022815.104 INFO             PET1     esm: IInitAdvertiseFinish extro.
20231105 022815.104 INFO             PET1     ATM-TO-OCN: InitializeIPDv05p2a intro.
20231105 022815.112 INFO             PET1     ATM-TO-OCN: InitializeIPDv05p2a extro.
20231105 022815.112 INFO             PET1     OCN-TO-ATM: InitializeIPDv05p2a intro.
20231105 022815.116 INFO             PET1     OCN-TO-ATM: InitializeIPDv05p2a extro.
20231105 022815.117 INFO             PET1     ATM-TO-OCN: InitializeIPDv05p2b intro.
20231105 022815.124 INFO             PET1     ATM-TO-OCN: InitializeIPDv05p2b extro.
20231105 022815.124 INFO             PET1     OCN-TO-ATM: InitializeIPDv05p2b intro.
20231105 022815.129 INFO             PET1     OCN-TO-ATM: InitializeIPDv05p2b extro.
20231105 022815.129 INFO             PET1     esm: IInitModifyCplLists intro.
20231105 022815.129 INFO             PET1       Driver is in ModifyCplLists()
20231105 022815.129 INFO             PET1        Found            2  Connectors. Modifying CplList Attribute....
20231105 022815.129 INFO             PET1     esm: IInitModifyCplLists extro.
20231105 022815.130 INFO             PET1     ATM-TO-OCN: InitializeIPDv05p3 intro.
20231105 022815.137 INFO             PET1     ATM-TO-OCN: InitializeIPDv05p3 extro.
20231105 022815.138 INFO             PET1     OCN-TO-ATM: InitializeIPDv05p3 intro.
20231105 022815.142 INFO             PET1     OCN-TO-ATM: InitializeIPDv05p3 extro.
20231105 022815.142 INFO             PET1     <<<esm: leaving Initialize (phase=<none>) with current time: 2010  6  1  0  0  0   0
20231105 022815.142 INFO             PET1   esm: InitializeIPDv02p1 extro.
20231105 022815.142 INFO             PET1   esm: InitializeIPDv02p3 intro.
20231105 022815.142 INFO             PET1     >>>esm: entered Initialize (phase=<none>) with current time: 2010  6  1  0  0  0   0
20231105 022815.143 INFO             PET1     esm: IInitCheck intro.
20231105 022815.143 INFO             PET1     esm: IInitCheck extro.
20231105 022815.143 INFO             PET1     ATM: InitializeIPDvXp04 intro.
20231105 022815.148 INFO             PET1     ATM: InitializeIPDvXp04 extro.
20231105 022815.150 INFO             PET1     ATM-TO-OCN: InitializeIPDv05p4 intro.
20231105 022815.165 INFO             PET1     ATM-TO-OCN: InitializeIPDv05p4 extro.
20231105 022815.165 INFO             PET1     OCN-TO-ATM: InitializeIPDv05p4 intro.
20231105 022815.173 INFO             PET1     OCN-TO-ATM: InitializeIPDv05p4 extro.
20231105 022815.173 INFO             PET1     ATM-TO-OCN: InitializeIPDv05p5 intro.
20231105 022815.187 INFO             PET1     ATM-TO-OCN: InitializeIPDv05p5 extro.
20231105 022815.187 INFO             PET1     OCN-TO-ATM: InitializeIPDv05p5 intro.
20231105 022815.195 INFO             PET1     OCN-TO-ATM: InitializeIPDv05p5 extro.
20231105 022815.195 INFO             PET1     esm: IInitRealize intro.
20231105 022815.195 INFO             PET1     esm: IInitRealize extro.
20231105 022815.195 INFO             PET1     ATM-TO-OCN: InitializeIPDv05p6a intro.
20231105 022815.209 INFO             PET1     ATM-TO-OCN: InitializeIPDv05p6a extro.
20231105 022815.210 INFO             PET1     OCN-TO-ATM: InitializeIPDv05p6a intro.
20231105 022815.217 INFO             PET1     OCN-TO-ATM: InitializeIPDv05p6a extro.
20231105 022815.217 INFO             PET1     ATM-TO-OCN: InitializeIPDv05p6b intro.
20231105 022815.324 INFO             PET1     ATM-TO-OCN: InitializeIPDv05p6b extro.
20231105 022815.325 INFO             PET1     OCN-TO-ATM: InitializeIPDv05p6b intro.
20231105 022815.412 INFO             PET1     OCN-TO-ATM: InitializeIPDv05p6b extro.
20231105 022815.412 INFO             PET1     ATM: InitializeIPDvXp07 intro.
20231105 022815.412 INFO             PET1     ATM: InitializeIPDvXp07 extro.
20231105 022815.412 INFO             PET1     <<<esm: leaving Initialize (phase=<none>) with current time: 2010  6  1  0  0  0   0
20231105 022815.412 INFO             PET1   esm: InitializeIPDv02p3 extro.
20231105 022815.412 INFO             PET1   esm: InitializeIPDv02p5 intro.
20231105 022815.412 INFO             PET1     >>>esm: entered Initialize (phase=<none>) with current time: 2010  6  1  0  0  0   0
20231105 022815.412 INFO             PET1     esm: this is a top level driver, no 'Updated' and 'InitializeDataComplete' info on this level.
20231105 022815.412 INFO             PET1     esm: InitializeIPDv02p5Data intro.
20231105 022815.413 INFO             PET1       esm: InternalInitializeComplete intro.
20231105 022815.413 INFO             PET1         esm: InitializeDataComplete='true'
20231105 022815.413 INFO             PET1       esm: InternalInitializeComplete extro.
20231105 022815.413 INFO             PET1       ATM: InitializeIPDv01p5 intro.
20231105 022815.413 INFO             PET1       ATM: InitializeIPDv01p5 extro.
20231105 022815.415 INFO             PET1       esm: components present that trigger loopDataDependentInitialize().
20231105 022815.415 INFO             PET1       esm: loopDataDependentInitialize intro.
20231105 022815.415 INFO             PET1         esm: component    0=esm, dataComplete (local): true
20231105 022815.415 INFO             PET1         esm: component    0=esm, dataComplete (global):  T
20231105 022815.415 INFO             PET1         esm: component    1=ATM, dataComplete (local): true
20231105 022815.415 INFO             PET1         esm: component    1=ATM, dataComplete (global):  T
20231105 022815.415 INFO             PET1         esm: component    2=OCN, dataComplete (local): true
20231105 022815.415 INFO             PET1         esm: component    2=OCN, dataComplete (global):  T
20231105 022815.415 INFO             PET1         esm: someProgress= F, allComplete= T, present(dataDepAllComplete)= T
20231105 022815.415 INFO             PET1         esm: finished resolving initialize data dependencies on this level.
20231105 022815.415 INFO             PET1       esm: loopDataDependentInitialize extro.
20231105 022815.415 INFO             PET1       esm: loopDataDependentInitialize() returned with dataDepAllComplete:  T
20231105 022815.415 INFO             PET1     esm: InitializeIPDv02p5Data extro.
20231105 022815.415 INFO             PET1     <<<esm: leaving Initialize (phase=<none>) with current time: 2010  6  1  0  0  0   0
20231105 022815.415 INFO             PET1   esm: InitializeIPDv02p5 extro.
20231105 022815.415 INFO             PET1 esm: InitializeGeneric extro.
20231105 022815.415 INFO             PET1 esm: Run intro.
20231105 022815.415 INFO             PET1   >>>esm entered Run (phase=RunPhase1) with current time: 2010  6  1  0  0  0   0
20231105 022815.415 INFO             PET1   esm: after lable_SetRunClock, current time: 2010  6  1  0  0  0   0
20231105 022815.415 INFO             PET1   esm: begin -------> RunSequence.
20231105 022815.415 INFO             PET1     esm: RunSequence event loopLevel=   1  levelMember=   1  loopIteration=   1, current time: 2010  6  1  0  0  0   0
20231105 022815.415 INFO             PET1     ATM-TO-OCN: Run intro.
20231105 022815.416 INFO             PET1     ATM-TO-OCN: Run extro.
20231105 022815.416 INFO             PET1     OCN-TO-ATM: Run intro.
20231105 022815.416 INFO             PET1     OCN-TO-ATM: Run extro.
20231105 022815.417 INFO             PET1     ATM: Run intro.
20231105 022815.417 INFO             PET1       ------>Advancing ATM from: 2010  6  1  0  0  0   0
20231105 022815.417 INFO             PET1       ---------------------> to: 2010  6  1  0 15  0   0
20231105 022815.417 INFO             PET1     ATM: Run extro.
20231105 022815.417 INFO             PET1     esm: RunSequence event loopLevel=   1  levelMember=   1  loopIteration=   2, current time: 2010  6  1  0 15  0   0
20231105 022815.417 INFO             PET1     ATM-TO-OCN: Run intro.
20231105 022815.417 INFO             PET1     ATM-TO-OCN: Run extro.
20231105 022815.417 INFO             PET1     OCN-TO-ATM: Run intro.
20231105 022815.425 INFO             PET1     OCN-TO-ATM: Run extro.
20231105 022815.425 INFO             PET1     ATM: Run intro.
20231105 022815.425 INFO             PET1       ------>Advancing ATM from: 2010  6  1  0 15  0   0
20231105 022815.425 INFO             PET1       ---------------------> to: 2010  6  1  0 30  0   0
20231105 022815.425 INFO             PET1     ATM: Run extro.
20231105 022815.425 INFO             PET1     esm: RunSequence event loopLevel=   1  levelMember=   1  loopIteration=   3, current time: 2010  6  1  0 30  0   0
20231105 022815.426 INFO             PET1     ATM-TO-OCN: Run intro.
20231105 022815.426 INFO             PET1     ATM-TO-OCN: Run extro.
20231105 022815.426 INFO             PET1     OCN-TO-ATM: Run intro.
20231105 022815.430 INFO             PET1     OCN-TO-ATM: Run extro.
20231105 022815.430 INFO             PET1     ATM: Run intro.
20231105 022815.430 INFO             PET1       ------>Advancing ATM from: 2010  6  1  0 30  0   0
20231105 022815.430 INFO             PET1       ---------------------> to: 2010  6  1  0 45  0   0
20231105 022815.430 INFO             PET1     ATM: Run extro.
20231105 022815.430 INFO             PET1     esm: RunSequence event loopLevel=   1  levelMember=   1  loopIteration=   4, current time: 2010  6  1  0 45  0   0
20231105 022815.430 INFO             PET1     ATM-TO-OCN: Run intro.
20231105 022815.430 INFO             PET1     ATM-TO-OCN: Run extro.
20231105 022815.431 INFO             PET1     OCN-TO-ATM: Run intro.
20231105 022815.434 INFO             PET1     OCN-TO-ATM: Run extro.
20231105 022815.434 INFO             PET1     ATM: Run intro.
20231105 022815.435 INFO             PET1       ------>Advancing ATM from: 2010  6  1  0 45  0   0
20231105 022815.435 INFO             PET1       ---------------------> to: 2010  6  1  1  0  0   0
20231105 022815.435 INFO             PET1     ATM: Run extro.
20231105 022815.435 INFO             PET1   esm: end <--------- RunSequence
20231105 022815.435 INFO             PET1   <<<esm - leaving Run with current time: 2010  6  1  1  0  0   0
20231105 022815.435 INFO             PET1 esm: Run extro.
20231105 022815.435 INFO             PET1 esm: Finalize intro.
20231105 022815.435 INFO             PET1   Calling Finalize phase 1 for connectorComp: ATM-TO-OCN
20231105 022815.435 INFO             PET1   ATM-TO-OCN: Finalize intro.
20231105 022815.435 INFO             PET1   ATM-TO-OCN: Finalize extro.
20231105 022815.435 INFO             PET1   Calling Finalize phase 1 for connectorComp: OCN-TO-ATM
20231105 022815.435 INFO             PET1   OCN-TO-ATM: Finalize intro.
20231105 022815.435 INFO             PET1   OCN-TO-ATM: Finalize extro.
20231105 022815.435 INFO             PET1   Calling Finalize phase 1 for modelComp: ATM
20231105 022815.435 INFO             PET1   ATM: Finalize intro.
20231105 022815.435 INFO             PET1   ATM: Finalize extro.
20231105 022815.435 INFO             PET1   Calling Finalize phase 1 for modelComp: OCN
20231105 022815.435 INFO             PET1   Delete modelComp: ATM
20231105 022815.436 INFO             PET1   Delete Import-/Export State for modelComp: ATM
20231105 022815.436 INFO             PET1   Delete modelComp: OCN
20231105 022815.436 INFO             PET1   Delete Import-/Export State for modelComp: OCN
20231105 022815.436 INFO             PET1   Delete connectorComp: ATM-TO-OCN
20231105 022815.436 INFO             PET1   Delete connectorComp: OCN-TO-ATM
20231105 022815.436 INFO             PET1 esm: Finalize extro.
20231105 022815.436 INFO             PET1 esmApp FINISHED
20231105 022815.436 INFO             PET1  Finalizing ESMF
20231105 022815.057 INFO             PET2 !!!!!!!!!!!!!!!!!!!!!!!!!!!!!!!!!!!!!!!!!!!!!!!!!!!!!!
20231105 022815.057 INFO             PET2 !!! THE ESMF_LOG IS SET TO OUTPUT ALL LOG MESSAGES !!!
20231105 022815.057 INFO             PET2 !!!     THIS MAY CAUSE SLOWDOWN IN PERFORMANCE     !!!
20231105 022815.057 INFO             PET2 !!! FOR PRODUCTION RUNS, USE:                      !!!
20231105 022815.057 INFO             PET2 !!!                   ESMF_LOGKIND_Multi_On_Error  !!!
20231105 022815.057 INFO             PET2 !!!!!!!!!!!!!!!!!!!!!!!!!!!!!!!!!!!!!!!!!!!!!!!!!!!!!!
20231105 022815.057 INFO             PET2 Running with ESMF Version   : v8.6.0b13-7-g01b978c4a0
20231105 022815.057 INFO             PET2 ESMF library build date/time: "Nov  5 2023" "01:31:07"
20231105 022815.057 INFO             PET2 ESMF library build location : /tmp/intel_2023.1.0-oneAPI_mpi_g_release_8.6.0/esmf
20231105 022815.057 INFO             PET2 ESMF_COMM                   : mpi
20231105 022815.057 INFO             PET2 ESMF_MOAB                   : enabled
20231105 022815.057 INFO             PET2 ESMF_LAPACK                 : enabled
20231105 022815.057 INFO             PET2 ESMF_NETCDF                 : enabled
20231105 022815.057 INFO             PET2 ESMF_PNETCDF                : disabled
20231105 022815.057 INFO             PET2 ESMF_PIO                    : enabled
20231105 022815.057 INFO             PET2 ESMF_YAMLCPP                : enabled
20231105 022815.057 INFO             PET2 esmApp STARTING
20231105 022815.062 INFO             PET2 esm: InitializeGeneric intro.
20231105 022815.062 INFO             PET2   esm: InitializeP0 intro.
20231105 022815.062 INFO             PET2   esm: InitializeP0 extro.
20231105 022815.062 INFO             PET2   esm: InitializeIPDv02p1 intro.
20231105 022815.062 INFO             PET2     >>>esm: entered Initialize (phase=<none>) without valid internal Clock.
20231105 022815.063 INFO             PET2     esm - Creating model component ATM with petList of size 2 :
20231105 022815.063 INFO             PET2           0      1
20231105 022815.065 INFO             PET2     esm - Creating model component OCN with petList of size 2 :
20231105 022815.065 INFO             PET2           2      3
20231105 022815.068 INFO             PET2     esm - Creating connector component ATM-TO-OCN with petList of size 4 :
20231105 022815.068 INFO             PET2           0      1      2      3
20231105 022815.073 INFO             PET2     esm - Creating connector component OCN-TO-ATM with petList of size 4 :
20231105 022815.073 INFO             PET2           2      3      0      1
20231105 022815.078 INFO             PET2     esm - Creating state: modelComp 1 Import State
20231105 022815.078 INFO             PET2     esm - Creating state: modelComp 1 Export State
20231105 022815.079 INFO             PET2     esm - Creating state: modelComp 2 Import State
20231105 022815.079 INFO             PET2     esm - Creating state: modelComp 2 Export State
20231105 022815.080 INFO             PET2     OCN: InitializeP0 intro.
20231105 022815.081 INFO             PET2     OCN: InitializeP0 extro.
20231105 022815.083 INFO             PET2     ATM-TO-OCN: InitializeP0 intro.
20231105 022815.084 INFO             PET2     ATM-TO-OCN: InitializeP0 extro.
20231105 022815.085 INFO             PET2     OCN-TO-ATM: InitializeP0 intro.
20231105 022815.085 INFO             PET2     OCN-TO-ATM: InitializeP0 extro.
20231105 022815.087 INFO             PET2     esm: IInitAdvertise intro.
20231105 022815.087 INFO             PET2     esm: IInitAdvertise extro.
20231105 022815.087 INFO             PET2     OCN: InitializeIPDvXp01 intro.
20231105 022815.090 INFO             PET2     OCN: InitializeIPDvXp01 extro.
20231105 022815.091 INFO             PET2     ATM-TO-OCN: InitializeIPDv05p1 intro.
20231105 022815.099 INFO             PET2     ATM-TO-OCN: InitializeIPDv05p1 extro.
20231105 022815.099 INFO             PET2     OCN-TO-ATM: InitializeIPDv05p1 intro.
20231105 022815.104 INFO             PET2     OCN-TO-ATM: InitializeIPDv05p1 extro.
20231105 022815.104 INFO             PET2     esm: IInitAdvertiseFinish intro.
20231105 022815.104 INFO             PET2     esm: IInitAdvertiseFinish extro.
20231105 022815.104 INFO             PET2     ATM-TO-OCN: InitializeIPDv05p2a intro.
20231105 022815.112 INFO             PET2     ATM-TO-OCN: InitializeIPDv05p2a extro.
20231105 022815.112 INFO             PET2     OCN-TO-ATM: InitializeIPDv05p2a intro.
20231105 022815.116 INFO             PET2     OCN-TO-ATM: InitializeIPDv05p2a extro.
20231105 022815.117 INFO             PET2     ATM-TO-OCN: InitializeIPDv05p2b intro.
20231105 022815.124 INFO             PET2     ATM-TO-OCN: InitializeIPDv05p2b extro.
20231105 022815.124 INFO             PET2     OCN-TO-ATM: InitializeIPDv05p2b intro.
20231105 022815.129 INFO             PET2     OCN-TO-ATM: InitializeIPDv05p2b extro.
20231105 022815.129 INFO             PET2     esm: IInitModifyCplLists intro.
20231105 022815.129 INFO             PET2       Driver is in ModifyCplLists()
20231105 022815.129 INFO             PET2        Found            2  Connectors. Modifying CplList Attribute....
20231105 022815.129 INFO             PET2     esm: IInitModifyCplLists extro.
20231105 022815.130 INFO             PET2     ATM-TO-OCN: InitializeIPDv05p3 intro.
20231105 022815.137 INFO             PET2     ATM-TO-OCN: InitializeIPDv05p3 extro.
20231105 022815.138 INFO             PET2     OCN-TO-ATM: InitializeIPDv05p3 intro.
20231105 022815.142 INFO             PET2     OCN-TO-ATM: InitializeIPDv05p3 extro.
20231105 022815.142 INFO             PET2     <<<esm: leaving Initialize (phase=<none>) with current time: 2010  6  1  0  0  0   0
20231105 022815.142 INFO             PET2   esm: InitializeIPDv02p1 extro.
20231105 022815.142 INFO             PET2   esm: InitializeIPDv02p3 intro.
20231105 022815.142 INFO             PET2     >>>esm: entered Initialize (phase=<none>) with current time: 2010  6  1  0  0  0   0
20231105 022815.143 INFO             PET2     esm: IInitCheck intro.
20231105 022815.143 INFO             PET2     esm: IInitCheck extro.
20231105 022815.143 INFO             PET2     OCN: InitializeIPDvXp04 intro.
20231105 022815.149 INFO             PET2     OCN: InitializeIPDvXp04 extro.
20231105 022815.150 INFO             PET2     ATM-TO-OCN: InitializeIPDv05p4 intro.
20231105 022815.165 INFO             PET2     ATM-TO-OCN: InitializeIPDv05p4 extro.
20231105 022815.165 INFO             PET2     OCN-TO-ATM: InitializeIPDv05p4 intro.
20231105 022815.173 INFO             PET2     OCN-TO-ATM: InitializeIPDv05p4 extro.
20231105 022815.173 INFO             PET2     ATM-TO-OCN: InitializeIPDv05p5 intro.
20231105 022815.187 INFO             PET2     ATM-TO-OCN: InitializeIPDv05p5 extro.
20231105 022815.187 INFO             PET2     OCN-TO-ATM: InitializeIPDv05p5 intro.
20231105 022815.195 INFO             PET2     OCN-TO-ATM: InitializeIPDv05p5 extro.
20231105 022815.195 INFO             PET2     esm: IInitRealize intro.
20231105 022815.195 INFO             PET2     esm: IInitRealize extro.
20231105 022815.195 INFO             PET2     ATM-TO-OCN: InitializeIPDv05p6a intro.
20231105 022815.209 INFO             PET2     ATM-TO-OCN: InitializeIPDv05p6a extro.
20231105 022815.210 INFO             PET2     OCN-TO-ATM: InitializeIPDv05p6a intro.
20231105 022815.217 INFO             PET2     OCN-TO-ATM: InitializeIPDv05p6a extro.
20231105 022815.217 INFO             PET2     ATM-TO-OCN: InitializeIPDv05p6b intro.
20231105 022815.324 INFO             PET2     ATM-TO-OCN: InitializeIPDv05p6b extro.
20231105 022815.325 INFO             PET2     OCN-TO-ATM: InitializeIPDv05p6b intro.
20231105 022815.412 INFO             PET2     OCN-TO-ATM: InitializeIPDv05p6b extro.
20231105 022815.412 INFO             PET2     OCN: InitializeIPDvXp07 intro.
20231105 022815.412 INFO             PET2     OCN: InitializeIPDvXp07 extro.
20231105 022815.412 INFO             PET2     <<<esm: leaving Initialize (phase=<none>) with current time: 2010  6  1  0  0  0   0
20231105 022815.412 INFO             PET2   esm: InitializeIPDv02p3 extro.
20231105 022815.412 INFO             PET2   esm: InitializeIPDv02p5 intro.
20231105 022815.412 INFO             PET2     >>>esm: entered Initialize (phase=<none>) with current time: 2010  6  1  0  0  0   0
20231105 022815.412 INFO             PET2     esm: this is a top level driver, no 'Updated' and 'InitializeDataComplete' info on this level.
20231105 022815.413 INFO             PET2     esm: InitializeIPDv02p5Data intro.
20231105 022815.413 INFO             PET2       esm: InternalInitializeComplete intro.
20231105 022815.413 INFO             PET2         esm: InitializeDataComplete='true'
20231105 022815.413 INFO             PET2       esm: InternalInitializeComplete extro.
20231105 022815.413 INFO             PET2       OCN: InitializeIPDv01p5 intro.
20231105 022815.413 INFO             PET2       OCN: InitializeIPDv01p5 extro.
20231105 022815.415 INFO             PET2       esm: components present that trigger loopDataDependentInitialize().
20231105 022815.415 INFO             PET2       esm: loopDataDependentInitialize intro.
20231105 022815.415 INFO             PET2         esm: component    0=esm, dataComplete (local): true
20231105 022815.415 INFO             PET2         esm: component    0=esm, dataComplete (global):  T
20231105 022815.415 INFO             PET2         esm: component    1=ATM, dataComplete (local): true
20231105 022815.415 INFO             PET2         esm: component    1=ATM, dataComplete (global):  T
20231105 022815.415 INFO             PET2         esm: component    2=OCN, dataComplete (local): true
20231105 022815.415 INFO             PET2         esm: component    2=OCN, dataComplete (global):  T
20231105 022815.415 INFO             PET2         esm: someProgress= F, allComplete= T, present(dataDepAllComplete)= T
20231105 022815.415 INFO             PET2         esm: finished resolving initialize data dependencies on this level.
20231105 022815.415 INFO             PET2       esm: loopDataDependentInitialize extro.
20231105 022815.415 INFO             PET2       esm: loopDataDependentInitialize() returned with dataDepAllComplete:  T
20231105 022815.415 INFO             PET2     esm: InitializeIPDv02p5Data extro.
20231105 022815.415 INFO             PET2     <<<esm: leaving Initialize (phase=<none>) with current time: 2010  6  1  0  0  0   0
20231105 022815.415 INFO             PET2   esm: InitializeIPDv02p5 extro.
20231105 022815.415 INFO             PET2 esm: InitializeGeneric extro.
20231105 022815.415 INFO             PET2 esm: Run intro.
20231105 022815.415 INFO             PET2   >>>esm entered Run (phase=RunPhase1) with current time: 2010  6  1  0  0  0   0
20231105 022815.415 INFO             PET2   esm: after lable_SetRunClock, current time: 2010  6  1  0  0  0   0
20231105 022815.415 INFO             PET2   esm: begin -------> RunSequence.
20231105 022815.415 INFO             PET2     esm: RunSequence event loopLevel=   1  levelMember=   1  loopIteration=   1, current time: 2010  6  1  0  0  0   0
20231105 022815.415 INFO             PET2     ATM-TO-OCN: Run intro.
20231105 022815.416 INFO             PET2     ATM-TO-OCN: Run extro.
20231105 022815.416 INFO             PET2     OCN-TO-ATM: Run intro.
20231105 022815.416 INFO             PET2     OCN-TO-ATM: Run extro.
20231105 022815.417 INFO             PET2     OCN: Run intro.
20231105 022815.417 INFO             PET2       ------>Advancing OCN from: 2010  6  1  0  0  0   0
20231105 022815.417 INFO             PET2       ---------------------> to: 2010  6  1  0  5  0   0
20231105 022815.421 INFO             PET2       ------>Advancing OCN from: 2010  6  1  0  5  0   0
20231105 022815.421 INFO             PET2       ---------------------> to: 2010  6  1  0 10  0   0
20231105 022815.423 INFO             PET2       ------>Advancing OCN from: 2010  6  1  0 10  0   0
20231105 022815.423 INFO             PET2       ---------------------> to: 2010  6  1  0 15  0   0
20231105 022815.424 INFO             PET2     OCN: Run extro.
20231105 022815.424 INFO             PET2     esm: RunSequence event loopLevel=   1  levelMember=   1  loopIteration=   2, current time: 2010  6  1  0 15  0   0
20231105 022815.424 INFO             PET2     ATM-TO-OCN: Run intro.
20231105 022815.425 INFO             PET2     ATM-TO-OCN: Run extro.
20231105 022815.425 INFO             PET2     OCN-TO-ATM: Run intro.
20231105 022815.425 INFO             PET2     OCN-TO-ATM: Run extro.
20231105 022815.425 INFO             PET2     OCN: Run intro.
20231105 022815.425 INFO             PET2       ------>Advancing OCN from: 2010  6  1  0 15  0   0
20231105 022815.425 INFO             PET2       ---------------------> to: 2010  6  1  0 20  0   0
20231105 022815.427 INFO             PET2       ------>Advancing OCN from: 2010  6  1  0 20  0   0
20231105 022815.427 INFO             PET2       ---------------------> to: 2010  6  1  0 25  0   0
20231105 022815.428 INFO             PET2       ------>Advancing OCN from: 2010  6  1  0 25  0   0
20231105 022815.428 INFO             PET2       ---------------------> to: 2010  6  1  0 30  0   0
20231105 022815.429 INFO             PET2     OCN: Run extro.
20231105 022815.429 INFO             PET2     esm: RunSequence event loopLevel=   1  levelMember=   1  loopIteration=   3, current time: 2010  6  1  0 30  0   0
20231105 022815.429 INFO             PET2     ATM-TO-OCN: Run intro.
20231105 022815.429 INFO             PET2     ATM-TO-OCN: Run extro.
20231105 022815.430 INFO             PET2     OCN-TO-ATM: Run intro.
20231105 022815.430 INFO             PET2     OCN-TO-ATM: Run extro.
20231105 022815.430 INFO             PET2     OCN: Run intro.
20231105 022815.430 INFO             PET2       ------>Advancing OCN from: 2010  6  1  0 30  0   0
20231105 022815.430 INFO             PET2       ---------------------> to: 2010  6  1  0 35  0   0
20231105 022815.431 INFO             PET2       ------>Advancing OCN from: 2010  6  1  0 35  0   0
20231105 022815.431 INFO             PET2       ---------------------> to: 2010  6  1  0 40  0   0
20231105 022815.432 INFO             PET2       ------>Advancing OCN from: 2010  6  1  0 40  0   0
20231105 022815.432 INFO             PET2       ---------------------> to: 2010  6  1  0 45  0   0
20231105 022815.434 INFO             PET2     OCN: Run extro.
20231105 022815.434 INFO             PET2     esm: RunSequence event loopLevel=   1  levelMember=   1  loopIteration=   4, current time: 2010  6  1  0 45  0   0
20231105 022815.434 INFO             PET2     ATM-TO-OCN: Run intro.
20231105 022815.434 INFO             PET2     ATM-TO-OCN: Run extro.
20231105 022815.434 INFO             PET2     OCN-TO-ATM: Run intro.
20231105 022815.434 INFO             PET2     OCN-TO-ATM: Run extro.
20231105 022815.434 INFO             PET2     OCN: Run intro.
20231105 022815.435 INFO             PET2       ------>Advancing OCN from: 2010  6  1  0 45  0   0
20231105 022815.435 INFO             PET2       ---------------------> to: 2010  6  1  0 50  0   0
20231105 022815.436 INFO             PET2       ------>Advancing OCN from: 2010  6  1  0 50  0   0
20231105 022815.436 INFO             PET2       ---------------------> to: 2010  6  1  0 55  0   0
20231105 022815.437 INFO             PET2       ------>Advancing OCN from: 2010  6  1  0 55  0   0
20231105 022815.437 INFO             PET2       ---------------------> to: 2010  6  1  1  0  0   0
20231105 022815.438 INFO             PET2     OCN: Run extro.
20231105 022815.438 INFO             PET2   esm: end <--------- RunSequence
20231105 022815.438 INFO             PET2   <<<esm - leaving Run with current time: 2010  6  1  1  0  0   0
20231105 022815.438 INFO             PET2 esm: Run extro.
20231105 022815.439 INFO             PET2 esm: Finalize intro.
20231105 022815.439 INFO             PET2   Calling Finalize phase 1 for connectorComp: ATM-TO-OCN
20231105 022815.439 INFO             PET2   ATM-TO-OCN: Finalize intro.
20231105 022815.439 INFO             PET2   ATM-TO-OCN: Finalize extro.
20231105 022815.439 INFO             PET2   Calling Finalize phase 1 for connectorComp: OCN-TO-ATM
20231105 022815.439 INFO             PET2   OCN-TO-ATM: Finalize intro.
20231105 022815.439 INFO             PET2   OCN-TO-ATM: Finalize extro.
20231105 022815.439 INFO             PET2   Calling Finalize phase 1 for modelComp: ATM
20231105 022815.439 INFO             PET2   Calling Finalize phase 1 for modelComp: OCN
20231105 022815.439 INFO             PET2   OCN: Finalize intro.
20231105 022815.439 INFO             PET2   OCN: Finalize extro.
20231105 022815.439 INFO             PET2   Delete modelComp: ATM
20231105 022815.439 INFO             PET2   Delete Import-/Export State for modelComp: ATM
20231105 022815.439 INFO             PET2   Delete modelComp: OCN
20231105 022815.439 INFO             PET2   Delete Import-/Export State for modelComp: OCN
20231105 022815.439 INFO             PET2   Delete connectorComp: ATM-TO-OCN
20231105 022815.440 INFO             PET2   Delete connectorComp: OCN-TO-ATM
20231105 022815.440 INFO             PET2 esm: Finalize extro.
20231105 022815.440 INFO             PET2 esmApp FINISHED
20231105 022815.440 INFO             PET2  Finalizing ESMF
20231105 022815.057 INFO             PET3 !!!!!!!!!!!!!!!!!!!!!!!!!!!!!!!!!!!!!!!!!!!!!!!!!!!!!!
20231105 022815.057 INFO             PET3 !!! THE ESMF_LOG IS SET TO OUTPUT ALL LOG MESSAGES !!!
20231105 022815.057 INFO             PET3 !!!     THIS MAY CAUSE SLOWDOWN IN PERFORMANCE     !!!
20231105 022815.057 INFO             PET3 !!! FOR PRODUCTION RUNS, USE:                      !!!
20231105 022815.057 INFO             PET3 !!!                   ESMF_LOGKIND_Multi_On_Error  !!!
20231105 022815.057 INFO             PET3 !!!!!!!!!!!!!!!!!!!!!!!!!!!!!!!!!!!!!!!!!!!!!!!!!!!!!!
20231105 022815.057 INFO             PET3 Running with ESMF Version   : v8.6.0b13-7-g01b978c4a0
20231105 022815.057 INFO             PET3 ESMF library build date/time: "Nov  5 2023" "01:31:07"
20231105 022815.057 INFO             PET3 ESMF library build location : /tmp/intel_2023.1.0-oneAPI_mpi_g_release_8.6.0/esmf
20231105 022815.057 INFO             PET3 ESMF_COMM                   : mpi
20231105 022815.057 INFO             PET3 ESMF_MOAB                   : enabled
20231105 022815.057 INFO             PET3 ESMF_LAPACK                 : enabled
20231105 022815.057 INFO             PET3 ESMF_NETCDF                 : enabled
20231105 022815.057 INFO             PET3 ESMF_PNETCDF                : disabled
20231105 022815.057 INFO             PET3 ESMF_PIO                    : enabled
20231105 022815.057 INFO             PET3 ESMF_YAMLCPP                : enabled
20231105 022815.057 INFO             PET3 esmApp STARTING
20231105 022815.062 INFO             PET3 esm: InitializeGeneric intro.
20231105 022815.062 INFO             PET3   esm: InitializeP0 intro.
20231105 022815.062 INFO             PET3   esm: InitializeP0 extro.
20231105 022815.062 INFO             PET3   esm: InitializeIPDv02p1 intro.
20231105 022815.062 INFO             PET3     >>>esm: entered Initialize (phase=<none>) without valid internal Clock.
20231105 022815.063 INFO             PET3     esm - Creating model component ATM with petList of size 2 :
20231105 022815.063 INFO             PET3           0      1
20231105 022815.065 INFO             PET3     esm - Creating model component OCN with petList of size 2 :
20231105 022815.065 INFO             PET3           2      3
20231105 022815.068 INFO             PET3     esm - Creating connector component ATM-TO-OCN with petList of size 4 :
20231105 022815.068 INFO             PET3           0      1      2      3
20231105 022815.073 INFO             PET3     esm - Creating connector component OCN-TO-ATM with petList of size 4 :
20231105 022815.073 INFO             PET3           2      3      0      1
20231105 022815.078 INFO             PET3     esm - Creating state: modelComp 1 Import State
20231105 022815.078 INFO             PET3     esm - Creating state: modelComp 1 Export State
20231105 022815.079 INFO             PET3     esm - Creating state: modelComp 2 Import State
20231105 022815.079 INFO             PET3     esm - Creating state: modelComp 2 Export State
20231105 022815.080 INFO             PET3     OCN: InitializeP0 intro.
20231105 022815.081 INFO             PET3     OCN: InitializeP0 extro.
20231105 022815.083 INFO             PET3     ATM-TO-OCN: InitializeP0 intro.
20231105 022815.084 INFO             PET3     ATM-TO-OCN: InitializeP0 extro.
20231105 022815.085 INFO             PET3     OCN-TO-ATM: InitializeP0 intro.
20231105 022815.085 INFO             PET3     OCN-TO-ATM: InitializeP0 extro.
20231105 022815.087 INFO             PET3     esm: IInitAdvertise intro.
20231105 022815.087 INFO             PET3     esm: IInitAdvertise extro.
20231105 022815.087 INFO             PET3     OCN: InitializeIPDvXp01 intro.
20231105 022815.090 INFO             PET3     OCN: InitializeIPDvXp01 extro.
20231105 022815.091 INFO             PET3     ATM-TO-OCN: InitializeIPDv05p1 intro.
20231105 022815.099 INFO             PET3     ATM-TO-OCN: InitializeIPDv05p1 extro.
20231105 022815.099 INFO             PET3     OCN-TO-ATM: InitializeIPDv05p1 intro.
20231105 022815.104 INFO             PET3     OCN-TO-ATM: InitializeIPDv05p1 extro.
20231105 022815.104 INFO             PET3     esm: IInitAdvertiseFinish intro.
20231105 022815.104 INFO             PET3     esm: IInitAdvertiseFinish extro.
20231105 022815.104 INFO             PET3     ATM-TO-OCN: InitializeIPDv05p2a intro.
20231105 022815.112 INFO             PET3     ATM-TO-OCN: InitializeIPDv05p2a extro.
20231105 022815.112 INFO             PET3     OCN-TO-ATM: InitializeIPDv05p2a intro.
20231105 022815.116 INFO             PET3     OCN-TO-ATM: InitializeIPDv05p2a extro.
20231105 022815.117 INFO             PET3     ATM-TO-OCN: InitializeIPDv05p2b intro.
20231105 022815.124 INFO             PET3     ATM-TO-OCN: InitializeIPDv05p2b extro.
20231105 022815.124 INFO             PET3     OCN-TO-ATM: InitializeIPDv05p2b intro.
20231105 022815.129 INFO             PET3     OCN-TO-ATM: InitializeIPDv05p2b extro.
20231105 022815.129 INFO             PET3     esm: IInitModifyCplLists intro.
20231105 022815.129 INFO             PET3       Driver is in ModifyCplLists()
20231105 022815.129 INFO             PET3        Found            2  Connectors. Modifying CplList Attribute....
20231105 022815.129 INFO             PET3     esm: IInitModifyCplLists extro.
20231105 022815.130 INFO             PET3     ATM-TO-OCN: InitializeIPDv05p3 intro.
20231105 022815.137 INFO             PET3     ATM-TO-OCN: InitializeIPDv05p3 extro.
20231105 022815.138 INFO             PET3     OCN-TO-ATM: InitializeIPDv05p3 intro.
20231105 022815.142 INFO             PET3     OCN-TO-ATM: InitializeIPDv05p3 extro.
20231105 022815.142 INFO             PET3     <<<esm: leaving Initialize (phase=<none>) with current time: 2010  6  1  0  0  0   0
20231105 022815.142 INFO             PET3   esm: InitializeIPDv02p1 extro.
20231105 022815.142 INFO             PET3   esm: InitializeIPDv02p3 intro.
20231105 022815.142 INFO             PET3     >>>esm: entered Initialize (phase=<none>) with current time: 2010  6  1  0  0  0   0
20231105 022815.143 INFO             PET3     esm: IInitCheck intro.
20231105 022815.143 INFO             PET3     esm: IInitCheck extro.
20231105 022815.143 INFO             PET3     OCN: InitializeIPDvXp04 intro.
20231105 022815.148 INFO             PET3     OCN: InitializeIPDvXp04 extro.
20231105 022815.150 INFO             PET3     ATM-TO-OCN: InitializeIPDv05p4 intro.
20231105 022815.165 INFO             PET3     ATM-TO-OCN: InitializeIPDv05p4 extro.
20231105 022815.165 INFO             PET3     OCN-TO-ATM: InitializeIPDv05p4 intro.
20231105 022815.173 INFO             PET3     OCN-TO-ATM: InitializeIPDv05p4 extro.
20231105 022815.173 INFO             PET3     ATM-TO-OCN: InitializeIPDv05p5 intro.
20231105 022815.187 INFO             PET3     ATM-TO-OCN: InitializeIPDv05p5 extro.
20231105 022815.187 INFO             PET3     OCN-TO-ATM: InitializeIPDv05p5 intro.
20231105 022815.195 INFO             PET3     OCN-TO-ATM: InitializeIPDv05p5 extro.
20231105 022815.195 INFO             PET3     esm: IInitRealize intro.
20231105 022815.195 INFO             PET3     esm: IInitRealize extro.
20231105 022815.195 INFO             PET3     ATM-TO-OCN: InitializeIPDv05p6a intro.
20231105 022815.209 INFO             PET3     ATM-TO-OCN: InitializeIPDv05p6a extro.
20231105 022815.210 INFO             PET3     OCN-TO-ATM: InitializeIPDv05p6a intro.
20231105 022815.217 INFO             PET3     OCN-TO-ATM: InitializeIPDv05p6a extro.
20231105 022815.217 INFO             PET3     ATM-TO-OCN: InitializeIPDv05p6b intro.
20231105 022815.324 INFO             PET3     ATM-TO-OCN: InitializeIPDv05p6b extro.
20231105 022815.325 INFO             PET3     OCN-TO-ATM: InitializeIPDv05p6b intro.
20231105 022815.412 INFO             PET3     OCN-TO-ATM: InitializeIPDv05p6b extro.
20231105 022815.412 INFO             PET3     OCN: InitializeIPDvXp07 intro.
20231105 022815.412 INFO             PET3     OCN: InitializeIPDvXp07 extro.
20231105 022815.412 INFO             PET3     <<<esm: leaving Initialize (phase=<none>) with current time: 2010  6  1  0  0  0   0
20231105 022815.412 INFO             PET3   esm: InitializeIPDv02p3 extro.
20231105 022815.412 INFO             PET3   esm: InitializeIPDv02p5 intro.
20231105 022815.412 INFO             PET3     >>>esm: entered Initialize (phase=<none>) with current time: 2010  6  1  0  0  0   0
20231105 022815.412 INFO             PET3     esm: this is a top level driver, no 'Updated' and 'InitializeDataComplete' info on this level.
20231105 022815.413 INFO             PET3     esm: InitializeIPDv02p5Data intro.
20231105 022815.413 INFO             PET3       esm: InternalInitializeComplete intro.
20231105 022815.413 INFO             PET3         esm: InitializeDataComplete='true'
20231105 022815.413 INFO             PET3       esm: InternalInitializeComplete extro.
20231105 022815.413 INFO             PET3       OCN: InitializeIPDv01p5 intro.
20231105 022815.413 INFO             PET3       OCN: InitializeIPDv01p5 extro.
20231105 022815.415 INFO             PET3       esm: components present that trigger loopDataDependentInitialize().
20231105 022815.415 INFO             PET3       esm: loopDataDependentInitialize intro.
20231105 022815.415 INFO             PET3         esm: component    0=esm, dataComplete (local): true
20231105 022815.415 INFO             PET3         esm: component    0=esm, dataComplete (global):  T
20231105 022815.415 INFO             PET3         esm: component    1=ATM, dataComplete (local): true
20231105 022815.415 INFO             PET3         esm: component    1=ATM, dataComplete (global):  T
20231105 022815.415 INFO             PET3         esm: component    2=OCN, dataComplete (local): true
20231105 022815.415 INFO             PET3         esm: component    2=OCN, dataComplete (global):  T
20231105 022815.415 INFO             PET3         esm: someProgress= F, allComplete= T, present(dataDepAllComplete)= T
20231105 022815.415 INFO             PET3         esm: finished resolving initialize data dependencies on this level.
20231105 022815.415 INFO             PET3       esm: loopDataDependentInitialize extro.
20231105 022815.415 INFO             PET3       esm: loopDataDependentInitialize() returned with dataDepAllComplete:  T
20231105 022815.415 INFO             PET3     esm: InitializeIPDv02p5Data extro.
20231105 022815.415 INFO             PET3     <<<esm: leaving Initialize (phase=<none>) with current time: 2010  6  1  0  0  0   0
20231105 022815.415 INFO             PET3   esm: InitializeIPDv02p5 extro.
20231105 022815.415 INFO             PET3 esm: InitializeGeneric extro.
20231105 022815.415 INFO             PET3 esm: Run intro.
20231105 022815.415 INFO             PET3   >>>esm entered Run (phase=RunPhase1) with current time: 2010  6  1  0  0  0   0
20231105 022815.415 INFO             PET3   esm: after lable_SetRunClock, current time: 2010  6  1  0  0  0   0
20231105 022815.415 INFO             PET3   esm: begin -------> RunSequence.
20231105 022815.415 INFO             PET3     esm: RunSequence event loopLevel=   1  levelMember=   1  loopIteration=   1, current time: 2010  6  1  0  0  0   0
20231105 022815.415 INFO             PET3     ATM-TO-OCN: Run intro.
20231105 022815.416 INFO             PET3     ATM-TO-OCN: Run extro.
20231105 022815.416 INFO             PET3     OCN-TO-ATM: Run intro.
20231105 022815.416 INFO             PET3     OCN-TO-ATM: Run extro.
20231105 022815.417 INFO             PET3     OCN: Run intro.
20231105 022815.417 INFO             PET3       ------>Advancing OCN from: 2010  6  1  0  0  0   0
20231105 022815.417 INFO             PET3       ---------------------> to: 2010  6  1  0  5  0   0
20231105 022815.421 INFO             PET3       ------>Advancing OCN from: 2010  6  1  0  5  0   0
20231105 022815.421 INFO             PET3       ---------------------> to: 2010  6  1  0 10  0   0
20231105 022815.423 INFO             PET3       ------>Advancing OCN from: 2010  6  1  0 10  0   0
20231105 022815.423 INFO             PET3       ---------------------> to: 2010  6  1  0 15  0   0
20231105 022815.424 INFO             PET3     OCN: Run extro.
20231105 022815.424 INFO             PET3     esm: RunSequence event loopLevel=   1  levelMember=   1  loopIteration=   2, current time: 2010  6  1  0 15  0   0
20231105 022815.424 INFO             PET3     ATM-TO-OCN: Run intro.
20231105 022815.425 INFO             PET3     ATM-TO-OCN: Run extro.
20231105 022815.425 INFO             PET3     OCN-TO-ATM: Run intro.
20231105 022815.425 INFO             PET3     OCN-TO-ATM: Run extro.
20231105 022815.425 INFO             PET3     OCN: Run intro.
20231105 022815.425 INFO             PET3       ------>Advancing OCN from: 2010  6  1  0 15  0   0
20231105 022815.425 INFO             PET3       ---------------------> to: 2010  6  1  0 20  0   0
20231105 022815.427 INFO             PET3       ------>Advancing OCN from: 2010  6  1  0 20  0   0
20231105 022815.427 INFO             PET3       ---------------------> to: 2010  6  1  0 25  0   0
20231105 022815.428 INFO             PET3       ------>Advancing OCN from: 2010  6  1  0 25  0   0
20231105 022815.428 INFO             PET3       ---------------------> to: 2010  6  1  0 30  0   0
20231105 022815.429 INFO             PET3     OCN: Run extro.
20231105 022815.429 INFO             PET3     esm: RunSequence event loopLevel=   1  levelMember=   1  loopIteration=   3, current time: 2010  6  1  0 30  0   0
20231105 022815.429 INFO             PET3     ATM-TO-OCN: Run intro.
20231105 022815.429 INFO             PET3     ATM-TO-OCN: Run extro.
20231105 022815.430 INFO             PET3     OCN-TO-ATM: Run intro.
20231105 022815.430 INFO             PET3     OCN-TO-ATM: Run extro.
20231105 022815.430 INFO             PET3     OCN: Run intro.
20231105 022815.430 INFO             PET3       ------>Advancing OCN from: 2010  6  1  0 30  0   0
20231105 022815.430 INFO             PET3       ---------------------> to: 2010  6  1  0 35  0   0
20231105 022815.431 INFO             PET3       ------>Advancing OCN from: 2010  6  1  0 35  0   0
20231105 022815.431 INFO             PET3       ---------------------> to: 2010  6  1  0 40  0   0
20231105 022815.432 INFO             PET3       ------>Advancing OCN from: 2010  6  1  0 40  0   0
20231105 022815.432 INFO             PET3       ---------------------> to: 2010  6  1  0 45  0   0
20231105 022815.434 INFO             PET3     OCN: Run extro.
20231105 022815.434 INFO             PET3     esm: RunSequence event loopLevel=   1  levelMember=   1  loopIteration=   4, current time: 2010  6  1  0 45  0   0
20231105 022815.434 INFO             PET3     ATM-TO-OCN: Run intro.
20231105 022815.434 INFO             PET3     ATM-TO-OCN: Run extro.
20231105 022815.434 INFO             PET3     OCN-TO-ATM: Run intro.
20231105 022815.434 INFO             PET3     OCN-TO-ATM: Run extro.
20231105 022815.434 INFO             PET3     OCN: Run intro.
20231105 022815.435 INFO             PET3       ------>Advancing OCN from: 2010  6  1  0 45  0   0
20231105 022815.435 INFO             PET3       ---------------------> to: 2010  6  1  0 50  0   0
20231105 022815.436 INFO             PET3       ------>Advancing OCN from: 2010  6  1  0 50  0   0
20231105 022815.436 INFO             PET3       ---------------------> to: 2010  6  1  0 55  0   0
20231105 022815.437 INFO             PET3       ------>Advancing OCN from: 2010  6  1  0 55  0   0
20231105 022815.437 INFO             PET3       ---------------------> to: 2010  6  1  1  0  0   0
20231105 022815.438 INFO             PET3     OCN: Run extro.
20231105 022815.438 INFO             PET3   esm: end <--------- RunSequence
20231105 022815.438 INFO             PET3   <<<esm - leaving Run with current time: 2010  6  1  1  0  0   0
20231105 022815.438 INFO             PET3 esm: Run extro.
20231105 022815.439 INFO             PET3 esm: Finalize intro.
20231105 022815.439 INFO             PET3   Calling Finalize phase 1 for connectorComp: ATM-TO-OCN
20231105 022815.439 INFO             PET3   ATM-TO-OCN: Finalize intro.
20231105 022815.439 INFO             PET3   ATM-TO-OCN: Finalize extro.
20231105 022815.439 INFO             PET3   Calling Finalize phase 1 for connectorComp: OCN-TO-ATM
20231105 022815.439 INFO             PET3   OCN-TO-ATM: Finalize intro.
20231105 022815.439 INFO             PET3   OCN-TO-ATM: Finalize extro.
20231105 022815.439 INFO             PET3   Calling Finalize phase 1 for modelComp: ATM
20231105 022815.439 INFO             PET3   Calling Finalize phase 1 for modelComp: OCN
20231105 022815.439 INFO             PET3   OCN: Finalize intro.
20231105 022815.439 INFO             PET3   OCN: Finalize extro.
20231105 022815.439 INFO             PET3   Delete modelComp: ATM
20231105 022815.439 INFO             PET3   Delete Import-/Export State for modelComp: ATM
20231105 022815.439 INFO             PET3   Delete modelComp: OCN
20231105 022815.439 INFO             PET3   Delete Import-/Export State for modelComp: OCN
20231105 022815.439 INFO             PET3   Delete connectorComp: ATM-TO-OCN
20231105 022815.440 INFO             PET3   Delete connectorComp: OCN-TO-ATM
20231105 022815.440 INFO             PET3 esm: Finalize extro.
20231105 022815.440 INFO             PET3 esmApp FINISHED
20231105 022815.440 INFO             PET3  Finalizing ESMF
