2023-11-08 00:48:56
slurmstepd: error: couldn't chdir to `/tmp/intel_2023.1.0-oneAPI_mpi_g_release_8.6.0/nuopc-app-prototypes/NestingTelescopeMultipleProto': No such file or directory: going to /tmp instead
 NUOPC_DriverPrint for PET:           0
   Model, Mediator, and Driver components, in the order
   that they were added to the Driver:
           1 :  advectDiff_Parent
           2 :  advectDiff_Gen1Nestling0
           3 :  advectDiff_Gen1Nestling1
           4 :  advectDiff_Gen2Nestling0
   Connector components, in the order
   that they were added to the Driver:
           1 :  advectDiff_Parent-TO-advectDiff_Gen1Nestling0
           2 :  advectDiff_Parent-TO-advectDiff_Gen1Nestling1
           3 :  advectDiff_Gen1Nestling0-TO-advectDiff_Gen2Nestling0
NUOPC_RunSequenceArrayPrint: element     1 out of      2
runSeq::
 runElementPrint:      1     2     1 F T
 runElementPrint:      1     3     1 F T
 runElementPrint:      1    -1     1 F T
 runElementPrint:     -2     0     0 F T
 runElementPrint:      3    -1     1 F T
 runElementPrint:     -1    -1     0 F F
::
NUOPC_RunSequenceArrayPrint: element     2 out of      2
runSeq::
 runElementPrint:      2     4     1 F T
 runElementPrint:      2    -1     1 F T
 runElementPrint:      4    -1     1 F T
 runElementPrint:     -2    -1     0 F F
::
 NUOPC_DriverPrint for PET:           1
   Model, Mediator, and Driver components, in the order
   that they were added to the Driver:
           1 :  advectDiff_Parent
           2 :  advectDiff_Gen1Nestling0
           3 :  advectDiff_Gen1Nestling1
           4 :  advectDiff_Gen2Nestling0
   Connector components, in the order
   that they were added to the Driver:
           1 :  advectDiff_Parent-TO-advectDiff_Gen1Nestling0
           2 :  advectDiff_Parent-TO-advectDiff_Gen1Nestling1
           3 :  advectDiff_Gen1Nestling0-TO-advectDiff_Gen2Nestling0
NUOPC_RunSequenceArrayPrint: element     1 out of      2
runSeq::
 runElementPrint:      1     2     1 F T
 runElementPrint:      1     3     1 F T
 runElementPrint:      1    -1     1 F T
 runElementPrint:     -2     0     0 F T
 runElementPrint:      3    -1     1 F T
 runElementPrint:     -1    -1     0 F F
::
NUOPC_RunSequenceArrayPrint: element     2 out of      2
runSeq::
 runElementPrint:      2     4     1 F T
 runElementPrint:      2    -1     1 F T
 runElementPrint:      4    -1     1 F T
 runElementPrint:     -2    -1     0 F F
::
 NUOPC_DriverPrint for PET:           2
   Model, Mediator, and Driver components, in the order
   that they were added to the Driver:
           1 :  advectDiff_Parent
           2 :  advectDiff_Gen1Nestling0
           3 :  advectDiff_Gen1Nestling1
           4 :  advectDiff_Gen2Nestling0
   Connector components, in the order
   that they were added to the Driver:
           1 :  advectDiff_Parent-TO-advectDiff_Gen1Nestling0
           2 :  advectDiff_Parent-TO-advectDiff_Gen1Nestling1
           3 :  advectDiff_Gen1Nestling0-TO-advectDiff_Gen2Nestling0
NUOPC_RunSequenceArrayPrint: element     1 out of      2
runSeq::
 runElementPrint:      1     2     1 F T
 runElementPrint:      1     3     1 F T
 runElementPrint:      1    -1     1 F T
 runElementPrint:     -2     0     0 F T
 runElementPrint:      3    -1     1 F T
 runElementPrint:     -1    -1     0 F F
::
NUOPC_RunSequenceArrayPrint: element     2 out of      2
runSeq::
 runElementPrint:      2     4     1 F T
 runElementPrint:      2    -1     1 F T
 runElementPrint:      4    -1     1 F T
 runElementPrint:     -2    -1     0 F F
::
 NUOPC_DriverPrint for PET:           3
   Model, Mediator, and Driver components, in the order
   that they were added to the Driver:
           1 :  advectDiff_Parent
           2 :  advectDiff_Gen1Nestling0
           3 :  advectDiff_Gen1Nestling1
           4 :  advectDiff_Gen2Nestling0
   Connector components, in the order
   that they were added to the Driver:
           1 :  advectDiff_Parent-TO-advectDiff_Gen1Nestling0
           2 :  advectDiff_Parent-TO-advectDiff_Gen1Nestling1
           3 :  advectDiff_Gen1Nestling0-TO-advectDiff_Gen2Nestling0
NUOPC_RunSequenceArrayPrint: element     1 out of      2
runSeq::
 runElementPrint:      1     2     1 F T
 runElementPrint:      1     3     1 F T
 runElementPrint:      1    -1     1 F T
 runElementPrint:     -2     0     0 F T
 runElementPrint:      3    -1     1 F T
 runElementPrint:     -1    -1     0 F F
::
NUOPC_RunSequenceArrayPrint: element     2 out of      2
runSeq::
 runElementPrint:      2     4     1 F T
 runElementPrint:      2    -1     1 F T
 runElementPrint:      4    -1     1 F T
 runElementPrint:     -2    -1     0 F F
::
forrtl: severe (174): SIGSEGV, segmentation fault occurred
Image              PC                Routine            Line        Source             
libpthread-2.31.s  00001456E261B910  Unknown               Unknown  Unknown
mainApp            0000000000459EB9  Unknown               Unknown  Unknown
mainApp            000000000045AE90  Unknown               Unknown  Unknown
mainApp            000000000045A035  Unknown               Unknown  Unknown
libesmf.so         00001456E84B05DC  f_esmf_compcollec         516  ESMF_Comp_C.F90
libesmf.so         00001456E8055332  finalize                 3515  ESMCI_VM.C
libesmf.so         00001456E801FE37  c_esmc_vmfinalize        1241  ESMCI_VM_F.C
libesmf.so         00001456E90CA4CB  c_esmc_vmfinalize           0  ESMF_VM.F90
libesmf.so         00001456E90C2092  esmf_vmfinalize          9474  ESMF_VM.F90
libesmf.so         00001456E8BE7B0A  esmf_finalize            1693  ESMF_Init.F90
mainApp            00000000004186F9  mainapp                   112  mainApp.F90
mainApp            0000000000417C3D  Unknown               Unknown  Unknown
libc-2.31.so       00001456E244324D  __libc_start_main     Unknown  Unknown
mainApp            0000000000417B6A  Unknown               Unknown  Unknown
forrtl: severe (174): SIGSEGV, segmentation fault occurred
Image              PC                Routine            Line        Source             
libpthread-2.31.s  0000147B13D8B910  Unknown               Unknown  Unknown
mainApp            0000000000459EE3  Unknown               Unknown  Unknown
mainApp            000000000045AE90  Unknown               Unknown  Unknown
mainApp            000000000045A035  Unknown               Unknown  Unknown
libesmf.so         0000147B19C205DC  f_esmf_compcollec         516  ESMF_Comp_C.F90
libesmf.so         0000147B197C5332  finalize                 3515  ESMCI_VM.C
libesmf.so         0000147B1978FE37  c_esmc_vmfinalize        1241  ESMCI_VM_F.C
libesmf.so         0000147B1A83A4CB  c_esmc_vmfinalize           0  ESMF_VM.F90
libesmf.so         0000147B1A832092  esmf_vmfinalize          9474  ESMF_VM.F90
libesmf.so         0000147B1A357B0A  esmf_finalize            1693  ESMF_Init.F90
mainApp            00000000004186F9  mainapp                   112  mainApp.F90
mainApp            0000000000417C3D  Unknown               Unknown  Unknown
libc-2.31.so       0000147B13BB324D  __libc_start_main     Unknown  Unknown
mainApp            0000000000417B6A  Unknown               Unknown  Unknown
forrtl: severe (174): SIGSEGV, segmentation fault occurred
Image              PC                Routine            Line        Source             
libpthread-2.31.s  000014D74720C910  Unknown               Unknown  Unknown
mainApp            0000000000459E90  Unknown               Unknown  Unknown
mainApp            000000000045AE90  Unknown               Unknown  Unknown
mainApp            000000000045A035  Unknown               Unknown  Unknown
libesmf.so         000014D74D0A15DC  f_esmf_compcollec         516  ESMF_Comp_C.F90
libesmf.so         000014D74CC46332  finalize                 3515  ESMCI_VM.C
libesmf.so         000014D74CC10E37  c_esmc_vmfinalize        1241  ESMCI_VM_F.C
libesmf.so         000014D74DCBB4CB  c_esmc_vmfinalize           0  ESMF_VM.F90
libesmf.so         000014D74DCB3092  esmf_vmfinalize          9474  ESMF_VM.F90
libesmf.so         000014D74D7D8B0A  esmf_finalize            1693  ESMF_Init.F90
mainApp            00000000004186F9  mainapp                   112  mainApp.F90
mainApp            0000000000417C3D  Unknown               Unknown  Unknown
libc-2.31.so       000014D74703424D  __libc_start_main     Unknown  Unknown
mainApp            0000000000417B6A  Unknown               Unknown  Unknown
forrtl: severe (174): SIGSEGV, segmentation fault occurred
Image              PC                Routine            Line        Source             
libpthread-2.31.s  0000149636421910  Unknown               Unknown  Unknown
mainApp            0000000000459EA7  Unknown               Unknown  Unknown
mainApp            000000000045AE90  Unknown               Unknown  Unknown
mainApp            000000000045A035  Unknown               Unknown  Unknown
libesmf.so         000014963C2B65DC  f_esmf_compcollec         516  ESMF_Comp_C.F90
libesmf.so         000014963BE5B332  finalize                 3515  ESMCI_VM.C
libesmf.so         000014963BE25E37  c_esmc_vmfinalize        1241  ESMCI_VM_F.C
libesmf.so         000014963CED04CB  c_esmc_vmfinalize           0  ESMF_VM.F90
libesmf.so         000014963CEC8092  esmf_vmfinalize          9474  ESMF_VM.F90
libesmf.so         000014963C9EDB0A  esmf_finalize            1693  ESMF_Init.F90
mainApp            00000000004186F9  mainapp                   112  mainApp.F90
mainApp            0000000000417C3D  Unknown               Unknown  Unknown
libc-2.31.so       000014963624924D  __libc_start_main     Unknown  Unknown
mainApp            0000000000417B6A  Unknown               Unknown  Unknown
srun: error: nid004695: tasks 0-3: Exited with exit code 174
srun: Terminating StepId=18013481.386
