2023-11-08 00:48:56
slurmstepd: error: couldn't chdir to `/tmp/intel_2023.1.0-oneAPI_mpi_g_release_8.6.0/nuopc-app-prototypes/SingleModelProto': No such file or directory: going to /tmp instead
forrtl: severe (174): SIGSEGV, segmentation fault occurred
Image              PC                Routine            Line        Source             
libpthread-2.31.s  0000146128A89910  Unknown               Unknown  Unknown
mainApp            000000000044BBD0  Unknown               Unknown  Unknown
mainApp            000000000044CBD0  Unknown               Unknown  Unknown
mainApp            000000000044BD75  Unknown               Unknown  Unknown
libesmf.so         000014612E91E5DC  f_esmf_compcollec         516  ESMF_Comp_C.F90
libesmf.so         000014612E4C3332  finalize                 3515  ESMCI_VM.C
libesmf.so         000014612E48DE37  c_esmc_vmfinalize        1241  ESMCI_VM_F.C
libesmf.so         000014612F5384CB  c_esmc_vmfinalize           0  ESMF_VM.F90
libesmf.so         000014612F530092  esmf_vmfinalize          9474  ESMF_VM.F90
libesmf.so         000014612F055B0A  esmf_finalize            1693  ESMF_Init.F90
mainApp            0000000000417909  mainapp                   102  mainApp.F90
mainApp            0000000000416EFD  Unknown               Unknown  Unknown
libc-2.31.so       00001461288B124D  __libc_start_main     Unknown  Unknown
mainApp            0000000000416E2A  Unknown               Unknown  Unknown
forrtl: severe (174): SIGSEGV, segmentation fault occurred
Image              PC                Routine            Line        Source             
libpthread-2.31.s  0000149F5A37E910  Unknown               Unknown  Unknown
mainApp            000000000044BBE7  Unknown               Unknown  Unknown
mainApp            000000000044CBD0  Unknown               Unknown  Unknown
mainApp            000000000044BD75  Unknown               Unknown  Unknown
libesmf.so         0000149F602135DC  f_esmf_compcollec         516  ESMF_Comp_C.F90
libesmf.so         0000149F5FDB8332  finalize                 3515  ESMCI_VM.C
libesmf.so         0000149F5FD82E37  c_esmc_vmfinalize        1241  ESMCI_VM_F.C
libesmf.so         0000149F60E2D4CB  c_esmc_vmfinalize           0  ESMF_VM.F90
libesmf.so         0000149F60E25092  esmf_vmfinalize          9474  ESMF_VM.F90
libesmf.so         0000149F6094AB0A  esmf_finalize            1693  ESMF_Init.F90
mainApp            0000000000417909  mainapp                   102  mainApp.F90
mainApp            0000000000416EFD  Unknown               Unknown  Unknown
libc-2.31.so       0000149F5A1A624D  __libc_start_main     Unknown  Unknown
mainApp            0000000000416E2A  Unknown               Unknown  Unknown
forrtl: severe (174): SIGSEGV, segmentation fault occurred
Image              PC                Routine            Line        Source             
libpthread-2.31.s  00001554A0B5A910  Unknown               Unknown  Unknown
mainApp            000000000044BC03  Unknown               Unknown  Unknown
mainApp            000000000044CBD0  Unknown               Unknown  Unknown
mainApp            000000000044BD75  Unknown               Unknown  Unknown
libesmf.so         00001554A69EF5DC  f_esmf_compcollec         516  ESMF_Comp_C.F90
libesmf.so         00001554A6594332  finalize                 3515  ESMCI_VM.C
libesmf.so         00001554A655EE37  c_esmc_vmfinalize        1241  ESMCI_VM_F.C
libesmf.so         00001554A76094CB  c_esmc_vmfinalize           0  ESMF_VM.F90
libesmf.so         00001554A7601092  esmf_vmfinalize          9474  ESMF_VM.F90
libesmf.so         00001554A7126B0A  esmf_finalize            1693  ESMF_Init.F90
mainApp            0000000000417909  mainapp                   102  mainApp.F90
mainApp            0000000000416EFD  Unknown               Unknown  Unknown
libc-2.31.so       00001554A098224D  __libc_start_main     Unknown  Unknown
mainApp            0000000000416E2A  Unknown               Unknown  Unknown
forrtl: severe (174): SIGSEGV, segmentation fault occurred
Image              PC                Routine            Line        Source             
libpthread-2.31.s  00001502B3195910  Unknown               Unknown  Unknown
mainApp            000000000044BC03  Unknown               Unknown  Unknown
mainApp            000000000044CBD0  Unknown               Unknown  Unknown
mainApp            000000000044BD75  Unknown               Unknown  Unknown
libesmf.so         00001502B902A5DC  f_esmf_compcollec         516  ESMF_Comp_C.F90
libesmf.so         00001502B8BCF332  finalize                 3515  ESMCI_VM.C
libesmf.so         00001502B8B99E37  c_esmc_vmfinalize        1241  ESMCI_VM_F.C
libesmf.so         00001502B9C444CB  c_esmc_vmfinalize           0  ESMF_VM.F90
libesmf.so         00001502B9C3C092  esmf_vmfinalize          9474  ESMF_VM.F90
libesmf.so         00001502B9761B0A  esmf_finalize            1693  ESMF_Init.F90
mainApp            0000000000417909  mainapp                   102  mainApp.F90
mainApp            0000000000416EFD  Unknown               Unknown  Unknown
libc-2.31.so       00001502B2FBD24D  __libc_start_main     Unknown  Unknown
mainApp            0000000000416E2A  Unknown               Unknown  Unknown
srun: error: nid004695: tasks 0-3: Exited with exit code 174
srun: Terminating StepId=18013481.387
