2023-11-19 01:16:58
slurmstepd: error: couldn't chdir to `/tmp/intel_2023.1.0-oneAPI_mpi_O_develop/nuopc-app-prototypes/DriverInDriverProto': No such file or directory: going to /tmp instead
forrtl: severe (174): SIGSEGV, segmentation fault occurred
Image              PC                Routine            Line        Source             
libpthread-2.31.s  000014DAA2F71910  Unknown               Unknown  Unknown
mainApp            000000000043FCB0  Unknown               Unknown  Unknown
mainApp            0000000000440CB0  Unknown               Unknown  Unknown
mainApp            000000000043FE55  Unknown               Unknown  Unknown
libesmf.so         000014DAA79F7891  f_esmf_compcollec     Unknown  Unknown
libesmf.so         000014DAA78508FF  _ZN5ESMCI2VM8fina     Unknown  Unknown
libesmf.so         000014DAA782EA85  c_esmc_vmfinalize     Unknown  Unknown
libesmf.so         000014DAA7F4ADEC  esmf_vmmod_mp_esm     Unknown  Unknown
libesmf.so         000014DAA7D5670B  esmf_initmod_mp_e     Unknown  Unknown
mainApp            0000000000417215  Unknown               Unknown  Unknown
mainApp            0000000000416BFD  Unknown               Unknown  Unknown
libc-2.31.so       000014DAA2D9924D  __libc_start_main     Unknown  Unknown
mainApp            0000000000416B2A  Unknown               Unknown  Unknown
forrtl: severe (174): SIGSEGV, segmentation fault occurred
Image              PC                Routine            Line        Source             
libpthread-2.31.s  000014941B1BE910  Unknown               Unknown  Unknown
mainApp            000000000043FCF1  Unknown               Unknown  Unknown
mainApp            0000000000440CB0  Unknown               Unknown  Unknown
mainApp            000000000043FE55  Unknown               Unknown  Unknown
libesmf.so         000014941FC44891  f_esmf_compcollec     Unknown  Unknown
libesmf.so         000014941FA9D8FF  _ZN5ESMCI2VM8fina     Unknown  Unknown
libesmf.so         000014941FA7BA85  c_esmc_vmfinalize     Unknown  Unknown
libesmf.so         0000149420197DEC  esmf_vmmod_mp_esm     Unknown  Unknown
libesmf.so         000014941FFA370B  esmf_initmod_mp_e     Unknown  Unknown
mainApp            0000000000417215  Unknown               Unknown  Unknown
mainApp            0000000000416BFD  Unknown               Unknown  Unknown
libc-2.31.so       000014941AFE624D  __libc_start_main     Unknown  Unknown
mainApp            0000000000416B2A  Unknown               Unknown  Unknown
forrtl: severe (174): SIGSEGV, segmentation fault occurred
Image              PC                Routine            Line        Source             
libpthread-2.31.s  0000147A4DF71910  Unknown               Unknown  Unknown
mainApp            000000000043FD03  Unknown               Unknown  Unknown
mainApp            0000000000440CB0  Unknown               Unknown  Unknown
mainApp            000000000043FE55  Unknown               Unknown  Unknown
libesmf.so         0000147A529F7891  f_esmf_compcollec     Unknown  Unknown
libesmf.so         0000147A528508FF  _ZN5ESMCI2VM8fina     Unknown  Unknown
libesmf.so         0000147A5282EA85  c_esmc_vmfinalize     Unknown  Unknown
libesmf.so         0000147A52F4ADEC  esmf_vmmod_mp_esm     Unknown  Unknown
libesmf.so         0000147A52D5670B  esmf_initmod_mp_e     Unknown  Unknown
mainApp            0000000000417215  Unknown               Unknown  Unknown
mainApp            0000000000416BFD  Unknown               Unknown  Unknown
libc-2.31.so       0000147A4DD9924D  __libc_start_main     Unknown  Unknown
mainApp            0000000000416B2A  Unknown               Unknown  Unknown
srun: error: nid006285: tasks 1-3: Exited with exit code 174
srun: Terminating StepId=18371947.377
slurmstepd: error: *** STEP 18371947.377 ON nid006285 CANCELLED AT 2023-11-19T10:00:55 ***
forrtl: error (78): process killed (SIGTERM)
Image              PC                Routine            Line        Source             
libpthread-2.31.s  000014613BD29910  Unknown               Unknown  Unknown
libc-2.31.so       000014613BC18AF7  __sched_yield         Unknown  Unknown
libmpi_intel.so.1  000014613DBFCADE  Unknown               Unknown  Unknown
libmpi_intel.so.1  000014613E998A16  Unknown               Unknown  Unknown
libmpi_intel.so.1  000014613E9AB169  Unknown               Unknown  Unknown
libmpi_intel.so.1  000014613E8BAC82  Unknown               Unknown  Unknown
libmpi_intel.so.1  000014613CF8C011  Unknown               Unknown  Unknown
libmpi_intel.so.1  000014613CF8C138  Unknown               Unknown  Unknown
libmpi_intel.so.1  000014613EB994CB  Unknown               Unknown  Unknown
libmpi_intel.so.1  000014613CF8C200  Unknown               Unknown  Unknown
libmpi_intel.so.1  000014613EB8F9D2  Unknown               Unknown  Unknown
libmpi_intel.so.1  000014613E9DBE15  Unknown               Unknown  Unknown
libmpi_intel.so.1  000014613ED22EDF  Unknown               Unknown  Unknown
libmpi_intel.so.1  000014613D42E5BC  MPI_Finalize          Unknown  Unknown
libesmf.so         00001461405EBDEF  _ZN5ESMCI3VMK8fin     Unknown  Unknown
libesmf.so         00001461406089F2  _ZN5ESMCI2VM8fina     Unknown  Unknown
libesmf.so         00001461405E6A85  c_esmc_vmfinalize     Unknown  Unknown
libesmf.so         0000146140D02DEC  esmf_vmmod_mp_esm     Unknown  Unknown
libesmf.so         0000146140B0E70B  esmf_initmod_mp_e     Unknown  Unknown
mainApp            0000000000417215  Unknown               Unknown  Unknown
mainApp            0000000000416BFD  Unknown               Unknown  Unknown
libc-2.31.so       000014613BB5124D  __libc_start_main     Unknown  Unknown
mainApp            0000000000416B2A  Unknown               Unknown  Unknown
srun: error: nid006285: task 0: Exited with exit code 1
