2023-10-25 02:39:21
20231025 031031.511 INFO             PET0 !!!!!!!!!!!!!!!!!!!!!!!!!!!!!!!!!!!!!!!!!!!!!!!!!!!!!!
20231025 031031.511 INFO             PET0 !!! THE ESMF_LOG IS SET TO OUTPUT ALL LOG MESSAGES !!!
20231025 031031.511 INFO             PET0 !!!     THIS MAY CAUSE SLOWDOWN IN PERFORMANCE     !!!
20231025 031031.511 INFO             PET0 !!! FOR PRODUCTION RUNS, USE:                      !!!
20231025 031031.511 INFO             PET0 !!!                   ESMF_LOGKIND_Multi_On_Error  !!!
20231025 031031.511 INFO             PET0 !!!!!!!!!!!!!!!!!!!!!!!!!!!!!!!!!!!!!!!!!!!!!!!!!!!!!!
20231025 031031.511 INFO             PET0 Running with ESMF Version   : v8.6.0b10-22-g12119ea776
20231025 031031.511 INFO             PET0 ESMF library build date/time: "Oct 25 2023" "02:36:24"
20231025 031031.511 INFO             PET0 ESMF library build location : /glade/scratch/theurich/ESMF-Nightly-Testing/gfortran_13.1.0_mpt_g_develop/esmf
20231025 031031.511 INFO             PET0 ESMF_COMM                   : mpt
20231025 031031.511 INFO             PET0 ESMF_MOAB                   : enabled
20231025 031031.511 INFO             PET0 ESMF_LAPACK                 : enabled
20231025 031031.511 INFO             PET0 ESMF_NETCDF                 : enabled
20231025 031031.511 INFO             PET0 ESMF_PNETCDF                : disabled
20231025 031031.511 INFO             PET0 ESMF_PIO                    : enabled
20231025 031031.511 INFO             PET0 ESMF_YAMLCPP                : enabled
20231025 031032.232 INFO             PET0  NUMBER_OF_PROCESSORS           4
20231025 031032.233 INFO             PET0  PASS  Example ESMF_GridUsageEx, ESMF_GridUsageEx.F90, line 3470
20231025 031032.233 INFO             PET0  Finalizing ESMF
20231025 031031.511 INFO             PET1 !!!!!!!!!!!!!!!!!!!!!!!!!!!!!!!!!!!!!!!!!!!!!!!!!!!!!!
20231025 031031.511 INFO             PET1 !!! THE ESMF_LOG IS SET TO OUTPUT ALL LOG MESSAGES !!!
20231025 031031.511 INFO             PET1 !!!     THIS MAY CAUSE SLOWDOWN IN PERFORMANCE     !!!
20231025 031031.511 INFO             PET1 !!! FOR PRODUCTION RUNS, USE:                      !!!
20231025 031031.511 INFO             PET1 !!!                   ESMF_LOGKIND_Multi_On_Error  !!!
20231025 031031.511 INFO             PET1 !!!!!!!!!!!!!!!!!!!!!!!!!!!!!!!!!!!!!!!!!!!!!!!!!!!!!!
20231025 031031.511 INFO             PET1 Running with ESMF Version   : v8.6.0b10-22-g12119ea776
20231025 031031.511 INFO             PET1 ESMF library build date/time: "Oct 25 2023" "02:36:24"
20231025 031031.511 INFO             PET1 ESMF library build location : /glade/scratch/theurich/ESMF-Nightly-Testing/gfortran_13.1.0_mpt_g_develop/esmf
20231025 031031.511 INFO             PET1 ESMF_COMM                   : mpt
20231025 031031.512 INFO             PET1 ESMF_MOAB                   : enabled
20231025 031031.512 INFO             PET1 ESMF_LAPACK                 : enabled
20231025 031031.512 INFO             PET1 ESMF_NETCDF                 : enabled
20231025 031031.512 INFO             PET1 ESMF_PNETCDF                : disabled
20231025 031031.512 INFO             PET1 ESMF_PIO                    : enabled
20231025 031031.512 INFO             PET1 ESMF_YAMLCPP                : enabled
20231025 031032.230 INFO             PET1  NUMBER_OF_PROCESSORS           4
20231025 031032.230 INFO             PET1  PASS  Example ESMF_GridUsageEx, ESMF_GridUsageEx.F90, line 3470
20231025 031032.230 INFO             PET1  Finalizing ESMF
20231025 031031.513 INFO             PET2 !!!!!!!!!!!!!!!!!!!!!!!!!!!!!!!!!!!!!!!!!!!!!!!!!!!!!!
20231025 031031.513 INFO             PET2 !!! THE ESMF_LOG IS SET TO OUTPUT ALL LOG MESSAGES !!!
20231025 031031.513 INFO             PET2 !!!     THIS MAY CAUSE SLOWDOWN IN PERFORMANCE     !!!
20231025 031031.513 INFO             PET2 !!! FOR PRODUCTION RUNS, USE:                      !!!
20231025 031031.513 INFO             PET2 !!!                   ESMF_LOGKIND_Multi_On_Error  !!!
20231025 031031.513 INFO             PET2 !!!!!!!!!!!!!!!!!!!!!!!!!!!!!!!!!!!!!!!!!!!!!!!!!!!!!!
20231025 031031.513 INFO             PET2 Running with ESMF Version   : v8.6.0b10-22-g12119ea776
20231025 031031.513 INFO             PET2 ESMF library build date/time: "Oct 25 2023" "02:36:24"
20231025 031031.513 INFO             PET2 ESMF library build location : /glade/scratch/theurich/ESMF-Nightly-Testing/gfortran_13.1.0_mpt_g_develop/esmf
20231025 031031.513 INFO             PET2 ESMF_COMM                   : mpt
20231025 031031.513 INFO             PET2 ESMF_MOAB                   : enabled
20231025 031031.513 INFO             PET2 ESMF_LAPACK                 : enabled
20231025 031031.513 INFO             PET2 ESMF_NETCDF                 : enabled
20231025 031031.513 INFO             PET2 ESMF_PNETCDF                : disabled
20231025 031031.513 INFO             PET2 ESMF_PIO                    : enabled
20231025 031031.513 INFO             PET2 ESMF_YAMLCPP                : enabled
20231025 031032.229 INFO             PET2  NUMBER_OF_PROCESSORS           4
20231025 031032.229 INFO             PET2  PASS  Example ESMF_GridUsageEx, ESMF_GridUsageEx.F90, line 3470
20231025 031032.229 INFO             PET2  Finalizing ESMF
20231025 031031.512 INFO             PET3 !!!!!!!!!!!!!!!!!!!!!!!!!!!!!!!!!!!!!!!!!!!!!!!!!!!!!!
20231025 031031.512 INFO             PET3 !!! THE ESMF_LOG IS SET TO OUTPUT ALL LOG MESSAGES !!!
20231025 031031.512 INFO             PET3 !!!     THIS MAY CAUSE SLOWDOWN IN PERFORMANCE     !!!
20231025 031031.512 INFO             PET3 !!! FOR PRODUCTION RUNS, USE:                      !!!
20231025 031031.512 INFO             PET3 !!!                   ESMF_LOGKIND_Multi_On_Error  !!!
20231025 031031.512 INFO             PET3 !!!!!!!!!!!!!!!!!!!!!!!!!!!!!!!!!!!!!!!!!!!!!!!!!!!!!!
20231025 031031.512 INFO             PET3 Running with ESMF Version   : v8.6.0b10-22-g12119ea776
20231025 031031.512 INFO             PET3 ESMF library build date/time: "Oct 25 2023" "02:36:24"
20231025 031031.512 INFO             PET3 ESMF library build location : /glade/scratch/theurich/ESMF-Nightly-Testing/gfortran_13.1.0_mpt_g_develop/esmf
20231025 031031.512 INFO             PET3 ESMF_COMM                   : mpt
20231025 031031.512 INFO             PET3 ESMF_MOAB                   : enabled
20231025 031031.512 INFO             PET3 ESMF_LAPACK                 : enabled
20231025 031031.512 INFO             PET3 ESMF_NETCDF                 : enabled
20231025 031031.512 INFO             PET3 ESMF_PNETCDF                : disabled
20231025 031031.512 INFO             PET3 ESMF_PIO                    : enabled
20231025 031031.512 INFO             PET3 ESMF_YAMLCPP                : enabled
20231025 031032.231 INFO             PET3  NUMBER_OF_PROCESSORS           4
20231025 031032.232 INFO             PET3  PASS  Example ESMF_GridUsageEx, ESMF_GridUsageEx.F90, line 3470
20231025 031032.232 INFO             PET3  Finalizing ESMF
