2023-10-14 06:02:42
20231014 070530.373 INFO             PET0 !!!!!!!!!!!!!!!!!!!!!!!!!!!!!!!!!!!!!!!!!!!!!!!!!!!!!!
20231014 070530.373 INFO             PET0 !!! THE ESMF_LOG IS SET TO OUTPUT ALL LOG MESSAGES !!!
20231014 070530.373 INFO             PET0 !!!     THIS MAY CAUSE SLOWDOWN IN PERFORMANCE     !!!
20231014 070530.373 INFO             PET0 !!! FOR PRODUCTION RUNS, USE:                      !!!
20231014 070530.373 INFO             PET0 !!!                   ESMF_LOGKIND_Multi_On_Error  !!!
20231014 070530.373 INFO             PET0 !!!!!!!!!!!!!!!!!!!!!!!!!!!!!!!!!!!!!!!!!!!!!!!!!!!!!!
20231014 070530.373 INFO             PET0 Running with ESMF Version   : v8.6.0b08-33-g8592d0bc9f
20231014 070530.373 INFO             PET0 ESMF library build date/time: "Oct 14 2023" "05:59:15"
20231014 070530.373 INFO             PET0 ESMF library build location : /glade/scratch/theurich/ESMF-Nightly-Testing/nvhpc_21.11_openmpi_g_develop/esmf
20231014 070530.373 INFO             PET0 ESMF_COMM                   : openmpi
20231014 070530.373 INFO             PET0 ESMF_MOAB                   : enabled
20231014 070530.373 INFO             PET0 ESMF_LAPACK                 : enabled
20231014 070530.373 INFO             PET0 ESMF_NETCDF                 : enabled
20231014 070530.373 INFO             PET0 ESMF_PNETCDF                : disabled
20231014 070530.373 INFO             PET0 ESMF_PIO                    : enabled
20231014 070530.373 INFO             PET0 ESMF_YAMLCPP                : enabled
20231014 070530.488 DEBUG            PET0 about to destroy Grid: 0x20e0490
20231014 070530.500 DEBUG            PET0 about to destroy Grid: 0x20e1d00
20231014 070530.538 INFO             PET0  NUMBER_OF_PROCESSORS            4
20231014 070530.538 INFO             PET0  PASS  Example ESMF_NUOPCAtmModelEx, ESMF_NUOPCAtmModelEx.F90, line 806
20231014 070530.538 INFO             PET0  Finalizing ESMF
20231014 070530.372 INFO             PET1 !!!!!!!!!!!!!!!!!!!!!!!!!!!!!!!!!!!!!!!!!!!!!!!!!!!!!!
20231014 070530.372 INFO             PET1 !!! THE ESMF_LOG IS SET TO OUTPUT ALL LOG MESSAGES !!!
20231014 070530.372 INFO             PET1 !!!     THIS MAY CAUSE SLOWDOWN IN PERFORMANCE     !!!
20231014 070530.372 INFO             PET1 !!! FOR PRODUCTION RUNS, USE:                      !!!
20231014 070530.372 INFO             PET1 !!!                   ESMF_LOGKIND_Multi_On_Error  !!!
20231014 070530.372 INFO             PET1 !!!!!!!!!!!!!!!!!!!!!!!!!!!!!!!!!!!!!!!!!!!!!!!!!!!!!!
20231014 070530.372 INFO             PET1 Running with ESMF Version   : v8.6.0b08-33-g8592d0bc9f
20231014 070530.372 INFO             PET1 ESMF library build date/time: "Oct 14 2023" "05:59:15"
20231014 070530.372 INFO             PET1 ESMF library build location : /glade/scratch/theurich/ESMF-Nightly-Testing/nvhpc_21.11_openmpi_g_develop/esmf
20231014 070530.372 INFO             PET1 ESMF_COMM                   : openmpi
20231014 070530.372 INFO             PET1 ESMF_MOAB                   : enabled
20231014 070530.372 INFO             PET1 ESMF_LAPACK                 : enabled
20231014 070530.372 INFO             PET1 ESMF_NETCDF                 : enabled
20231014 070530.372 INFO             PET1 ESMF_PNETCDF                : disabled
20231014 070530.372 INFO             PET1 ESMF_PIO                    : enabled
20231014 070530.372 INFO             PET1 ESMF_YAMLCPP                : enabled
20231014 070530.488 DEBUG            PET1 about to destroy Grid: 0xea8080
20231014 070530.500 DEBUG            PET1 about to destroy Grid: 0xea8870
20231014 070530.538 INFO             PET1  NUMBER_OF_PROCESSORS            4
20231014 070530.538 INFO             PET1  PASS  Example ESMF_NUOPCAtmModelEx, ESMF_NUOPCAtmModelEx.F90, line 806
20231014 070530.538 INFO             PET1  Finalizing ESMF
20231014 070530.373 INFO             PET2 !!!!!!!!!!!!!!!!!!!!!!!!!!!!!!!!!!!!!!!!!!!!!!!!!!!!!!
20231014 070530.373 INFO             PET2 !!! THE ESMF_LOG IS SET TO OUTPUT ALL LOG MESSAGES !!!
20231014 070530.373 INFO             PET2 !!!     THIS MAY CAUSE SLOWDOWN IN PERFORMANCE     !!!
20231014 070530.373 INFO             PET2 !!! FOR PRODUCTION RUNS, USE:                      !!!
20231014 070530.373 INFO             PET2 !!!                   ESMF_LOGKIND_Multi_On_Error  !!!
20231014 070530.373 INFO             PET2 !!!!!!!!!!!!!!!!!!!!!!!!!!!!!!!!!!!!!!!!!!!!!!!!!!!!!!
20231014 070530.373 INFO             PET2 Running with ESMF Version   : v8.6.0b08-33-g8592d0bc9f
20231014 070530.373 INFO             PET2 ESMF library build date/time: "Oct 14 2023" "05:59:15"
20231014 070530.373 INFO             PET2 ESMF library build location : /glade/scratch/theurich/ESMF-Nightly-Testing/nvhpc_21.11_openmpi_g_develop/esmf
20231014 070530.373 INFO             PET2 ESMF_COMM                   : openmpi
20231014 070530.373 INFO             PET2 ESMF_MOAB                   : enabled
20231014 070530.373 INFO             PET2 ESMF_LAPACK                 : enabled
20231014 070530.373 INFO             PET2 ESMF_NETCDF                 : enabled
20231014 070530.373 INFO             PET2 ESMF_PNETCDF                : disabled
20231014 070530.373 INFO             PET2 ESMF_PIO                    : enabled
20231014 070530.373 INFO             PET2 ESMF_YAMLCPP                : enabled
20231014 070530.488 DEBUG            PET2 about to destroy Grid: 0x20b04d0
20231014 070530.500 DEBUG            PET2 about to destroy Grid: 0x20b0cc0
20231014 070530.538 INFO             PET2  NUMBER_OF_PROCESSORS            4
20231014 070530.538 INFO             PET2  PASS  Example ESMF_NUOPCAtmModelEx, ESMF_NUOPCAtmModelEx.F90, line 806
20231014 070530.538 INFO             PET2  Finalizing ESMF
20231014 070530.372 INFO             PET3 !!!!!!!!!!!!!!!!!!!!!!!!!!!!!!!!!!!!!!!!!!!!!!!!!!!!!!
20231014 070530.372 INFO             PET3 !!! THE ESMF_LOG IS SET TO OUTPUT ALL LOG MESSAGES !!!
20231014 070530.372 INFO             PET3 !!!     THIS MAY CAUSE SLOWDOWN IN PERFORMANCE     !!!
20231014 070530.372 INFO             PET3 !!! FOR PRODUCTION RUNS, USE:                      !!!
20231014 070530.372 INFO             PET3 !!!                   ESMF_LOGKIND_Multi_On_Error  !!!
20231014 070530.372 INFO             PET3 !!!!!!!!!!!!!!!!!!!!!!!!!!!!!!!!!!!!!!!!!!!!!!!!!!!!!!
20231014 070530.372 INFO             PET3 Running with ESMF Version   : v8.6.0b08-33-g8592d0bc9f
20231014 070530.372 INFO             PET3 ESMF library build date/time: "Oct 14 2023" "05:59:15"
20231014 070530.372 INFO             PET3 ESMF library build location : /glade/scratch/theurich/ESMF-Nightly-Testing/nvhpc_21.11_openmpi_g_develop/esmf
20231014 070530.372 INFO             PET3 ESMF_COMM                   : openmpi
20231014 070530.372 INFO             PET3 ESMF_MOAB                   : enabled
20231014 070530.372 INFO             PET3 ESMF_LAPACK                 : enabled
20231014 070530.372 INFO             PET3 ESMF_NETCDF                 : enabled
20231014 070530.372 INFO             PET3 ESMF_PNETCDF                : disabled
20231014 070530.372 INFO             PET3 ESMF_PIO                    : enabled
20231014 070530.372 INFO             PET3 ESMF_YAMLCPP                : enabled
20231014 070530.488 DEBUG            PET3 about to destroy Grid: 0x14d24c0
20231014 070530.500 DEBUG            PET3 about to destroy Grid: 0x14d2f00
20231014 070530.538 INFO             PET3  NUMBER_OF_PROCESSORS            4
20231014 070530.538 INFO             PET3  PASS  Example ESMF_NUOPCAtmModelEx, ESMF_NUOPCAtmModelEx.F90, line 806
20231014 070530.538 INFO             PET3  Finalizing ESMF
