2023-10-12 07:44:22
20231012 082222.592 INFO             PET0 !!!!!!!!!!!!!!!!!!!!!!!!!!!!!!!!!!!!!!!!!!!!!!!!!!!!!!
20231012 082222.592 INFO             PET0 !!! THE ESMF_LOG IS SET TO OUTPUT ALL LOG MESSAGES !!!
20231012 082222.592 INFO             PET0 !!!     THIS MAY CAUSE SLOWDOWN IN PERFORMANCE     !!!
20231012 082222.592 INFO             PET0 !!! FOR PRODUCTION RUNS, USE:                      !!!
20231012 082222.592 INFO             PET0 !!!                   ESMF_LOGKIND_Multi_On_Error  !!!
20231012 082222.592 INFO             PET0 !!!!!!!!!!!!!!!!!!!!!!!!!!!!!!!!!!!!!!!!!!!!!!!!!!!!!!
20231012 082222.592 INFO             PET0 Running with ESMF Version   : v8.6.0b08-5-gefca49259f
20231012 082222.592 INFO             PET0 ESMF library build date/time: "Oct 12 2023" "07:41:46"
20231012 082222.592 INFO             PET0 ESMF library build location : /scratch2/NCEPDEV/stmp1/Gerhard.Theurich/ESMF-Nightly-Testing/intel_2023.1.0_intelmpi_g_develop/esmf
20231012 082222.592 INFO             PET0 ESMF_COMM                   : intelmpi
20231012 082222.593 INFO             PET0 ESMF_MOAB                   : enabled
20231012 082222.593 INFO             PET0 ESMF_LAPACK                 : enabled
20231012 082222.593 INFO             PET0 ESMF_NETCDF                 : enabled
20231012 082222.593 INFO             PET0 ESMF_PNETCDF                : disabled
20231012 082222.593 INFO             PET0 ESMF_PIO                    : enabled
20231012 082222.593 INFO             PET0 ESMF_YAMLCPP                : enabled
20231012 082222.605 INFO             PET0  NUMBER_OF_PROCESSORS           4
20231012 082222.605 INFO             PET0  PASS  Example ESMF_ArrayHaloEx, ESMF_ArrayHaloEx.F90, line 460
20231012 082222.605 INFO             PET0  Finalizing ESMF
20231012 082222.594 INFO             PET1 !!!!!!!!!!!!!!!!!!!!!!!!!!!!!!!!!!!!!!!!!!!!!!!!!!!!!!
20231012 082222.594 INFO             PET1 !!! THE ESMF_LOG IS SET TO OUTPUT ALL LOG MESSAGES !!!
20231012 082222.594 INFO             PET1 !!!     THIS MAY CAUSE SLOWDOWN IN PERFORMANCE     !!!
20231012 082222.594 INFO             PET1 !!! FOR PRODUCTION RUNS, USE:                      !!!
20231012 082222.594 INFO             PET1 !!!                   ESMF_LOGKIND_Multi_On_Error  !!!
20231012 082222.594 INFO             PET1 !!!!!!!!!!!!!!!!!!!!!!!!!!!!!!!!!!!!!!!!!!!!!!!!!!!!!!
20231012 082222.594 INFO             PET1 Running with ESMF Version   : v8.6.0b08-5-gefca49259f
20231012 082222.594 INFO             PET1 ESMF library build date/time: "Oct 12 2023" "07:41:46"
20231012 082222.594 INFO             PET1 ESMF library build location : /scratch2/NCEPDEV/stmp1/Gerhard.Theurich/ESMF-Nightly-Testing/intel_2023.1.0_intelmpi_g_develop/esmf
20231012 082222.594 INFO             PET1 ESMF_COMM                   : intelmpi
20231012 082222.595 INFO             PET1 ESMF_MOAB                   : enabled
20231012 082222.595 INFO             PET1 ESMF_LAPACK                 : enabled
20231012 082222.595 INFO             PET1 ESMF_NETCDF                 : enabled
20231012 082222.595 INFO             PET1 ESMF_PNETCDF                : disabled
20231012 082222.595 INFO             PET1 ESMF_PIO                    : enabled
20231012 082222.595 INFO             PET1 ESMF_YAMLCPP                : enabled
20231012 082222.604 INFO             PET1  NUMBER_OF_PROCESSORS           4
20231012 082222.605 INFO             PET1  PASS  Example ESMF_ArrayHaloEx, ESMF_ArrayHaloEx.F90, line 460
20231012 082222.605 INFO             PET1  Finalizing ESMF
20231012 082222.592 INFO             PET2 !!!!!!!!!!!!!!!!!!!!!!!!!!!!!!!!!!!!!!!!!!!!!!!!!!!!!!
20231012 082222.592 INFO             PET2 !!! THE ESMF_LOG IS SET TO OUTPUT ALL LOG MESSAGES !!!
20231012 082222.592 INFO             PET2 !!!     THIS MAY CAUSE SLOWDOWN IN PERFORMANCE     !!!
20231012 082222.592 INFO             PET2 !!! FOR PRODUCTION RUNS, USE:                      !!!
20231012 082222.592 INFO             PET2 !!!                   ESMF_LOGKIND_Multi_On_Error  !!!
20231012 082222.592 INFO             PET2 !!!!!!!!!!!!!!!!!!!!!!!!!!!!!!!!!!!!!!!!!!!!!!!!!!!!!!
20231012 082222.592 INFO             PET2 Running with ESMF Version   : v8.6.0b08-5-gefca49259f
20231012 082222.592 INFO             PET2 ESMF library build date/time: "Oct 12 2023" "07:41:46"
20231012 082222.592 INFO             PET2 ESMF library build location : /scratch2/NCEPDEV/stmp1/Gerhard.Theurich/ESMF-Nightly-Testing/intel_2023.1.0_intelmpi_g_develop/esmf
20231012 082222.592 INFO             PET2 ESMF_COMM                   : intelmpi
20231012 082222.593 INFO             PET2 ESMF_MOAB                   : enabled
20231012 082222.593 INFO             PET2 ESMF_LAPACK                 : enabled
20231012 082222.593 INFO             PET2 ESMF_NETCDF                 : enabled
20231012 082222.593 INFO             PET2 ESMF_PNETCDF                : disabled
20231012 082222.593 INFO             PET2 ESMF_PIO                    : enabled
20231012 082222.593 INFO             PET2 ESMF_YAMLCPP                : enabled
20231012 082222.604 INFO             PET2  NUMBER_OF_PROCESSORS           4
20231012 082222.605 INFO             PET2  PASS  Example ESMF_ArrayHaloEx, ESMF_ArrayHaloEx.F90, line 460
20231012 082222.605 INFO             PET2  Finalizing ESMF
20231012 082222.594 INFO             PET3 !!!!!!!!!!!!!!!!!!!!!!!!!!!!!!!!!!!!!!!!!!!!!!!!!!!!!!
20231012 082222.594 INFO             PET3 !!! THE ESMF_LOG IS SET TO OUTPUT ALL LOG MESSAGES !!!
20231012 082222.594 INFO             PET3 !!!     THIS MAY CAUSE SLOWDOWN IN PERFORMANCE     !!!
20231012 082222.594 INFO             PET3 !!! FOR PRODUCTION RUNS, USE:                      !!!
20231012 082222.594 INFO             PET3 !!!                   ESMF_LOGKIND_Multi_On_Error  !!!
20231012 082222.594 INFO             PET3 !!!!!!!!!!!!!!!!!!!!!!!!!!!!!!!!!!!!!!!!!!!!!!!!!!!!!!
20231012 082222.594 INFO             PET3 Running with ESMF Version   : v8.6.0b08-5-gefca49259f
20231012 082222.594 INFO             PET3 ESMF library build date/time: "Oct 12 2023" "07:41:46"
20231012 082222.594 INFO             PET3 ESMF library build location : /scratch2/NCEPDEV/stmp1/Gerhard.Theurich/ESMF-Nightly-Testing/intel_2023.1.0_intelmpi_g_develop/esmf
20231012 082222.594 INFO             PET3 ESMF_COMM                   : intelmpi
20231012 082222.595 INFO             PET3 ESMF_MOAB                   : enabled
20231012 082222.595 INFO             PET3 ESMF_LAPACK                 : enabled
20231012 082222.595 INFO             PET3 ESMF_NETCDF                 : enabled
20231012 082222.595 INFO             PET3 ESMF_PNETCDF                : disabled
20231012 082222.595 INFO             PET3 ESMF_PIO                    : enabled
20231012 082222.595 INFO             PET3 ESMF_YAMLCPP                : enabled
20231012 082222.604 INFO             PET3  NUMBER_OF_PROCESSORS           4
20231012 082222.605 INFO             PET3  PASS  Example ESMF_ArrayHaloEx, ESMF_ArrayHaloEx.F90, line 460
20231012 082222.605 INFO             PET3  Finalizing ESMF
