2023-10-17 07:38:03
20231017 081243.995 INFO             PET0 !!!!!!!!!!!!!!!!!!!!!!!!!!!!!!!!!!!!!!!!!!!!!!!!!!!!!!
20231017 081243.995 INFO             PET0 !!! THE ESMF_LOG IS SET TO OUTPUT ALL LOG MESSAGES !!!
20231017 081243.995 INFO             PET0 !!!     THIS MAY CAUSE SLOWDOWN IN PERFORMANCE     !!!
20231017 081243.995 INFO             PET0 !!! FOR PRODUCTION RUNS, USE:                      !!!
20231017 081243.995 INFO             PET0 !!!                   ESMF_LOGKIND_Multi_On_Error  !!!
20231017 081243.995 INFO             PET0 !!!!!!!!!!!!!!!!!!!!!!!!!!!!!!!!!!!!!!!!!!!!!!!!!!!!!!
20231017 081243.995 INFO             PET0 Running with ESMF Version   : v8.6.0b09-2-g5cd9f55d8a
20231017 081243.995 INFO             PET0 ESMF library build date/time: "Oct 17 2023" "07:35:35"
20231017 081243.995 INFO             PET0 ESMF library build location : /scratch2/NCEPDEV/stmp1/Gerhard.Theurich/ESMF-Nightly-Testing/intel_18.0.5_mpiuni_g_develop/esmf
20231017 081243.995 INFO             PET0 ESMF_COMM                   : mpiuni
20231017 081243.996 INFO             PET0 ESMF_MOAB                   : enabled
20231017 081243.996 INFO             PET0 ESMF_LAPACK                 : enabled
20231017 081243.996 INFO             PET0 ESMF_NETCDF                 : enabled
20231017 081243.996 INFO             PET0 ESMF_PNETCDF                : disabled
20231017 081243.996 INFO             PET0 ESMF_PIO                    : disabled
20231017 081243.996 INFO             PET0 ESMF_YAMLCPP                : enabled
20231017 081244.006 INFO             PET0 ESMF_FieldRedistStoreNF(): Just entered routine.
20231017 081244.804 INFO             PET0 ESMF_FieldRedistStoreNF(): Leaving routine.
20231017 081244.823 INFO             PET0  NUMBER_OF_PROCESSORS           1
20231017 081244.824 INFO             PET0  PASS  Example ESMF_RHandleFromFileEx, ESMF_RHandleFromFileEx.F90, line 192
20231017 081244.824 INFO             PET0  Finalizing ESMF
