2023-10-16 07:36:57
20231016 081149.636 INFO             PET0 !!!!!!!!!!!!!!!!!!!!!!!!!!!!!!!!!!!!!!!!!!!!!!!!!!!!!!
20231016 081149.636 INFO             PET0 !!! THE ESMF_LOG IS SET TO OUTPUT ALL LOG MESSAGES !!!
20231016 081149.636 INFO             PET0 !!!     THIS MAY CAUSE SLOWDOWN IN PERFORMANCE     !!!
20231016 081149.636 INFO             PET0 !!! FOR PRODUCTION RUNS, USE:                      !!!
20231016 081149.636 INFO             PET0 !!!                   ESMF_LOGKIND_Multi_On_Error  !!!
20231016 081149.636 INFO             PET0 !!!!!!!!!!!!!!!!!!!!!!!!!!!!!!!!!!!!!!!!!!!!!!!!!!!!!!
20231016 081149.636 INFO             PET0 Running with ESMF Version   : v8.6.0b09
20231016 081149.636 INFO             PET0 ESMF library build date/time: "Oct 16 2023" "07:34:28"
20231016 081149.636 INFO             PET0 ESMF library build location : /scratch2/NCEPDEV/stmp1/Gerhard.Theurich/ESMF-Nightly-Testing/intel_18.0.5_mpiuni_g_develop/esmf
20231016 081149.636 INFO             PET0 ESMF_COMM                   : mpiuni
20231016 081149.640 INFO             PET0 ESMF_MOAB                   : enabled
20231016 081149.640 INFO             PET0 ESMF_LAPACK                 : enabled
20231016 081149.640 INFO             PET0 ESMF_NETCDF                 : enabled
20231016 081149.640 INFO             PET0 ESMF_PNETCDF                : disabled
20231016 081149.640 INFO             PET0 ESMF_PIO                    : disabled
20231016 081149.640 INFO             PET0 ESMF_YAMLCPP                : enabled
20231016 081149.644 INFO             PET0  NUMBER_OF_PROCESSORS           1
20231016 081149.644 INFO             PET0  PASS  Example ESMF_VMSendVMRecvEx, ESMF_VMSendVMRecvEx.F90, line 120
20231016 081149.644 INFO             PET0  Finalizing ESMF
