2023-11-17 07:37:37
[1700208099.968194] [h35m09:133765:0]         mxm.c:196  MXM  WARN  The 'ulimit -s' on the system is set to 'unlimited'. This may have negative performance implications. Please set the stack size to the default value (10240) 
[1700208099.973406] [h35m09:133765:0]         mxm.c:196  MXM  WARN  The 'ulimit -s' on the system is set to 'unlimited'. This may have negative performance implications. Please set the stack size to the default value (10240) 
[1700208099.957325] [h35m09:133766:0]         mxm.c:196  MXM  WARN  The 'ulimit -s' on the system is set to 'unlimited'. This may have negative performance implications. Please set the stack size to the default value (10240) 
[1700208099.962093] [h35m09:133766:0]         mxm.c:196  MXM  WARN  The 'ulimit -s' on the system is set to 'unlimited'. This may have negative performance implications. Please set the stack size to the default value (10240) 
[1700208099.960305] [h35m09:133764:0]         mxm.c:196  MXM  WARN  The 'ulimit -s' on the system is set to 'unlimited'. This may have negative performance implications. Please set the stack size to the default value (10240) 
[1700208099.965180] [h35m09:133764:0]         mxm.c:196  MXM  WARN  The 'ulimit -s' on the system is set to 'unlimited'. This may have negative performance implications. Please set the stack size to the default value (10240) 
[1700208099.968152] [h35m09:133767:0]         mxm.c:196  MXM  WARN  The 'ulimit -s' on the system is set to 'unlimited'. This may have negative performance implications. Please set the stack size to the default value (10240) 
[1700208099.973295] [h35m09:133767:0]         mxm.c:196  MXM  WARN  The 'ulimit -s' on the system is set to 'unlimited'. This may have negative performance implications. Please set the stack size to the default value (10240) 
 I am PET           0  and I am offering service for DE            0
 I am PET           0 , service offer for DE            0  was accepted.
 I am PET           1  and I am offering service for DE            1
 I am PET           1 , service offer for DE            1  was accepted.
 I am PET           1  and I am offering service for DE            5
 I am PET           1 , service offer for DE            5  was accepted.
 I am PET           2  and I am offering service for DE            2
 I am PET           2 , service offer for DE            2  was accepted.
 I am PET           3  and I am offering service for DE            3
 I am PET           3 , service offer for DE            3  was accepted.
  PASS  Example ESMF_DELayoutEx, ESMF_DELayoutEx.F90, line 394
 I am PET           0  and I am offering service for DE            4
 I am PET           0 , service offer for DE            4  was accepted.
  PASS  Example ESMF_DELayoutEx, ESMF_DELayoutEx.F90, line 394
  PASS  Example ESMF_DELayoutEx, ESMF_DELayoutEx.F90, line 394
  PASS  Example ESMF_DELayoutEx, ESMF_DELayoutEx.F90, line 394
 PASS: ESMF_DELayoutEx.F90
 PASS: ESMF_DELayoutEx.F90
 PASS: ESMF_DELayoutEx.F90
 PASS: ESMF_DELayoutEx.F90
