2023-10-05 07:37:00
[1696492952.917985] [h14c03:276118:0]         mxm.c:196  MXM  WARN  The 'ulimit -s' on the system is set to 'unlimited'. This may have negative performance implications. Please set the stack size to the default value (10240) 
[1696492952.922808] [h14c03:276118:0]         mxm.c:196  MXM  WARN  The 'ulimit -s' on the system is set to 'unlimited'. This may have negative performance implications. Please set the stack size to the default value (10240) 
[1696492952.918264] [h14c03:276116:0]         mxm.c:196  MXM  WARN  The 'ulimit -s' on the system is set to 'unlimited'. This may have negative performance implications. Please set the stack size to the default value (10240) 
[1696492952.923651] [h14c03:276116:0]         mxm.c:196  MXM  WARN  The 'ulimit -s' on the system is set to 'unlimited'. This may have negative performance implications. Please set the stack size to the default value (10240) 
[1696492952.924806] [h14c03:276119:0]         mxm.c:196  MXM  WARN  The 'ulimit -s' on the system is set to 'unlimited'. This may have negative performance implications. Please set the stack size to the default value (10240) 
[1696492952.930072] [h14c03:276119:0]         mxm.c:196  MXM  WARN  The 'ulimit -s' on the system is set to 'unlimited'. This may have negative performance implications. Please set the stack size to the default value (10240) 
[1696492952.924868] [h14c03:276117:0]         mxm.c:196  MXM  WARN  The 'ulimit -s' on the system is set to 'unlimited'. This may have negative performance implications. Please set the stack size to the default value (10240) 
[1696492952.930184] [h14c03:276117:0]         mxm.c:196  MXM  WARN  The 'ulimit -s' on the system is set to 'unlimited'. This may have negative performance implications. Please set the stack size to the default value (10240) 

Program received signal SIGSEGV: Segmentation fault - invalid memory reference.

Backtrace for this error:

Program received signal SIGSEGV: Segmentation fault - invalid memory reference.

Backtrace for this error:

Program received signal SIGSEGV: Segmentation fault - invalid memory reference.

Backtrace for this error:

Program received signal SIGSEGV: Segmentation fault - invalid memory reference.

Backtrace for this error:
#0  0x2b7ee4f1f3ff in ???
#0  0x2b11e66123ff in ???
#1  0x2b7ee26b80f2 in ???
#2  0x2b7ee26b9ab9 in ???
#3  0x2b7ee252553b in ???
#1  0x2b11e3dab0f2 in ???
#4  0x2b7ee252a11a in ???
#5  0x403f20 in ???
#6  0x404b02 in ???
#2  0x2b11e3dacab9 in ???
#3  0x2b11e3c1853b in ???
#4  0x2b11e3c1d11a in ???
#7  0x2b7ee4f0b554 in ???
#8  0x401888 in ???
#9  0xffffffffffffffff in ???
#5  0x403f20 in ???
#6  0x404b02 in ???
#7  0x2b11e65fe554 in ???
#8  0x401888 in ???
#9  0xffffffffffffffff in ???
#0  0x2b150e30f3ff in ???
#0  0x2aed3674a3ff in ???
#1  0x2aed33ee30f2 in ???
#2  0x2aed33ee4ab9 in ???
#3  0x2aed33d5053b in ???
#4  0x2aed33d5511a in ???
#5  0x403f20 in ???
#1  0x2b150baa80f2 in ???
#2  0x2b150baa9ab9 in ???
#3  0x2b150b91553b in ???
#6  0x404b02 in ???
#7  0x2aed36736554 in ???
#8  0x401888 in ???
#9  0xffffffffffffffff in ???
#4  0x2b150b91a11a in ???
#5  0x403f20 in ???
#6  0x404b02 in ???
#7  0x2b150e2fb554 in ???
#8  0x401888 in ???
#9  0xffffffffffffffff in ???
srun: error: h14c03: tasks 0-3: Segmentation fault (core dumped)
srun: launch/slurm: _step_signal: Terminating StepId=50275206.313
