2023-11-18 07:43:07
[1700295051.153448] [h6c29:60088:0]         mxm.c:196  MXM  WARN  The 'ulimit -s' on the system is set to 'unlimited'. This may have negative performance implications. Please set the stack size to the default value (10240) 
[1700295051.158316] [h6c29:60088:0]         mxm.c:196  MXM  WARN  The 'ulimit -s' on the system is set to 'unlimited'. This may have negative performance implications. Please set the stack size to the default value (10240) 
[1700295051.153396] [h6c29:60086:0]         mxm.c:196  MXM  WARN  The 'ulimit -s' on the system is set to 'unlimited'. This may have negative performance implications. Please set the stack size to the default value (10240) 
[1700295051.158258] [h6c29:60086:0]         mxm.c:196  MXM  WARN  The 'ulimit -s' on the system is set to 'unlimited'. This may have negative performance implications. Please set the stack size to the default value (10240) 
[1700295051.144792] [h6c29:60087:0]         mxm.c:196  MXM  WARN  The 'ulimit -s' on the system is set to 'unlimited'. This may have negative performance implications. Please set the stack size to the default value (10240) 
[1700295051.150302] [h6c29:60087:0]         mxm.c:196  MXM  WARN  The 'ulimit -s' on the system is set to 'unlimited'. This may have negative performance implications. Please set the stack size to the default value (10240) 
[1700295051.144802] [h6c29:60089:0]         mxm.c:196  MXM  WARN  The 'ulimit -s' on the system is set to 'unlimited'. This may have negative performance implications. Please set the stack size to the default value (10240) 
[1700295051.150352] [h6c29:60089:0]         mxm.c:196  MXM  WARN  The 'ulimit -s' on the system is set to 'unlimited'. This may have negative performance implications. Please set the stack size to the default value (10240) 
 --------------------------------------- 
 Start of ESMF_SCompEx Example
 --------------------------------------- 
 --------------------------------------- 
 End of ESMF_SCompEx Example
 --------------------------------------- 
  PASS  Example ESMF_SCompEx, ESMF_SCompEx.F90, line 385
  PASS  Example ESMF_SCompEx, ESMF_SCompEx.F90, line 385
  PASS  Example ESMF_SCompEx, ESMF_SCompEx.F90, line 385
  PASS  Example ESMF_SCompEx, ESMF_SCompEx.F90, line 385
 PASS: ESMF_SCompEx.F90
 PASS: ESMF_SCompEx.F90
 PASS: ESMF_SCompEx.F90
 PASS: ESMF_SCompEx.F90
