2023-11-17 07:37:37
[1700208120.269809] [h35m09:137987:0]         mxm.c:196  MXM  WARN  The 'ulimit -s' on the system is set to 'unlimited'. This may have negative performance implications. Please set the stack size to the default value (10240) 
[1700208120.274703] [h35m09:137987:0]         mxm.c:196  MXM  WARN  The 'ulimit -s' on the system is set to 'unlimited'. This may have negative performance implications. Please set the stack size to the default value (10240) 
[1700208120.274879] [h35m09:137989:0]         mxm.c:196  MXM  WARN  The 'ulimit -s' on the system is set to 'unlimited'. This may have negative performance implications. Please set the stack size to the default value (10240) 
[1700208120.279668] [h35m09:137989:0]         mxm.c:196  MXM  WARN  The 'ulimit -s' on the system is set to 'unlimited'. This may have negative performance implications. Please set the stack size to the default value (10240) 
[1700208120.281893] [h35m09:137988:0]         mxm.c:196  MXM  WARN  The 'ulimit -s' on the system is set to 'unlimited'. This may have negative performance implications. Please set the stack size to the default value (10240) 
[1700208120.287129] [h35m09:137988:0]         mxm.c:196  MXM  WARN  The 'ulimit -s' on the system is set to 'unlimited'. This may have negative performance implications. Please set the stack size to the default value (10240) 
[1700208120.281934] [h35m09:137990:0]         mxm.c:196  MXM  WARN  The 'ulimit -s' on the system is set to 'unlimited'. This may have negative performance implications. Please set the stack size to the default value (10240) 
[1700208120.287187] [h35m09:137990:0]         mxm.c:196  MXM  WARN  The 'ulimit -s' on the system is set to 'unlimited'. This may have negative performance implications. Please set the stack size to the default value (10240) 
 local DE            0  - DE            0  localIndexList along dim=           1  ::            1           2           3
 local DE            0  - DE            0  localIndexList along dim=           2  ::            1
 local DE            1  - DE            4  localIndexList along dim=           1  ::            1           2           3
 local DE            1  - DE            4  localIndexList along dim=           2  ::            3           4           5
 local DE            0  - DE            2  localIndexList along dim=           1  ::            1           2           3
 local DE            0  - DE            2  localIndexList along dim=           2  ::            2
 local DE            0  - DE            1  localIndexList along dim=           1  ::            4           5
 local DE            0  - DE            1  localIndexList along dim=           2  ::            1
 local DE            1  - DE            5  localIndexList along dim=           1  ::            4           5
 local DE            1  - DE            5  localIndexList along dim=           2  ::            3           4           5
 local DE            0  - DE            3  localIndexList along dim=           1  ::            4           5
 local DE            0  - DE            3  localIndexList along dim=           2  ::            2
  PASS  Example ESMF_DistGridEx, ESMF_DistGridEx.F90, line 1902
  PASS  Example ESMF_DistGridEx, ESMF_DistGridEx.F90, line 1902
  PASS  Example ESMF_DistGridEx, ESMF_DistGridEx.F90, line 1902
  PASS  Example ESMF_DistGridEx, ESMF_DistGridEx.F90, line 1902
 PASS: ESMF_DistGridEx.F90
 PASS: ESMF_DistGridEx.F90
 PASS: ESMF_DistGridEx.F90
 PASS: ESMF_DistGridEx.F90
