2023-11-13 01:46:01
20231113 023211.671 INFO             PET0 !!!!!!!!!!!!!!!!!!!!!!!!!!!!!!!!!!!!!!!!!!!!!!!!!!!!!!
20231113 023211.671 INFO             PET0 !!! THE ESMF_LOG IS SET TO OUTPUT ALL LOG MESSAGES !!!
20231113 023211.671 INFO             PET0 !!!     THIS MAY CAUSE SLOWDOWN IN PERFORMANCE     !!!
20231113 023211.671 INFO             PET0 !!! FOR PRODUCTION RUNS, USE:                      !!!
20231113 023211.671 INFO             PET0 !!!                   ESMF_LOGKIND_Multi_On_Error  !!!
20231113 023211.672 INFO             PET0 !!!!!!!!!!!!!!!!!!!!!!!!!!!!!!!!!!!!!!!!!!!!!!!!!!!!!!
20231113 023211.672 INFO             PET0 Running with ESMF Version   : v8.6.0
20231113 023211.672 INFO             PET0 ESMF library build date/time: "Nov 13 2023" "01:42:49"
20231113 023211.672 INFO             PET0 ESMF library build location : /glade/scratch/theurich/ESMF-Nightly-Testing/gfortran_9.1.0_openmpi_g_v8.6.0/esmf
20231113 023211.672 INFO             PET0 ESMF_COMM                   : openmpi
20231113 023211.672 INFO             PET0 ESMF_MOAB                   : enabled
20231113 023211.672 INFO             PET0 ESMF_LAPACK                 : enabled
20231113 023211.672 INFO             PET0 ESMF_NETCDF                 : enabled
20231113 023211.672 INFO             PET0 ESMF_PNETCDF                : disabled
20231113 023211.672 INFO             PET0 ESMF_PIO                    : enabled
20231113 023211.672 INFO             PET0 ESMF_YAMLCPP                : enabled
20231113 023211.672 INFO             PET0 mainApp STARTING
20231113 023211.678 INFO             PET0 driver: InitializeGeneric intro.
20231113 023211.678 INFO             PET0   driver: InitializeP0 intro.
20231113 023211.678 INFO             PET0   driver: InitializeP0 extro.
20231113 023211.678 INFO             PET0   driver: InitializeIPDv02p1 intro.
20231113 023211.679 INFO             PET0     >>>driver: entered Initialize (phase=<none>) without valid internal Clock.
20231113 023211.679 INFO             PET0     driver - Creating model component MODEL without petList.
20231113 023211.682 INFO             PET0      GridCompIsPetLocal:  T
20231113 023211.682 INFO             PET0      VmIsCreated:  T
20231113 023211.682 INFO             PET0      valid MPI_COMM with size=           4
20231113 023211.682 INFO             PET0     driver - Creating state: modelComp 1 Import State
20231113 023211.682 INFO             PET0     driver - Creating state: modelComp 1 Export State
20231113 023211.683 INFO             PET0     MODEL: InitializeP0 intro.
20231113 023211.683 INFO             PET0       >>>MODEL: entered Initialize (phase=<none>) without valid internal Clock.
20231113 023211.685 INFO             PET0       <<<MODEL: leaving Initialize (phase=<none>) without valid internal Clock.
20231113 023211.685 INFO             PET0     MODEL: InitializeP0 extro.
20231113 023211.686 INFO             PET0     driver: IInitAdvertise intro.
20231113 023211.687 INFO             PET0     driver: IInitAdvertise extro.
20231113 023211.687 INFO             PET0     MODEL: InitializeIPDvXp01 intro.
20231113 023211.687 INFO             PET0       >>>MODEL: entered Initialize (phase=IPDvXp01) without valid internal Clock.
20231113 023211.688 INFO             PET0       <<<MODEL: leaving Initialize (phase=IPDvXp01) without valid internal Clock.
20231113 023211.689 INFO             PET0     MODEL: InitializeIPDvXp01 extro.
20231113 023211.690 INFO             PET0     driver: IInitAdvertiseFinish intro.
20231113 023211.690 INFO             PET0     driver: IInitAdvertiseFinish extro.
20231113 023211.690 INFO             PET0     driver: IInitModifyCplLists intro.
20231113 023211.690 INFO             PET0     driver: IInitModifyCplLists extro.
20231113 023211.690 INFO             PET0     <<<driver: leaving Initialize (phase=<none>) with current time:    0  1  1  0  0  0   0
20231113 023211.690 INFO             PET0   driver: InitializeIPDv02p1 extro.
20231113 023211.690 INFO             PET0   driver: InitializeIPDv02p3 intro.
20231113 023211.690 INFO             PET0     >>>driver: entered Initialize (phase=<none>) with current time:    0  1  1  0  0  0   0
20231113 023211.694 INFO             PET0     driver: IInitCheck intro.
20231113 023211.694 INFO             PET0     driver: IInitCheck extro.
20231113 023211.694 INFO             PET0     MODEL: InitializeIPDvXp04 intro.
20231113 023211.694 INFO             PET0       >>>MODEL: entered Initialize (phase=IPDvXp04) without valid internal Clock.
20231113 023211.698 INFO             PET0       After Realize: - MemInfo: [/proc/meminfo - SSI]	MemTotal:       65507008 kB
20231113 023211.698 INFO             PET0       After Realize: - MemInfo: [/proc/meminfo - SSI]	MemFree:        49641712 kB
20231113 023211.698 INFO             PET0       After Realize: - MemInfo: [/proc/meminfo - SSI]	MemAvailable:   49447232 kB
20231113 023211.698 INFO             PET0       After Realize: - MemInfo: [/proc/meminfo - SSI]	Committed_AS:   13979764 kB
20231113 023211.698 INFO             PET0       After Realize: - MemInfo: [/proc/meminfo - SSI]	CommittedPercent: 21.3409 %
20231113 023211.698 INFO             PET0       After Realize: - MemInfo: [/proc/self/status]	VmPeak:	  480740 kB
20231113 023211.698 INFO             PET0       After Realize: - MemInfo: [/proc/self/status]	VmSize:	  430788 kB
20231113 023211.698 INFO             PET0       After Realize: - MemInfo: [/proc/self/status]	VmLck:	       0 kB
20231113 023211.698 INFO             PET0       After Realize: - MemInfo: [/proc/self/status]	VmPin:	       0 kB
20231113 023211.698 INFO             PET0       After Realize: - MemInfo: [/proc/self/status]	VmHWM:	   69108 kB
20231113 023211.698 INFO             PET0       After Realize: - MemInfo: [/proc/self/status]	VmRSS:	   25496 kB
20231113 023211.698 INFO             PET0       After Realize: - MemInfo: [/proc/self/status]	VmData:	   15904 kB
20231113 023211.698 INFO             PET0       After Realize: - MemInfo: [/proc/self/status]	VmStk:	     148 kB
20231113 023211.698 INFO             PET0       After Realize: - MemInfo: [/proc/self/status]	VmExe:	     260 kB
20231113 023211.698 INFO             PET0       After Realize: - MemInfo: [/proc/self/status]	VmLib:	   74772 kB
20231113 023211.698 INFO             PET0       After Realize: - MemInfo: [/proc/self/status]	VmPTE:	     584 kB
20231113 023211.698 INFO             PET0       After Realize: - MemInfo: [/proc/self/status]	VmPMD:	      16 kB
20231113 023211.698 INFO             PET0       After Realize: - MemInfo: [/proc/self/status]	VmSwap:	       0 kB
20231113 023211.698 INFO             PET0       After Realize: - MemInfo: [/proc/self/status]	VmRSSPercent: 0.038921 %
20231113 023211.698 INFO             PET0       After Realize: - MemInfo: [malloc] Non-mmapped space allocated:                 3002368 Byte
20231113 023211.698 INFO             PET0       After Realize: - MemInfo: [malloc] Space allocated in mmapped regions:          2367488 Byte
20231113 023211.698 INFO             PET0       After Realize: - MemInfo: [malloc] Maximum total allocated space:                     0 Byte
20231113 023211.698 INFO             PET0       After Realize: - MemInfo: [malloc] Space in freed fastbin blocks:                  3072 Byte
20231113 023211.698 INFO             PET0       After Realize: - MemInfo: [malloc] Total allocated space:                       2559472 Byte
20231113 023211.698 INFO             PET0       After Realize: - MemInfo: [malloc] Total free space:                             442896 Byte
20231113 023211.698 INFO             PET0       After Realize: - MemInfo: [malloc] Top-most, releasable space:                    34160 Byte
20231113 023211.698 INFO             PET0       After Realize: - MemInfo: [malloc] Total space in use, mmap + non-mmap:         4926960 Byte
20231113 023211.698 INFO             PET0       After Realize: - MemInfo: [malloc] Total space held (mmap + non-mmap):          5369856 Byte
20231113 023211.698 INFO             PET0       After Realize: - MemInfo: [malloc] Total space used (mmap + non-mmap):          4936144 Byte
20231113 023211.698 INFO             PET0       After Realize: - MemInfo: Wall-clock time since execution start:              0.0295092 seconds
20231113 023211.698 INFO             PET0       <<<MODEL: leaving Initialize (phase=IPDvXp04) without valid internal Clock.
20231113 023211.698 INFO             PET0     MODEL: InitializeIPDvXp04 extro.
20231113 023211.699 INFO             PET0     driver: IInitRealize intro.
20231113 023211.699 INFO             PET0     driver: IInitRealize extro.
20231113 023211.699 INFO             PET0     MODEL: InitializeIPDvXp07 intro.
20231113 023211.699 INFO             PET0       >>>MODEL: entered Initialize (phase=IPDvXp07) without valid internal Clock.
20231113 023211.700 INFO             PET0       <<<MODEL: leaving Initialize (phase=IPDvXp07) with current time:    0  1  1  0  0  0   0
20231113 023211.700 INFO             PET0     MODEL: InitializeIPDvXp07 extro.
20231113 023211.700 INFO             PET0     <<<driver: leaving Initialize (phase=<none>) with current time:    0  1  1  0  0  0   0
20231113 023211.700 INFO             PET0   driver: InitializeIPDv02p3 extro.
20231113 023211.700 INFO             PET0   driver: InitializeIPDv02p5 intro.
20231113 023211.700 INFO             PET0     >>>driver: entered Initialize (phase=<none>) with current time:    0  1  1  0  0  0   0
20231113 023211.700 INFO             PET0     driver: this is a top level driver, no 'Updated' and 'InitializeDataComplete' info on this level.
20231113 023211.700 INFO             PET0     driver: InitializeIPDv02p5Data intro.
20231113 023211.700 INFO             PET0       driver: InternalInitializeComplete intro.
20231113 023211.700 INFO             PET0         driver: InitializeDataComplete='true'
20231113 023211.700 INFO             PET0       driver: InternalInitializeComplete extro.
20231113 023211.700 INFO             PET0       MODEL: InitializeIPDvXp08 intro.
20231113 023211.700 INFO             PET0         >>>MODEL: entered Initialize (phase=IPDv05p8) with current time:    0  1  1  0  0  0   0
20231113 023211.701 INFO             PET0         MODEL: InitializeDataProgress='false', InitializeDataComplete='false'
20231113 023211.701 INFO             PET0         <<<MODEL: leaving Initialize (phase=IPDv05p8) with current time:    0  1  1  0  0  0   0
20231113 023211.701 INFO             PET0       MODEL: InitializeIPDvXp08 extro.
20231113 023211.702 INFO             PET0       driver: components present that trigger loopDataDependentInitialize().
20231113 023211.702 INFO             PET0       driver: loopDataDependentInitialize intro.
20231113 023211.702 INFO             PET0         driver: component    0=driver, dataComplete (local): true
20231113 023211.702 INFO             PET0         driver: component    0=driver, dataComplete (global): T
20231113 023211.702 INFO             PET0         driver: component    1=MODEL, dataComplete (local): false
20231113 023211.702 INFO             PET0         driver: component    1=MODEL, dataComplete (global): F
20231113 023211.702 INFO             PET0         MODEL: InitializeIPDvXp08 intro.
20231113 023211.702 INFO             PET0           >>>MODEL: entered Initialize (phase=IPDv05p8) with current time:    0  1  1  0  0  0   0
20231113 023211.703 INFO             PET0           MODEL: InitializeDataProgress='true', InitializeDataComplete='true'
20231113 023211.703 INFO             PET0           <<<MODEL: leaving Initialize (phase=IPDv05p8) with current time:    0  1  1  0  0  0   0
20231113 023211.703 INFO             PET0         MODEL: InitializeIPDvXp08 extro.
20231113 023211.703 INFO             PET0         driver: component    1=MODEL, someProgress (local): true
20231113 023211.703 INFO             PET0         driver: component    1=MODEL, someProgress (global): T
20231113 023211.703 INFO             PET0         driver: someProgress=T, allComplete=F, present(dataDepAllComplete)=T
20231113 023211.704 INFO             PET0         driver: component    0=driver, dataComplete (local): true
20231113 023211.704 INFO             PET0         driver: component    0=driver, dataComplete (global): T
20231113 023211.704 INFO             PET0         driver: component    1=MODEL, dataComplete (local): true
20231113 023211.704 INFO             PET0         driver: component    1=MODEL, dataComplete (global): T
20231113 023211.704 INFO             PET0         driver: someProgress=F, allComplete=T, present(dataDepAllComplete)=T
20231113 023211.704 INFO             PET0         driver: finished resolving initialize data dependencies on this level.
20231113 023211.704 INFO             PET0       driver: loopDataDependentInitialize extro.
20231113 023211.704 INFO             PET0       driver: loopDataDependentInitialize() returned with dataDepAllComplete: T
20231113 023211.704 INFO             PET0     driver: InitializeIPDv02p5Data extro.
20231113 023211.704 INFO             PET0     <<<driver: leaving Initialize (phase=<none>) with current time:    0  1  1  0  0  0   0
20231113 023211.704 INFO             PET0   driver: InitializeIPDv02p5 extro.
20231113 023211.704 INFO             PET0 driver: InitializeGeneric extro.
20231113 023211.704 INFO             PET0 driver: Run intro.
20231113 023211.704 INFO             PET0   >>>driver entered Run (phase=RunPhase1) with current time:    0  1  1  0  0  0   0
20231113 023211.704 INFO             PET0   driver: after lable_SetRunClock, current time:    0  1  1  0  0  0   0
20231113 023211.704 INFO             PET0   driver: begin -------> RunSequence.
20231113 023211.704 INFO             PET0     driver: RunSequence event loopLevel=   1  levelMember=   1  loopIteration=   1, current time:    0  1  1  0  0  0   0
20231113 023211.704 INFO             PET0     MODEL: Run intro.
20231113 023211.704 INFO             PET0       >>>MODEL: entered Run (phase=RunPhase1) with current time:    0  1  1  0  0  0   0
20231113 023211.704 INFO             PET0       MODEL: time step-loop starting, current time:    0  1  1  0  0  0   0
20231113 023211.705 INFO             PET0       thread_num=   0   currentSsiPe=   2   num_threads=   3   max_threads=   3   num_procs=  36
20231113 023211.705 INFO             PET0       thread_num=   2   currentSsiPe=  52   num_threads=   3   max_threads=   3   num_procs=  36
20231113 023211.705 INFO             PET0       thread_num=   1   currentSsiPe=  39   num_threads=   3   max_threads=   3   num_procs=  36
20231113 023211.705 INFO             PET0       ---->Advancing Model from:    0  1  1  0  0  0   0
20231113 023211.705 INFO             PET0       ---------------------> to:    0  1  1  0  0 30   0
20231113 023211.705 INFO             PET0       MODEL: time step-loop ending,   current time:    0  1  1  0  0 30   0
20231113 023211.705 INFO             PET0       <<<MODEL: leaving Run (phase=RunPhase1) with current time:    0  1  1  0  0 30   0
20231113 023211.705 INFO             PET0     MODEL: Run extro.
20231113 023211.705 INFO             PET0     driver: RunSequence event loopLevel=   1  levelMember=   1  loopIteration=   2, current time:    0  1  1  0  0 30   0
20231113 023211.705 INFO             PET0     MODEL: Run intro.
20231113 023211.705 INFO             PET0       >>>MODEL: entered Run (phase=RunPhase1) with current time:    0  1  1  0  0 30   0
20231113 023211.705 INFO             PET0       MODEL: time step-loop starting, current time:    0  1  1  0  0 30   0
20231113 023211.705 INFO             PET0       thread_num=   2   currentSsiPe=  52   num_threads=   3   max_threads=   3   num_procs=  36
20231113 023211.705 INFO             PET0       thread_num=   1   currentSsiPe=  39   num_threads=   3   max_threads=   3   num_procs=  36
20231113 023211.705 INFO             PET0       thread_num=   0   currentSsiPe=   2   num_threads=   3   max_threads=   3   num_procs=  36
20231113 023211.705 INFO             PET0       ---->Advancing Model from:    0  1  1  0  0 30   0
20231113 023211.705 INFO             PET0       ---------------------> to:    0  1  1  0  1  0   0
20231113 023211.705 INFO             PET0       MODEL: time step-loop ending,   current time:    0  1  1  0  1  0   0
20231113 023211.705 INFO             PET0       <<<MODEL: leaving Run (phase=RunPhase1) with current time:    0  1  1  0  1  0   0
20231113 023211.705 INFO             PET0     MODEL: Run extro.
20231113 023211.705 INFO             PET0     driver: RunSequence event loopLevel=   1  levelMember=   1  loopIteration=   3, current time:    0  1  1  0  1  0   0
20231113 023211.705 INFO             PET0     MODEL: Run intro.
20231113 023211.706 INFO             PET0       >>>MODEL: entered Run (phase=RunPhase1) with current time:    0  1  1  0  1  0   0
20231113 023211.706 INFO             PET0       MODEL: time step-loop starting, current time:    0  1  1  0  1  0   0
20231113 023211.706 INFO             PET0       thread_num=   1   currentSsiPe=  39   num_threads=   3   max_threads=   3   num_procs=  36
20231113 023211.706 INFO             PET0       thread_num=   0   currentSsiPe=   2   num_threads=   3   max_threads=   3   num_procs=  36
20231113 023211.706 INFO             PET0       thread_num=   2   currentSsiPe=  52   num_threads=   3   max_threads=   3   num_procs=  36
20231113 023211.706 INFO             PET0       ---->Advancing Model from:    0  1  1  0  1  0   0
20231113 023211.706 INFO             PET0       ---------------------> to:    0  1  1  0  1 30   0
20231113 023211.706 INFO             PET0       MODEL: time step-loop ending,   current time:    0  1  1  0  1 30   0
20231113 023211.706 INFO             PET0       <<<MODEL: leaving Run (phase=RunPhase1) with current time:    0  1  1  0  1 30   0
20231113 023211.706 INFO             PET0     MODEL: Run extro.
20231113 023211.706 INFO             PET0     driver: RunSequence event loopLevel=   1  levelMember=   1  loopIteration=   4, current time:    0  1  1  0  1 30   0
20231113 023211.706 INFO             PET0     MODEL: Run intro.
20231113 023211.706 INFO             PET0       >>>MODEL: entered Run (phase=RunPhase1) with current time:    0  1  1  0  1 30   0
20231113 023211.706 INFO             PET0       MODEL: time step-loop starting, current time:    0  1  1  0  1 30   0
20231113 023211.706 INFO             PET0       thread_num=   2   currentSsiPe=  52   num_threads=   3   max_threads=   3   num_procs=  36
20231113 023211.706 INFO             PET0       thread_num=   0   currentSsiPe=   2   num_threads=   3   max_threads=   3   num_procs=  36
20231113 023211.706 INFO             PET0       thread_num=   1   currentSsiPe=  39   num_threads=   3   max_threads=   3   num_procs=  36
20231113 023211.706 INFO             PET0       ---->Advancing Model from:    0  1  1  0  1 30   0
20231113 023211.706 INFO             PET0       ---------------------> to:    0  1  1  0  2  0   0
20231113 023211.706 INFO             PET0       MODEL: time step-loop ending,   current time:    0  1  1  0  2  0   0
20231113 023211.706 INFO             PET0       <<<MODEL: leaving Run (phase=RunPhase1) with current time:    0  1  1  0  2  0   0
20231113 023211.706 INFO             PET0     MODEL: Run extro.
20231113 023211.706 INFO             PET0     driver: RunSequence event loopLevel=   1  levelMember=   1  loopIteration=   5, current time:    0  1  1  0  2  0   0
20231113 023211.706 INFO             PET0     MODEL: Run intro.
20231113 023211.706 INFO             PET0       >>>MODEL: entered Run (phase=RunPhase1) with current time:    0  1  1  0  2  0   0
20231113 023211.706 INFO             PET0       MODEL: time step-loop starting, current time:    0  1  1  0  2  0   0
20231113 023211.706 INFO             PET0       thread_num=   2   currentSsiPe=  52   num_threads=   3   max_threads=   3   num_procs=  36
20231113 023211.706 INFO             PET0       thread_num=   1   currentSsiPe=  39   num_threads=   3   max_threads=   3   num_procs=  36
20231113 023211.706 INFO             PET0       thread_num=   0   currentSsiPe=   2   num_threads=   3   max_threads=   3   num_procs=  36
20231113 023211.706 INFO             PET0       ---->Advancing Model from:    0  1  1  0  2  0   0
20231113 023211.706 INFO             PET0       ---------------------> to:    0  1  1  0  2 30   0
20231113 023211.707 INFO             PET0       MODEL: time step-loop ending,   current time:    0  1  1  0  2 30   0
20231113 023211.707 INFO             PET0       <<<MODEL: leaving Run (phase=RunPhase1) with current time:    0  1  1  0  2 30   0
20231113 023211.707 INFO             PET0     MODEL: Run extro.
20231113 023211.707 INFO             PET0   driver: end <--------- RunSequence
20231113 023211.707 INFO             PET0   <<<driver - leaving Run with current time:    0  1  1  0  2 30   0
20231113 023211.707 INFO             PET0 driver: Run extro.
20231113 023211.707 INFO             PET0 driver: Finalize intro.
20231113 023211.707 INFO             PET0   Calling Finalize phase 1 for modelComp: MODEL
20231113 023211.707 INFO             PET0   MODEL: Finalize intro.
20231113 023211.707 INFO             PET0     >>>MODEL: entered Finalize (phase=FinalizePhase1) with current time:    0  1  1  0  2 30   0
20231113 023211.707 INFO             PET0     <<<MODEL: leaving Finalize (phase=FinalizePhase1) with current time:    0  1  1  0  2 30   0
20231113 023211.707 INFO             PET0   MODEL: Finalize extro.
20231113 023211.707 INFO             PET0   Delete modelComp: MODEL
20231113 023211.707 INFO             PET0   Delete Import-/Export State for modelComp: MODEL
20231113 023211.707 INFO             PET0 driver: Finalize extro.
20231113 023211.707 INFO             PET0 mainApp FINISHED
20231113 023211.707 INFO             PET0  Finalizing ESMF
20231113 023211.671 INFO             PET1 !!!!!!!!!!!!!!!!!!!!!!!!!!!!!!!!!!!!!!!!!!!!!!!!!!!!!!
20231113 023211.671 INFO             PET1 !!! THE ESMF_LOG IS SET TO OUTPUT ALL LOG MESSAGES !!!
20231113 023211.671 INFO             PET1 !!!     THIS MAY CAUSE SLOWDOWN IN PERFORMANCE     !!!
20231113 023211.671 INFO             PET1 !!! FOR PRODUCTION RUNS, USE:                      !!!
20231113 023211.671 INFO             PET1 !!!                   ESMF_LOGKIND_Multi_On_Error  !!!
20231113 023211.671 INFO             PET1 !!!!!!!!!!!!!!!!!!!!!!!!!!!!!!!!!!!!!!!!!!!!!!!!!!!!!!
20231113 023211.671 INFO             PET1 Running with ESMF Version   : v8.6.0
20231113 023211.671 INFO             PET1 ESMF library build date/time: "Nov 13 2023" "01:42:49"
20231113 023211.671 INFO             PET1 ESMF library build location : /glade/scratch/theurich/ESMF-Nightly-Testing/gfortran_9.1.0_openmpi_g_v8.6.0/esmf
20231113 023211.671 INFO             PET1 ESMF_COMM                   : openmpi
20231113 023211.671 INFO             PET1 ESMF_MOAB                   : enabled
20231113 023211.671 INFO             PET1 ESMF_LAPACK                 : enabled
20231113 023211.671 INFO             PET1 ESMF_NETCDF                 : enabled
20231113 023211.671 INFO             PET1 ESMF_PNETCDF                : disabled
20231113 023211.671 INFO             PET1 ESMF_PIO                    : enabled
20231113 023211.671 INFO             PET1 ESMF_YAMLCPP                : enabled
20231113 023211.672 INFO             PET1 mainApp STARTING
20231113 023211.678 INFO             PET1 driver: InitializeGeneric intro.
20231113 023211.678 INFO             PET1   driver: InitializeP0 intro.
20231113 023211.678 INFO             PET1   driver: InitializeP0 extro.
20231113 023211.679 INFO             PET1   driver: InitializeIPDv02p1 intro.
20231113 023211.679 INFO             PET1     >>>driver: entered Initialize (phase=<none>) without valid internal Clock.
20231113 023211.679 INFO             PET1     driver - Creating model component MODEL without petList.
20231113 023211.682 INFO             PET1      GridCompIsPetLocal:  T
20231113 023211.682 INFO             PET1      VmIsCreated:  T
20231113 023211.682 INFO             PET1      valid MPI_COMM with size=           4
20231113 023211.682 INFO             PET1     driver - Creating state: modelComp 1 Import State
20231113 023211.682 INFO             PET1     driver - Creating state: modelComp 1 Export State
20231113 023211.683 INFO             PET1     MODEL: InitializeP0 intro.
20231113 023211.683 INFO             PET1       >>>MODEL: entered Initialize (phase=<none>) without valid internal Clock.
20231113 023211.685 INFO             PET1       <<<MODEL: leaving Initialize (phase=<none>) without valid internal Clock.
20231113 023211.685 INFO             PET1     MODEL: InitializeP0 extro.
20231113 023211.687 INFO             PET1     driver: IInitAdvertise intro.
20231113 023211.687 INFO             PET1     driver: IInitAdvertise extro.
20231113 023211.687 INFO             PET1     MODEL: InitializeIPDvXp01 intro.
20231113 023211.687 INFO             PET1       >>>MODEL: entered Initialize (phase=IPDvXp01) without valid internal Clock.
20231113 023211.689 INFO             PET1       <<<MODEL: leaving Initialize (phase=IPDvXp01) without valid internal Clock.
20231113 023211.689 INFO             PET1     MODEL: InitializeIPDvXp01 extro.
20231113 023211.690 INFO             PET1     driver: IInitAdvertiseFinish intro.
20231113 023211.690 INFO             PET1     driver: IInitAdvertiseFinish extro.
20231113 023211.690 INFO             PET1     driver: IInitModifyCplLists intro.
20231113 023211.690 INFO             PET1     driver: IInitModifyCplLists extro.
20231113 023211.690 INFO             PET1     <<<driver: leaving Initialize (phase=<none>) with current time:    0  1  1  0  0  0   0
20231113 023211.690 INFO             PET1   driver: InitializeIPDv02p1 extro.
20231113 023211.690 INFO             PET1   driver: InitializeIPDv02p3 intro.
20231113 023211.690 INFO             PET1     >>>driver: entered Initialize (phase=<none>) with current time:    0  1  1  0  0  0   0
20231113 023211.693 INFO             PET1     driver: IInitCheck intro.
20231113 023211.693 INFO             PET1     driver: IInitCheck extro.
20231113 023211.693 INFO             PET1     MODEL: InitializeIPDvXp04 intro.
20231113 023211.693 INFO             PET1       >>>MODEL: entered Initialize (phase=IPDvXp04) without valid internal Clock.
20231113 023211.697 INFO             PET1       After Realize: - MemInfo: [/proc/meminfo - SSI]	MemTotal:       65507008 kB
20231113 023211.697 INFO             PET1       After Realize: - MemInfo: [/proc/meminfo - SSI]	MemFree:        49641712 kB
20231113 023211.697 INFO             PET1       After Realize: - MemInfo: [/proc/meminfo - SSI]	MemAvailable:   49447232 kB
20231113 023211.697 INFO             PET1       After Realize: - MemInfo: [/proc/meminfo - SSI]	Committed_AS:   13979764 kB
20231113 023211.697 INFO             PET1       After Realize: - MemInfo: [/proc/meminfo - SSI]	CommittedPercent: 21.3409 %
20231113 023211.697 INFO             PET1       After Realize: - MemInfo: [/proc/self/status]	VmPeak:	  480840 kB
20231113 023211.697 INFO             PET1       After Realize: - MemInfo: [/proc/self/status]	VmSize:	  431272 kB
20231113 023211.697 INFO             PET1       After Realize: - MemInfo: [/proc/self/status]	VmLck:	       0 kB
20231113 023211.697 INFO             PET1       After Realize: - MemInfo: [/proc/self/status]	VmPin:	       0 kB
20231113 023211.697 INFO             PET1       After Realize: - MemInfo: [/proc/self/status]	VmHWM:	   69120 kB
20231113 023211.697 INFO             PET1       After Realize: - MemInfo: [/proc/self/status]	VmRSS:	   25412 kB
20231113 023211.697 INFO             PET1       After Realize: - MemInfo: [/proc/self/status]	VmData:	   16388 kB
20231113 023211.697 INFO             PET1       After Realize: - MemInfo: [/proc/self/status]	VmStk:	     148 kB
20231113 023211.697 INFO             PET1       After Realize: - MemInfo: [/proc/self/status]	VmExe:	     260 kB
20231113 023211.697 INFO             PET1       After Realize: - MemInfo: [/proc/self/status]	VmLib:	   74772 kB
20231113 023211.697 INFO             PET1       After Realize: - MemInfo: [/proc/self/status]	VmPTE:	     580 kB
20231113 023211.697 INFO             PET1       After Realize: - MemInfo: [/proc/self/status]	VmPMD:	      12 kB
20231113 023211.697 INFO             PET1       After Realize: - MemInfo: [/proc/self/status]	VmSwap:	       0 kB
20231113 023211.697 INFO             PET1       After Realize: - MemInfo: [/proc/self/status]	VmRSSPercent: 0.0387928 %
20231113 023211.697 INFO             PET1       After Realize: - MemInfo: [malloc] Non-mmapped space allocated:                 3104768 Byte
20231113 023211.697 INFO             PET1       After Realize: - MemInfo: [malloc] Space allocated in mmapped regions:          2760704 Byte
20231113 023211.697 INFO             PET1       After Realize: - MemInfo: [malloc] Maximum total allocated space:                     0 Byte
20231113 023211.697 INFO             PET1       After Realize: - MemInfo: [malloc] Space in freed fastbin blocks:                  2416 Byte
20231113 023211.697 INFO             PET1       After Realize: - MemInfo: [malloc] Total allocated space:                       2150640 Byte
20231113 023211.697 INFO             PET1       After Realize: - MemInfo: [malloc] Total free space:                             954128 Byte
20231113 023211.697 INFO             PET1       After Realize: - MemInfo: [malloc] Top-most, releasable space:                   136240 Byte
20231113 023211.697 INFO             PET1       After Realize: - MemInfo: [malloc] Total space in use, mmap + non-mmap:         4911344 Byte
20231113 023211.697 INFO             PET1       After Realize: - MemInfo: [malloc] Total space held (mmap + non-mmap):          5865472 Byte
20231113 023211.697 INFO             PET1       After Realize: - MemInfo: [malloc] Total space used (mmap + non-mmap):          4920528 Byte
20231113 023211.697 INFO             PET1       After Realize: - MemInfo: Wall-clock time since execution start:              0.0288065 seconds
20231113 023211.697 INFO             PET1       <<<MODEL: leaving Initialize (phase=IPDvXp04) without valid internal Clock.
20231113 023211.697 INFO             PET1     MODEL: InitializeIPDvXp04 extro.
20231113 023211.699 INFO             PET1     driver: IInitRealize intro.
20231113 023211.699 INFO             PET1     driver: IInitRealize extro.
20231113 023211.699 INFO             PET1     MODEL: InitializeIPDvXp07 intro.
20231113 023211.700 INFO             PET1       >>>MODEL: entered Initialize (phase=IPDvXp07) without valid internal Clock.
20231113 023211.700 INFO             PET1       <<<MODEL: leaving Initialize (phase=IPDvXp07) with current time:    0  1  1  0  0  0   0
20231113 023211.700 INFO             PET1     MODEL: InitializeIPDvXp07 extro.
20231113 023211.700 INFO             PET1     <<<driver: leaving Initialize (phase=<none>) with current time:    0  1  1  0  0  0   0
20231113 023211.700 INFO             PET1   driver: InitializeIPDv02p3 extro.
20231113 023211.700 INFO             PET1   driver: InitializeIPDv02p5 intro.
20231113 023211.700 INFO             PET1     >>>driver: entered Initialize (phase=<none>) with current time:    0  1  1  0  0  0   0
20231113 023211.700 INFO             PET1     driver: this is a top level driver, no 'Updated' and 'InitializeDataComplete' info on this level.
20231113 023211.700 INFO             PET1     driver: InitializeIPDv02p5Data intro.
20231113 023211.700 INFO             PET1       driver: InternalInitializeComplete intro.
20231113 023211.700 INFO             PET1         driver: InitializeDataComplete='true'
20231113 023211.700 INFO             PET1       driver: InternalInitializeComplete extro.
20231113 023211.700 INFO             PET1       MODEL: InitializeIPDvXp08 intro.
20231113 023211.701 INFO             PET1         >>>MODEL: entered Initialize (phase=IPDv05p8) with current time:    0  1  1  0  0  0   0
20231113 023211.701 INFO             PET1         MODEL: InitializeDataProgress='false', InitializeDataComplete='false'
20231113 023211.701 INFO             PET1         <<<MODEL: leaving Initialize (phase=IPDv05p8) with current time:    0  1  1  0  0  0   0
20231113 023211.701 INFO             PET1       MODEL: InitializeIPDvXp08 extro.
20231113 023211.702 INFO             PET1       driver: components present that trigger loopDataDependentInitialize().
20231113 023211.702 INFO             PET1       driver: loopDataDependentInitialize intro.
20231113 023211.702 INFO             PET1         driver: component    0=driver, dataComplete (local): true
20231113 023211.702 INFO             PET1         driver: component    0=driver, dataComplete (global): T
20231113 023211.702 INFO             PET1         driver: component    1=MODEL, dataComplete (local): false
20231113 023211.702 INFO             PET1         driver: component    1=MODEL, dataComplete (global): F
20231113 023211.702 INFO             PET1         MODEL: InitializeIPDvXp08 intro.
20231113 023211.702 INFO             PET1           >>>MODEL: entered Initialize (phase=IPDv05p8) with current time:    0  1  1  0  0  0   0
20231113 023211.702 INFO             PET1           MODEL: InitializeDataProgress='true', InitializeDataComplete='true'
20231113 023211.703 INFO             PET1           <<<MODEL: leaving Initialize (phase=IPDv05p8) with current time:    0  1  1  0  0  0   0
20231113 023211.703 INFO             PET1         MODEL: InitializeIPDvXp08 extro.
20231113 023211.703 INFO             PET1         driver: component    1=MODEL, someProgress (local): true
20231113 023211.703 INFO             PET1         driver: component    1=MODEL, someProgress (global): T
20231113 023211.703 INFO             PET1         driver: someProgress=T, allComplete=F, present(dataDepAllComplete)=T
20231113 023211.704 INFO             PET1         driver: component    0=driver, dataComplete (local): true
20231113 023211.704 INFO             PET1         driver: component    0=driver, dataComplete (global): T
20231113 023211.704 INFO             PET1         driver: component    1=MODEL, dataComplete (local): true
20231113 023211.704 INFO             PET1         driver: component    1=MODEL, dataComplete (global): T
20231113 023211.704 INFO             PET1         driver: someProgress=F, allComplete=T, present(dataDepAllComplete)=T
20231113 023211.704 INFO             PET1         driver: finished resolving initialize data dependencies on this level.
20231113 023211.704 INFO             PET1       driver: loopDataDependentInitialize extro.
20231113 023211.704 INFO             PET1       driver: loopDataDependentInitialize() returned with dataDepAllComplete: T
20231113 023211.704 INFO             PET1     driver: InitializeIPDv02p5Data extro.
20231113 023211.704 INFO             PET1     <<<driver: leaving Initialize (phase=<none>) with current time:    0  1  1  0  0  0   0
20231113 023211.704 INFO             PET1   driver: InitializeIPDv02p5 extro.
20231113 023211.704 INFO             PET1 driver: InitializeGeneric extro.
20231113 023211.704 INFO             PET1 driver: Run intro.
20231113 023211.704 INFO             PET1   >>>driver entered Run (phase=RunPhase1) with current time:    0  1  1  0  0  0   0
20231113 023211.704 INFO             PET1   driver: after lable_SetRunClock, current time:    0  1  1  0  0  0   0
20231113 023211.704 INFO             PET1   driver: begin -------> RunSequence.
20231113 023211.704 INFO             PET1     driver: RunSequence event loopLevel=   1  levelMember=   1  loopIteration=   1, current time:    0  1  1  0  0  0   0
20231113 023211.704 INFO             PET1     MODEL: Run intro.
20231113 023211.704 INFO             PET1       >>>MODEL: entered Run (phase=RunPhase1) with current time:    0  1  1  0  0  0   0
20231113 023211.704 INFO             PET1       MODEL: time step-loop starting, current time:    0  1  1  0  0  0   0
20231113 023211.705 INFO             PET1       thread_num=   0   currentSsiPe=  20   num_threads=   3   max_threads=   3   num_procs=  36
20231113 023211.705 INFO             PET1       thread_num=   1   currentSsiPe=  67   num_threads=   3   max_threads=   3   num_procs=  36
20231113 023211.705 INFO             PET1       thread_num=   2   currentSsiPe=  64   num_threads=   3   max_threads=   3   num_procs=  36
20231113 023211.705 INFO             PET1       ---->Advancing Model from:    0  1  1  0  0  0   0
20231113 023211.705 INFO             PET1       ---------------------> to:    0  1  1  0  0 30   0
20231113 023211.705 INFO             PET1       MODEL: time step-loop ending,   current time:    0  1  1  0  0 30   0
20231113 023211.705 INFO             PET1       <<<MODEL: leaving Run (phase=RunPhase1) with current time:    0  1  1  0  0 30   0
20231113 023211.705 INFO             PET1     MODEL: Run extro.
20231113 023211.705 INFO             PET1     driver: RunSequence event loopLevel=   1  levelMember=   1  loopIteration=   2, current time:    0  1  1  0  0 30   0
20231113 023211.705 INFO             PET1     MODEL: Run intro.
20231113 023211.705 INFO             PET1       >>>MODEL: entered Run (phase=RunPhase1) with current time:    0  1  1  0  0 30   0
20231113 023211.705 INFO             PET1       MODEL: time step-loop starting, current time:    0  1  1  0  0 30   0
20231113 023211.705 INFO             PET1       thread_num=   2   currentSsiPe=  64   num_threads=   3   max_threads=   3   num_procs=  36
20231113 023211.705 INFO             PET1       thread_num=   0   currentSsiPe=  20   num_threads=   3   max_threads=   3   num_procs=  36
20231113 023211.705 INFO             PET1       thread_num=   1   currentSsiPe=  67   num_threads=   3   max_threads=   3   num_procs=  36
20231113 023211.705 INFO             PET1       ---->Advancing Model from:    0  1  1  0  0 30   0
20231113 023211.705 INFO             PET1       ---------------------> to:    0  1  1  0  1  0   0
20231113 023211.705 INFO             PET1       MODEL: time step-loop ending,   current time:    0  1  1  0  1  0   0
20231113 023211.705 INFO             PET1       <<<MODEL: leaving Run (phase=RunPhase1) with current time:    0  1  1  0  1  0   0
20231113 023211.705 INFO             PET1     MODEL: Run extro.
20231113 023211.705 INFO             PET1     driver: RunSequence event loopLevel=   1  levelMember=   1  loopIteration=   3, current time:    0  1  1  0  1  0   0
20231113 023211.705 INFO             PET1     MODEL: Run intro.
20231113 023211.705 INFO             PET1       >>>MODEL: entered Run (phase=RunPhase1) with current time:    0  1  1  0  1  0   0
20231113 023211.706 INFO             PET1       MODEL: time step-loop starting, current time:    0  1  1  0  1  0   0
20231113 023211.706 INFO             PET1       thread_num=   1   currentSsiPe=  67   num_threads=   3   max_threads=   3   num_procs=  36
20231113 023211.706 INFO             PET1       thread_num=   0   currentSsiPe=  20   num_threads=   3   max_threads=   3   num_procs=  36
20231113 023211.706 INFO             PET1       thread_num=   2   currentSsiPe=  64   num_threads=   3   max_threads=   3   num_procs=  36
20231113 023211.706 INFO             PET1       ---->Advancing Model from:    0  1  1  0  1  0   0
20231113 023211.706 INFO             PET1       ---------------------> to:    0  1  1  0  1 30   0
20231113 023211.706 INFO             PET1       MODEL: time step-loop ending,   current time:    0  1  1  0  1 30   0
20231113 023211.706 INFO             PET1       <<<MODEL: leaving Run (phase=RunPhase1) with current time:    0  1  1  0  1 30   0
20231113 023211.706 INFO             PET1     MODEL: Run extro.
20231113 023211.706 INFO             PET1     driver: RunSequence event loopLevel=   1  levelMember=   1  loopIteration=   4, current time:    0  1  1  0  1 30   0
20231113 023211.706 INFO             PET1     MODEL: Run intro.
20231113 023211.706 INFO             PET1       >>>MODEL: entered Run (phase=RunPhase1) with current time:    0  1  1  0  1 30   0
20231113 023211.706 INFO             PET1       MODEL: time step-loop starting, current time:    0  1  1  0  1 30   0
20231113 023211.706 INFO             PET1       thread_num=   1   currentSsiPe=  67   num_threads=   3   max_threads=   3   num_procs=  36
20231113 023211.706 INFO             PET1       thread_num=   0   currentSsiPe=  20   num_threads=   3   max_threads=   3   num_procs=  36
20231113 023211.706 INFO             PET1       thread_num=   2   currentSsiPe=  64   num_threads=   3   max_threads=   3   num_procs=  36
20231113 023211.706 INFO             PET1       ---->Advancing Model from:    0  1  1  0  1 30   0
20231113 023211.706 INFO             PET1       ---------------------> to:    0  1  1  0  2  0   0
20231113 023211.706 INFO             PET1       MODEL: time step-loop ending,   current time:    0  1  1  0  2  0   0
20231113 023211.706 INFO             PET1       <<<MODEL: leaving Run (phase=RunPhase1) with current time:    0  1  1  0  2  0   0
20231113 023211.706 INFO             PET1     MODEL: Run extro.
20231113 023211.706 INFO             PET1     driver: RunSequence event loopLevel=   1  levelMember=   1  loopIteration=   5, current time:    0  1  1  0  2  0   0
20231113 023211.706 INFO             PET1     MODEL: Run intro.
20231113 023211.706 INFO             PET1       >>>MODEL: entered Run (phase=RunPhase1) with current time:    0  1  1  0  2  0   0
20231113 023211.706 INFO             PET1       MODEL: time step-loop starting, current time:    0  1  1  0  2  0   0
20231113 023211.706 INFO             PET1       thread_num=   2   currentSsiPe=  64   num_threads=   3   max_threads=   3   num_procs=  36
20231113 023211.706 INFO             PET1       thread_num=   0   currentSsiPe=  20   num_threads=   3   max_threads=   3   num_procs=  36
20231113 023211.706 INFO             PET1       thread_num=   1   currentSsiPe=  67   num_threads=   3   max_threads=   3   num_procs=  36
20231113 023211.706 INFO             PET1       ---->Advancing Model from:    0  1  1  0  2  0   0
20231113 023211.706 INFO             PET1       ---------------------> to:    0  1  1  0  2 30   0
20231113 023211.706 INFO             PET1       MODEL: time step-loop ending,   current time:    0  1  1  0  2 30   0
20231113 023211.706 INFO             PET1       <<<MODEL: leaving Run (phase=RunPhase1) with current time:    0  1  1  0  2 30   0
20231113 023211.706 INFO             PET1     MODEL: Run extro.
20231113 023211.706 INFO             PET1   driver: end <--------- RunSequence
20231113 023211.706 INFO             PET1   <<<driver - leaving Run with current time:    0  1  1  0  2 30   0
20231113 023211.706 INFO             PET1 driver: Run extro.
20231113 023211.707 INFO             PET1 driver: Finalize intro.
20231113 023211.707 INFO             PET1   Calling Finalize phase 1 for modelComp: MODEL
20231113 023211.707 INFO             PET1   MODEL: Finalize intro.
20231113 023211.707 INFO             PET1     >>>MODEL: entered Finalize (phase=FinalizePhase1) with current time:    0  1  1  0  2 30   0
20231113 023211.707 INFO             PET1     <<<MODEL: leaving Finalize (phase=FinalizePhase1) with current time:    0  1  1  0  2 30   0
20231113 023211.707 INFO             PET1   MODEL: Finalize extro.
20231113 023211.707 INFO             PET1   Delete modelComp: MODEL
20231113 023211.707 INFO             PET1   Delete Import-/Export State for modelComp: MODEL
20231113 023211.707 INFO             PET1 driver: Finalize extro.
20231113 023211.707 INFO             PET1 mainApp FINISHED
20231113 023211.707 INFO             PET1  Finalizing ESMF
20231113 023211.672 INFO             PET2 !!!!!!!!!!!!!!!!!!!!!!!!!!!!!!!!!!!!!!!!!!!!!!!!!!!!!!
20231113 023211.672 INFO             PET2 !!! THE ESMF_LOG IS SET TO OUTPUT ALL LOG MESSAGES !!!
20231113 023211.672 INFO             PET2 !!!     THIS MAY CAUSE SLOWDOWN IN PERFORMANCE     !!!
20231113 023211.672 INFO             PET2 !!! FOR PRODUCTION RUNS, USE:                      !!!
20231113 023211.672 INFO             PET2 !!!                   ESMF_LOGKIND_Multi_On_Error  !!!
20231113 023211.672 INFO             PET2 !!!!!!!!!!!!!!!!!!!!!!!!!!!!!!!!!!!!!!!!!!!!!!!!!!!!!!
20231113 023211.672 INFO             PET2 Running with ESMF Version   : v8.6.0
20231113 023211.672 INFO             PET2 ESMF library build date/time: "Nov 13 2023" "01:42:49"
20231113 023211.672 INFO             PET2 ESMF library build location : /glade/scratch/theurich/ESMF-Nightly-Testing/gfortran_9.1.0_openmpi_g_v8.6.0/esmf
20231113 023211.672 INFO             PET2 ESMF_COMM                   : openmpi
20231113 023211.672 INFO             PET2 ESMF_MOAB                   : enabled
20231113 023211.672 INFO             PET2 ESMF_LAPACK                 : enabled
20231113 023211.672 INFO             PET2 ESMF_NETCDF                 : enabled
20231113 023211.672 INFO             PET2 ESMF_PNETCDF                : disabled
20231113 023211.672 INFO             PET2 ESMF_PIO                    : enabled
20231113 023211.672 INFO             PET2 ESMF_YAMLCPP                : enabled
20231113 023211.672 INFO             PET2 mainApp STARTING
20231113 023211.678 INFO             PET2 driver: InitializeGeneric intro.
20231113 023211.678 INFO             PET2   driver: InitializeP0 intro.
20231113 023211.678 INFO             PET2   driver: InitializeP0 extro.
20231113 023211.679 INFO             PET2   driver: InitializeIPDv02p1 intro.
20231113 023211.679 INFO             PET2     >>>driver: entered Initialize (phase=<none>) without valid internal Clock.
20231113 023211.679 INFO             PET2     driver - Creating model component MODEL without petList.
20231113 023211.682 INFO             PET2      GridCompIsPetLocal:  T
20231113 023211.682 INFO             PET2      VmIsCreated:  T
20231113 023211.682 INFO             PET2      valid MPI_COMM with size=           4
20231113 023211.682 INFO             PET2     driver - Creating state: modelComp 1 Import State
20231113 023211.682 INFO             PET2     driver - Creating state: modelComp 1 Export State
20231113 023211.683 INFO             PET2     MODEL: InitializeP0 intro.
20231113 023211.683 INFO             PET2       >>>MODEL: entered Initialize (phase=<none>) without valid internal Clock.
20231113 023211.685 INFO             PET2       <<<MODEL: leaving Initialize (phase=<none>) without valid internal Clock.
20231113 023211.685 INFO             PET2     MODEL: InitializeP0 extro.
20231113 023211.687 INFO             PET2     driver: IInitAdvertise intro.
20231113 023211.687 INFO             PET2     driver: IInitAdvertise extro.
20231113 023211.687 INFO             PET2     MODEL: InitializeIPDvXp01 intro.
20231113 023211.687 INFO             PET2       >>>MODEL: entered Initialize (phase=IPDvXp01) without valid internal Clock.
20231113 023211.689 INFO             PET2       <<<MODEL: leaving Initialize (phase=IPDvXp01) without valid internal Clock.
20231113 023211.689 INFO             PET2     MODEL: InitializeIPDvXp01 extro.
20231113 023211.690 INFO             PET2     driver: IInitAdvertiseFinish intro.
20231113 023211.690 INFO             PET2     driver: IInitAdvertiseFinish extro.
20231113 023211.690 INFO             PET2     driver: IInitModifyCplLists intro.
20231113 023211.690 INFO             PET2     driver: IInitModifyCplLists extro.
20231113 023211.690 INFO             PET2     <<<driver: leaving Initialize (phase=<none>) with current time:    0  1  1  0  0  0   0
20231113 023211.690 INFO             PET2   driver: InitializeIPDv02p1 extro.
20231113 023211.690 INFO             PET2   driver: InitializeIPDv02p3 intro.
20231113 023211.690 INFO             PET2     >>>driver: entered Initialize (phase=<none>) with current time:    0  1  1  0  0  0   0
20231113 023211.693 INFO             PET2     driver: IInitCheck intro.
20231113 023211.693 INFO             PET2     driver: IInitCheck extro.
20231113 023211.693 INFO             PET2     MODEL: InitializeIPDvXp04 intro.
20231113 023211.693 INFO             PET2       >>>MODEL: entered Initialize (phase=IPDvXp04) without valid internal Clock.
20231113 023211.697 INFO             PET2       After Realize: - MemInfo: [/proc/meminfo - SSI]	MemTotal:       65507008 kB
20231113 023211.697 INFO             PET2       After Realize: - MemInfo: [/proc/meminfo - SSI]	MemFree:        49641712 kB
20231113 023211.697 INFO             PET2       After Realize: - MemInfo: [/proc/meminfo - SSI]	MemAvailable:   49447232 kB
20231113 023211.697 INFO             PET2       After Realize: - MemInfo: [/proc/meminfo - SSI]	Committed_AS:   13979764 kB
20231113 023211.697 INFO             PET2       After Realize: - MemInfo: [/proc/meminfo - SSI]	CommittedPercent: 21.3409 %
20231113 023211.697 INFO             PET2       After Realize: - MemInfo: [/proc/self/status]	VmPeak:	  480840 kB
20231113 023211.697 INFO             PET2       After Realize: - MemInfo: [/proc/self/status]	VmSize:	  431272 kB
20231113 023211.697 INFO             PET2       After Realize: - MemInfo: [/proc/self/status]	VmLck:	       0 kB
20231113 023211.697 INFO             PET2       After Realize: - MemInfo: [/proc/self/status]	VmPin:	       0 kB
20231113 023211.697 INFO             PET2       After Realize: - MemInfo: [/proc/self/status]	VmHWM:	   69112 kB
20231113 023211.697 INFO             PET2       After Realize: - MemInfo: [/proc/self/status]	VmRSS:	   25472 kB
20231113 023211.697 INFO             PET2       After Realize: - MemInfo: [/proc/self/status]	VmData:	   16388 kB
20231113 023211.697 INFO             PET2       After Realize: - MemInfo: [/proc/self/status]	VmStk:	     148 kB
20231113 023211.697 INFO             PET2       After Realize: - MemInfo: [/proc/self/status]	VmExe:	     260 kB
20231113 023211.697 INFO             PET2       After Realize: - MemInfo: [/proc/self/status]	VmLib:	   74772 kB
20231113 023211.697 INFO             PET2       After Realize: - MemInfo: [/proc/self/status]	VmPTE:	     596 kB
20231113 023211.697 INFO             PET2       After Realize: - MemInfo: [/proc/self/status]	VmPMD:	      12 kB
20231113 023211.697 INFO             PET2       After Realize: - MemInfo: [/proc/self/status]	VmSwap:	       0 kB
20231113 023211.697 INFO             PET2       After Realize: - MemInfo: [/proc/self/status]	VmRSSPercent: 0.0388844 %
20231113 023211.697 INFO             PET2       After Realize: - MemInfo: [malloc] Non-mmapped space allocated:                 3104768 Byte
20231113 023211.697 INFO             PET2       After Realize: - MemInfo: [malloc] Space allocated in mmapped regions:          2760704 Byte
20231113 023211.697 INFO             PET2       After Realize: - MemInfo: [malloc] Maximum total allocated space:                     0 Byte
20231113 023211.697 INFO             PET2       After Realize: - MemInfo: [malloc] Space in freed fastbin blocks:                  2416 Byte
20231113 023211.697 INFO             PET2       After Realize: - MemInfo: [malloc] Total allocated space:                       2148832 Byte
20231113 023211.697 INFO             PET2       After Realize: - MemInfo: [malloc] Total free space:                             955936 Byte
20231113 023211.697 INFO             PET2       After Realize: - MemInfo: [malloc] Top-most, releasable space:                   136304 Byte
20231113 023211.697 INFO             PET2       After Realize: - MemInfo: [malloc] Total space in use, mmap + non-mmap:         4909536 Byte
20231113 023211.697 INFO             PET2       After Realize: - MemInfo: [malloc] Total space held (mmap + non-mmap):          5865472 Byte
20231113 023211.697 INFO             PET2       After Realize: - MemInfo: [malloc] Total space used (mmap + non-mmap):          4918720 Byte
20231113 023211.697 INFO             PET2       After Realize: - MemInfo: Wall-clock time since execution start:              0.0288843 seconds
20231113 023211.697 INFO             PET2       <<<MODEL: leaving Initialize (phase=IPDvXp04) without valid internal Clock.
20231113 023211.697 INFO             PET2     MODEL: InitializeIPDvXp04 extro.
20231113 023211.699 INFO             PET2     driver: IInitRealize intro.
20231113 023211.699 INFO             PET2     driver: IInitRealize extro.
20231113 023211.699 INFO             PET2     MODEL: InitializeIPDvXp07 intro.
20231113 023211.700 INFO             PET2       >>>MODEL: entered Initialize (phase=IPDvXp07) without valid internal Clock.
20231113 023211.700 INFO             PET2       <<<MODEL: leaving Initialize (phase=IPDvXp07) with current time:    0  1  1  0  0  0   0
20231113 023211.700 INFO             PET2     MODEL: InitializeIPDvXp07 extro.
20231113 023211.700 INFO             PET2     <<<driver: leaving Initialize (phase=<none>) with current time:    0  1  1  0  0  0   0
20231113 023211.700 INFO             PET2   driver: InitializeIPDv02p3 extro.
20231113 023211.700 INFO             PET2   driver: InitializeIPDv02p5 intro.
20231113 023211.700 INFO             PET2     >>>driver: entered Initialize (phase=<none>) with current time:    0  1  1  0  0  0   0
20231113 023211.700 INFO             PET2     driver: this is a top level driver, no 'Updated' and 'InitializeDataComplete' info on this level.
20231113 023211.700 INFO             PET2     driver: InitializeIPDv02p5Data intro.
20231113 023211.700 INFO             PET2       driver: InternalInitializeComplete intro.
20231113 023211.700 INFO             PET2         driver: InitializeDataComplete='true'
20231113 023211.700 INFO             PET2       driver: InternalInitializeComplete extro.
20231113 023211.700 INFO             PET2       MODEL: InitializeIPDvXp08 intro.
20231113 023211.701 INFO             PET2         >>>MODEL: entered Initialize (phase=IPDv05p8) with current time:    0  1  1  0  0  0   0
20231113 023211.701 INFO             PET2         MODEL: InitializeDataProgress='false', InitializeDataComplete='false'
20231113 023211.701 INFO             PET2         <<<MODEL: leaving Initialize (phase=IPDv05p8) with current time:    0  1  1  0  0  0   0
20231113 023211.701 INFO             PET2       MODEL: InitializeIPDvXp08 extro.
20231113 023211.702 INFO             PET2       driver: components present that trigger loopDataDependentInitialize().
20231113 023211.702 INFO             PET2       driver: loopDataDependentInitialize intro.
20231113 023211.702 INFO             PET2         driver: component    0=driver, dataComplete (local): true
20231113 023211.702 INFO             PET2         driver: component    0=driver, dataComplete (global): T
20231113 023211.702 INFO             PET2         driver: component    1=MODEL, dataComplete (local): false
20231113 023211.702 INFO             PET2         driver: component    1=MODEL, dataComplete (global): F
20231113 023211.702 INFO             PET2         MODEL: InitializeIPDvXp08 intro.
20231113 023211.702 INFO             PET2           >>>MODEL: entered Initialize (phase=IPDv05p8) with current time:    0  1  1  0  0  0   0
20231113 023211.703 INFO             PET2           MODEL: InitializeDataProgress='true', InitializeDataComplete='true'
20231113 023211.703 INFO             PET2           <<<MODEL: leaving Initialize (phase=IPDv05p8) with current time:    0  1  1  0  0  0   0
20231113 023211.703 INFO             PET2         MODEL: InitializeIPDvXp08 extro.
20231113 023211.703 INFO             PET2         driver: component    1=MODEL, someProgress (local): true
20231113 023211.703 INFO             PET2         driver: component    1=MODEL, someProgress (global): T
20231113 023211.703 INFO             PET2         driver: someProgress=T, allComplete=F, present(dataDepAllComplete)=T
20231113 023211.704 INFO             PET2         driver: component    0=driver, dataComplete (local): true
20231113 023211.704 INFO             PET2         driver: component    0=driver, dataComplete (global): T
20231113 023211.704 INFO             PET2         driver: component    1=MODEL, dataComplete (local): true
20231113 023211.704 INFO             PET2         driver: component    1=MODEL, dataComplete (global): T
20231113 023211.704 INFO             PET2         driver: someProgress=F, allComplete=T, present(dataDepAllComplete)=T
20231113 023211.704 INFO             PET2         driver: finished resolving initialize data dependencies on this level.
20231113 023211.704 INFO             PET2       driver: loopDataDependentInitialize extro.
20231113 023211.704 INFO             PET2       driver: loopDataDependentInitialize() returned with dataDepAllComplete: T
20231113 023211.704 INFO             PET2     driver: InitializeIPDv02p5Data extro.
20231113 023211.704 INFO             PET2     <<<driver: leaving Initialize (phase=<none>) with current time:    0  1  1  0  0  0   0
20231113 023211.704 INFO             PET2   driver: InitializeIPDv02p5 extro.
20231113 023211.704 INFO             PET2 driver: InitializeGeneric extro.
20231113 023211.704 INFO             PET2 driver: Run intro.
20231113 023211.704 INFO             PET2   >>>driver entered Run (phase=RunPhase1) with current time:    0  1  1  0  0  0   0
20231113 023211.704 INFO             PET2   driver: after lable_SetRunClock, current time:    0  1  1  0  0  0   0
20231113 023211.704 INFO             PET2   driver: begin -------> RunSequence.
20231113 023211.704 INFO             PET2     driver: RunSequence event loopLevel=   1  levelMember=   1  loopIteration=   1, current time:    0  1  1  0  0  0   0
20231113 023211.704 INFO             PET2     MODEL: Run intro.
20231113 023211.704 INFO             PET2       >>>MODEL: entered Run (phase=RunPhase1) with current time:    0  1  1  0  0  0   0
20231113 023211.704 INFO             PET2       MODEL: time step-loop starting, current time:    0  1  1  0  0  0   0
20231113 023211.705 INFO             PET2       thread_num=   0   currentSsiPe=  37   num_threads=   3   max_threads=   3   num_procs=  36
20231113 023211.705 INFO             PET2       thread_num=   1   currentSsiPe=   8   num_threads=   3   max_threads=   3   num_procs=  36
20231113 023211.705 INFO             PET2       thread_num=   2   currentSsiPe=  10   num_threads=   3   max_threads=   3   num_procs=  36
20231113 023211.705 INFO             PET2       ---->Advancing Model from:    0  1  1  0  0  0   0
20231113 023211.705 INFO             PET2       ---------------------> to:    0  1  1  0  0 30   0
20231113 023211.705 INFO             PET2       MODEL: time step-loop ending,   current time:    0  1  1  0  0 30   0
20231113 023211.705 INFO             PET2       <<<MODEL: leaving Run (phase=RunPhase1) with current time:    0  1  1  0  0 30   0
20231113 023211.705 INFO             PET2     MODEL: Run extro.
20231113 023211.705 INFO             PET2     driver: RunSequence event loopLevel=   1  levelMember=   1  loopIteration=   2, current time:    0  1  1  0  0 30   0
20231113 023211.705 INFO             PET2     MODEL: Run intro.
20231113 023211.705 INFO             PET2       >>>MODEL: entered Run (phase=RunPhase1) with current time:    0  1  1  0  0 30   0
20231113 023211.705 INFO             PET2       MODEL: time step-loop starting, current time:    0  1  1  0  0 30   0
20231113 023211.705 INFO             PET2       thread_num=   1   currentSsiPe=   8   num_threads=   3   max_threads=   3   num_procs=  36
20231113 023211.705 INFO             PET2       thread_num=   0   currentSsiPe=  37   num_threads=   3   max_threads=   3   num_procs=  36
20231113 023211.705 INFO             PET2       thread_num=   2   currentSsiPe=  10   num_threads=   3   max_threads=   3   num_procs=  36
20231113 023211.705 INFO             PET2       ---->Advancing Model from:    0  1  1  0  0 30   0
20231113 023211.705 INFO             PET2       ---------------------> to:    0  1  1  0  1  0   0
20231113 023211.705 INFO             PET2       MODEL: time step-loop ending,   current time:    0  1  1  0  1  0   0
20231113 023211.705 INFO             PET2       <<<MODEL: leaving Run (phase=RunPhase1) with current time:    0  1  1  0  1  0   0
20231113 023211.705 INFO             PET2     MODEL: Run extro.
20231113 023211.705 INFO             PET2     driver: RunSequence event loopLevel=   1  levelMember=   1  loopIteration=   3, current time:    0  1  1  0  1  0   0
20231113 023211.705 INFO             PET2     MODEL: Run intro.
20231113 023211.706 INFO             PET2       >>>MODEL: entered Run (phase=RunPhase1) with current time:    0  1  1  0  1  0   0
20231113 023211.706 INFO             PET2       MODEL: time step-loop starting, current time:    0  1  1  0  1  0   0
20231113 023211.706 INFO             PET2       thread_num=   2   currentSsiPe=  10   num_threads=   3   max_threads=   3   num_procs=  36
20231113 023211.706 INFO             PET2       thread_num=   1   currentSsiPe=   8   num_threads=   3   max_threads=   3   num_procs=  36
20231113 023211.706 INFO             PET2       thread_num=   0   currentSsiPe=  37   num_threads=   3   max_threads=   3   num_procs=  36
20231113 023211.706 INFO             PET2       ---->Advancing Model from:    0  1  1  0  1  0   0
20231113 023211.706 INFO             PET2       ---------------------> to:    0  1  1  0  1 30   0
20231113 023211.706 INFO             PET2       MODEL: time step-loop ending,   current time:    0  1  1  0  1 30   0
20231113 023211.706 INFO             PET2       <<<MODEL: leaving Run (phase=RunPhase1) with current time:    0  1  1  0  1 30   0
20231113 023211.706 INFO             PET2     MODEL: Run extro.
20231113 023211.706 INFO             PET2     driver: RunSequence event loopLevel=   1  levelMember=   1  loopIteration=   4, current time:    0  1  1  0  1 30   0
20231113 023211.706 INFO             PET2     MODEL: Run intro.
20231113 023211.706 INFO             PET2       >>>MODEL: entered Run (phase=RunPhase1) with current time:    0  1  1  0  1 30   0
20231113 023211.706 INFO             PET2       MODEL: time step-loop starting, current time:    0  1  1  0  1 30   0
20231113 023211.706 INFO             PET2       thread_num=   1   currentSsiPe=   8   num_threads=   3   max_threads=   3   num_procs=  36
20231113 023211.706 INFO             PET2       thread_num=   2   currentSsiPe=  10   num_threads=   3   max_threads=   3   num_procs=  36
20231113 023211.706 INFO             PET2       thread_num=   0   currentSsiPe=  37   num_threads=   3   max_threads=   3   num_procs=  36
20231113 023211.706 INFO             PET2       ---->Advancing Model from:    0  1  1  0  1 30   0
20231113 023211.706 INFO             PET2       ---------------------> to:    0  1  1  0  2  0   0
20231113 023211.706 INFO             PET2       MODEL: time step-loop ending,   current time:    0  1  1  0  2  0   0
20231113 023211.706 INFO             PET2       <<<MODEL: leaving Run (phase=RunPhase1) with current time:    0  1  1  0  2  0   0
20231113 023211.706 INFO             PET2     MODEL: Run extro.
20231113 023211.706 INFO             PET2     driver: RunSequence event loopLevel=   1  levelMember=   1  loopIteration=   5, current time:    0  1  1  0  2  0   0
20231113 023211.706 INFO             PET2     MODEL: Run intro.
20231113 023211.706 INFO             PET2       >>>MODEL: entered Run (phase=RunPhase1) with current time:    0  1  1  0  2  0   0
20231113 023211.706 INFO             PET2       MODEL: time step-loop starting, current time:    0  1  1  0  2  0   0
20231113 023211.706 INFO             PET2       thread_num=   2   currentSsiPe=  10   num_threads=   3   max_threads=   3   num_procs=  36
20231113 023211.706 INFO             PET2       thread_num=   1   currentSsiPe=   8   num_threads=   3   max_threads=   3   num_procs=  36
20231113 023211.706 INFO             PET2       thread_num=   0   currentSsiPe=  37   num_threads=   3   max_threads=   3   num_procs=  36
20231113 023211.706 INFO             PET2       ---->Advancing Model from:    0  1  1  0  2  0   0
20231113 023211.706 INFO             PET2       ---------------------> to:    0  1  1  0  2 30   0
20231113 023211.706 INFO             PET2       MODEL: time step-loop ending,   current time:    0  1  1  0  2 30   0
20231113 023211.707 INFO             PET2       <<<MODEL: leaving Run (phase=RunPhase1) with current time:    0  1  1  0  2 30   0
20231113 023211.707 INFO             PET2     MODEL: Run extro.
20231113 023211.707 INFO             PET2   driver: end <--------- RunSequence
20231113 023211.707 INFO             PET2   <<<driver - leaving Run with current time:    0  1  1  0  2 30   0
20231113 023211.707 INFO             PET2 driver: Run extro.
20231113 023211.707 INFO             PET2 driver: Finalize intro.
20231113 023211.707 INFO             PET2   Calling Finalize phase 1 for modelComp: MODEL
20231113 023211.707 INFO             PET2   MODEL: Finalize intro.
20231113 023211.707 INFO             PET2     >>>MODEL: entered Finalize (phase=FinalizePhase1) with current time:    0  1  1  0  2 30   0
20231113 023211.707 INFO             PET2     <<<MODEL: leaving Finalize (phase=FinalizePhase1) with current time:    0  1  1  0  2 30   0
20231113 023211.707 INFO             PET2   MODEL: Finalize extro.
20231113 023211.707 INFO             PET2   Delete modelComp: MODEL
20231113 023211.707 INFO             PET2   Delete Import-/Export State for modelComp: MODEL
20231113 023211.707 INFO             PET2 driver: Finalize extro.
20231113 023211.707 INFO             PET2 mainApp FINISHED
20231113 023211.707 INFO             PET2  Finalizing ESMF
20231113 023211.672 INFO             PET3 !!!!!!!!!!!!!!!!!!!!!!!!!!!!!!!!!!!!!!!!!!!!!!!!!!!!!!
20231113 023211.672 INFO             PET3 !!! THE ESMF_LOG IS SET TO OUTPUT ALL LOG MESSAGES !!!
20231113 023211.672 INFO             PET3 !!!     THIS MAY CAUSE SLOWDOWN IN PERFORMANCE     !!!
20231113 023211.672 INFO             PET3 !!! FOR PRODUCTION RUNS, USE:                      !!!
20231113 023211.672 INFO             PET3 !!!                   ESMF_LOGKIND_Multi_On_Error  !!!
20231113 023211.672 INFO             PET3 !!!!!!!!!!!!!!!!!!!!!!!!!!!!!!!!!!!!!!!!!!!!!!!!!!!!!!
20231113 023211.672 INFO             PET3 Running with ESMF Version   : v8.6.0
20231113 023211.672 INFO             PET3 ESMF library build date/time: "Nov 13 2023" "01:42:49"
20231113 023211.672 INFO             PET3 ESMF library build location : /glade/scratch/theurich/ESMF-Nightly-Testing/gfortran_9.1.0_openmpi_g_v8.6.0/esmf
20231113 023211.672 INFO             PET3 ESMF_COMM                   : openmpi
20231113 023211.672 INFO             PET3 ESMF_MOAB                   : enabled
20231113 023211.672 INFO             PET3 ESMF_LAPACK                 : enabled
20231113 023211.672 INFO             PET3 ESMF_NETCDF                 : enabled
20231113 023211.672 INFO             PET3 ESMF_PNETCDF                : disabled
20231113 023211.672 INFO             PET3 ESMF_PIO                    : enabled
20231113 023211.672 INFO             PET3 ESMF_YAMLCPP                : enabled
20231113 023211.672 INFO             PET3 mainApp STARTING
20231113 023211.678 INFO             PET3 driver: InitializeGeneric intro.
20231113 023211.678 INFO             PET3   driver: InitializeP0 intro.
20231113 023211.678 INFO             PET3   driver: InitializeP0 extro.
20231113 023211.679 INFO             PET3   driver: InitializeIPDv02p1 intro.
20231113 023211.679 INFO             PET3     >>>driver: entered Initialize (phase=<none>) without valid internal Clock.
20231113 023211.679 INFO             PET3     driver - Creating model component MODEL without petList.
20231113 023211.682 INFO             PET3      GridCompIsPetLocal:  T
20231113 023211.682 INFO             PET3      VmIsCreated:  T
20231113 023211.682 INFO             PET3      valid MPI_COMM with size=           4
20231113 023211.682 INFO             PET3     driver - Creating state: modelComp 1 Import State
20231113 023211.682 INFO             PET3     driver - Creating state: modelComp 1 Export State
20231113 023211.683 INFO             PET3     MODEL: InitializeP0 intro.
20231113 023211.683 INFO             PET3       >>>MODEL: entered Initialize (phase=<none>) without valid internal Clock.
20231113 023211.685 INFO             PET3       <<<MODEL: leaving Initialize (phase=<none>) without valid internal Clock.
20231113 023211.685 INFO             PET3     MODEL: InitializeP0 extro.
20231113 023211.687 INFO             PET3     driver: IInitAdvertise intro.
20231113 023211.687 INFO             PET3     driver: IInitAdvertise extro.
20231113 023211.687 INFO             PET3     MODEL: InitializeIPDvXp01 intro.
20231113 023211.687 INFO             PET3       >>>MODEL: entered Initialize (phase=IPDvXp01) without valid internal Clock.
20231113 023211.689 INFO             PET3       <<<MODEL: leaving Initialize (phase=IPDvXp01) without valid internal Clock.
20231113 023211.689 INFO             PET3     MODEL: InitializeIPDvXp01 extro.
20231113 023211.690 INFO             PET3     driver: IInitAdvertiseFinish intro.
20231113 023211.690 INFO             PET3     driver: IInitAdvertiseFinish extro.
20231113 023211.690 INFO             PET3     driver: IInitModifyCplLists intro.
20231113 023211.690 INFO             PET3     driver: IInitModifyCplLists extro.
20231113 023211.690 INFO             PET3     <<<driver: leaving Initialize (phase=<none>) with current time:    0  1  1  0  0  0   0
20231113 023211.690 INFO             PET3   driver: InitializeIPDv02p1 extro.
20231113 023211.690 INFO             PET3   driver: InitializeIPDv02p3 intro.
20231113 023211.690 INFO             PET3     >>>driver: entered Initialize (phase=<none>) with current time:    0  1  1  0  0  0   0
20231113 023211.694 INFO             PET3     driver: IInitCheck intro.
20231113 023211.694 INFO             PET3     driver: IInitCheck extro.
20231113 023211.694 INFO             PET3     MODEL: InitializeIPDvXp04 intro.
20231113 023211.694 INFO             PET3       >>>MODEL: entered Initialize (phase=IPDvXp04) without valid internal Clock.
20231113 023211.698 INFO             PET3       After Realize: - MemInfo: [/proc/meminfo - SSI]	MemTotal:       65507008 kB
20231113 023211.698 INFO             PET3       After Realize: - MemInfo: [/proc/meminfo - SSI]	MemFree:        49641712 kB
20231113 023211.698 INFO             PET3       After Realize: - MemInfo: [/proc/meminfo - SSI]	MemAvailable:   49447232 kB
20231113 023211.698 INFO             PET3       After Realize: - MemInfo: [/proc/meminfo - SSI]	Committed_AS:   13979764 kB
20231113 023211.698 INFO             PET3       After Realize: - MemInfo: [/proc/meminfo - SSI]	CommittedPercent: 21.3409 %
20231113 023211.698 INFO             PET3       After Realize: - MemInfo: [/proc/self/status]	VmPeak:	  480740 kB
20231113 023211.698 INFO             PET3       After Realize: - MemInfo: [/proc/self/status]	VmSize:	  430788 kB
20231113 023211.698 INFO             PET3       After Realize: - MemInfo: [/proc/self/status]	VmLck:	       0 kB
20231113 023211.698 INFO             PET3       After Realize: - MemInfo: [/proc/self/status]	VmPin:	       0 kB
20231113 023211.698 INFO             PET3       After Realize: - MemInfo: [/proc/self/status]	VmHWM:	   69116 kB
20231113 023211.698 INFO             PET3       After Realize: - MemInfo: [/proc/self/status]	VmRSS:	   25476 kB
20231113 023211.698 INFO             PET3       After Realize: - MemInfo: [/proc/self/status]	VmData:	   15904 kB
20231113 023211.698 INFO             PET3       After Realize: - MemInfo: [/proc/self/status]	VmStk:	     148 kB
20231113 023211.698 INFO             PET3       After Realize: - MemInfo: [/proc/self/status]	VmExe:	     260 kB
20231113 023211.698 INFO             PET3       After Realize: - MemInfo: [/proc/self/status]	VmLib:	   74772 kB
20231113 023211.698 INFO             PET3       After Realize: - MemInfo: [/proc/self/status]	VmPTE:	     596 kB
20231113 023211.698 INFO             PET3       After Realize: - MemInfo: [/proc/self/status]	VmPMD:	      12 kB
20231113 023211.698 INFO             PET3       After Realize: - MemInfo: [/proc/self/status]	VmSwap:	       0 kB
20231113 023211.698 INFO             PET3       After Realize: - MemInfo: [/proc/self/status]	VmRSSPercent: 0.0388905 %
20231113 023211.698 INFO             PET3       After Realize: - MemInfo: [malloc] Non-mmapped space allocated:                 3002368 Byte
20231113 023211.698 INFO             PET3       After Realize: - MemInfo: [malloc] Space allocated in mmapped regions:          2367488 Byte
20231113 023211.698 INFO             PET3       After Realize: - MemInfo: [malloc] Maximum total allocated space:                     0 Byte
20231113 023211.698 INFO             PET3       After Realize: - MemInfo: [malloc] Space in freed fastbin blocks:                  2416 Byte
20231113 023211.698 INFO             PET3       After Realize: - MemInfo: [malloc] Total allocated space:                       2539664 Byte
20231113 023211.698 INFO             PET3       After Realize: - MemInfo: [malloc] Total free space:                             462704 Byte
20231113 023211.698 INFO             PET3       After Realize: - MemInfo: [malloc] Top-most, releasable space:                    33840 Byte
20231113 023211.698 INFO             PET3       After Realize: - MemInfo: [malloc] Total space in use, mmap + non-mmap:         4907152 Byte
20231113 023211.698 INFO             PET3       After Realize: - MemInfo: [malloc] Total space held (mmap + non-mmap):          5369856 Byte
20231113 023211.698 INFO             PET3       After Realize: - MemInfo: [malloc] Total space used (mmap + non-mmap):          4916336 Byte
20231113 023211.698 INFO             PET3       After Realize: - MemInfo: Wall-clock time since execution start:              0.0293905 seconds
20231113 023211.698 INFO             PET3       <<<MODEL: leaving Initialize (phase=IPDvXp04) without valid internal Clock.
20231113 023211.698 INFO             PET3     MODEL: InitializeIPDvXp04 extro.
20231113 023211.699 INFO             PET3     driver: IInitRealize intro.
20231113 023211.699 INFO             PET3     driver: IInitRealize extro.
20231113 023211.699 INFO             PET3     MODEL: InitializeIPDvXp07 intro.
20231113 023211.699 INFO             PET3       >>>MODEL: entered Initialize (phase=IPDvXp07) without valid internal Clock.
20231113 023211.700 INFO             PET3       <<<MODEL: leaving Initialize (phase=IPDvXp07) with current time:    0  1  1  0  0  0   0
20231113 023211.700 INFO             PET3     MODEL: InitializeIPDvXp07 extro.
20231113 023211.700 INFO             PET3     <<<driver: leaving Initialize (phase=<none>) with current time:    0  1  1  0  0  0   0
20231113 023211.700 INFO             PET3   driver: InitializeIPDv02p3 extro.
20231113 023211.700 INFO             PET3   driver: InitializeIPDv02p5 intro.
20231113 023211.700 INFO             PET3     >>>driver: entered Initialize (phase=<none>) with current time:    0  1  1  0  0  0   0
20231113 023211.700 INFO             PET3     driver: this is a top level driver, no 'Updated' and 'InitializeDataComplete' info on this level.
20231113 023211.700 INFO             PET3     driver: InitializeIPDv02p5Data intro.
20231113 023211.700 INFO             PET3       driver: InternalInitializeComplete intro.
20231113 023211.700 INFO             PET3         driver: InitializeDataComplete='true'
20231113 023211.700 INFO             PET3       driver: InternalInitializeComplete extro.
20231113 023211.700 INFO             PET3       MODEL: InitializeIPDvXp08 intro.
20231113 023211.701 INFO             PET3         >>>MODEL: entered Initialize (phase=IPDv05p8) with current time:    0  1  1  0  0  0   0
20231113 023211.701 INFO             PET3         MODEL: InitializeDataProgress='false', InitializeDataComplete='false'
20231113 023211.701 INFO             PET3         <<<MODEL: leaving Initialize (phase=IPDv05p8) with current time:    0  1  1  0  0  0   0
20231113 023211.701 INFO             PET3       MODEL: InitializeIPDvXp08 extro.
20231113 023211.702 INFO             PET3       driver: components present that trigger loopDataDependentInitialize().
20231113 023211.702 INFO             PET3       driver: loopDataDependentInitialize intro.
20231113 023211.702 INFO             PET3         driver: component    0=driver, dataComplete (local): true
20231113 023211.702 INFO             PET3         driver: component    0=driver, dataComplete (global): T
20231113 023211.702 INFO             PET3         driver: component    1=MODEL, dataComplete (local): false
20231113 023211.702 INFO             PET3         driver: component    1=MODEL, dataComplete (global): F
20231113 023211.702 INFO             PET3         MODEL: InitializeIPDvXp08 intro.
20231113 023211.702 INFO             PET3           >>>MODEL: entered Initialize (phase=IPDv05p8) with current time:    0  1  1  0  0  0   0
20231113 023211.702 INFO             PET3           MODEL: InitializeDataProgress='true', InitializeDataComplete='true'
20231113 023211.703 INFO             PET3           <<<MODEL: leaving Initialize (phase=IPDv05p8) with current time:    0  1  1  0  0  0   0
20231113 023211.703 INFO             PET3         MODEL: InitializeIPDvXp08 extro.
20231113 023211.703 INFO             PET3         driver: component    1=MODEL, someProgress (local): true
20231113 023211.703 INFO             PET3         driver: component    1=MODEL, someProgress (global): T
20231113 023211.703 INFO             PET3         driver: someProgress=T, allComplete=F, present(dataDepAllComplete)=T
20231113 023211.704 INFO             PET3         driver: component    0=driver, dataComplete (local): true
20231113 023211.704 INFO             PET3         driver: component    0=driver, dataComplete (global): T
20231113 023211.704 INFO             PET3         driver: component    1=MODEL, dataComplete (local): true
20231113 023211.704 INFO             PET3         driver: component    1=MODEL, dataComplete (global): T
20231113 023211.704 INFO             PET3         driver: someProgress=F, allComplete=T, present(dataDepAllComplete)=T
20231113 023211.704 INFO             PET3         driver: finished resolving initialize data dependencies on this level.
20231113 023211.704 INFO             PET3       driver: loopDataDependentInitialize extro.
20231113 023211.704 INFO             PET3       driver: loopDataDependentInitialize() returned with dataDepAllComplete: T
20231113 023211.704 INFO             PET3     driver: InitializeIPDv02p5Data extro.
20231113 023211.704 INFO             PET3     <<<driver: leaving Initialize (phase=<none>) with current time:    0  1  1  0  0  0   0
20231113 023211.704 INFO             PET3   driver: InitializeIPDv02p5 extro.
20231113 023211.704 INFO             PET3 driver: InitializeGeneric extro.
20231113 023211.704 INFO             PET3 driver: Run intro.
20231113 023211.704 INFO             PET3   >>>driver entered Run (phase=RunPhase1) with current time:    0  1  1  0  0  0   0
20231113 023211.704 INFO             PET3   driver: after lable_SetRunClock, current time:    0  1  1  0  0  0   0
20231113 023211.704 INFO             PET3   driver: begin -------> RunSequence.
20231113 023211.704 INFO             PET3     driver: RunSequence event loopLevel=   1  levelMember=   1  loopIteration=   1, current time:    0  1  1  0  0  0   0
20231113 023211.704 INFO             PET3     MODEL: Run intro.
20231113 023211.704 INFO             PET3       >>>MODEL: entered Run (phase=RunPhase1) with current time:    0  1  1  0  0  0   0
20231113 023211.704 INFO             PET3       MODEL: time step-loop starting, current time:    0  1  1  0  0  0   0
20231113 023211.705 INFO             PET3       thread_num=   0   currentSsiPe=  57   num_threads=   3   max_threads=   3   num_procs=  36
20231113 023211.705 INFO             PET3       thread_num=   2   currentSsiPe=  68   num_threads=   3   max_threads=   3   num_procs=  36
20231113 023211.705 INFO             PET3       thread_num=   1   currentSsiPe=  62   num_threads=   3   max_threads=   3   num_procs=  36
20231113 023211.705 INFO             PET3       ---->Advancing Model from:    0  1  1  0  0  0   0
20231113 023211.705 INFO             PET3       ---------------------> to:    0  1  1  0  0 30   0
20231113 023211.705 INFO             PET3       MODEL: time step-loop ending,   current time:    0  1  1  0  0 30   0
20231113 023211.705 INFO             PET3       <<<MODEL: leaving Run (phase=RunPhase1) with current time:    0  1  1  0  0 30   0
20231113 023211.705 INFO             PET3     MODEL: Run extro.
20231113 023211.705 INFO             PET3     driver: RunSequence event loopLevel=   1  levelMember=   1  loopIteration=   2, current time:    0  1  1  0  0 30   0
20231113 023211.705 INFO             PET3     MODEL: Run intro.
20231113 023211.705 INFO             PET3       >>>MODEL: entered Run (phase=RunPhase1) with current time:    0  1  1  0  0 30   0
20231113 023211.705 INFO             PET3       MODEL: time step-loop starting, current time:    0  1  1  0  0 30   0
20231113 023211.705 INFO             PET3       thread_num=   2   currentSsiPe=  68   num_threads=   3   max_threads=   3   num_procs=  36
20231113 023211.705 INFO             PET3       thread_num=   1   currentSsiPe=  62   num_threads=   3   max_threads=   3   num_procs=  36
20231113 023211.705 INFO             PET3       thread_num=   0   currentSsiPe=  57   num_threads=   3   max_threads=   3   num_procs=  36
20231113 023211.705 INFO             PET3       ---->Advancing Model from:    0  1  1  0  0 30   0
20231113 023211.705 INFO             PET3       ---------------------> to:    0  1  1  0  1  0   0
20231113 023211.705 INFO             PET3       MODEL: time step-loop ending,   current time:    0  1  1  0  1  0   0
20231113 023211.705 INFO             PET3       <<<MODEL: leaving Run (phase=RunPhase1) with current time:    0  1  1  0  1  0   0
20231113 023211.705 INFO             PET3     MODEL: Run extro.
20231113 023211.705 INFO             PET3     driver: RunSequence event loopLevel=   1  levelMember=   1  loopIteration=   3, current time:    0  1  1  0  1  0   0
20231113 023211.705 INFO             PET3     MODEL: Run intro.
20231113 023211.705 INFO             PET3       >>>MODEL: entered Run (phase=RunPhase1) with current time:    0  1  1  0  1  0   0
20231113 023211.706 INFO             PET3       MODEL: time step-loop starting, current time:    0  1  1  0  1  0   0
20231113 023211.706 INFO             PET3       thread_num=   1   currentSsiPe=  62   num_threads=   3   max_threads=   3   num_procs=  36
20231113 023211.706 INFO             PET3       thread_num=   0   currentSsiPe=  57   num_threads=   3   max_threads=   3   num_procs=  36
20231113 023211.706 INFO             PET3       thread_num=   2   currentSsiPe=  68   num_threads=   3   max_threads=   3   num_procs=  36
20231113 023211.706 INFO             PET3       ---->Advancing Model from:    0  1  1  0  1  0   0
20231113 023211.706 INFO             PET3       ---------------------> to:    0  1  1  0  1 30   0
20231113 023211.706 INFO             PET3       MODEL: time step-loop ending,   current time:    0  1  1  0  1 30   0
20231113 023211.706 INFO             PET3       <<<MODEL: leaving Run (phase=RunPhase1) with current time:    0  1  1  0  1 30   0
20231113 023211.706 INFO             PET3     MODEL: Run extro.
20231113 023211.706 INFO             PET3     driver: RunSequence event loopLevel=   1  levelMember=   1  loopIteration=   4, current time:    0  1  1  0  1 30   0
20231113 023211.706 INFO             PET3     MODEL: Run intro.
20231113 023211.706 INFO             PET3       >>>MODEL: entered Run (phase=RunPhase1) with current time:    0  1  1  0  1 30   0
20231113 023211.706 INFO             PET3       MODEL: time step-loop starting, current time:    0  1  1  0  1 30   0
20231113 023211.706 INFO             PET3       thread_num=   2   currentSsiPe=  68   num_threads=   3   max_threads=   3   num_procs=  36
20231113 023211.706 INFO             PET3       thread_num=   0   currentSsiPe=  57   num_threads=   3   max_threads=   3   num_procs=  36
20231113 023211.706 INFO             PET3       thread_num=   1   currentSsiPe=  62   num_threads=   3   max_threads=   3   num_procs=  36
20231113 023211.706 INFO             PET3       ---->Advancing Model from:    0  1  1  0  1 30   0
20231113 023211.706 INFO             PET3       ---------------------> to:    0  1  1  0  2  0   0
20231113 023211.706 INFO             PET3       MODEL: time step-loop ending,   current time:    0  1  1  0  2  0   0
20231113 023211.706 INFO             PET3       <<<MODEL: leaving Run (phase=RunPhase1) with current time:    0  1  1  0  2  0   0
20231113 023211.706 INFO             PET3     MODEL: Run extro.
20231113 023211.706 INFO             PET3     driver: RunSequence event loopLevel=   1  levelMember=   1  loopIteration=   5, current time:    0  1  1  0  2  0   0
20231113 023211.706 INFO             PET3     MODEL: Run intro.
20231113 023211.706 INFO             PET3       >>>MODEL: entered Run (phase=RunPhase1) with current time:    0  1  1  0  2  0   0
20231113 023211.706 INFO             PET3       MODEL: time step-loop starting, current time:    0  1  1  0  2  0   0
20231113 023211.706 INFO             PET3       thread_num=   1   currentSsiPe=  62   num_threads=   3   max_threads=   3   num_procs=  36
20231113 023211.706 INFO             PET3       thread_num=   0   currentSsiPe=  57   num_threads=   3   max_threads=   3   num_procs=  36
20231113 023211.706 INFO             PET3       thread_num=   2   currentSsiPe=  68   num_threads=   3   max_threads=   3   num_procs=  36
20231113 023211.706 INFO             PET3       ---->Advancing Model from:    0  1  1  0  2  0   0
20231113 023211.706 INFO             PET3       ---------------------> to:    0  1  1  0  2 30   0
20231113 023211.706 INFO             PET3       MODEL: time step-loop ending,   current time:    0  1  1  0  2 30   0
20231113 023211.706 INFO             PET3       <<<MODEL: leaving Run (phase=RunPhase1) with current time:    0  1  1  0  2 30   0
20231113 023211.706 INFO             PET3     MODEL: Run extro.
20231113 023211.706 INFO             PET3   driver: end <--------- RunSequence
20231113 023211.706 INFO             PET3   <<<driver - leaving Run with current time:    0  1  1  0  2 30   0
20231113 023211.706 INFO             PET3 driver: Run extro.
20231113 023211.707 INFO             PET3 driver: Finalize intro.
20231113 023211.707 INFO             PET3   Calling Finalize phase 1 for modelComp: MODEL
20231113 023211.707 INFO             PET3   MODEL: Finalize intro.
20231113 023211.707 INFO             PET3     >>>MODEL: entered Finalize (phase=FinalizePhase1) with current time:    0  1  1  0  2 30   0
20231113 023211.707 INFO             PET3     <<<MODEL: leaving Finalize (phase=FinalizePhase1) with current time:    0  1  1  0  2 30   0
20231113 023211.707 INFO             PET3   MODEL: Finalize extro.
20231113 023211.707 INFO             PET3   Delete modelComp: MODEL
20231113 023211.707 INFO             PET3   Delete Import-/Export State for modelComp: MODEL
20231113 023211.707 INFO             PET3 driver: Finalize extro.
20231113 023211.707 INFO             PET3 mainApp FINISHED
20231113 023211.707 INFO             PET3  Finalizing ESMF
