2023-11-10 01:36:19
20231110 021219.620 INFO             PET0 !!!!!!!!!!!!!!!!!!!!!!!!!!!!!!!!!!!!!!!!!!!!!!!!!!!!!!
20231110 021219.620 INFO             PET0 !!! THE ESMF_LOG IS SET TO OUTPUT ALL LOG MESSAGES !!!
20231110 021219.620 INFO             PET0 !!!     THIS MAY CAUSE SLOWDOWN IN PERFORMANCE     !!!
20231110 021219.620 INFO             PET0 !!! FOR PRODUCTION RUNS, USE:                      !!!
20231110 021219.620 INFO             PET0 !!!                   ESMF_LOGKIND_Multi_On_Error  !!!
20231110 021219.620 INFO             PET0 !!!!!!!!!!!!!!!!!!!!!!!!!!!!!!!!!!!!!!!!!!!!!!!!!!!!!!
20231110 021219.620 INFO             PET0 Running with ESMF Version   : v8.6.0
20231110 021219.620 INFO             PET0 ESMF library build date/time: "Nov 10 2023" "01:33:10"
20231110 021219.620 INFO             PET0 ESMF library build location : /glade/scratch/theurich/ESMF-Nightly-Testing/gfortran_9.1.0_mpt_g_v8.6.0/esmf
20231110 021219.620 INFO             PET0 ESMF_COMM                   : mpt
20231110 021219.621 INFO             PET0 ESMF_MOAB                   : enabled
20231110 021219.621 INFO             PET0 ESMF_LAPACK                 : enabled
20231110 021219.621 INFO             PET0 ESMF_NETCDF                 : enabled
20231110 021219.621 INFO             PET0 ESMF_PNETCDF                : disabled
20231110 021219.621 INFO             PET0 ESMF_PIO                    : enabled
20231110 021219.621 INFO             PET0 ESMF_YAMLCPP                : enabled
20231110 021219.622 INFO             PET0 esmApp STARTING
20231110 021219.627 INFO             PET0 esm: InitializeGeneric intro.
20231110 021219.627 INFO             PET0   esm: InitializeP0 intro.
20231110 021219.627 INFO             PET0   esm: InitializeP0 extro.
20231110 021219.627 INFO             PET0   esm: InitializeIPDv02p1 intro.
20231110 021219.627 INFO             PET0     >>>esm: entered Initialize (phase=<none>) without valid internal Clock.
20231110 021219.628 INFO             PET0     esm - Creating model component ATM with petList of size 2 :
20231110 021219.628 INFO             PET0           0      1
20231110 021219.630 INFO             PET0     esm - Creating model component OCN with petList of size 2 :
20231110 021219.630 INFO             PET0           2      3
20231110 021219.631 INFO             PET0     esm - Creating connector component ATM-TO-OCN with petList of size 4 :
20231110 021219.631 INFO             PET0           0      1      2      3
20231110 021219.636 INFO             PET0     esm - Creating connector component OCN-TO-ATM with petList of size 4 :
20231110 021219.636 INFO             PET0           2      3      0      1
20231110 021219.641 INFO             PET0     esm - Creating state: modelComp 1 Import State
20231110 021219.641 INFO             PET0     esm - Creating state: modelComp 1 Export State
20231110 021219.642 INFO             PET0     esm - Creating state: modelComp 2 Import State
20231110 021219.642 INFO             PET0     esm - Creating state: modelComp 2 Export State
20231110 021219.643 INFO             PET0     ATM: InitializeP0 intro.
20231110 021219.644 INFO             PET0     ATM: InitializeP0 extro.
20231110 021219.646 INFO             PET0     ATM-TO-OCN: InitializeP0 intro.
20231110 021219.647 INFO             PET0     ATM-TO-OCN: InitializeP0 extro.
20231110 021219.648 INFO             PET0     OCN-TO-ATM: InitializeP0 intro.
20231110 021219.648 INFO             PET0     OCN-TO-ATM: InitializeP0 extro.
20231110 021219.650 INFO             PET0     esm: IInitAdvertise intro.
20231110 021219.650 INFO             PET0     esm: IInitAdvertise extro.
20231110 021219.650 INFO             PET0     ATM: InitializeIPDvXp01 intro.
20231110 021219.653 INFO             PET0     ATM: InitializeIPDvXp01 extro.
20231110 021219.655 INFO             PET0     ATM-TO-OCN: InitializeIPDv05p1 intro.
20231110 021219.662 INFO             PET0     ATM-TO-OCN: InitializeIPDv05p1 extro.
20231110 021219.662 INFO             PET0     OCN-TO-ATM: InitializeIPDv05p1 intro.
20231110 021219.666 INFO             PET0     OCN-TO-ATM: InitializeIPDv05p1 extro.
20231110 021219.666 INFO             PET0     esm: IInitAdvertiseFinish intro.
20231110 021219.666 INFO             PET0     esm: IInitAdvertiseFinish extro.
20231110 021219.666 INFO             PET0     ATM-TO-OCN: InitializeIPDv05p2a intro.
20231110 021219.673 INFO             PET0     ATM-TO-OCN: InitializeIPDv05p2a extro.
20231110 021219.673 INFO             PET0     OCN-TO-ATM: InitializeIPDv05p2a intro.
20231110 021219.677 INFO             PET0     OCN-TO-ATM: InitializeIPDv05p2a extro.
20231110 021219.677 INFO             PET0     ATM-TO-OCN: InitializeIPDv05p2b intro.
20231110 021219.684 INFO             PET0     ATM-TO-OCN: InitializeIPDv05p2b extro.
20231110 021219.686 INFO             PET0     OCN-TO-ATM: InitializeIPDv05p2b intro.
20231110 021219.690 INFO             PET0     OCN-TO-ATM: InitializeIPDv05p2b extro.
20231110 021219.690 INFO             PET0     esm: IInitModifyCplLists intro.
20231110 021219.690 INFO             PET0       Driver is in ModifyCplLists()
20231110 021219.690 INFO             PET0        Found            2  Connectors. Modifying CplList Attribute....
20231110 021219.691 INFO             PET0     esm: IInitModifyCplLists extro.
20231110 021219.691 INFO             PET0     ATM-TO-OCN: InitializeIPDv05p3 intro.
20231110 021219.698 INFO             PET0     ATM-TO-OCN: InitializeIPDv05p3 extro.
20231110 021219.698 INFO             PET0     OCN-TO-ATM: InitializeIPDv05p3 intro.
20231110 021219.702 INFO             PET0     OCN-TO-ATM: InitializeIPDv05p3 extro.
20231110 021219.702 INFO             PET0     <<<esm: leaving Initialize (phase=<none>) with current time: 2010  6  1  0  0  0   0
20231110 021219.702 INFO             PET0   esm: InitializeIPDv02p1 extro.
20231110 021219.702 INFO             PET0   esm: InitializeIPDv02p3 intro.
20231110 021219.702 INFO             PET0     >>>esm: entered Initialize (phase=<none>) with current time: 2010  6  1  0  0  0   0
20231110 021219.703 INFO             PET0     esm: IInitCheck intro.
20231110 021219.703 INFO             PET0     esm: IInitCheck extro.
20231110 021219.703 INFO             PET0     ATM: InitializeIPDvXp04 intro.
20231110 021219.709 INFO             PET0     ATM: InitializeIPDvXp04 extro.
20231110 021219.710 INFO             PET0     ATM-TO-OCN: InitializeIPDv05p4 intro.
20231110 021219.721 INFO             PET0     ATM-TO-OCN: InitializeIPDv05p4 extro.
20231110 021219.722 INFO             PET0     OCN-TO-ATM: InitializeIPDv05p4 intro.
20231110 021219.727 INFO             PET0     OCN-TO-ATM: InitializeIPDv05p4 extro.
20231110 021219.727 INFO             PET0     ATM-TO-OCN: InitializeIPDv05p5 intro.
20231110 021219.738 INFO             PET0     ATM-TO-OCN: InitializeIPDv05p5 extro.
20231110 021219.739 INFO             PET0     OCN-TO-ATM: InitializeIPDv05p5 intro.
20231110 021219.744 INFO             PET0     OCN-TO-ATM: InitializeIPDv05p5 extro.
20231110 021219.744 INFO             PET0     esm: IInitRealize intro.
20231110 021219.744 INFO             PET0     esm: IInitRealize extro.
20231110 021219.745 INFO             PET0     ATM-TO-OCN: InitializeIPDv05p6a intro.
20231110 021219.755 INFO             PET0     ATM-TO-OCN: InitializeIPDv05p6a extro.
20231110 021219.755 INFO             PET0     OCN-TO-ATM: InitializeIPDv05p6a intro.
20231110 021219.760 INFO             PET0     OCN-TO-ATM: InitializeIPDv05p6a extro.
20231110 021219.761 INFO             PET0     ATM-TO-OCN: InitializeIPDv05p6b intro.
20231110 021219.855 INFO             PET0     ATM-TO-OCN: InitializeIPDv05p6b extro.
20231110 021219.855 INFO             PET0     OCN-TO-ATM: InitializeIPDv05p6b intro.
20231110 021219.932 INFO             PET0     OCN-TO-ATM: InitializeIPDv05p6b extro.
20231110 021219.933 INFO             PET0     ATM: InitializeIPDvXp07 intro.
20231110 021219.933 INFO             PET0     ATM: InitializeIPDvXp07 extro.
20231110 021219.933 INFO             PET0     <<<esm: leaving Initialize (phase=<none>) with current time: 2010  6  1  0  0  0   0
20231110 021219.933 INFO             PET0   esm: InitializeIPDv02p3 extro.
20231110 021219.933 INFO             PET0   esm: InitializeIPDv02p5 intro.
20231110 021219.933 INFO             PET0     >>>esm: entered Initialize (phase=<none>) with current time: 2010  6  1  0  0  0   0
20231110 021219.933 INFO             PET0     esm: this is a top level driver, no 'Updated' and 'InitializeDataComplete' info on this level.
20231110 021219.933 INFO             PET0     esm: InitializeIPDv02p5Data intro.
20231110 021219.933 INFO             PET0       esm: InternalInitializeComplete intro.
20231110 021219.933 INFO             PET0         esm: InitializeDataComplete='true'
20231110 021219.933 INFO             PET0       esm: InternalInitializeComplete extro.
20231110 021219.934 INFO             PET0       ATM: InitializeIPDv01p5 intro.
20231110 021219.934 INFO             PET0       ATM: InitializeIPDv01p5 extro.
20231110 021219.935 INFO             PET0       esm: components present that trigger loopDataDependentInitialize().
20231110 021219.936 INFO             PET0       esm: loopDataDependentInitialize intro.
20231110 021219.936 INFO             PET0         esm: component    0=esm, dataComplete (local): true
20231110 021219.936 INFO             PET0         esm: component    0=esm, dataComplete (global): T
20231110 021219.936 INFO             PET0         esm: component    1=ATM, dataComplete (local): true
20231110 021219.936 INFO             PET0         esm: component    1=ATM, dataComplete (global): T
20231110 021219.936 INFO             PET0         esm: component    2=OCN, dataComplete (local): true
20231110 021219.936 INFO             PET0         esm: component    2=OCN, dataComplete (global): T
20231110 021219.936 INFO             PET0         esm: someProgress=F, allComplete=T, present(dataDepAllComplete)=T
20231110 021219.936 INFO             PET0         esm: finished resolving initialize data dependencies on this level.
20231110 021219.936 INFO             PET0       esm: loopDataDependentInitialize extro.
20231110 021219.936 INFO             PET0       esm: loopDataDependentInitialize() returned with dataDepAllComplete: T
20231110 021219.936 INFO             PET0     esm: InitializeIPDv02p5Data extro.
20231110 021219.936 INFO             PET0     <<<esm: leaving Initialize (phase=<none>) with current time: 2010  6  1  0  0  0   0
20231110 021219.936 INFO             PET0   esm: InitializeIPDv02p5 extro.
20231110 021219.936 INFO             PET0 esm: InitializeGeneric extro.
20231110 021219.936 INFO             PET0 esm: Run intro.
20231110 021219.936 INFO             PET0   >>>esm entered Run (phase=RunPhase1) with current time: 2010  6  1  0  0  0   0
20231110 021219.936 INFO             PET0   esm: after lable_SetRunClock, current time: 2010  6  1  0  0  0   0
20231110 021219.936 INFO             PET0   esm: begin -------> RunSequence.
20231110 021219.936 INFO             PET0     esm: RunSequence event loopLevel=   1  levelMember=   1  loopIteration=   1, current time: 2010  6  1  0  0  0   0
20231110 021219.936 INFO             PET0     ATM-TO-OCN: Run intro.
20231110 021219.937 INFO             PET0     ATM-TO-OCN: Run extro.
20231110 021219.937 INFO             PET0     OCN-TO-ATM: Run intro.
20231110 021219.937 INFO             PET0     OCN-TO-ATM: Run extro.
20231110 021219.937 INFO             PET0     ATM: Run intro.
20231110 021219.938 INFO             PET0       ------>Advancing ATM from: 2010  6  1  0  0  0   0
20231110 021219.938 INFO             PET0       ---------------------> to: 2010  6  1  0 15  0   0
20231110 021219.938 INFO             PET0     ATM: Run extro.
20231110 021219.938 INFO             PET0     esm: RunSequence event loopLevel=   1  levelMember=   1  loopIteration=   2, current time: 2010  6  1  0 15  0   0
20231110 021219.938 INFO             PET0     ATM-TO-OCN: Run intro.
20231110 021219.938 INFO             PET0     ATM-TO-OCN: Run extro.
20231110 021219.938 INFO             PET0     OCN-TO-ATM: Run intro.
20231110 021219.958 INFO             PET0     OCN-TO-ATM: Run extro.
20231110 021219.958 INFO             PET0     ATM: Run intro.
20231110 021219.958 INFO             PET0       ------>Advancing ATM from: 2010  6  1  0 15  0   0
20231110 021219.958 INFO             PET0       ---------------------> to: 2010  6  1  0 30  0   0
20231110 021219.958 INFO             PET0     ATM: Run extro.
20231110 021219.958 INFO             PET0     esm: RunSequence event loopLevel=   1  levelMember=   1  loopIteration=   3, current time: 2010  6  1  0 30  0   0
20231110 021219.958 INFO             PET0     ATM-TO-OCN: Run intro.
20231110 021219.959 INFO             PET0     ATM-TO-OCN: Run extro.
20231110 021219.959 INFO             PET0     OCN-TO-ATM: Run intro.
20231110 021219.967 INFO             PET0     OCN-TO-ATM: Run extro.
20231110 021219.967 INFO             PET0     ATM: Run intro.
20231110 021219.967 INFO             PET0       ------>Advancing ATM from: 2010  6  1  0 30  0   0
20231110 021219.967 INFO             PET0       ---------------------> to: 2010  6  1  0 45  0   0
20231110 021219.967 INFO             PET0     ATM: Run extro.
20231110 021219.967 INFO             PET0     esm: RunSequence event loopLevel=   1  levelMember=   1  loopIteration=   4, current time: 2010  6  1  0 45  0   0
20231110 021219.967 INFO             PET0     ATM-TO-OCN: Run intro.
20231110 021219.967 INFO             PET0     ATM-TO-OCN: Run extro.
20231110 021219.968 INFO             PET0     OCN-TO-ATM: Run intro.
20231110 021219.976 INFO             PET0     OCN-TO-ATM: Run extro.
20231110 021219.976 INFO             PET0     ATM: Run intro.
20231110 021219.976 INFO             PET0       ------>Advancing ATM from: 2010  6  1  0 45  0   0
20231110 021219.976 INFO             PET0       ---------------------> to: 2010  6  1  1  0  0   0
20231110 021219.976 INFO             PET0     ATM: Run extro.
20231110 021219.976 INFO             PET0   esm: end <--------- RunSequence
20231110 021219.976 INFO             PET0   <<<esm - leaving Run with current time: 2010  6  1  1  0  0   0
20231110 021219.976 INFO             PET0 esm: Run extro.
20231110 021219.976 INFO             PET0 esm: Finalize intro.
20231110 021219.976 INFO             PET0   Calling Finalize phase 1 for connectorComp: ATM-TO-OCN
20231110 021219.976 INFO             PET0   ATM-TO-OCN: Finalize intro.
20231110 021219.977 INFO             PET0   ATM-TO-OCN: Finalize extro.
20231110 021219.977 INFO             PET0   Calling Finalize phase 1 for connectorComp: OCN-TO-ATM
20231110 021219.977 INFO             PET0   OCN-TO-ATM: Finalize intro.
20231110 021219.977 INFO             PET0   OCN-TO-ATM: Finalize extro.
20231110 021219.977 INFO             PET0   Calling Finalize phase 1 for modelComp: ATM
20231110 021219.977 INFO             PET0   ATM: Finalize intro.
20231110 021219.977 INFO             PET0   ATM: Finalize extro.
20231110 021219.977 INFO             PET0   Calling Finalize phase 1 for modelComp: OCN
20231110 021219.977 INFO             PET0   Delete modelComp: ATM
20231110 021219.977 INFO             PET0   Delete Import-/Export State for modelComp: ATM
20231110 021219.977 INFO             PET0   Delete modelComp: OCN
20231110 021219.977 INFO             PET0   Delete Import-/Export State for modelComp: OCN
20231110 021219.977 INFO             PET0   Delete connectorComp: ATM-TO-OCN
20231110 021219.985 INFO             PET0   Delete connectorComp: OCN-TO-ATM
20231110 021219.985 INFO             PET0 esm: Finalize extro.
20231110 021219.985 INFO             PET0 esmApp FINISHED
20231110 021219.985 INFO             PET0  Finalizing ESMF
20231110 021219.621 INFO             PET1 !!!!!!!!!!!!!!!!!!!!!!!!!!!!!!!!!!!!!!!!!!!!!!!!!!!!!!
20231110 021219.621 INFO             PET1 !!! THE ESMF_LOG IS SET TO OUTPUT ALL LOG MESSAGES !!!
20231110 021219.621 INFO             PET1 !!!     THIS MAY CAUSE SLOWDOWN IN PERFORMANCE     !!!
20231110 021219.621 INFO             PET1 !!! FOR PRODUCTION RUNS, USE:                      !!!
20231110 021219.621 INFO             PET1 !!!                   ESMF_LOGKIND_Multi_On_Error  !!!
20231110 021219.621 INFO             PET1 !!!!!!!!!!!!!!!!!!!!!!!!!!!!!!!!!!!!!!!!!!!!!!!!!!!!!!
20231110 021219.621 INFO             PET1 Running with ESMF Version   : v8.6.0
20231110 021219.621 INFO             PET1 ESMF library build date/time: "Nov 10 2023" "01:33:10"
20231110 021219.621 INFO             PET1 ESMF library build location : /glade/scratch/theurich/ESMF-Nightly-Testing/gfortran_9.1.0_mpt_g_v8.6.0/esmf
20231110 021219.621 INFO             PET1 ESMF_COMM                   : mpt
20231110 021219.622 INFO             PET1 ESMF_MOAB                   : enabled
20231110 021219.622 INFO             PET1 ESMF_LAPACK                 : enabled
20231110 021219.622 INFO             PET1 ESMF_NETCDF                 : enabled
20231110 021219.622 INFO             PET1 ESMF_PNETCDF                : disabled
20231110 021219.622 INFO             PET1 ESMF_PIO                    : enabled
20231110 021219.622 INFO             PET1 ESMF_YAMLCPP                : enabled
20231110 021219.622 INFO             PET1 esmApp STARTING
20231110 021219.627 INFO             PET1 esm: InitializeGeneric intro.
20231110 021219.627 INFO             PET1   esm: InitializeP0 intro.
20231110 021219.627 INFO             PET1   esm: InitializeP0 extro.
20231110 021219.627 INFO             PET1   esm: InitializeIPDv02p1 intro.
20231110 021219.627 INFO             PET1     >>>esm: entered Initialize (phase=<none>) without valid internal Clock.
20231110 021219.628 INFO             PET1     esm - Creating model component ATM with petList of size 2 :
20231110 021219.628 INFO             PET1           0      1
20231110 021219.630 INFO             PET1     esm - Creating model component OCN with petList of size 2 :
20231110 021219.630 INFO             PET1           2      3
20231110 021219.631 INFO             PET1     esm - Creating connector component ATM-TO-OCN with petList of size 4 :
20231110 021219.631 INFO             PET1           0      1      2      3
20231110 021219.636 INFO             PET1     esm - Creating connector component OCN-TO-ATM with petList of size 4 :
20231110 021219.636 INFO             PET1           2      3      0      1
20231110 021219.641 INFO             PET1     esm - Creating state: modelComp 1 Import State
20231110 021219.641 INFO             PET1     esm - Creating state: modelComp 1 Export State
20231110 021219.642 INFO             PET1     esm - Creating state: modelComp 2 Import State
20231110 021219.642 INFO             PET1     esm - Creating state: modelComp 2 Export State
20231110 021219.643 INFO             PET1     ATM: InitializeP0 intro.
20231110 021219.644 INFO             PET1     ATM: InitializeP0 extro.
20231110 021219.646 INFO             PET1     ATM-TO-OCN: InitializeP0 intro.
20231110 021219.647 INFO             PET1     ATM-TO-OCN: InitializeP0 extro.
20231110 021219.648 INFO             PET1     OCN-TO-ATM: InitializeP0 intro.
20231110 021219.648 INFO             PET1     OCN-TO-ATM: InitializeP0 extro.
20231110 021219.650 INFO             PET1     esm: IInitAdvertise intro.
20231110 021219.650 INFO             PET1     esm: IInitAdvertise extro.
20231110 021219.650 INFO             PET1     ATM: InitializeIPDvXp01 intro.
20231110 021219.653 INFO             PET1     ATM: InitializeIPDvXp01 extro.
20231110 021219.655 INFO             PET1     ATM-TO-OCN: InitializeIPDv05p1 intro.
20231110 021219.662 INFO             PET1     ATM-TO-OCN: InitializeIPDv05p1 extro.
20231110 021219.662 INFO             PET1     OCN-TO-ATM: InitializeIPDv05p1 intro.
20231110 021219.666 INFO             PET1     OCN-TO-ATM: InitializeIPDv05p1 extro.
20231110 021219.666 INFO             PET1     esm: IInitAdvertiseFinish intro.
20231110 021219.666 INFO             PET1     esm: IInitAdvertiseFinish extro.
20231110 021219.666 INFO             PET1     ATM-TO-OCN: InitializeIPDv05p2a intro.
20231110 021219.673 INFO             PET1     ATM-TO-OCN: InitializeIPDv05p2a extro.
20231110 021219.673 INFO             PET1     OCN-TO-ATM: InitializeIPDv05p2a intro.
20231110 021219.677 INFO             PET1     OCN-TO-ATM: InitializeIPDv05p2a extro.
20231110 021219.677 INFO             PET1     ATM-TO-OCN: InitializeIPDv05p2b intro.
20231110 021219.684 INFO             PET1     ATM-TO-OCN: InitializeIPDv05p2b extro.
20231110 021219.686 INFO             PET1     OCN-TO-ATM: InitializeIPDv05p2b intro.
20231110 021219.690 INFO             PET1     OCN-TO-ATM: InitializeIPDv05p2b extro.
20231110 021219.690 INFO             PET1     esm: IInitModifyCplLists intro.
20231110 021219.690 INFO             PET1       Driver is in ModifyCplLists()
20231110 021219.690 INFO             PET1        Found            2  Connectors. Modifying CplList Attribute....
20231110 021219.691 INFO             PET1     esm: IInitModifyCplLists extro.
20231110 021219.691 INFO             PET1     ATM-TO-OCN: InitializeIPDv05p3 intro.
20231110 021219.698 INFO             PET1     ATM-TO-OCN: InitializeIPDv05p3 extro.
20231110 021219.698 INFO             PET1     OCN-TO-ATM: InitializeIPDv05p3 intro.
20231110 021219.702 INFO             PET1     OCN-TO-ATM: InitializeIPDv05p3 extro.
20231110 021219.702 INFO             PET1     <<<esm: leaving Initialize (phase=<none>) with current time: 2010  6  1  0  0  0   0
20231110 021219.702 INFO             PET1   esm: InitializeIPDv02p1 extro.
20231110 021219.702 INFO             PET1   esm: InitializeIPDv02p3 intro.
20231110 021219.703 INFO             PET1     >>>esm: entered Initialize (phase=<none>) with current time: 2010  6  1  0  0  0   0
20231110 021219.703 INFO             PET1     esm: IInitCheck intro.
20231110 021219.703 INFO             PET1     esm: IInitCheck extro.
20231110 021219.703 INFO             PET1     ATM: InitializeIPDvXp04 intro.
20231110 021219.709 INFO             PET1     ATM: InitializeIPDvXp04 extro.
20231110 021219.710 INFO             PET1     ATM-TO-OCN: InitializeIPDv05p4 intro.
20231110 021219.721 INFO             PET1     ATM-TO-OCN: InitializeIPDv05p4 extro.
20231110 021219.722 INFO             PET1     OCN-TO-ATM: InitializeIPDv05p4 intro.
20231110 021219.727 INFO             PET1     OCN-TO-ATM: InitializeIPDv05p4 extro.
20231110 021219.727 INFO             PET1     ATM-TO-OCN: InitializeIPDv05p5 intro.
20231110 021219.738 INFO             PET1     ATM-TO-OCN: InitializeIPDv05p5 extro.
20231110 021219.739 INFO             PET1     OCN-TO-ATM: InitializeIPDv05p5 intro.
20231110 021219.744 INFO             PET1     OCN-TO-ATM: InitializeIPDv05p5 extro.
20231110 021219.744 INFO             PET1     esm: IInitRealize intro.
20231110 021219.744 INFO             PET1     esm: IInitRealize extro.
20231110 021219.745 INFO             PET1     ATM-TO-OCN: InitializeIPDv05p6a intro.
20231110 021219.755 INFO             PET1     ATM-TO-OCN: InitializeIPDv05p6a extro.
20231110 021219.755 INFO             PET1     OCN-TO-ATM: InitializeIPDv05p6a intro.
20231110 021219.760 INFO             PET1     OCN-TO-ATM: InitializeIPDv05p6a extro.
20231110 021219.761 INFO             PET1     ATM-TO-OCN: InitializeIPDv05p6b intro.
20231110 021219.855 INFO             PET1     ATM-TO-OCN: InitializeIPDv05p6b extro.
20231110 021219.855 INFO             PET1     OCN-TO-ATM: InitializeIPDv05p6b intro.
20231110 021219.932 INFO             PET1     OCN-TO-ATM: InitializeIPDv05p6b extro.
20231110 021219.933 INFO             PET1     ATM: InitializeIPDvXp07 intro.
20231110 021219.933 INFO             PET1     ATM: InitializeIPDvXp07 extro.
20231110 021219.933 INFO             PET1     <<<esm: leaving Initialize (phase=<none>) with current time: 2010  6  1  0  0  0   0
20231110 021219.933 INFO             PET1   esm: InitializeIPDv02p3 extro.
20231110 021219.933 INFO             PET1   esm: InitializeIPDv02p5 intro.
20231110 021219.933 INFO             PET1     >>>esm: entered Initialize (phase=<none>) with current time: 2010  6  1  0  0  0   0
20231110 021219.933 INFO             PET1     esm: this is a top level driver, no 'Updated' and 'InitializeDataComplete' info on this level.
20231110 021219.933 INFO             PET1     esm: InitializeIPDv02p5Data intro.
20231110 021219.933 INFO             PET1       esm: InternalInitializeComplete intro.
20231110 021219.933 INFO             PET1         esm: InitializeDataComplete='true'
20231110 021219.933 INFO             PET1       esm: InternalInitializeComplete extro.
20231110 021219.934 INFO             PET1       ATM: InitializeIPDv01p5 intro.
20231110 021219.934 INFO             PET1       ATM: InitializeIPDv01p5 extro.
20231110 021219.935 INFO             PET1       esm: components present that trigger loopDataDependentInitialize().
20231110 021219.936 INFO             PET1       esm: loopDataDependentInitialize intro.
20231110 021219.936 INFO             PET1         esm: component    0=esm, dataComplete (local): true
20231110 021219.936 INFO             PET1         esm: component    0=esm, dataComplete (global): T
20231110 021219.936 INFO             PET1         esm: component    1=ATM, dataComplete (local): true
20231110 021219.936 INFO             PET1         esm: component    1=ATM, dataComplete (global): T
20231110 021219.936 INFO             PET1         esm: component    2=OCN, dataComplete (local): true
20231110 021219.936 INFO             PET1         esm: component    2=OCN, dataComplete (global): T
20231110 021219.936 INFO             PET1         esm: someProgress=F, allComplete=T, present(dataDepAllComplete)=T
20231110 021219.936 INFO             PET1         esm: finished resolving initialize data dependencies on this level.
20231110 021219.936 INFO             PET1       esm: loopDataDependentInitialize extro.
20231110 021219.936 INFO             PET1       esm: loopDataDependentInitialize() returned with dataDepAllComplete: T
20231110 021219.936 INFO             PET1     esm: InitializeIPDv02p5Data extro.
20231110 021219.936 INFO             PET1     <<<esm: leaving Initialize (phase=<none>) with current time: 2010  6  1  0  0  0   0
20231110 021219.936 INFO             PET1   esm: InitializeIPDv02p5 extro.
20231110 021219.936 INFO             PET1 esm: InitializeGeneric extro.
20231110 021219.936 INFO             PET1 esm: Run intro.
20231110 021219.936 INFO             PET1   >>>esm entered Run (phase=RunPhase1) with current time: 2010  6  1  0  0  0   0
20231110 021219.936 INFO             PET1   esm: after lable_SetRunClock, current time: 2010  6  1  0  0  0   0
20231110 021219.936 INFO             PET1   esm: begin -------> RunSequence.
20231110 021219.936 INFO             PET1     esm: RunSequence event loopLevel=   1  levelMember=   1  loopIteration=   1, current time: 2010  6  1  0  0  0   0
20231110 021219.936 INFO             PET1     ATM-TO-OCN: Run intro.
20231110 021219.937 INFO             PET1     ATM-TO-OCN: Run extro.
20231110 021219.937 INFO             PET1     OCN-TO-ATM: Run intro.
20231110 021219.937 INFO             PET1     OCN-TO-ATM: Run extro.
20231110 021219.937 INFO             PET1     ATM: Run intro.
20231110 021219.938 INFO             PET1       ------>Advancing ATM from: 2010  6  1  0  0  0   0
20231110 021219.938 INFO             PET1       ---------------------> to: 2010  6  1  0 15  0   0
20231110 021219.938 INFO             PET1     ATM: Run extro.
20231110 021219.938 INFO             PET1     esm: RunSequence event loopLevel=   1  levelMember=   1  loopIteration=   2, current time: 2010  6  1  0 15  0   0
20231110 021219.938 INFO             PET1     ATM-TO-OCN: Run intro.
20231110 021219.938 INFO             PET1     ATM-TO-OCN: Run extro.
20231110 021219.938 INFO             PET1     OCN-TO-ATM: Run intro.
20231110 021219.958 INFO             PET1     OCN-TO-ATM: Run extro.
20231110 021219.958 INFO             PET1     ATM: Run intro.
20231110 021219.958 INFO             PET1       ------>Advancing ATM from: 2010  6  1  0 15  0   0
20231110 021219.958 INFO             PET1       ---------------------> to: 2010  6  1  0 30  0   0
20231110 021219.958 INFO             PET1     ATM: Run extro.
20231110 021219.958 INFO             PET1     esm: RunSequence event loopLevel=   1  levelMember=   1  loopIteration=   3, current time: 2010  6  1  0 30  0   0
20231110 021219.958 INFO             PET1     ATM-TO-OCN: Run intro.
20231110 021219.959 INFO             PET1     ATM-TO-OCN: Run extro.
20231110 021219.959 INFO             PET1     OCN-TO-ATM: Run intro.
20231110 021219.967 INFO             PET1     OCN-TO-ATM: Run extro.
20231110 021219.967 INFO             PET1     ATM: Run intro.
20231110 021219.967 INFO             PET1       ------>Advancing ATM from: 2010  6  1  0 30  0   0
20231110 021219.967 INFO             PET1       ---------------------> to: 2010  6  1  0 45  0   0
20231110 021219.967 INFO             PET1     ATM: Run extro.
20231110 021219.967 INFO             PET1     esm: RunSequence event loopLevel=   1  levelMember=   1  loopIteration=   4, current time: 2010  6  1  0 45  0   0
20231110 021219.967 INFO             PET1     ATM-TO-OCN: Run intro.
20231110 021219.967 INFO             PET1     ATM-TO-OCN: Run extro.
20231110 021219.968 INFO             PET1     OCN-TO-ATM: Run intro.
20231110 021219.976 INFO             PET1     OCN-TO-ATM: Run extro.
20231110 021219.976 INFO             PET1     ATM: Run intro.
20231110 021219.976 INFO             PET1       ------>Advancing ATM from: 2010  6  1  0 45  0   0
20231110 021219.976 INFO             PET1       ---------------------> to: 2010  6  1  1  0  0   0
20231110 021219.976 INFO             PET1     ATM: Run extro.
20231110 021219.976 INFO             PET1   esm: end <--------- RunSequence
20231110 021219.976 INFO             PET1   <<<esm - leaving Run with current time: 2010  6  1  1  0  0   0
20231110 021219.976 INFO             PET1 esm: Run extro.
20231110 021219.976 INFO             PET1 esm: Finalize intro.
20231110 021219.976 INFO             PET1   Calling Finalize phase 1 for connectorComp: ATM-TO-OCN
20231110 021219.976 INFO             PET1   ATM-TO-OCN: Finalize intro.
20231110 021219.977 INFO             PET1   ATM-TO-OCN: Finalize extro.
20231110 021219.977 INFO             PET1   Calling Finalize phase 1 for connectorComp: OCN-TO-ATM
20231110 021219.977 INFO             PET1   OCN-TO-ATM: Finalize intro.
20231110 021219.977 INFO             PET1   OCN-TO-ATM: Finalize extro.
20231110 021219.977 INFO             PET1   Calling Finalize phase 1 for modelComp: ATM
20231110 021219.977 INFO             PET1   ATM: Finalize intro.
20231110 021219.977 INFO             PET1   ATM: Finalize extro.
20231110 021219.977 INFO             PET1   Calling Finalize phase 1 for modelComp: OCN
20231110 021219.977 INFO             PET1   Delete modelComp: ATM
20231110 021219.977 INFO             PET1   Delete Import-/Export State for modelComp: ATM
20231110 021219.977 INFO             PET1   Delete modelComp: OCN
20231110 021219.977 INFO             PET1   Delete Import-/Export State for modelComp: OCN
20231110 021219.977 INFO             PET1   Delete connectorComp: ATM-TO-OCN
20231110 021219.985 INFO             PET1   Delete connectorComp: OCN-TO-ATM
20231110 021219.985 INFO             PET1 esm: Finalize extro.
20231110 021219.985 INFO             PET1 esmApp FINISHED
20231110 021219.985 INFO             PET1  Finalizing ESMF
20231110 021219.621 INFO             PET2 !!!!!!!!!!!!!!!!!!!!!!!!!!!!!!!!!!!!!!!!!!!!!!!!!!!!!!
20231110 021219.621 INFO             PET2 !!! THE ESMF_LOG IS SET TO OUTPUT ALL LOG MESSAGES !!!
20231110 021219.621 INFO             PET2 !!!     THIS MAY CAUSE SLOWDOWN IN PERFORMANCE     !!!
20231110 021219.621 INFO             PET2 !!! FOR PRODUCTION RUNS, USE:                      !!!
20231110 021219.621 INFO             PET2 !!!                   ESMF_LOGKIND_Multi_On_Error  !!!
20231110 021219.621 INFO             PET2 !!!!!!!!!!!!!!!!!!!!!!!!!!!!!!!!!!!!!!!!!!!!!!!!!!!!!!
20231110 021219.621 INFO             PET2 Running with ESMF Version   : v8.6.0
20231110 021219.621 INFO             PET2 ESMF library build date/time: "Nov 10 2023" "01:33:10"
20231110 021219.621 INFO             PET2 ESMF library build location : /glade/scratch/theurich/ESMF-Nightly-Testing/gfortran_9.1.0_mpt_g_v8.6.0/esmf
20231110 021219.621 INFO             PET2 ESMF_COMM                   : mpt
20231110 021219.621 INFO             PET2 ESMF_MOAB                   : enabled
20231110 021219.621 INFO             PET2 ESMF_LAPACK                 : enabled
20231110 021219.621 INFO             PET2 ESMF_NETCDF                 : enabled
20231110 021219.621 INFO             PET2 ESMF_PNETCDF                : disabled
20231110 021219.621 INFO             PET2 ESMF_PIO                    : enabled
20231110 021219.621 INFO             PET2 ESMF_YAMLCPP                : enabled
20231110 021219.622 INFO             PET2 esmApp STARTING
20231110 021219.627 INFO             PET2 esm: InitializeGeneric intro.
20231110 021219.627 INFO             PET2   esm: InitializeP0 intro.
20231110 021219.627 INFO             PET2   esm: InitializeP0 extro.
20231110 021219.627 INFO             PET2   esm: InitializeIPDv02p1 intro.
20231110 021219.627 INFO             PET2     >>>esm: entered Initialize (phase=<none>) without valid internal Clock.
20231110 021219.628 INFO             PET2     esm - Creating model component ATM with petList of size 2 :
20231110 021219.628 INFO             PET2           0      1
20231110 021219.628 INFO             PET2     esm - Creating model component OCN with petList of size 2 :
20231110 021219.628 INFO             PET2           2      3
20231110 021219.631 INFO             PET2     esm - Creating connector component ATM-TO-OCN with petList of size 4 :
20231110 021219.631 INFO             PET2           0      1      2      3
20231110 021219.636 INFO             PET2     esm - Creating connector component OCN-TO-ATM with petList of size 4 :
20231110 021219.636 INFO             PET2           2      3      0      1
20231110 021219.641 INFO             PET2     esm - Creating state: modelComp 1 Import State
20231110 021219.641 INFO             PET2     esm - Creating state: modelComp 1 Export State
20231110 021219.641 INFO             PET2     esm - Creating state: modelComp 2 Import State
20231110 021219.641 INFO             PET2     esm - Creating state: modelComp 2 Export State
20231110 021219.643 INFO             PET2     OCN: InitializeP0 intro.
20231110 021219.644 INFO             PET2     OCN: InitializeP0 extro.
20231110 021219.646 INFO             PET2     ATM-TO-OCN: InitializeP0 intro.
20231110 021219.647 INFO             PET2     ATM-TO-OCN: InitializeP0 extro.
20231110 021219.648 INFO             PET2     OCN-TO-ATM: InitializeP0 intro.
20231110 021219.648 INFO             PET2     OCN-TO-ATM: InitializeP0 extro.
20231110 021219.650 INFO             PET2     esm: IInitAdvertise intro.
20231110 021219.650 INFO             PET2     esm: IInitAdvertise extro.
20231110 021219.650 INFO             PET2     OCN: InitializeIPDvXp01 intro.
20231110 021219.653 INFO             PET2     OCN: InitializeIPDvXp01 extro.
20231110 021219.655 INFO             PET2     ATM-TO-OCN: InitializeIPDv05p1 intro.
20231110 021219.662 INFO             PET2     ATM-TO-OCN: InitializeIPDv05p1 extro.
20231110 021219.662 INFO             PET2     OCN-TO-ATM: InitializeIPDv05p1 intro.
20231110 021219.666 INFO             PET2     OCN-TO-ATM: InitializeIPDv05p1 extro.
20231110 021219.666 INFO             PET2     esm: IInitAdvertiseFinish intro.
20231110 021219.666 INFO             PET2     esm: IInitAdvertiseFinish extro.
20231110 021219.666 INFO             PET2     ATM-TO-OCN: InitializeIPDv05p2a intro.
20231110 021219.673 INFO             PET2     ATM-TO-OCN: InitializeIPDv05p2a extro.
20231110 021219.673 INFO             PET2     OCN-TO-ATM: InitializeIPDv05p2a intro.
20231110 021219.677 INFO             PET2     OCN-TO-ATM: InitializeIPDv05p2a extro.
20231110 021219.677 INFO             PET2     ATM-TO-OCN: InitializeIPDv05p2b intro.
20231110 021219.684 INFO             PET2     ATM-TO-OCN: InitializeIPDv05p2b extro.
20231110 021219.686 INFO             PET2     OCN-TO-ATM: InitializeIPDv05p2b intro.
20231110 021219.690 INFO             PET2     OCN-TO-ATM: InitializeIPDv05p2b extro.
20231110 021219.690 INFO             PET2     esm: IInitModifyCplLists intro.
20231110 021219.690 INFO             PET2       Driver is in ModifyCplLists()
20231110 021219.690 INFO             PET2        Found            2  Connectors. Modifying CplList Attribute....
20231110 021219.691 INFO             PET2     esm: IInitModifyCplLists extro.
20231110 021219.691 INFO             PET2     ATM-TO-OCN: InitializeIPDv05p3 intro.
20231110 021219.698 INFO             PET2     ATM-TO-OCN: InitializeIPDv05p3 extro.
20231110 021219.698 INFO             PET2     OCN-TO-ATM: InitializeIPDv05p3 intro.
20231110 021219.702 INFO             PET2     OCN-TO-ATM: InitializeIPDv05p3 extro.
20231110 021219.702 INFO             PET2     <<<esm: leaving Initialize (phase=<none>) with current time: 2010  6  1  0  0  0   0
20231110 021219.702 INFO             PET2   esm: InitializeIPDv02p1 extro.
20231110 021219.702 INFO             PET2   esm: InitializeIPDv02p3 intro.
20231110 021219.702 INFO             PET2     >>>esm: entered Initialize (phase=<none>) with current time: 2010  6  1  0  0  0   0
20231110 021219.703 INFO             PET2     esm: IInitCheck intro.
20231110 021219.703 INFO             PET2     esm: IInitCheck extro.
20231110 021219.703 INFO             PET2     OCN: InitializeIPDvXp04 intro.
20231110 021219.708 INFO             PET2     OCN: InitializeIPDvXp04 extro.
20231110 021219.710 INFO             PET2     ATM-TO-OCN: InitializeIPDv05p4 intro.
20231110 021219.721 INFO             PET2     ATM-TO-OCN: InitializeIPDv05p4 extro.
20231110 021219.722 INFO             PET2     OCN-TO-ATM: InitializeIPDv05p4 intro.
20231110 021219.727 INFO             PET2     OCN-TO-ATM: InitializeIPDv05p4 extro.
20231110 021219.727 INFO             PET2     ATM-TO-OCN: InitializeIPDv05p5 intro.
20231110 021219.738 INFO             PET2     ATM-TO-OCN: InitializeIPDv05p5 extro.
20231110 021219.739 INFO             PET2     OCN-TO-ATM: InitializeIPDv05p5 intro.
20231110 021219.744 INFO             PET2     OCN-TO-ATM: InitializeIPDv05p5 extro.
20231110 021219.744 INFO             PET2     esm: IInitRealize intro.
20231110 021219.744 INFO             PET2     esm: IInitRealize extro.
20231110 021219.745 INFO             PET2     ATM-TO-OCN: InitializeIPDv05p6a intro.
20231110 021219.755 INFO             PET2     ATM-TO-OCN: InitializeIPDv05p6a extro.
20231110 021219.755 INFO             PET2     OCN-TO-ATM: InitializeIPDv05p6a intro.
20231110 021219.760 INFO             PET2     OCN-TO-ATM: InitializeIPDv05p6a extro.
20231110 021219.761 INFO             PET2     ATM-TO-OCN: InitializeIPDv05p6b intro.
20231110 021219.855 INFO             PET2     ATM-TO-OCN: InitializeIPDv05p6b extro.
20231110 021219.855 INFO             PET2     OCN-TO-ATM: InitializeIPDv05p6b intro.
20231110 021219.932 INFO             PET2     OCN-TO-ATM: InitializeIPDv05p6b extro.
20231110 021219.933 INFO             PET2     OCN: InitializeIPDvXp07 intro.
20231110 021219.933 INFO             PET2     OCN: InitializeIPDvXp07 extro.
20231110 021219.933 INFO             PET2     <<<esm: leaving Initialize (phase=<none>) with current time: 2010  6  1  0  0  0   0
20231110 021219.933 INFO             PET2   esm: InitializeIPDv02p3 extro.
20231110 021219.933 INFO             PET2   esm: InitializeIPDv02p5 intro.
20231110 021219.933 INFO             PET2     >>>esm: entered Initialize (phase=<none>) with current time: 2010  6  1  0  0  0   0
20231110 021219.933 INFO             PET2     esm: this is a top level driver, no 'Updated' and 'InitializeDataComplete' info on this level.
20231110 021219.933 INFO             PET2     esm: InitializeIPDv02p5Data intro.
20231110 021219.933 INFO             PET2       esm: InternalInitializeComplete intro.
20231110 021219.933 INFO             PET2         esm: InitializeDataComplete='true'
20231110 021219.933 INFO             PET2       esm: InternalInitializeComplete extro.
20231110 021219.934 INFO             PET2       OCN: InitializeIPDv01p5 intro.
20231110 021219.934 INFO             PET2       OCN: InitializeIPDv01p5 extro.
20231110 021219.935 INFO             PET2       esm: components present that trigger loopDataDependentInitialize().
20231110 021219.936 INFO             PET2       esm: loopDataDependentInitialize intro.
20231110 021219.936 INFO             PET2         esm: component    0=esm, dataComplete (local): true
20231110 021219.936 INFO             PET2         esm: component    0=esm, dataComplete (global): T
20231110 021219.936 INFO             PET2         esm: component    1=ATM, dataComplete (local): true
20231110 021219.936 INFO             PET2         esm: component    1=ATM, dataComplete (global): T
20231110 021219.936 INFO             PET2         esm: component    2=OCN, dataComplete (local): true
20231110 021219.936 INFO             PET2         esm: component    2=OCN, dataComplete (global): T
20231110 021219.936 INFO             PET2         esm: someProgress=F, allComplete=T, present(dataDepAllComplete)=T
20231110 021219.936 INFO             PET2         esm: finished resolving initialize data dependencies on this level.
20231110 021219.936 INFO             PET2       esm: loopDataDependentInitialize extro.
20231110 021219.936 INFO             PET2       esm: loopDataDependentInitialize() returned with dataDepAllComplete: T
20231110 021219.936 INFO             PET2     esm: InitializeIPDv02p5Data extro.
20231110 021219.936 INFO             PET2     <<<esm: leaving Initialize (phase=<none>) with current time: 2010  6  1  0  0  0   0
20231110 021219.936 INFO             PET2   esm: InitializeIPDv02p5 extro.
20231110 021219.936 INFO             PET2 esm: InitializeGeneric extro.
20231110 021219.936 INFO             PET2 esm: Run intro.
20231110 021219.936 INFO             PET2   >>>esm entered Run (phase=RunPhase1) with current time: 2010  6  1  0  0  0   0
20231110 021219.936 INFO             PET2   esm: after lable_SetRunClock, current time: 2010  6  1  0  0  0   0
20231110 021219.936 INFO             PET2   esm: begin -------> RunSequence.
20231110 021219.936 INFO             PET2     esm: RunSequence event loopLevel=   1  levelMember=   1  loopIteration=   1, current time: 2010  6  1  0  0  0   0
20231110 021219.936 INFO             PET2     ATM-TO-OCN: Run intro.
20231110 021219.937 INFO             PET2     ATM-TO-OCN: Run extro.
20231110 021219.937 INFO             PET2     OCN-TO-ATM: Run intro.
20231110 021219.937 INFO             PET2     OCN-TO-ATM: Run extro.
20231110 021219.937 INFO             PET2     OCN: Run intro.
20231110 021219.938 INFO             PET2       ------>Advancing OCN from: 2010  6  1  0  0  0   0
20231110 021219.938 INFO             PET2       ---------------------> to: 2010  6  1  0  5  0   0
20231110 021219.951 INFO             PET2       ------>Advancing OCN from: 2010  6  1  0  5  0   0
20231110 021219.951 INFO             PET2       ---------------------> to: 2010  6  1  0 10  0   0
20231110 021219.954 INFO             PET2       ------>Advancing OCN from: 2010  6  1  0 10  0   0
20231110 021219.954 INFO             PET2       ---------------------> to: 2010  6  1  0 15  0   0
20231110 021219.957 INFO             PET2     OCN: Run extro.
20231110 021219.957 INFO             PET2     esm: RunSequence event loopLevel=   1  levelMember=   1  loopIteration=   2, current time: 2010  6  1  0 15  0   0
20231110 021219.957 INFO             PET2     ATM-TO-OCN: Run intro.
20231110 021219.957 INFO             PET2     ATM-TO-OCN: Run extro.
20231110 021219.958 INFO             PET2     OCN-TO-ATM: Run intro.
20231110 021219.958 INFO             PET2     OCN-TO-ATM: Run extro.
20231110 021219.958 INFO             PET2     OCN: Run intro.
20231110 021219.958 INFO             PET2       ------>Advancing OCN from: 2010  6  1  0 15  0   0
20231110 021219.958 INFO             PET2       ---------------------> to: 2010  6  1  0 20  0   0
20231110 021219.961 INFO             PET2       ------>Advancing OCN from: 2010  6  1  0 20  0   0
20231110 021219.961 INFO             PET2       ---------------------> to: 2010  6  1  0 25  0   0
20231110 021219.964 INFO             PET2       ------>Advancing OCN from: 2010  6  1  0 25  0   0
20231110 021219.964 INFO             PET2       ---------------------> to: 2010  6  1  0 30  0   0
20231110 021219.966 INFO             PET2     OCN: Run extro.
20231110 021219.966 INFO             PET2     esm: RunSequence event loopLevel=   1  levelMember=   1  loopIteration=   3, current time: 2010  6  1  0 30  0   0
20231110 021219.966 INFO             PET2     ATM-TO-OCN: Run intro.
20231110 021219.966 INFO             PET2     ATM-TO-OCN: Run extro.
20231110 021219.967 INFO             PET2     OCN-TO-ATM: Run intro.
20231110 021219.967 INFO             PET2     OCN-TO-ATM: Run extro.
20231110 021219.967 INFO             PET2     OCN: Run intro.
20231110 021219.967 INFO             PET2       ------>Advancing OCN from: 2010  6  1  0 30  0   0
20231110 021219.967 INFO             PET2       ---------------------> to: 2010  6  1  0 35  0   0
20231110 021219.970 INFO             PET2       ------>Advancing OCN from: 2010  6  1  0 35  0   0
20231110 021219.970 INFO             PET2       ---------------------> to: 2010  6  1  0 40  0   0
20231110 021219.972 INFO             PET2       ------>Advancing OCN from: 2010  6  1  0 40  0   0
20231110 021219.972 INFO             PET2       ---------------------> to: 2010  6  1  0 45  0   0
20231110 021219.975 INFO             PET2     OCN: Run extro.
20231110 021219.975 INFO             PET2     esm: RunSequence event loopLevel=   1  levelMember=   1  loopIteration=   4, current time: 2010  6  1  0 45  0   0
20231110 021219.975 INFO             PET2     ATM-TO-OCN: Run intro.
20231110 021219.975 INFO             PET2     ATM-TO-OCN: Run extro.
20231110 021219.976 INFO             PET2     OCN-TO-ATM: Run intro.
20231110 021219.976 INFO             PET2     OCN-TO-ATM: Run extro.
20231110 021219.976 INFO             PET2     OCN: Run intro.
20231110 021219.976 INFO             PET2       ------>Advancing OCN from: 2010  6  1  0 45  0   0
20231110 021219.976 INFO             PET2       ---------------------> to: 2010  6  1  0 50  0   0
20231110 021219.979 INFO             PET2       ------>Advancing OCN from: 2010  6  1  0 50  0   0
20231110 021219.979 INFO             PET2       ---------------------> to: 2010  6  1  0 55  0   0
20231110 021219.981 INFO             PET2       ------>Advancing OCN from: 2010  6  1  0 55  0   0
20231110 021219.981 INFO             PET2       ---------------------> to: 2010  6  1  1  0  0   0
20231110 021219.984 INFO             PET2     OCN: Run extro.
20231110 021219.984 INFO             PET2   esm: end <--------- RunSequence
20231110 021219.984 INFO             PET2   <<<esm - leaving Run with current time: 2010  6  1  1  0  0   0
20231110 021219.984 INFO             PET2 esm: Run extro.
20231110 021219.984 INFO             PET2 esm: Finalize intro.
20231110 021219.984 INFO             PET2   Calling Finalize phase 1 for connectorComp: ATM-TO-OCN
20231110 021219.984 INFO             PET2   ATM-TO-OCN: Finalize intro.
20231110 021219.985 INFO             PET2   ATM-TO-OCN: Finalize extro.
20231110 021219.985 INFO             PET2   Calling Finalize phase 1 for connectorComp: OCN-TO-ATM
20231110 021219.985 INFO             PET2   OCN-TO-ATM: Finalize intro.
20231110 021219.985 INFO             PET2   OCN-TO-ATM: Finalize extro.
20231110 021219.985 INFO             PET2   Calling Finalize phase 1 for modelComp: ATM
20231110 021219.985 INFO             PET2   Calling Finalize phase 1 for modelComp: OCN
20231110 021219.985 INFO             PET2   OCN: Finalize intro.
20231110 021219.985 INFO             PET2   OCN: Finalize extro.
20231110 021219.985 INFO             PET2   Delete modelComp: ATM
20231110 021219.985 INFO             PET2   Delete Import-/Export State for modelComp: ATM
20231110 021219.985 INFO             PET2   Delete modelComp: OCN
20231110 021219.985 INFO             PET2   Delete Import-/Export State for modelComp: OCN
20231110 021219.985 INFO             PET2   Delete connectorComp: ATM-TO-OCN
20231110 021219.985 INFO             PET2   Delete connectorComp: OCN-TO-ATM
20231110 021219.985 INFO             PET2 esm: Finalize extro.
20231110 021219.985 INFO             PET2 esmApp FINISHED
20231110 021219.985 INFO             PET2  Finalizing ESMF
20231110 021219.621 INFO             PET3 !!!!!!!!!!!!!!!!!!!!!!!!!!!!!!!!!!!!!!!!!!!!!!!!!!!!!!
20231110 021219.621 INFO             PET3 !!! THE ESMF_LOG IS SET TO OUTPUT ALL LOG MESSAGES !!!
20231110 021219.621 INFO             PET3 !!!     THIS MAY CAUSE SLOWDOWN IN PERFORMANCE     !!!
20231110 021219.621 INFO             PET3 !!! FOR PRODUCTION RUNS, USE:                      !!!
20231110 021219.621 INFO             PET3 !!!                   ESMF_LOGKIND_Multi_On_Error  !!!
20231110 021219.621 INFO             PET3 !!!!!!!!!!!!!!!!!!!!!!!!!!!!!!!!!!!!!!!!!!!!!!!!!!!!!!
20231110 021219.621 INFO             PET3 Running with ESMF Version   : v8.6.0
20231110 021219.621 INFO             PET3 ESMF library build date/time: "Nov 10 2023" "01:33:10"
20231110 021219.621 INFO             PET3 ESMF library build location : /glade/scratch/theurich/ESMF-Nightly-Testing/gfortran_9.1.0_mpt_g_v8.6.0/esmf
20231110 021219.621 INFO             PET3 ESMF_COMM                   : mpt
20231110 021219.621 INFO             PET3 ESMF_MOAB                   : enabled
20231110 021219.621 INFO             PET3 ESMF_LAPACK                 : enabled
20231110 021219.621 INFO             PET3 ESMF_NETCDF                 : enabled
20231110 021219.621 INFO             PET3 ESMF_PNETCDF                : disabled
20231110 021219.621 INFO             PET3 ESMF_PIO                    : enabled
20231110 021219.621 INFO             PET3 ESMF_YAMLCPP                : enabled
20231110 021219.622 INFO             PET3 esmApp STARTING
20231110 021219.627 INFO             PET3 esm: InitializeGeneric intro.
20231110 021219.627 INFO             PET3   esm: InitializeP0 intro.
20231110 021219.627 INFO             PET3   esm: InitializeP0 extro.
20231110 021219.627 INFO             PET3   esm: InitializeIPDv02p1 intro.
20231110 021219.627 INFO             PET3     >>>esm: entered Initialize (phase=<none>) without valid internal Clock.
20231110 021219.628 INFO             PET3     esm - Creating model component ATM with petList of size 2 :
20231110 021219.628 INFO             PET3           0      1
20231110 021219.628 INFO             PET3     esm - Creating model component OCN with petList of size 2 :
20231110 021219.628 INFO             PET3           2      3
20231110 021219.631 INFO             PET3     esm - Creating connector component ATM-TO-OCN with petList of size 4 :
20231110 021219.631 INFO             PET3           0      1      2      3
20231110 021219.636 INFO             PET3     esm - Creating connector component OCN-TO-ATM with petList of size 4 :
20231110 021219.636 INFO             PET3           2      3      0      1
20231110 021219.641 INFO             PET3     esm - Creating state: modelComp 1 Import State
20231110 021219.641 INFO             PET3     esm - Creating state: modelComp 1 Export State
20231110 021219.641 INFO             PET3     esm - Creating state: modelComp 2 Import State
20231110 021219.641 INFO             PET3     esm - Creating state: modelComp 2 Export State
20231110 021219.643 INFO             PET3     OCN: InitializeP0 intro.
20231110 021219.644 INFO             PET3     OCN: InitializeP0 extro.
20231110 021219.646 INFO             PET3     ATM-TO-OCN: InitializeP0 intro.
20231110 021219.647 INFO             PET3     ATM-TO-OCN: InitializeP0 extro.
20231110 021219.648 INFO             PET3     OCN-TO-ATM: InitializeP0 intro.
20231110 021219.648 INFO             PET3     OCN-TO-ATM: InitializeP0 extro.
20231110 021219.650 INFO             PET3     esm: IInitAdvertise intro.
20231110 021219.650 INFO             PET3     esm: IInitAdvertise extro.
20231110 021219.650 INFO             PET3     OCN: InitializeIPDvXp01 intro.
20231110 021219.653 INFO             PET3     OCN: InitializeIPDvXp01 extro.
20231110 021219.655 INFO             PET3     ATM-TO-OCN: InitializeIPDv05p1 intro.
20231110 021219.662 INFO             PET3     ATM-TO-OCN: InitializeIPDv05p1 extro.
20231110 021219.662 INFO             PET3     OCN-TO-ATM: InitializeIPDv05p1 intro.
20231110 021219.666 INFO             PET3     OCN-TO-ATM: InitializeIPDv05p1 extro.
20231110 021219.666 INFO             PET3     esm: IInitAdvertiseFinish intro.
20231110 021219.666 INFO             PET3     esm: IInitAdvertiseFinish extro.
20231110 021219.666 INFO             PET3     ATM-TO-OCN: InitializeIPDv05p2a intro.
20231110 021219.673 INFO             PET3     ATM-TO-OCN: InitializeIPDv05p2a extro.
20231110 021219.673 INFO             PET3     OCN-TO-ATM: InitializeIPDv05p2a intro.
20231110 021219.677 INFO             PET3     OCN-TO-ATM: InitializeIPDv05p2a extro.
20231110 021219.677 INFO             PET3     ATM-TO-OCN: InitializeIPDv05p2b intro.
20231110 021219.684 INFO             PET3     ATM-TO-OCN: InitializeIPDv05p2b extro.
20231110 021219.686 INFO             PET3     OCN-TO-ATM: InitializeIPDv05p2b intro.
20231110 021219.690 INFO             PET3     OCN-TO-ATM: InitializeIPDv05p2b extro.
20231110 021219.690 INFO             PET3     esm: IInitModifyCplLists intro.
20231110 021219.690 INFO             PET3       Driver is in ModifyCplLists()
20231110 021219.690 INFO             PET3        Found            2  Connectors. Modifying CplList Attribute....
20231110 021219.691 INFO             PET3     esm: IInitModifyCplLists extro.
20231110 021219.691 INFO             PET3     ATM-TO-OCN: InitializeIPDv05p3 intro.
20231110 021219.698 INFO             PET3     ATM-TO-OCN: InitializeIPDv05p3 extro.
20231110 021219.698 INFO             PET3     OCN-TO-ATM: InitializeIPDv05p3 intro.
20231110 021219.702 INFO             PET3     OCN-TO-ATM: InitializeIPDv05p3 extro.
20231110 021219.702 INFO             PET3     <<<esm: leaving Initialize (phase=<none>) with current time: 2010  6  1  0  0  0   0
20231110 021219.702 INFO             PET3   esm: InitializeIPDv02p1 extro.
20231110 021219.702 INFO             PET3   esm: InitializeIPDv02p3 intro.
20231110 021219.702 INFO             PET3     >>>esm: entered Initialize (phase=<none>) with current time: 2010  6  1  0  0  0   0
20231110 021219.703 INFO             PET3     esm: IInitCheck intro.
20231110 021219.703 INFO             PET3     esm: IInitCheck extro.
20231110 021219.703 INFO             PET3     OCN: InitializeIPDvXp04 intro.
20231110 021219.708 INFO             PET3     OCN: InitializeIPDvXp04 extro.
20231110 021219.710 INFO             PET3     ATM-TO-OCN: InitializeIPDv05p4 intro.
20231110 021219.721 INFO             PET3     ATM-TO-OCN: InitializeIPDv05p4 extro.
20231110 021219.722 INFO             PET3     OCN-TO-ATM: InitializeIPDv05p4 intro.
20231110 021219.727 INFO             PET3     OCN-TO-ATM: InitializeIPDv05p4 extro.
20231110 021219.727 INFO             PET3     ATM-TO-OCN: InitializeIPDv05p5 intro.
20231110 021219.738 INFO             PET3     ATM-TO-OCN: InitializeIPDv05p5 extro.
20231110 021219.739 INFO             PET3     OCN-TO-ATM: InitializeIPDv05p5 intro.
20231110 021219.744 INFO             PET3     OCN-TO-ATM: InitializeIPDv05p5 extro.
20231110 021219.744 INFO             PET3     esm: IInitRealize intro.
20231110 021219.744 INFO             PET3     esm: IInitRealize extro.
20231110 021219.745 INFO             PET3     ATM-TO-OCN: InitializeIPDv05p6a intro.
20231110 021219.755 INFO             PET3     ATM-TO-OCN: InitializeIPDv05p6a extro.
20231110 021219.755 INFO             PET3     OCN-TO-ATM: InitializeIPDv05p6a intro.
20231110 021219.760 INFO             PET3     OCN-TO-ATM: InitializeIPDv05p6a extro.
20231110 021219.761 INFO             PET3     ATM-TO-OCN: InitializeIPDv05p6b intro.
20231110 021219.855 INFO             PET3     ATM-TO-OCN: InitializeIPDv05p6b extro.
20231110 021219.855 INFO             PET3     OCN-TO-ATM: InitializeIPDv05p6b intro.
20231110 021219.932 INFO             PET3     OCN-TO-ATM: InitializeIPDv05p6b extro.
20231110 021219.933 INFO             PET3     OCN: InitializeIPDvXp07 intro.
20231110 021219.933 INFO             PET3     OCN: InitializeIPDvXp07 extro.
20231110 021219.933 INFO             PET3     <<<esm: leaving Initialize (phase=<none>) with current time: 2010  6  1  0  0  0   0
20231110 021219.933 INFO             PET3   esm: InitializeIPDv02p3 extro.
20231110 021219.933 INFO             PET3   esm: InitializeIPDv02p5 intro.
20231110 021219.933 INFO             PET3     >>>esm: entered Initialize (phase=<none>) with current time: 2010  6  1  0  0  0   0
20231110 021219.933 INFO             PET3     esm: this is a top level driver, no 'Updated' and 'InitializeDataComplete' info on this level.
20231110 021219.933 INFO             PET3     esm: InitializeIPDv02p5Data intro.
20231110 021219.933 INFO             PET3       esm: InternalInitializeComplete intro.
20231110 021219.933 INFO             PET3         esm: InitializeDataComplete='true'
20231110 021219.933 INFO             PET3       esm: InternalInitializeComplete extro.
20231110 021219.934 INFO             PET3       OCN: InitializeIPDv01p5 intro.
20231110 021219.934 INFO             PET3       OCN: InitializeIPDv01p5 extro.
20231110 021219.935 INFO             PET3       esm: components present that trigger loopDataDependentInitialize().
20231110 021219.936 INFO             PET3       esm: loopDataDependentInitialize intro.
20231110 021219.936 INFO             PET3         esm: component    0=esm, dataComplete (local): true
20231110 021219.936 INFO             PET3         esm: component    0=esm, dataComplete (global): T
20231110 021219.936 INFO             PET3         esm: component    1=ATM, dataComplete (local): true
20231110 021219.936 INFO             PET3         esm: component    1=ATM, dataComplete (global): T
20231110 021219.936 INFO             PET3         esm: component    2=OCN, dataComplete (local): true
20231110 021219.936 INFO             PET3         esm: component    2=OCN, dataComplete (global): T
20231110 021219.936 INFO             PET3         esm: someProgress=F, allComplete=T, present(dataDepAllComplete)=T
20231110 021219.936 INFO             PET3         esm: finished resolving initialize data dependencies on this level.
20231110 021219.936 INFO             PET3       esm: loopDataDependentInitialize extro.
20231110 021219.936 INFO             PET3       esm: loopDataDependentInitialize() returned with dataDepAllComplete: T
20231110 021219.936 INFO             PET3     esm: InitializeIPDv02p5Data extro.
20231110 021219.936 INFO             PET3     <<<esm: leaving Initialize (phase=<none>) with current time: 2010  6  1  0  0  0   0
20231110 021219.936 INFO             PET3   esm: InitializeIPDv02p5 extro.
20231110 021219.936 INFO             PET3 esm: InitializeGeneric extro.
20231110 021219.936 INFO             PET3 esm: Run intro.
20231110 021219.936 INFO             PET3   >>>esm entered Run (phase=RunPhase1) with current time: 2010  6  1  0  0  0   0
20231110 021219.936 INFO             PET3   esm: after lable_SetRunClock, current time: 2010  6  1  0  0  0   0
20231110 021219.936 INFO             PET3   esm: begin -------> RunSequence.
20231110 021219.936 INFO             PET3     esm: RunSequence event loopLevel=   1  levelMember=   1  loopIteration=   1, current time: 2010  6  1  0  0  0   0
20231110 021219.936 INFO             PET3     ATM-TO-OCN: Run intro.
20231110 021219.937 INFO             PET3     ATM-TO-OCN: Run extro.
20231110 021219.937 INFO             PET3     OCN-TO-ATM: Run intro.
20231110 021219.937 INFO             PET3     OCN-TO-ATM: Run extro.
20231110 021219.937 INFO             PET3     OCN: Run intro.
20231110 021219.938 INFO             PET3       ------>Advancing OCN from: 2010  6  1  0  0  0   0
20231110 021219.938 INFO             PET3       ---------------------> to: 2010  6  1  0  5  0   0
20231110 021219.951 INFO             PET3       ------>Advancing OCN from: 2010  6  1  0  5  0   0
20231110 021219.951 INFO             PET3       ---------------------> to: 2010  6  1  0 10  0   0
20231110 021219.954 INFO             PET3       ------>Advancing OCN from: 2010  6  1  0 10  0   0
20231110 021219.954 INFO             PET3       ---------------------> to: 2010  6  1  0 15  0   0
20231110 021219.957 INFO             PET3     OCN: Run extro.
20231110 021219.957 INFO             PET3     esm: RunSequence event loopLevel=   1  levelMember=   1  loopIteration=   2, current time: 2010  6  1  0 15  0   0
20231110 021219.957 INFO             PET3     ATM-TO-OCN: Run intro.
20231110 021219.957 INFO             PET3     ATM-TO-OCN: Run extro.
20231110 021219.958 INFO             PET3     OCN-TO-ATM: Run intro.
20231110 021219.958 INFO             PET3     OCN-TO-ATM: Run extro.
20231110 021219.958 INFO             PET3     OCN: Run intro.
20231110 021219.958 INFO             PET3       ------>Advancing OCN from: 2010  6  1  0 15  0   0
20231110 021219.958 INFO             PET3       ---------------------> to: 2010  6  1  0 20  0   0
20231110 021219.961 INFO             PET3       ------>Advancing OCN from: 2010  6  1  0 20  0   0
20231110 021219.961 INFO             PET3       ---------------------> to: 2010  6  1  0 25  0   0
20231110 021219.964 INFO             PET3       ------>Advancing OCN from: 2010  6  1  0 25  0   0
20231110 021219.964 INFO             PET3       ---------------------> to: 2010  6  1  0 30  0   0
20231110 021219.966 INFO             PET3     OCN: Run extro.
20231110 021219.966 INFO             PET3     esm: RunSequence event loopLevel=   1  levelMember=   1  loopIteration=   3, current time: 2010  6  1  0 30  0   0
20231110 021219.966 INFO             PET3     ATM-TO-OCN: Run intro.
20231110 021219.966 INFO             PET3     ATM-TO-OCN: Run extro.
20231110 021219.967 INFO             PET3     OCN-TO-ATM: Run intro.
20231110 021219.967 INFO             PET3     OCN-TO-ATM: Run extro.
20231110 021219.967 INFO             PET3     OCN: Run intro.
20231110 021219.967 INFO             PET3       ------>Advancing OCN from: 2010  6  1  0 30  0   0
20231110 021219.967 INFO             PET3       ---------------------> to: 2010  6  1  0 35  0   0
20231110 021219.970 INFO             PET3       ------>Advancing OCN from: 2010  6  1  0 35  0   0
20231110 021219.970 INFO             PET3       ---------------------> to: 2010  6  1  0 40  0   0
20231110 021219.972 INFO             PET3       ------>Advancing OCN from: 2010  6  1  0 40  0   0
20231110 021219.972 INFO             PET3       ---------------------> to: 2010  6  1  0 45  0   0
20231110 021219.975 INFO             PET3     OCN: Run extro.
20231110 021219.975 INFO             PET3     esm: RunSequence event loopLevel=   1  levelMember=   1  loopIteration=   4, current time: 2010  6  1  0 45  0   0
20231110 021219.975 INFO             PET3     ATM-TO-OCN: Run intro.
20231110 021219.975 INFO             PET3     ATM-TO-OCN: Run extro.
20231110 021219.976 INFO             PET3     OCN-TO-ATM: Run intro.
20231110 021219.976 INFO             PET3     OCN-TO-ATM: Run extro.
20231110 021219.976 INFO             PET3     OCN: Run intro.
20231110 021219.976 INFO             PET3       ------>Advancing OCN from: 2010  6  1  0 45  0   0
20231110 021219.976 INFO             PET3       ---------------------> to: 2010  6  1  0 50  0   0
20231110 021219.979 INFO             PET3       ------>Advancing OCN from: 2010  6  1  0 50  0   0
20231110 021219.979 INFO             PET3       ---------------------> to: 2010  6  1  0 55  0   0
20231110 021219.981 INFO             PET3       ------>Advancing OCN from: 2010  6  1  0 55  0   0
20231110 021219.981 INFO             PET3       ---------------------> to: 2010  6  1  1  0  0   0
20231110 021219.984 INFO             PET3     OCN: Run extro.
20231110 021219.984 INFO             PET3   esm: end <--------- RunSequence
20231110 021219.984 INFO             PET3   <<<esm - leaving Run with current time: 2010  6  1  1  0  0   0
20231110 021219.984 INFO             PET3 esm: Run extro.
20231110 021219.984 INFO             PET3 esm: Finalize intro.
20231110 021219.984 INFO             PET3   Calling Finalize phase 1 for connectorComp: ATM-TO-OCN
20231110 021219.984 INFO             PET3   ATM-TO-OCN: Finalize intro.
20231110 021219.985 INFO             PET3   ATM-TO-OCN: Finalize extro.
20231110 021219.985 INFO             PET3   Calling Finalize phase 1 for connectorComp: OCN-TO-ATM
20231110 021219.985 INFO             PET3   OCN-TO-ATM: Finalize intro.
20231110 021219.985 INFO             PET3   OCN-TO-ATM: Finalize extro.
20231110 021219.985 INFO             PET3   Calling Finalize phase 1 for modelComp: ATM
20231110 021219.985 INFO             PET3   Calling Finalize phase 1 for modelComp: OCN
20231110 021219.985 INFO             PET3   OCN: Finalize intro.
20231110 021219.985 INFO             PET3   OCN: Finalize extro.
20231110 021219.985 INFO             PET3   Delete modelComp: ATM
20231110 021219.985 INFO             PET3   Delete Import-/Export State for modelComp: ATM
20231110 021219.985 INFO             PET3   Delete modelComp: OCN
20231110 021219.985 INFO             PET3   Delete Import-/Export State for modelComp: OCN
20231110 021219.985 INFO             PET3   Delete connectorComp: ATM-TO-OCN
20231110 021219.985 INFO             PET3   Delete connectorComp: OCN-TO-ATM
20231110 021219.985 INFO             PET3 esm: Finalize extro.
20231110 021219.985 INFO             PET3 esmApp FINISHED
20231110 021219.985 INFO             PET3  Finalizing ESMF
