2023-11-10 07:31:23
[1699603318.673972] [h20c52:184618:0]         mxm.c:196  MXM  WARN  The 'ulimit -s' on the system is set to 'unlimited'. This may have negative performance implications. Please set the stack size to the default value (10240) 
[1699603318.678958] [h20c52:184618:0]         mxm.c:196  MXM  WARN  The 'ulimit -s' on the system is set to 'unlimited'. This may have negative performance implications. Please set the stack size to the default value (10240) 
[1699603318.674288] [h20c52:184616:0]         mxm.c:196  MXM  WARN  The 'ulimit -s' on the system is set to 'unlimited'. This may have negative performance implications. Please set the stack size to the default value (10240) 
[1699603318.679267] [h20c52:184616:0]         mxm.c:196  MXM  WARN  The 'ulimit -s' on the system is set to 'unlimited'. This may have negative performance implications. Please set the stack size to the default value (10240) 
[1699603318.681847] [h20c52:184617:0]         mxm.c:196  MXM  WARN  The 'ulimit -s' on the system is set to 'unlimited'. This may have negative performance implications. Please set the stack size to the default value (10240) 
[1699603318.687178] [h20c52:184617:0]         mxm.c:196  MXM  WARN  The 'ulimit -s' on the system is set to 'unlimited'. This may have negative performance implications. Please set the stack size to the default value (10240) 
[1699603318.681793] [h20c52:184615:0]         mxm.c:196  MXM  WARN  The 'ulimit -s' on the system is set to 'unlimited'. This may have negative performance implications. Please set the stack size to the default value (10240) 
[1699603318.687116] [h20c52:184615:0]         mxm.c:196  MXM  WARN  The 'ulimit -s' on the system is set to 'unlimited'. This may have negative performance implications. Please set the stack size to the default value (10240) 
 NUOPC_DriverPrint for PET:           0
   Model, Mediator, and Driver components, in the order
   that they were added to the Driver:
           1 :  advectDiff_Parent
           2 :  advectDiff_Gen1Nestling0
           3 :  advectDiff_Gen1Nestling1
           4 :  advectDiff_Gen2Nestling0
   Connector components, in the order
   that they were added to the Driver:
           1 :  advectDiff_Parent-TO-advectDiff_Gen1Nestling0
           2 :  advectDiff_Parent-TO-advectDiff_Gen1Nestling1
           3 :  advectDiff_Gen1Nestling0-TO-advectDiff_Gen2Nestling0
NUOPC_RunSequenceArrayPrint: element     1 out of      2
runSeq::
 runElementPrint:      1     2     1 F T
 runElementPrint:      1     3     1 F T
 runElementPrint:      1    -1     1 F T
 runElementPrint:     -2     0     0 F T
 runElementPrint:      3    -1     1 F T
 runElementPrint:     -1    -1     0 F F
::
NUOPC_RunSequenceArrayPrint: element     2 out of      2
runSeq::
 runElementPrint:      2     4     1 F T
 runElementPrint:      2    -1     1 F T
 runElementPrint:      4    -1     1 F T
 runElementPrint:     -2    -1     0 F F
::
 NUOPC_DriverPrint for PET:           1
   Model, Mediator, and Driver components, in the order
   that they were added to the Driver:
           1 :  advectDiff_Parent
           2 :  advectDiff_Gen1Nestling0
           3 :  advectDiff_Gen1Nestling1
           4 :  advectDiff_Gen2Nestling0
   Connector components, in the order
   that they were added to the Driver:
           1 :  advectDiff_Parent-TO-advectDiff_Gen1Nestling0
           2 :  advectDiff_Parent-TO-advectDiff_Gen1Nestling1
           3 :  advectDiff_Gen1Nestling0-TO-advectDiff_Gen2Nestling0
NUOPC_RunSequenceArrayPrint: element     1 out of      2
runSeq::
 runElementPrint:      1     2     1 F T
 runElementPrint:      1     3     1 F T
 runElementPrint:      1    -1     1 F T
 runElementPrint:     -2     0     0 F T
 runElementPrint:      3    -1     1 F T
 runElementPrint:     -1    -1     0 F F
::
NUOPC_RunSequenceArrayPrint: element     2 out of      2
runSeq::
 runElementPrint:      2     4     1 F T
 runElementPrint:      2    -1     1 F T
 runElementPrint:      4    -1     1 F T
 runElementPrint:     -2    -1     0 F F
::
 NUOPC_DriverPrint for PET:           2
   Model, Mediator, and Driver components, in the order
   that they were added to the Driver:
           1 :  advectDiff_Parent
           2 :  advectDiff_Gen1Nestling0
           3 :  advectDiff_Gen1Nestling1
           4 :  advectDiff_Gen2Nestling0
   Connector components, in the order
   that they were added to the Driver:
           1 :  advectDiff_Parent-TO-advectDiff_Gen1Nestling0
           2 :  advectDiff_Parent-TO-advectDiff_Gen1Nestling1
           3 :  advectDiff_Gen1Nestling0-TO-advectDiff_Gen2Nestling0
NUOPC_RunSequenceArrayPrint: element     1 out of      2
runSeq::
 runElementPrint:      1     2     1 F T
 runElementPrint:      1     3     1 F T
 runElementPrint:      1    -1     1 F T
 runElementPrint:     -2     0     0 F T
 runElementPrint:      3    -1     1 F T
 runElementPrint:     -1    -1     0 F F
::
NUOPC_RunSequenceArrayPrint: element     2 out of      2
runSeq::
 runElementPrint:      2     4     1 F T
 runElementPrint:      2    -1     1 F T
 runElementPrint:      4    -1     1 F T
 runElementPrint:     -2    -1     0 F F
::
 NUOPC_DriverPrint for PET:           3
   Model, Mediator, and Driver components, in the order
   that they were added to the Driver:
           1 :  advectDiff_Parent
           2 :  advectDiff_Gen1Nestling0
           3 :  advectDiff_Gen1Nestling1
           4 :  advectDiff_Gen2Nestling0
   Connector components, in the order
   that they were added to the Driver:
           1 :  advectDiff_Parent-TO-advectDiff_Gen1Nestling0
           2 :  advectDiff_Parent-TO-advectDiff_Gen1Nestling1
           3 :  advectDiff_Gen1Nestling0-TO-advectDiff_Gen2Nestling0
NUOPC_RunSequenceArrayPrint: element     1 out of      2
runSeq::
 runElementPrint:      1     2     1 F T
 runElementPrint:      1     3     1 F T
 runElementPrint:      1    -1     1 F T
 runElementPrint:     -2     0     0 F T
 runElementPrint:      3    -1     1 F T
 runElementPrint:     -1    -1     0 F F
::
NUOPC_RunSequenceArrayPrint: element     2 out of      2
runSeq::
 runElementPrint:      2     4     1 F T
 runElementPrint:      2    -1     1 F T
 runElementPrint:      4    -1     1 F T
 runElementPrint:     -2    -1     0 F F
::
