2023-10-18 07:35:43
[1697616630.886811] [h19c46:189977:0]         mxm.c:196  MXM  WARN  The 'ulimit -s' on the system is set to 'unlimited'. This may have negative performance implications. Please set the stack size to the default value (10240) 
[1697616630.891657] [h19c46:189977:0]         mxm.c:196  MXM  WARN  The 'ulimit -s' on the system is set to 'unlimited'. This may have negative performance implications. Please set the stack size to the default value (10240) 
[1697616630.887502] [h19c46:189975:0]         mxm.c:196  MXM  WARN  The 'ulimit -s' on the system is set to 'unlimited'. This may have negative performance implications. Please set the stack size to the default value (10240) 
[1697616630.892362] [h19c46:189975:0]         mxm.c:196  MXM  WARN  The 'ulimit -s' on the system is set to 'unlimited'. This may have negative performance implications. Please set the stack size to the default value (10240) 
[1697616630.895249] [h19c46:189978:0]         mxm.c:196  MXM  WARN  The 'ulimit -s' on the system is set to 'unlimited'. This may have negative performance implications. Please set the stack size to the default value (10240) 
[1697616630.900088] [h19c46:189978:0]         mxm.c:196  MXM  WARN  The 'ulimit -s' on the system is set to 'unlimited'. This may have negative performance implications. Please set the stack size to the default value (10240) 
[1697616630.895286] [h19c46:189976:0]         mxm.c:196  MXM  WARN  The 'ulimit -s' on the system is set to 'unlimited'. This may have negative performance implications. Please set the stack size to the default value (10240) 
[1697616630.900166] [h19c46:189976:0]         mxm.c:196  MXM  WARN  The 'ulimit -s' on the system is set to 'unlimited'. This may have negative performance implications. Please set the stack size to the default value (10240) 
 NUOPC_DriverPrint for PET:           0
   Model, Mediator, and Driver components, in the order
   that they were added to the Driver:
           1 :  ATM
           2 :  OCN
   Connector components, in the order
   that they were added to the Driver:
           1 :  OCN-TO-ATM
           2 :  ATM-TO-OCN
NUOPC_RunSequenceArrayPrint: element     1 out of      2
runSeq::
 runElementPrint:      2     1     1 F T
 runElementPrint:     -2     0     0 F T
 runElementPrint:      1     2     1 F T
 runElementPrint:      2    -1     3 F T
 runElementPrint:     -1    -1     0 F F
::
NUOPC_RunSequenceArrayPrint: element     2 out of      2
runSeq::
 runElementPrint:      1    -1     2 F T
 runElementPrint:      1     2     1 F T
 runElementPrint:      2    -1     2 F T
 runElementPrint:      2     1     1 F T
 runElementPrint:      1    -1     3 F T
 runElementPrint:     -2    -1     0 F F
::
 NUOPC_DriverPrint for PET:           1
   Model, Mediator, and Driver components, in the order
   that they were added to the Driver:
           1 :  ATM
           2 :  OCN
   Connector components, in the order
   that they were added to the Driver:
           1 :  OCN-TO-ATM
           2 :  ATM-TO-OCN
NUOPC_RunSequenceArrayPrint: element     1 out of      2
runSeq::
 runElementPrint:      2     1     1 F T
 runElementPrint:     -2     0     0 F T
 runElementPrint:      1     2     1 F T
 runElementPrint:      2    -1     3 F T
 runElementPrint:     -1    -1     0 F F
::
NUOPC_RunSequenceArrayPrint: element     2 out of      2
runSeq::
 runElementPrint:      1    -1     2 F T
 runElementPrint:      1     2     1 F T
 runElementPrint:      2    -1     2 F T
 runElementPrint:      2     1     1 F T
 runElementPrint:      1    -1     3 F T
 runElementPrint:     -2    -1     0 F F
::
 NUOPC_DriverPrint for PET:           2
   Model, Mediator, and Driver components, in the order
   that they were added to the Driver:
           1 :  ATM
           2 :  OCN
   Connector components, in the order
   that they were added to the Driver:
           1 :  OCN-TO-ATM
           2 :  ATM-TO-OCN
NUOPC_RunSequenceArrayPrint: element     1 out of      2
runSeq::
 runElementPrint:      2     1     1 F T
 runElementPrint:     -2     0     0 F T
 runElementPrint:      1     2     1 F T
 runElementPrint:      2    -1     3 F T
 runElementPrint:     -1    -1     0 F F
::
NUOPC_RunSequenceArrayPrint: element     2 out of      2
runSeq::
 runElementPrint:      1    -1     2 F T
 runElementPrint:      1     2     1 F T
 runElementPrint:      2    -1     2 F T
 runElementPrint:      2     1     1 F T
 runElementPrint:      1    -1     3 F T
 runElementPrint:     -2    -1     0 F F
::
 NUOPC_DriverPrint for PET:           3
   Model, Mediator, and Driver components, in the order
   that they were added to the Driver:
           1 :  ATM
           2 :  OCN
   Connector components, in the order
   that they were added to the Driver:
           1 :  OCN-TO-ATM
           2 :  ATM-TO-OCN
NUOPC_RunSequenceArrayPrint: element     1 out of      2
runSeq::
 runElementPrint:      2     1     1 F T
 runElementPrint:     -2     0     0 F T
 runElementPrint:      1     2     1 F T
 runElementPrint:      2    -1     3 F T
 runElementPrint:     -1    -1     0 F F
::
NUOPC_RunSequenceArrayPrint: element     2 out of      2
runSeq::
 runElementPrint:      1    -1     2 F T
 runElementPrint:      1     2     1 F T
 runElementPrint:      2    -1     2 F T
 runElementPrint:      2     1     1 F T
 runElementPrint:      1    -1     3 F T
 runElementPrint:     -2    -1     0 F F
::
