2023-10-06 11:48:53
20231006 123145.941 INFO             PET0 !!!!!!!!!!!!!!!!!!!!!!!!!!!!!!!!!!!!!!!!!!!!!!!!!!!!!!
20231006 123145.941 INFO             PET0 !!! THE ESMF_LOG IS SET TO OUTPUT ALL LOG MESSAGES !!!
20231006 123145.941 INFO             PET0 !!!     THIS MAY CAUSE SLOWDOWN IN PERFORMANCE     !!!
20231006 123145.941 INFO             PET0 !!! FOR PRODUCTION RUNS, USE:                      !!!
20231006 123145.941 INFO             PET0 !!!                   ESMF_LOGKIND_Multi_On_Error  !!!
20231006 123145.941 INFO             PET0 !!!!!!!!!!!!!!!!!!!!!!!!!!!!!!!!!!!!!!!!!!!!!!!!!!!!!!
20231006 123145.941 INFO             PET0 Running with ESMF Version   : v8.6.0b07-1-ge21e73e41b
20231006 123145.941 INFO             PET0 ESMF library build date/time: "Oct  6 2023" "11:45:48"
20231006 123145.941 INFO             PET0 ESMF library build location : /glade/scratch/theurich/ESMF-Nightly-Testing/gfortran_13.1.0_openmpi_g_fix_abort_trace/esmf
20231006 123145.941 INFO             PET0 ESMF_COMM                   : openmpi
20231006 123145.941 INFO             PET0 ESMF_MOAB                   : enabled
20231006 123145.941 INFO             PET0 ESMF_LAPACK                 : enabled
20231006 123145.941 INFO             PET0 ESMF_NETCDF                 : enabled
20231006 123145.941 INFO             PET0 ESMF_PNETCDF                : disabled
20231006 123145.941 INFO             PET0 ESMF_PIO                    : enabled
20231006 123145.941 INFO             PET0 ESMF_YAMLCPP                : enabled
20231006 123145.942 INFO             PET0 esmApp STARTING
20231006 123145.948 INFO             PET0 esm: InitializeGeneric intro.
20231006 123145.948 INFO             PET0   esm: InitializeP0 intro.
20231006 123145.948 INFO             PET0   esm: InitializeP0 extro.
20231006 123145.948 INFO             PET0   esm: InitializeIPDv02p1 intro.
20231006 123145.948 INFO             PET0     >>>esm: entered Initialize (phase=<none>) without valid internal Clock.
20231006 123145.948 INFO             PET0     esm - Creating model component ATM with petList of size 2 :
20231006 123145.948 INFO             PET0           0      1
20231006 123145.951 INFO             PET0     esm - Creating model component OCN with petList of size 2 :
20231006 123145.951 INFO             PET0           2      3
20231006 123145.951 INFO             PET0     esm - Creating connector component ATM-TO-OCN with petList of size 4 :
20231006 123145.951 INFO             PET0           0      1      2      3
20231006 123145.958 INFO             PET0     esm - Creating connector component OCN-TO-ATM with petList of size 4 :
20231006 123145.958 INFO             PET0           2      3      0      1
20231006 123145.963 INFO             PET0     esm - Creating state: modelComp 1 Import State
20231006 123145.963 INFO             PET0     esm - Creating state: modelComp 1 Export State
20231006 123145.964 INFO             PET0     esm - Creating state: modelComp 2 Import State
20231006 123145.964 INFO             PET0     esm - Creating state: modelComp 2 Export State
20231006 123145.965 INFO             PET0     ATM: InitializeP0 intro.
20231006 123145.966 INFO             PET0     ATM: InitializeP0 extro.
20231006 123145.968 INFO             PET0     ATM-TO-OCN: InitializeP0 intro.
20231006 123145.968 INFO             PET0     ATM-TO-OCN: InitializeP0 extro.
20231006 123145.969 INFO             PET0     OCN-TO-ATM: InitializeP0 intro.
20231006 123145.970 INFO             PET0     OCN-TO-ATM: InitializeP0 extro.
20231006 123145.971 INFO             PET0     esm: IInitAdvertise intro.
20231006 123145.971 INFO             PET0     esm: IInitAdvertise extro.
20231006 123145.971 INFO             PET0     ATM: InitializeIPDvXp01 intro.
20231006 123145.974 INFO             PET0     ATM: InitializeIPDvXp01 extro.
20231006 123145.976 INFO             PET0     ATM-TO-OCN: InitializeIPDv05p1 intro.
20231006 123145.982 INFO             PET0     ATM-TO-OCN: InitializeIPDv05p1 extro.
20231006 123145.985 INFO             PET0     OCN-TO-ATM: InitializeIPDv05p1 intro.
20231006 123145.988 INFO             PET0     OCN-TO-ATM: InitializeIPDv05p1 extro.
20231006 123145.988 INFO             PET0     esm: IInitAdvertiseFinish intro.
20231006 123145.988 INFO             PET0     esm: IInitAdvertiseFinish extro.
20231006 123145.989 INFO             PET0     ATM-TO-OCN: InitializeIPDv05p2a intro.
20231006 123145.995 INFO             PET0     ATM-TO-OCN: InitializeIPDv05p2a extro.
20231006 123145.995 INFO             PET0     OCN-TO-ATM: InitializeIPDv05p2a intro.
20231006 123145.998 INFO             PET0     OCN-TO-ATM: InitializeIPDv05p2a extro.
20231006 123145.999 INFO             PET0     ATM-TO-OCN: InitializeIPDv05p2b intro.
20231006 123146.005 INFO             PET0     ATM-TO-OCN: InitializeIPDv05p2b extro.
20231006 123146.005 INFO             PET0     OCN-TO-ATM: InitializeIPDv05p2b intro.
20231006 123146.008 INFO             PET0     OCN-TO-ATM: InitializeIPDv05p2b extro.
20231006 123146.009 INFO             PET0     esm: IInitModifyCplLists intro.
20231006 123146.009 INFO             PET0       Driver is in ModifyCplLists()
20231006 123146.009 INFO             PET0        Found            2  Connectors. Modifying CplList Attribute....
20231006 123146.009 INFO             PET0     esm: IInitModifyCplLists extro.
20231006 123146.009 INFO             PET0     ATM-TO-OCN: InitializeIPDv05p3 intro.
20231006 123146.016 INFO             PET0     ATM-TO-OCN: InitializeIPDv05p3 extro.
20231006 123146.016 INFO             PET0     OCN-TO-ATM: InitializeIPDv05p3 intro.
20231006 123146.019 INFO             PET0     OCN-TO-ATM: InitializeIPDv05p3 extro.
20231006 123146.020 INFO             PET0     <<<esm: leaving Initialize (phase=<none>) with current time: 2010  6  1  0  0  0   0
20231006 123146.020 INFO             PET0   esm: InitializeIPDv02p1 extro.
20231006 123146.020 INFO             PET0   esm: InitializeIPDv02p3 intro.
20231006 123146.020 INFO             PET0     >>>esm: entered Initialize (phase=<none>) with current time: 2010  6  1  0  0  0   0
20231006 123146.020 INFO             PET0     esm: IInitCheck intro.
20231006 123146.020 INFO             PET0     esm: IInitCheck extro.
20231006 123146.020 INFO             PET0     ATM: InitializeIPDvXp04 intro.
20231006 123146.025 INFO             PET0     ATM: InitializeIPDvXp04 extro.
20231006 123146.027 INFO             PET0     ATM-TO-OCN: InitializeIPDv05p4 intro.
20231006 123146.037 INFO             PET0     ATM-TO-OCN: InitializeIPDv05p4 extro.
20231006 123146.038 INFO             PET0     OCN-TO-ATM: InitializeIPDv05p4 intro.
20231006 123146.043 INFO             PET0     OCN-TO-ATM: InitializeIPDv05p4 extro.
20231006 123146.043 INFO             PET0     ATM-TO-OCN: InitializeIPDv05p5 intro.
20231006 123146.053 INFO             PET0     ATM-TO-OCN: InitializeIPDv05p5 extro.
20231006 123146.053 INFO             PET0     OCN-TO-ATM: InitializeIPDv05p5 intro.
20231006 123146.058 INFO             PET0     OCN-TO-ATM: InitializeIPDv05p5 extro.
20231006 123146.058 INFO             PET0     esm: IInitRealize intro.
20231006 123146.058 INFO             PET0     esm: IInitRealize extro.
20231006 123146.058 INFO             PET0     ATM-TO-OCN: InitializeIPDv05p6a intro.
20231006 123146.068 INFO             PET0     ATM-TO-OCN: InitializeIPDv05p6a extro.
20231006 123146.068 INFO             PET0     OCN-TO-ATM: InitializeIPDv05p6a intro.
20231006 123146.073 INFO             PET0     OCN-TO-ATM: InitializeIPDv05p6a extro.
20231006 123146.073 INFO             PET0     ATM-TO-OCN: InitializeIPDv05p6b intro.
20231006 123146.168 INFO             PET0     ATM-TO-OCN: InitializeIPDv05p6b extro.
20231006 123146.168 INFO             PET0     OCN-TO-ATM: InitializeIPDv05p6b intro.
20231006 123146.245 INFO             PET0     OCN-TO-ATM: InitializeIPDv05p6b extro.
20231006 123146.245 INFO             PET0     ATM: InitializeIPDvXp07 intro.
20231006 123146.245 INFO             PET0     ATM: InitializeIPDvXp07 extro.
20231006 123146.245 INFO             PET0     <<<esm: leaving Initialize (phase=<none>) with current time: 2010  6  1  0  0  0   0
20231006 123146.245 INFO             PET0   esm: InitializeIPDv02p3 extro.
20231006 123146.245 INFO             PET0   esm: InitializeIPDv02p5 intro.
20231006 123146.245 INFO             PET0     >>>esm: entered Initialize (phase=<none>) with current time: 2010  6  1  0  0  0   0
20231006 123146.245 INFO             PET0     esm: this is a top level driver, no 'Updated' and 'InitializeDataComplete' info on this level.
20231006 123146.245 INFO             PET0     esm: InitializeIPDv02p5Data intro.
20231006 123146.246 INFO             PET0       esm: InternalInitializeComplete intro.
20231006 123146.246 INFO             PET0         esm: InitializeDataComplete='true'
20231006 123146.246 INFO             PET0       esm: InternalInitializeComplete extro.
20231006 123146.246 INFO             PET0       ATM: InitializeIPDv01p5 intro.
20231006 123146.246 INFO             PET0       ATM: InitializeIPDv01p5 extro.
20231006 123146.247 INFO             PET0       esm: components present that trigger loopDataDependentInitialize().
20231006 123146.248 INFO             PET0       esm: loopDataDependentInitialize intro.
20231006 123146.248 INFO             PET0         esm: component    0=esm, dataComplete (local): true
20231006 123146.248 INFO             PET0         esm: component    0=esm, dataComplete (global): T
20231006 123146.248 INFO             PET0         esm: component    1=ATM, dataComplete (local): true
20231006 123146.248 INFO             PET0         esm: component    1=ATM, dataComplete (global): T
20231006 123146.248 INFO             PET0         esm: component    2=OCN, dataComplete (local): true
20231006 123146.248 INFO             PET0         esm: component    2=OCN, dataComplete (global): T
20231006 123146.248 INFO             PET0         esm: someProgress=F, allComplete=T, present(dataDepAllComplete)=T
20231006 123146.248 INFO             PET0         esm: finished resolving initialize data dependencies on this level.
20231006 123146.248 INFO             PET0       esm: loopDataDependentInitialize extro.
20231006 123146.248 INFO             PET0       esm: loopDataDependentInitialize() returned with dataDepAllComplete: T
20231006 123146.248 INFO             PET0     esm: InitializeIPDv02p5Data extro.
20231006 123146.248 INFO             PET0     <<<esm: leaving Initialize (phase=<none>) with current time: 2010  6  1  0  0  0   0
20231006 123146.248 INFO             PET0   esm: InitializeIPDv02p5 extro.
20231006 123146.248 INFO             PET0 esm: InitializeGeneric extro.
20231006 123146.248 INFO             PET0 esm: Run intro.
20231006 123146.248 INFO             PET0   >>>esm entered Run (phase=RunPhase1) with current time: 2010  6  1  0  0  0   0
20231006 123146.248 INFO             PET0   esm: after lable_SetRunClock, current time: 2010  6  1  0  0  0   0
20231006 123146.248 INFO             PET0   esm: begin -------> RunSequence.
20231006 123146.248 INFO             PET0     esm: RunSequence event loopLevel=   1  levelMember=   1  loopIteration=   1, current time: 2010  6  1  0  0  0   0
20231006 123146.248 INFO             PET0     ATM-TO-OCN: Run intro.
20231006 123146.249 INFO             PET0     ATM-TO-OCN: Run extro.
20231006 123146.249 INFO             PET0     OCN-TO-ATM: Run intro.
20231006 123146.249 INFO             PET0     OCN-TO-ATM: Run extro.
20231006 123146.249 INFO             PET0     ATM: Run intro.
20231006 123146.250 INFO             PET0       ------>Advancing ATM from: 2010  6  1  0  0  0   0
20231006 123146.250 INFO             PET0       ---------------------> to: 2010  6  1  0 15  0   0
20231006 123146.250 INFO             PET0     ATM: Run extro.
20231006 123146.250 INFO             PET0     esm: RunSequence event loopLevel=   1  levelMember=   1  loopIteration=   2, current time: 2010  6  1  0 15  0   0
20231006 123146.250 INFO             PET0     ATM-TO-OCN: Run intro.
20231006 123146.250 INFO             PET0     ATM-TO-OCN: Run extro.
20231006 123146.250 INFO             PET0     OCN-TO-ATM: Run intro.
20231006 123146.276 INFO             PET0     OCN-TO-ATM: Run extro.
20231006 123146.276 INFO             PET0     ATM: Run intro.
20231006 123146.276 INFO             PET0       ------>Advancing ATM from: 2010  6  1  0 15  0   0
20231006 123146.276 INFO             PET0       ---------------------> to: 2010  6  1  0 30  0   0
20231006 123146.276 INFO             PET0     ATM: Run extro.
20231006 123146.276 INFO             PET0     esm: RunSequence event loopLevel=   1  levelMember=   1  loopIteration=   3, current time: 2010  6  1  0 30  0   0
20231006 123146.277 INFO             PET0     ATM-TO-OCN: Run intro.
20231006 123146.277 INFO             PET0     ATM-TO-OCN: Run extro.
20231006 123146.277 INFO             PET0     OCN-TO-ATM: Run intro.
20231006 123146.285 INFO             PET0     OCN-TO-ATM: Run extro.
20231006 123146.285 INFO             PET0     ATM: Run intro.
20231006 123146.285 INFO             PET0       ------>Advancing ATM from: 2010  6  1  0 30  0   0
20231006 123146.285 INFO             PET0       ---------------------> to: 2010  6  1  0 45  0   0
20231006 123146.285 INFO             PET0     ATM: Run extro.
20231006 123146.285 INFO             PET0     esm: RunSequence event loopLevel=   1  levelMember=   1  loopIteration=   4, current time: 2010  6  1  0 45  0   0
20231006 123146.285 INFO             PET0     ATM-TO-OCN: Run intro.
20231006 123146.286 INFO             PET0     ATM-TO-OCN: Run extro.
20231006 123146.286 INFO             PET0     OCN-TO-ATM: Run intro.
20231006 123146.293 INFO             PET0     OCN-TO-ATM: Run extro.
20231006 123146.293 INFO             PET0     ATM: Run intro.
20231006 123146.293 INFO             PET0       ------>Advancing ATM from: 2010  6  1  0 45  0   0
20231006 123146.293 INFO             PET0       ---------------------> to: 2010  6  1  1  0  0   0
20231006 123146.293 INFO             PET0     ATM: Run extro.
20231006 123146.293 INFO             PET0   esm: end <--------- RunSequence
20231006 123146.293 INFO             PET0   <<<esm - leaving Run with current time: 2010  6  1  1  0  0   0
20231006 123146.293 INFO             PET0 esm: Run extro.
20231006 123146.293 INFO             PET0 esm: Finalize intro.
20231006 123146.293 INFO             PET0   Calling Finalize phase 1 for connectorComp: ATM-TO-OCN
20231006 123146.294 INFO             PET0   ATM-TO-OCN: Finalize intro.
20231006 123146.294 INFO             PET0   ATM-TO-OCN: Finalize extro.
20231006 123146.294 INFO             PET0   Calling Finalize phase 1 for connectorComp: OCN-TO-ATM
20231006 123146.294 INFO             PET0   OCN-TO-ATM: Finalize intro.
20231006 123146.294 INFO             PET0   OCN-TO-ATM: Finalize extro.
20231006 123146.294 INFO             PET0   Calling Finalize phase 1 for modelComp: ATM
20231006 123146.294 INFO             PET0   ATM: Finalize intro.
20231006 123146.294 INFO             PET0   ATM: Finalize extro.
20231006 123146.294 INFO             PET0   Calling Finalize phase 1 for modelComp: OCN
20231006 123146.294 INFO             PET0   Delete modelComp: ATM
20231006 123146.294 INFO             PET0   Delete Import-/Export State for modelComp: ATM
20231006 123146.294 INFO             PET0   Delete modelComp: OCN
20231006 123146.294 INFO             PET0   Delete Import-/Export State for modelComp: OCN
20231006 123146.294 INFO             PET0   Delete connectorComp: ATM-TO-OCN
20231006 123146.294 INFO             PET0   Delete connectorComp: OCN-TO-ATM
20231006 123146.294 INFO             PET0 esm: Finalize extro.
20231006 123146.294 INFO             PET0 esmApp FINISHED
20231006 123146.294 INFO             PET0 Finalizing ESMF
20231006 123145.942 INFO             PET1 !!!!!!!!!!!!!!!!!!!!!!!!!!!!!!!!!!!!!!!!!!!!!!!!!!!!!!
20231006 123145.942 INFO             PET1 !!! THE ESMF_LOG IS SET TO OUTPUT ALL LOG MESSAGES !!!
20231006 123145.942 INFO             PET1 !!!     THIS MAY CAUSE SLOWDOWN IN PERFORMANCE     !!!
20231006 123145.942 INFO             PET1 !!! FOR PRODUCTION RUNS, USE:                      !!!
20231006 123145.942 INFO             PET1 !!!                   ESMF_LOGKIND_Multi_On_Error  !!!
20231006 123145.942 INFO             PET1 !!!!!!!!!!!!!!!!!!!!!!!!!!!!!!!!!!!!!!!!!!!!!!!!!!!!!!
20231006 123145.942 INFO             PET1 Running with ESMF Version   : v8.6.0b07-1-ge21e73e41b
20231006 123145.942 INFO             PET1 ESMF library build date/time: "Oct  6 2023" "11:45:48"
20231006 123145.942 INFO             PET1 ESMF library build location : /glade/scratch/theurich/ESMF-Nightly-Testing/gfortran_13.1.0_openmpi_g_fix_abort_trace/esmf
20231006 123145.942 INFO             PET1 ESMF_COMM                   : openmpi
20231006 123145.942 INFO             PET1 ESMF_MOAB                   : enabled
20231006 123145.942 INFO             PET1 ESMF_LAPACK                 : enabled
20231006 123145.942 INFO             PET1 ESMF_NETCDF                 : enabled
20231006 123145.942 INFO             PET1 ESMF_PNETCDF                : disabled
20231006 123145.942 INFO             PET1 ESMF_PIO                    : enabled
20231006 123145.942 INFO             PET1 ESMF_YAMLCPP                : enabled
20231006 123145.942 INFO             PET1 esmApp STARTING
20231006 123145.948 INFO             PET1 esm: InitializeGeneric intro.
20231006 123145.948 INFO             PET1   esm: InitializeP0 intro.
20231006 123145.948 INFO             PET1   esm: InitializeP0 extro.
20231006 123145.948 INFO             PET1   esm: InitializeIPDv02p1 intro.
20231006 123145.948 INFO             PET1     >>>esm: entered Initialize (phase=<none>) without valid internal Clock.
20231006 123145.948 INFO             PET1     esm - Creating model component ATM with petList of size 2 :
20231006 123145.948 INFO             PET1           0      1
20231006 123145.951 INFO             PET1     esm - Creating model component OCN with petList of size 2 :
20231006 123145.951 INFO             PET1           2      3
20231006 123145.951 INFO             PET1     esm - Creating connector component ATM-TO-OCN with petList of size 4 :
20231006 123145.951 INFO             PET1           0      1      2      3
20231006 123145.958 INFO             PET1     esm - Creating connector component OCN-TO-ATM with petList of size 4 :
20231006 123145.958 INFO             PET1           2      3      0      1
20231006 123145.963 INFO             PET1     esm - Creating state: modelComp 1 Import State
20231006 123145.963 INFO             PET1     esm - Creating state: modelComp 1 Export State
20231006 123145.964 INFO             PET1     esm - Creating state: modelComp 2 Import State
20231006 123145.964 INFO             PET1     esm - Creating state: modelComp 2 Export State
20231006 123145.965 INFO             PET1     ATM: InitializeP0 intro.
20231006 123145.966 INFO             PET1     ATM: InitializeP0 extro.
20231006 123145.968 INFO             PET1     ATM-TO-OCN: InitializeP0 intro.
20231006 123145.969 INFO             PET1     ATM-TO-OCN: InitializeP0 extro.
20231006 123145.969 INFO             PET1     OCN-TO-ATM: InitializeP0 intro.
20231006 123145.970 INFO             PET1     OCN-TO-ATM: InitializeP0 extro.
20231006 123145.971 INFO             PET1     esm: IInitAdvertise intro.
20231006 123145.971 INFO             PET1     esm: IInitAdvertise extro.
20231006 123145.972 INFO             PET1     ATM: InitializeIPDvXp01 intro.
20231006 123145.974 INFO             PET1     ATM: InitializeIPDvXp01 extro.
20231006 123145.976 INFO             PET1     ATM-TO-OCN: InitializeIPDv05p1 intro.
20231006 123145.982 INFO             PET1     ATM-TO-OCN: InitializeIPDv05p1 extro.
20231006 123145.985 INFO             PET1     OCN-TO-ATM: InitializeIPDv05p1 intro.
20231006 123145.988 INFO             PET1     OCN-TO-ATM: InitializeIPDv05p1 extro.
20231006 123145.988 INFO             PET1     esm: IInitAdvertiseFinish intro.
20231006 123145.988 INFO             PET1     esm: IInitAdvertiseFinish extro.
20231006 123145.989 INFO             PET1     ATM-TO-OCN: InitializeIPDv05p2a intro.
20231006 123145.995 INFO             PET1     ATM-TO-OCN: InitializeIPDv05p2a extro.
20231006 123145.995 INFO             PET1     OCN-TO-ATM: InitializeIPDv05p2a intro.
20231006 123145.998 INFO             PET1     OCN-TO-ATM: InitializeIPDv05p2a extro.
20231006 123145.999 INFO             PET1     ATM-TO-OCN: InitializeIPDv05p2b intro.
20231006 123146.005 INFO             PET1     ATM-TO-OCN: InitializeIPDv05p2b extro.
20231006 123146.005 INFO             PET1     OCN-TO-ATM: InitializeIPDv05p2b intro.
20231006 123146.008 INFO             PET1     OCN-TO-ATM: InitializeIPDv05p2b extro.
20231006 123146.009 INFO             PET1     esm: IInitModifyCplLists intro.
20231006 123146.009 INFO             PET1       Driver is in ModifyCplLists()
20231006 123146.009 INFO             PET1        Found            2  Connectors. Modifying CplList Attribute....
20231006 123146.009 INFO             PET1     esm: IInitModifyCplLists extro.
20231006 123146.009 INFO             PET1     ATM-TO-OCN: InitializeIPDv05p3 intro.
20231006 123146.016 INFO             PET1     ATM-TO-OCN: InitializeIPDv05p3 extro.
20231006 123146.016 INFO             PET1     OCN-TO-ATM: InitializeIPDv05p3 intro.
20231006 123146.019 INFO             PET1     OCN-TO-ATM: InitializeIPDv05p3 extro.
20231006 123146.020 INFO             PET1     <<<esm: leaving Initialize (phase=<none>) with current time: 2010  6  1  0  0  0   0
20231006 123146.020 INFO             PET1   esm: InitializeIPDv02p1 extro.
20231006 123146.020 INFO             PET1   esm: InitializeIPDv02p3 intro.
20231006 123146.020 INFO             PET1     >>>esm: entered Initialize (phase=<none>) with current time: 2010  6  1  0  0  0   0
20231006 123146.020 INFO             PET1     esm: IInitCheck intro.
20231006 123146.020 INFO             PET1     esm: IInitCheck extro.
20231006 123146.020 INFO             PET1     ATM: InitializeIPDvXp04 intro.
20231006 123146.025 INFO             PET1     ATM: InitializeIPDvXp04 extro.
20231006 123146.027 INFO             PET1     ATM-TO-OCN: InitializeIPDv05p4 intro.
20231006 123146.037 INFO             PET1     ATM-TO-OCN: InitializeIPDv05p4 extro.
20231006 123146.038 INFO             PET1     OCN-TO-ATM: InitializeIPDv05p4 intro.
20231006 123146.043 INFO             PET1     OCN-TO-ATM: InitializeIPDv05p4 extro.
20231006 123146.043 INFO             PET1     ATM-TO-OCN: InitializeIPDv05p5 intro.
20231006 123146.053 INFO             PET1     ATM-TO-OCN: InitializeIPDv05p5 extro.
20231006 123146.053 INFO             PET1     OCN-TO-ATM: InitializeIPDv05p5 intro.
20231006 123146.058 INFO             PET1     OCN-TO-ATM: InitializeIPDv05p5 extro.
20231006 123146.058 INFO             PET1     esm: IInitRealize intro.
20231006 123146.058 INFO             PET1     esm: IInitRealize extro.
20231006 123146.058 INFO             PET1     ATM-TO-OCN: InitializeIPDv05p6a intro.
20231006 123146.068 INFO             PET1     ATM-TO-OCN: InitializeIPDv05p6a extro.
20231006 123146.068 INFO             PET1     OCN-TO-ATM: InitializeIPDv05p6a intro.
20231006 123146.073 INFO             PET1     OCN-TO-ATM: InitializeIPDv05p6a extro.
20231006 123146.073 INFO             PET1     ATM-TO-OCN: InitializeIPDv05p6b intro.
20231006 123146.168 INFO             PET1     ATM-TO-OCN: InitializeIPDv05p6b extro.
20231006 123146.168 INFO             PET1     OCN-TO-ATM: InitializeIPDv05p6b intro.
20231006 123146.245 INFO             PET1     OCN-TO-ATM: InitializeIPDv05p6b extro.
20231006 123146.245 INFO             PET1     ATM: InitializeIPDvXp07 intro.
20231006 123146.245 INFO             PET1     ATM: InitializeIPDvXp07 extro.
20231006 123146.245 INFO             PET1     <<<esm: leaving Initialize (phase=<none>) with current time: 2010  6  1  0  0  0   0
20231006 123146.245 INFO             PET1   esm: InitializeIPDv02p3 extro.
20231006 123146.245 INFO             PET1   esm: InitializeIPDv02p5 intro.
20231006 123146.245 INFO             PET1     >>>esm: entered Initialize (phase=<none>) with current time: 2010  6  1  0  0  0   0
20231006 123146.245 INFO             PET1     esm: this is a top level driver, no 'Updated' and 'InitializeDataComplete' info on this level.
20231006 123146.245 INFO             PET1     esm: InitializeIPDv02p5Data intro.
20231006 123146.246 INFO             PET1       esm: InternalInitializeComplete intro.
20231006 123146.246 INFO             PET1         esm: InitializeDataComplete='true'
20231006 123146.246 INFO             PET1       esm: InternalInitializeComplete extro.
20231006 123146.246 INFO             PET1       ATM: InitializeIPDv01p5 intro.
20231006 123146.246 INFO             PET1       ATM: InitializeIPDv01p5 extro.
20231006 123146.247 INFO             PET1       esm: components present that trigger loopDataDependentInitialize().
20231006 123146.248 INFO             PET1       esm: loopDataDependentInitialize intro.
20231006 123146.248 INFO             PET1         esm: component    0=esm, dataComplete (local): true
20231006 123146.248 INFO             PET1         esm: component    0=esm, dataComplete (global): T
20231006 123146.248 INFO             PET1         esm: component    1=ATM, dataComplete (local): true
20231006 123146.248 INFO             PET1         esm: component    1=ATM, dataComplete (global): T
20231006 123146.248 INFO             PET1         esm: component    2=OCN, dataComplete (local): true
20231006 123146.248 INFO             PET1         esm: component    2=OCN, dataComplete (global): T
20231006 123146.248 INFO             PET1         esm: someProgress=F, allComplete=T, present(dataDepAllComplete)=T
20231006 123146.248 INFO             PET1         esm: finished resolving initialize data dependencies on this level.
20231006 123146.248 INFO             PET1       esm: loopDataDependentInitialize extro.
20231006 123146.248 INFO             PET1       esm: loopDataDependentInitialize() returned with dataDepAllComplete: T
20231006 123146.248 INFO             PET1     esm: InitializeIPDv02p5Data extro.
20231006 123146.248 INFO             PET1     <<<esm: leaving Initialize (phase=<none>) with current time: 2010  6  1  0  0  0   0
20231006 123146.248 INFO             PET1   esm: InitializeIPDv02p5 extro.
20231006 123146.248 INFO             PET1 esm: InitializeGeneric extro.
20231006 123146.248 INFO             PET1 esm: Run intro.
20231006 123146.248 INFO             PET1   >>>esm entered Run (phase=RunPhase1) with current time: 2010  6  1  0  0  0   0
20231006 123146.248 INFO             PET1   esm: after lable_SetRunClock, current time: 2010  6  1  0  0  0   0
20231006 123146.248 INFO             PET1   esm: begin -------> RunSequence.
20231006 123146.248 INFO             PET1     esm: RunSequence event loopLevel=   1  levelMember=   1  loopIteration=   1, current time: 2010  6  1  0  0  0   0
20231006 123146.248 INFO             PET1     ATM-TO-OCN: Run intro.
20231006 123146.249 INFO             PET1     ATM-TO-OCN: Run extro.
20231006 123146.249 INFO             PET1     OCN-TO-ATM: Run intro.
20231006 123146.249 INFO             PET1     OCN-TO-ATM: Run extro.
20231006 123146.249 INFO             PET1     ATM: Run intro.
20231006 123146.250 INFO             PET1       ------>Advancing ATM from: 2010  6  1  0  0  0   0
20231006 123146.250 INFO             PET1       ---------------------> to: 2010  6  1  0 15  0   0
20231006 123146.250 INFO             PET1     ATM: Run extro.
20231006 123146.250 INFO             PET1     esm: RunSequence event loopLevel=   1  levelMember=   1  loopIteration=   2, current time: 2010  6  1  0 15  0   0
20231006 123146.250 INFO             PET1     ATM-TO-OCN: Run intro.
20231006 123146.250 INFO             PET1     ATM-TO-OCN: Run extro.
20231006 123146.250 INFO             PET1     OCN-TO-ATM: Run intro.
20231006 123146.276 INFO             PET1     OCN-TO-ATM: Run extro.
20231006 123146.276 INFO             PET1     ATM: Run intro.
20231006 123146.276 INFO             PET1       ------>Advancing ATM from: 2010  6  1  0 15  0   0
20231006 123146.276 INFO             PET1       ---------------------> to: 2010  6  1  0 30  0   0
20231006 123146.276 INFO             PET1     ATM: Run extro.
20231006 123146.276 INFO             PET1     esm: RunSequence event loopLevel=   1  levelMember=   1  loopIteration=   3, current time: 2010  6  1  0 30  0   0
20231006 123146.277 INFO             PET1     ATM-TO-OCN: Run intro.
20231006 123146.277 INFO             PET1     ATM-TO-OCN: Run extro.
20231006 123146.277 INFO             PET1     OCN-TO-ATM: Run intro.
20231006 123146.285 INFO             PET1     OCN-TO-ATM: Run extro.
20231006 123146.285 INFO             PET1     ATM: Run intro.
20231006 123146.285 INFO             PET1       ------>Advancing ATM from: 2010  6  1  0 30  0   0
20231006 123146.285 INFO             PET1       ---------------------> to: 2010  6  1  0 45  0   0
20231006 123146.285 INFO             PET1     ATM: Run extro.
20231006 123146.285 INFO             PET1     esm: RunSequence event loopLevel=   1  levelMember=   1  loopIteration=   4, current time: 2010  6  1  0 45  0   0
20231006 123146.285 INFO             PET1     ATM-TO-OCN: Run intro.
20231006 123146.286 INFO             PET1     ATM-TO-OCN: Run extro.
20231006 123146.286 INFO             PET1     OCN-TO-ATM: Run intro.
20231006 123146.293 INFO             PET1     OCN-TO-ATM: Run extro.
20231006 123146.293 INFO             PET1     ATM: Run intro.
20231006 123146.293 INFO             PET1       ------>Advancing ATM from: 2010  6  1  0 45  0   0
20231006 123146.293 INFO             PET1       ---------------------> to: 2010  6  1  1  0  0   0
20231006 123146.293 INFO             PET1     ATM: Run extro.
20231006 123146.293 INFO             PET1   esm: end <--------- RunSequence
20231006 123146.293 INFO             PET1   <<<esm - leaving Run with current time: 2010  6  1  1  0  0   0
20231006 123146.293 INFO             PET1 esm: Run extro.
20231006 123146.293 INFO             PET1 esm: Finalize intro.
20231006 123146.293 INFO             PET1   Calling Finalize phase 1 for connectorComp: ATM-TO-OCN
20231006 123146.294 INFO             PET1   ATM-TO-OCN: Finalize intro.
20231006 123146.294 INFO             PET1   ATM-TO-OCN: Finalize extro.
20231006 123146.294 INFO             PET1   Calling Finalize phase 1 for connectorComp: OCN-TO-ATM
20231006 123146.294 INFO             PET1   OCN-TO-ATM: Finalize intro.
20231006 123146.294 INFO             PET1   OCN-TO-ATM: Finalize extro.
20231006 123146.294 INFO             PET1   Calling Finalize phase 1 for modelComp: ATM
20231006 123146.294 INFO             PET1   ATM: Finalize intro.
20231006 123146.294 INFO             PET1   ATM: Finalize extro.
20231006 123146.294 INFO             PET1   Calling Finalize phase 1 for modelComp: OCN
20231006 123146.294 INFO             PET1   Delete modelComp: ATM
20231006 123146.294 INFO             PET1   Delete Import-/Export State for modelComp: ATM
20231006 123146.294 INFO             PET1   Delete modelComp: OCN
20231006 123146.294 INFO             PET1   Delete Import-/Export State for modelComp: OCN
20231006 123146.294 INFO             PET1   Delete connectorComp: ATM-TO-OCN
20231006 123146.294 INFO             PET1   Delete connectorComp: OCN-TO-ATM
20231006 123146.294 INFO             PET1 esm: Finalize extro.
20231006 123146.294 INFO             PET1 esmApp FINISHED
20231006 123146.294 INFO             PET1 Finalizing ESMF
20231006 123145.941 INFO             PET2 !!!!!!!!!!!!!!!!!!!!!!!!!!!!!!!!!!!!!!!!!!!!!!!!!!!!!!
20231006 123145.941 INFO             PET2 !!! THE ESMF_LOG IS SET TO OUTPUT ALL LOG MESSAGES !!!
20231006 123145.941 INFO             PET2 !!!     THIS MAY CAUSE SLOWDOWN IN PERFORMANCE     !!!
20231006 123145.941 INFO             PET2 !!! FOR PRODUCTION RUNS, USE:                      !!!
20231006 123145.941 INFO             PET2 !!!                   ESMF_LOGKIND_Multi_On_Error  !!!
20231006 123145.941 INFO             PET2 !!!!!!!!!!!!!!!!!!!!!!!!!!!!!!!!!!!!!!!!!!!!!!!!!!!!!!
20231006 123145.941 INFO             PET2 Running with ESMF Version   : v8.6.0b07-1-ge21e73e41b
20231006 123145.941 INFO             PET2 ESMF library build date/time: "Oct  6 2023" "11:45:48"
20231006 123145.941 INFO             PET2 ESMF library build location : /glade/scratch/theurich/ESMF-Nightly-Testing/gfortran_13.1.0_openmpi_g_fix_abort_trace/esmf
20231006 123145.941 INFO             PET2 ESMF_COMM                   : openmpi
20231006 123145.941 INFO             PET2 ESMF_MOAB                   : enabled
20231006 123145.941 INFO             PET2 ESMF_LAPACK                 : enabled
20231006 123145.941 INFO             PET2 ESMF_NETCDF                 : enabled
20231006 123145.941 INFO             PET2 ESMF_PNETCDF                : disabled
20231006 123145.941 INFO             PET2 ESMF_PIO                    : enabled
20231006 123145.941 INFO             PET2 ESMF_YAMLCPP                : enabled
20231006 123145.942 INFO             PET2 esmApp STARTING
20231006 123145.948 INFO             PET2 esm: InitializeGeneric intro.
20231006 123145.948 INFO             PET2   esm: InitializeP0 intro.
20231006 123145.948 INFO             PET2   esm: InitializeP0 extro.
20231006 123145.948 INFO             PET2   esm: InitializeIPDv02p1 intro.
20231006 123145.948 INFO             PET2     >>>esm: entered Initialize (phase=<none>) without valid internal Clock.
20231006 123145.948 INFO             PET2     esm - Creating model component ATM with petList of size 2 :
20231006 123145.948 INFO             PET2           0      1
20231006 123145.951 INFO             PET2     esm - Creating model component OCN with petList of size 2 :
20231006 123145.951 INFO             PET2           2      3
20231006 123145.954 INFO             PET2     esm - Creating connector component ATM-TO-OCN with petList of size 4 :
20231006 123145.954 INFO             PET2           0      1      2      3
20231006 123145.958 INFO             PET2     esm - Creating connector component OCN-TO-ATM with petList of size 4 :
20231006 123145.958 INFO             PET2           2      3      0      1
20231006 123145.963 INFO             PET2     esm - Creating state: modelComp 1 Import State
20231006 123145.963 INFO             PET2     esm - Creating state: modelComp 1 Export State
20231006 123145.964 INFO             PET2     esm - Creating state: modelComp 2 Import State
20231006 123145.964 INFO             PET2     esm - Creating state: modelComp 2 Export State
20231006 123145.965 INFO             PET2     OCN: InitializeP0 intro.
20231006 123145.966 INFO             PET2     OCN: InitializeP0 extro.
20231006 123145.968 INFO             PET2     ATM-TO-OCN: InitializeP0 intro.
20231006 123145.968 INFO             PET2     ATM-TO-OCN: InitializeP0 extro.
20231006 123145.969 INFO             PET2     OCN-TO-ATM: InitializeP0 intro.
20231006 123145.970 INFO             PET2     OCN-TO-ATM: InitializeP0 extro.
20231006 123145.971 INFO             PET2     esm: IInitAdvertise intro.
20231006 123145.971 INFO             PET2     esm: IInitAdvertise extro.
20231006 123145.971 INFO             PET2     OCN: InitializeIPDvXp01 intro.
20231006 123145.974 INFO             PET2     OCN: InitializeIPDvXp01 extro.
20231006 123145.976 INFO             PET2     ATM-TO-OCN: InitializeIPDv05p1 intro.
20231006 123145.982 INFO             PET2     ATM-TO-OCN: InitializeIPDv05p1 extro.
20231006 123145.984 INFO             PET2     OCN-TO-ATM: InitializeIPDv05p1 intro.
20231006 123145.988 INFO             PET2     OCN-TO-ATM: InitializeIPDv05p1 extro.
20231006 123145.988 INFO             PET2     esm: IInitAdvertiseFinish intro.
20231006 123145.988 INFO             PET2     esm: IInitAdvertiseFinish extro.
20231006 123145.989 INFO             PET2     ATM-TO-OCN: InitializeIPDv05p2a intro.
20231006 123145.995 INFO             PET2     ATM-TO-OCN: InitializeIPDv05p2a extro.
20231006 123145.995 INFO             PET2     OCN-TO-ATM: InitializeIPDv05p2a intro.
20231006 123145.998 INFO             PET2     OCN-TO-ATM: InitializeIPDv05p2a extro.
20231006 123145.999 INFO             PET2     ATM-TO-OCN: InitializeIPDv05p2b intro.
20231006 123146.005 INFO             PET2     ATM-TO-OCN: InitializeIPDv05p2b extro.
20231006 123146.005 INFO             PET2     OCN-TO-ATM: InitializeIPDv05p2b intro.
20231006 123146.008 INFO             PET2     OCN-TO-ATM: InitializeIPDv05p2b extro.
20231006 123146.009 INFO             PET2     esm: IInitModifyCplLists intro.
20231006 123146.009 INFO             PET2       Driver is in ModifyCplLists()
20231006 123146.009 INFO             PET2        Found            2  Connectors. Modifying CplList Attribute....
20231006 123146.009 INFO             PET2     esm: IInitModifyCplLists extro.
20231006 123146.009 INFO             PET2     ATM-TO-OCN: InitializeIPDv05p3 intro.
20231006 123146.016 INFO             PET2     ATM-TO-OCN: InitializeIPDv05p3 extro.
20231006 123146.016 INFO             PET2     OCN-TO-ATM: InitializeIPDv05p3 intro.
20231006 123146.019 INFO             PET2     OCN-TO-ATM: InitializeIPDv05p3 extro.
20231006 123146.020 INFO             PET2     <<<esm: leaving Initialize (phase=<none>) with current time: 2010  6  1  0  0  0   0
20231006 123146.020 INFO             PET2   esm: InitializeIPDv02p1 extro.
20231006 123146.020 INFO             PET2   esm: InitializeIPDv02p3 intro.
20231006 123146.020 INFO             PET2     >>>esm: entered Initialize (phase=<none>) with current time: 2010  6  1  0  0  0   0
20231006 123146.020 INFO             PET2     esm: IInitCheck intro.
20231006 123146.020 INFO             PET2     esm: IInitCheck extro.
20231006 123146.020 INFO             PET2     OCN: InitializeIPDvXp04 intro.
20231006 123146.025 INFO             PET2     OCN: InitializeIPDvXp04 extro.
20231006 123146.027 INFO             PET2     ATM-TO-OCN: InitializeIPDv05p4 intro.
20231006 123146.037 INFO             PET2     ATM-TO-OCN: InitializeIPDv05p4 extro.
20231006 123146.038 INFO             PET2     OCN-TO-ATM: InitializeIPDv05p4 intro.
20231006 123146.043 INFO             PET2     OCN-TO-ATM: InitializeIPDv05p4 extro.
20231006 123146.043 INFO             PET2     ATM-TO-OCN: InitializeIPDv05p5 intro.
20231006 123146.053 INFO             PET2     ATM-TO-OCN: InitializeIPDv05p5 extro.
20231006 123146.053 INFO             PET2     OCN-TO-ATM: InitializeIPDv05p5 intro.
20231006 123146.058 INFO             PET2     OCN-TO-ATM: InitializeIPDv05p5 extro.
20231006 123146.058 INFO             PET2     esm: IInitRealize intro.
20231006 123146.058 INFO             PET2     esm: IInitRealize extro.
20231006 123146.058 INFO             PET2     ATM-TO-OCN: InitializeIPDv05p6a intro.
20231006 123146.068 INFO             PET2     ATM-TO-OCN: InitializeIPDv05p6a extro.
20231006 123146.068 INFO             PET2     OCN-TO-ATM: InitializeIPDv05p6a intro.
20231006 123146.073 INFO             PET2     OCN-TO-ATM: InitializeIPDv05p6a extro.
20231006 123146.073 INFO             PET2     ATM-TO-OCN: InitializeIPDv05p6b intro.
20231006 123146.168 INFO             PET2     ATM-TO-OCN: InitializeIPDv05p6b extro.
20231006 123146.168 INFO             PET2     OCN-TO-ATM: InitializeIPDv05p6b intro.
20231006 123146.245 INFO             PET2     OCN-TO-ATM: InitializeIPDv05p6b extro.
20231006 123146.245 INFO             PET2     OCN: InitializeIPDvXp07 intro.
20231006 123146.245 INFO             PET2     OCN: InitializeIPDvXp07 extro.
20231006 123146.245 INFO             PET2     <<<esm: leaving Initialize (phase=<none>) with current time: 2010  6  1  0  0  0   0
20231006 123146.245 INFO             PET2   esm: InitializeIPDv02p3 extro.
20231006 123146.245 INFO             PET2   esm: InitializeIPDv02p5 intro.
20231006 123146.245 INFO             PET2     >>>esm: entered Initialize (phase=<none>) with current time: 2010  6  1  0  0  0   0
20231006 123146.245 INFO             PET2     esm: this is a top level driver, no 'Updated' and 'InitializeDataComplete' info on this level.
20231006 123146.245 INFO             PET2     esm: InitializeIPDv02p5Data intro.
20231006 123146.246 INFO             PET2       esm: InternalInitializeComplete intro.
20231006 123146.246 INFO             PET2         esm: InitializeDataComplete='true'
20231006 123146.246 INFO             PET2       esm: InternalInitializeComplete extro.
20231006 123146.246 INFO             PET2       OCN: InitializeIPDv01p5 intro.
20231006 123146.246 INFO             PET2       OCN: InitializeIPDv01p5 extro.
20231006 123146.247 INFO             PET2       esm: components present that trigger loopDataDependentInitialize().
20231006 123146.248 INFO             PET2       esm: loopDataDependentInitialize intro.
20231006 123146.248 INFO             PET2         esm: component    0=esm, dataComplete (local): true
20231006 123146.248 INFO             PET2         esm: component    0=esm, dataComplete (global): T
20231006 123146.248 INFO             PET2         esm: component    1=ATM, dataComplete (local): true
20231006 123146.248 INFO             PET2         esm: component    1=ATM, dataComplete (global): T
20231006 123146.248 INFO             PET2         esm: component    2=OCN, dataComplete (local): true
20231006 123146.248 INFO             PET2         esm: component    2=OCN, dataComplete (global): T
20231006 123146.248 INFO             PET2         esm: someProgress=F, allComplete=T, present(dataDepAllComplete)=T
20231006 123146.248 INFO             PET2         esm: finished resolving initialize data dependencies on this level.
20231006 123146.248 INFO             PET2       esm: loopDataDependentInitialize extro.
20231006 123146.248 INFO             PET2       esm: loopDataDependentInitialize() returned with dataDepAllComplete: T
20231006 123146.248 INFO             PET2     esm: InitializeIPDv02p5Data extro.
20231006 123146.248 INFO             PET2     <<<esm: leaving Initialize (phase=<none>) with current time: 2010  6  1  0  0  0   0
20231006 123146.248 INFO             PET2   esm: InitializeIPDv02p5 extro.
20231006 123146.248 INFO             PET2 esm: InitializeGeneric extro.
20231006 123146.248 INFO             PET2 esm: Run intro.
20231006 123146.248 INFO             PET2   >>>esm entered Run (phase=RunPhase1) with current time: 2010  6  1  0  0  0   0
20231006 123146.248 INFO             PET2   esm: after lable_SetRunClock, current time: 2010  6  1  0  0  0   0
20231006 123146.248 INFO             PET2   esm: begin -------> RunSequence.
20231006 123146.248 INFO             PET2     esm: RunSequence event loopLevel=   1  levelMember=   1  loopIteration=   1, current time: 2010  6  1  0  0  0   0
20231006 123146.248 INFO             PET2     ATM-TO-OCN: Run intro.
20231006 123146.249 INFO             PET2     ATM-TO-OCN: Run extro.
20231006 123146.249 INFO             PET2     OCN-TO-ATM: Run intro.
20231006 123146.249 INFO             PET2     OCN-TO-ATM: Run extro.
20231006 123146.249 INFO             PET2     OCN: Run intro.
20231006 123146.250 INFO             PET2       ------>Advancing OCN from: 2010  6  1  0  0  0   0
20231006 123146.250 INFO             PET2       ---------------------> to: 2010  6  1  0  5  0   0
20231006 123146.265 INFO             PET2       ------>Advancing OCN from: 2010  6  1  0  5  0   0
20231006 123146.265 INFO             PET2       ---------------------> to: 2010  6  1  0 10  0   0
20231006 123146.272 INFO             PET2       ------>Advancing OCN from: 2010  6  1  0 10  0   0
20231006 123146.272 INFO             PET2       ---------------------> to: 2010  6  1  0 15  0   0
20231006 123146.275 INFO             PET2     OCN: Run extro.
20231006 123146.275 INFO             PET2     esm: RunSequence event loopLevel=   1  levelMember=   1  loopIteration=   2, current time: 2010  6  1  0 15  0   0
20231006 123146.276 INFO             PET2     ATM-TO-OCN: Run intro.
20231006 123146.276 INFO             PET2     ATM-TO-OCN: Run extro.
20231006 123146.276 INFO             PET2     OCN-TO-ATM: Run intro.
20231006 123146.276 INFO             PET2     OCN-TO-ATM: Run extro.
20231006 123146.276 INFO             PET2     OCN: Run intro.
20231006 123146.276 INFO             PET2       ------>Advancing OCN from: 2010  6  1  0 15  0   0
20231006 123146.276 INFO             PET2       ---------------------> to: 2010  6  1  0 20  0   0
20231006 123146.279 INFO             PET2       ------>Advancing OCN from: 2010  6  1  0 20  0   0
20231006 123146.279 INFO             PET2       ---------------------> to: 2010  6  1  0 25  0   0
20231006 123146.282 INFO             PET2       ------>Advancing OCN from: 2010  6  1  0 25  0   0
20231006 123146.282 INFO             PET2       ---------------------> to: 2010  6  1  0 30  0   0
20231006 123146.284 INFO             PET2     OCN: Run extro.
20231006 123146.284 INFO             PET2     esm: RunSequence event loopLevel=   1  levelMember=   1  loopIteration=   3, current time: 2010  6  1  0 30  0   0
20231006 123146.284 INFO             PET2     ATM-TO-OCN: Run intro.
20231006 123146.285 INFO             PET2     ATM-TO-OCN: Run extro.
20231006 123146.285 INFO             PET2     OCN-TO-ATM: Run intro.
20231006 123146.285 INFO             PET2     OCN-TO-ATM: Run extro.
20231006 123146.285 INFO             PET2     OCN: Run intro.
20231006 123146.285 INFO             PET2       ------>Advancing OCN from: 2010  6  1  0 30  0   0
20231006 123146.285 INFO             PET2       ---------------------> to: 2010  6  1  0 35  0   0
20231006 123146.288 INFO             PET2       ------>Advancing OCN from: 2010  6  1  0 35  0   0
20231006 123146.288 INFO             PET2       ---------------------> to: 2010  6  1  0 40  0   0
20231006 123146.290 INFO             PET2       ------>Advancing OCN from: 2010  6  1  0 40  0   0
20231006 123146.290 INFO             PET2       ---------------------> to: 2010  6  1  0 45  0   0
20231006 123146.292 INFO             PET2     OCN: Run extro.
20231006 123146.292 INFO             PET2     esm: RunSequence event loopLevel=   1  levelMember=   1  loopIteration=   4, current time: 2010  6  1  0 45  0   0
20231006 123146.292 INFO             PET2     ATM-TO-OCN: Run intro.
20231006 123146.293 INFO             PET2     ATM-TO-OCN: Run extro.
20231006 123146.293 INFO             PET2     OCN-TO-ATM: Run intro.
20231006 123146.293 INFO             PET2     OCN-TO-ATM: Run extro.
20231006 123146.293 INFO             PET2     OCN: Run intro.
20231006 123146.293 INFO             PET2       ------>Advancing OCN from: 2010  6  1  0 45  0   0
20231006 123146.293 INFO             PET2       ---------------------> to: 2010  6  1  0 50  0   0
20231006 123146.295 INFO             PET2       ------>Advancing OCN from: 2010  6  1  0 50  0   0
20231006 123146.296 INFO             PET2       ---------------------> to: 2010  6  1  0 55  0   0
20231006 123146.299 INFO             PET2       ------>Advancing OCN from: 2010  6  1  0 55  0   0
20231006 123146.299 INFO             PET2       ---------------------> to: 2010  6  1  1  0  0   0
20231006 123146.302 INFO             PET2     OCN: Run extro.
20231006 123146.302 INFO             PET2   esm: end <--------- RunSequence
20231006 123146.302 INFO             PET2   <<<esm - leaving Run with current time: 2010  6  1  1  0  0   0
20231006 123146.302 INFO             PET2 esm: Run extro.
20231006 123146.302 INFO             PET2 esm: Finalize intro.
20231006 123146.302 INFO             PET2   Calling Finalize phase 1 for connectorComp: ATM-TO-OCN
20231006 123146.302 INFO             PET2   ATM-TO-OCN: Finalize intro.
20231006 123146.302 INFO             PET2   ATM-TO-OCN: Finalize extro.
20231006 123146.302 INFO             PET2   Calling Finalize phase 1 for connectorComp: OCN-TO-ATM
20231006 123146.302 INFO             PET2   OCN-TO-ATM: Finalize intro.
20231006 123146.303 INFO             PET2   OCN-TO-ATM: Finalize extro.
20231006 123146.303 INFO             PET2   Calling Finalize phase 1 for modelComp: ATM
20231006 123146.303 INFO             PET2   Calling Finalize phase 1 for modelComp: OCN
20231006 123146.303 INFO             PET2   OCN: Finalize intro.
20231006 123146.303 INFO             PET2   OCN: Finalize extro.
20231006 123146.303 INFO             PET2   Delete modelComp: ATM
20231006 123146.303 INFO             PET2   Delete Import-/Export State for modelComp: ATM
20231006 123146.303 INFO             PET2   Delete modelComp: OCN
20231006 123146.303 INFO             PET2   Delete Import-/Export State for modelComp: OCN
20231006 123146.303 INFO             PET2   Delete connectorComp: ATM-TO-OCN
20231006 123146.303 INFO             PET2   Delete connectorComp: OCN-TO-ATM
20231006 123146.303 INFO             PET2 esm: Finalize extro.
20231006 123146.303 INFO             PET2 esmApp FINISHED
20231006 123146.303 INFO             PET2 Finalizing ESMF
20231006 123145.942 INFO             PET3 !!!!!!!!!!!!!!!!!!!!!!!!!!!!!!!!!!!!!!!!!!!!!!!!!!!!!!
20231006 123145.942 INFO             PET3 !!! THE ESMF_LOG IS SET TO OUTPUT ALL LOG MESSAGES !!!
20231006 123145.942 INFO             PET3 !!!     THIS MAY CAUSE SLOWDOWN IN PERFORMANCE     !!!
20231006 123145.942 INFO             PET3 !!! FOR PRODUCTION RUNS, USE:                      !!!
20231006 123145.942 INFO             PET3 !!!                   ESMF_LOGKIND_Multi_On_Error  !!!
20231006 123145.942 INFO             PET3 !!!!!!!!!!!!!!!!!!!!!!!!!!!!!!!!!!!!!!!!!!!!!!!!!!!!!!
20231006 123145.942 INFO             PET3 Running with ESMF Version   : v8.6.0b07-1-ge21e73e41b
20231006 123145.942 INFO             PET3 ESMF library build date/time: "Oct  6 2023" "11:45:48"
20231006 123145.942 INFO             PET3 ESMF library build location : /glade/scratch/theurich/ESMF-Nightly-Testing/gfortran_13.1.0_openmpi_g_fix_abort_trace/esmf
20231006 123145.942 INFO             PET3 ESMF_COMM                   : openmpi
20231006 123145.942 INFO             PET3 ESMF_MOAB                   : enabled
20231006 123145.942 INFO             PET3 ESMF_LAPACK                 : enabled
20231006 123145.942 INFO             PET3 ESMF_NETCDF                 : enabled
20231006 123145.942 INFO             PET3 ESMF_PNETCDF                : disabled
20231006 123145.942 INFO             PET3 ESMF_PIO                    : enabled
20231006 123145.942 INFO             PET3 ESMF_YAMLCPP                : enabled
20231006 123145.942 INFO             PET3 esmApp STARTING
20231006 123145.948 INFO             PET3 esm: InitializeGeneric intro.
20231006 123145.948 INFO             PET3   esm: InitializeP0 intro.
20231006 123145.948 INFO             PET3   esm: InitializeP0 extro.
20231006 123145.948 INFO             PET3   esm: InitializeIPDv02p1 intro.
20231006 123145.948 INFO             PET3     >>>esm: entered Initialize (phase=<none>) without valid internal Clock.
20231006 123145.948 INFO             PET3     esm - Creating model component ATM with petList of size 2 :
20231006 123145.948 INFO             PET3           0      1
20231006 123145.951 INFO             PET3     esm - Creating model component OCN with petList of size 2 :
20231006 123145.951 INFO             PET3           2      3
20231006 123145.953 INFO             PET3     esm - Creating connector component ATM-TO-OCN with petList of size 4 :
20231006 123145.953 INFO             PET3           0      1      2      3
20231006 123145.958 INFO             PET3     esm - Creating connector component OCN-TO-ATM with petList of size 4 :
20231006 123145.958 INFO             PET3           2      3      0      1
20231006 123145.963 INFO             PET3     esm - Creating state: modelComp 1 Import State
20231006 123145.963 INFO             PET3     esm - Creating state: modelComp 1 Export State
20231006 123145.964 INFO             PET3     esm - Creating state: modelComp 2 Import State
20231006 123145.964 INFO             PET3     esm - Creating state: modelComp 2 Export State
20231006 123145.965 INFO             PET3     OCN: InitializeP0 intro.
20231006 123145.966 INFO             PET3     OCN: InitializeP0 extro.
20231006 123145.968 INFO             PET3     ATM-TO-OCN: InitializeP0 intro.
20231006 123145.969 INFO             PET3     ATM-TO-OCN: InitializeP0 extro.
20231006 123145.969 INFO             PET3     OCN-TO-ATM: InitializeP0 intro.
20231006 123145.970 INFO             PET3     OCN-TO-ATM: InitializeP0 extro.
20231006 123145.971 INFO             PET3     esm: IInitAdvertise intro.
20231006 123145.971 INFO             PET3     esm: IInitAdvertise extro.
20231006 123145.972 INFO             PET3     OCN: InitializeIPDvXp01 intro.
20231006 123145.974 INFO             PET3     OCN: InitializeIPDvXp01 extro.
20231006 123145.976 INFO             PET3     ATM-TO-OCN: InitializeIPDv05p1 intro.
20231006 123145.982 INFO             PET3     ATM-TO-OCN: InitializeIPDv05p1 extro.
20231006 123145.985 INFO             PET3     OCN-TO-ATM: InitializeIPDv05p1 intro.
20231006 123145.988 INFO             PET3     OCN-TO-ATM: InitializeIPDv05p1 extro.
20231006 123145.988 INFO             PET3     esm: IInitAdvertiseFinish intro.
20231006 123145.988 INFO             PET3     esm: IInitAdvertiseFinish extro.
20231006 123145.989 INFO             PET3     ATM-TO-OCN: InitializeIPDv05p2a intro.
20231006 123145.995 INFO             PET3     ATM-TO-OCN: InitializeIPDv05p2a extro.
20231006 123145.995 INFO             PET3     OCN-TO-ATM: InitializeIPDv05p2a intro.
20231006 123145.998 INFO             PET3     OCN-TO-ATM: InitializeIPDv05p2a extro.
20231006 123145.999 INFO             PET3     ATM-TO-OCN: InitializeIPDv05p2b intro.
20231006 123146.005 INFO             PET3     ATM-TO-OCN: InitializeIPDv05p2b extro.
20231006 123146.005 INFO             PET3     OCN-TO-ATM: InitializeIPDv05p2b intro.
20231006 123146.008 INFO             PET3     OCN-TO-ATM: InitializeIPDv05p2b extro.
20231006 123146.009 INFO             PET3     esm: IInitModifyCplLists intro.
20231006 123146.009 INFO             PET3       Driver is in ModifyCplLists()
20231006 123146.009 INFO             PET3        Found            2  Connectors. Modifying CplList Attribute....
20231006 123146.009 INFO             PET3     esm: IInitModifyCplLists extro.
20231006 123146.009 INFO             PET3     ATM-TO-OCN: InitializeIPDv05p3 intro.
20231006 123146.016 INFO             PET3     ATM-TO-OCN: InitializeIPDv05p3 extro.
20231006 123146.016 INFO             PET3     OCN-TO-ATM: InitializeIPDv05p3 intro.
20231006 123146.019 INFO             PET3     OCN-TO-ATM: InitializeIPDv05p3 extro.
20231006 123146.020 INFO             PET3     <<<esm: leaving Initialize (phase=<none>) with current time: 2010  6  1  0  0  0   0
20231006 123146.020 INFO             PET3   esm: InitializeIPDv02p1 extro.
20231006 123146.020 INFO             PET3   esm: InitializeIPDv02p3 intro.
20231006 123146.020 INFO             PET3     >>>esm: entered Initialize (phase=<none>) with current time: 2010  6  1  0  0  0   0
20231006 123146.020 INFO             PET3     esm: IInitCheck intro.
20231006 123146.020 INFO             PET3     esm: IInitCheck extro.
20231006 123146.020 INFO             PET3     OCN: InitializeIPDvXp04 intro.
20231006 123146.025 INFO             PET3     OCN: InitializeIPDvXp04 extro.
20231006 123146.027 INFO             PET3     ATM-TO-OCN: InitializeIPDv05p4 intro.
20231006 123146.037 INFO             PET3     ATM-TO-OCN: InitializeIPDv05p4 extro.
20231006 123146.038 INFO             PET3     OCN-TO-ATM: InitializeIPDv05p4 intro.
20231006 123146.043 INFO             PET3     OCN-TO-ATM: InitializeIPDv05p4 extro.
20231006 123146.043 INFO             PET3     ATM-TO-OCN: InitializeIPDv05p5 intro.
20231006 123146.053 INFO             PET3     ATM-TO-OCN: InitializeIPDv05p5 extro.
20231006 123146.053 INFO             PET3     OCN-TO-ATM: InitializeIPDv05p5 intro.
20231006 123146.058 INFO             PET3     OCN-TO-ATM: InitializeIPDv05p5 extro.
20231006 123146.058 INFO             PET3     esm: IInitRealize intro.
20231006 123146.058 INFO             PET3     esm: IInitRealize extro.
20231006 123146.058 INFO             PET3     ATM-TO-OCN: InitializeIPDv05p6a intro.
20231006 123146.068 INFO             PET3     ATM-TO-OCN: InitializeIPDv05p6a extro.
20231006 123146.068 INFO             PET3     OCN-TO-ATM: InitializeIPDv05p6a intro.
20231006 123146.073 INFO             PET3     OCN-TO-ATM: InitializeIPDv05p6a extro.
20231006 123146.073 INFO             PET3     ATM-TO-OCN: InitializeIPDv05p6b intro.
20231006 123146.168 INFO             PET3     ATM-TO-OCN: InitializeIPDv05p6b extro.
20231006 123146.168 INFO             PET3     OCN-TO-ATM: InitializeIPDv05p6b intro.
20231006 123146.245 INFO             PET3     OCN-TO-ATM: InitializeIPDv05p6b extro.
20231006 123146.245 INFO             PET3     OCN: InitializeIPDvXp07 intro.
20231006 123146.245 INFO             PET3     OCN: InitializeIPDvXp07 extro.
20231006 123146.245 INFO             PET3     <<<esm: leaving Initialize (phase=<none>) with current time: 2010  6  1  0  0  0   0
20231006 123146.245 INFO             PET3   esm: InitializeIPDv02p3 extro.
20231006 123146.245 INFO             PET3   esm: InitializeIPDv02p5 intro.
20231006 123146.245 INFO             PET3     >>>esm: entered Initialize (phase=<none>) with current time: 2010  6  1  0  0  0   0
20231006 123146.245 INFO             PET3     esm: this is a top level driver, no 'Updated' and 'InitializeDataComplete' info on this level.
20231006 123146.245 INFO             PET3     esm: InitializeIPDv02p5Data intro.
20231006 123146.246 INFO             PET3       esm: InternalInitializeComplete intro.
20231006 123146.246 INFO             PET3         esm: InitializeDataComplete='true'
20231006 123146.246 INFO             PET3       esm: InternalInitializeComplete extro.
20231006 123146.246 INFO             PET3       OCN: InitializeIPDv01p5 intro.
20231006 123146.246 INFO             PET3       OCN: InitializeIPDv01p5 extro.
20231006 123146.247 INFO             PET3       esm: components present that trigger loopDataDependentInitialize().
20231006 123146.248 INFO             PET3       esm: loopDataDependentInitialize intro.
20231006 123146.248 INFO             PET3         esm: component    0=esm, dataComplete (local): true
20231006 123146.248 INFO             PET3         esm: component    0=esm, dataComplete (global): T
20231006 123146.248 INFO             PET3         esm: component    1=ATM, dataComplete (local): true
20231006 123146.248 INFO             PET3         esm: component    1=ATM, dataComplete (global): T
20231006 123146.248 INFO             PET3         esm: component    2=OCN, dataComplete (local): true
20231006 123146.248 INFO             PET3         esm: component    2=OCN, dataComplete (global): T
20231006 123146.248 INFO             PET3         esm: someProgress=F, allComplete=T, present(dataDepAllComplete)=T
20231006 123146.248 INFO             PET3         esm: finished resolving initialize data dependencies on this level.
20231006 123146.248 INFO             PET3       esm: loopDataDependentInitialize extro.
20231006 123146.248 INFO             PET3       esm: loopDataDependentInitialize() returned with dataDepAllComplete: T
20231006 123146.248 INFO             PET3     esm: InitializeIPDv02p5Data extro.
20231006 123146.248 INFO             PET3     <<<esm: leaving Initialize (phase=<none>) with current time: 2010  6  1  0  0  0   0
20231006 123146.248 INFO             PET3   esm: InitializeIPDv02p5 extro.
20231006 123146.248 INFO             PET3 esm: InitializeGeneric extro.
20231006 123146.248 INFO             PET3 esm: Run intro.
20231006 123146.248 INFO             PET3   >>>esm entered Run (phase=RunPhase1) with current time: 2010  6  1  0  0  0   0
20231006 123146.248 INFO             PET3   esm: after lable_SetRunClock, current time: 2010  6  1  0  0  0   0
20231006 123146.248 INFO             PET3   esm: begin -------> RunSequence.
20231006 123146.248 INFO             PET3     esm: RunSequence event loopLevel=   1  levelMember=   1  loopIteration=   1, current time: 2010  6  1  0  0  0   0
20231006 123146.248 INFO             PET3     ATM-TO-OCN: Run intro.
20231006 123146.249 INFO             PET3     ATM-TO-OCN: Run extro.
20231006 123146.249 INFO             PET3     OCN-TO-ATM: Run intro.
20231006 123146.249 INFO             PET3     OCN-TO-ATM: Run extro.
20231006 123146.249 INFO             PET3     OCN: Run intro.
20231006 123146.250 INFO             PET3       ------>Advancing OCN from: 2010  6  1  0  0  0   0
20231006 123146.250 INFO             PET3       ---------------------> to: 2010  6  1  0  5  0   0
20231006 123146.265 INFO             PET3       ------>Advancing OCN from: 2010  6  1  0  5  0   0
20231006 123146.265 INFO             PET3       ---------------------> to: 2010  6  1  0 10  0   0
20231006 123146.272 INFO             PET3       ------>Advancing OCN from: 2010  6  1  0 10  0   0
20231006 123146.272 INFO             PET3       ---------------------> to: 2010  6  1  0 15  0   0
20231006 123146.275 INFO             PET3     OCN: Run extro.
20231006 123146.275 INFO             PET3     esm: RunSequence event loopLevel=   1  levelMember=   1  loopIteration=   2, current time: 2010  6  1  0 15  0   0
20231006 123146.276 INFO             PET3     ATM-TO-OCN: Run intro.
20231006 123146.276 INFO             PET3     ATM-TO-OCN: Run extro.
20231006 123146.276 INFO             PET3     OCN-TO-ATM: Run intro.
20231006 123146.276 INFO             PET3     OCN-TO-ATM: Run extro.
20231006 123146.276 INFO             PET3     OCN: Run intro.
20231006 123146.276 INFO             PET3       ------>Advancing OCN from: 2010  6  1  0 15  0   0
20231006 123146.276 INFO             PET3       ---------------------> to: 2010  6  1  0 20  0   0
20231006 123146.279 INFO             PET3       ------>Advancing OCN from: 2010  6  1  0 20  0   0
20231006 123146.279 INFO             PET3       ---------------------> to: 2010  6  1  0 25  0   0
20231006 123146.282 INFO             PET3       ------>Advancing OCN from: 2010  6  1  0 25  0   0
20231006 123146.282 INFO             PET3       ---------------------> to: 2010  6  1  0 30  0   0
20231006 123146.284 INFO             PET3     OCN: Run extro.
20231006 123146.284 INFO             PET3     esm: RunSequence event loopLevel=   1  levelMember=   1  loopIteration=   3, current time: 2010  6  1  0 30  0   0
20231006 123146.284 INFO             PET3     ATM-TO-OCN: Run intro.
20231006 123146.285 INFO             PET3     ATM-TO-OCN: Run extro.
20231006 123146.285 INFO             PET3     OCN-TO-ATM: Run intro.
20231006 123146.285 INFO             PET3     OCN-TO-ATM: Run extro.
20231006 123146.285 INFO             PET3     OCN: Run intro.
20231006 123146.285 INFO             PET3       ------>Advancing OCN from: 2010  6  1  0 30  0   0
20231006 123146.285 INFO             PET3       ---------------------> to: 2010  6  1  0 35  0   0
20231006 123146.288 INFO             PET3       ------>Advancing OCN from: 2010  6  1  0 35  0   0
20231006 123146.288 INFO             PET3       ---------------------> to: 2010  6  1  0 40  0   0
20231006 123146.290 INFO             PET3       ------>Advancing OCN from: 2010  6  1  0 40  0   0
20231006 123146.290 INFO             PET3       ---------------------> to: 2010  6  1  0 45  0   0
20231006 123146.292 INFO             PET3     OCN: Run extro.
20231006 123146.292 INFO             PET3     esm: RunSequence event loopLevel=   1  levelMember=   1  loopIteration=   4, current time: 2010  6  1  0 45  0   0
20231006 123146.292 INFO             PET3     ATM-TO-OCN: Run intro.
20231006 123146.293 INFO             PET3     ATM-TO-OCN: Run extro.
20231006 123146.293 INFO             PET3     OCN-TO-ATM: Run intro.
20231006 123146.293 INFO             PET3     OCN-TO-ATM: Run extro.
20231006 123146.293 INFO             PET3     OCN: Run intro.
20231006 123146.293 INFO             PET3       ------>Advancing OCN from: 2010  6  1  0 45  0   0
20231006 123146.293 INFO             PET3       ---------------------> to: 2010  6  1  0 50  0   0
20231006 123146.295 INFO             PET3       ------>Advancing OCN from: 2010  6  1  0 50  0   0
20231006 123146.295 INFO             PET3       ---------------------> to: 2010  6  1  0 55  0   0
20231006 123146.299 INFO             PET3       ------>Advancing OCN from: 2010  6  1  0 55  0   0
20231006 123146.299 INFO             PET3       ---------------------> to: 2010  6  1  1  0  0   0
20231006 123146.302 INFO             PET3     OCN: Run extro.
20231006 123146.302 INFO             PET3   esm: end <--------- RunSequence
20231006 123146.302 INFO             PET3   <<<esm - leaving Run with current time: 2010  6  1  1  0  0   0
20231006 123146.302 INFO             PET3 esm: Run extro.
20231006 123146.302 INFO             PET3 esm: Finalize intro.
20231006 123146.302 INFO             PET3   Calling Finalize phase 1 for connectorComp: ATM-TO-OCN
20231006 123146.302 INFO             PET3   ATM-TO-OCN: Finalize intro.
20231006 123146.302 INFO             PET3   ATM-TO-OCN: Finalize extro.
20231006 123146.302 INFO             PET3   Calling Finalize phase 1 for connectorComp: OCN-TO-ATM
20231006 123146.302 INFO             PET3   OCN-TO-ATM: Finalize intro.
20231006 123146.303 INFO             PET3   OCN-TO-ATM: Finalize extro.
20231006 123146.303 INFO             PET3   Calling Finalize phase 1 for modelComp: ATM
20231006 123146.303 INFO             PET3   Calling Finalize phase 1 for modelComp: OCN
20231006 123146.303 INFO             PET3   OCN: Finalize intro.
20231006 123146.303 INFO             PET3   OCN: Finalize extro.
20231006 123146.303 INFO             PET3   Delete modelComp: ATM
20231006 123146.303 INFO             PET3   Delete Import-/Export State for modelComp: ATM
20231006 123146.303 INFO             PET3   Delete modelComp: OCN
20231006 123146.303 INFO             PET3   Delete Import-/Export State for modelComp: OCN
20231006 123146.303 INFO             PET3   Delete connectorComp: ATM-TO-OCN
20231006 123146.303 INFO             PET3   Delete connectorComp: OCN-TO-ATM
20231006 123146.303 INFO             PET3 esm: Finalize extro.
20231006 123146.303 INFO             PET3 esmApp FINISHED
20231006 123146.303 INFO             PET3 Finalizing ESMF
