2023-10-06 11:48:53
20231006 123127.882 INFO             PET0 !!!!!!!!!!!!!!!!!!!!!!!!!!!!!!!!!!!!!!!!!!!!!!!!!!!!!!
20231006 123127.882 INFO             PET0 !!! THE ESMF_LOG IS SET TO OUTPUT ALL LOG MESSAGES !!!
20231006 123127.882 INFO             PET0 !!!     THIS MAY CAUSE SLOWDOWN IN PERFORMANCE     !!!
20231006 123127.882 INFO             PET0 !!! FOR PRODUCTION RUNS, USE:                      !!!
20231006 123127.882 INFO             PET0 !!!                   ESMF_LOGKIND_Multi_On_Error  !!!
20231006 123127.882 INFO             PET0 !!!!!!!!!!!!!!!!!!!!!!!!!!!!!!!!!!!!!!!!!!!!!!!!!!!!!!
20231006 123127.882 INFO             PET0 Running with ESMF Version   : v8.6.0b07-1-ge21e73e41b
20231006 123127.882 INFO             PET0 ESMF library build date/time: "Oct  6 2023" "11:45:48"
20231006 123127.882 INFO             PET0 ESMF library build location : /glade/scratch/theurich/ESMF-Nightly-Testing/gfortran_13.1.0_openmpi_g_fix_abort_trace/esmf
20231006 123127.882 INFO             PET0 ESMF_COMM                   : openmpi
20231006 123127.882 INFO             PET0 ESMF_MOAB                   : enabled
20231006 123127.882 INFO             PET0 ESMF_LAPACK                 : enabled
20231006 123127.882 INFO             PET0 ESMF_NETCDF                 : enabled
20231006 123127.882 INFO             PET0 ESMF_PNETCDF                : disabled
20231006 123127.882 INFO             PET0 ESMF_PIO                    : enabled
20231006 123127.882 INFO             PET0 ESMF_YAMLCPP                : enabled
20231006 123127.884 INFO             PET0 esmApp STARTING
20231006 123127.884 INFO             PET0 esmApp VM init: --- VMK::log() start -------------------------------------
20231006 123127.884 INFO             PET0 esmApp VM init: vm located at: 0x11970c0
20231006 123127.884 INFO             PET0 esmApp VM init: petCount=4 localPet=0 mypthid=0 currentSsiPe=4
20231006 123127.884 INFO             PET0 esmApp VM init: Current system level OMP_NUM_THREADS setting for local PET: 1
20231006 123127.884 INFO             PET0 esmApp VM init: ssiCount=1 localSsi=0
20231006 123127.884 INFO             PET0 esmApp VM init: mpionly=1 threadsflag=0
20231006 123127.884 INFO             PET0 esmApp VM init: ESMF level logical PET->PE association (but consider system level affinity pinning!):
20231006 123127.884 INFO             PET0 esmApp VM init: PET=0 lpid=0 tid=0 pid=0 peCount=1 accCount=0
20231006 123127.884 INFO             PET0 esmApp VM init:  PE=0 SSI=0 SSIPE=0
20231006 123127.884 INFO             PET0 esmApp VM init: PET=1 lpid=1 tid=0 pid=1 peCount=1 accCount=0
20231006 123127.884 INFO             PET0 esmApp VM init:  PE=1 SSI=0 SSIPE=1
20231006 123127.884 INFO             PET0 esmApp VM init: PET=2 lpid=2 tid=0 pid=2 peCount=1 accCount=0
20231006 123127.884 INFO             PET0 esmApp VM init:  PE=2 SSI=0 SSIPE=2
20231006 123127.884 INFO             PET0 esmApp VM init: PET=3 lpid=3 tid=0 pid=3 peCount=1 accCount=0
20231006 123127.884 INFO             PET0 esmApp VM init:  PE=3 SSI=0 SSIPE=3
20231006 123127.884 INFO             PET0 esmApp VM init: --- VMK::log() end ---------------------------------------
20231006 123127.889 INFO             PET0 esm: InitializeGeneric intro.
20231006 123127.889 INFO             PET0   esm: InitializeP0 intro.
20231006 123127.889 INFO             PET0   esm: InitializeP0 extro.
20231006 123127.889 INFO             PET0   esm: InitializeIPDv02p1 intro.
20231006 123127.889 INFO             PET0     >>>esm: entered Initialize (phase=<none>) without valid internal Clock.
20231006 123127.889 INFO             PET0     ESM SetModelServices() enter: --- VMK::log() start -------------------------------------
20231006 123127.889 INFO             PET0     ESM SetModelServices() enter: vm located at: 0x150e360
20231006 123127.889 INFO             PET0     ESM SetModelServices() enter: petCount=4 localPet=0 mypthid=0 currentSsiPe=4
20231006 123127.889 INFO             PET0     ESM SetModelServices() enter: Current system level OMP_NUM_THREADS setting for local PET: 1
20231006 123127.889 INFO             PET0     ESM SetModelServices() enter: ssiCount=1 localSsi=0
20231006 123127.889 INFO             PET0     ESM SetModelServices() enter: mpionly=1 threadsflag=0
20231006 123127.889 INFO             PET0     ESM SetModelServices() enter: ESMF level logical PET->PE association (but consider system level affinity pinning!):
20231006 123127.889 INFO             PET0     ESM SetModelServices() enter: PET=0 lpid=0 tid=0 pid=0 peCount=1 accCount=0
20231006 123127.891 INFO             PET0     ESM SetModelServices() enter:  PE=0 SSI=0 SSIPE=0
20231006 123127.891 INFO             PET0     ESM SetModelServices() enter: PET=1 lpid=1 tid=0 pid=1 peCount=1 accCount=0
20231006 123127.891 INFO             PET0     ESM SetModelServices() enter:  PE=1 SSI=0 SSIPE=1
20231006 123127.891 INFO             PET0     ESM SetModelServices() enter: PET=2 lpid=2 tid=0 pid=2 peCount=1 accCount=0
20231006 123127.891 INFO             PET0     ESM SetModelServices() enter:  PE=2 SSI=0 SSIPE=2
20231006 123127.891 INFO             PET0     ESM SetModelServices() enter: PET=3 lpid=3 tid=0 pid=3 peCount=1 accCount=0
20231006 123127.891 INFO             PET0     ESM SetModelServices() enter:  PE=3 SSI=0 SSIPE=3
20231006 123127.891 INFO             PET0     ESM SetModelServices() enter: --- VMK::log() end ---------------------------------------
20231006 123127.893 INFO             PET0     esm - Creating model component ATM with petList of size 3 :
20231006 123127.893 INFO             PET0           0      1      3
20231006 123127.893 DEBUG            PET0     Generic SetVM() is executing for: ATM
20231006 123127.893 ERROR            PET0 ATM:src/addon/NUOPC/src/NUOPC_Base.F90:5572     Invalid argument  - Generic SetVM() detected lacking Pthreads support for: ATM
20231006 123127.893 ERROR            PET0 esm:src/addon/NUOPC/src/NUOPC_Driver.F90:4771     Invalid argument  - Passing error in return code
20231006 123127.893 ERROR            PET0 esm.F90:179     Invalid argument  - Passing error in return code
20231006 123127.893 ERROR            PET0 esm:src/addon/NUOPC/src/NUOPC_Driver.F90:797     Invalid argument  - Passing error in return code
20231006 123127.893 ERROR            PET0 esm:src/addon/NUOPC/src/NUOPC_Driver.F90:486     Invalid argument  - Passing error in return code
20231006 123127.893 ERROR            PET0 esmApp.F90:89     Invalid argument  - Passing error in return code
20231006 123127.893 INFO             PET0     Finalizing ESMF
20231006 123127.882 INFO             PET1 !!!!!!!!!!!!!!!!!!!!!!!!!!!!!!!!!!!!!!!!!!!!!!!!!!!!!!
20231006 123127.882 INFO             PET1 !!! THE ESMF_LOG IS SET TO OUTPUT ALL LOG MESSAGES !!!
20231006 123127.882 INFO             PET1 !!!     THIS MAY CAUSE SLOWDOWN IN PERFORMANCE     !!!
20231006 123127.882 INFO             PET1 !!! FOR PRODUCTION RUNS, USE:                      !!!
20231006 123127.882 INFO             PET1 !!!                   ESMF_LOGKIND_Multi_On_Error  !!!
20231006 123127.882 INFO             PET1 !!!!!!!!!!!!!!!!!!!!!!!!!!!!!!!!!!!!!!!!!!!!!!!!!!!!!!
20231006 123127.882 INFO             PET1 Running with ESMF Version   : v8.6.0b07-1-ge21e73e41b
20231006 123127.883 INFO             PET1 ESMF library build date/time: "Oct  6 2023" "11:45:48"
20231006 123127.883 INFO             PET1 ESMF library build location : /glade/scratch/theurich/ESMF-Nightly-Testing/gfortran_13.1.0_openmpi_g_fix_abort_trace/esmf
20231006 123127.883 INFO             PET1 ESMF_COMM                   : openmpi
20231006 123127.883 INFO             PET1 ESMF_MOAB                   : enabled
20231006 123127.883 INFO             PET1 ESMF_LAPACK                 : enabled
20231006 123127.883 INFO             PET1 ESMF_NETCDF                 : enabled
20231006 123127.883 INFO             PET1 ESMF_PNETCDF                : disabled
20231006 123127.883 INFO             PET1 ESMF_PIO                    : enabled
20231006 123127.883 INFO             PET1 ESMF_YAMLCPP                : enabled
20231006 123127.884 INFO             PET1 esmApp STARTING
20231006 123127.884 INFO             PET1 esmApp VM init: --- VMK::log() start -------------------------------------
20231006 123127.884 INFO             PET1 esmApp VM init: vm located at: 0x1d820c0
20231006 123127.884 INFO             PET1 esmApp VM init: petCount=4 localPet=1 mypthid=0 currentSsiPe=19
20231006 123127.884 INFO             PET1 esmApp VM init: Current system level OMP_NUM_THREADS setting for local PET: 1
20231006 123127.884 INFO             PET1 esmApp VM init: ssiCount=1 localSsi=0
20231006 123127.884 INFO             PET1 esmApp VM init: mpionly=1 threadsflag=0
20231006 123127.884 INFO             PET1 esmApp VM init: ESMF level logical PET->PE association (but consider system level affinity pinning!):
20231006 123127.884 INFO             PET1 esmApp VM init: PET=0 lpid=0 tid=0 pid=0 peCount=1 accCount=0
20231006 123127.884 INFO             PET1 esmApp VM init:  PE=0 SSI=0 SSIPE=0
20231006 123127.884 INFO             PET1 esmApp VM init: PET=1 lpid=1 tid=0 pid=1 peCount=1 accCount=0
20231006 123127.884 INFO             PET1 esmApp VM init:  PE=1 SSI=0 SSIPE=1
20231006 123127.884 INFO             PET1 esmApp VM init: PET=2 lpid=2 tid=0 pid=2 peCount=1 accCount=0
20231006 123127.884 INFO             PET1 esmApp VM init:  PE=2 SSI=0 SSIPE=2
20231006 123127.884 INFO             PET1 esmApp VM init: PET=3 lpid=3 tid=0 pid=3 peCount=1 accCount=0
20231006 123127.884 INFO             PET1 esmApp VM init:  PE=3 SSI=0 SSIPE=3
20231006 123127.884 INFO             PET1 esmApp VM init: --- VMK::log() end ---------------------------------------
20231006 123127.889 INFO             PET1 esm: InitializeGeneric intro.
20231006 123127.889 INFO             PET1   esm: InitializeP0 intro.
20231006 123127.889 INFO             PET1   esm: InitializeP0 extro.
20231006 123127.889 INFO             PET1   esm: InitializeIPDv02p1 intro.
20231006 123127.889 INFO             PET1     >>>esm: entered Initialize (phase=<none>) without valid internal Clock.
20231006 123127.889 INFO             PET1     ESM SetModelServices() enter: --- VMK::log() start -------------------------------------
20231006 123127.889 INFO             PET1     ESM SetModelServices() enter: vm located at: 0x20f9300
20231006 123127.889 INFO             PET1     ESM SetModelServices() enter: petCount=4 localPet=1 mypthid=0 currentSsiPe=19
20231006 123127.889 INFO             PET1     ESM SetModelServices() enter: Current system level OMP_NUM_THREADS setting for local PET: 1
20231006 123127.889 INFO             PET1     ESM SetModelServices() enter: ssiCount=1 localSsi=0
20231006 123127.889 INFO             PET1     ESM SetModelServices() enter: mpionly=1 threadsflag=0
20231006 123127.889 INFO             PET1     ESM SetModelServices() enter: ESMF level logical PET->PE association (but consider system level affinity pinning!):
20231006 123127.889 INFO             PET1     ESM SetModelServices() enter: PET=0 lpid=0 tid=0 pid=0 peCount=1 accCount=0
20231006 123127.892 INFO             PET1     ESM SetModelServices() enter:  PE=0 SSI=0 SSIPE=0
20231006 123127.892 INFO             PET1     ESM SetModelServices() enter: PET=1 lpid=1 tid=0 pid=1 peCount=1 accCount=0
20231006 123127.892 INFO             PET1     ESM SetModelServices() enter:  PE=1 SSI=0 SSIPE=1
20231006 123127.892 INFO             PET1     ESM SetModelServices() enter: PET=2 lpid=2 tid=0 pid=2 peCount=1 accCount=0
20231006 123127.892 INFO             PET1     ESM SetModelServices() enter:  PE=2 SSI=0 SSIPE=2
20231006 123127.892 INFO             PET1     ESM SetModelServices() enter: PET=3 lpid=3 tid=0 pid=3 peCount=1 accCount=0
20231006 123127.892 INFO             PET1     ESM SetModelServices() enter:  PE=3 SSI=0 SSIPE=3
20231006 123127.892 INFO             PET1     ESM SetModelServices() enter: --- VMK::log() end ---------------------------------------
20231006 123127.893 INFO             PET1     esm - Creating model component ATM with petList of size 3 :
20231006 123127.893 INFO             PET1           0      1      3
20231006 123127.893 DEBUG            PET1     Generic SetVM() is executing for: ATM
20231006 123127.893 ERROR            PET1 ATM:src/addon/NUOPC/src/NUOPC_Base.F90:5572     Invalid argument  - Generic SetVM() detected lacking Pthreads support for: ATM
20231006 123127.893 ERROR            PET1 esm:src/addon/NUOPC/src/NUOPC_Driver.F90:4771     Invalid argument  - Passing error in return code
20231006 123127.893 ERROR            PET1 esm.F90:179     Invalid argument  - Passing error in return code
20231006 123127.893 ERROR            PET1 esm:src/addon/NUOPC/src/NUOPC_Driver.F90:797     Invalid argument  - Passing error in return code
20231006 123127.893 ERROR            PET1 esm:src/addon/NUOPC/src/NUOPC_Driver.F90:486     Invalid argument  - Passing error in return code
20231006 123127.893 ERROR            PET1 esmApp.F90:89     Invalid argument  - Passing error in return code
20231006 123127.893 INFO             PET1     Finalizing ESMF
20231006 123127.881 INFO             PET2 !!!!!!!!!!!!!!!!!!!!!!!!!!!!!!!!!!!!!!!!!!!!!!!!!!!!!!
20231006 123127.881 INFO             PET2 !!! THE ESMF_LOG IS SET TO OUTPUT ALL LOG MESSAGES !!!
20231006 123127.881 INFO             PET2 !!!     THIS MAY CAUSE SLOWDOWN IN PERFORMANCE     !!!
20231006 123127.881 INFO             PET2 !!! FOR PRODUCTION RUNS, USE:                      !!!
20231006 123127.881 INFO             PET2 !!!                   ESMF_LOGKIND_Multi_On_Error  !!!
20231006 123127.881 INFO             PET2 !!!!!!!!!!!!!!!!!!!!!!!!!!!!!!!!!!!!!!!!!!!!!!!!!!!!!!
20231006 123127.881 INFO             PET2 Running with ESMF Version   : v8.6.0b07-1-ge21e73e41b
20231006 123127.881 INFO             PET2 ESMF library build date/time: "Oct  6 2023" "11:45:48"
20231006 123127.881 INFO             PET2 ESMF library build location : /glade/scratch/theurich/ESMF-Nightly-Testing/gfortran_13.1.0_openmpi_g_fix_abort_trace/esmf
20231006 123127.881 INFO             PET2 ESMF_COMM                   : openmpi
20231006 123127.882 INFO             PET2 ESMF_MOAB                   : enabled
20231006 123127.882 INFO             PET2 ESMF_LAPACK                 : enabled
20231006 123127.882 INFO             PET2 ESMF_NETCDF                 : enabled
20231006 123127.882 INFO             PET2 ESMF_PNETCDF                : disabled
20231006 123127.882 INFO             PET2 ESMF_PIO                    : enabled
20231006 123127.882 INFO             PET2 ESMF_YAMLCPP                : enabled
20231006 123127.884 INFO             PET2 esmApp STARTING
20231006 123127.884 INFO             PET2 esmApp VM init: --- VMK::log() start -------------------------------------
20231006 123127.884 INFO             PET2 esmApp VM init: vm located at: 0x19f60c0
20231006 123127.884 INFO             PET2 esmApp VM init: petCount=4 localPet=2 mypthid=0 currentSsiPe=38
20231006 123127.884 INFO             PET2 esmApp VM init: Current system level OMP_NUM_THREADS setting for local PET: 1
20231006 123127.884 INFO             PET2 esmApp VM init: ssiCount=1 localSsi=0
20231006 123127.884 INFO             PET2 esmApp VM init: mpionly=1 threadsflag=0
20231006 123127.884 INFO             PET2 esmApp VM init: ESMF level logical PET->PE association (but consider system level affinity pinning!):
20231006 123127.884 INFO             PET2 esmApp VM init: PET=0 lpid=0 tid=0 pid=0 peCount=1 accCount=0
20231006 123127.884 INFO             PET2 esmApp VM init:  PE=0 SSI=0 SSIPE=0
20231006 123127.884 INFO             PET2 esmApp VM init: PET=1 lpid=1 tid=0 pid=1 peCount=1 accCount=0
20231006 123127.884 INFO             PET2 esmApp VM init:  PE=1 SSI=0 SSIPE=1
20231006 123127.884 INFO             PET2 esmApp VM init: PET=2 lpid=2 tid=0 pid=2 peCount=1 accCount=0
20231006 123127.884 INFO             PET2 esmApp VM init:  PE=2 SSI=0 SSIPE=2
20231006 123127.884 INFO             PET2 esmApp VM init: PET=3 lpid=3 tid=0 pid=3 peCount=1 accCount=0
20231006 123127.884 INFO             PET2 esmApp VM init:  PE=3 SSI=0 SSIPE=3
20231006 123127.884 INFO             PET2 esmApp VM init: --- VMK::log() end ---------------------------------------
20231006 123127.889 INFO             PET2 esm: InitializeGeneric intro.
20231006 123127.889 INFO             PET2   esm: InitializeP0 intro.
20231006 123127.889 INFO             PET2   esm: InitializeP0 extro.
20231006 123127.889 INFO             PET2   esm: InitializeIPDv02p1 intro.
20231006 123127.889 INFO             PET2     >>>esm: entered Initialize (phase=<none>) without valid internal Clock.
20231006 123127.889 INFO             PET2     ESM SetModelServices() enter: --- VMK::log() start -------------------------------------
20231006 123127.889 INFO             PET2     ESM SetModelServices() enter: vm located at: 0x1d6d3c0
20231006 123127.889 INFO             PET2     ESM SetModelServices() enter: petCount=4 localPet=2 mypthid=0 currentSsiPe=38
20231006 123127.889 INFO             PET2     ESM SetModelServices() enter: Current system level OMP_NUM_THREADS setting for local PET: 1
20231006 123127.889 INFO             PET2     ESM SetModelServices() enter: ssiCount=1 localSsi=0
20231006 123127.889 INFO             PET2     ESM SetModelServices() enter: mpionly=1 threadsflag=0
20231006 123127.889 INFO             PET2     ESM SetModelServices() enter: ESMF level logical PET->PE association (but consider system level affinity pinning!):
20231006 123127.889 INFO             PET2     ESM SetModelServices() enter: PET=0 lpid=0 tid=0 pid=0 peCount=1 accCount=0
20231006 123127.892 INFO             PET2     ESM SetModelServices() enter:  PE=0 SSI=0 SSIPE=0
20231006 123127.892 INFO             PET2     ESM SetModelServices() enter: PET=1 lpid=1 tid=0 pid=1 peCount=1 accCount=0
20231006 123127.892 INFO             PET2     ESM SetModelServices() enter:  PE=1 SSI=0 SSIPE=1
20231006 123127.892 INFO             PET2     ESM SetModelServices() enter: PET=2 lpid=2 tid=0 pid=2 peCount=1 accCount=0
20231006 123127.892 INFO             PET2     ESM SetModelServices() enter:  PE=2 SSI=0 SSIPE=2
20231006 123127.892 INFO             PET2     ESM SetModelServices() enter: PET=3 lpid=3 tid=0 pid=3 peCount=1 accCount=0
20231006 123127.892 INFO             PET2     ESM SetModelServices() enter:  PE=3 SSI=0 SSIPE=3
20231006 123127.892 INFO             PET2     ESM SetModelServices() enter: --- VMK::log() end ---------------------------------------
20231006 123127.893 INFO             PET2     esm - Creating model component ATM with petList of size 3 :
20231006 123127.893 INFO             PET2           0      1      3
20231006 123127.893 DEBUG            PET2     Generic SetVM() is executing for: ATM
20231006 123127.893 ERROR            PET2 ATM:src/addon/NUOPC/src/NUOPC_Base.F90:5572     Invalid argument  - Generic SetVM() detected lacking Pthreads support for: ATM
20231006 123127.893 ERROR            PET2 esm:src/addon/NUOPC/src/NUOPC_Driver.F90:4771     Invalid argument  - Passing error in return code
20231006 123127.893 ERROR            PET2 esm.F90:179     Invalid argument  - Passing error in return code
20231006 123127.893 ERROR            PET2 esm:src/addon/NUOPC/src/NUOPC_Driver.F90:797     Invalid argument  - Passing error in return code
20231006 123127.893 ERROR            PET2 esm:src/addon/NUOPC/src/NUOPC_Driver.F90:486     Invalid argument  - Passing error in return code
20231006 123127.893 ERROR            PET2 esmApp.F90:89     Invalid argument  - Passing error in return code
20231006 123127.893 INFO             PET2     Finalizing ESMF
20231006 123127.882 INFO             PET3 !!!!!!!!!!!!!!!!!!!!!!!!!!!!!!!!!!!!!!!!!!!!!!!!!!!!!!
20231006 123127.882 INFO             PET3 !!! THE ESMF_LOG IS SET TO OUTPUT ALL LOG MESSAGES !!!
20231006 123127.882 INFO             PET3 !!!     THIS MAY CAUSE SLOWDOWN IN PERFORMANCE     !!!
20231006 123127.882 INFO             PET3 !!! FOR PRODUCTION RUNS, USE:                      !!!
20231006 123127.882 INFO             PET3 !!!                   ESMF_LOGKIND_Multi_On_Error  !!!
20231006 123127.882 INFO             PET3 !!!!!!!!!!!!!!!!!!!!!!!!!!!!!!!!!!!!!!!!!!!!!!!!!!!!!!
20231006 123127.882 INFO             PET3 Running with ESMF Version   : v8.6.0b07-1-ge21e73e41b
20231006 123127.882 INFO             PET3 ESMF library build date/time: "Oct  6 2023" "11:45:48"
20231006 123127.882 INFO             PET3 ESMF library build location : /glade/scratch/theurich/ESMF-Nightly-Testing/gfortran_13.1.0_openmpi_g_fix_abort_trace/esmf
20231006 123127.882 INFO             PET3 ESMF_COMM                   : openmpi
20231006 123127.882 INFO             PET3 ESMF_MOAB                   : enabled
20231006 123127.882 INFO             PET3 ESMF_LAPACK                 : enabled
20231006 123127.882 INFO             PET3 ESMF_NETCDF                 : enabled
20231006 123127.882 INFO             PET3 ESMF_PNETCDF                : disabled
20231006 123127.882 INFO             PET3 ESMF_PIO                    : enabled
20231006 123127.882 INFO             PET3 ESMF_YAMLCPP                : enabled
20231006 123127.884 INFO             PET3 esmApp STARTING
20231006 123127.884 INFO             PET3 esmApp VM init: --- VMK::log() start -------------------------------------
20231006 123127.884 INFO             PET3 esmApp VM init: vm located at: 0x7780c0
20231006 123127.884 INFO             PET3 esmApp VM init: petCount=4 localPet=3 mypthid=0 currentSsiPe=56
20231006 123127.884 INFO             PET3 esmApp VM init: Current system level OMP_NUM_THREADS setting for local PET: 1
20231006 123127.884 INFO             PET3 esmApp VM init: ssiCount=1 localSsi=0
20231006 123127.884 INFO             PET3 esmApp VM init: mpionly=1 threadsflag=0
20231006 123127.884 INFO             PET3 esmApp VM init: ESMF level logical PET->PE association (but consider system level affinity pinning!):
20231006 123127.884 INFO             PET3 esmApp VM init: PET=0 lpid=0 tid=0 pid=0 peCount=1 accCount=0
20231006 123127.884 INFO             PET3 esmApp VM init:  PE=0 SSI=0 SSIPE=0
20231006 123127.884 INFO             PET3 esmApp VM init: PET=1 lpid=1 tid=0 pid=1 peCount=1 accCount=0
20231006 123127.884 INFO             PET3 esmApp VM init:  PE=1 SSI=0 SSIPE=1
20231006 123127.884 INFO             PET3 esmApp VM init: PET=2 lpid=2 tid=0 pid=2 peCount=1 accCount=0
20231006 123127.884 INFO             PET3 esmApp VM init:  PE=2 SSI=0 SSIPE=2
20231006 123127.884 INFO             PET3 esmApp VM init: PET=3 lpid=3 tid=0 pid=3 peCount=1 accCount=0
20231006 123127.884 INFO             PET3 esmApp VM init:  PE=3 SSI=0 SSIPE=3
20231006 123127.884 INFO             PET3 esmApp VM init: --- VMK::log() end ---------------------------------------
20231006 123127.889 INFO             PET3 esm: InitializeGeneric intro.
20231006 123127.889 INFO             PET3   esm: InitializeP0 intro.
20231006 123127.889 INFO             PET3   esm: InitializeP0 extro.
20231006 123127.889 INFO             PET3   esm: InitializeIPDv02p1 intro.
20231006 123127.889 INFO             PET3     >>>esm: entered Initialize (phase=<none>) without valid internal Clock.
20231006 123127.889 INFO             PET3     ESM SetModelServices() enter: --- VMK::log() start -------------------------------------
20231006 123127.889 INFO             PET3     ESM SetModelServices() enter: vm located at: 0xaef370
20231006 123127.889 INFO             PET3     ESM SetModelServices() enter: petCount=4 localPet=3 mypthid=0 currentSsiPe=56
20231006 123127.889 INFO             PET3     ESM SetModelServices() enter: Current system level OMP_NUM_THREADS setting for local PET: 1
20231006 123127.889 INFO             PET3     ESM SetModelServices() enter: ssiCount=1 localSsi=0
20231006 123127.889 INFO             PET3     ESM SetModelServices() enter: mpionly=1 threadsflag=0
20231006 123127.889 INFO             PET3     ESM SetModelServices() enter: ESMF level logical PET->PE association (but consider system level affinity pinning!):
20231006 123127.889 INFO             PET3     ESM SetModelServices() enter: PET=0 lpid=0 tid=0 pid=0 peCount=1 accCount=0
20231006 123127.892 INFO             PET3     ESM SetModelServices() enter:  PE=0 SSI=0 SSIPE=0
20231006 123127.892 INFO             PET3     ESM SetModelServices() enter: PET=1 lpid=1 tid=0 pid=1 peCount=1 accCount=0
20231006 123127.892 INFO             PET3     ESM SetModelServices() enter:  PE=1 SSI=0 SSIPE=1
20231006 123127.892 INFO             PET3     ESM SetModelServices() enter: PET=2 lpid=2 tid=0 pid=2 peCount=1 accCount=0
20231006 123127.892 INFO             PET3     ESM SetModelServices() enter:  PE=2 SSI=0 SSIPE=2
20231006 123127.892 INFO             PET3     ESM SetModelServices() enter: PET=3 lpid=3 tid=0 pid=3 peCount=1 accCount=0
20231006 123127.892 INFO             PET3     ESM SetModelServices() enter:  PE=3 SSI=0 SSIPE=3
20231006 123127.892 INFO             PET3     ESM SetModelServices() enter: --- VMK::log() end ---------------------------------------
20231006 123127.893 INFO             PET3     esm - Creating model component ATM with petList of size 3 :
20231006 123127.893 INFO             PET3           0      1      3
20231006 123127.893 DEBUG            PET3     Generic SetVM() is executing for: ATM
20231006 123127.893 ERROR            PET3 ATM:src/addon/NUOPC/src/NUOPC_Base.F90:5572     Invalid argument  - Generic SetVM() detected lacking Pthreads support for: ATM
20231006 123127.893 ERROR            PET3 esm:src/addon/NUOPC/src/NUOPC_Driver.F90:4771     Invalid argument  - Passing error in return code
20231006 123127.893 ERROR            PET3 esm.F90:179     Invalid argument  - Passing error in return code
20231006 123127.893 ERROR            PET3 esm:src/addon/NUOPC/src/NUOPC_Driver.F90:797     Invalid argument  - Passing error in return code
20231006 123127.893 ERROR            PET3 esm:src/addon/NUOPC/src/NUOPC_Driver.F90:486     Invalid argument  - Passing error in return code
20231006 123127.893 ERROR            PET3 esmApp.F90:89     Invalid argument  - Passing error in return code
20231006 123127.893 INFO             PET3     Finalizing ESMF
