2023-10-29 02:37:44
20231029 030547.384 INFO             PET0 !!!!!!!!!!!!!!!!!!!!!!!!!!!!!!!!!!!!!!!!!!!!!!!!!!!!!!
20231029 030547.385 INFO             PET0 !!! THE ESMF_LOG IS SET TO OUTPUT ALL LOG MESSAGES !!!
20231029 030547.385 INFO             PET0 !!!     THIS MAY CAUSE SLOWDOWN IN PERFORMANCE     !!!
20231029 030547.385 INFO             PET0 !!! FOR PRODUCTION RUNS, USE:                      !!!
20231029 030547.385 INFO             PET0 !!!                   ESMF_LOGKIND_Multi_On_Error  !!!
20231029 030547.385 INFO             PET0 !!!!!!!!!!!!!!!!!!!!!!!!!!!!!!!!!!!!!!!!!!!!!!!!!!!!!!
20231029 030547.385 INFO             PET0 Running with ESMF Version   : v8.6.0b13
20231029 030547.385 INFO             PET0 ESMF library build date/time: "Oct 29 2023" "02:35:40"
20231029 030547.385 INFO             PET0 ESMF library build location : /glade/scratch/theurich/ESMF-Nightly-Testing/gfortran_10.1.0_mpt_O_release_8.6.0/esmf
20231029 030547.385 INFO             PET0 ESMF_COMM                   : mpt
20231029 030547.385 INFO             PET0 ESMF_MOAB                   : enabled
20231029 030547.385 INFO             PET0 ESMF_LAPACK                 : enabled
20231029 030547.385 INFO             PET0 ESMF_NETCDF                 : enabled
20231029 030547.385 INFO             PET0 ESMF_PNETCDF                : disabled
20231029 030547.385 INFO             PET0 ESMF_PIO                    : enabled
20231029 030547.385 INFO             PET0 ESMF_YAMLCPP                : enabled
20231029 030547.387 INFO             PET0  NUMBER_OF_PROCESSORS           1
20231029 030547.387 INFO             PET0  PASS  Example ESMF_XGridSparseMatEx, ESMF_XGridSparseMatEx.F90, line 642
20231029 030547.387 INFO             PET0  Finalizing ESMF
