2023-11-06 02:35:38
20231106 030456.812 INFO             PET0 !!!!!!!!!!!!!!!!!!!!!!!!!!!!!!!!!!!!!!!!!!!!!!!!!!!!!!
20231106 030456.812 INFO             PET0 !!! THE ESMF_LOG IS SET TO OUTPUT ALL LOG MESSAGES !!!
20231106 030456.812 INFO             PET0 !!!     THIS MAY CAUSE SLOWDOWN IN PERFORMANCE     !!!
20231106 030456.812 INFO             PET0 !!! FOR PRODUCTION RUNS, USE:                      !!!
20231106 030456.812 INFO             PET0 !!!                   ESMF_LOGKIND_Multi_On_Error  !!!
20231106 030456.812 INFO             PET0 !!!!!!!!!!!!!!!!!!!!!!!!!!!!!!!!!!!!!!!!!!!!!!!!!!!!!!
20231106 030456.812 INFO             PET0 Running with ESMF Version   : v8.6.0b14
20231106 030456.812 INFO             PET0 ESMF library build date/time: "Nov  6 2023" "02:33:34"
20231106 030456.812 INFO             PET0 ESMF library build location : /glade/scratch/theurich/ESMF-Nightly-Testing/gfortran_10.1.0_mpt_O_release_8.6.0/esmf
20231106 030456.812 INFO             PET0 ESMF_COMM                   : mpt
20231106 030456.812 INFO             PET0 ESMF_MOAB                   : enabled
20231106 030456.812 INFO             PET0 ESMF_LAPACK                 : enabled
20231106 030456.812 INFO             PET0 ESMF_NETCDF                 : enabled
20231106 030456.812 INFO             PET0 ESMF_PNETCDF                : disabled
20231106 030456.812 INFO             PET0 ESMF_PIO                    : enabled
20231106 030456.812 INFO             PET0 ESMF_YAMLCPP                : enabled
20231106 030456.842 DEBUG            PET0 about to destroy Grid: 0x2e9f6a0
20231106 030456.845 DEBUG            PET0 about to destroy Grid: 0x2ea0840
20231106 030456.856 INFO             PET0  NUMBER_OF_PROCESSORS           4
20231106 030456.856 INFO             PET0  PASS  Example ESMF_NUOPCAtmModelEx, ESMF_NUOPCAtmModelEx.F90, line 806
20231106 030456.856 INFO             PET0  Finalizing ESMF
20231106 030456.812 INFO             PET1 !!!!!!!!!!!!!!!!!!!!!!!!!!!!!!!!!!!!!!!!!!!!!!!!!!!!!!
20231106 030456.812 INFO             PET1 !!! THE ESMF_LOG IS SET TO OUTPUT ALL LOG MESSAGES !!!
20231106 030456.812 INFO             PET1 !!!     THIS MAY CAUSE SLOWDOWN IN PERFORMANCE     !!!
20231106 030456.812 INFO             PET1 !!! FOR PRODUCTION RUNS, USE:                      !!!
20231106 030456.812 INFO             PET1 !!!                   ESMF_LOGKIND_Multi_On_Error  !!!
20231106 030456.812 INFO             PET1 !!!!!!!!!!!!!!!!!!!!!!!!!!!!!!!!!!!!!!!!!!!!!!!!!!!!!!
20231106 030456.812 INFO             PET1 Running with ESMF Version   : v8.6.0b14
20231106 030456.812 INFO             PET1 ESMF library build date/time: "Nov  6 2023" "02:33:34"
20231106 030456.812 INFO             PET1 ESMF library build location : /glade/scratch/theurich/ESMF-Nightly-Testing/gfortran_10.1.0_mpt_O_release_8.6.0/esmf
20231106 030456.812 INFO             PET1 ESMF_COMM                   : mpt
20231106 030456.812 INFO             PET1 ESMF_MOAB                   : enabled
20231106 030456.812 INFO             PET1 ESMF_LAPACK                 : enabled
20231106 030456.812 INFO             PET1 ESMF_NETCDF                 : enabled
20231106 030456.812 INFO             PET1 ESMF_PNETCDF                : disabled
20231106 030456.812 INFO             PET1 ESMF_PIO                    : enabled
20231106 030456.812 INFO             PET1 ESMF_YAMLCPP                : enabled
20231106 030456.842 DEBUG            PET1 about to destroy Grid: 0x2e9f830
20231106 030456.845 DEBUG            PET1 about to destroy Grid: 0x2ea0420
20231106 030456.856 INFO             PET1  NUMBER_OF_PROCESSORS           4
20231106 030456.856 INFO             PET1  PASS  Example ESMF_NUOPCAtmModelEx, ESMF_NUOPCAtmModelEx.F90, line 806
20231106 030456.856 INFO             PET1  Finalizing ESMF
20231106 030456.812 INFO             PET2 !!!!!!!!!!!!!!!!!!!!!!!!!!!!!!!!!!!!!!!!!!!!!!!!!!!!!!
20231106 030456.812 INFO             PET2 !!! THE ESMF_LOG IS SET TO OUTPUT ALL LOG MESSAGES !!!
20231106 030456.812 INFO             PET2 !!!     THIS MAY CAUSE SLOWDOWN IN PERFORMANCE     !!!
20231106 030456.812 INFO             PET2 !!! FOR PRODUCTION RUNS, USE:                      !!!
20231106 030456.812 INFO             PET2 !!!                   ESMF_LOGKIND_Multi_On_Error  !!!
20231106 030456.812 INFO             PET2 !!!!!!!!!!!!!!!!!!!!!!!!!!!!!!!!!!!!!!!!!!!!!!!!!!!!!!
20231106 030456.812 INFO             PET2 Running with ESMF Version   : v8.6.0b14
20231106 030456.812 INFO             PET2 ESMF library build date/time: "Nov  6 2023" "02:33:34"
20231106 030456.812 INFO             PET2 ESMF library build location : /glade/scratch/theurich/ESMF-Nightly-Testing/gfortran_10.1.0_mpt_O_release_8.6.0/esmf
20231106 030456.812 INFO             PET2 ESMF_COMM                   : mpt
20231106 030456.812 INFO             PET2 ESMF_MOAB                   : enabled
20231106 030456.812 INFO             PET2 ESMF_LAPACK                 : enabled
20231106 030456.812 INFO             PET2 ESMF_NETCDF                 : enabled
20231106 030456.812 INFO             PET2 ESMF_PNETCDF                : disabled
20231106 030456.812 INFO             PET2 ESMF_PIO                    : enabled
20231106 030456.812 INFO             PET2 ESMF_YAMLCPP                : enabled
20231106 030456.842 DEBUG            PET2 about to destroy Grid: 0x2e9ecf0
20231106 030456.845 DEBUG            PET2 about to destroy Grid: 0x2e9f640
20231106 030456.856 INFO             PET2  NUMBER_OF_PROCESSORS           4
20231106 030456.856 INFO             PET2  PASS  Example ESMF_NUOPCAtmModelEx, ESMF_NUOPCAtmModelEx.F90, line 806
20231106 030456.856 INFO             PET2  Finalizing ESMF
20231106 030456.812 INFO             PET3 !!!!!!!!!!!!!!!!!!!!!!!!!!!!!!!!!!!!!!!!!!!!!!!!!!!!!!
20231106 030456.812 INFO             PET3 !!! THE ESMF_LOG IS SET TO OUTPUT ALL LOG MESSAGES !!!
20231106 030456.812 INFO             PET3 !!!     THIS MAY CAUSE SLOWDOWN IN PERFORMANCE     !!!
20231106 030456.812 INFO             PET3 !!! FOR PRODUCTION RUNS, USE:                      !!!
20231106 030456.812 INFO             PET3 !!!                   ESMF_LOGKIND_Multi_On_Error  !!!
20231106 030456.812 INFO             PET3 !!!!!!!!!!!!!!!!!!!!!!!!!!!!!!!!!!!!!!!!!!!!!!!!!!!!!!
20231106 030456.812 INFO             PET3 Running with ESMF Version   : v8.6.0b14
20231106 030456.812 INFO             PET3 ESMF library build date/time: "Nov  6 2023" "02:33:34"
20231106 030456.812 INFO             PET3 ESMF library build location : /glade/scratch/theurich/ESMF-Nightly-Testing/gfortran_10.1.0_mpt_O_release_8.6.0/esmf
20231106 030456.812 INFO             PET3 ESMF_COMM                   : mpt
20231106 030456.812 INFO             PET3 ESMF_MOAB                   : enabled
20231106 030456.812 INFO             PET3 ESMF_LAPACK                 : enabled
20231106 030456.812 INFO             PET3 ESMF_NETCDF                 : enabled
20231106 030456.812 INFO             PET3 ESMF_PNETCDF                : disabled
20231106 030456.812 INFO             PET3 ESMF_PIO                    : enabled
20231106 030456.812 INFO             PET3 ESMF_YAMLCPP                : enabled
20231106 030456.842 DEBUG            PET3 about to destroy Grid: 0x2e9edf0
20231106 030456.845 DEBUG            PET3 about to destroy Grid: 0x2e9f740
20231106 030456.856 INFO             PET3  NUMBER_OF_PROCESSORS           4
20231106 030456.856 INFO             PET3  PASS  Example ESMF_NUOPCAtmModelEx, ESMF_NUOPCAtmModelEx.F90, line 806
20231106 030456.856 INFO             PET3  Finalizing ESMF
