2023-10-12 02:11:49
20231012 023209.284 INFO             PET0 !!!!!!!!!!!!!!!!!!!!!!!!!!!!!!!!!!!!!!!!!!!!!!!!!!!!!!
20231012 023209.284 INFO             PET0 !!! THE ESMF_LOG IS SET TO OUTPUT ALL LOG MESSAGES !!!
20231012 023209.284 INFO             PET0 !!!     THIS MAY CAUSE SLOWDOWN IN PERFORMANCE     !!!
20231012 023209.284 INFO             PET0 !!! FOR PRODUCTION RUNS, USE:                      !!!
20231012 023209.284 INFO             PET0 !!!                   ESMF_LOGKIND_Multi_On_Error  !!!
20231012 023209.284 INFO             PET0 !!!!!!!!!!!!!!!!!!!!!!!!!!!!!!!!!!!!!!!!!!!!!!!!!!!!!!
20231012 023209.284 INFO             PET0 Running with ESMF Version   : v8.6.0b08-5-gefca49259f
20231012 023209.284 INFO             PET0 ESMF library build date/time: "Oct 12 2023" "02:10:33"
20231012 023209.284 INFO             PET0 ESMF library build location : /glade/derecho/scratch/theurich/ESMF-Nightly-Testing/intel_2023.0.0-classic_mpiuni_O_develop/esmf
20231012 023209.284 INFO             PET0 ESMF_COMM                   : mpiuni
20231012 023209.285 INFO             PET0 ESMF_MOAB                   : enabled
20231012 023209.285 INFO             PET0 ESMF_LAPACK                 : enabled
20231012 023209.285 INFO             PET0 ESMF_NETCDF                 : enabled
20231012 023209.285 INFO             PET0 ESMF_PNETCDF                : disabled
20231012 023209.285 INFO             PET0 ESMF_PIO                    : disabled
20231012 023209.285 INFO             PET0 ESMF_YAMLCPP                : enabled
20231012 023209.285 INFO             PET0 Log Write 2
20231012 023209.285 ERROR            PET0 Invalid object  - Convergence failure
20231012 023209.285 ERROR            PET0 ESMCI_Fraction.C:1444 ESMCI::Fraction::validate() must have non-zero denominator.
20231012 023209.285 ERROR            PET0 ESMCI_Time.C:838 ESMCI::Time::syncToRealTime() Wrong argument specified  - ; calkindflag is JULIANDAY, MODJULIANDAY or NOCALENDAR.
20231012 023209.285 ERROR            PET0 ESMF_Time.F90:1485 ESMF_TimeSyncToRealTime() Wrong argument specified  - Internal subroutine call returned Error
20231012 023209.285 ERROR            PET0 Wrong argument specified  - getting wall clock time
20231012 023209.286 INFO             PET0  NUMBER_OF_PROCESSORS           1
20231012 023209.287 INFO             PET0  PASS  Example ESMF_LogErrEx, ESMF_LogErrEx.F90, line 186
20231012 023209.287 INFO             PET0  Finalizing ESMF
