2023-10-22 02:24:12
20231022 024432.529 INFO             PET0 !!!!!!!!!!!!!!!!!!!!!!!!!!!!!!!!!!!!!!!!!!!!!!!!!!!!!!
20231022 024432.529 INFO             PET0 !!! THE ESMF_LOG IS SET TO OUTPUT ALL LOG MESSAGES !!!
20231022 024432.529 INFO             PET0 !!!     THIS MAY CAUSE SLOWDOWN IN PERFORMANCE     !!!
20231022 024432.529 INFO             PET0 !!! FOR PRODUCTION RUNS, USE:                      !!!
20231022 024432.529 INFO             PET0 !!!                   ESMF_LOGKIND_Multi_On_Error  !!!
20231022 024432.529 INFO             PET0 !!!!!!!!!!!!!!!!!!!!!!!!!!!!!!!!!!!!!!!!!!!!!!!!!!!!!!
20231022 024432.529 INFO             PET0 Running with ESMF Version   : v8.6.0b10-15-g69098dfbff
20231022 024432.529 INFO             PET0 ESMF library build date/time: "Oct 22 2023" "02:22:57"
20231022 024432.529 INFO             PET0 ESMF library build location : /glade/derecho/scratch/theurich/ESMF-Nightly-Testing/intel_2023.0.0-classic_mpiuni_O_develop/esmf
20231022 024432.529 INFO             PET0 ESMF_COMM                   : mpiuni
20231022 024432.530 INFO             PET0 ESMF_MOAB                   : enabled
20231022 024432.530 INFO             PET0 ESMF_LAPACK                 : enabled
20231022 024432.530 INFO             PET0 ESMF_NETCDF                 : enabled
20231022 024432.530 INFO             PET0 ESMF_PNETCDF                : disabled
20231022 024432.530 INFO             PET0 ESMF_PIO                    : disabled
20231022 024432.530 INFO             PET0 ESMF_YAMLCPP                : enabled
20231022 024432.538 INFO             PET0  NUMBER_OF_PROCESSORS           1
20231022 024432.538 INFO             PET0  PASS  Example ESMF_StateReadWriteEx, ESMF_StateReadWriteEx.F90, line 185
20231022 024432.538 INFO             PET0  Finalizing ESMF
