2023-10-20 01:40:22
20231020 020041.234 INFO             PET0 !!!!!!!!!!!!!!!!!!!!!!!!!!!!!!!!!!!!!!!!!!!!!!!!!!!!!!
20231020 020041.234 INFO             PET0 !!! THE ESMF_LOG IS SET TO OUTPUT ALL LOG MESSAGES !!!
20231020 020041.234 INFO             PET0 !!!     THIS MAY CAUSE SLOWDOWN IN PERFORMANCE     !!!
20231020 020041.234 INFO             PET0 !!! FOR PRODUCTION RUNS, USE:                      !!!
20231020 020041.234 INFO             PET0 !!!                   ESMF_LOGKIND_Multi_On_Error  !!!
20231020 020041.234 INFO             PET0 !!!!!!!!!!!!!!!!!!!!!!!!!!!!!!!!!!!!!!!!!!!!!!!!!!!!!!
20231020 020041.234 INFO             PET0 Running with ESMF Version   : v8.6.0b10
20231020 020041.234 INFO             PET0 ESMF library build date/time: "Oct 20 2023" "01:39:08"
20231020 020041.234 INFO             PET0 ESMF library build location : /glade/derecho/scratch/theurich/ESMF-Nightly-Testing/intel_2023.0.0-classic_mpiuni_O_develop/esmf
20231020 020041.234 INFO             PET0 ESMF_COMM                   : mpiuni
20231020 020041.235 INFO             PET0 ESMF_MOAB                   : enabled
20231020 020041.235 INFO             PET0 ESMF_LAPACK                 : enabled
20231020 020041.235 INFO             PET0 ESMF_NETCDF                 : enabled
20231020 020041.235 INFO             PET0 ESMF_PNETCDF                : disabled
20231020 020041.235 INFO             PET0 ESMF_PIO                    : disabled
20231020 020041.235 INFO             PET0 ESMF_YAMLCPP                : enabled
20231020 020041.267 INFO             PET0  NUMBER_OF_PROCESSORS           1
20231020 020041.268 INFO             PET0  PASS  Example ESMF_RHandleDynamicMaskingEx, ESMF_RHandleDynamicMaskingEx.F90, line 1116
20231020 020041.268 INFO             PET0  Finalizing ESMF
