2023-10-17 17:44:12
20231017 180644.527 INFO             PET0 !!!!!!!!!!!!!!!!!!!!!!!!!!!!!!!!!!!!!!!!!!!!!!!!!!!!!!
20231017 180644.527 INFO             PET0 !!! THE ESMF_LOG IS SET TO OUTPUT ALL LOG MESSAGES !!!
20231017 180644.527 INFO             PET0 !!!     THIS MAY CAUSE SLOWDOWN IN PERFORMANCE     !!!
20231017 180644.527 INFO             PET0 !!! FOR PRODUCTION RUNS, USE:                      !!!
20231017 180644.527 INFO             PET0 !!!                   ESMF_LOGKIND_Multi_On_Error  !!!
20231017 180644.527 INFO             PET0 !!!!!!!!!!!!!!!!!!!!!!!!!!!!!!!!!!!!!!!!!!!!!!!!!!!!!!
20231017 180644.527 INFO             PET0 Running with ESMF Version   : v8.6.0b09-20-g8d1ee58df9
20231017 180644.527 INFO             PET0 ESMF library build date/time: "Oct 17 2023" "17:42:40"
20231017 180644.527 INFO             PET0 ESMF library build location : /glade/derecho/scratch/theurich/ESMF-Nightly-Testing/gfortran_12.2.0_pio2.5.10_mpi_O_feature_devList/esmf
20231017 180644.527 INFO             PET0 ESMF_COMM                   : mpi
20231017 180644.528 INFO             PET0 ESMF_MOAB                   : enabled
20231017 180644.528 INFO             PET0 ESMF_LAPACK                 : enabled
20231017 180644.528 INFO             PET0 ESMF_NETCDF                 : enabled
20231017 180644.528 INFO             PET0 ESMF_PNETCDF                : disabled
20231017 180644.528 INFO             PET0 ESMF_PIO                    : enabled
20231017 180644.528 INFO             PET0 ESMF_YAMLCPP                : enabled
20231017 180644.532 INFO             PET0  NUMBER_OF_PROCESSORS           4
20231017 180644.532 INFO             PET0  PASS  Example ESMF_ConfigOverviewEx, ESMF_ConfigOverviewEx.F90, line 638
20231017 180644.532 INFO             PET0  Finalizing ESMF
20231017 180644.527 INFO             PET1 !!!!!!!!!!!!!!!!!!!!!!!!!!!!!!!!!!!!!!!!!!!!!!!!!!!!!!
20231017 180644.527 INFO             PET1 !!! THE ESMF_LOG IS SET TO OUTPUT ALL LOG MESSAGES !!!
20231017 180644.527 INFO             PET1 !!!     THIS MAY CAUSE SLOWDOWN IN PERFORMANCE     !!!
20231017 180644.527 INFO             PET1 !!! FOR PRODUCTION RUNS, USE:                      !!!
20231017 180644.527 INFO             PET1 !!!                   ESMF_LOGKIND_Multi_On_Error  !!!
20231017 180644.527 INFO             PET1 !!!!!!!!!!!!!!!!!!!!!!!!!!!!!!!!!!!!!!!!!!!!!!!!!!!!!!
20231017 180644.527 INFO             PET1 Running with ESMF Version   : v8.6.0b09-20-g8d1ee58df9
20231017 180644.527 INFO             PET1 ESMF library build date/time: "Oct 17 2023" "17:42:40"
20231017 180644.527 INFO             PET1 ESMF library build location : /glade/derecho/scratch/theurich/ESMF-Nightly-Testing/gfortran_12.2.0_pio2.5.10_mpi_O_feature_devList/esmf
20231017 180644.527 INFO             PET1 ESMF_COMM                   : mpi
20231017 180644.527 INFO             PET1 ESMF_MOAB                   : enabled
20231017 180644.527 INFO             PET1 ESMF_LAPACK                 : enabled
20231017 180644.527 INFO             PET1 ESMF_NETCDF                 : enabled
20231017 180644.527 INFO             PET1 ESMF_PNETCDF                : disabled
20231017 180644.527 INFO             PET1 ESMF_PIO                    : enabled
20231017 180644.527 INFO             PET1 ESMF_YAMLCPP                : enabled
20231017 180644.532 INFO             PET1  NUMBER_OF_PROCESSORS           4
20231017 180644.532 INFO             PET1  PASS  Example ESMF_ConfigOverviewEx, ESMF_ConfigOverviewEx.F90, line 638
20231017 180644.532 INFO             PET1  Finalizing ESMF
20231017 180644.526 INFO             PET2 !!!!!!!!!!!!!!!!!!!!!!!!!!!!!!!!!!!!!!!!!!!!!!!!!!!!!!
20231017 180644.526 INFO             PET2 !!! THE ESMF_LOG IS SET TO OUTPUT ALL LOG MESSAGES !!!
20231017 180644.526 INFO             PET2 !!!     THIS MAY CAUSE SLOWDOWN IN PERFORMANCE     !!!
20231017 180644.527 INFO             PET2 !!! FOR PRODUCTION RUNS, USE:                      !!!
20231017 180644.527 INFO             PET2 !!!                   ESMF_LOGKIND_Multi_On_Error  !!!
20231017 180644.527 INFO             PET2 !!!!!!!!!!!!!!!!!!!!!!!!!!!!!!!!!!!!!!!!!!!!!!!!!!!!!!
20231017 180644.527 INFO             PET2 Running with ESMF Version   : v8.6.0b09-20-g8d1ee58df9
20231017 180644.527 INFO             PET2 ESMF library build date/time: "Oct 17 2023" "17:42:40"
20231017 180644.527 INFO             PET2 ESMF library build location : /glade/derecho/scratch/theurich/ESMF-Nightly-Testing/gfortran_12.2.0_pio2.5.10_mpi_O_feature_devList/esmf
20231017 180644.527 INFO             PET2 ESMF_COMM                   : mpi
20231017 180644.527 INFO             PET2 ESMF_MOAB                   : enabled
20231017 180644.527 INFO             PET2 ESMF_LAPACK                 : enabled
20231017 180644.527 INFO             PET2 ESMF_NETCDF                 : enabled
20231017 180644.527 INFO             PET2 ESMF_PNETCDF                : disabled
20231017 180644.527 INFO             PET2 ESMF_PIO                    : enabled
20231017 180644.527 INFO             PET2 ESMF_YAMLCPP                : enabled
20231017 180644.532 INFO             PET2  NUMBER_OF_PROCESSORS           4
20231017 180644.532 INFO             PET2  PASS  Example ESMF_ConfigOverviewEx, ESMF_ConfigOverviewEx.F90, line 638
20231017 180644.532 INFO             PET2  Finalizing ESMF
20231017 180644.527 INFO             PET3 !!!!!!!!!!!!!!!!!!!!!!!!!!!!!!!!!!!!!!!!!!!!!!!!!!!!!!
20231017 180644.527 INFO             PET3 !!! THE ESMF_LOG IS SET TO OUTPUT ALL LOG MESSAGES !!!
20231017 180644.527 INFO             PET3 !!!     THIS MAY CAUSE SLOWDOWN IN PERFORMANCE     !!!
20231017 180644.527 INFO             PET3 !!! FOR PRODUCTION RUNS, USE:                      !!!
20231017 180644.527 INFO             PET3 !!!                   ESMF_LOGKIND_Multi_On_Error  !!!
20231017 180644.527 INFO             PET3 !!!!!!!!!!!!!!!!!!!!!!!!!!!!!!!!!!!!!!!!!!!!!!!!!!!!!!
20231017 180644.527 INFO             PET3 Running with ESMF Version   : v8.6.0b09-20-g8d1ee58df9
20231017 180644.527 INFO             PET3 ESMF library build date/time: "Oct 17 2023" "17:42:40"
20231017 180644.527 INFO             PET3 ESMF library build location : /glade/derecho/scratch/theurich/ESMF-Nightly-Testing/gfortran_12.2.0_pio2.5.10_mpi_O_feature_devList/esmf
20231017 180644.527 INFO             PET3 ESMF_COMM                   : mpi
20231017 180644.530 INFO             PET3 ESMF_MOAB                   : enabled
20231017 180644.530 INFO             PET3 ESMF_LAPACK                 : enabled
20231017 180644.530 INFO             PET3 ESMF_NETCDF                 : enabled
20231017 180644.530 INFO             PET3 ESMF_PNETCDF                : disabled
20231017 180644.530 INFO             PET3 ESMF_PIO                    : enabled
20231017 180644.530 INFO             PET3 ESMF_YAMLCPP                : enabled
20231017 180644.532 INFO             PET3  NUMBER_OF_PROCESSORS           4
20231017 180644.532 INFO             PET3  PASS  Example ESMF_ConfigOverviewEx, ESMF_ConfigOverviewEx.F90, line 638
20231017 180644.532 INFO             PET3  Finalizing ESMF
