2023-10-05 04:12:14
forrtl: severe (174): SIGSEGV, segmentation fault occurred
Image              PC                Routine            Line        Source             
esmApp             000000000046086D  for__signal_handl     Unknown  Unknown
libpthread-2.22.s  00002B30695C2C00  Unknown               Unknown  Unknown
libesmf.so         00002B3065E53C13  esmf_pointlistmod     Unknown  Unknown
libesmf.so         00002B3065E53619  esmf_pointlistmod     Unknown  Unknown
libesmf.so         00002B3065B6FF01  esmf_fieldregridm     Unknown  Unknown
libesmf.so         00002B3065B6CF36  esmf_fieldregridm     Unknown  Unknown
libesmf.so         00002B30659E812D  esmf_fieldbundlem     Unknown  Unknown
libesmf.so         00002B3066181BF3  nuopc_connector_m     Unknown  Unknown
libesmf.so         00002B3066196B75  nuopc_connector_m     Unknown  Unknown
libesmf.so         00002B3064F88D4B  _ZN5ESMCI6FTable1     Unknown  Unknown
libesmf.so         00002B3064F8CD1B  ESMCI_FTableCallE     Unknown  Unknown
libesmf.so         00002B30656D2C8A  _ZN5ESMCI3VMK5ent     Unknown  Unknown
libesmf.so         00002B30656F3B65  _ZN5ESMCI2VM5ente     Unknown  Unknown
libesmf.so         00002B3064F8A40A  c_esmc_ftablecall     Unknown  Unknown
libesmf.so         00002B30659675A4  esmf_compmod_mp_e     Unknown  Unknown
libesmf.so         00002B306597D3AF  esmf_cplcompmod_m     Unknown  Unknown
libesmf.so         00002B30661F6550  nuopc_driver_mp_l     Unknown  Unknown
libesmf.so         00002B3066215BDF  nuopc_driver_mp_i     Unknown  Unknown
libesmf.so         00002B3066228719  nuopc_driver_mp_i     Unknown  Unknown
libesmf.so         00002B3064F88D4B  _ZN5ESMCI6FTable1     Unknown  Unknown
libesmf.so         00002B3064F8CD1B  ESMCI_FTableCallE     Unknown  Unknown
libesmf.so         00002B30656D2C8A  _ZN5ESMCI3VMK5ent     Unknown  Unknown
libesmf.so         00002B30656F3B65  _ZN5ESMCI2VM5ente     Unknown  Unknown
libesmf.so         00002B3064F8A40A  c_esmc_ftablecall     Unknown  Unknown
libesmf.so         00002B30659675A4  esmf_compmod_mp_e     Unknown  Unknown
libesmf.so         00002B3065BBA4AF  esmf_gridcompmod_     Unknown  Unknown
esmApp             0000000000414F24  Unknown               Unknown  Unknown
esmApp             000000000041499E  Unknown               Unknown  Unknown
libc-2.22.so       00002B30697F1A35  __libc_start_main     Unknown  Unknown
esmApp             00000000004148A9  Unknown               Unknown  Unknown
forrtl: severe (174): SIGSEGV, segmentation fault occurred
Image              PC                Routine            Line        Source             
esmApp             000000000046086D  for__signal_handl     Unknown  Unknown
libpthread-2.22.s  00002B7214035C00  Unknown               Unknown  Unknown
libesmf.so         00002B72108C6C13  esmf_pointlistmod     Unknown  Unknown
libesmf.so         00002B72108C6619  esmf_pointlistmod     Unknown  Unknown
libesmf.so         00002B72105E2F01  esmf_fieldregridm     Unknown  Unknown
libesmf.so         00002B72105DFFC9  esmf_fieldregridm     Unknown  Unknown
libesmf.so         00002B721045B12D  esmf_fieldbundlem     Unknown  Unknown
libesmf.so         00002B7210BF4BF3  nuopc_connector_m     Unknown  Unknown
libesmf.so         00002B7210C09B75  nuopc_connector_m     Unknown  Unknown
libesmf.so         00002B720F9FBD4B  _ZN5ESMCI6FTable1     Unknown  Unknown
libesmf.so         00002B720F9FFD1B  ESMCI_FTableCallE     Unknown  Unknown
libesmf.so         00002B7210145C8A  _ZN5ESMCI3VMK5ent     Unknown  Unknown
libesmf.so         00002B7210166B65  _ZN5ESMCI2VM5ente     Unknown  Unknown
libesmf.so         00002B720F9FD40A  c_esmc_ftablecall     Unknown  Unknown
libesmf.so         00002B72103DA5A4  esmf_compmod_mp_e     Unknown  Unknown
libesmf.so         00002B72103F03AF  esmf_cplcompmod_m     Unknown  Unknown
libesmf.so         00002B7210C69550  nuopc_driver_mp_l     Unknown  Unknown
libesmf.so         00002B7210C88BDF  nuopc_driver_mp_i     Unknown  Unknown
libesmf.so         00002B7210C9B719  nuopc_driver_mp_i     Unknown  Unknown
libesmf.so         00002B720F9FBD4B  _ZN5ESMCI6FTable1     Unknown  Unknown
libesmf.so         00002B720F9FFD1B  ESMCI_FTableCallE     Unknown  Unknown
libesmf.so         00002B7210145C8A  _ZN5ESMCI3VMK5ent     Unknown  Unknown
libesmf.so         00002B7210166B65  _ZN5ESMCI2VM5ente     Unknown  Unknown
libesmf.so         00002B720F9FD40A  c_esmc_ftablecall     Unknown  Unknown
libesmf.so         00002B72103DA5A4  esmf_compmod_mp_e     Unknown  Unknown
libesmf.so         00002B721062D4AF  esmf_gridcompmod_     Unknown  Unknown
esmApp             0000000000414F24  Unknown               Unknown  Unknown
esmApp             000000000041499E  Unknown               Unknown  Unknown
libc-2.22.so       00002B7214264A35  __libc_start_main     Unknown  Unknown
esmApp             00000000004148A9  Unknown               Unknown  Unknown
forrtl: severe (174): SIGSEGV, segmentation fault occurred
Image              PC                Routine            Line        Source             
esmApp             000000000046086D  for__signal_handl     Unknown  Unknown
libpthread-2.22.s  00002B895CEB5C00  Unknown               Unknown  Unknown
libesmf.so         00002B8959746C13  esmf_pointlistmod     Unknown  Unknown
libesmf.so         00002B8959746619  esmf_pointlistmod     Unknown  Unknown
libesmf.so         00002B8959462F01  esmf_fieldregridm     Unknown  Unknown
libesmf.so         00002B895945FFC9  esmf_fieldregridm     Unknown  Unknown
libesmf.so         00002B89592DB12D  esmf_fieldbundlem     Unknown  Unknown
libesmf.so         00002B8959A74BF3  nuopc_connector_m     Unknown  Unknown
libesmf.so         00002B8959A89B75  nuopc_connector_m     Unknown  Unknown
libesmf.so         00002B895887BD4B  _ZN5ESMCI6FTable1     Unknown  Unknown
libesmf.so         00002B895887FD1B  ESMCI_FTableCallE     Unknown  Unknown
libesmf.so         00002B8958FC5C8A  _ZN5ESMCI3VMK5ent     Unknown  Unknown
libesmf.so         00002B8958FE6B65  _ZN5ESMCI2VM5ente     Unknown  Unknown
libesmf.so         00002B895887D40A  c_esmc_ftablecall     Unknown  Unknown
libesmf.so         00002B895925A5A4  esmf_compmod_mp_e     Unknown  Unknown
libesmf.so         00002B89592703AF  esmf_cplcompmod_m     Unknown  Unknown
libesmf.so         00002B8959AE9550  nuopc_driver_mp_l     Unknown  Unknown
libesmf.so         00002B8959B08BDF  nuopc_driver_mp_i     Unknown  Unknown
libesmf.so         00002B8959B1B719  nuopc_driver_mp_i     Unknown  Unknown
libesmf.so         00002B895887BD4B  _ZN5ESMCI6FTable1     Unknown  Unknown
libesmf.so         00002B895887FD1B  ESMCI_FTableCallE     Unknown  Unknown
libesmf.so         00002B8958FC5C8A  _ZN5ESMCI3VMK5ent     Unknown  Unknown
libesmf.so         00002B8958FE6B65  _ZN5ESMCI2VM5ente     Unknown  Unknown
libesmf.so         00002B895887D40A  c_esmc_ftablecall     Unknown  Unknown
libesmf.so         00002B895925A5A4  esmf_compmod_mp_e     Unknown  Unknown
libesmf.so         00002B89594AD4AF  esmf_gridcompmod_     Unknown  Unknown
esmApp             0000000000414F24  Unknown               Unknown  Unknown
esmApp             000000000041499E  Unknown               Unknown  Unknown
libc-2.22.so       00002B895D0E4A35  __libc_start_main     Unknown  Unknown
esmApp             00000000004148A9  Unknown               Unknown  Unknown
forrtl: severe (174): SIGSEGV, segmentation fault occurred
Image              PC                Routine            Line        Source             
esmApp             000000000046086D  for__signal_handl     Unknown  Unknown
libpthread-2.22.s  00002B419D3A9C00  Unknown               Unknown  Unknown
libesmf.so         00002B4199C3AC13  esmf_pointlistmod     Unknown  Unknown
libesmf.so         00002B4199C3A619  esmf_pointlistmod     Unknown  Unknown
libesmf.so         00002B4199956F01  esmf_fieldregridm     Unknown  Unknown
libesmf.so         00002B4199953F36  esmf_fieldregridm     Unknown  Unknown
libesmf.so         00002B41997CF12D  esmf_fieldbundlem     Unknown  Unknown
libesmf.so         00002B4199F68BF3  nuopc_connector_m     Unknown  Unknown
libesmf.so         00002B4199F7DB75  nuopc_connector_m     Unknown  Unknown
libesmf.so         00002B4198D6FD4B  _ZN5ESMCI6FTable1     Unknown  Unknown
libesmf.so         00002B4198D73D1B  ESMCI_FTableCallE     Unknown  Unknown
libesmf.so         00002B41994B9C8A  _ZN5ESMCI3VMK5ent     Unknown  Unknown
libesmf.so         00002B41994DAB65  _ZN5ESMCI2VM5ente     Unknown  Unknown
libesmf.so         00002B4198D7140A  c_esmc_ftablecall     Unknown  Unknown
libesmf.so         00002B419974E5A4  esmf_compmod_mp_e     Unknown  Unknown
libesmf.so         00002B41997643AF  esmf_cplcompmod_m     Unknown  Unknown
libesmf.so         00002B4199FDD550  nuopc_driver_mp_l     Unknown  Unknown
libesmf.so         00002B4199FFCBDF  nuopc_driver_mp_i     Unknown  Unknown
libesmf.so         00002B419A00F719  nuopc_driver_mp_i     Unknown  Unknown
libesmf.so         00002B4198D6FD4B  _ZN5ESMCI6FTable1     Unknown  Unknown
libesmf.so         00002B4198D73D1B  ESMCI_FTableCallE     Unknown  Unknown
libesmf.so         00002B41994B9C8A  _ZN5ESMCI3VMK5ent     Unknown  Unknown
libesmf.so         00002B41994DAB65  _ZN5ESMCI2VM5ente     Unknown  Unknown
libesmf.so         00002B4198D7140A  c_esmc_ftablecall     Unknown  Unknown
libesmf.so         00002B419974E5A4  esmf_compmod_mp_e     Unknown  Unknown
libesmf.so         00002B41999A14AF  esmf_gridcompmod_     Unknown  Unknown
esmApp             0000000000414F24  Unknown               Unknown  Unknown
esmApp             000000000041499E  Unknown               Unknown  Unknown
libc-2.22.so       00002B419D5D8A35  __libc_start_main     Unknown  Unknown
esmApp             00000000004148A9  Unknown               Unknown  Unknown
--------------------------------------------------------------------------
Primary job  terminated normally, but 1 process returned
a non-zero exit code. Per user-direction, the job has been aborted.
--------------------------------------------------------------------------
--------------------------------------------------------------------------
mpirun detected that one or more processes exited with non-zero status, thus causing
the job to be terminated. The first process to do so was:

  Process name: [[4861,1],0]
  Exit code:    174
--------------------------------------------------------------------------
