2023-10-05 07:40:23
forrtl: severe (174): SIGSEGV, segmentation fault occurred
Image              PC                Routine            Line        Source             
esmApp             000000000049615D  Unknown               Unknown  Unknown
libpthread-2.17.s  00002AFB58F7B630  Unknown               Unknown  Unknown
libesmf.so         00002AFB541951A3  esmf_pointlistmod        1018  ESMF_PointList.F90
libesmf.so         00002AFB54192E51  esmf_pointlistmod         677  ESMF_PointList.F90
libesmf.so         00002AFB538E1CEF  esmf_fieldregridm        1674  ESMF_FieldRegrid.F90
libesmf.so         00002AFB538DB0A0  esmf_fieldregridm        1052  ESMF_FieldRegrid.F90
libesmf.so         00002AFB5348A8EB  esmf_fieldbundlem       16165  ESMF_FieldBundle.F90
libesmf.so         00002AFB5474B8EB  nuopc_connector_m        7762  NUOPC_Connector.F90
libesmf.so         00002AFB54701AC8  nuopc_connector_m        5434  NUOPC_Connector.F90
libesmf.so         00002AFB526E171B  _ZN5ESMCI6FTable1        2167  ESMCI_FTable.C
libesmf.so         00002AFB526DCED0  ESMCI_FTableCallE         824  ESMCI_FTable.C
libesmf.so         00002AFB52CDDF8B  _ZN5ESMCI3VMK5ent        2316  ESMCI_VMKernel.C
libesmf.so         00002AFB52CC2D2C  _ZN5ESMCI2VM5ente        1216  ESMCI_VM.C
libesmf.so         00002AFB526DD5B9  c_esmc_ftablecall         981  ESMCI_FTable.C
libesmf.so         00002AFB53303798  esmf_compmod_mp_e        1223  ESMF_Comp.F90
libesmf.so         00002AFB53371309  esmf_cplcompmod_m        1165  ESMF_CplComp.F90
libesmf.so         00002AFB547B6898  nuopc_driver_mp_l        3086  NUOPC_Driver.F90
libesmf.so         00002AFB5479C351  nuopc_driver_mp_i        2157  NUOPC_Driver.F90
libesmf.so         00002AFB5475BDD1  nuopc_driver_mp_i         487  NUOPC_Driver.F90
libesmf.so         00002AFB526E171B  _ZN5ESMCI6FTable1        2167  ESMCI_FTable.C
libesmf.so         00002AFB526DCED0  ESMCI_FTableCallE         824  ESMCI_FTable.C
libesmf.so         00002AFB52CDDF8B  _ZN5ESMCI3VMK5ent        2316  ESMCI_VMKernel.C
libesmf.so         00002AFB52CC2D2C  _ZN5ESMCI2VM5ente        1216  ESMCI_VM.C
libesmf.so         00002AFB526DD5B9  c_esmc_ftablecall         981  ESMCI_FTable.C
libesmf.so         00002AFB53303798  esmf_compmod_mp_e        1223  ESMF_Comp.F90
libesmf.so         00002AFB53C47425  esmf_gridcompmod_        1412  ESMF_GridComp.F90
esmApp             0000000000414C26  MAIN__                     83  esmApp.F90
esmApp             000000000041419E  Unknown               Unknown  Unknown
libc-2.17.so       00002AFB59DAD555  __libc_start_main     Unknown  Unknown
esmApp             00000000004140A9  Unknown               Unknown  Unknown
forrtl: severe (174): SIGSEGV, segmentation fault occurred
Image              PC                Routine            Line        Source             
esmApp             000000000049615D  Unknown               Unknown  Unknown
libpthread-2.17.s  00002AFD7FA93630  Unknown               Unknown  Unknown
libesmf.so         00002AFD7ACAD1A3  esmf_pointlistmod        1018  ESMF_PointList.F90
libesmf.so         00002AFD7ACAAE51  esmf_pointlistmod         677  ESMF_PointList.F90
libesmf.so         00002AFD7A3F9CEF  esmf_fieldregridm        1674  ESMF_FieldRegrid.F90
libesmf.so         00002AFD7A3F31E3  esmf_fieldregridm        1061  ESMF_FieldRegrid.F90
libesmf.so         00002AFD79FA28EB  esmf_fieldbundlem       16165  ESMF_FieldBundle.F90
libesmf.so         00002AFD7B2638EB  nuopc_connector_m        7762  NUOPC_Connector.F90
libesmf.so         00002AFD7B219AC8  nuopc_connector_m        5434  NUOPC_Connector.F90
libesmf.so         00002AFD791F971B  _ZN5ESMCI6FTable1        2167  ESMCI_FTable.C
libesmf.so         00002AFD791F4ED0  ESMCI_FTableCallE         824  ESMCI_FTable.C
libesmf.so         00002AFD797F5F8B  _ZN5ESMCI3VMK5ent        2316  ESMCI_VMKernel.C
libesmf.so         00002AFD797DAD2C  _ZN5ESMCI2VM5ente        1216  ESMCI_VM.C
libesmf.so         00002AFD791F55B9  c_esmc_ftablecall         981  ESMCI_FTable.C
libesmf.so         00002AFD79E1B798  esmf_compmod_mp_e        1223  ESMF_Comp.F90
libesmf.so         00002AFD79E89309  esmf_cplcompmod_m        1165  ESMF_CplComp.F90
libesmf.so         00002AFD7B2CE898  nuopc_driver_mp_l        3086  NUOPC_Driver.F90
libesmf.so         00002AFD7B2B4351  nuopc_driver_mp_i        2157  NUOPC_Driver.F90
libesmf.so         00002AFD7B273DD1  nuopc_driver_mp_i         487  NUOPC_Driver.F90
libesmf.so         00002AFD791F971B  _ZN5ESMCI6FTable1        2167  ESMCI_FTable.C
libesmf.so         00002AFD791F4ED0  ESMCI_FTableCallE         824  ESMCI_FTable.C
libesmf.so         00002AFD797F5F8B  _ZN5ESMCI3VMK5ent        2316  ESMCI_VMKernel.C
libesmf.so         00002AFD797DAD2C  _ZN5ESMCI2VM5ente        1216  ESMCI_VM.C
libesmf.so         00002AFD791F55B9  c_esmc_ftablecall         981  ESMCI_FTable.C
libesmf.so         00002AFD79E1B798  esmf_compmod_mp_e        1223  ESMF_Comp.F90
libesmf.so         00002AFD7A75F425  esmf_gridcompmod_        1412  ESMF_GridComp.F90
esmApp             0000000000414C26  MAIN__                     83  esmApp.F90
esmApp             000000000041419E  Unknown               Unknown  Unknown
libc-2.17.so       00002AFD808C5555  __libc_start_main     Unknown  Unknown
esmApp             00000000004140A9  Unknown               Unknown  Unknown
forrtl: severe (174): SIGSEGV, segmentation fault occurred
Image              PC                Routine            Line        Source             
esmApp             000000000049615D  Unknown               Unknown  Unknown
libpthread-2.17.s  00002B86CFC09630  Unknown               Unknown  Unknown
libesmf.so         00002B86CAE231A3  esmf_pointlistmod        1018  ESMF_PointList.F90
libesmf.so         00002B86CAE20E51  esmf_pointlistmod         677  ESMF_PointList.F90
libesmf.so         00002B86CA56FCEF  esmf_fieldregridm        1674  ESMF_FieldRegrid.F90
libesmf.so         00002B86CA5690A0  esmf_fieldregridm        1052  ESMF_FieldRegrid.F90
libesmf.so         00002B86CA1188EB  esmf_fieldbundlem       16165  ESMF_FieldBundle.F90
libesmf.so         00002B86CB3D98EB  nuopc_connector_m        7762  NUOPC_Connector.F90
libesmf.so         00002B86CB38FAC8  nuopc_connector_m        5434  NUOPC_Connector.F90
libesmf.so         00002B86C936F71B  _ZN5ESMCI6FTable1        2167  ESMCI_FTable.C
libesmf.so         00002B86C936AED0  ESMCI_FTableCallE         824  ESMCI_FTable.C
libesmf.so         00002B86C996BF8B  _ZN5ESMCI3VMK5ent        2316  ESMCI_VMKernel.C
libesmf.so         00002B86C9950D2C  _ZN5ESMCI2VM5ente        1216  ESMCI_VM.C
libesmf.so         00002B86C936B5B9  c_esmc_ftablecall         981  ESMCI_FTable.C
libesmf.so         00002B86C9F91798  esmf_compmod_mp_e        1223  ESMF_Comp.F90
libesmf.so         00002B86C9FFF309  esmf_cplcompmod_m        1165  ESMF_CplComp.F90
libesmf.so         00002B86CB444898  nuopc_driver_mp_l        3086  NUOPC_Driver.F90
libesmf.so         00002B86CB42A351  nuopc_driver_mp_i        2157  NUOPC_Driver.F90
libesmf.so         00002B86CB3E9DD1  nuopc_driver_mp_i         487  NUOPC_Driver.F90
libesmf.so         00002B86C936F71B  _ZN5ESMCI6FTable1        2167  ESMCI_FTable.C
libesmf.so         00002B86C936AED0  ESMCI_FTableCallE         824  ESMCI_FTable.C
libesmf.so         00002B86C996BF8B  _ZN5ESMCI3VMK5ent        2316  ESMCI_VMKernel.C
libesmf.so         00002B86C9950D2C  _ZN5ESMCI2VM5ente        1216  ESMCI_VM.C
libesmf.so         00002B86C936B5B9  c_esmc_ftablecall         981  ESMCI_FTable.C
libesmf.so         00002B86C9F91798  esmf_compmod_mp_e        1223  ESMF_Comp.F90
libesmf.so         00002B86CA8D5425  esmf_gridcompmod_        1412  ESMF_GridComp.F90
esmApp             0000000000414C26  MAIN__                     83  esmApp.F90
esmApp             000000000041419E  Unknown               Unknown  Unknown
libc-2.17.so       00002B86D0A3B555  __libc_start_main     Unknown  Unknown
esmApp             00000000004140A9  Unknown               Unknown  Unknown
forrtl: severe (174): SIGSEGV, segmentation fault occurred
Image              PC                Routine            Line        Source             
esmApp             000000000049615D  Unknown               Unknown  Unknown
libpthread-2.17.s  00002B6CC8D68630  Unknown               Unknown  Unknown
libesmf.so         00002B6CC3F821A3  esmf_pointlistmod        1018  ESMF_PointList.F90
libesmf.so         00002B6CC3F7FE51  esmf_pointlistmod         677  ESMF_PointList.F90
libesmf.so         00002B6CC36CECEF  esmf_fieldregridm        1674  ESMF_FieldRegrid.F90
libesmf.so         00002B6CC36C81E3  esmf_fieldregridm        1061  ESMF_FieldRegrid.F90
libesmf.so         00002B6CC32778EB  esmf_fieldbundlem       16165  ESMF_FieldBundle.F90
libesmf.so         00002B6CC45388EB  nuopc_connector_m        7762  NUOPC_Connector.F90
libesmf.so         00002B6CC44EEAC8  nuopc_connector_m        5434  NUOPC_Connector.F90
libesmf.so         00002B6CC24CE71B  _ZN5ESMCI6FTable1        2167  ESMCI_FTable.C
libesmf.so         00002B6CC24C9ED0  ESMCI_FTableCallE         824  ESMCI_FTable.C
libesmf.so         00002B6CC2ACAF8B  _ZN5ESMCI3VMK5ent        2316  ESMCI_VMKernel.C
libesmf.so         00002B6CC2AAFD2C  _ZN5ESMCI2VM5ente        1216  ESMCI_VM.C
libesmf.so         00002B6CC24CA5B9  c_esmc_ftablecall         981  ESMCI_FTable.C
libesmf.so         00002B6CC30F0798  esmf_compmod_mp_e        1223  ESMF_Comp.F90
libesmf.so         00002B6CC315E309  esmf_cplcompmod_m        1165  ESMF_CplComp.F90
libesmf.so         00002B6CC45A3898  nuopc_driver_mp_l        3086  NUOPC_Driver.F90
libesmf.so         00002B6CC4589351  nuopc_driver_mp_i        2157  NUOPC_Driver.F90
libesmf.so         00002B6CC4548DD1  nuopc_driver_mp_i         487  NUOPC_Driver.F90
libesmf.so         00002B6CC24CE71B  _ZN5ESMCI6FTable1        2167  ESMCI_FTable.C
libesmf.so         00002B6CC24C9ED0  ESMCI_FTableCallE         824  ESMCI_FTable.C
libesmf.so         00002B6CC2ACAF8B  _ZN5ESMCI3VMK5ent        2316  ESMCI_VMKernel.C
libesmf.so         00002B6CC2AAFD2C  _ZN5ESMCI2VM5ente        1216  ESMCI_VM.C
libesmf.so         00002B6CC24CA5B9  c_esmc_ftablecall         981  ESMCI_FTable.C
libesmf.so         00002B6CC30F0798  esmf_compmod_mp_e        1223  ESMF_Comp.F90
libesmf.so         00002B6CC3A34425  esmf_gridcompmod_        1412  ESMF_GridComp.F90
esmApp             0000000000414C26  MAIN__                     83  esmApp.F90
esmApp             000000000041419E  Unknown               Unknown  Unknown
libc-2.17.so       00002B6CC9B9A555  __libc_start_main     Unknown  Unknown
esmApp             00000000004140A9  Unknown               Unknown  Unknown
srun: error: h20c40: tasks 0-3: Exited with exit code 174
srun: launch/slurm: _step_signal: Terminating StepId=50275230.364
