2023-10-08 04:11:06
20231008 052919.138 INFO             PET0 !!!!!!!!!!!!!!!!!!!!!!!!!!!!!!!!!!!!!!!!!!!!!!!!!!!!!!
20231008 052919.138 INFO             PET0 !!! THE ESMF_LOG IS SET TO OUTPUT ALL LOG MESSAGES !!!
20231008 052919.138 INFO             PET0 !!!     THIS MAY CAUSE SLOWDOWN IN PERFORMANCE     !!!
20231008 052919.138 INFO             PET0 !!! FOR PRODUCTION RUNS, USE:                      !!!
20231008 052919.138 INFO             PET0 !!!                   ESMF_LOGKIND_Multi_On_Error  !!!
20231008 052919.138 INFO             PET0 !!!!!!!!!!!!!!!!!!!!!!!!!!!!!!!!!!!!!!!!!!!!!!!!!!!!!!
20231008 052919.138 INFO             PET0 Running with ESMF Version   : v8.6.0b07-67-gb347190ad6
20231008 052919.138 INFO             PET0 ESMF library build date/time: "Oct  8 2023" "04:04:21"
20231008 052919.138 INFO             PET0 ESMF library build location : /glade/scratch/theurich/ESMF-Nightly-Testing/intel_18.0.5_intelmpi_g_develop/esmf
20231008 052919.138 INFO             PET0 ESMF_COMM                   : intelmpi
20231008 052919.138 INFO             PET0 ESMF_MOAB                   : enabled
20231008 052919.138 INFO             PET0 ESMF_LAPACK                 : enabled
20231008 052919.138 INFO             PET0 ESMF_NETCDF                 : enabled
20231008 052919.138 INFO             PET0 ESMF_PNETCDF                : disabled
20231008 052919.138 INFO             PET0 ESMF_PIO                    : enabled
20231008 052919.138 INFO             PET0 ESMF_YAMLCPP                : enabled
20231008 052919.139 INFO             PET0 esmApp STARTING
20231008 052919.146 INFO             PET0 esm: InitializeGeneric intro.
20231008 052919.146 INFO             PET0   esm: InitializeP0 intro.
20231008 052919.146 INFO             PET0   esm: InitializeP0 extro.
20231008 052919.146 INFO             PET0   esm: InitializeIPDv02p1 intro.
20231008 052919.146 INFO             PET0     >>>esm: entered Initialize (phase=<none>) without valid internal Clock.
20231008 052919.147 INFO             PET0     esm - Creating model component ATM without petList.
20231008 052919.151 INFO             PET0     esm - Creating model component OCN without petList.
20231008 052919.156 INFO             PET0     esm - Creating connector component ATM-TO-OCN without petList.
20231008 052919.164 INFO             PET0     esm - Creating connector component OCN-TO-ATM without petList.
20231008 052919.174 INFO             PET0     esm - Creating state: modelComp 1 Import State
20231008 052919.174 INFO             PET0     esm - Creating state: modelComp 1 Export State
20231008 052919.174 INFO             PET0     esm - Creating state: modelComp 2 Import State
20231008 052919.174 INFO             PET0     esm - Creating state: modelComp 2 Export State
20231008 052919.176 INFO             PET0     ATM: InitializeP0 intro.
20231008 052919.178 INFO             PET0     ATM: InitializeP0 extro.
20231008 052919.179 INFO             PET0     OCN: InitializeP0 intro.
20231008 052919.181 INFO             PET0     OCN: InitializeP0 extro.
20231008 052919.183 INFO             PET0     ATM-TO-OCN: InitializeP0 intro.
20231008 052919.184 INFO             PET0     ATM-TO-OCN: InitializeP0 extro.
20231008 052919.185 INFO             PET0     OCN-TO-ATM: InitializeP0 intro.
20231008 052919.186 INFO             PET0     OCN-TO-ATM: InitializeP0 extro.
20231008 052919.189 INFO             PET0     esm: IInitAdvertise intro.
20231008 052919.189 INFO             PET0     esm: IInitAdvertise extro.
20231008 052919.189 INFO             PET0     ATM: InitializeIPDvXp01 intro.
20231008 052919.193 INFO             PET0     ATM: InitializeIPDvXp01 extro.
20231008 052919.193 INFO             PET0     OCN: InitializeIPDvXp01 intro.
20231008 052919.196 INFO             PET0     OCN: InitializeIPDvXp01 extro.
20231008 052919.199 INFO             PET0     ATM-TO-OCN: InitializeIPDv05p1 intro.
20231008 052919.205 INFO             PET0     ATM-TO-OCN: InitializeIPDv05p1 extro.
20231008 052919.206 INFO             PET0     OCN-TO-ATM: InitializeIPDv05p1 intro.
20231008 052919.210 INFO             PET0     OCN-TO-ATM: InitializeIPDv05p1 extro.
20231008 052919.211 INFO             PET0     esm: IInitAdvertiseFinish intro.
20231008 052919.211 INFO             PET0     esm: IInitAdvertiseFinish extro.
20231008 052919.211 INFO             PET0     ATM-TO-OCN: InitializeIPDv05p2a intro.
20231008 052919.216 INFO             PET0     ATM-TO-OCN: InitializeIPDv05p2a extro.
20231008 052919.217 INFO             PET0     OCN-TO-ATM: InitializeIPDv05p2a intro.
20231008 052919.221 INFO             PET0     OCN-TO-ATM: InitializeIPDv05p2a extro.
20231008 052919.222 INFO             PET0     ATM-TO-OCN: InitializeIPDv05p2b intro.
20231008 052919.227 INFO             PET0     ATM-TO-OCN: InitializeIPDv05p2b extro.
20231008 052919.229 INFO             PET0     OCN-TO-ATM: InitializeIPDv05p2b intro.
20231008 052919.234 INFO             PET0     OCN-TO-ATM: InitializeIPDv05p2b extro.
20231008 052919.235 INFO             PET0     esm: IInitModifyCplLists intro.
20231008 052919.235 INFO             PET0     esm: IInitModifyCplLists extro.
20231008 052919.235 INFO             PET0     ATM-TO-OCN: InitializeIPDv05p3 intro.
20231008 052919.241 INFO             PET0     ATM-TO-OCN: InitializeIPDv05p3 extro.
20231008 052919.242 INFO             PET0     OCN-TO-ATM: InitializeIPDv05p3 intro.
20231008 052919.247 INFO             PET0     OCN-TO-ATM: InitializeIPDv05p3 extro.
20231008 052919.247 INFO             PET0     <<<esm: leaving Initialize (phase=<none>) with current time: 2010  6  1  0  0  0   0
20231008 052919.247 INFO             PET0   esm: InitializeIPDv02p1 extro.
20231008 052919.247 INFO             PET0   esm: InitializeIPDv02p3 intro.
20231008 052919.247 INFO             PET0     >>>esm: entered Initialize (phase=<none>) with current time: 2010  6  1  0  0  0   0
20231008 052919.247 INFO             PET0     esm: IInitCheck intro.
20231008 052919.248 INFO             PET0     esm: IInitCheck extro.
20231008 052919.248 INFO             PET0     atmA: InitializeIPDvXp04 intro.
20231008 052919.256 INFO             PET0     atmA: InitializeIPDvXp04 extro.
20231008 052919.256 INFO             PET0     ocnA: InitializeIPDvXp04 intro.
20231008 052919.263 INFO             PET0     ocnA: InitializeIPDvXp04 extro.
20231008 052919.266 INFO             PET0     ATM-TO-OCN: InitializeIPDv05p4 intro.
20231008 052919.274 INFO             PET0     ATM-TO-OCN: InitializeIPDv05p4 extro.
20231008 052919.274 INFO             PET0     OCN-TO-ATM: InitializeIPDv05p4 intro.
20231008 052919.280 INFO             PET0     OCN-TO-ATM: InitializeIPDv05p4 extro.
20231008 052919.281 INFO             PET0     ATM-TO-OCN: InitializeIPDv05p5 intro.
20231008 052919.289 INFO             PET0     ATM-TO-OCN: InitializeIPDv05p5 extro.
20231008 052919.289 INFO             PET0     OCN-TO-ATM: InitializeIPDv05p5 intro.
20231008 052919.295 INFO             PET0     OCN-TO-ATM: InitializeIPDv05p5 extro.
20231008 052919.295 INFO             PET0     esm: IInitRealize intro.
20231008 052919.295 INFO             PET0     esm: IInitRealize extro.
20231008 052919.296 INFO             PET0     ATM-TO-OCN: InitializeIPDv05p6a intro.
20231008 052919.303 INFO             PET0     ATM-TO-OCN: InitializeIPDv05p6a extro.
20231008 052919.304 INFO             PET0     OCN-TO-ATM: InitializeIPDv05p6a intro.
20231008 052919.309 INFO             PET0     OCN-TO-ATM: InitializeIPDv05p6a extro.
20231008 052919.309 INFO             PET0     ATM-TO-OCN: InitializeIPDv05p6b intro.
20231008 052919.385 INFO             PET0     ATM-TO-OCN: InitializeIPDv05p6b extro.
20231008 052919.386 INFO             PET0     OCN-TO-ATM: InitializeIPDv05p6b intro.
20231008 052919.453 INFO             PET0     OCN-TO-ATM: InitializeIPDv05p6b extro.
20231008 052919.454 INFO             PET0     atmA: InitializeIPDvXp07 intro.
20231008 052919.454 INFO             PET0     atmA: InitializeIPDvXp07 extro.
20231008 052919.454 INFO             PET0     ocnA: InitializeIPDvXp07 intro.
20231008 052919.455 INFO             PET0     ocnA: InitializeIPDvXp07 extro.
20231008 052919.455 INFO             PET0     <<<esm: leaving Initialize (phase=<none>) with current time: 2010  6  1  0  0  0   0
20231008 052919.455 INFO             PET0   esm: InitializeIPDv02p3 extro.
20231008 052919.455 INFO             PET0   esm: InitializeIPDv02p5 intro.
20231008 052919.455 INFO             PET0     >>>esm: entered Initialize (phase=<none>) with current time: 2010  6  1  0  0  0   0
20231008 052919.455 INFO             PET0     esm: this is a top level driver, no 'Updated' and 'InitializeDataComplete' info on this level.
20231008 052919.455 INFO             PET0     esm: InitializeIPDv02p5Data intro.
20231008 052919.456 INFO             PET0       esm: InternalInitializeComplete intro.
20231008 052919.456 INFO             PET0         esm: InitializeDataComplete='true'
20231008 052919.456 INFO             PET0       esm: InternalInitializeComplete extro.
20231008 052919.456 INFO             PET0       atmA: InitializeIPDv01p5 intro.
20231008 052919.456 INFO             PET0       atmA: InitializeIPDv01p5 extro.
20231008 052919.457 INFO             PET0       ocnA: InitializeIPDv01p5 intro.
20231008 052919.457 INFO             PET0       ocnA: InitializeIPDv01p5 extro.
20231008 052919.459 INFO             PET0       esm: components present that trigger loopDataDependentInitialize().
20231008 052919.459 INFO             PET0       esm: loopDataDependentInitialize intro.
20231008 052919.459 INFO             PET0         esm: component    0=esm, dataComplete (local): true
20231008 052919.459 INFO             PET0         esm: component    0=esm, dataComplete (global):  T
20231008 052919.459 INFO             PET0         esm: component    1=atmA, dataComplete (local): true
20231008 052919.459 INFO             PET0         esm: component    1=atmA, dataComplete (global):  T
20231008 052919.460 INFO             PET0         esm: component    2=ocnA, dataComplete (local): true
20231008 052919.460 INFO             PET0         esm: component    2=ocnA, dataComplete (global):  T
20231008 052919.460 INFO             PET0         esm: someProgress= F, allComplete= T, present(dataDepAllComplete)= T
20231008 052919.460 INFO             PET0         esm: finished resolving initialize data dependencies on this level.
20231008 052919.460 INFO             PET0       esm: loopDataDependentInitialize extro.
20231008 052919.460 INFO             PET0       esm: loopDataDependentInitialize() returned with dataDepAllComplete:  T
20231008 052919.460 INFO             PET0     esm: InitializeIPDv02p5Data extro.
20231008 052919.460 INFO             PET0     <<<esm: leaving Initialize (phase=<none>) with current time: 2010  6  1  0  0  0   0
20231008 052919.460 INFO             PET0   esm: InitializeIPDv02p5 extro.
20231008 052919.460 INFO             PET0 esm: InitializeGeneric extro.
20231008 052919.460 INFO             PET0 esm: Run intro.
20231008 052919.460 INFO             PET0   >>>esm entered Run (phase=RunPhase1) with current time: 2010  6  1  0  0  0   0
20231008 052919.460 INFO             PET0   esm: after lable_SetRunClock, current time: 2010  6  1  0  0  0   0
20231008 052919.460 INFO             PET0   esm: begin -------> RunSequence.
20231008 052919.460 INFO             PET0     esm: RunSequence event loopLevel=   1  levelMember=   1  loopIteration=   1, current time: 2010  6  1  0  0  0   0
20231008 052919.461 INFO             PET0     ATM-TO-OCN: Run intro.
20231008 052919.461 INFO             PET0     ATM-TO-OCN: Run extro.
20231008 052919.461 INFO             PET0     OCN-TO-ATM: Run intro.
20231008 052919.462 INFO             PET0     OCN-TO-ATM: Run extro.
20231008 052919.462 INFO             PET0     atmA: Run intro.
20231008 052919.462 INFO             PET0       ------>Advancing ATM from: 2010  6  1  0  0  0   0
20231008 052919.462 INFO             PET0       ---------------------> to: 2010  6  1  0 15  0   0
20231008 052919.462 INFO             PET0     atmA: Run extro.
20231008 052919.463 INFO             PET0     ocnA: Run intro.
20231008 052919.463 INFO             PET0       ------>Advancing OCN from: 2010  6  1  0  0  0   0
20231008 052919.463 INFO             PET0       ---------------------> to: 2010  6  1  0  5  0   0
20231008 052919.463 INFO             PET0       ------>Advancing OCN from: 2010  6  1  0  5  0   0
20231008 052919.463 INFO             PET0       ---------------------> to: 2010  6  1  0 10  0   0
20231008 052919.463 INFO             PET0       ------>Advancing OCN from: 2010  6  1  0 10  0   0
20231008 052919.463 INFO             PET0       ---------------------> to: 2010  6  1  0 15  0   0
20231008 052919.463 INFO             PET0     ocnA: Run extro.
20231008 052919.463 INFO             PET0     esm: RunSequence event loopLevel=   1  levelMember=   1  loopIteration=   2, current time: 2010  6  1  0 15  0   0
20231008 052919.464 INFO             PET0     ATM-TO-OCN: Run intro.
20231008 052919.464 INFO             PET0     ATM-TO-OCN: Run extro.
20231008 052919.464 INFO             PET0     OCN-TO-ATM: Run intro.
20231008 052919.464 INFO             PET0     OCN-TO-ATM: Run extro.
20231008 052919.465 INFO             PET0     atmA: Run intro.
20231008 052919.465 INFO             PET0       ------>Advancing ATM from: 2010  6  1  0 15  0   0
20231008 052919.465 INFO             PET0       ---------------------> to: 2010  6  1  0 30  0   0
20231008 052919.465 INFO             PET0     atmA: Run extro.
20231008 052919.465 INFO             PET0     ocnA: Run intro.
20231008 052919.465 INFO             PET0       ------>Advancing OCN from: 2010  6  1  0 15  0   0
20231008 052919.465 INFO             PET0       ---------------------> to: 2010  6  1  0 20  0   0
20231008 052919.466 INFO             PET0       ------>Advancing OCN from: 2010  6  1  0 20  0   0
20231008 052919.466 INFO             PET0       ---------------------> to: 2010  6  1  0 25  0   0
20231008 052919.466 INFO             PET0       ------>Advancing OCN from: 2010  6  1  0 25  0   0
20231008 052919.466 INFO             PET0       ---------------------> to: 2010  6  1  0 30  0   0
20231008 052919.466 INFO             PET0     ocnA: Run extro.
20231008 052919.466 INFO             PET0     esm: RunSequence event loopLevel=   1  levelMember=   1  loopIteration=   3, current time: 2010  6  1  0 30  0   0
20231008 052919.466 INFO             PET0     ATM-TO-OCN: Run intro.
20231008 052919.466 INFO             PET0     ATM-TO-OCN: Run extro.
20231008 052919.467 INFO             PET0     OCN-TO-ATM: Run intro.
20231008 052919.467 INFO             PET0     OCN-TO-ATM: Run extro.
20231008 052919.467 INFO             PET0     atmA: Run intro.
20231008 052919.467 INFO             PET0       ------>Advancing ATM from: 2010  6  1  0 30  0   0
20231008 052919.467 INFO             PET0       ---------------------> to: 2010  6  1  0 45  0   0
20231008 052919.467 INFO             PET0     atmA: Run extro.
20231008 052919.468 INFO             PET0     ocnA: Run intro.
20231008 052919.468 INFO             PET0       ------>Advancing OCN from: 2010  6  1  0 30  0   0
20231008 052919.468 INFO             PET0       ---------------------> to: 2010  6  1  0 35  0   0
20231008 052919.468 INFO             PET0       ------>Advancing OCN from: 2010  6  1  0 35  0   0
20231008 052919.468 INFO             PET0       ---------------------> to: 2010  6  1  0 40  0   0
20231008 052919.468 INFO             PET0       ------>Advancing OCN from: 2010  6  1  0 40  0   0
20231008 052919.468 INFO             PET0       ---------------------> to: 2010  6  1  0 45  0   0
20231008 052919.468 INFO             PET0     ocnA: Run extro.
20231008 052919.468 INFO             PET0     esm: RunSequence event loopLevel=   1  levelMember=   1  loopIteration=   4, current time: 2010  6  1  0 45  0   0
20231008 052919.468 INFO             PET0     ATM-TO-OCN: Run intro.
20231008 052919.469 INFO             PET0     ATM-TO-OCN: Run extro.
20231008 052919.469 INFO             PET0     OCN-TO-ATM: Run intro.
20231008 052919.469 INFO             PET0     OCN-TO-ATM: Run extro.
20231008 052919.469 INFO             PET0     atmA: Run intro.
20231008 052919.470 INFO             PET0       ------>Advancing ATM from: 2010  6  1  0 45  0   0
20231008 052919.470 INFO             PET0       ---------------------> to: 2010  6  1  1  0  0   0
20231008 052919.470 INFO             PET0     atmA: Run extro.
20231008 052919.470 INFO             PET0     ocnA: Run intro.
20231008 052919.470 INFO             PET0       ------>Advancing OCN from: 2010  6  1  0 45  0   0
20231008 052919.470 INFO             PET0       ---------------------> to: 2010  6  1  0 50  0   0
20231008 052919.470 INFO             PET0       ------>Advancing OCN from: 2010  6  1  0 50  0   0
20231008 052919.470 INFO             PET0       ---------------------> to: 2010  6  1  0 55  0   0
20231008 052919.470 INFO             PET0       ------>Advancing OCN from: 2010  6  1  0 55  0   0
20231008 052919.471 INFO             PET0       ---------------------> to: 2010  6  1  1  0  0   0
20231008 052919.471 INFO             PET0     ocnA: Run extro.
20231008 052919.471 INFO             PET0   esm: end <--------- RunSequence
20231008 052919.471 INFO             PET0   <<<esm - leaving Run with current time: 2010  6  1  1  0  0   0
20231008 052919.471 INFO             PET0 esm: Run extro.
20231008 052919.471 INFO             PET0 esm: Finalize intro.
20231008 052919.471 INFO             PET0   Calling Finalize phase 1 for connectorComp: ATM-TO-OCN
20231008 052919.471 INFO             PET0   ATM-TO-OCN: Finalize intro.
20231008 052919.471 INFO             PET0   ATM-TO-OCN: Finalize extro.
20231008 052919.471 INFO             PET0   Calling Finalize phase 1 for connectorComp: OCN-TO-ATM
20231008 052919.471 INFO             PET0   OCN-TO-ATM: Finalize intro.
20231008 052919.472 INFO             PET0   OCN-TO-ATM: Finalize extro.
20231008 052919.472 INFO             PET0   Calling Finalize phase 1 for modelComp: atmA
20231008 052919.472 INFO             PET0   atmA: Finalize intro.
20231008 052919.472 INFO             PET0   atmA: Finalize extro.
20231008 052919.472 INFO             PET0   Calling Finalize phase 1 for modelComp: ocnA
20231008 052919.472 INFO             PET0   ocnA: Finalize intro.
20231008 052919.472 INFO             PET0   ocnA: Finalize extro.
20231008 052919.472 INFO             PET0   Delete modelComp: atmA
20231008 052919.472 INFO             PET0   Delete Import-/Export State for modelComp: atmA
20231008 052919.472 INFO             PET0   Delete modelComp: ocnA
20231008 052919.473 INFO             PET0   Delete Import-/Export State for modelComp: ocnA
20231008 052919.473 INFO             PET0   Delete connectorComp: ATM-TO-OCN
20231008 052919.473 INFO             PET0   Delete connectorComp: OCN-TO-ATM
20231008 052919.473 INFO             PET0 esm: Finalize extro.
20231008 052919.473 INFO             PET0 esmApp FINISHED
20231008 052919.473 INFO             PET0 Finalizing ESMF
20231008 052919.138 INFO             PET1 !!!!!!!!!!!!!!!!!!!!!!!!!!!!!!!!!!!!!!!!!!!!!!!!!!!!!!
20231008 052919.138 INFO             PET1 !!! THE ESMF_LOG IS SET TO OUTPUT ALL LOG MESSAGES !!!
20231008 052919.138 INFO             PET1 !!!     THIS MAY CAUSE SLOWDOWN IN PERFORMANCE     !!!
20231008 052919.138 INFO             PET1 !!! FOR PRODUCTION RUNS, USE:                      !!!
20231008 052919.138 INFO             PET1 !!!                   ESMF_LOGKIND_Multi_On_Error  !!!
20231008 052919.138 INFO             PET1 !!!!!!!!!!!!!!!!!!!!!!!!!!!!!!!!!!!!!!!!!!!!!!!!!!!!!!
20231008 052919.138 INFO             PET1 Running with ESMF Version   : v8.6.0b07-67-gb347190ad6
20231008 052919.138 INFO             PET1 ESMF library build date/time: "Oct  8 2023" "04:04:21"
20231008 052919.138 INFO             PET1 ESMF library build location : /glade/scratch/theurich/ESMF-Nightly-Testing/intel_18.0.5_intelmpi_g_develop/esmf
20231008 052919.138 INFO             PET1 ESMF_COMM                   : intelmpi
20231008 052919.138 INFO             PET1 ESMF_MOAB                   : enabled
20231008 052919.138 INFO             PET1 ESMF_LAPACK                 : enabled
20231008 052919.138 INFO             PET1 ESMF_NETCDF                 : enabled
20231008 052919.138 INFO             PET1 ESMF_PNETCDF                : disabled
20231008 052919.138 INFO             PET1 ESMF_PIO                    : enabled
20231008 052919.138 INFO             PET1 ESMF_YAMLCPP                : enabled
20231008 052919.138 INFO             PET1 esmApp STARTING
20231008 052919.144 INFO             PET1 esm: InitializeGeneric intro.
20231008 052919.144 INFO             PET1   esm: InitializeP0 intro.
20231008 052919.144 INFO             PET1   esm: InitializeP0 extro.
20231008 052919.145 INFO             PET1   esm: InitializeIPDv02p1 intro.
20231008 052919.145 INFO             PET1     >>>esm: entered Initialize (phase=<none>) without valid internal Clock.
20231008 052919.147 INFO             PET1     esm - Creating model component ATM without petList.
20231008 052919.151 INFO             PET1     esm - Creating model component OCN without petList.
20231008 052919.155 INFO             PET1     esm - Creating connector component ATM-TO-OCN without petList.
20231008 052919.162 INFO             PET1     esm - Creating connector component OCN-TO-ATM without petList.
20231008 052919.171 INFO             PET1     esm - Creating state: modelComp 1 Import State
20231008 052919.171 INFO             PET1     esm - Creating state: modelComp 1 Export State
20231008 052919.172 INFO             PET1     esm - Creating state: modelComp 2 Import State
20231008 052919.172 INFO             PET1     esm - Creating state: modelComp 2 Export State
20231008 052919.173 INFO             PET1     ATM: InitializeP0 intro.
20231008 052919.175 INFO             PET1     ATM: InitializeP0 extro.
20231008 052919.175 INFO             PET1     OCN: InitializeP0 intro.
20231008 052919.176 INFO             PET1     OCN: InitializeP0 extro.
20231008 052919.183 INFO             PET1     ATM-TO-OCN: InitializeP0 intro.
20231008 052919.184 INFO             PET1     ATM-TO-OCN: InitializeP0 extro.
20231008 052919.185 INFO             PET1     OCN-TO-ATM: InitializeP0 intro.
20231008 052919.186 INFO             PET1     OCN-TO-ATM: InitializeP0 extro.
20231008 052919.189 INFO             PET1     esm: IInitAdvertise intro.
20231008 052919.189 INFO             PET1     esm: IInitAdvertise extro.
20231008 052919.189 INFO             PET1     ATM: InitializeIPDvXp01 intro.
20231008 052919.192 INFO             PET1     ATM: InitializeIPDvXp01 extro.
20231008 052919.192 INFO             PET1     OCN: InitializeIPDvXp01 intro.
20231008 052919.194 INFO             PET1     OCN: InitializeIPDvXp01 extro.
20231008 052919.199 INFO             PET1     ATM-TO-OCN: InitializeIPDv05p1 intro.
20231008 052919.205 INFO             PET1     ATM-TO-OCN: InitializeIPDv05p1 extro.
20231008 052919.205 INFO             PET1     OCN-TO-ATM: InitializeIPDv05p1 intro.
20231008 052919.210 INFO             PET1     OCN-TO-ATM: InitializeIPDv05p1 extro.
20231008 052919.210 INFO             PET1     esm: IInitAdvertiseFinish intro.
20231008 052919.210 INFO             PET1     esm: IInitAdvertiseFinish extro.
20231008 052919.211 INFO             PET1     ATM-TO-OCN: InitializeIPDv05p2a intro.
20231008 052919.216 INFO             PET1     ATM-TO-OCN: InitializeIPDv05p2a extro.
20231008 052919.216 INFO             PET1     OCN-TO-ATM: InitializeIPDv05p2a intro.
20231008 052919.221 INFO             PET1     OCN-TO-ATM: InitializeIPDv05p2a extro.
20231008 052919.221 INFO             PET1     ATM-TO-OCN: InitializeIPDv05p2b intro.
20231008 052919.227 INFO             PET1     ATM-TO-OCN: InitializeIPDv05p2b extro.
20231008 052919.229 INFO             PET1     OCN-TO-ATM: InitializeIPDv05p2b intro.
20231008 052919.234 INFO             PET1     OCN-TO-ATM: InitializeIPDv05p2b extro.
20231008 052919.234 INFO             PET1     esm: IInitModifyCplLists intro.
20231008 052919.234 INFO             PET1     esm: IInitModifyCplLists extro.
20231008 052919.235 INFO             PET1     ATM-TO-OCN: InitializeIPDv05p3 intro.
20231008 052919.241 INFO             PET1     ATM-TO-OCN: InitializeIPDv05p3 extro.
20231008 052919.241 INFO             PET1     OCN-TO-ATM: InitializeIPDv05p3 intro.
20231008 052919.246 INFO             PET1     OCN-TO-ATM: InitializeIPDv05p3 extro.
20231008 052919.246 INFO             PET1     <<<esm: leaving Initialize (phase=<none>) with current time: 2010  6  1  0  0  0   0
20231008 052919.246 INFO             PET1   esm: InitializeIPDv02p1 extro.
20231008 052919.246 INFO             PET1   esm: InitializeIPDv02p3 intro.
20231008 052919.247 INFO             PET1     >>>esm: entered Initialize (phase=<none>) with current time: 2010  6  1  0  0  0   0
20231008 052919.247 INFO             PET1     esm: IInitCheck intro.
20231008 052919.247 INFO             PET1     esm: IInitCheck extro.
20231008 052919.247 INFO             PET1     atmA: InitializeIPDvXp04 intro.
20231008 052919.254 INFO             PET1     atmA: InitializeIPDvXp04 extro.
20231008 052919.254 INFO             PET1     ocnA: InitializeIPDvXp04 intro.
20231008 052919.260 INFO             PET1     ocnA: InitializeIPDvXp04 extro.
20231008 052919.266 INFO             PET1     ATM-TO-OCN: InitializeIPDv05p4 intro.
20231008 052919.273 INFO             PET1     ATM-TO-OCN: InitializeIPDv05p4 extro.
20231008 052919.274 INFO             PET1     OCN-TO-ATM: InitializeIPDv05p4 intro.
20231008 052919.280 INFO             PET1     OCN-TO-ATM: InitializeIPDv05p4 extro.
20231008 052919.280 INFO             PET1     ATM-TO-OCN: InitializeIPDv05p5 intro.
20231008 052919.288 INFO             PET1     ATM-TO-OCN: InitializeIPDv05p5 extro.
20231008 052919.289 INFO             PET1     OCN-TO-ATM: InitializeIPDv05p5 intro.
20231008 052919.295 INFO             PET1     OCN-TO-ATM: InitializeIPDv05p5 extro.
20231008 052919.295 INFO             PET1     esm: IInitRealize intro.
20231008 052919.295 INFO             PET1     esm: IInitRealize extro.
20231008 052919.295 INFO             PET1     ATM-TO-OCN: InitializeIPDv05p6a intro.
20231008 052919.303 INFO             PET1     ATM-TO-OCN: InitializeIPDv05p6a extro.
20231008 052919.303 INFO             PET1     OCN-TO-ATM: InitializeIPDv05p6a intro.
20231008 052919.309 INFO             PET1     OCN-TO-ATM: InitializeIPDv05p6a extro.
20231008 052919.309 INFO             PET1     ATM-TO-OCN: InitializeIPDv05p6b intro.
20231008 052919.385 INFO             PET1     ATM-TO-OCN: InitializeIPDv05p6b extro.
20231008 052919.386 INFO             PET1     OCN-TO-ATM: InitializeIPDv05p6b intro.
20231008 052919.453 INFO             PET1     OCN-TO-ATM: InitializeIPDv05p6b extro.
20231008 052919.454 INFO             PET1     atmA: InitializeIPDvXp07 intro.
20231008 052919.454 INFO             PET1     atmA: InitializeIPDvXp07 extro.
20231008 052919.454 INFO             PET1     ocnA: InitializeIPDvXp07 intro.
20231008 052919.454 INFO             PET1     ocnA: InitializeIPDvXp07 extro.
20231008 052919.455 INFO             PET1     <<<esm: leaving Initialize (phase=<none>) with current time: 2010  6  1  0  0  0   0
20231008 052919.455 INFO             PET1   esm: InitializeIPDv02p3 extro.
20231008 052919.455 INFO             PET1   esm: InitializeIPDv02p5 intro.
20231008 052919.455 INFO             PET1     >>>esm: entered Initialize (phase=<none>) with current time: 2010  6  1  0  0  0   0
20231008 052919.455 INFO             PET1     esm: this is a top level driver, no 'Updated' and 'InitializeDataComplete' info on this level.
20231008 052919.455 INFO             PET1     esm: InitializeIPDv02p5Data intro.
20231008 052919.455 INFO             PET1       esm: InternalInitializeComplete intro.
20231008 052919.455 INFO             PET1         esm: InitializeDataComplete='true'
20231008 052919.455 INFO             PET1       esm: InternalInitializeComplete extro.
20231008 052919.456 INFO             PET1       atmA: InitializeIPDv01p5 intro.
20231008 052919.456 INFO             PET1       atmA: InitializeIPDv01p5 extro.
20231008 052919.456 INFO             PET1       ocnA: InitializeIPDv01p5 intro.
20231008 052919.456 INFO             PET1       ocnA: InitializeIPDv01p5 extro.
20231008 052919.459 INFO             PET1       esm: components present that trigger loopDataDependentInitialize().
20231008 052919.459 INFO             PET1       esm: loopDataDependentInitialize intro.
20231008 052919.459 INFO             PET1         esm: component    0=esm, dataComplete (local): true
20231008 052919.459 INFO             PET1         esm: component    0=esm, dataComplete (global):  T
20231008 052919.459 INFO             PET1         esm: component    1=atmA, dataComplete (local): true
20231008 052919.459 INFO             PET1         esm: component    1=atmA, dataComplete (global):  T
20231008 052919.460 INFO             PET1         esm: component    2=ocnA, dataComplete (local): true
20231008 052919.460 INFO             PET1         esm: component    2=ocnA, dataComplete (global):  T
20231008 052919.460 INFO             PET1         esm: someProgress= F, allComplete= T, present(dataDepAllComplete)= T
20231008 052919.460 INFO             PET1         esm: finished resolving initialize data dependencies on this level.
20231008 052919.460 INFO             PET1       esm: loopDataDependentInitialize extro.
20231008 052919.460 INFO             PET1       esm: loopDataDependentInitialize() returned with dataDepAllComplete:  T
20231008 052919.460 INFO             PET1     esm: InitializeIPDv02p5Data extro.
20231008 052919.460 INFO             PET1     <<<esm: leaving Initialize (phase=<none>) with current time: 2010  6  1  0  0  0   0
20231008 052919.460 INFO             PET1   esm: InitializeIPDv02p5 extro.
20231008 052919.460 INFO             PET1 esm: InitializeGeneric extro.
20231008 052919.460 INFO             PET1 esm: Run intro.
20231008 052919.460 INFO             PET1   >>>esm entered Run (phase=RunPhase1) with current time: 2010  6  1  0  0  0   0
20231008 052919.460 INFO             PET1   esm: after lable_SetRunClock, current time: 2010  6  1  0  0  0   0
20231008 052919.460 INFO             PET1   esm: begin -------> RunSequence.
20231008 052919.460 INFO             PET1     esm: RunSequence event loopLevel=   1  levelMember=   1  loopIteration=   1, current time: 2010  6  1  0  0  0   0
20231008 052919.460 INFO             PET1     ATM-TO-OCN: Run intro.
20231008 052919.461 INFO             PET1     ATM-TO-OCN: Run extro.
20231008 052919.461 INFO             PET1     OCN-TO-ATM: Run intro.
20231008 052919.462 INFO             PET1     OCN-TO-ATM: Run extro.
20231008 052919.462 INFO             PET1     atmA: Run intro.
20231008 052919.462 INFO             PET1       ------>Advancing ATM from: 2010  6  1  0  0  0   0
20231008 052919.462 INFO             PET1       ---------------------> to: 2010  6  1  0 15  0   0
20231008 052919.462 INFO             PET1     atmA: Run extro.
20231008 052919.462 INFO             PET1     ocnA: Run intro.
20231008 052919.463 INFO             PET1       ------>Advancing OCN from: 2010  6  1  0  0  0   0
20231008 052919.463 INFO             PET1       ---------------------> to: 2010  6  1  0  5  0   0
20231008 052919.463 INFO             PET1       ------>Advancing OCN from: 2010  6  1  0  5  0   0
20231008 052919.463 INFO             PET1       ---------------------> to: 2010  6  1  0 10  0   0
20231008 052919.463 INFO             PET1       ------>Advancing OCN from: 2010  6  1  0 10  0   0
20231008 052919.463 INFO             PET1       ---------------------> to: 2010  6  1  0 15  0   0
20231008 052919.463 INFO             PET1     ocnA: Run extro.
20231008 052919.463 INFO             PET1     esm: RunSequence event loopLevel=   1  levelMember=   1  loopIteration=   2, current time: 2010  6  1  0 15  0   0
20231008 052919.463 INFO             PET1     ATM-TO-OCN: Run intro.
20231008 052919.464 INFO             PET1     ATM-TO-OCN: Run extro.
20231008 052919.464 INFO             PET1     OCN-TO-ATM: Run intro.
20231008 052919.464 INFO             PET1     OCN-TO-ATM: Run extro.
20231008 052919.464 INFO             PET1     atmA: Run intro.
20231008 052919.465 INFO             PET1       ------>Advancing ATM from: 2010  6  1  0 15  0   0
20231008 052919.465 INFO             PET1       ---------------------> to: 2010  6  1  0 30  0   0
20231008 052919.465 INFO             PET1     atmA: Run extro.
20231008 052919.465 INFO             PET1     ocnA: Run intro.
20231008 052919.465 INFO             PET1       ------>Advancing OCN from: 2010  6  1  0 15  0   0
20231008 052919.465 INFO             PET1       ---------------------> to: 2010  6  1  0 20  0   0
20231008 052919.465 INFO             PET1       ------>Advancing OCN from: 2010  6  1  0 20  0   0
20231008 052919.465 INFO             PET1       ---------------------> to: 2010  6  1  0 25  0   0
20231008 052919.465 INFO             PET1       ------>Advancing OCN from: 2010  6  1  0 25  0   0
20231008 052919.465 INFO             PET1       ---------------------> to: 2010  6  1  0 30  0   0
20231008 052919.465 INFO             PET1     ocnA: Run extro.
20231008 052919.465 INFO             PET1     esm: RunSequence event loopLevel=   1  levelMember=   1  loopIteration=   3, current time: 2010  6  1  0 30  0   0
20231008 052919.466 INFO             PET1     ATM-TO-OCN: Run intro.
20231008 052919.466 INFO             PET1     ATM-TO-OCN: Run extro.
20231008 052919.466 INFO             PET1     OCN-TO-ATM: Run intro.
20231008 052919.467 INFO             PET1     OCN-TO-ATM: Run extro.
20231008 052919.467 INFO             PET1     atmA: Run intro.
20231008 052919.467 INFO             PET1       ------>Advancing ATM from: 2010  6  1  0 30  0   0
20231008 052919.467 INFO             PET1       ---------------------> to: 2010  6  1  0 45  0   0
20231008 052919.467 INFO             PET1     atmA: Run extro.
20231008 052919.467 INFO             PET1     ocnA: Run intro.
20231008 052919.468 INFO             PET1       ------>Advancing OCN from: 2010  6  1  0 30  0   0
20231008 052919.468 INFO             PET1       ---------------------> to: 2010  6  1  0 35  0   0
20231008 052919.468 INFO             PET1       ------>Advancing OCN from: 2010  6  1  0 35  0   0
20231008 052919.468 INFO             PET1       ---------------------> to: 2010  6  1  0 40  0   0
20231008 052919.468 INFO             PET1       ------>Advancing OCN from: 2010  6  1  0 40  0   0
20231008 052919.468 INFO             PET1       ---------------------> to: 2010  6  1  0 45  0   0
20231008 052919.468 INFO             PET1     ocnA: Run extro.
20231008 052919.468 INFO             PET1     esm: RunSequence event loopLevel=   1  levelMember=   1  loopIteration=   4, current time: 2010  6  1  0 45  0   0
20231008 052919.468 INFO             PET1     ATM-TO-OCN: Run intro.
20231008 052919.469 INFO             PET1     ATM-TO-OCN: Run extro.
20231008 052919.469 INFO             PET1     OCN-TO-ATM: Run intro.
20231008 052919.469 INFO             PET1     OCN-TO-ATM: Run extro.
20231008 052919.469 INFO             PET1     atmA: Run intro.
20231008 052919.470 INFO             PET1       ------>Advancing ATM from: 2010  6  1  0 45  0   0
20231008 052919.470 INFO             PET1       ---------------------> to: 2010  6  1  1  0  0   0
20231008 052919.470 INFO             PET1     atmA: Run extro.
20231008 052919.470 INFO             PET1     ocnA: Run intro.
20231008 052919.470 INFO             PET1       ------>Advancing OCN from: 2010  6  1  0 45  0   0
20231008 052919.470 INFO             PET1       ---------------------> to: 2010  6  1  0 50  0   0
20231008 052919.470 INFO             PET1       ------>Advancing OCN from: 2010  6  1  0 50  0   0
20231008 052919.470 INFO             PET1       ---------------------> to: 2010  6  1  0 55  0   0
20231008 052919.470 INFO             PET1       ------>Advancing OCN from: 2010  6  1  0 55  0   0
20231008 052919.470 INFO             PET1       ---------------------> to: 2010  6  1  1  0  0   0
20231008 052919.470 INFO             PET1     ocnA: Run extro.
20231008 052919.470 INFO             PET1   esm: end <--------- RunSequence
20231008 052919.470 INFO             PET1   <<<esm - leaving Run with current time: 2010  6  1  1  0  0   0
20231008 052919.470 INFO             PET1 esm: Run extro.
20231008 052919.470 INFO             PET1 esm: Finalize intro.
20231008 052919.471 INFO             PET1   Calling Finalize phase 1 for connectorComp: ATM-TO-OCN
20231008 052919.471 INFO             PET1   ATM-TO-OCN: Finalize intro.
20231008 052919.471 INFO             PET1   ATM-TO-OCN: Finalize extro.
20231008 052919.471 INFO             PET1   Calling Finalize phase 1 for connectorComp: OCN-TO-ATM
20231008 052919.471 INFO             PET1   OCN-TO-ATM: Finalize intro.
20231008 052919.471 INFO             PET1   OCN-TO-ATM: Finalize extro.
20231008 052919.471 INFO             PET1   Calling Finalize phase 1 for modelComp: atmA
20231008 052919.471 INFO             PET1   atmA: Finalize intro.
20231008 052919.471 INFO             PET1   atmA: Finalize extro.
20231008 052919.471 INFO             PET1   Calling Finalize phase 1 for modelComp: ocnA
20231008 052919.472 INFO             PET1   ocnA: Finalize intro.
20231008 052919.472 INFO             PET1   ocnA: Finalize extro.
20231008 052919.472 INFO             PET1   Delete modelComp: atmA
20231008 052919.472 INFO             PET1   Delete Import-/Export State for modelComp: atmA
20231008 052919.472 INFO             PET1   Delete modelComp: ocnA
20231008 052919.472 INFO             PET1   Delete Import-/Export State for modelComp: ocnA
20231008 052919.472 INFO             PET1   Delete connectorComp: ATM-TO-OCN
20231008 052919.472 INFO             PET1   Delete connectorComp: OCN-TO-ATM
20231008 052919.472 INFO             PET1 esm: Finalize extro.
20231008 052919.472 INFO             PET1 esmApp FINISHED
20231008 052919.472 INFO             PET1 Finalizing ESMF
20231008 052919.138 INFO             PET2 !!!!!!!!!!!!!!!!!!!!!!!!!!!!!!!!!!!!!!!!!!!!!!!!!!!!!!
20231008 052919.138 INFO             PET2 !!! THE ESMF_LOG IS SET TO OUTPUT ALL LOG MESSAGES !!!
20231008 052919.138 INFO             PET2 !!!     THIS MAY CAUSE SLOWDOWN IN PERFORMANCE     !!!
20231008 052919.138 INFO             PET2 !!! FOR PRODUCTION RUNS, USE:                      !!!
20231008 052919.138 INFO             PET2 !!!                   ESMF_LOGKIND_Multi_On_Error  !!!
20231008 052919.138 INFO             PET2 !!!!!!!!!!!!!!!!!!!!!!!!!!!!!!!!!!!!!!!!!!!!!!!!!!!!!!
20231008 052919.138 INFO             PET2 Running with ESMF Version   : v8.6.0b07-67-gb347190ad6
20231008 052919.138 INFO             PET2 ESMF library build date/time: "Oct  8 2023" "04:04:21"
20231008 052919.138 INFO             PET2 ESMF library build location : /glade/scratch/theurich/ESMF-Nightly-Testing/intel_18.0.5_intelmpi_g_develop/esmf
20231008 052919.138 INFO             PET2 ESMF_COMM                   : intelmpi
20231008 052919.138 INFO             PET2 ESMF_MOAB                   : enabled
20231008 052919.138 INFO             PET2 ESMF_LAPACK                 : enabled
20231008 052919.138 INFO             PET2 ESMF_NETCDF                 : enabled
20231008 052919.138 INFO             PET2 ESMF_PNETCDF                : disabled
20231008 052919.138 INFO             PET2 ESMF_PIO                    : enabled
20231008 052919.138 INFO             PET2 ESMF_YAMLCPP                : enabled
20231008 052919.138 INFO             PET2 esmApp STARTING
20231008 052919.144 INFO             PET2 esm: InitializeGeneric intro.
20231008 052919.145 INFO             PET2   esm: InitializeP0 intro.
20231008 052919.145 INFO             PET2   esm: InitializeP0 extro.
20231008 052919.145 INFO             PET2   esm: InitializeIPDv02p1 intro.
20231008 052919.145 INFO             PET2     >>>esm: entered Initialize (phase=<none>) without valid internal Clock.
20231008 052919.147 INFO             PET2     esm - Creating model component ATM without petList.
20231008 052919.151 INFO             PET2     esm - Creating model component OCN without petList.
20231008 052919.155 INFO             PET2     esm - Creating connector component ATM-TO-OCN without petList.
20231008 052919.162 INFO             PET2     esm - Creating connector component OCN-TO-ATM without petList.
20231008 052919.171 INFO             PET2     esm - Creating state: modelComp 1 Import State
20231008 052919.171 INFO             PET2     esm - Creating state: modelComp 1 Export State
20231008 052919.172 INFO             PET2     esm - Creating state: modelComp 2 Import State
20231008 052919.172 INFO             PET2     esm - Creating state: modelComp 2 Export State
20231008 052919.173 INFO             PET2     ATM: InitializeP0 intro.
20231008 052919.175 INFO             PET2     ATM: InitializeP0 extro.
20231008 052919.175 INFO             PET2     OCN: InitializeP0 intro.
20231008 052919.176 INFO             PET2     OCN: InitializeP0 extro.
20231008 052919.183 INFO             PET2     ATM-TO-OCN: InitializeP0 intro.
20231008 052919.184 INFO             PET2     ATM-TO-OCN: InitializeP0 extro.
20231008 052919.185 INFO             PET2     OCN-TO-ATM: InitializeP0 intro.
20231008 052919.186 INFO             PET2     OCN-TO-ATM: InitializeP0 extro.
20231008 052919.189 INFO             PET2     esm: IInitAdvertise intro.
20231008 052919.189 INFO             PET2     esm: IInitAdvertise extro.
20231008 052919.189 INFO             PET2     ATM: InitializeIPDvXp01 intro.
20231008 052919.192 INFO             PET2     ATM: InitializeIPDvXp01 extro.
20231008 052919.192 INFO             PET2     OCN: InitializeIPDvXp01 intro.
20231008 052919.194 INFO             PET2     OCN: InitializeIPDvXp01 extro.
20231008 052919.199 INFO             PET2     ATM-TO-OCN: InitializeIPDv05p1 intro.
20231008 052919.205 INFO             PET2     ATM-TO-OCN: InitializeIPDv05p1 extro.
20231008 052919.205 INFO             PET2     OCN-TO-ATM: InitializeIPDv05p1 intro.
20231008 052919.210 INFO             PET2     OCN-TO-ATM: InitializeIPDv05p1 extro.
20231008 052919.210 INFO             PET2     esm: IInitAdvertiseFinish intro.
20231008 052919.210 INFO             PET2     esm: IInitAdvertiseFinish extro.
20231008 052919.211 INFO             PET2     ATM-TO-OCN: InitializeIPDv05p2a intro.
20231008 052919.216 INFO             PET2     ATM-TO-OCN: InitializeIPDv05p2a extro.
20231008 052919.216 INFO             PET2     OCN-TO-ATM: InitializeIPDv05p2a intro.
20231008 052919.221 INFO             PET2     OCN-TO-ATM: InitializeIPDv05p2a extro.
20231008 052919.221 INFO             PET2     ATM-TO-OCN: InitializeIPDv05p2b intro.
20231008 052919.227 INFO             PET2     ATM-TO-OCN: InitializeIPDv05p2b extro.
20231008 052919.230 INFO             PET2     OCN-TO-ATM: InitializeIPDv05p2b intro.
20231008 052919.234 INFO             PET2     OCN-TO-ATM: InitializeIPDv05p2b extro.
20231008 052919.234 INFO             PET2     esm: IInitModifyCplLists intro.
20231008 052919.234 INFO             PET2     esm: IInitModifyCplLists extro.
20231008 052919.235 INFO             PET2     ATM-TO-OCN: InitializeIPDv05p3 intro.
20231008 052919.241 INFO             PET2     ATM-TO-OCN: InitializeIPDv05p3 extro.
20231008 052919.241 INFO             PET2     OCN-TO-ATM: InitializeIPDv05p3 intro.
20231008 052919.246 INFO             PET2     OCN-TO-ATM: InitializeIPDv05p3 extro.
20231008 052919.246 INFO             PET2     <<<esm: leaving Initialize (phase=<none>) with current time: 2010  6  1  0  0  0   0
20231008 052919.246 INFO             PET2   esm: InitializeIPDv02p1 extro.
20231008 052919.247 INFO             PET2   esm: InitializeIPDv02p3 intro.
20231008 052919.247 INFO             PET2     >>>esm: entered Initialize (phase=<none>) with current time: 2010  6  1  0  0  0   0
20231008 052919.247 INFO             PET2     esm: IInitCheck intro.
20231008 052919.247 INFO             PET2     esm: IInitCheck extro.
20231008 052919.247 INFO             PET2     atmA: InitializeIPDvXp04 intro.
20231008 052919.254 INFO             PET2     atmA: InitializeIPDvXp04 extro.
20231008 052919.254 INFO             PET2     ocnA: InitializeIPDvXp04 intro.
20231008 052919.260 INFO             PET2     ocnA: InitializeIPDvXp04 extro.
20231008 052919.266 INFO             PET2     ATM-TO-OCN: InitializeIPDv05p4 intro.
20231008 052919.273 INFO             PET2     ATM-TO-OCN: InitializeIPDv05p4 extro.
20231008 052919.274 INFO             PET2     OCN-TO-ATM: InitializeIPDv05p4 intro.
20231008 052919.280 INFO             PET2     OCN-TO-ATM: InitializeIPDv05p4 extro.
20231008 052919.280 INFO             PET2     ATM-TO-OCN: InitializeIPDv05p5 intro.
20231008 052919.288 INFO             PET2     ATM-TO-OCN: InitializeIPDv05p5 extro.
20231008 052919.289 INFO             PET2     OCN-TO-ATM: InitializeIPDv05p5 intro.
20231008 052919.295 INFO             PET2     OCN-TO-ATM: InitializeIPDv05p5 extro.
20231008 052919.295 INFO             PET2     esm: IInitRealize intro.
20231008 052919.295 INFO             PET2     esm: IInitRealize extro.
20231008 052919.295 INFO             PET2     ATM-TO-OCN: InitializeIPDv05p6a intro.
20231008 052919.303 INFO             PET2     ATM-TO-OCN: InitializeIPDv05p6a extro.
20231008 052919.303 INFO             PET2     OCN-TO-ATM: InitializeIPDv05p6a intro.
20231008 052919.309 INFO             PET2     OCN-TO-ATM: InitializeIPDv05p6a extro.
20231008 052919.309 INFO             PET2     ATM-TO-OCN: InitializeIPDv05p6b intro.
20231008 052919.385 INFO             PET2     ATM-TO-OCN: InitializeIPDv05p6b extro.
20231008 052919.386 INFO             PET2     OCN-TO-ATM: InitializeIPDv05p6b intro.
20231008 052919.453 INFO             PET2     OCN-TO-ATM: InitializeIPDv05p6b extro.
20231008 052919.454 INFO             PET2     atmA: InitializeIPDvXp07 intro.
20231008 052919.454 INFO             PET2     atmA: InitializeIPDvXp07 extro.
20231008 052919.454 INFO             PET2     ocnA: InitializeIPDvXp07 intro.
20231008 052919.454 INFO             PET2     ocnA: InitializeIPDvXp07 extro.
20231008 052919.455 INFO             PET2     <<<esm: leaving Initialize (phase=<none>) with current time: 2010  6  1  0  0  0   0
20231008 052919.455 INFO             PET2   esm: InitializeIPDv02p3 extro.
20231008 052919.455 INFO             PET2   esm: InitializeIPDv02p5 intro.
20231008 052919.455 INFO             PET2     >>>esm: entered Initialize (phase=<none>) with current time: 2010  6  1  0  0  0   0
20231008 052919.455 INFO             PET2     esm: this is a top level driver, no 'Updated' and 'InitializeDataComplete' info on this level.
20231008 052919.455 INFO             PET2     esm: InitializeIPDv02p5Data intro.
20231008 052919.455 INFO             PET2       esm: InternalInitializeComplete intro.
20231008 052919.455 INFO             PET2         esm: InitializeDataComplete='true'
20231008 052919.455 INFO             PET2       esm: InternalInitializeComplete extro.
20231008 052919.456 INFO             PET2       atmA: InitializeIPDv01p5 intro.
20231008 052919.456 INFO             PET2       atmA: InitializeIPDv01p5 extro.
20231008 052919.456 INFO             PET2       ocnA: InitializeIPDv01p5 intro.
20231008 052919.456 INFO             PET2       ocnA: InitializeIPDv01p5 extro.
20231008 052919.459 INFO             PET2       esm: components present that trigger loopDataDependentInitialize().
20231008 052919.459 INFO             PET2       esm: loopDataDependentInitialize intro.
20231008 052919.459 INFO             PET2         esm: component    0=esm, dataComplete (local): true
20231008 052919.459 INFO             PET2         esm: component    0=esm, dataComplete (global):  T
20231008 052919.459 INFO             PET2         esm: component    1=atmA, dataComplete (local): true
20231008 052919.459 INFO             PET2         esm: component    1=atmA, dataComplete (global):  T
20231008 052919.460 INFO             PET2         esm: component    2=ocnA, dataComplete (local): true
20231008 052919.460 INFO             PET2         esm: component    2=ocnA, dataComplete (global):  T
20231008 052919.460 INFO             PET2         esm: someProgress= F, allComplete= T, present(dataDepAllComplete)= T
20231008 052919.460 INFO             PET2         esm: finished resolving initialize data dependencies on this level.
20231008 052919.460 INFO             PET2       esm: loopDataDependentInitialize extro.
20231008 052919.460 INFO             PET2       esm: loopDataDependentInitialize() returned with dataDepAllComplete:  T
20231008 052919.460 INFO             PET2     esm: InitializeIPDv02p5Data extro.
20231008 052919.460 INFO             PET2     <<<esm: leaving Initialize (phase=<none>) with current time: 2010  6  1  0  0  0   0
20231008 052919.460 INFO             PET2   esm: InitializeIPDv02p5 extro.
20231008 052919.460 INFO             PET2 esm: InitializeGeneric extro.
20231008 052919.460 INFO             PET2 esm: Run intro.
20231008 052919.460 INFO             PET2   >>>esm entered Run (phase=RunPhase1) with current time: 2010  6  1  0  0  0   0
20231008 052919.460 INFO             PET2   esm: after lable_SetRunClock, current time: 2010  6  1  0  0  0   0
20231008 052919.460 INFO             PET2   esm: begin -------> RunSequence.
20231008 052919.460 INFO             PET2     esm: RunSequence event loopLevel=   1  levelMember=   1  loopIteration=   1, current time: 2010  6  1  0  0  0   0
20231008 052919.461 INFO             PET2     ATM-TO-OCN: Run intro.
20231008 052919.461 INFO             PET2     ATM-TO-OCN: Run extro.
20231008 052919.461 INFO             PET2     OCN-TO-ATM: Run intro.
20231008 052919.462 INFO             PET2     OCN-TO-ATM: Run extro.
20231008 052919.462 INFO             PET2     atmA: Run intro.
20231008 052919.462 INFO             PET2       ------>Advancing ATM from: 2010  6  1  0  0  0   0
20231008 052919.462 INFO             PET2       ---------------------> to: 2010  6  1  0 15  0   0
20231008 052919.462 INFO             PET2     atmA: Run extro.
20231008 052919.462 INFO             PET2     ocnA: Run intro.
20231008 052919.463 INFO             PET2       ------>Advancing OCN from: 2010  6  1  0  0  0   0
20231008 052919.463 INFO             PET2       ---------------------> to: 2010  6  1  0  5  0   0
20231008 052919.463 INFO             PET2       ------>Advancing OCN from: 2010  6  1  0  5  0   0
20231008 052919.463 INFO             PET2       ---------------------> to: 2010  6  1  0 10  0   0
20231008 052919.463 INFO             PET2       ------>Advancing OCN from: 2010  6  1  0 10  0   0
20231008 052919.463 INFO             PET2       ---------------------> to: 2010  6  1  0 15  0   0
20231008 052919.463 INFO             PET2     ocnA: Run extro.
20231008 052919.463 INFO             PET2     esm: RunSequence event loopLevel=   1  levelMember=   1  loopIteration=   2, current time: 2010  6  1  0 15  0   0
20231008 052919.463 INFO             PET2     ATM-TO-OCN: Run intro.
20231008 052919.464 INFO             PET2     ATM-TO-OCN: Run extro.
20231008 052919.464 INFO             PET2     OCN-TO-ATM: Run intro.
20231008 052919.464 INFO             PET2     OCN-TO-ATM: Run extro.
20231008 052919.464 INFO             PET2     atmA: Run intro.
20231008 052919.465 INFO             PET2       ------>Advancing ATM from: 2010  6  1  0 15  0   0
20231008 052919.465 INFO             PET2       ---------------------> to: 2010  6  1  0 30  0   0
20231008 052919.465 INFO             PET2     atmA: Run extro.
20231008 052919.465 INFO             PET2     ocnA: Run intro.
20231008 052919.465 INFO             PET2       ------>Advancing OCN from: 2010  6  1  0 15  0   0
20231008 052919.465 INFO             PET2       ---------------------> to: 2010  6  1  0 20  0   0
20231008 052919.465 INFO             PET2       ------>Advancing OCN from: 2010  6  1  0 20  0   0
20231008 052919.465 INFO             PET2       ---------------------> to: 2010  6  1  0 25  0   0
20231008 052919.465 INFO             PET2       ------>Advancing OCN from: 2010  6  1  0 25  0   0
20231008 052919.465 INFO             PET2       ---------------------> to: 2010  6  1  0 30  0   0
20231008 052919.465 INFO             PET2     ocnA: Run extro.
20231008 052919.465 INFO             PET2     esm: RunSequence event loopLevel=   1  levelMember=   1  loopIteration=   3, current time: 2010  6  1  0 30  0   0
20231008 052919.466 INFO             PET2     ATM-TO-OCN: Run intro.
20231008 052919.466 INFO             PET2     ATM-TO-OCN: Run extro.
20231008 052919.466 INFO             PET2     OCN-TO-ATM: Run intro.
20231008 052919.467 INFO             PET2     OCN-TO-ATM: Run extro.
20231008 052919.467 INFO             PET2     atmA: Run intro.
20231008 052919.467 INFO             PET2       ------>Advancing ATM from: 2010  6  1  0 30  0   0
20231008 052919.467 INFO             PET2       ---------------------> to: 2010  6  1  0 45  0   0
20231008 052919.467 INFO             PET2     atmA: Run extro.
20231008 052919.467 INFO             PET2     ocnA: Run intro.
20231008 052919.468 INFO             PET2       ------>Advancing OCN from: 2010  6  1  0 30  0   0
20231008 052919.468 INFO             PET2       ---------------------> to: 2010  6  1  0 35  0   0
20231008 052919.468 INFO             PET2       ------>Advancing OCN from: 2010  6  1  0 35  0   0
20231008 052919.468 INFO             PET2       ---------------------> to: 2010  6  1  0 40  0   0
20231008 052919.468 INFO             PET2       ------>Advancing OCN from: 2010  6  1  0 40  0   0
20231008 052919.468 INFO             PET2       ---------------------> to: 2010  6  1  0 45  0   0
20231008 052919.468 INFO             PET2     ocnA: Run extro.
20231008 052919.468 INFO             PET2     esm: RunSequence event loopLevel=   1  levelMember=   1  loopIteration=   4, current time: 2010  6  1  0 45  0   0
20231008 052919.468 INFO             PET2     ATM-TO-OCN: Run intro.
20231008 052919.469 INFO             PET2     ATM-TO-OCN: Run extro.
20231008 052919.469 INFO             PET2     OCN-TO-ATM: Run intro.
20231008 052919.469 INFO             PET2     OCN-TO-ATM: Run extro.
20231008 052919.469 INFO             PET2     atmA: Run intro.
20231008 052919.470 INFO             PET2       ------>Advancing ATM from: 2010  6  1  0 45  0   0
20231008 052919.470 INFO             PET2       ---------------------> to: 2010  6  1  1  0  0   0
20231008 052919.470 INFO             PET2     atmA: Run extro.
20231008 052919.470 INFO             PET2     ocnA: Run intro.
20231008 052919.470 INFO             PET2       ------>Advancing OCN from: 2010  6  1  0 45  0   0
20231008 052919.470 INFO             PET2       ---------------------> to: 2010  6  1  0 50  0   0
20231008 052919.470 INFO             PET2       ------>Advancing OCN from: 2010  6  1  0 50  0   0
20231008 052919.470 INFO             PET2       ---------------------> to: 2010  6  1  0 55  0   0
20231008 052919.470 INFO             PET2       ------>Advancing OCN from: 2010  6  1  0 55  0   0
20231008 052919.470 INFO             PET2       ---------------------> to: 2010  6  1  1  0  0   0
20231008 052919.470 INFO             PET2     ocnA: Run extro.
20231008 052919.470 INFO             PET2   esm: end <--------- RunSequence
20231008 052919.470 INFO             PET2   <<<esm - leaving Run with current time: 2010  6  1  1  0  0   0
20231008 052919.470 INFO             PET2 esm: Run extro.
20231008 052919.471 INFO             PET2 esm: Finalize intro.
20231008 052919.471 INFO             PET2   Calling Finalize phase 1 for connectorComp: ATM-TO-OCN
20231008 052919.471 INFO             PET2   ATM-TO-OCN: Finalize intro.
20231008 052919.471 INFO             PET2   ATM-TO-OCN: Finalize extro.
20231008 052919.471 INFO             PET2   Calling Finalize phase 1 for connectorComp: OCN-TO-ATM
20231008 052919.471 INFO             PET2   OCN-TO-ATM: Finalize intro.
20231008 052919.471 INFO             PET2   OCN-TO-ATM: Finalize extro.
20231008 052919.471 INFO             PET2   Calling Finalize phase 1 for modelComp: atmA
20231008 052919.471 INFO             PET2   atmA: Finalize intro.
20231008 052919.472 INFO             PET2   atmA: Finalize extro.
20231008 052919.472 INFO             PET2   Calling Finalize phase 1 for modelComp: ocnA
20231008 052919.472 INFO             PET2   ocnA: Finalize intro.
20231008 052919.472 INFO             PET2   ocnA: Finalize extro.
20231008 052919.472 INFO             PET2   Delete modelComp: atmA
20231008 052919.472 INFO             PET2   Delete Import-/Export State for modelComp: atmA
20231008 052919.472 INFO             PET2   Delete modelComp: ocnA
20231008 052919.472 INFO             PET2   Delete Import-/Export State for modelComp: ocnA
20231008 052919.472 INFO             PET2   Delete connectorComp: ATM-TO-OCN
20231008 052919.472 INFO             PET2   Delete connectorComp: OCN-TO-ATM
20231008 052919.472 INFO             PET2 esm: Finalize extro.
20231008 052919.472 INFO             PET2 esmApp FINISHED
20231008 052919.472 INFO             PET2 Finalizing ESMF
20231008 052919.138 INFO             PET3 !!!!!!!!!!!!!!!!!!!!!!!!!!!!!!!!!!!!!!!!!!!!!!!!!!!!!!
20231008 052919.138 INFO             PET3 !!! THE ESMF_LOG IS SET TO OUTPUT ALL LOG MESSAGES !!!
20231008 052919.138 INFO             PET3 !!!     THIS MAY CAUSE SLOWDOWN IN PERFORMANCE     !!!
20231008 052919.138 INFO             PET3 !!! FOR PRODUCTION RUNS, USE:                      !!!
20231008 052919.138 INFO             PET3 !!!                   ESMF_LOGKIND_Multi_On_Error  !!!
20231008 052919.138 INFO             PET3 !!!!!!!!!!!!!!!!!!!!!!!!!!!!!!!!!!!!!!!!!!!!!!!!!!!!!!
20231008 052919.138 INFO             PET3 Running with ESMF Version   : v8.6.0b07-67-gb347190ad6
20231008 052919.138 INFO             PET3 ESMF library build date/time: "Oct  8 2023" "04:04:21"
20231008 052919.138 INFO             PET3 ESMF library build location : /glade/scratch/theurich/ESMF-Nightly-Testing/intel_18.0.5_intelmpi_g_develop/esmf
20231008 052919.138 INFO             PET3 ESMF_COMM                   : intelmpi
20231008 052919.138 INFO             PET3 ESMF_MOAB                   : enabled
20231008 052919.138 INFO             PET3 ESMF_LAPACK                 : enabled
20231008 052919.138 INFO             PET3 ESMF_NETCDF                 : enabled
20231008 052919.138 INFO             PET3 ESMF_PNETCDF                : disabled
20231008 052919.138 INFO             PET3 ESMF_PIO                    : enabled
20231008 052919.138 INFO             PET3 ESMF_YAMLCPP                : enabled
20231008 052919.139 INFO             PET3 esmApp STARTING
20231008 052919.144 INFO             PET3 esm: InitializeGeneric intro.
20231008 052919.144 INFO             PET3   esm: InitializeP0 intro.
20231008 052919.145 INFO             PET3   esm: InitializeP0 extro.
20231008 052919.145 INFO             PET3   esm: InitializeIPDv02p1 intro.
20231008 052919.145 INFO             PET3     >>>esm: entered Initialize (phase=<none>) without valid internal Clock.
20231008 052919.147 INFO             PET3     esm - Creating model component ATM without petList.
20231008 052919.151 INFO             PET3     esm - Creating model component OCN without petList.
20231008 052919.155 INFO             PET3     esm - Creating connector component ATM-TO-OCN without petList.
20231008 052919.162 INFO             PET3     esm - Creating connector component OCN-TO-ATM without petList.
20231008 052919.171 INFO             PET3     esm - Creating state: modelComp 1 Import State
20231008 052919.171 INFO             PET3     esm - Creating state: modelComp 1 Export State
20231008 052919.172 INFO             PET3     esm - Creating state: modelComp 2 Import State
20231008 052919.172 INFO             PET3     esm - Creating state: modelComp 2 Export State
20231008 052919.173 INFO             PET3     ATM: InitializeP0 intro.
20231008 052919.175 INFO             PET3     ATM: InitializeP0 extro.
20231008 052919.175 INFO             PET3     OCN: InitializeP0 intro.
20231008 052919.176 INFO             PET3     OCN: InitializeP0 extro.
20231008 052919.183 INFO             PET3     ATM-TO-OCN: InitializeP0 intro.
20231008 052919.184 INFO             PET3     ATM-TO-OCN: InitializeP0 extro.
20231008 052919.185 INFO             PET3     OCN-TO-ATM: InitializeP0 intro.
20231008 052919.186 INFO             PET3     OCN-TO-ATM: InitializeP0 extro.
20231008 052919.189 INFO             PET3     esm: IInitAdvertise intro.
20231008 052919.189 INFO             PET3     esm: IInitAdvertise extro.
20231008 052919.189 INFO             PET3     ATM: InitializeIPDvXp01 intro.
20231008 052919.192 INFO             PET3     ATM: InitializeIPDvXp01 extro.
20231008 052919.192 INFO             PET3     OCN: InitializeIPDvXp01 intro.
20231008 052919.194 INFO             PET3     OCN: InitializeIPDvXp01 extro.
20231008 052919.199 INFO             PET3     ATM-TO-OCN: InitializeIPDv05p1 intro.
20231008 052919.205 INFO             PET3     ATM-TO-OCN: InitializeIPDv05p1 extro.
20231008 052919.205 INFO             PET3     OCN-TO-ATM: InitializeIPDv05p1 intro.
20231008 052919.210 INFO             PET3     OCN-TO-ATM: InitializeIPDv05p1 extro.
20231008 052919.210 INFO             PET3     esm: IInitAdvertiseFinish intro.
20231008 052919.210 INFO             PET3     esm: IInitAdvertiseFinish extro.
20231008 052919.211 INFO             PET3     ATM-TO-OCN: InitializeIPDv05p2a intro.
20231008 052919.216 INFO             PET3     ATM-TO-OCN: InitializeIPDv05p2a extro.
20231008 052919.216 INFO             PET3     OCN-TO-ATM: InitializeIPDv05p2a intro.
20231008 052919.221 INFO             PET3     OCN-TO-ATM: InitializeIPDv05p2a extro.
20231008 052919.221 INFO             PET3     ATM-TO-OCN: InitializeIPDv05p2b intro.
20231008 052919.227 INFO             PET3     ATM-TO-OCN: InitializeIPDv05p2b extro.
20231008 052919.229 INFO             PET3     OCN-TO-ATM: InitializeIPDv05p2b intro.
20231008 052919.234 INFO             PET3     OCN-TO-ATM: InitializeIPDv05p2b extro.
20231008 052919.234 INFO             PET3     esm: IInitModifyCplLists intro.
20231008 052919.234 INFO             PET3     esm: IInitModifyCplLists extro.
20231008 052919.235 INFO             PET3     ATM-TO-OCN: InitializeIPDv05p3 intro.
20231008 052919.241 INFO             PET3     ATM-TO-OCN: InitializeIPDv05p3 extro.
20231008 052919.241 INFO             PET3     OCN-TO-ATM: InitializeIPDv05p3 intro.
20231008 052919.246 INFO             PET3     OCN-TO-ATM: InitializeIPDv05p3 extro.
20231008 052919.246 INFO             PET3     <<<esm: leaving Initialize (phase=<none>) with current time: 2010  6  1  0  0  0   0
20231008 052919.246 INFO             PET3   esm: InitializeIPDv02p1 extro.
20231008 052919.246 INFO             PET3   esm: InitializeIPDv02p3 intro.
20231008 052919.247 INFO             PET3     >>>esm: entered Initialize (phase=<none>) with current time: 2010  6  1  0  0  0   0
20231008 052919.247 INFO             PET3     esm: IInitCheck intro.
20231008 052919.247 INFO             PET3     esm: IInitCheck extro.
20231008 052919.247 INFO             PET3     atmA: InitializeIPDvXp04 intro.
20231008 052919.254 INFO             PET3     atmA: InitializeIPDvXp04 extro.
20231008 052919.254 INFO             PET3     ocnA: InitializeIPDvXp04 intro.
20231008 052919.260 INFO             PET3     ocnA: InitializeIPDvXp04 extro.
20231008 052919.266 INFO             PET3     ATM-TO-OCN: InitializeIPDv05p4 intro.
20231008 052919.273 INFO             PET3     ATM-TO-OCN: InitializeIPDv05p4 extro.
20231008 052919.274 INFO             PET3     OCN-TO-ATM: InitializeIPDv05p4 intro.
20231008 052919.280 INFO             PET3     OCN-TO-ATM: InitializeIPDv05p4 extro.
20231008 052919.280 INFO             PET3     ATM-TO-OCN: InitializeIPDv05p5 intro.
20231008 052919.288 INFO             PET3     ATM-TO-OCN: InitializeIPDv05p5 extro.
20231008 052919.289 INFO             PET3     OCN-TO-ATM: InitializeIPDv05p5 intro.
20231008 052919.295 INFO             PET3     OCN-TO-ATM: InitializeIPDv05p5 extro.
20231008 052919.295 INFO             PET3     esm: IInitRealize intro.
20231008 052919.295 INFO             PET3     esm: IInitRealize extro.
20231008 052919.295 INFO             PET3     ATM-TO-OCN: InitializeIPDv05p6a intro.
20231008 052919.303 INFO             PET3     ATM-TO-OCN: InitializeIPDv05p6a extro.
20231008 052919.303 INFO             PET3     OCN-TO-ATM: InitializeIPDv05p6a intro.
20231008 052919.309 INFO             PET3     OCN-TO-ATM: InitializeIPDv05p6a extro.
20231008 052919.309 INFO             PET3     ATM-TO-OCN: InitializeIPDv05p6b intro.
20231008 052919.385 INFO             PET3     ATM-TO-OCN: InitializeIPDv05p6b extro.
20231008 052919.386 INFO             PET3     OCN-TO-ATM: InitializeIPDv05p6b intro.
20231008 052919.453 INFO             PET3     OCN-TO-ATM: InitializeIPDv05p6b extro.
20231008 052919.454 INFO             PET3     atmA: InitializeIPDvXp07 intro.
20231008 052919.454 INFO             PET3     atmA: InitializeIPDvXp07 extro.
20231008 052919.454 INFO             PET3     ocnA: InitializeIPDvXp07 intro.
20231008 052919.454 INFO             PET3     ocnA: InitializeIPDvXp07 extro.
20231008 052919.455 INFO             PET3     <<<esm: leaving Initialize (phase=<none>) with current time: 2010  6  1  0  0  0   0
20231008 052919.455 INFO             PET3   esm: InitializeIPDv02p3 extro.
20231008 052919.455 INFO             PET3   esm: InitializeIPDv02p5 intro.
20231008 052919.455 INFO             PET3     >>>esm: entered Initialize (phase=<none>) with current time: 2010  6  1  0  0  0   0
20231008 052919.455 INFO             PET3     esm: this is a top level driver, no 'Updated' and 'InitializeDataComplete' info on this level.
20231008 052919.455 INFO             PET3     esm: InitializeIPDv02p5Data intro.
20231008 052919.455 INFO             PET3       esm: InternalInitializeComplete intro.
20231008 052919.455 INFO             PET3         esm: InitializeDataComplete='true'
20231008 052919.455 INFO             PET3       esm: InternalInitializeComplete extro.
20231008 052919.456 INFO             PET3       atmA: InitializeIPDv01p5 intro.
20231008 052919.456 INFO             PET3       atmA: InitializeIPDv01p5 extro.
20231008 052919.456 INFO             PET3       ocnA: InitializeIPDv01p5 intro.
20231008 052919.456 INFO             PET3       ocnA: InitializeIPDv01p5 extro.
20231008 052919.459 INFO             PET3       esm: components present that trigger loopDataDependentInitialize().
20231008 052919.459 INFO             PET3       esm: loopDataDependentInitialize intro.
20231008 052919.459 INFO             PET3         esm: component    0=esm, dataComplete (local): true
20231008 052919.459 INFO             PET3         esm: component    0=esm, dataComplete (global):  T
20231008 052919.459 INFO             PET3         esm: component    1=atmA, dataComplete (local): true
20231008 052919.459 INFO             PET3         esm: component    1=atmA, dataComplete (global):  T
20231008 052919.460 INFO             PET3         esm: component    2=ocnA, dataComplete (local): true
20231008 052919.460 INFO             PET3         esm: component    2=ocnA, dataComplete (global):  T
20231008 052919.460 INFO             PET3         esm: someProgress= F, allComplete= T, present(dataDepAllComplete)= T
20231008 052919.460 INFO             PET3         esm: finished resolving initialize data dependencies on this level.
20231008 052919.460 INFO             PET3       esm: loopDataDependentInitialize extro.
20231008 052919.460 INFO             PET3       esm: loopDataDependentInitialize() returned with dataDepAllComplete:  T
20231008 052919.460 INFO             PET3     esm: InitializeIPDv02p5Data extro.
20231008 052919.460 INFO             PET3     <<<esm: leaving Initialize (phase=<none>) with current time: 2010  6  1  0  0  0   0
20231008 052919.460 INFO             PET3   esm: InitializeIPDv02p5 extro.
20231008 052919.460 INFO             PET3 esm: InitializeGeneric extro.
20231008 052919.460 INFO             PET3 esm: Run intro.
20231008 052919.460 INFO             PET3   >>>esm entered Run (phase=RunPhase1) with current time: 2010  6  1  0  0  0   0
20231008 052919.460 INFO             PET3   esm: after lable_SetRunClock, current time: 2010  6  1  0  0  0   0
20231008 052919.460 INFO             PET3   esm: begin -------> RunSequence.
20231008 052919.460 INFO             PET3     esm: RunSequence event loopLevel=   1  levelMember=   1  loopIteration=   1, current time: 2010  6  1  0  0  0   0
20231008 052919.460 INFO             PET3     ATM-TO-OCN: Run intro.
20231008 052919.461 INFO             PET3     ATM-TO-OCN: Run extro.
20231008 052919.461 INFO             PET3     OCN-TO-ATM: Run intro.
20231008 052919.461 INFO             PET3     OCN-TO-ATM: Run extro.
20231008 052919.462 INFO             PET3     atmA: Run intro.
20231008 052919.462 INFO             PET3       ------>Advancing ATM from: 2010  6  1  0  0  0   0
20231008 052919.462 INFO             PET3       ---------------------> to: 2010  6  1  0 15  0   0
20231008 052919.462 INFO             PET3     atmA: Run extro.
20231008 052919.462 INFO             PET3     ocnA: Run intro.
20231008 052919.463 INFO             PET3       ------>Advancing OCN from: 2010  6  1  0  0  0   0
20231008 052919.463 INFO             PET3       ---------------------> to: 2010  6  1  0  5  0   0
20231008 052919.463 INFO             PET3       ------>Advancing OCN from: 2010  6  1  0  5  0   0
20231008 052919.463 INFO             PET3       ---------------------> to: 2010  6  1  0 10  0   0
20231008 052919.463 INFO             PET3       ------>Advancing OCN from: 2010  6  1  0 10  0   0
20231008 052919.463 INFO             PET3       ---------------------> to: 2010  6  1  0 15  0   0
20231008 052919.463 INFO             PET3     ocnA: Run extro.
20231008 052919.463 INFO             PET3     esm: RunSequence event loopLevel=   1  levelMember=   1  loopIteration=   2, current time: 2010  6  1  0 15  0   0
20231008 052919.463 INFO             PET3     ATM-TO-OCN: Run intro.
20231008 052919.463 INFO             PET3     ATM-TO-OCN: Run extro.
20231008 052919.464 INFO             PET3     OCN-TO-ATM: Run intro.
20231008 052919.464 INFO             PET3     OCN-TO-ATM: Run extro.
20231008 052919.464 INFO             PET3     atmA: Run intro.
20231008 052919.464 INFO             PET3       ------>Advancing ATM from: 2010  6  1  0 15  0   0
20231008 052919.464 INFO             PET3       ---------------------> to: 2010  6  1  0 30  0   0
20231008 052919.464 INFO             PET3     atmA: Run extro.
20231008 052919.464 INFO             PET3     ocnA: Run intro.
20231008 052919.465 INFO             PET3       ------>Advancing OCN from: 2010  6  1  0 15  0   0
20231008 052919.465 INFO             PET3       ---------------------> to: 2010  6  1  0 20  0   0
20231008 052919.465 INFO             PET3       ------>Advancing OCN from: 2010  6  1  0 20  0   0
20231008 052919.465 INFO             PET3       ---------------------> to: 2010  6  1  0 25  0   0
20231008 052919.465 INFO             PET3       ------>Advancing OCN from: 2010  6  1  0 25  0   0
20231008 052919.465 INFO             PET3       ---------------------> to: 2010  6  1  0 30  0   0
20231008 052919.465 INFO             PET3     ocnA: Run extro.
20231008 052919.465 INFO             PET3     esm: RunSequence event loopLevel=   1  levelMember=   1  loopIteration=   3, current time: 2010  6  1  0 30  0   0
20231008 052919.465 INFO             PET3     ATM-TO-OCN: Run intro.
20231008 052919.466 INFO             PET3     ATM-TO-OCN: Run extro.
20231008 052919.466 INFO             PET3     OCN-TO-ATM: Run intro.
20231008 052919.466 INFO             PET3     OCN-TO-ATM: Run extro.
20231008 052919.466 INFO             PET3     atmA: Run intro.
20231008 052919.467 INFO             PET3       ------>Advancing ATM from: 2010  6  1  0 30  0   0
20231008 052919.467 INFO             PET3       ---------------------> to: 2010  6  1  0 45  0   0
20231008 052919.467 INFO             PET3     atmA: Run extro.
20231008 052919.467 INFO             PET3     ocnA: Run intro.
20231008 052919.467 INFO             PET3       ------>Advancing OCN from: 2010  6  1  0 30  0   0
20231008 052919.467 INFO             PET3       ---------------------> to: 2010  6  1  0 35  0   0
20231008 052919.467 INFO             PET3       ------>Advancing OCN from: 2010  6  1  0 35  0   0
20231008 052919.467 INFO             PET3       ---------------------> to: 2010  6  1  0 40  0   0
20231008 052919.467 INFO             PET3       ------>Advancing OCN from: 2010  6  1  0 40  0   0
20231008 052919.467 INFO             PET3       ---------------------> to: 2010  6  1  0 45  0   0
20231008 052919.467 INFO             PET3     ocnA: Run extro.
20231008 052919.467 INFO             PET3     esm: RunSequence event loopLevel=   1  levelMember=   1  loopIteration=   4, current time: 2010  6  1  0 45  0   0
20231008 052919.468 INFO             PET3     ATM-TO-OCN: Run intro.
20231008 052919.468 INFO             PET3     ATM-TO-OCN: Run extro.
20231008 052919.468 INFO             PET3     OCN-TO-ATM: Run intro.
20231008 052919.469 INFO             PET3     OCN-TO-ATM: Run extro.
20231008 052919.469 INFO             PET3     atmA: Run intro.
20231008 052919.469 INFO             PET3       ------>Advancing ATM from: 2010  6  1  0 45  0   0
20231008 052919.469 INFO             PET3       ---------------------> to: 2010  6  1  1  0  0   0
20231008 052919.469 INFO             PET3     atmA: Run extro.
20231008 052919.469 INFO             PET3     ocnA: Run intro.
20231008 052919.470 INFO             PET3       ------>Advancing OCN from: 2010  6  1  0 45  0   0
20231008 052919.470 INFO             PET3       ---------------------> to: 2010  6  1  0 50  0   0
20231008 052919.470 INFO             PET3       ------>Advancing OCN from: 2010  6  1  0 50  0   0
20231008 052919.470 INFO             PET3       ---------------------> to: 2010  6  1  0 55  0   0
20231008 052919.470 INFO             PET3       ------>Advancing OCN from: 2010  6  1  0 55  0   0
20231008 052919.470 INFO             PET3       ---------------------> to: 2010  6  1  1  0  0   0
20231008 052919.470 INFO             PET3     ocnA: Run extro.
20231008 052919.470 INFO             PET3   esm: end <--------- RunSequence
20231008 052919.470 INFO             PET3   <<<esm - leaving Run with current time: 2010  6  1  1  0  0   0
20231008 052919.470 INFO             PET3 esm: Run extro.
20231008 052919.470 INFO             PET3 esm: Finalize intro.
20231008 052919.470 INFO             PET3   Calling Finalize phase 1 for connectorComp: ATM-TO-OCN
20231008 052919.470 INFO             PET3   ATM-TO-OCN: Finalize intro.
20231008 052919.470 INFO             PET3   ATM-TO-OCN: Finalize extro.
20231008 052919.470 INFO             PET3   Calling Finalize phase 1 for connectorComp: OCN-TO-ATM
20231008 052919.471 INFO             PET3   OCN-TO-ATM: Finalize intro.
20231008 052919.471 INFO             PET3   OCN-TO-ATM: Finalize extro.
20231008 052919.471 INFO             PET3   Calling Finalize phase 1 for modelComp: atmA
20231008 052919.471 INFO             PET3   atmA: Finalize intro.
20231008 052919.471 INFO             PET3   atmA: Finalize extro.
20231008 052919.471 INFO             PET3   Calling Finalize phase 1 for modelComp: ocnA
20231008 052919.471 INFO             PET3   ocnA: Finalize intro.
20231008 052919.471 INFO             PET3   ocnA: Finalize extro.
20231008 052919.471 INFO             PET3   Delete modelComp: atmA
20231008 052919.471 INFO             PET3   Delete Import-/Export State for modelComp: atmA
20231008 052919.471 INFO             PET3   Delete modelComp: ocnA
20231008 052919.472 INFO             PET3   Delete Import-/Export State for modelComp: ocnA
20231008 052919.472 INFO             PET3   Delete connectorComp: ATM-TO-OCN
20231008 052919.472 INFO             PET3   Delete connectorComp: OCN-TO-ATM
20231008 052919.472 INFO             PET3 esm: Finalize extro.
20231008 052919.472 INFO             PET3 esmApp FINISHED
20231008 052919.472 INFO             PET3 Finalizing ESMF
