Processing /glade/scratch/theurich/ESMF-Nightly-Testing/gfortran_10.1.0_openmpi_g_feature_devList/esmf/src/addon/esmpy
  Installing build dependencies: started
  Installing build dependencies: finished with status 'done'
  Getting requirements to build wheel: started
  Getting requirements to build wheel: finished with status 'done'
    Preparing wheel metadata: started
    Preparing wheel metadata: finished with status 'done'
Collecting importlib-metadata; python_version < "3.8"
  Using cached importlib_metadata-6.7.0-py3-none-any.whl (22 kB)
Collecting numpy
  Using cached numpy-1.21.6-cp37-cp37m-manylinux_2_12_x86_64.manylinux2010_x86_64.whl (15.7 MB)
Collecting zipp>=0.5
  Using cached zipp-3.15.0-py3-none-any.whl (6.8 kB)
Collecting typing-extensions>=3.6.4; python_version < "3.8"
  Using cached typing_extensions-4.7.1-py3-none-any.whl (33 kB)
Building wheels for collected packages: esmpy
  Building wheel for esmpy (PEP 517): started
  Building wheel for esmpy (PEP 517): finished with status 'done'
  Created wheel for esmpy: filename=esmpy-8.6.0b0-py3-none-any.whl size=120542 sha256=3d4f630b0dd99b6574f4117586259712d7f51fc4d7e4c0fd1f9fcacff57162a0
  Stored in directory: /glade/scratch/theurich/pip-ephem-wheel-cache-hthb9r4b/wheels/9a/f1/f5/1ec58323a1da77c5d9ea1defffc3c128c9d36e5e1119fc7a08
Successfully built esmpy
Installing collected packages: zipp, typing-extensions, importlib-metadata, numpy, esmpy
Successfully installed esmpy-8.6.0b0 importlib-metadata-6.7.0 numpy-1.21.6 typing-extensions-4.7.1 zipp-3.15.0
WARNING: You are using pip version 20.1.1; however, version 23.3 is available.
You should consider upgrading via the '/glade/scratch/theurich/ESMF-Nightly-Testing/gfortran_10.1.0_openmpi_g_feature_devList/esmpy_venv/bin/python3 -m pip install --upgrade pip' command.
