2023-11-11 02:24:33
forrtl: severe (174): SIGSEGV, segmentation fault occurred
Image              PC                Routine            Line        Source             
libpthread-2.31.s  00001473BF0598C0  Unknown               Unknown  Unknown
mainApp            000000000043E1C3  Unknown               Unknown  Unknown
mainApp            000000000043EAE0  Unknown               Unknown  Unknown
mainApp            000000000043E374  Unknown               Unknown  Unknown
libesmf.so         00001473C1645752  f_esmf_compcollec     Unknown  Unknown
libesmf.so         00001473C149D5CD  _ZN5ESMCI2VM8fina     Unknown  Unknown
libesmf.so         00001473C147B885  c_esmc_vmfinalize     Unknown  Unknown
libesmf.so         00001473C1B9AF5C  esmf_vmmod_mp_esm     Unknown  Unknown
libesmf.so         00001473C19A7A95  esmf_initmod_mp_e     Unknown  Unknown
mainApp            00000000004169A5  Unknown               Unknown  Unknown
mainApp            000000000041638D  Unknown               Unknown  Unknown
libc-2.31.so       00001473BB1CF29D  __libc_start_main     Unknown  Unknown
mainApp            00000000004162BA  Unknown               Unknown  Unknown
forrtl: severe (174): SIGSEGV, segmentation fault occurred
Image              PC                Routine            Line        Source             
libpthread-2.31.s  000014CC13F8E8C0  Unknown               Unknown  Unknown
mainApp            000000000043E1A7  Unknown               Unknown  Unknown
mainApp            000000000043EAE0  Unknown               Unknown  Unknown
mainApp            000000000043E374  Unknown               Unknown  Unknown
libesmf.so         000014CC1657A752  f_esmf_compcollec     Unknown  Unknown
libesmf.so         000014CC163D25CD  _ZN5ESMCI2VM8fina     Unknown  Unknown
libesmf.so         000014CC163B0885  c_esmc_vmfinalize     Unknown  Unknown
libesmf.so         000014CC16ACFF5C  esmf_vmmod_mp_esm     Unknown  Unknown
libesmf.so         000014CC168DCA95  esmf_initmod_mp_e     Unknown  Unknown
mainApp            00000000004169A5  Unknown               Unknown  Unknown
mainApp            000000000041638D  Unknown               Unknown  Unknown
libc-2.31.so       000014CC1010429D  __libc_start_main     Unknown  Unknown
mainApp            00000000004162BA  Unknown               Unknown  Unknown
dec0809.hsn.de.hpc.ucar.edu: rank 3 exited with code 174
forrtl: error (78): process killed (SIGTERM)
Image              PC                Routine            Line        Source             
libpthread-2.31.s  00001510FD7D18C0  Unknown               Unknown  Unknown
libc-2.31.so       00001510F9A0E527  __sched_yield         Unknown  Unknown
libmpi_intel.so.1  00001510FB685ADE  Unknown               Unknown  Unknown
libmpi_intel.so.1  00001510FC421A16  Unknown               Unknown  Unknown
libmpi_intel.so.1  00001510FC434169  Unknown               Unknown  Unknown
libmpi_intel.so.1  00001510FC343C82  Unknown               Unknown  Unknown
libmpi_intel.so.1  00001510FAA15011  Unknown               Unknown  Unknown
libmpi_intel.so.1  00001510FAA15138  Unknown               Unknown  Unknown
libmpi_intel.so.1  00001510FC6224CB  Unknown               Unknown  Unknown
libmpi_intel.so.1  00001510FAA15200  Unknown               Unknown  Unknown
libmpi_intel.so.1  00001510FCB30E96  Unknown               Unknown  Unknown
libmpi_intel.so.1  00001510FCBCE766  Unknown               Unknown  Unknown
libmpi_intel.so.1  00001510FC7ABE80  Unknown               Unknown  Unknown
libmpi_intel.so.1  00001510FAEB75BC  MPI_Finalize          Unknown  Unknown
libesmf.so         00001510FFBF8C60  _ZN5ESMCI3VMK8fin     Unknown  Unknown
libesmf.so         00001510FFC156C0  _ZN5ESMCI2VM8fina     Unknown  Unknown
libesmf.so         00001510FFBF3885  c_esmc_vmfinalize     Unknown  Unknown
libesmf.so         0000151100312F5C  esmf_vmmod_mp_esm     Unknown  Unknown
libesmf.so         000015110011FA95  esmf_initmod_mp_e     Unknown  Unknown
mainApp            00000000004169A5  Unknown               Unknown  Unknown
mainApp            000000000041638D  Unknown               Unknown  Unknown
libc-2.31.so       00001510F994729D  __libc_start_main     Unknown  Unknown
mainApp            00000000004162BA  Unknown               Unknown  Unknown
dec0809.hsn.de.hpc.ucar.edu: rank 0 exited with code 1
dec0809.hsn.de.hpc.ucar.edu: rank 2 died from signal 7 and dumped core
