2023-10-05 04:46:49
Operating system error: Operating system error: Operating system error: Operating system error: Cannot allocate memory
Memory allocation failed in xmallocarray

Error termination. Backtrace:
Cannot allocate memory
Memory allocation failed in xmallocarray

Error termination. Backtrace:
Cannot allocate memory
Memory allocation failed in xmallocarray

Error termination. Backtrace:
Cannot allocate memory
Memory allocation failed in xmallocarray

Error termination. Backtrace:
#0  0x7efd091cbbf1 in __esmf_pointlistmod_MOD_esmf_pointlistadd
	at /home/gerhard/ESMF-Nightly-Testing/gfortran_7.4.0_mpich_g_develop/esmf/src/Infrastructure/PointList/interface/ESMF_PointList.F90:1018
#1  0x7efd091ce7b5 in __esmf_pointlistmod_MOD_esmf_pointlistcreatefrmlocstream
	at /home/gerhard/ESMF-Nightly-Testing/gfortran_7.4.0_mpich_g_develop/esmf/src/Infrastructure/PointList/interface/ESMF_PointList.F90:671
#2  0x7efd08ce01fd in getpointlistonfieldloc
	at /home/gerhard/ESMF-Nightly-Testing/gfortran_7.4.0_mpich_g_develop/esmf/src/Infrastructure/Field/src/ESMF_FieldRegrid.F90:1676
#3  0x7efd08ce344c in __esmf_fieldregridmod_MOD_esmf_fieldregridstorenx
	at /home/gerhard/ESMF-Nightly-Testing/gfortran_7.4.0_mpich_g_develop/esmf/src/Infrastructure/Field/src/ESMF_FieldRegrid.F90:1062
#0  0x7fce9241ebf1 in __esmf_pointlistmod_MOD_esmf_pointlistadd
	at /home/gerhard/ESMF-Nightly-Testing/gfortran_7.4.0_mpich_g_develop/esmf/src/Infrastructure/PointList/interface/ESMF_PointList.F90:1018
#1  0x7fce924217b5 in __esmf_pointlistmod_MOD_esmf_pointlistcreatefrmlocstream
	at /home/gerhard/ESMF-Nightly-Testing/gfortran_7.4.0_mpich_g_develop/esmf/src/Infrastructure/PointList/interface/ESMF_PointList.F90:671
#0  0x7f17e7bf2bf1 in __esmf_pointlistmod_MOD_esmf_pointlistadd
	at /home/gerhard/ESMF-Nightly-Testing/gfortran_7.4.0_mpich_g_develop/esmf/src/Infrastructure/PointList/interface/ESMF_PointList.F90:1018
#1  0x7f17e7bf57b5 in __esmf_pointlistmod_MOD_esmf_pointlistcreatefrmlocstream
	at /home/gerhard/ESMF-Nightly-Testing/gfortran_7.4.0_mpich_g_develop/esmf/src/Infrastructure/PointList/interface/ESMF_PointList.F90:671
#4  0x7efd08925ba9 in __esmf_fieldbundlemod_MOD_esmf_fieldbundleregridstorepair
	at /home/gerhard/ESMF-Nightly-Testing/gfortran_7.4.0_mpich_g_develop/esmf/src/Infrastructure/FieldBundle/src/ESMF_FieldBundle.F90:16178
#0  0x7f0c43ea9bf1 in __esmf_pointlistmod_MOD_esmf_pointlistadd
	at /home/gerhard/ESMF-Nightly-Testing/gfortran_7.4.0_mpich_g_develop/esmf/src/Infrastructure/PointList/interface/ESMF_PointList.F90:1018
#1  0x7f0c43eac7b5 in __esmf_pointlistmod_MOD_esmf_pointlistcreatefrmlocstream
	at /home/gerhard/ESMF-Nightly-Testing/gfortran_7.4.0_mpich_g_develop/esmf/src/Infrastructure/PointList/interface/ESMF_PointList.F90:671
#2  0x7fce91f331fd in getpointlistonfieldloc
	at /home/gerhard/ESMF-Nightly-Testing/gfortran_7.4.0_mpich_g_develop/esmf/src/Infrastructure/Field/src/ESMF_FieldRegrid.F90:1676
#3  0x7fce91f36274 in __esmf_fieldregridmod_MOD_esmf_fieldregridstorenx
	at /home/gerhard/ESMF-Nightly-Testing/gfortran_7.4.0_mpich_g_develop/esmf/src/Infrastructure/Field/src/ESMF_FieldRegrid.F90:1053
#2  0x7f17e77071fd in getpointlistonfieldloc
	at /home/gerhard/ESMF-Nightly-Testing/gfortran_7.4.0_mpich_g_develop/esmf/src/Infrastructure/Field/src/ESMF_FieldRegrid.F90:1676
#3  0x7f17e770a44c in __esmf_fieldregridmod_MOD_esmf_fieldregridstorenx
	at /home/gerhard/ESMF-Nightly-Testing/gfortran_7.4.0_mpich_g_develop/esmf/src/Infrastructure/Field/src/ESMF_FieldRegrid.F90:1062
#2  0x7f0c439be1fd in getpointlistonfieldloc
	at /home/gerhard/ESMF-Nightly-Testing/gfortran_7.4.0_mpich_g_develop/esmf/src/Infrastructure/Field/src/ESMF_FieldRegrid.F90:1676
#3  0x7f0c439c1274 in __esmf_fieldregridmod_MOD_esmf_fieldregridstorenx
	at /home/gerhard/ESMF-Nightly-Testing/gfortran_7.4.0_mpich_g_develop/esmf/src/Infrastructure/Field/src/ESMF_FieldRegrid.F90:1053
#4  0x7fce91b78ba9 in __esmf_fieldbundlemod_MOD_esmf_fieldbundleregridstorepair
	at /home/gerhard/ESMF-Nightly-Testing/gfortran_7.4.0_mpich_g_develop/esmf/src/Infrastructure/FieldBundle/src/ESMF_FieldBundle.F90:16178
#4  0x7f17e734cba9 in __esmf_fieldbundlemod_MOD_esmf_fieldbundleregridstorepair
	at /home/gerhard/ESMF-Nightly-Testing/gfortran_7.4.0_mpich_g_develop/esmf/src/Infrastructure/FieldBundle/src/ESMF_FieldBundle.F90:16178
#4  0x7f0c43603ba9 in __esmf_fieldbundlemod_MOD_esmf_fieldbundleregridstorepair
	at /home/gerhard/ESMF-Nightly-Testing/gfortran_7.4.0_mpich_g_develop/esmf/src/Infrastructure/FieldBundle/src/ESMF_FieldBundle.F90:16178
#5  0x7efd094e1d57 in fieldbundlecplstore
	at /home/gerhard/ESMF-Nightly-Testing/gfortran_7.4.0_mpich_g_develop/esmf/src/addon/NUOPC/src/NUOPC_Connector.F90:8094
#6  0x7efd0950475e in initializeipdv05p6b
	at /home/gerhard/ESMF-Nightly-Testing/gfortran_7.4.0_mpich_g_develop/esmf/src/addon/NUOPC/src/NUOPC_Connector.F90:5438
#5  0x7fce92734d57 in fieldbundlecplstore
	at /home/gerhard/ESMF-Nightly-Testing/gfortran_7.4.0_mpich_g_develop/esmf/src/addon/NUOPC/src/NUOPC_Connector.F90:8094
#6  0x7fce9275775e in initializeipdv05p6b
	at /home/gerhard/ESMF-Nightly-Testing/gfortran_7.4.0_mpich_g_develop/esmf/src/addon/NUOPC/src/NUOPC_Connector.F90:5438
#5  0x7f17e7f08d57 in fieldbundlecplstore
	at /home/gerhard/ESMF-Nightly-Testing/gfortran_7.4.0_mpich_g_develop/esmf/src/addon/NUOPC/src/NUOPC_Connector.F90:8094
#6  0x7f17e7f2b75e in initializeipdv05p6b
	at /home/gerhard/ESMF-Nightly-Testing/gfortran_7.4.0_mpich_g_develop/esmf/src/addon/NUOPC/src/NUOPC_Connector.F90:5438
#5  0x7f0c441bfd57 in fieldbundlecplstore
	at /home/gerhard/ESMF-Nightly-Testing/gfortran_7.4.0_mpich_g_develop/esmf/src/addon/NUOPC/src/NUOPC_Connector.F90:8094
#6  0x7f0c441e275e in initializeipdv05p6b
	at /home/gerhard/ESMF-Nightly-Testing/gfortran_7.4.0_mpich_g_develop/esmf/src/addon/NUOPC/src/NUOPC_Connector.F90:5438
#7  0x7f0c42e0b5ca in _ZN5ESMCI6FTable12callVFuncPtrEPKcPNS_2VMEPi
	at /home/gerhard/ESMF-Nightly-Testing/gfortran_7.4.0_mpich_g_develop/esmf/src/Superstructure/Component/src/ESMCI_FTable.C:2167
#7  0x7fce913805ca in _ZN5ESMCI6FTable12callVFuncPtrEPKcPNS_2VMEPi
	at /home/gerhard/ESMF-Nightly-Testing/gfortran_7.4.0_mpich_g_develop/esmf/src/Superstructure/Component/src/ESMCI_FTable.C:2167
#7  0x7efd0812d5ca in _ZN5ESMCI6FTable12callVFuncPtrEPKcPNS_2VMEPi
	at /home/gerhard/ESMF-Nightly-Testing/gfortran_7.4.0_mpich_g_develop/esmf/src/Superstructure/Component/src/ESMCI_FTable.C:2167
#7  0x7f17e6b545ca in _ZN5ESMCI6FTable12callVFuncPtrEPKcPNS_2VMEPi
	at /home/gerhard/ESMF-Nightly-Testing/gfortran_7.4.0_mpich_g_develop/esmf/src/Superstructure/Component/src/ESMCI_FTable.C:2167
#8  0x7efd0812a715 in ESMCI_FTableCallEntryPointVMHop
	at /home/gerhard/ESMF-Nightly-Testing/gfortran_7.4.0_mpich_g_develop/esmf/src/Superstructure/Component/src/ESMCI_FTable.C:824
#8  0x7f0c42e08715 in ESMCI_FTableCallEntryPointVMHop
	at /home/gerhard/ESMF-Nightly-Testing/gfortran_7.4.0_mpich_g_develop/esmf/src/Superstructure/Component/src/ESMCI_FTable.C:824
#8  0x7fce9137d715 in ESMCI_FTableCallEntryPointVMHop
	at /home/gerhard/ESMF-Nightly-Testing/gfortran_7.4.0_mpich_g_develop/esmf/src/Superstructure/Component/src/ESMCI_FTable.C:824
#8  0x7f17e6b51715 in ESMCI_FTableCallEntryPointVMHop
	at /home/gerhard/ESMF-Nightly-Testing/gfortran_7.4.0_mpich_g_develop/esmf/src/Superstructure/Component/src/ESMCI_FTable.C:824
#9  0x7fce91779d05 in _ZN5ESMCI3VMK5enterEPNS_7VMKPlanEPvS3_
	at /home/gerhard/ESMF-Nightly-Testing/gfortran_7.4.0_mpich_g_develop/esmf/src/Infrastructure/VM/src/ESMCI_VMKernel.C:2316
#9  0x7f0c43204d05 in _ZN5ESMCI3VMK5enterEPNS_7VMKPlanEPvS3_
	at /home/gerhard/ESMF-Nightly-Testing/gfortran_7.4.0_mpich_g_develop/esmf/src/Infrastructure/VM/src/ESMCI_VMKernel.C:2316
#9  0x7f17e6f4dd05 in _ZN5ESMCI3VMK5enterEPNS_7VMKPlanEPvS3_
	at /home/gerhard/ESMF-Nightly-Testing/gfortran_7.4.0_mpich_g_develop/esmf/src/Infrastructure/VM/src/ESMCI_VMKernel.C:2316
#9  0x7efd08526d05 in _ZN5ESMCI3VMK5enterEPNS_7VMKPlanEPvS3_
	at /home/gerhard/ESMF-Nightly-Testing/gfortran_7.4.0_mpich_g_develop/esmf/src/Infrastructure/VM/src/ESMCI_VMKernel.C:2316
#10  0x7f0c4321f870 in _ZN5ESMCI2VM5enterEPNS_6VMPlanEPvS3_
	at /home/gerhard/ESMF-Nightly-Testing/gfortran_7.4.0_mpich_g_develop/esmf/src/Infrastructure/VM/src/ESMCI_VM.C:1216
#11  0x7f0c42e08bab in c_esmc_ftablecallentrypointvm_
	at /home/gerhard/ESMF-Nightly-Testing/gfortran_7.4.0_mpich_g_develop/esmf/src/Superstructure/Component/src/ESMCI_FTable.C:981
#10  0x7fce91794870 in _ZN5ESMCI2VM5enterEPNS_6VMPlanEPvS3_
	at /home/gerhard/ESMF-Nightly-Testing/gfortran_7.4.0_mpich_g_develop/esmf/src/Infrastructure/VM/src/ESMCI_VM.C:1216
#11  0x7fce9137dbab in c_esmc_ftablecallentrypointvm_
	at /home/gerhard/ESMF-Nightly-Testing/gfortran_7.4.0_mpich_g_develop/esmf/src/Superstructure/Component/src/ESMCI_FTable.C:981
#12  0x7f0c435aa496 in __esmf_compmod_MOD_esmf_compexecute
	at /home/gerhard/ESMF-Nightly-Testing/gfortran_7.4.0_mpich_g_develop/esmf/src/Superstructure/Component/src/ESMF_Comp.F90:1225
#12  0x7fce91b1f496 in __esmf_compmod_MOD_esmf_compexecute
	at /home/gerhard/ESMF-Nightly-Testing/gfortran_7.4.0_mpich_g_develop/esmf/src/Superstructure/Component/src/ESMF_Comp.F90:1225
#13  0x7f0c435c340b in __esmf_cplcompmod_MOD_esmf_cplcompinitialize
	at /home/gerhard/ESMF-Nightly-Testing/gfortran_7.4.0_mpich_g_develop/esmf/src/Superstructure/Component/src/ESMF_CplComp.F90:1168
#13  0x7fce91b3840b in __esmf_cplcompmod_MOD_esmf_cplcompinitialize
	at /home/gerhard/ESMF-Nightly-Testing/gfortran_7.4.0_mpich_g_develop/esmf/src/Superstructure/Component/src/ESMF_CplComp.F90:1168
#14  0x7f0c44298011 in loopconnectorcompss
	at /home/gerhard/ESMF-Nightly-Testing/gfortran_7.4.0_mpich_g_develop/esmf/src/addon/NUOPC/src/NUOPC_Driver.F90:3049
#15  0x7f0c442aa04e in initializeipdv02p3
	at /home/gerhard/ESMF-Nightly-Testing/gfortran_7.4.0_mpich_g_develop/esmf/src/addon/NUOPC/src/NUOPC_Driver.F90:2157
#16  0x7f0c442cc522 in initializegeneric
	at /home/gerhard/ESMF-Nightly-Testing/gfortran_7.4.0_mpich_g_develop/esmf/src/addon/NUOPC/src/NUOPC_Driver.F90:487
#17  0x7f0c42e0b5ca in _ZN5ESMCI6FTable12callVFuncPtrEPKcPNS_2VMEPi
	at /home/gerhard/ESMF-Nightly-Testing/gfortran_7.4.0_mpich_g_develop/esmf/src/Superstructure/Component/src/ESMCI_FTable.C:2167
#18  0x7f0c42e08715 in ESMCI_FTableCallEntryPointVMHop
	at /home/gerhard/ESMF-Nightly-Testing/gfortran_7.4.0_mpich_g_develop/esmf/src/Superstructure/Component/src/ESMCI_FTable.C:824
#19  0x7f0c43204d05 in _ZN5ESMCI3VMK5enterEPNS_7VMKPlanEPvS3_
	at /home/gerhard/ESMF-Nightly-Testing/gfortran_7.4.0_mpich_g_develop/esmf/src/Infrastructure/VM/src/ESMCI_VMKernel.C:2316
#20  0x7f0c4321f870 in _ZN5ESMCI2VM5enterEPNS_6VMPlanEPvS3_
	at /home/gerhard/ESMF-Nightly-Testing/gfortran_7.4.0_mpich_g_develop/esmf/src/Infrastructure/VM/src/ESMCI_VM.C:1216
#21  0x7f0c42e08bab in c_esmc_ftablecallentrypointvm_
	at /home/gerhard/ESMF-Nightly-Testing/gfortran_7.4.0_mpich_g_develop/esmf/src/Superstructure/Component/src/ESMCI_FTable.C:981
#22  0x7f0c435aa496 in __esmf_compmod_MOD_esmf_compexecute
	at /home/gerhard/ESMF-Nightly-Testing/gfortran_7.4.0_mpich_g_develop/esmf/src/Superstructure/Component/src/ESMF_Comp.F90:1225
#14  0x7fce9280d011 in loopconnectorcompss
	at /home/gerhard/ESMF-Nightly-Testing/gfortran_7.4.0_mpich_g_develop/esmf/src/addon/NUOPC/src/NUOPC_Driver.F90:3049
#15  0x7fce9281f04e in initializeipdv02p3
	at /home/gerhard/ESMF-Nightly-Testing/gfortran_7.4.0_mpich_g_develop/esmf/src/addon/NUOPC/src/NUOPC_Driver.F90:2157
#16  0x7fce92841522 in initializegeneric
	at /home/gerhard/ESMF-Nightly-Testing/gfortran_7.4.0_mpich_g_develop/esmf/src/addon/NUOPC/src/NUOPC_Driver.F90:487
#17  0x7fce913805ca in _ZN5ESMCI6FTable12callVFuncPtrEPKcPNS_2VMEPi
	at /home/gerhard/ESMF-Nightly-Testing/gfortran_7.4.0_mpich_g_develop/esmf/src/Superstructure/Component/src/ESMCI_FTable.C:2167
#18  0x7fce9137d715 in ESMCI_FTableCallEntryPointVMHop
	at /home/gerhard/ESMF-Nightly-Testing/gfortran_7.4.0_mpich_g_develop/esmf/src/Superstructure/Component/src/ESMCI_FTable.C:824
#19  0x7fce91779d05 in _ZN5ESMCI3VMK5enterEPNS_7VMKPlanEPvS3_
	at /home/gerhard/ESMF-Nightly-Testing/gfortran_7.4.0_mpich_g_develop/esmf/src/Infrastructure/VM/src/ESMCI_VMKernel.C:2316
#20  0x7fce91794870 in _ZN5ESMCI2VM5enterEPNS_6VMPlanEPvS3_
	at /home/gerhard/ESMF-Nightly-Testing/gfortran_7.4.0_mpich_g_develop/esmf/src/Infrastructure/VM/src/ESMCI_VM.C:1216
#21  0x7fce9137dbab in c_esmc_ftablecallentrypointvm_
	at /home/gerhard/ESMF-Nightly-Testing/gfortran_7.4.0_mpich_g_develop/esmf/src/Superstructure/Component/src/ESMCI_FTable.C:981
#22  0x7fce91b1f496 in __esmf_compmod_MOD_esmf_compexecute
	at /home/gerhard/ESMF-Nightly-Testing/gfortran_7.4.0_mpich_g_develop/esmf/src/Superstructure/Component/src/ESMF_Comp.F90:1225
#23  0x7f0c43a36194 in __esmf_gridcompmod_MOD_esmf_gridcompinitialize
	at /home/gerhard/ESMF-Nightly-Testing/gfortran_7.4.0_mpich_g_develop/esmf/src/Superstructure/Component/src/ESMF_GridComp.F90:1415
#24  0x4064aa in esmapp
	at /home/gerhard/ESMF-Nightly-Testing/gfortran_7.4.0_mpich_g_develop/nuopc-app-prototypes/AtmOcnPetListProto/esmApp.F90:83
#25  0x406a50 in main
	at /home/gerhard/ESMF-Nightly-Testing/gfortran_7.4.0_mpich_g_develop/nuopc-app-prototypes/AtmOcnPetListProto/esmApp.F90:17
#23  0x7fce91fab194 in __esmf_gridcompmod_MOD_esmf_gridcompinitialize
	at /home/gerhard/ESMF-Nightly-Testing/gfortran_7.4.0_mpich_g_develop/esmf/src/Superstructure/Component/src/ESMF_GridComp.F90:1415
#24  0x4064aa in esmapp
	at /home/gerhard/ESMF-Nightly-Testing/gfortran_7.4.0_mpich_g_develop/nuopc-app-prototypes/AtmOcnPetListProto/esmApp.F90:83
#25  0x406a50 in main
	at /home/gerhard/ESMF-Nightly-Testing/gfortran_7.4.0_mpich_g_develop/nuopc-app-prototypes/AtmOcnPetListProto/esmApp.F90:17
#10  0x7f17e6f68870 in _ZN5ESMCI2VM5enterEPNS_6VMPlanEPvS3_
	at /home/gerhard/ESMF-Nightly-Testing/gfortran_7.4.0_mpich_g_develop/esmf/src/Infrastructure/VM/src/ESMCI_VM.C:1216
#11  0x7f17e6b51bab in c_esmc_ftablecallentrypointvm_
	at /home/gerhard/ESMF-Nightly-Testing/gfortran_7.4.0_mpich_g_develop/esmf/src/Superstructure/Component/src/ESMCI_FTable.C:981
#10  0x7efd08541870 in _ZN5ESMCI2VM5enterEPNS_6VMPlanEPvS3_
	at /home/gerhard/ESMF-Nightly-Testing/gfortran_7.4.0_mpich_g_develop/esmf/src/Infrastructure/VM/src/ESMCI_VM.C:1216
#11  0x7efd0812abab in c_esmc_ftablecallentrypointvm_
	at /home/gerhard/ESMF-Nightly-Testing/gfortran_7.4.0_mpich_g_develop/esmf/src/Superstructure/Component/src/ESMCI_FTable.C:981
#12  0x7f17e72f3496 in __esmf_compmod_MOD_esmf_compexecute
	at /home/gerhard/ESMF-Nightly-Testing/gfortran_7.4.0_mpich_g_develop/esmf/src/Superstructure/Component/src/ESMF_Comp.F90:1225
#12  0x7efd088cc496 in __esmf_compmod_MOD_esmf_compexecute
	at /home/gerhard/ESMF-Nightly-Testing/gfortran_7.4.0_mpich_g_develop/esmf/src/Superstructure/Component/src/ESMF_Comp.F90:1225
#13  0x7f17e730c40b in __esmf_cplcompmod_MOD_esmf_cplcompinitialize
	at /home/gerhard/ESMF-Nightly-Testing/gfortran_7.4.0_mpich_g_develop/esmf/src/Superstructure/Component/src/ESMF_CplComp.F90:1168
#13  0x7efd088e540b in __esmf_cplcompmod_MOD_esmf_cplcompinitialize
	at /home/gerhard/ESMF-Nightly-Testing/gfortran_7.4.0_mpich_g_develop/esmf/src/Superstructure/Component/src/ESMF_CplComp.F90:1168
