2023-11-08 00:50:25
slurmstepd: error: couldn't chdir to `/tmp/intel_2023.1.0-oneAPI_mpi_O_release_8.6.0/nuopc-app-prototypes/DriverInDriverProto': No such file or directory: going to /tmp instead
forrtl: severe (174): SIGSEGV, segmentation fault occurred
Image              PC                Routine            Line        Source             
libpthread-2.31.s  0000152F45AA0910  Unknown               Unknown  Unknown
mainApp            000000000043FCC3  Unknown               Unknown  Unknown
mainApp            0000000000440C70  Unknown               Unknown  Unknown
mainApp            000000000043FE15  Unknown               Unknown  Unknown
libesmf.so         0000152F4A5264C1  f_esmf_compcollec     Unknown  Unknown
libesmf.so         0000152F4A37F52F  _ZN5ESMCI2VM8fina     Unknown  Unknown
libesmf.so         0000152F4A35D6B5  c_esmc_vmfinalize     Unknown  Unknown
libesmf.so         0000152F4AA7811C  esmf_vmmod_mp_esm     Unknown  Unknown
libesmf.so         0000152F4A88533B  esmf_initmod_mp_e     Unknown  Unknown
mainApp            00000000004171D5  Unknown               Unknown  Unknown
mainApp            0000000000416BBD  Unknown               Unknown  Unknown
libc-2.31.so       0000152F458C824D  __libc_start_main     Unknown  Unknown
mainApp            0000000000416AEA  Unknown               Unknown  Unknown
forrtl: severe (174): SIGSEGV, segmentation fault occurred
Image              PC                Routine            Line        Source             
libpthread-2.31.s  0000153299F02910  Unknown               Unknown  Unknown
mainApp            000000000043FCA3  Unknown               Unknown  Unknown
mainApp            0000000000440C70  Unknown               Unknown  Unknown
mainApp            000000000043FE15  Unknown               Unknown  Unknown
libesmf.so         000015329E9884C1  f_esmf_compcollec     Unknown  Unknown
libesmf.so         000015329E7E152F  _ZN5ESMCI2VM8fina     Unknown  Unknown
libesmf.so         000015329E7BF6B5  c_esmc_vmfinalize     Unknown  Unknown
libesmf.so         000015329EEDA11C  esmf_vmmod_mp_esm     Unknown  Unknown
libesmf.so         000015329ECE733B  esmf_initmod_mp_e     Unknown  Unknown
mainApp            00000000004171D5  Unknown               Unknown  Unknown
mainApp            0000000000416BBD  Unknown               Unknown  Unknown
libc-2.31.so       0000153299D2A24D  __libc_start_main     Unknown  Unknown
mainApp            0000000000416AEA  Unknown               Unknown  Unknown
forrtl: severe (174): SIGSEGV, segmentation fault occurred
Image              PC                Routine            Line        Source             
libpthread-2.31.s  000014AC391E4910  Unknown               Unknown  Unknown
mainApp            000000000043FC87  Unknown               Unknown  Unknown
mainApp            0000000000440C70  Unknown               Unknown  Unknown
mainApp            000000000043FE15  Unknown               Unknown  Unknown
libesmf.so         000014AC3DC6A4C1  f_esmf_compcollec     Unknown  Unknown
libesmf.so         000014AC3DAC352F  _ZN5ESMCI2VM8fina     Unknown  Unknown
libesmf.so         000014AC3DAA16B5  c_esmc_vmfinalize     Unknown  Unknown
libesmf.so         000014AC3E1BC11C  esmf_vmmod_mp_esm     Unknown  Unknown
libesmf.so         000014AC3DFC933B  esmf_initmod_mp_e     Unknown  Unknown
mainApp            00000000004171D5  Unknown               Unknown  Unknown
mainApp            0000000000416BBD  Unknown               Unknown  Unknown
libc-2.31.so       000014AC3900C24D  __libc_start_main     Unknown  Unknown
mainApp            0000000000416AEA  Unknown               Unknown  Unknown
srun: error: nid004829: tasks 1-3: Exited with exit code 174
srun: Terminating StepId=18013476.377
slurmstepd: error: *** STEP 18013476.377 ON nid004829 CANCELLED AT 2023-11-08T10:53:04 ***
forrtl: error (78): process killed (SIGTERM)
Image              PC                Routine            Line        Source             
libpthread-2.31.s  000014ABB3E0A910  Unknown               Unknown  Unknown
libc-2.31.so       000014ABB3CF9AF7  __sched_yield         Unknown  Unknown
libmpi_intel.so.1  000014ABB5CDDADE  Unknown               Unknown  Unknown
libmpi_intel.so.1  000014ABB6A79A16  Unknown               Unknown  Unknown
libmpi_intel.so.1  000014ABB6A8C169  Unknown               Unknown  Unknown
libmpi_intel.so.1  000014ABB699BC82  Unknown               Unknown  Unknown
libmpi_intel.so.1  000014ABB506D011  Unknown               Unknown  Unknown
libmpi_intel.so.1  000014ABB506D138  Unknown               Unknown  Unknown
libmpi_intel.so.1  000014ABB6C7A4CB  Unknown               Unknown  Unknown
libmpi_intel.so.1  000014ABB506D200  Unknown               Unknown  Unknown
libmpi_intel.so.1  000014ABB6C709D2  Unknown               Unknown  Unknown
libmpi_intel.so.1  000014ABB6ABCE15  Unknown               Unknown  Unknown
libmpi_intel.so.1  000014ABB6E03EDF  Unknown               Unknown  Unknown
libmpi_intel.so.1  000014ABB550F5BC  MPI_Finalize          Unknown  Unknown
libesmf.so         000014ABB86CCA1F  _ZN5ESMCI3VMK8fin     Unknown  Unknown
libesmf.so         000014ABB86E9622  _ZN5ESMCI2VM8fina     Unknown  Unknown
libesmf.so         000014ABB86C76B5  c_esmc_vmfinalize     Unknown  Unknown
libesmf.so         000014ABB8DE211C  esmf_vmmod_mp_esm     Unknown  Unknown
libesmf.so         000014ABB8BEF33B  esmf_initmod_mp_e     Unknown  Unknown
mainApp            00000000004171D5  Unknown               Unknown  Unknown
mainApp            0000000000416BBD  Unknown               Unknown  Unknown
libc-2.31.so       000014ABB3C3224D  __libc_start_main     Unknown  Unknown
mainApp            0000000000416AEA  Unknown               Unknown  Unknown
srun: error: nid004829: task 0: Exited with exit code 1
