2023-11-06 01:29:07
slurmstepd: error: couldn't chdir to `/tmp/intel_2023.1.0-oneAPI_mpi_O_release_8.6.0/nuopc-app-prototypes/SingleModelProto': No such file or directory: going to /tmp instead
forrtl: severe (174): SIGSEGV, segmentation fault occurred
Image              PC                Routine            Line        Source             
libpthread-2.31.s  0000147E59AD1910  Unknown               Unknown  Unknown
mainApp            000000000043DEC0  Unknown               Unknown  Unknown
mainApp            000000000043EEC0  Unknown               Unknown  Unknown
mainApp            000000000043E065  Unknown               Unknown  Unknown
libesmf.so         0000147E5E5574C1  f_esmf_compcollec     Unknown  Unknown
libesmf.so         0000147E5E3B052F  _ZN5ESMCI2VM8fina     Unknown  Unknown
libesmf.so         0000147E5E38E6B5  c_esmc_vmfinalize     Unknown  Unknown
libesmf.so         0000147E5EAA910C  esmf_vmmod_mp_esm     Unknown  Unknown
libesmf.so         0000147E5E8B632B  esmf_initmod_mp_e     Unknown  Unknown
mainApp            0000000000416ED5  Unknown               Unknown  Unknown
mainApp            00000000004168BD  Unknown               Unknown  Unknown
libc-2.31.so       0000147E598F924D  __libc_start_main     Unknown  Unknown
mainApp            00000000004167EA  Unknown               Unknown  Unknown
forrtl: severe (174): SIGSEGV, segmentation fault occurred
Image              PC                Routine            Line        Source             
libpthread-2.31.s  000014E40DC33910  Unknown               Unknown  Unknown
mainApp            000000000043DEC0  Unknown               Unknown  Unknown
mainApp            000000000043EEC0  Unknown               Unknown  Unknown
mainApp            000000000043E065  Unknown               Unknown  Unknown
libesmf.so         000014E4126B94C1  f_esmf_compcollec     Unknown  Unknown
libesmf.so         000014E41251252F  _ZN5ESMCI2VM8fina     Unknown  Unknown
libesmf.so         000014E4124F06B5  c_esmc_vmfinalize     Unknown  Unknown
libesmf.so         000014E412C0B10C  esmf_vmmod_mp_esm     Unknown  Unknown
libesmf.so         000014E412A1832B  esmf_initmod_mp_e     Unknown  Unknown
mainApp            0000000000416ED5  Unknown               Unknown  Unknown
mainApp            00000000004168BD  Unknown               Unknown  Unknown
libc-2.31.so       000014E40DA5B24D  __libc_start_main     Unknown  Unknown
mainApp            00000000004167EA  Unknown               Unknown  Unknown
forrtl: severe (174): SIGSEGV, segmentation fault occurred
Image              PC                Routine            Line        Source             
libpthread-2.31.s  0000146C50183910  Unknown               Unknown  Unknown
mainApp            000000000043DEF3  Unknown               Unknown  Unknown
mainApp            000000000043EEC0  Unknown               Unknown  Unknown
mainApp            000000000043E065  Unknown               Unknown  Unknown
libesmf.so         0000146C54C094C1  f_esmf_compcollec     Unknown  Unknown
libesmf.so         0000146C54A6252F  _ZN5ESMCI2VM8fina     Unknown  Unknown
libesmf.so         0000146C54A406B5  c_esmc_vmfinalize     Unknown  Unknown
libesmf.so         0000146C5515B10C  esmf_vmmod_mp_esm     Unknown  Unknown
libesmf.so         0000146C54F6832B  esmf_initmod_mp_e     Unknown  Unknown
mainApp            0000000000416ED5  Unknown               Unknown  Unknown
mainApp            00000000004168BD  Unknown               Unknown  Unknown
libc-2.31.so       0000146C4FFAB24D  __libc_start_main     Unknown  Unknown
mainApp            00000000004167EA  Unknown               Unknown  Unknown
srun: error: nid006927: tasks 1-3: Exited with exit code 174
srun: Terminating StepId=17915164.387
slurmstepd: error: *** STEP 17915164.387 ON nid006927 CANCELLED AT 2023-11-06T10:09:22 ***
forrtl: error (78): process killed (SIGTERM)
Image              PC                Routine            Line        Source             
libpthread-2.31.s  00001477DCB25910  Unknown               Unknown  Unknown
libc-2.31.so       00001477DCA14AF7  __sched_yield         Unknown  Unknown
libmpi_intel.so.1  00001477DE9F8ADE  Unknown               Unknown  Unknown
libmpi_intel.so.1  00001477DF794A16  Unknown               Unknown  Unknown
libmpi_intel.so.1  00001477DF7A7169  Unknown               Unknown  Unknown
libmpi_intel.so.1  00001477DF6B6C82  Unknown               Unknown  Unknown
libmpi_intel.so.1  00001477DDD88011  Unknown               Unknown  Unknown
libmpi_intel.so.1  00001477DDD88138  Unknown               Unknown  Unknown
libmpi_intel.so.1  00001477DF9954CB  Unknown               Unknown  Unknown
libmpi_intel.so.1  00001477DDD88200  Unknown               Unknown  Unknown
libmpi_intel.so.1  00001477DF98B9D2  Unknown               Unknown  Unknown
libmpi_intel.so.1  00001477DF7D7E15  Unknown               Unknown  Unknown
libmpi_intel.so.1  00001477DFB1EEDF  Unknown               Unknown  Unknown
libmpi_intel.so.1  00001477DE22A5BC  MPI_Finalize          Unknown  Unknown
libesmf.so         00001477E13E7A1F  _ZN5ESMCI3VMK8fin     Unknown  Unknown
libesmf.so         00001477E1404622  _ZN5ESMCI2VM8fina     Unknown  Unknown
libesmf.so         00001477E13E26B5  c_esmc_vmfinalize     Unknown  Unknown
libesmf.so         00001477E1AFD10C  esmf_vmmod_mp_esm     Unknown  Unknown
libesmf.so         00001477E190A32B  esmf_initmod_mp_e     Unknown  Unknown
mainApp            0000000000416ED5  Unknown               Unknown  Unknown
mainApp            00000000004168BD  Unknown               Unknown  Unknown
libc-2.31.so       00001477DC94D24D  __libc_start_main     Unknown  Unknown
mainApp            00000000004167EA  Unknown               Unknown  Unknown
srun: error: nid006927: task 0: Exited with exit code 1
