2023-11-09 05:16:41
slurmstepd: error: couldn't chdir to `/tmp/intel_2023.1.0-oneAPI_mpi_O_release_8.6.0/nuopc-app-prototypes/SingleModelOpenMPUnawareProto': No such file or directory: going to /tmp instead
forrtl: severe (174): SIGSEGV, segmentation fault occurred
Image              PC                Routine            Line        Source             
libpthread-2.31.s  000014A80499F910  Unknown               Unknown  Unknown
mainApp            000000000043F2D3  Unknown               Unknown  Unknown
mainApp            0000000000440280  Unknown               Unknown  Unknown
mainApp            000000000043F425  Unknown               Unknown  Unknown
libesmf.so         000014A8096C44C1  f_esmf_compcollec     Unknown  Unknown
libesmf.so         000014A80951D52F  _ZN5ESMCI2VM8fina     Unknown  Unknown
libesmf.so         000014A8094FB6B5  c_esmc_vmfinalize     Unknown  Unknown
libesmf.so         000014A809C1610C  esmf_vmmod_mp_esm     Unknown  Unknown
libesmf.so         000014A809A2332B  esmf_initmod_mp_e     Unknown  Unknown
mainApp            000000000041771E  Unknown               Unknown  Unknown
mainApp            000000000041707D  Unknown               Unknown  Unknown
libc-2.31.so       000014A8047C724D  __libc_start_main     Unknown  Unknown
mainApp            0000000000416FAA  Unknown               Unknown  Unknown
forrtl: severe (174): SIGSEGV, segmentation fault occurred
Image              PC                Routine            Line        Source             
libpthread-2.31.s  0000154C94F2C910  Unknown               Unknown  Unknown
mainApp            000000000043F280  Unknown               Unknown  Unknown
mainApp            0000000000440280  Unknown               Unknown  Unknown
mainApp            000000000043F425  Unknown               Unknown  Unknown
libesmf.so         0000154C99C514C1  f_esmf_compcollec     Unknown  Unknown
libesmf.so         0000154C99AAA52F  _ZN5ESMCI2VM8fina     Unknown  Unknown
libesmf.so         0000154C99A886B5  c_esmc_vmfinalize     Unknown  Unknown
libesmf.so         0000154C9A1A310C  esmf_vmmod_mp_esm     Unknown  Unknown
libesmf.so         0000154C99FB032B  esmf_initmod_mp_e     Unknown  Unknown
mainApp            000000000041771E  Unknown               Unknown  Unknown
mainApp            000000000041707D  Unknown               Unknown  Unknown
libc-2.31.so       0000154C94D5424D  __libc_start_main     Unknown  Unknown
mainApp            0000000000416FAA  Unknown               Unknown  Unknown
forrtl: severe (174): SIGSEGV, segmentation fault occurred
Image              PC                Routine            Line        Source             
libpthread-2.31.s  000014E13F4E8910  Unknown               Unknown  Unknown
mainApp            000000000043F297  Unknown               Unknown  Unknown
mainApp            0000000000440280  Unknown               Unknown  Unknown
mainApp            000000000043F425  Unknown               Unknown  Unknown
libesmf.so         000014E14420D4C1  f_esmf_compcollec     Unknown  Unknown
libesmf.so         000014E14406652F  _ZN5ESMCI2VM8fina     Unknown  Unknown
libesmf.so         000014E1440446B5  c_esmc_vmfinalize     Unknown  Unknown
libesmf.so         000014E14475F10C  esmf_vmmod_mp_esm     Unknown  Unknown
libesmf.so         000014E14456C32B  esmf_initmod_mp_e     Unknown  Unknown
mainApp            000000000041771E  Unknown               Unknown  Unknown
mainApp            000000000041707D  Unknown               Unknown  Unknown
libc-2.31.so       000014E13F31024D  __libc_start_main     Unknown  Unknown
mainApp            0000000000416FAA  Unknown               Unknown  Unknown
srun: error: nid004237: tasks 1-3: Exited with exit code 174
srun: Terminating StepId=18035083.389
slurmstepd: error: *** STEP 18035083.389 ON nid004237 CANCELLED AT 2023-11-09T15:09:42 ***
forrtl: error (78): process killed (SIGTERM)
Image              PC                Routine            Line        Source             
libpthread-2.31.s  0000151CD38D0910  Unknown               Unknown  Unknown
libc-2.31.so       0000151CD37BFAF7  __sched_yield         Unknown  Unknown
libmpi_intel.so.1  0000151CD57A3ADE  Unknown               Unknown  Unknown
libmpi_intel.so.1  0000151CD653FA16  Unknown               Unknown  Unknown
libmpi_intel.so.1  0000151CD6552169  Unknown               Unknown  Unknown
libmpi_intel.so.1  0000151CD6461C82  Unknown               Unknown  Unknown
libmpi_intel.so.1  0000151CD4B33011  Unknown               Unknown  Unknown
libmpi_intel.so.1  0000151CD4B33138  Unknown               Unknown  Unknown
libmpi_intel.so.1  0000151CD67404CB  Unknown               Unknown  Unknown
libmpi_intel.so.1  0000151CD4B33200  Unknown               Unknown  Unknown
libmpi_intel.so.1  0000151CD67369D2  Unknown               Unknown  Unknown
libmpi_intel.so.1  0000151CD6582E15  Unknown               Unknown  Unknown
libmpi_intel.so.1  0000151CD68C9EDF  Unknown               Unknown  Unknown
libmpi_intel.so.1  0000151CD4FD55BC  MPI_Finalize          Unknown  Unknown
libesmf.so         0000151CD8431A1F  _ZN5ESMCI3VMK8fin     Unknown  Unknown
libesmf.so         0000151CD844E622  _ZN5ESMCI2VM8fina     Unknown  Unknown
libesmf.so         0000151CD842C6B5  c_esmc_vmfinalize     Unknown  Unknown
libesmf.so         0000151CD8B4710C  esmf_vmmod_mp_esm     Unknown  Unknown
libesmf.so         0000151CD895432B  esmf_initmod_mp_e     Unknown  Unknown
mainApp            000000000041771E  Unknown               Unknown  Unknown
mainApp            000000000041707D  Unknown               Unknown  Unknown
libc-2.31.so       0000151CD36F824D  __libc_start_main     Unknown  Unknown
mainApp            0000000000416FAA  Unknown               Unknown  Unknown
srun: error: nid004237: task 0: Exited with exit code 1
