2023-10-05 02:50:59

Program received signal SIGSEGV: Segmentation fault - invalid memory reference.

Backtrace for this error:

Program received signal SIGSEGV: Segmentation fault - invalid memory reference.

Backtrace for this error:

Program received signal SIGSEGV: Segmentation fault - invalid memory reference.

Backtrace for this error:

Program received signal SIGSEGV: Segmentation fault - invalid memory reference.

Backtrace for this error:
#0  0x2af5f0526bff in ???
#0  0x2af5f0526bff in ???
#1  0x2af5edebc15e in ???
#1  0x2af5edebc15e in ???
#2  0x2af5edebdc62 in ???
#2  0x2af5edebdc62 in ???
#3  0x2af5edc7b384 in ???
#3  0x2af5edc7b384 in ???
#4  0x2af5edc805b8 in ???
#4  0x2af5edc805b8 in ???
#5  0x2af5edabb7c7 in ???
#5  0x2af5edabb7c7 in ???
#6  0x2af5ee0c2c8f in ???
#6  0x2af5ee0c2c8f in ???
#7  0x2af5ee0ccaa8 in ???
#7  0x2af5ee0ccaa8 in ???
#8  0x2af5ed5b2634 in ???
#9  0x2af5ed5b298a in ???
#8  0x2af5ed5b2634 in ???
#9  0x2af5ed5b298a in ???
#10  0x2af5ed88aa35 in ???
#10  0x2af5ed88aa35 in ???
#11  0x2af5ed89eff3 in ???
#11  0x2af5ed89eff3 in ???
#12  0x2af5ed5b124f in ???
#12  0x2af5ed5b124f in ???
#13  0x2af5eda9185d in ???
#13  0x2af5eda9185d in ???
#14  0x2af5eda9f342 in ???
#15  0x2af5ee10a55e in ???
#14  0x2af5eda9f342 in ???
#15  0x2af5ee10a55e in ???
#0  0x2af5f0526bff in ???
#16  0x2af5ee11c3a7 in ???
#16  0x2af5ee11c3a7 in ???
#1  0x2af5edebc15e in ???
#2  0x2af5edebdc62 in ???
#3  0x2af5edc7b384 in ???
#17  0x2af5ee14db55 in ???
#18  0x2af5ed5b2634 in ???
#19  0x2af5ed5b298a in ???
#20  0x2af5ed88aa35 in ???
#21  0x2af5ed89eff3 in ???
#22  0x2af5ed5b124f in ???
#23  0x2af5eda9185d in ???
#17  0x2af5ee14db55 in ???
#18  0x2af5ed5b2634 in ???
#19  0x2af5ed5b298a in ???
#20  0x2af5ed88aa35 in ???
#21  0x2af5ed89eff3 in ???
#22  0x2af5ed5b124f in ???
#23  0x2af5eda9185d in ???
#24  0x2af5edcc0070 in ???
#4  0x2af5edc80688 in ???
#5  0x2af5edabb7c7 in ???
#6  0x2af5ee0c2c8f in ???
#24  0x2af5edcc0070 in ???
#25  0x4065c7 in ???
#7  0x2af5ee0ccaa8 in ???
#25  0x4065c7 in ???
#8  0x2af5ed5b2634 in ???
#9  0x2af5ed5b298a in ???
#10  0x2af5ed88aa35 in ???
#26  0x2af5f1242a34 in ???
#27  0x4060e8 in ???
	at ../sysdeps/x86_64/start.S:118
#28  0xffffffffffffffff in ???
#26  0x2af5f1242a34 in ???
#27  0x4060e8 in ???
	at ../sysdeps/x86_64/start.S:118
#28  0xffffffffffffffff in ???
#11  0x2af5ed89eff3 in ???
#12  0x2af5ed5b124f in ???
#13  0x2af5eda9185d in ???
#14  0x2af5eda9f342 in ???
#15  0x2af5ee10a55e in ???
#16  0x2af5ee11c3a7 in ???
#17  0x2af5ee14db55 in ???
#0  0x2af5f0526bff in ???
#18  0x2af5ed5b2634 in ???
#19  0x2af5ed5b298a in ???
#20  0x2af5ed88aa35 in ???
#21  0x2af5ed89eff3 in ???
#22  0x2af5ed5b124f in ???
#23  0x2af5eda9185d in ???
#1  0x2af5edebc15e in ???
#24  0x2af5edcc0070 in ???
#25  0x4065c7 in ???
#2  0x2af5edebdc62 in ???
#3  0x2af5edc7b384 in ???
#4  0x2af5edc80688 in ???
#26  0x2af5f1242a34 in ???
#27  0x4060e8 in ???
	at ../sysdeps/x86_64/start.S:118
#28  0xffffffffffffffff in ???
#5  0x2af5edabb7c7 in ???
#6  0x2af5ee0c2c8f in ???
#7  0x2af5ee0ccaa8 in ???
#8  0x2af5ed5b2634 in ???
#9  0x2af5ed5b298a in ???
#10  0x2af5ed88aa35 in ???
#11  0x2af5ed89eff3 in ???
#12  0x2af5ed5b124f in ???
#13  0x2af5eda9185d in ???
#14  0x2af5eda9f342 in ???
#15  0x2af5ee10a55e in ???
#16  0x2af5ee11c3a7 in ???
#17  0x2af5ee14db55 in ???
#18  0x2af5ed5b2634 in ???
#19  0x2af5ed5b298a in ???
#20  0x2af5ed88aa35 in ???
#21  0x2af5ed89eff3 in ???
#22  0x2af5ed5b124f in ???
#23  0x2af5eda9185d in ???
#24  0x2af5edcc0070 in ???
#25  0x4065c7 in ???
#26  0x2af5f1242a34 in ???
#27  0x4060e8 in ???
	at ../sysdeps/x86_64/start.S:118
#28  0xffffffffffffffff in ???
MPT ERROR: MPI_COMM_WORLD rank 0 has terminated without calling MPI_Finalize()
	aborting job
MPT: Received signal 11
