2023-10-29 01:46:46
20231029 021640.063 INFO             PET0 !!!!!!!!!!!!!!!!!!!!!!!!!!!!!!!!!!!!!!!!!!!!!!!!!!!!!!
20231029 021640.063 INFO             PET0 !!! THE ESMF_LOG IS SET TO OUTPUT ALL LOG MESSAGES !!!
20231029 021640.063 INFO             PET0 !!!     THIS MAY CAUSE SLOWDOWN IN PERFORMANCE     !!!
20231029 021640.063 INFO             PET0 !!! FOR PRODUCTION RUNS, USE:                      !!!
20231029 021640.063 INFO             PET0 !!!                   ESMF_LOGKIND_Multi_On_Error  !!!
20231029 021640.063 INFO             PET0 !!!!!!!!!!!!!!!!!!!!!!!!!!!!!!!!!!!!!!!!!!!!!!!!!!!!!!
20231029 021640.063 INFO             PET0 Running with ESMF Version   : v8.6.0b13
20231029 021640.063 INFO             PET0 ESMF library build date/time: "Oct 29 2023" "01:44:40"
20231029 021640.063 INFO             PET0 ESMF library build location : /glade/scratch/theurich/ESMF-Nightly-Testing/gfortran_9.1.0_mpt_O_release_8.6.0/esmf
20231029 021640.063 INFO             PET0 ESMF_COMM                   : mpt
20231029 021640.063 INFO             PET0 ESMF_MOAB                   : enabled
20231029 021640.063 INFO             PET0 ESMF_LAPACK                 : enabled
20231029 021640.063 INFO             PET0 ESMF_NETCDF                 : enabled
20231029 021640.063 INFO             PET0 ESMF_PNETCDF                : disabled
20231029 021640.063 INFO             PET0 ESMF_PIO                    : enabled
20231029 021640.063 INFO             PET0 ESMF_YAMLCPP                : enabled
20231029 021640.094 DEBUG            PET0 about to destroy Grid: 0x2047020
20231029 021640.097 DEBUG            PET0 about to destroy Grid: 0x20485a0
20231029 021640.108 INFO             PET0  NUMBER_OF_PROCESSORS           4
20231029 021640.108 INFO             PET0  PASS  Example ESMF_NUOPCAtmModelEx, ESMF_NUOPCAtmModelEx.F90, line 806
20231029 021640.108 INFO             PET0  Finalizing ESMF
20231029 021640.061 INFO             PET1 !!!!!!!!!!!!!!!!!!!!!!!!!!!!!!!!!!!!!!!!!!!!!!!!!!!!!!
20231029 021640.061 INFO             PET1 !!! THE ESMF_LOG IS SET TO OUTPUT ALL LOG MESSAGES !!!
20231029 021640.061 INFO             PET1 !!!     THIS MAY CAUSE SLOWDOWN IN PERFORMANCE     !!!
20231029 021640.061 INFO             PET1 !!! FOR PRODUCTION RUNS, USE:                      !!!
20231029 021640.061 INFO             PET1 !!!                   ESMF_LOGKIND_Multi_On_Error  !!!
20231029 021640.061 INFO             PET1 !!!!!!!!!!!!!!!!!!!!!!!!!!!!!!!!!!!!!!!!!!!!!!!!!!!!!!
20231029 021640.061 INFO             PET1 Running with ESMF Version   : v8.6.0b13
20231029 021640.061 INFO             PET1 ESMF library build date/time: "Oct 29 2023" "01:44:40"
20231029 021640.061 INFO             PET1 ESMF library build location : /glade/scratch/theurich/ESMF-Nightly-Testing/gfortran_9.1.0_mpt_O_release_8.6.0/esmf
20231029 021640.061 INFO             PET1 ESMF_COMM                   : mpt
20231029 021640.061 INFO             PET1 ESMF_MOAB                   : enabled
20231029 021640.061 INFO             PET1 ESMF_LAPACK                 : enabled
20231029 021640.061 INFO             PET1 ESMF_NETCDF                 : enabled
20231029 021640.061 INFO             PET1 ESMF_PNETCDF                : disabled
20231029 021640.061 INFO             PET1 ESMF_PIO                    : enabled
20231029 021640.061 INFO             PET1 ESMF_YAMLCPP                : enabled
20231029 021640.094 DEBUG            PET1 about to destroy Grid: 0x2046f50
20231029 021640.097 DEBUG            PET1 about to destroy Grid: 0x20484a0
20231029 021640.108 INFO             PET1  NUMBER_OF_PROCESSORS           4
20231029 021640.108 INFO             PET1  PASS  Example ESMF_NUOPCAtmModelEx, ESMF_NUOPCAtmModelEx.F90, line 806
20231029 021640.108 INFO             PET1  Finalizing ESMF
20231029 021640.061 INFO             PET2 !!!!!!!!!!!!!!!!!!!!!!!!!!!!!!!!!!!!!!!!!!!!!!!!!!!!!!
20231029 021640.061 INFO             PET2 !!! THE ESMF_LOG IS SET TO OUTPUT ALL LOG MESSAGES !!!
20231029 021640.061 INFO             PET2 !!!     THIS MAY CAUSE SLOWDOWN IN PERFORMANCE     !!!
20231029 021640.061 INFO             PET2 !!! FOR PRODUCTION RUNS, USE:                      !!!
20231029 021640.061 INFO             PET2 !!!                   ESMF_LOGKIND_Multi_On_Error  !!!
20231029 021640.061 INFO             PET2 !!!!!!!!!!!!!!!!!!!!!!!!!!!!!!!!!!!!!!!!!!!!!!!!!!!!!!
20231029 021640.061 INFO             PET2 Running with ESMF Version   : v8.6.0b13
20231029 021640.061 INFO             PET2 ESMF library build date/time: "Oct 29 2023" "01:44:40"
20231029 021640.061 INFO             PET2 ESMF library build location : /glade/scratch/theurich/ESMF-Nightly-Testing/gfortran_9.1.0_mpt_O_release_8.6.0/esmf
20231029 021640.061 INFO             PET2 ESMF_COMM                   : mpt
20231029 021640.061 INFO             PET2 ESMF_MOAB                   : enabled
20231029 021640.061 INFO             PET2 ESMF_LAPACK                 : enabled
20231029 021640.061 INFO             PET2 ESMF_NETCDF                 : enabled
20231029 021640.061 INFO             PET2 ESMF_PNETCDF                : disabled
20231029 021640.061 INFO             PET2 ESMF_PIO                    : enabled
20231029 021640.061 INFO             PET2 ESMF_YAMLCPP                : enabled
20231029 021640.094 DEBUG            PET2 about to destroy Grid: 0x2046640
20231029 021640.097 DEBUG            PET2 about to destroy Grid: 0x2047290
20231029 021640.108 INFO             PET2  NUMBER_OF_PROCESSORS           4
20231029 021640.108 INFO             PET2  PASS  Example ESMF_NUOPCAtmModelEx, ESMF_NUOPCAtmModelEx.F90, line 806
20231029 021640.108 INFO             PET2  Finalizing ESMF
20231029 021640.061 INFO             PET3 !!!!!!!!!!!!!!!!!!!!!!!!!!!!!!!!!!!!!!!!!!!!!!!!!!!!!!
20231029 021640.061 INFO             PET3 !!! THE ESMF_LOG IS SET TO OUTPUT ALL LOG MESSAGES !!!
20231029 021640.061 INFO             PET3 !!!     THIS MAY CAUSE SLOWDOWN IN PERFORMANCE     !!!
20231029 021640.061 INFO             PET3 !!! FOR PRODUCTION RUNS, USE:                      !!!
20231029 021640.061 INFO             PET3 !!!                   ESMF_LOGKIND_Multi_On_Error  !!!
20231029 021640.061 INFO             PET3 !!!!!!!!!!!!!!!!!!!!!!!!!!!!!!!!!!!!!!!!!!!!!!!!!!!!!!
20231029 021640.061 INFO             PET3 Running with ESMF Version   : v8.6.0b13
20231029 021640.061 INFO             PET3 ESMF library build date/time: "Oct 29 2023" "01:44:40"
20231029 021640.061 INFO             PET3 ESMF library build location : /glade/scratch/theurich/ESMF-Nightly-Testing/gfortran_9.1.0_mpt_O_release_8.6.0/esmf
20231029 021640.061 INFO             PET3 ESMF_COMM                   : mpt
20231029 021640.061 INFO             PET3 ESMF_MOAB                   : enabled
20231029 021640.061 INFO             PET3 ESMF_LAPACK                 : enabled
20231029 021640.061 INFO             PET3 ESMF_NETCDF                 : enabled
20231029 021640.061 INFO             PET3 ESMF_PNETCDF                : disabled
20231029 021640.061 INFO             PET3 ESMF_PIO                    : enabled
20231029 021640.061 INFO             PET3 ESMF_YAMLCPP                : enabled
20231029 021640.094 DEBUG            PET3 about to destroy Grid: 0x2046640
20231029 021640.097 DEBUG            PET3 about to destroy Grid: 0x2047290
20231029 021640.108 INFO             PET3  NUMBER_OF_PROCESSORS           4
20231029 021640.108 INFO             PET3  PASS  Example ESMF_NUOPCAtmModelEx, ESMF_NUOPCAtmModelEx.F90, line 806
20231029 021640.108 INFO             PET3  Finalizing ESMF
