2023-10-05 14:41:34
20231005 155841.039 INFO             PET0 !!!!!!!!!!!!!!!!!!!!!!!!!!!!!!!!!!!!!!!!!!!!!!!!!!!!!!
20231005 155841.039 INFO             PET0 !!! THE ESMF_LOG IS SET TO OUTPUT ALL LOG MESSAGES !!!
20231005 155841.039 INFO             PET0 !!!     THIS MAY CAUSE SLOWDOWN IN PERFORMANCE     !!!
20231005 155841.039 INFO             PET0 !!! FOR PRODUCTION RUNS, USE:                      !!!
20231005 155841.039 INFO             PET0 !!!                   ESMF_LOGKIND_Multi_On_Error  !!!
20231005 155841.039 INFO             PET0 !!!!!!!!!!!!!!!!!!!!!!!!!!!!!!!!!!!!!!!!!!!!!!!!!!!!!!
20231005 155841.039 INFO             PET0 Running with ESMF Version   : v8.6.0b07-5-g1640c9c621
20231005 155841.039 INFO             PET0 ESMF library build date/time: "Oct  5 2023" "14:34:49"
20231005 155841.039 INFO             PET0 ESMF library build location : /glade/scratch/theurich/ESMF-Nightly-Testing/intel_18.0.5_intelmpi_g_feature_impure_elemental_relations/esmf
20231005 155841.039 INFO             PET0 ESMF_COMM                   : intelmpi
20231005 155841.039 INFO             PET0 ESMF_MOAB                   : enabled
20231005 155841.039 INFO             PET0 ESMF_LAPACK                 : enabled
20231005 155841.039 INFO             PET0 ESMF_NETCDF                 : enabled
20231005 155841.039 INFO             PET0 ESMF_PNETCDF                : disabled
20231005 155841.039 INFO             PET0 ESMF_PIO                    : enabled
20231005 155841.039 INFO             PET0 ESMF_YAMLCPP                : enabled
20231005 155841.039 INFO             PET0 esmApp STARTING
20231005 155841.047 INFO             PET0 esm: InitializeGeneric intro.
20231005 155841.047 INFO             PET0   esm: InitializeP0 intro.
20231005 155841.047 INFO             PET0   esm: InitializeP0 extro.
20231005 155841.048 INFO             PET0   esm: InitializeIPDv02p1 intro.
20231005 155841.048 INFO             PET0     >>>esm: entered Initialize (phase=<none>) without valid internal Clock.
20231005 155841.048 INFO             PET0     esm - Creating model component ATM with petList of size 2 :
20231005 155841.048 INFO             PET0           0      1
20231005 155841.053 INFO             PET0     esm - Creating model component OCN with petList of size 2 :
20231005 155841.053 INFO             PET0           2      3
20231005 155841.053 INFO             PET0     esm - Creating connector component ATM-TO-OCN with petList of size 4 :
20231005 155841.053 INFO             PET0           0      1      2      3
20231005 155841.065 INFO             PET0     esm - Creating connector component OCN-TO-ATM with petList of size 4 :
20231005 155841.065 INFO             PET0           2      3      0      1
20231005 155841.074 INFO             PET0     esm - Creating state: modelComp 1 Import State
20231005 155841.074 INFO             PET0     esm - Creating state: modelComp 1 Export State
20231005 155841.075 INFO             PET0     esm - Creating state: modelComp 2 Import State
20231005 155841.075 INFO             PET0     esm - Creating state: modelComp 2 Export State
20231005 155841.077 INFO             PET0     ATM: InitializeP0 intro.
20231005 155841.079 INFO             PET0     ATM: InitializeP0 extro.
20231005 155841.082 INFO             PET0     ATM-TO-OCN: InitializeP0 intro.
20231005 155841.083 INFO             PET0     ATM-TO-OCN: InitializeP0 extro.
20231005 155841.084 INFO             PET0     OCN-TO-ATM: InitializeP0 intro.
20231005 155841.085 INFO             PET0     OCN-TO-ATM: InitializeP0 extro.
20231005 155841.087 INFO             PET0     esm: IInitAdvertise intro.
20231005 155841.088 INFO             PET0     esm: IInitAdvertise extro.
20231005 155841.088 INFO             PET0     ATM: InitializeIPDvXp01 intro.
20231005 155841.092 INFO             PET0     ATM: InitializeIPDvXp01 extro.
20231005 155841.095 INFO             PET0     ATM-TO-OCN: InitializeIPDv05p1 intro.
20231005 155841.107 INFO             PET0     ATM-TO-OCN: InitializeIPDv05p1 extro.
20231005 155841.112 INFO             PET0     OCN-TO-ATM: InitializeIPDv05p1 intro.
20231005 155841.118 INFO             PET0     OCN-TO-ATM: InitializeIPDv05p1 extro.
20231005 155841.118 INFO             PET0     esm: IInitAdvertiseFinish intro.
20231005 155841.119 INFO             PET0     esm: IInitAdvertiseFinish extro.
20231005 155841.119 INFO             PET0     ATM-TO-OCN: InitializeIPDv05p2a intro.
20231005 155841.130 INFO             PET0     ATM-TO-OCN: InitializeIPDv05p2a extro.
20231005 155841.131 INFO             PET0     OCN-TO-ATM: InitializeIPDv05p2a intro.
20231005 155841.137 INFO             PET0     OCN-TO-ATM: InitializeIPDv05p2a extro.
20231005 155841.137 INFO             PET0     ATM-TO-OCN: InitializeIPDv05p2b intro.
20231005 155841.148 INFO             PET0     ATM-TO-OCN: InitializeIPDv05p2b extro.
20231005 155841.149 INFO             PET0     OCN-TO-ATM: InitializeIPDv05p2b intro.
20231005 155841.155 INFO             PET0     OCN-TO-ATM: InitializeIPDv05p2b extro.
20231005 155841.156 INFO             PET0     esm: IInitModifyCplLists intro.
20231005 155841.156 INFO             PET0       Driver is in ModifyCplLists()
20231005 155841.156 INFO             PET0        Found            2  Connectors. Modifying CplList Attribute....
20231005 155841.156 INFO             PET0     esm: IInitModifyCplLists extro.
20231005 155841.157 INFO             PET0     ATM-TO-OCN: InitializeIPDv05p3 intro.
20231005 155841.169 INFO             PET0     ATM-TO-OCN: InitializeIPDv05p3 extro.
20231005 155841.169 INFO             PET0     OCN-TO-ATM: InitializeIPDv05p3 intro.
20231005 155841.176 INFO             PET0     OCN-TO-ATM: InitializeIPDv05p3 extro.
20231005 155841.176 INFO             PET0     <<<esm: leaving Initialize (phase=<none>) with current time: 2010  6  1  0  0  0   0
20231005 155841.176 INFO             PET0   esm: InitializeIPDv02p1 extro.
20231005 155841.176 INFO             PET0   esm: InitializeIPDv02p3 intro.
20231005 155841.176 INFO             PET0     >>>esm: entered Initialize (phase=<none>) with current time: 2010  6  1  0  0  0   0
20231005 155841.177 INFO             PET0     esm: IInitCheck intro.
20231005 155841.177 INFO             PET0     esm: IInitCheck extro.
20231005 155841.177 INFO             PET0     ATM: InitializeIPDvXp04 intro.
20231005 155841.188 INFO             PET0     ATM: InitializeIPDvXp04 extro.
20231005 155841.190 INFO             PET0     ATM-TO-OCN: InitializeIPDv05p4 intro.
20231005 155841.212 INFO             PET0     ATM-TO-OCN: InitializeIPDv05p4 extro.
20231005 155841.213 INFO             PET0     OCN-TO-ATM: InitializeIPDv05p4 intro.
20231005 155841.224 INFO             PET0     OCN-TO-ATM: InitializeIPDv05p4 extro.
20231005 155841.224 INFO             PET0     ATM-TO-OCN: InitializeIPDv05p5 intro.
20231005 155841.246 INFO             PET0     ATM-TO-OCN: InitializeIPDv05p5 extro.
20231005 155841.246 INFO             PET0     OCN-TO-ATM: InitializeIPDv05p5 intro.
20231005 155841.257 INFO             PET0     OCN-TO-ATM: InitializeIPDv05p5 extro.
20231005 155841.258 INFO             PET0     esm: IInitRealize intro.
20231005 155841.258 INFO             PET0     esm: IInitRealize extro.
20231005 155841.258 INFO             PET0     ATM-TO-OCN: InitializeIPDv05p6a intro.
20231005 155841.279 INFO             PET0     ATM-TO-OCN: InitializeIPDv05p6a extro.
20231005 155841.279 INFO             PET0     OCN-TO-ATM: InitializeIPDv05p6a intro.
20231005 155841.290 INFO             PET0     OCN-TO-ATM: InitializeIPDv05p6a extro.
20231005 155841.290 INFO             PET0     ATM-TO-OCN: InitializeIPDv05p6b intro.
20231005 155841.434 INFO             PET0     ATM-TO-OCN: InitializeIPDv05p6b extro.
20231005 155841.434 INFO             PET0     OCN-TO-ATM: InitializeIPDv05p6b intro.
20231005 155841.545 INFO             PET0     OCN-TO-ATM: InitializeIPDv05p6b extro.
20231005 155841.546 INFO             PET0     ATM: InitializeIPDvXp07 intro.
20231005 155841.546 INFO             PET0     ATM: InitializeIPDvXp07 extro.
20231005 155841.546 INFO             PET0     <<<esm: leaving Initialize (phase=<none>) with current time: 2010  6  1  0  0  0   0
20231005 155841.546 INFO             PET0   esm: InitializeIPDv02p3 extro.
20231005 155841.546 INFO             PET0   esm: InitializeIPDv02p5 intro.
20231005 155841.546 INFO             PET0     >>>esm: entered Initialize (phase=<none>) with current time: 2010  6  1  0  0  0   0
20231005 155841.547 INFO             PET0     esm: this is a top level driver, no 'Updated' and 'InitializeDataComplete' info on this level.
20231005 155841.547 INFO             PET0     esm: InitializeIPDv02p5Data intro.
20231005 155841.547 INFO             PET0       esm: InternalInitializeComplete intro.
20231005 155841.547 INFO             PET0         esm: InitializeDataComplete='true'
20231005 155841.547 INFO             PET0       esm: InternalInitializeComplete extro.
20231005 155841.547 INFO             PET0       ATM: InitializeIPDv01p5 intro.
20231005 155841.548 INFO             PET0       ATM: InitializeIPDv01p5 extro.
20231005 155841.550 INFO             PET0       esm: components present that trigger loopDataDependentInitialize().
20231005 155841.550 INFO             PET0       esm: loopDataDependentInitialize intro.
20231005 155841.551 INFO             PET0         esm: component    0=esm, dataComplete (local): true
20231005 155841.551 INFO             PET0         esm: component    0=esm, dataComplete (global):  T
20231005 155841.551 INFO             PET0         esm: component    1=ATM, dataComplete (local): true
20231005 155841.551 INFO             PET0         esm: component    1=ATM, dataComplete (global):  T
20231005 155841.551 INFO             PET0         esm: component    2=OCN, dataComplete (local): true
20231005 155841.551 INFO             PET0         esm: component    2=OCN, dataComplete (global):  T
20231005 155841.551 INFO             PET0         esm: someProgress= F, allComplete= T, present(dataDepAllComplete)= T
20231005 155841.551 INFO             PET0         esm: finished resolving initialize data dependencies on this level.
20231005 155841.551 INFO             PET0       esm: loopDataDependentInitialize extro.
20231005 155841.551 INFO             PET0       esm: loopDataDependentInitialize() returned with dataDepAllComplete:  T
20231005 155841.551 INFO             PET0     esm: InitializeIPDv02p5Data extro.
20231005 155841.551 INFO             PET0     <<<esm: leaving Initialize (phase=<none>) with current time: 2010  6  1  0  0  0   0
20231005 155841.551 INFO             PET0   esm: InitializeIPDv02p5 extro.
20231005 155841.551 INFO             PET0 esm: InitializeGeneric extro.
20231005 155841.551 INFO             PET0 esm: Run intro.
20231005 155841.551 INFO             PET0   >>>esm entered Run (phase=RunPhase1) with current time: 2010  6  1  0  0  0   0
20231005 155841.551 INFO             PET0   esm: after lable_SetRunClock, current time: 2010  6  1  0  0  0   0
20231005 155841.552 INFO             PET0   esm: begin -------> RunSequence.
20231005 155841.552 INFO             PET0     esm: RunSequence event loopLevel=   1  levelMember=   1  loopIteration=   1, current time: 2010  6  1  0  0  0   0
20231005 155841.552 INFO             PET0     ATM-TO-OCN: Run intro.
20231005 155841.553 INFO             PET0     ATM-TO-OCN: Run extro.
20231005 155841.553 INFO             PET0     OCN-TO-ATM: Run intro.
20231005 155841.553 INFO             PET0     OCN-TO-ATM: Run extro.
20231005 155841.554 INFO             PET0     ATM: Run intro.
20231005 155841.554 INFO             PET0       ------>Advancing ATM from: 2010  6  1  0  0  0   0
20231005 155841.554 INFO             PET0       ---------------------> to: 2010  6  1  0 15  0   0
20231005 155841.554 INFO             PET0     ATM: Run extro.
20231005 155841.554 INFO             PET0     esm: RunSequence event loopLevel=   1  levelMember=   1  loopIteration=   2, current time: 2010  6  1  0 15  0   0
20231005 155841.554 INFO             PET0     ATM-TO-OCN: Run intro.
20231005 155841.555 INFO             PET0     ATM-TO-OCN: Run extro.
20231005 155841.555 INFO             PET0     OCN-TO-ATM: Run intro.
20231005 155841.579 INFO             PET0     OCN-TO-ATM: Run extro.
20231005 155841.579 INFO             PET0     ATM: Run intro.
20231005 155841.579 INFO             PET0       ------>Advancing ATM from: 2010  6  1  0 15  0   0
20231005 155841.579 INFO             PET0       ---------------------> to: 2010  6  1  0 30  0   0
20231005 155841.579 INFO             PET0     ATM: Run extro.
20231005 155841.579 INFO             PET0     esm: RunSequence event loopLevel=   1  levelMember=   1  loopIteration=   3, current time: 2010  6  1  0 30  0   0
20231005 155841.579 INFO             PET0     ATM-TO-OCN: Run intro.
20231005 155841.580 INFO             PET0     ATM-TO-OCN: Run extro.
20231005 155841.580 INFO             PET0     OCN-TO-ATM: Run intro.
20231005 155841.589 INFO             PET0     OCN-TO-ATM: Run extro.
20231005 155841.589 INFO             PET0     ATM: Run intro.
20231005 155841.590 INFO             PET0       ------>Advancing ATM from: 2010  6  1  0 30  0   0
20231005 155841.590 INFO             PET0       ---------------------> to: 2010  6  1  0 45  0   0
20231005 155841.590 INFO             PET0     ATM: Run extro.
20231005 155841.590 INFO             PET0     esm: RunSequence event loopLevel=   1  levelMember=   1  loopIteration=   4, current time: 2010  6  1  0 45  0   0
20231005 155841.590 INFO             PET0     ATM-TO-OCN: Run intro.
20231005 155841.590 INFO             PET0     ATM-TO-OCN: Run extro.
20231005 155841.591 INFO             PET0     OCN-TO-ATM: Run intro.
20231005 155841.600 INFO             PET0     OCN-TO-ATM: Run extro.
20231005 155841.601 INFO             PET0     ATM: Run intro.
20231005 155841.601 INFO             PET0       ------>Advancing ATM from: 2010  6  1  0 45  0   0
20231005 155841.601 INFO             PET0       ---------------------> to: 2010  6  1  1  0  0   0
20231005 155841.601 INFO             PET0     ATM: Run extro.
20231005 155841.601 INFO             PET0   esm: end <--------- RunSequence
20231005 155841.601 INFO             PET0   <<<esm - leaving Run with current time: 2010  6  1  1  0  0   0
20231005 155841.601 INFO             PET0 esm: Run extro.
20231005 155841.601 INFO             PET0 esm: Finalize intro.
20231005 155841.601 INFO             PET0   Calling Finalize phase 1 for connectorComp: ATM-TO-OCN
20231005 155841.602 INFO             PET0   ATM-TO-OCN: Finalize intro.
20231005 155841.602 INFO             PET0   ATM-TO-OCN: Finalize extro.
20231005 155841.602 INFO             PET0   Calling Finalize phase 1 for connectorComp: OCN-TO-ATM
20231005 155841.602 INFO             PET0   OCN-TO-ATM: Finalize intro.
20231005 155841.602 INFO             PET0   OCN-TO-ATM: Finalize extro.
20231005 155841.602 INFO             PET0   Calling Finalize phase 1 for modelComp: ATM
20231005 155841.603 INFO             PET0   ATM: Finalize intro.
20231005 155841.603 INFO             PET0   ATM: Finalize extro.
20231005 155841.603 INFO             PET0   Calling Finalize phase 1 for modelComp: OCN
20231005 155841.603 INFO             PET0   Delete modelComp: ATM
20231005 155841.603 INFO             PET0   Delete Import-/Export State for modelComp: ATM
20231005 155841.603 INFO             PET0   Delete modelComp: OCN
20231005 155841.603 INFO             PET0   Delete Import-/Export State for modelComp: OCN
20231005 155841.603 INFO             PET0   Delete connectorComp: ATM-TO-OCN
20231005 155841.603 INFO             PET0   Delete connectorComp: OCN-TO-ATM
20231005 155841.603 INFO             PET0 esm: Finalize extro.
20231005 155841.603 INFO             PET0 esmApp FINISHED
20231005 155841.603 INFO             PET0 Finalizing ESMF
20231005 155841.039 INFO             PET1 !!!!!!!!!!!!!!!!!!!!!!!!!!!!!!!!!!!!!!!!!!!!!!!!!!!!!!
20231005 155841.039 INFO             PET1 !!! THE ESMF_LOG IS SET TO OUTPUT ALL LOG MESSAGES !!!
20231005 155841.039 INFO             PET1 !!!     THIS MAY CAUSE SLOWDOWN IN PERFORMANCE     !!!
20231005 155841.039 INFO             PET1 !!! FOR PRODUCTION RUNS, USE:                      !!!
20231005 155841.039 INFO             PET1 !!!                   ESMF_LOGKIND_Multi_On_Error  !!!
20231005 155841.039 INFO             PET1 !!!!!!!!!!!!!!!!!!!!!!!!!!!!!!!!!!!!!!!!!!!!!!!!!!!!!!
20231005 155841.039 INFO             PET1 Running with ESMF Version   : v8.6.0b07-5-g1640c9c621
20231005 155841.039 INFO             PET1 ESMF library build date/time: "Oct  5 2023" "14:34:49"
20231005 155841.039 INFO             PET1 ESMF library build location : /glade/scratch/theurich/ESMF-Nightly-Testing/intel_18.0.5_intelmpi_g_feature_impure_elemental_relations/esmf
20231005 155841.039 INFO             PET1 ESMF_COMM                   : intelmpi
20231005 155841.039 INFO             PET1 ESMF_MOAB                   : enabled
20231005 155841.039 INFO             PET1 ESMF_LAPACK                 : enabled
20231005 155841.039 INFO             PET1 ESMF_NETCDF                 : enabled
20231005 155841.039 INFO             PET1 ESMF_PNETCDF                : disabled
20231005 155841.039 INFO             PET1 ESMF_PIO                    : enabled
20231005 155841.039 INFO             PET1 ESMF_YAMLCPP                : enabled
20231005 155841.039 INFO             PET1 esmApp STARTING
20231005 155841.046 INFO             PET1 esm: InitializeGeneric intro.
20231005 155841.046 INFO             PET1   esm: InitializeP0 intro.
20231005 155841.046 INFO             PET1   esm: InitializeP0 extro.
20231005 155841.046 INFO             PET1   esm: InitializeIPDv02p1 intro.
20231005 155841.046 INFO             PET1     >>>esm: entered Initialize (phase=<none>) without valid internal Clock.
20231005 155841.048 INFO             PET1     esm - Creating model component ATM with petList of size 2 :
20231005 155841.048 INFO             PET1           0      1
20231005 155841.053 INFO             PET1     esm - Creating model component OCN with petList of size 2 :
20231005 155841.053 INFO             PET1           2      3
20231005 155841.053 INFO             PET1     esm - Creating connector component ATM-TO-OCN with petList of size 4 :
20231005 155841.053 INFO             PET1           0      1      2      3
20231005 155841.062 INFO             PET1     esm - Creating connector component OCN-TO-ATM with petList of size 4 :
20231005 155841.062 INFO             PET1           2      3      0      1
20231005 155841.071 INFO             PET1     esm - Creating state: modelComp 1 Import State
20231005 155841.071 INFO             PET1     esm - Creating state: modelComp 1 Export State
20231005 155841.072 INFO             PET1     esm - Creating state: modelComp 2 Import State
20231005 155841.072 INFO             PET1     esm - Creating state: modelComp 2 Export State
20231005 155841.073 INFO             PET1     ATM: InitializeP0 intro.
20231005 155841.075 INFO             PET1     ATM: InitializeP0 extro.
20231005 155841.082 INFO             PET1     ATM-TO-OCN: InitializeP0 intro.
20231005 155841.082 INFO             PET1     ATM-TO-OCN: InitializeP0 extro.
20231005 155841.084 INFO             PET1     OCN-TO-ATM: InitializeP0 intro.
20231005 155841.084 INFO             PET1     OCN-TO-ATM: InitializeP0 extro.
20231005 155841.087 INFO             PET1     esm: IInitAdvertise intro.
20231005 155841.087 INFO             PET1     esm: IInitAdvertise extro.
20231005 155841.087 INFO             PET1     ATM: InitializeIPDvXp01 intro.
20231005 155841.091 INFO             PET1     ATM: InitializeIPDvXp01 extro.
20231005 155841.095 INFO             PET1     ATM-TO-OCN: InitializeIPDv05p1 intro.
20231005 155841.107 INFO             PET1     ATM-TO-OCN: InitializeIPDv05p1 extro.
20231005 155841.109 INFO             PET1     OCN-TO-ATM: InitializeIPDv05p1 intro.
20231005 155841.118 INFO             PET1     OCN-TO-ATM: InitializeIPDv05p1 extro.
20231005 155841.118 INFO             PET1     esm: IInitAdvertiseFinish intro.
20231005 155841.118 INFO             PET1     esm: IInitAdvertiseFinish extro.
20231005 155841.119 INFO             PET1     ATM-TO-OCN: InitializeIPDv05p2a intro.
20231005 155841.130 INFO             PET1     ATM-TO-OCN: InitializeIPDv05p2a extro.
20231005 155841.130 INFO             PET1     OCN-TO-ATM: InitializeIPDv05p2a intro.
20231005 155841.137 INFO             PET1     OCN-TO-ATM: InitializeIPDv05p2a extro.
20231005 155841.137 INFO             PET1     ATM-TO-OCN: InitializeIPDv05p2b intro.
20231005 155841.148 INFO             PET1     ATM-TO-OCN: InitializeIPDv05p2b extro.
20231005 155841.148 INFO             PET1     OCN-TO-ATM: InitializeIPDv05p2b intro.
20231005 155841.155 INFO             PET1     OCN-TO-ATM: InitializeIPDv05p2b extro.
20231005 155841.155 INFO             PET1     esm: IInitModifyCplLists intro.
20231005 155841.155 INFO             PET1       Driver is in ModifyCplLists()
20231005 155841.155 INFO             PET1        Found            2  Connectors. Modifying CplList Attribute....
20231005 155841.156 INFO             PET1     esm: IInitModifyCplLists extro.
20231005 155841.156 INFO             PET1     ATM-TO-OCN: InitializeIPDv05p3 intro.
20231005 155841.168 INFO             PET1     ATM-TO-OCN: InitializeIPDv05p3 extro.
20231005 155841.168 INFO             PET1     OCN-TO-ATM: InitializeIPDv05p3 intro.
20231005 155841.175 INFO             PET1     OCN-TO-ATM: InitializeIPDv05p3 extro.
20231005 155841.176 INFO             PET1     <<<esm: leaving Initialize (phase=<none>) with current time: 2010  6  1  0  0  0   0
20231005 155841.176 INFO             PET1   esm: InitializeIPDv02p1 extro.
20231005 155841.176 INFO             PET1   esm: InitializeIPDv02p3 intro.
20231005 155841.176 INFO             PET1     >>>esm: entered Initialize (phase=<none>) with current time: 2010  6  1  0  0  0   0
20231005 155841.176 INFO             PET1     esm: IInitCheck intro.
20231005 155841.176 INFO             PET1     esm: IInitCheck extro.
20231005 155841.177 INFO             PET1     ATM: InitializeIPDvXp04 intro.
20231005 155841.185 INFO             PET1     ATM: InitializeIPDvXp04 extro.
20231005 155841.190 INFO             PET1     ATM-TO-OCN: InitializeIPDv05p4 intro.
20231005 155841.212 INFO             PET1     ATM-TO-OCN: InitializeIPDv05p4 extro.
20231005 155841.212 INFO             PET1     OCN-TO-ATM: InitializeIPDv05p4 intro.
20231005 155841.224 INFO             PET1     OCN-TO-ATM: InitializeIPDv05p4 extro.
20231005 155841.224 INFO             PET1     ATM-TO-OCN: InitializeIPDv05p5 intro.
20231005 155841.245 INFO             PET1     ATM-TO-OCN: InitializeIPDv05p5 extro.
20231005 155841.246 INFO             PET1     OCN-TO-ATM: InitializeIPDv05p5 intro.
20231005 155841.257 INFO             PET1     OCN-TO-ATM: InitializeIPDv05p5 extro.
20231005 155841.257 INFO             PET1     esm: IInitRealize intro.
20231005 155841.257 INFO             PET1     esm: IInitRealize extro.
20231005 155841.258 INFO             PET1     ATM-TO-OCN: InitializeIPDv05p6a intro.
20231005 155841.279 INFO             PET1     ATM-TO-OCN: InitializeIPDv05p6a extro.
20231005 155841.279 INFO             PET1     OCN-TO-ATM: InitializeIPDv05p6a intro.
20231005 155841.290 INFO             PET1     OCN-TO-ATM: InitializeIPDv05p6a extro.
20231005 155841.290 INFO             PET1     ATM-TO-OCN: InitializeIPDv05p6b intro.
20231005 155841.434 INFO             PET1     ATM-TO-OCN: InitializeIPDv05p6b extro.
20231005 155841.434 INFO             PET1     OCN-TO-ATM: InitializeIPDv05p6b intro.
20231005 155841.545 INFO             PET1     OCN-TO-ATM: InitializeIPDv05p6b extro.
20231005 155841.546 INFO             PET1     ATM: InitializeIPDvXp07 intro.
20231005 155841.546 INFO             PET1     ATM: InitializeIPDvXp07 extro.
20231005 155841.546 INFO             PET1     <<<esm: leaving Initialize (phase=<none>) with current time: 2010  6  1  0  0  0   0
20231005 155841.546 INFO             PET1   esm: InitializeIPDv02p3 extro.
20231005 155841.546 INFO             PET1   esm: InitializeIPDv02p5 intro.
20231005 155841.546 INFO             PET1     >>>esm: entered Initialize (phase=<none>) with current time: 2010  6  1  0  0  0   0
20231005 155841.546 INFO             PET1     esm: this is a top level driver, no 'Updated' and 'InitializeDataComplete' info on this level.
20231005 155841.546 INFO             PET1     esm: InitializeIPDv02p5Data intro.
20231005 155841.547 INFO             PET1       esm: InternalInitializeComplete intro.
20231005 155841.547 INFO             PET1         esm: InitializeDataComplete='true'
20231005 155841.547 INFO             PET1       esm: InternalInitializeComplete extro.
20231005 155841.547 INFO             PET1       ATM: InitializeIPDv01p5 intro.
20231005 155841.547 INFO             PET1       ATM: InitializeIPDv01p5 extro.
20231005 155841.550 INFO             PET1       esm: components present that trigger loopDataDependentInitialize().
20231005 155841.550 INFO             PET1       esm: loopDataDependentInitialize intro.
20231005 155841.551 INFO             PET1         esm: component    0=esm, dataComplete (local): true
20231005 155841.551 INFO             PET1         esm: component    0=esm, dataComplete (global):  T
20231005 155841.551 INFO             PET1         esm: component    1=ATM, dataComplete (local): true
20231005 155841.551 INFO             PET1         esm: component    1=ATM, dataComplete (global):  T
20231005 155841.551 INFO             PET1         esm: component    2=OCN, dataComplete (local): true
20231005 155841.551 INFO             PET1         esm: component    2=OCN, dataComplete (global):  T
20231005 155841.551 INFO             PET1         esm: someProgress= F, allComplete= T, present(dataDepAllComplete)= T
20231005 155841.551 INFO             PET1         esm: finished resolving initialize data dependencies on this level.
20231005 155841.551 INFO             PET1       esm: loopDataDependentInitialize extro.
20231005 155841.551 INFO             PET1       esm: loopDataDependentInitialize() returned with dataDepAllComplete:  T
20231005 155841.551 INFO             PET1     esm: InitializeIPDv02p5Data extro.
20231005 155841.551 INFO             PET1     <<<esm: leaving Initialize (phase=<none>) with current time: 2010  6  1  0  0  0   0
20231005 155841.551 INFO             PET1   esm: InitializeIPDv02p5 extro.
20231005 155841.551 INFO             PET1 esm: InitializeGeneric extro.
20231005 155841.551 INFO             PET1 esm: Run intro.
20231005 155841.551 INFO             PET1   >>>esm entered Run (phase=RunPhase1) with current time: 2010  6  1  0  0  0   0
20231005 155841.551 INFO             PET1   esm: after lable_SetRunClock, current time: 2010  6  1  0  0  0   0
20231005 155841.551 INFO             PET1   esm: begin -------> RunSequence.
20231005 155841.552 INFO             PET1     esm: RunSequence event loopLevel=   1  levelMember=   1  loopIteration=   1, current time: 2010  6  1  0  0  0   0
20231005 155841.552 INFO             PET1     ATM-TO-OCN: Run intro.
20231005 155841.552 INFO             PET1     ATM-TO-OCN: Run extro.
20231005 155841.553 INFO             PET1     OCN-TO-ATM: Run intro.
20231005 155841.553 INFO             PET1     OCN-TO-ATM: Run extro.
20231005 155841.553 INFO             PET1     ATM: Run intro.
20231005 155841.554 INFO             PET1       ------>Advancing ATM from: 2010  6  1  0  0  0   0
20231005 155841.554 INFO             PET1       ---------------------> to: 2010  6  1  0 15  0   0
20231005 155841.554 INFO             PET1     ATM: Run extro.
20231005 155841.554 INFO             PET1     esm: RunSequence event loopLevel=   1  levelMember=   1  loopIteration=   2, current time: 2010  6  1  0 15  0   0
20231005 155841.554 INFO             PET1     ATM-TO-OCN: Run intro.
20231005 155841.555 INFO             PET1     ATM-TO-OCN: Run extro.
20231005 155841.555 INFO             PET1     OCN-TO-ATM: Run intro.
20231005 155841.578 INFO             PET1     OCN-TO-ATM: Run extro.
20231005 155841.579 INFO             PET1     ATM: Run intro.
20231005 155841.579 INFO             PET1       ------>Advancing ATM from: 2010  6  1  0 15  0   0
20231005 155841.579 INFO             PET1       ---------------------> to: 2010  6  1  0 30  0   0
20231005 155841.579 INFO             PET1     ATM: Run extro.
20231005 155841.579 INFO             PET1     esm: RunSequence event loopLevel=   1  levelMember=   1  loopIteration=   3, current time: 2010  6  1  0 30  0   0
20231005 155841.579 INFO             PET1     ATM-TO-OCN: Run intro.
20231005 155841.580 INFO             PET1     ATM-TO-OCN: Run extro.
20231005 155841.580 INFO             PET1     OCN-TO-ATM: Run intro.
20231005 155841.589 INFO             PET1     OCN-TO-ATM: Run extro.
20231005 155841.589 INFO             PET1     ATM: Run intro.
20231005 155841.590 INFO             PET1       ------>Advancing ATM from: 2010  6  1  0 30  0   0
20231005 155841.590 INFO             PET1       ---------------------> to: 2010  6  1  0 45  0   0
20231005 155841.590 INFO             PET1     ATM: Run extro.
20231005 155841.590 INFO             PET1     esm: RunSequence event loopLevel=   1  levelMember=   1  loopIteration=   4, current time: 2010  6  1  0 45  0   0
20231005 155841.590 INFO             PET1     ATM-TO-OCN: Run intro.
20231005 155841.590 INFO             PET1     ATM-TO-OCN: Run extro.
20231005 155841.590 INFO             PET1     OCN-TO-ATM: Run intro.
20231005 155841.600 INFO             PET1     OCN-TO-ATM: Run extro.
20231005 155841.601 INFO             PET1     ATM: Run intro.
20231005 155841.601 INFO             PET1       ------>Advancing ATM from: 2010  6  1  0 45  0   0
20231005 155841.601 INFO             PET1       ---------------------> to: 2010  6  1  1  0  0   0
20231005 155841.601 INFO             PET1     ATM: Run extro.
20231005 155841.601 INFO             PET1   esm: end <--------- RunSequence
20231005 155841.601 INFO             PET1   <<<esm - leaving Run with current time: 2010  6  1  1  0  0   0
20231005 155841.601 INFO             PET1 esm: Run extro.
20231005 155841.601 INFO             PET1 esm: Finalize intro.
20231005 155841.601 INFO             PET1   Calling Finalize phase 1 for connectorComp: ATM-TO-OCN
20231005 155841.601 INFO             PET1   ATM-TO-OCN: Finalize intro.
20231005 155841.602 INFO             PET1   ATM-TO-OCN: Finalize extro.
20231005 155841.602 INFO             PET1   Calling Finalize phase 1 for connectorComp: OCN-TO-ATM
20231005 155841.602 INFO             PET1   OCN-TO-ATM: Finalize intro.
20231005 155841.602 INFO             PET1   OCN-TO-ATM: Finalize extro.
20231005 155841.602 INFO             PET1   Calling Finalize phase 1 for modelComp: ATM
20231005 155841.602 INFO             PET1   ATM: Finalize intro.
20231005 155841.602 INFO             PET1   ATM: Finalize extro.
20231005 155841.602 INFO             PET1   Calling Finalize phase 1 for modelComp: OCN
20231005 155841.602 INFO             PET1   Delete modelComp: ATM
20231005 155841.602 INFO             PET1   Delete Import-/Export State for modelComp: ATM
20231005 155841.602 INFO             PET1   Delete modelComp: OCN
20231005 155841.603 INFO             PET1   Delete Import-/Export State for modelComp: OCN
20231005 155841.603 INFO             PET1   Delete connectorComp: ATM-TO-OCN
20231005 155841.603 INFO             PET1   Delete connectorComp: OCN-TO-ATM
20231005 155841.603 INFO             PET1 esm: Finalize extro.
20231005 155841.603 INFO             PET1 esmApp FINISHED
20231005 155841.603 INFO             PET1 Finalizing ESMF
20231005 155841.036 INFO             PET2 !!!!!!!!!!!!!!!!!!!!!!!!!!!!!!!!!!!!!!!!!!!!!!!!!!!!!!
20231005 155841.036 INFO             PET2 !!! THE ESMF_LOG IS SET TO OUTPUT ALL LOG MESSAGES !!!
20231005 155841.036 INFO             PET2 !!!     THIS MAY CAUSE SLOWDOWN IN PERFORMANCE     !!!
20231005 155841.036 INFO             PET2 !!! FOR PRODUCTION RUNS, USE:                      !!!
20231005 155841.036 INFO             PET2 !!!                   ESMF_LOGKIND_Multi_On_Error  !!!
20231005 155841.036 INFO             PET2 !!!!!!!!!!!!!!!!!!!!!!!!!!!!!!!!!!!!!!!!!!!!!!!!!!!!!!
20231005 155841.036 INFO             PET2 Running with ESMF Version   : v8.6.0b07-5-g1640c9c621
20231005 155841.036 INFO             PET2 ESMF library build date/time: "Oct  5 2023" "14:34:49"
20231005 155841.036 INFO             PET2 ESMF library build location : /glade/scratch/theurich/ESMF-Nightly-Testing/intel_18.0.5_intelmpi_g_feature_impure_elemental_relations/esmf
20231005 155841.036 INFO             PET2 ESMF_COMM                   : intelmpi
20231005 155841.037 INFO             PET2 ESMF_MOAB                   : enabled
20231005 155841.037 INFO             PET2 ESMF_LAPACK                 : enabled
20231005 155841.037 INFO             PET2 ESMF_NETCDF                 : enabled
20231005 155841.037 INFO             PET2 ESMF_PNETCDF                : disabled
20231005 155841.037 INFO             PET2 ESMF_PIO                    : enabled
20231005 155841.037 INFO             PET2 ESMF_YAMLCPP                : enabled
20231005 155841.039 INFO             PET2 esmApp STARTING
20231005 155841.046 INFO             PET2 esm: InitializeGeneric intro.
20231005 155841.046 INFO             PET2   esm: InitializeP0 intro.
20231005 155841.046 INFO             PET2   esm: InitializeP0 extro.
20231005 155841.046 INFO             PET2   esm: InitializeIPDv02p1 intro.
20231005 155841.046 INFO             PET2     >>>esm: entered Initialize (phase=<none>) without valid internal Clock.
20231005 155841.048 INFO             PET2     esm - Creating model component ATM with petList of size 2 :
20231005 155841.048 INFO             PET2           0      1
20231005 155841.053 INFO             PET2     esm - Creating model component OCN with petList of size 2 :
20231005 155841.053 INFO             PET2           2      3
20231005 155841.056 INFO             PET2     esm - Creating connector component ATM-TO-OCN with petList of size 4 :
20231005 155841.056 INFO             PET2           0      1      2      3
20231005 155841.062 INFO             PET2     esm - Creating connector component OCN-TO-ATM with petList of size 4 :
20231005 155841.062 INFO             PET2           2      3      0      1
20231005 155841.071 INFO             PET2     esm - Creating state: modelComp 1 Import State
20231005 155841.071 INFO             PET2     esm - Creating state: modelComp 1 Export State
20231005 155841.072 INFO             PET2     esm - Creating state: modelComp 2 Import State
20231005 155841.072 INFO             PET2     esm - Creating state: modelComp 2 Export State
20231005 155841.073 INFO             PET2     OCN: InitializeP0 intro.
20231005 155841.075 INFO             PET2     OCN: InitializeP0 extro.
20231005 155841.082 INFO             PET2     ATM-TO-OCN: InitializeP0 intro.
20231005 155841.082 INFO             PET2     ATM-TO-OCN: InitializeP0 extro.
20231005 155841.084 INFO             PET2     OCN-TO-ATM: InitializeP0 intro.
20231005 155841.084 INFO             PET2     OCN-TO-ATM: InitializeP0 extro.
20231005 155841.087 INFO             PET2     esm: IInitAdvertise intro.
20231005 155841.087 INFO             PET2     esm: IInitAdvertise extro.
20231005 155841.087 INFO             PET2     OCN: InitializeIPDvXp01 intro.
20231005 155841.090 INFO             PET2     OCN: InitializeIPDvXp01 extro.
20231005 155841.095 INFO             PET2     ATM-TO-OCN: InitializeIPDv05p1 intro.
20231005 155841.107 INFO             PET2     ATM-TO-OCN: InitializeIPDv05p1 extro.
20231005 155841.109 INFO             PET2     OCN-TO-ATM: InitializeIPDv05p1 intro.
20231005 155841.118 INFO             PET2     OCN-TO-ATM: InitializeIPDv05p1 extro.
20231005 155841.118 INFO             PET2     esm: IInitAdvertiseFinish intro.
20231005 155841.118 INFO             PET2     esm: IInitAdvertiseFinish extro.
20231005 155841.119 INFO             PET2     ATM-TO-OCN: InitializeIPDv05p2a intro.
20231005 155841.130 INFO             PET2     ATM-TO-OCN: InitializeIPDv05p2a extro.
20231005 155841.130 INFO             PET2     OCN-TO-ATM: InitializeIPDv05p2a intro.
20231005 155841.137 INFO             PET2     OCN-TO-ATM: InitializeIPDv05p2a extro.
20231005 155841.137 INFO             PET2     ATM-TO-OCN: InitializeIPDv05p2b intro.
20231005 155841.148 INFO             PET2     ATM-TO-OCN: InitializeIPDv05p2b extro.
20231005 155841.148 INFO             PET2     OCN-TO-ATM: InitializeIPDv05p2b intro.
20231005 155841.155 INFO             PET2     OCN-TO-ATM: InitializeIPDv05p2b extro.
20231005 155841.155 INFO             PET2     esm: IInitModifyCplLists intro.
20231005 155841.155 INFO             PET2       Driver is in ModifyCplLists()
20231005 155841.155 INFO             PET2        Found            2  Connectors. Modifying CplList Attribute....
20231005 155841.156 INFO             PET2     esm: IInitModifyCplLists extro.
20231005 155841.156 INFO             PET2     ATM-TO-OCN: InitializeIPDv05p3 intro.
20231005 155841.168 INFO             PET2     ATM-TO-OCN: InitializeIPDv05p3 extro.
20231005 155841.168 INFO             PET2     OCN-TO-ATM: InitializeIPDv05p3 intro.
20231005 155841.175 INFO             PET2     OCN-TO-ATM: InitializeIPDv05p3 extro.
20231005 155841.176 INFO             PET2     <<<esm: leaving Initialize (phase=<none>) with current time: 2010  6  1  0  0  0   0
20231005 155841.176 INFO             PET2   esm: InitializeIPDv02p1 extro.
20231005 155841.176 INFO             PET2   esm: InitializeIPDv02p3 intro.
20231005 155841.176 INFO             PET2     >>>esm: entered Initialize (phase=<none>) with current time: 2010  6  1  0  0  0   0
20231005 155841.176 INFO             PET2     esm: IInitCheck intro.
20231005 155841.176 INFO             PET2     esm: IInitCheck extro.
20231005 155841.177 INFO             PET2     OCN: InitializeIPDvXp04 intro.
20231005 155841.185 INFO             PET2     OCN: InitializeIPDvXp04 extro.
20231005 155841.190 INFO             PET2     ATM-TO-OCN: InitializeIPDv05p4 intro.
20231005 155841.212 INFO             PET2     ATM-TO-OCN: InitializeIPDv05p4 extro.
20231005 155841.212 INFO             PET2     OCN-TO-ATM: InitializeIPDv05p4 intro.
20231005 155841.224 INFO             PET2     OCN-TO-ATM: InitializeIPDv05p4 extro.
20231005 155841.224 INFO             PET2     ATM-TO-OCN: InitializeIPDv05p5 intro.
20231005 155841.245 INFO             PET2     ATM-TO-OCN: InitializeIPDv05p5 extro.
20231005 155841.246 INFO             PET2     OCN-TO-ATM: InitializeIPDv05p5 intro.
20231005 155841.257 INFO             PET2     OCN-TO-ATM: InitializeIPDv05p5 extro.
20231005 155841.257 INFO             PET2     esm: IInitRealize intro.
20231005 155841.257 INFO             PET2     esm: IInitRealize extro.
20231005 155841.258 INFO             PET2     ATM-TO-OCN: InitializeIPDv05p6a intro.
20231005 155841.279 INFO             PET2     ATM-TO-OCN: InitializeIPDv05p6a extro.
20231005 155841.279 INFO             PET2     OCN-TO-ATM: InitializeIPDv05p6a intro.
20231005 155841.290 INFO             PET2     OCN-TO-ATM: InitializeIPDv05p6a extro.
20231005 155841.290 INFO             PET2     ATM-TO-OCN: InitializeIPDv05p6b intro.
20231005 155841.434 INFO             PET2     ATM-TO-OCN: InitializeIPDv05p6b extro.
20231005 155841.434 INFO             PET2     OCN-TO-ATM: InitializeIPDv05p6b intro.
20231005 155841.545 INFO             PET2     OCN-TO-ATM: InitializeIPDv05p6b extro.
20231005 155841.546 INFO             PET2     OCN: InitializeIPDvXp07 intro.
20231005 155841.546 INFO             PET2     OCN: InitializeIPDvXp07 extro.
20231005 155841.546 INFO             PET2     <<<esm: leaving Initialize (phase=<none>) with current time: 2010  6  1  0  0  0   0
20231005 155841.546 INFO             PET2   esm: InitializeIPDv02p3 extro.
20231005 155841.546 INFO             PET2   esm: InitializeIPDv02p5 intro.
20231005 155841.546 INFO             PET2     >>>esm: entered Initialize (phase=<none>) with current time: 2010  6  1  0  0  0   0
20231005 155841.546 INFO             PET2     esm: this is a top level driver, no 'Updated' and 'InitializeDataComplete' info on this level.
20231005 155841.547 INFO             PET2     esm: InitializeIPDv02p5Data intro.
20231005 155841.547 INFO             PET2       esm: InternalInitializeComplete intro.
20231005 155841.547 INFO             PET2         esm: InitializeDataComplete='true'
20231005 155841.547 INFO             PET2       esm: InternalInitializeComplete extro.
20231005 155841.547 INFO             PET2       OCN: InitializeIPDv01p5 intro.
20231005 155841.547 INFO             PET2       OCN: InitializeIPDv01p5 extro.
20231005 155841.550 INFO             PET2       esm: components present that trigger loopDataDependentInitialize().
20231005 155841.550 INFO             PET2       esm: loopDataDependentInitialize intro.
20231005 155841.551 INFO             PET2         esm: component    0=esm, dataComplete (local): true
20231005 155841.551 INFO             PET2         esm: component    0=esm, dataComplete (global):  T
20231005 155841.551 INFO             PET2         esm: component    1=ATM, dataComplete (local): true
20231005 155841.551 INFO             PET2         esm: component    1=ATM, dataComplete (global):  T
20231005 155841.551 INFO             PET2         esm: component    2=OCN, dataComplete (local): true
20231005 155841.551 INFO             PET2         esm: component    2=OCN, dataComplete (global):  T
20231005 155841.551 INFO             PET2         esm: someProgress= F, allComplete= T, present(dataDepAllComplete)= T
20231005 155841.551 INFO             PET2         esm: finished resolving initialize data dependencies on this level.
20231005 155841.551 INFO             PET2       esm: loopDataDependentInitialize extro.
20231005 155841.551 INFO             PET2       esm: loopDataDependentInitialize() returned with dataDepAllComplete:  T
20231005 155841.551 INFO             PET2     esm: InitializeIPDv02p5Data extro.
20231005 155841.551 INFO             PET2     <<<esm: leaving Initialize (phase=<none>) with current time: 2010  6  1  0  0  0   0
20231005 155841.551 INFO             PET2   esm: InitializeIPDv02p5 extro.
20231005 155841.551 INFO             PET2 esm: InitializeGeneric extro.
20231005 155841.551 INFO             PET2 esm: Run intro.
20231005 155841.551 INFO             PET2   >>>esm entered Run (phase=RunPhase1) with current time: 2010  6  1  0  0  0   0
20231005 155841.551 INFO             PET2   esm: after lable_SetRunClock, current time: 2010  6  1  0  0  0   0
20231005 155841.551 INFO             PET2   esm: begin -------> RunSequence.
20231005 155841.551 INFO             PET2     esm: RunSequence event loopLevel=   1  levelMember=   1  loopIteration=   1, current time: 2010  6  1  0  0  0   0
20231005 155841.552 INFO             PET2     ATM-TO-OCN: Run intro.
20231005 155841.553 INFO             PET2     ATM-TO-OCN: Run extro.
20231005 155841.553 INFO             PET2     OCN-TO-ATM: Run intro.
20231005 155841.553 INFO             PET2     OCN-TO-ATM: Run extro.
20231005 155841.553 INFO             PET2     OCN: Run intro.
20231005 155841.554 INFO             PET2       ------>Advancing OCN from: 2010  6  1  0  0  0   0
20231005 155841.554 INFO             PET2       ---------------------> to: 2010  6  1  0  5  0   0
20231005 155841.568 INFO             PET2       ------>Advancing OCN from: 2010  6  1  0  5  0   0
20231005 155841.568 INFO             PET2       ---------------------> to: 2010  6  1  0 10  0   0
20231005 155841.574 INFO             PET2       ------>Advancing OCN from: 2010  6  1  0 10  0   0
20231005 155841.574 INFO             PET2       ---------------------> to: 2010  6  1  0 15  0   0
20231005 155841.577 INFO             PET2     OCN: Run extro.
20231005 155841.577 INFO             PET2     esm: RunSequence event loopLevel=   1  levelMember=   1  loopIteration=   2, current time: 2010  6  1  0 15  0   0
20231005 155841.578 INFO             PET2     ATM-TO-OCN: Run intro.
20231005 155841.578 INFO             PET2     ATM-TO-OCN: Run extro.
20231005 155841.578 INFO             PET2     OCN-TO-ATM: Run intro.
20231005 155841.578 INFO             PET2     OCN-TO-ATM: Run extro.
20231005 155841.579 INFO             PET2     OCN: Run intro.
20231005 155841.579 INFO             PET2       ------>Advancing OCN from: 2010  6  1  0 15  0   0
20231005 155841.579 INFO             PET2       ---------------------> to: 2010  6  1  0 20  0   0
20231005 155841.582 INFO             PET2       ------>Advancing OCN from: 2010  6  1  0 20  0   0
20231005 155841.582 INFO             PET2       ---------------------> to: 2010  6  1  0 25  0   0
20231005 155841.585 INFO             PET2       ------>Advancing OCN from: 2010  6  1  0 25  0   0
20231005 155841.585 INFO             PET2       ---------------------> to: 2010  6  1  0 30  0   0
20231005 155841.588 INFO             PET2     OCN: Run extro.
20231005 155841.588 INFO             PET2     esm: RunSequence event loopLevel=   1  levelMember=   1  loopIteration=   3, current time: 2010  6  1  0 30  0   0
20231005 155841.588 INFO             PET2     ATM-TO-OCN: Run intro.
20231005 155841.589 INFO             PET2     ATM-TO-OCN: Run extro.
20231005 155841.589 INFO             PET2     OCN-TO-ATM: Run intro.
20231005 155841.589 INFO             PET2     OCN-TO-ATM: Run extro.
20231005 155841.589 INFO             PET2     OCN: Run intro.
20231005 155841.590 INFO             PET2       ------>Advancing OCN from: 2010  6  1  0 30  0   0
20231005 155841.590 INFO             PET2       ---------------------> to: 2010  6  1  0 35  0   0
20231005 155841.593 INFO             PET2       ------>Advancing OCN from: 2010  6  1  0 35  0   0
20231005 155841.593 INFO             PET2       ---------------------> to: 2010  6  1  0 40  0   0
20231005 155841.596 INFO             PET2       ------>Advancing OCN from: 2010  6  1  0 40  0   0
20231005 155841.596 INFO             PET2       ---------------------> to: 2010  6  1  0 45  0   0
20231005 155841.599 INFO             PET2     OCN: Run extro.
20231005 155841.599 INFO             PET2     esm: RunSequence event loopLevel=   1  levelMember=   1  loopIteration=   4, current time: 2010  6  1  0 45  0   0
20231005 155841.600 INFO             PET2     ATM-TO-OCN: Run intro.
20231005 155841.600 INFO             PET2     ATM-TO-OCN: Run extro.
20231005 155841.600 INFO             PET2     OCN-TO-ATM: Run intro.
20231005 155841.600 INFO             PET2     OCN-TO-ATM: Run extro.
20231005 155841.601 INFO             PET2     OCN: Run intro.
20231005 155841.601 INFO             PET2       ------>Advancing OCN from: 2010  6  1  0 45  0   0
20231005 155841.601 INFO             PET2       ---------------------> to: 2010  6  1  0 50  0   0
20231005 155841.604 INFO             PET2       ------>Advancing OCN from: 2010  6  1  0 50  0   0
20231005 155841.604 INFO             PET2       ---------------------> to: 2010  6  1  0 55  0   0
20231005 155841.607 INFO             PET2       ------>Advancing OCN from: 2010  6  1  0 55  0   0
20231005 155841.607 INFO             PET2       ---------------------> to: 2010  6  1  1  0  0   0
20231005 155841.610 INFO             PET2     OCN: Run extro.
20231005 155841.610 INFO             PET2   esm: end <--------- RunSequence
20231005 155841.610 INFO             PET2   <<<esm - leaving Run with current time: 2010  6  1  1  0  0   0
20231005 155841.610 INFO             PET2 esm: Run extro.
20231005 155841.610 INFO             PET2 esm: Finalize intro.
20231005 155841.610 INFO             PET2   Calling Finalize phase 1 for connectorComp: ATM-TO-OCN
20231005 155841.611 INFO             PET2   ATM-TO-OCN: Finalize intro.
20231005 155841.611 INFO             PET2   ATM-TO-OCN: Finalize extro.
20231005 155841.611 INFO             PET2   Calling Finalize phase 1 for connectorComp: OCN-TO-ATM
20231005 155841.611 INFO             PET2   OCN-TO-ATM: Finalize intro.
20231005 155841.611 INFO             PET2   OCN-TO-ATM: Finalize extro.
20231005 155841.611 INFO             PET2   Calling Finalize phase 1 for modelComp: ATM
20231005 155841.611 INFO             PET2   Calling Finalize phase 1 for modelComp: OCN
20231005 155841.612 INFO             PET2   OCN: Finalize intro.
20231005 155841.612 INFO             PET2   OCN: Finalize extro.
20231005 155841.612 INFO             PET2   Delete modelComp: ATM
20231005 155841.612 INFO             PET2   Delete Import-/Export State for modelComp: ATM
20231005 155841.612 INFO             PET2   Delete modelComp: OCN
20231005 155841.612 INFO             PET2   Delete Import-/Export State for modelComp: OCN
20231005 155841.612 INFO             PET2   Delete connectorComp: ATM-TO-OCN
20231005 155841.612 INFO             PET2   Delete connectorComp: OCN-TO-ATM
20231005 155841.612 INFO             PET2 esm: Finalize extro.
20231005 155841.612 INFO             PET2 esmApp FINISHED
20231005 155841.612 INFO             PET2 Finalizing ESMF
20231005 155841.036 INFO             PET3 !!!!!!!!!!!!!!!!!!!!!!!!!!!!!!!!!!!!!!!!!!!!!!!!!!!!!!
20231005 155841.036 INFO             PET3 !!! THE ESMF_LOG IS SET TO OUTPUT ALL LOG MESSAGES !!!
20231005 155841.036 INFO             PET3 !!!     THIS MAY CAUSE SLOWDOWN IN PERFORMANCE     !!!
20231005 155841.036 INFO             PET3 !!! FOR PRODUCTION RUNS, USE:                      !!!
20231005 155841.036 INFO             PET3 !!!                   ESMF_LOGKIND_Multi_On_Error  !!!
20231005 155841.036 INFO             PET3 !!!!!!!!!!!!!!!!!!!!!!!!!!!!!!!!!!!!!!!!!!!!!!!!!!!!!!
20231005 155841.036 INFO             PET3 Running with ESMF Version   : v8.6.0b07-5-g1640c9c621
20231005 155841.036 INFO             PET3 ESMF library build date/time: "Oct  5 2023" "14:34:49"
20231005 155841.036 INFO             PET3 ESMF library build location : /glade/scratch/theurich/ESMF-Nightly-Testing/intel_18.0.5_intelmpi_g_feature_impure_elemental_relations/esmf
20231005 155841.036 INFO             PET3 ESMF_COMM                   : intelmpi
20231005 155841.037 INFO             PET3 ESMF_MOAB                   : enabled
20231005 155841.037 INFO             PET3 ESMF_LAPACK                 : enabled
20231005 155841.037 INFO             PET3 ESMF_NETCDF                 : enabled
20231005 155841.037 INFO             PET3 ESMF_PNETCDF                : disabled
20231005 155841.037 INFO             PET3 ESMF_PIO                    : enabled
20231005 155841.037 INFO             PET3 ESMF_YAMLCPP                : enabled
20231005 155841.039 INFO             PET3 esmApp STARTING
20231005 155841.046 INFO             PET3 esm: InitializeGeneric intro.
20231005 155841.046 INFO             PET3   esm: InitializeP0 intro.
20231005 155841.046 INFO             PET3   esm: InitializeP0 extro.
20231005 155841.046 INFO             PET3   esm: InitializeIPDv02p1 intro.
20231005 155841.046 INFO             PET3     >>>esm: entered Initialize (phase=<none>) without valid internal Clock.
20231005 155841.048 INFO             PET3     esm - Creating model component ATM with petList of size 2 :
20231005 155841.048 INFO             PET3           0      1
20231005 155841.053 INFO             PET3     esm - Creating model component OCN with petList of size 2 :
20231005 155841.053 INFO             PET3           2      3
20231005 155841.056 INFO             PET3     esm - Creating connector component ATM-TO-OCN with petList of size 4 :
20231005 155841.056 INFO             PET3           0      1      2      3
20231005 155841.062 INFO             PET3     esm - Creating connector component OCN-TO-ATM with petList of size 4 :
20231005 155841.062 INFO             PET3           2      3      0      1
20231005 155841.071 INFO             PET3     esm - Creating state: modelComp 1 Import State
20231005 155841.071 INFO             PET3     esm - Creating state: modelComp 1 Export State
20231005 155841.072 INFO             PET3     esm - Creating state: modelComp 2 Import State
20231005 155841.072 INFO             PET3     esm - Creating state: modelComp 2 Export State
20231005 155841.073 INFO             PET3     OCN: InitializeP0 intro.
20231005 155841.075 INFO             PET3     OCN: InitializeP0 extro.
20231005 155841.082 INFO             PET3     ATM-TO-OCN: InitializeP0 intro.
20231005 155841.082 INFO             PET3     ATM-TO-OCN: InitializeP0 extro.
20231005 155841.084 INFO             PET3     OCN-TO-ATM: InitializeP0 intro.
20231005 155841.084 INFO             PET3     OCN-TO-ATM: InitializeP0 extro.
20231005 155841.087 INFO             PET3     esm: IInitAdvertise intro.
20231005 155841.087 INFO             PET3     esm: IInitAdvertise extro.
20231005 155841.087 INFO             PET3     OCN: InitializeIPDvXp01 intro.
20231005 155841.090 INFO             PET3     OCN: InitializeIPDvXp01 extro.
20231005 155841.095 INFO             PET3     ATM-TO-OCN: InitializeIPDv05p1 intro.
20231005 155841.107 INFO             PET3     ATM-TO-OCN: InitializeIPDv05p1 extro.
20231005 155841.112 INFO             PET3     OCN-TO-ATM: InitializeIPDv05p1 intro.
20231005 155841.118 INFO             PET3     OCN-TO-ATM: InitializeIPDv05p1 extro.
20231005 155841.118 INFO             PET3     esm: IInitAdvertiseFinish intro.
20231005 155841.118 INFO             PET3     esm: IInitAdvertiseFinish extro.
20231005 155841.119 INFO             PET3     ATM-TO-OCN: InitializeIPDv05p2a intro.
20231005 155841.130 INFO             PET3     ATM-TO-OCN: InitializeIPDv05p2a extro.
20231005 155841.130 INFO             PET3     OCN-TO-ATM: InitializeIPDv05p2a intro.
20231005 155841.136 INFO             PET3     OCN-TO-ATM: InitializeIPDv05p2a extro.
20231005 155841.137 INFO             PET3     ATM-TO-OCN: InitializeIPDv05p2b intro.
20231005 155841.148 INFO             PET3     ATM-TO-OCN: InitializeIPDv05p2b extro.
20231005 155841.148 INFO             PET3     OCN-TO-ATM: InitializeIPDv05p2b intro.
20231005 155841.155 INFO             PET3     OCN-TO-ATM: InitializeIPDv05p2b extro.
20231005 155841.155 INFO             PET3     esm: IInitModifyCplLists intro.
20231005 155841.155 INFO             PET3       Driver is in ModifyCplLists()
20231005 155841.155 INFO             PET3        Found            2  Connectors. Modifying CplList Attribute....
20231005 155841.156 INFO             PET3     esm: IInitModifyCplLists extro.
20231005 155841.156 INFO             PET3     ATM-TO-OCN: InitializeIPDv05p3 intro.
20231005 155841.168 INFO             PET3     ATM-TO-OCN: InitializeIPDv05p3 extro.
20231005 155841.168 INFO             PET3     OCN-TO-ATM: InitializeIPDv05p3 intro.
20231005 155841.175 INFO             PET3     OCN-TO-ATM: InitializeIPDv05p3 extro.
20231005 155841.176 INFO             PET3     <<<esm: leaving Initialize (phase=<none>) with current time: 2010  6  1  0  0  0   0
20231005 155841.176 INFO             PET3   esm: InitializeIPDv02p1 extro.
20231005 155841.176 INFO             PET3   esm: InitializeIPDv02p3 intro.
20231005 155841.176 INFO             PET3     >>>esm: entered Initialize (phase=<none>) with current time: 2010  6  1  0  0  0   0
20231005 155841.176 INFO             PET3     esm: IInitCheck intro.
20231005 155841.176 INFO             PET3     esm: IInitCheck extro.
20231005 155841.177 INFO             PET3     OCN: InitializeIPDvXp04 intro.
20231005 155841.185 INFO             PET3     OCN: InitializeIPDvXp04 extro.
20231005 155841.190 INFO             PET3     ATM-TO-OCN: InitializeIPDv05p4 intro.
20231005 155841.212 INFO             PET3     ATM-TO-OCN: InitializeIPDv05p4 extro.
20231005 155841.212 INFO             PET3     OCN-TO-ATM: InitializeIPDv05p4 intro.
20231005 155841.223 INFO             PET3     OCN-TO-ATM: InitializeIPDv05p4 extro.
20231005 155841.224 INFO             PET3     ATM-TO-OCN: InitializeIPDv05p5 intro.
20231005 155841.245 INFO             PET3     ATM-TO-OCN: InitializeIPDv05p5 extro.
20231005 155841.246 INFO             PET3     OCN-TO-ATM: InitializeIPDv05p5 intro.
20231005 155841.257 INFO             PET3     OCN-TO-ATM: InitializeIPDv05p5 extro.
20231005 155841.257 INFO             PET3     esm: IInitRealize intro.
20231005 155841.257 INFO             PET3     esm: IInitRealize extro.
20231005 155841.258 INFO             PET3     ATM-TO-OCN: InitializeIPDv05p6a intro.
20231005 155841.279 INFO             PET3     ATM-TO-OCN: InitializeIPDv05p6a extro.
20231005 155841.279 INFO             PET3     OCN-TO-ATM: InitializeIPDv05p6a intro.
20231005 155841.290 INFO             PET3     OCN-TO-ATM: InitializeIPDv05p6a extro.
20231005 155841.290 INFO             PET3     ATM-TO-OCN: InitializeIPDv05p6b intro.
20231005 155841.434 INFO             PET3     ATM-TO-OCN: InitializeIPDv05p6b extro.
20231005 155841.434 INFO             PET3     OCN-TO-ATM: InitializeIPDv05p6b intro.
20231005 155841.545 INFO             PET3     OCN-TO-ATM: InitializeIPDv05p6b extro.
20231005 155841.546 INFO             PET3     OCN: InitializeIPDvXp07 intro.
20231005 155841.546 INFO             PET3     OCN: InitializeIPDvXp07 extro.
20231005 155841.546 INFO             PET3     <<<esm: leaving Initialize (phase=<none>) with current time: 2010  6  1  0  0  0   0
20231005 155841.546 INFO             PET3   esm: InitializeIPDv02p3 extro.
20231005 155841.546 INFO             PET3   esm: InitializeIPDv02p5 intro.
20231005 155841.546 INFO             PET3     >>>esm: entered Initialize (phase=<none>) with current time: 2010  6  1  0  0  0   0
20231005 155841.546 INFO             PET3     esm: this is a top level driver, no 'Updated' and 'InitializeDataComplete' info on this level.
20231005 155841.547 INFO             PET3     esm: InitializeIPDv02p5Data intro.
20231005 155841.547 INFO             PET3       esm: InternalInitializeComplete intro.
20231005 155841.547 INFO             PET3         esm: InitializeDataComplete='true'
20231005 155841.547 INFO             PET3       esm: InternalInitializeComplete extro.
20231005 155841.547 INFO             PET3       OCN: InitializeIPDv01p5 intro.
20231005 155841.547 INFO             PET3       OCN: InitializeIPDv01p5 extro.
20231005 155841.550 INFO             PET3       esm: components present that trigger loopDataDependentInitialize().
20231005 155841.550 INFO             PET3       esm: loopDataDependentInitialize intro.
20231005 155841.551 INFO             PET3         esm: component    0=esm, dataComplete (local): true
20231005 155841.551 INFO             PET3         esm: component    0=esm, dataComplete (global):  T
20231005 155841.551 INFO             PET3         esm: component    1=ATM, dataComplete (local): true
20231005 155841.551 INFO             PET3         esm: component    1=ATM, dataComplete (global):  T
20231005 155841.551 INFO             PET3         esm: component    2=OCN, dataComplete (local): true
20231005 155841.551 INFO             PET3         esm: component    2=OCN, dataComplete (global):  T
20231005 155841.551 INFO             PET3         esm: someProgress= F, allComplete= T, present(dataDepAllComplete)= T
20231005 155841.551 INFO             PET3         esm: finished resolving initialize data dependencies on this level.
20231005 155841.551 INFO             PET3       esm: loopDataDependentInitialize extro.
20231005 155841.551 INFO             PET3       esm: loopDataDependentInitialize() returned with dataDepAllComplete:  T
20231005 155841.551 INFO             PET3     esm: InitializeIPDv02p5Data extro.
20231005 155841.551 INFO             PET3     <<<esm: leaving Initialize (phase=<none>) with current time: 2010  6  1  0  0  0   0
20231005 155841.551 INFO             PET3   esm: InitializeIPDv02p5 extro.
20231005 155841.551 INFO             PET3 esm: InitializeGeneric extro.
20231005 155841.551 INFO             PET3 esm: Run intro.
20231005 155841.551 INFO             PET3   >>>esm entered Run (phase=RunPhase1) with current time: 2010  6  1  0  0  0   0
20231005 155841.551 INFO             PET3   esm: after lable_SetRunClock, current time: 2010  6  1  0  0  0   0
20231005 155841.551 INFO             PET3   esm: begin -------> RunSequence.
20231005 155841.551 INFO             PET3     esm: RunSequence event loopLevel=   1  levelMember=   1  loopIteration=   1, current time: 2010  6  1  0  0  0   0
20231005 155841.552 INFO             PET3     ATM-TO-OCN: Run intro.
20231005 155841.553 INFO             PET3     ATM-TO-OCN: Run extro.
20231005 155841.553 INFO             PET3     OCN-TO-ATM: Run intro.
20231005 155841.553 INFO             PET3     OCN-TO-ATM: Run extro.
20231005 155841.553 INFO             PET3     OCN: Run intro.
20231005 155841.554 INFO             PET3       ------>Advancing OCN from: 2010  6  1  0  0  0   0
20231005 155841.554 INFO             PET3       ---------------------> to: 2010  6  1  0  5  0   0
20231005 155841.568 INFO             PET3       ------>Advancing OCN from: 2010  6  1  0  5  0   0
20231005 155841.568 INFO             PET3       ---------------------> to: 2010  6  1  0 10  0   0
20231005 155841.574 INFO             PET3       ------>Advancing OCN from: 2010  6  1  0 10  0   0
20231005 155841.574 INFO             PET3       ---------------------> to: 2010  6  1  0 15  0   0
20231005 155841.577 INFO             PET3     OCN: Run extro.
20231005 155841.577 INFO             PET3     esm: RunSequence event loopLevel=   1  levelMember=   1  loopIteration=   2, current time: 2010  6  1  0 15  0   0
20231005 155841.578 INFO             PET3     ATM-TO-OCN: Run intro.
20231005 155841.578 INFO             PET3     ATM-TO-OCN: Run extro.
20231005 155841.578 INFO             PET3     OCN-TO-ATM: Run intro.
20231005 155841.578 INFO             PET3     OCN-TO-ATM: Run extro.
20231005 155841.579 INFO             PET3     OCN: Run intro.
20231005 155841.579 INFO             PET3       ------>Advancing OCN from: 2010  6  1  0 15  0   0
20231005 155841.579 INFO             PET3       ---------------------> to: 2010  6  1  0 20  0   0
20231005 155841.582 INFO             PET3       ------>Advancing OCN from: 2010  6  1  0 20  0   0
20231005 155841.582 INFO             PET3       ---------------------> to: 2010  6  1  0 25  0   0
20231005 155841.585 INFO             PET3       ------>Advancing OCN from: 2010  6  1  0 25  0   0
20231005 155841.585 INFO             PET3       ---------------------> to: 2010  6  1  0 30  0   0
20231005 155841.588 INFO             PET3     OCN: Run extro.
20231005 155841.588 INFO             PET3     esm: RunSequence event loopLevel=   1  levelMember=   1  loopIteration=   3, current time: 2010  6  1  0 30  0   0
20231005 155841.588 INFO             PET3     ATM-TO-OCN: Run intro.
20231005 155841.589 INFO             PET3     ATM-TO-OCN: Run extro.
20231005 155841.589 INFO             PET3     OCN-TO-ATM: Run intro.
20231005 155841.589 INFO             PET3     OCN-TO-ATM: Run extro.
20231005 155841.589 INFO             PET3     OCN: Run intro.
20231005 155841.590 INFO             PET3       ------>Advancing OCN from: 2010  6  1  0 30  0   0
20231005 155841.590 INFO             PET3       ---------------------> to: 2010  6  1  0 35  0   0
20231005 155841.593 INFO             PET3       ------>Advancing OCN from: 2010  6  1  0 35  0   0
20231005 155841.593 INFO             PET3       ---------------------> to: 2010  6  1  0 40  0   0
20231005 155841.596 INFO             PET3       ------>Advancing OCN from: 2010  6  1  0 40  0   0
20231005 155841.596 INFO             PET3       ---------------------> to: 2010  6  1  0 45  0   0
20231005 155841.599 INFO             PET3     OCN: Run extro.
20231005 155841.599 INFO             PET3     esm: RunSequence event loopLevel=   1  levelMember=   1  loopIteration=   4, current time: 2010  6  1  0 45  0   0
20231005 155841.599 INFO             PET3     ATM-TO-OCN: Run intro.
20231005 155841.600 INFO             PET3     ATM-TO-OCN: Run extro.
20231005 155841.600 INFO             PET3     OCN-TO-ATM: Run intro.
20231005 155841.600 INFO             PET3     OCN-TO-ATM: Run extro.
20231005 155841.601 INFO             PET3     OCN: Run intro.
20231005 155841.601 INFO             PET3       ------>Advancing OCN from: 2010  6  1  0 45  0   0
20231005 155841.601 INFO             PET3       ---------------------> to: 2010  6  1  0 50  0   0
20231005 155841.604 INFO             PET3       ------>Advancing OCN from: 2010  6  1  0 50  0   0
20231005 155841.604 INFO             PET3       ---------------------> to: 2010  6  1  0 55  0   0
20231005 155841.607 INFO             PET3       ------>Advancing OCN from: 2010  6  1  0 55  0   0
20231005 155841.607 INFO             PET3       ---------------------> to: 2010  6  1  1  0  0   0
20231005 155841.610 INFO             PET3     OCN: Run extro.
20231005 155841.610 INFO             PET3   esm: end <--------- RunSequence
20231005 155841.610 INFO             PET3   <<<esm - leaving Run with current time: 2010  6  1  1  0  0   0
20231005 155841.610 INFO             PET3 esm: Run extro.
20231005 155841.610 INFO             PET3 esm: Finalize intro.
20231005 155841.610 INFO             PET3   Calling Finalize phase 1 for connectorComp: ATM-TO-OCN
20231005 155841.611 INFO             PET3   ATM-TO-OCN: Finalize intro.
20231005 155841.611 INFO             PET3   ATM-TO-OCN: Finalize extro.
20231005 155841.611 INFO             PET3   Calling Finalize phase 1 for connectorComp: OCN-TO-ATM
20231005 155841.611 INFO             PET3   OCN-TO-ATM: Finalize intro.
20231005 155841.611 INFO             PET3   OCN-TO-ATM: Finalize extro.
20231005 155841.611 INFO             PET3   Calling Finalize phase 1 for modelComp: ATM
20231005 155841.611 INFO             PET3   Calling Finalize phase 1 for modelComp: OCN
20231005 155841.612 INFO             PET3   OCN: Finalize intro.
20231005 155841.612 INFO             PET3   OCN: Finalize extro.
20231005 155841.612 INFO             PET3   Delete modelComp: ATM
20231005 155841.612 INFO             PET3   Delete Import-/Export State for modelComp: ATM
20231005 155841.612 INFO             PET3   Delete modelComp: OCN
20231005 155841.612 INFO             PET3   Delete Import-/Export State for modelComp: OCN
20231005 155841.612 INFO             PET3   Delete connectorComp: ATM-TO-OCN
20231005 155841.612 INFO             PET3   Delete connectorComp: OCN-TO-ATM
20231005 155841.612 INFO             PET3 esm: Finalize extro.
20231005 155841.612 INFO             PET3 esmApp FINISHED
20231005 155841.612 INFO             PET3 Finalizing ESMF
