2023-10-18 03:05:35
20231018 034957.073 INFO             PET0 !!!!!!!!!!!!!!!!!!!!!!!!!!!!!!!!!!!!!!!!!!!!!!!!!!!!!!
20231018 034957.073 INFO             PET0 !!! THE ESMF_LOG IS SET TO OUTPUT ALL LOG MESSAGES !!!
20231018 034957.073 INFO             PET0 !!!     THIS MAY CAUSE SLOWDOWN IN PERFORMANCE     !!!
20231018 034957.073 INFO             PET0 !!! FOR PRODUCTION RUNS, USE:                      !!!
20231018 034957.073 INFO             PET0 !!!                   ESMF_LOGKIND_Multi_On_Error  !!!
20231018 034957.073 INFO             PET0 !!!!!!!!!!!!!!!!!!!!!!!!!!!!!!!!!!!!!!!!!!!!!!!!!!!!!!
20231018 034957.074 INFO             PET0 Running with ESMF Version   : v8.6.0b09-20-g8d1ee58df9
20231018 034957.074 INFO             PET0 ESMF library build date/time: "Oct 18 2023" "03:03:15"
20231018 034957.074 INFO             PET0 ESMF library build location : /project/esmf/theurich/ESMF-Nightly-Testing/intel_19.1.0_mpiuni_g_feature_devList/esmf
20231018 034957.074 INFO             PET0 ESMF_COMM                   : mpiuni
20231018 034957.076 INFO             PET0 ESMF_MOAB                   : enabled
20231018 034957.076 INFO             PET0 ESMF_LAPACK                 : enabled
20231018 034957.076 INFO             PET0 ESMF_NETCDF                 : enabled
20231018 034957.076 INFO             PET0 ESMF_PNETCDF                : disabled
20231018 034957.076 INFO             PET0 ESMF_PIO                    : disabled
20231018 034957.076 INFO             PET0 ESMF_YAMLCPP                : enabled
20231018 034957.076 INFO             PET0 Log Write 2
20231018 034957.076 ERROR            PET0 Invalid object  - Convergence failure
20231018 034957.076 ERROR            PET0 ESMCI_Fraction.C:1444 ESMCI::Fraction::validate() must have non-zero denominator.
20231018 034957.077 ERROR            PET0 ESMCI_Time.C:838 ESMCI::Time::syncToRealTime() Wrong argument specified  - ; calkindflag is JULIANDAY, MODJULIANDAY or NOCALENDAR.
20231018 034957.077 ERROR            PET0 ESMF_Time.F90:1485 ESMF_TimeSyncToRealTime() Wrong argument specified  - Internal subroutine call returned Error
20231018 034957.077 ERROR            PET0 Wrong argument specified  - getting wall clock time
20231018 034957.081 INFO             PET0  NUMBER_OF_PROCESSORS           1
20231018 034957.083 INFO             PET0  PASS  Example ESMF_LogErrEx, ESMF_LogErrEx.F90, line 186
20231018 034957.083 INFO             PET0  Finalizing ESMF
