2023-11-07 02:25:24
forrtl: severe (174): SIGSEGV, segmentation fault occurred
Image              PC                Routine            Line        Source             
libpthread-2.31.s  000014A99EC2A8C0  Unknown               Unknown  Unknown
mainApp            000000000044B359  Unknown               Unknown  Unknown
mainApp            000000000044BC80  Unknown               Unknown  Unknown
mainApp            000000000044B514  Unknown               Unknown  Unknown
libesmf.so         000014A9A262594F  f_esmf_compcollec         516  ESMF_Comp_C.F90
libesmf.so         000014A9A21C9782  finalize                 3515  ESMCI_VM.C
libesmf.so         000014A9A2194297  c_esmc_vmfinalize        1241  ESMCI_VM_F.C
libesmf.so         000014A9A3242ADB  c_esmc_vmfinalize           0  ESMF_VM.F90
libesmf.so         000014A9A323A6B2  esmf_vmfinalize          9474  ESMF_VM.F90
libesmf.so         000014A9A2D5E565  esmf_finalize            1693  ESMF_Init.F90
mainApp            000000000041761E  mainapp                   149  mainApp.F90
mainApp            00000000004168CD  Unknown               Unknown  Unknown
libc-2.31.so       000014A99ADA029D  __libc_start_main     Unknown  Unknown
mainApp            00000000004167FA  Unknown               Unknown  Unknown
forrtl: severe (174): SIGSEGV, segmentation fault occurred
Image              PC                Routine            Line        Source             
libpthread-2.31.s  000014A7CA8CB8C0  Unknown               Unknown  Unknown
mainApp            000000000044B332  Unknown               Unknown  Unknown
mainApp            000000000044BC80  Unknown               Unknown  Unknown
mainApp            000000000044B514  Unknown               Unknown  Unknown
libesmf.so         000014A7CE2C694F  f_esmf_compcollec         516  ESMF_Comp_C.F90
libesmf.so         000014A7CDE6A782  finalize                 3515  ESMCI_VM.C
libesmf.so         000014A7CDE35297  c_esmc_vmfinalize        1241  ESMCI_VM_F.C
libesmf.so         000014A7CEEE3ADB  c_esmc_vmfinalize           0  ESMF_VM.F90
libesmf.so         000014A7CEEDB6B2  esmf_vmfinalize          9474  ESMF_VM.F90
libesmf.so         000014A7CE9FF565  esmf_finalize            1693  ESMF_Init.F90
mainApp            000000000041761E  mainapp                   149  mainApp.F90
mainApp            00000000004168CD  Unknown               Unknown  Unknown
libc-2.31.so       000014A7C6A4129D  __libc_start_main     Unknown  Unknown
mainApp            00000000004167FA  Unknown               Unknown  Unknown
forrtl: severe (174): SIGSEGV, segmentation fault occurred
Image              PC                Routine            Line        Source             
libpthread-2.31.s  00001467C36188C0  Unknown               Unknown  Unknown
mainApp            000000000044B390  Unknown               Unknown  Unknown
mainApp            000000000044BC80  Unknown               Unknown  Unknown
mainApp            000000000044B514  Unknown               Unknown  Unknown
libesmf.so         00001467C701394F  f_esmf_compcollec         516  ESMF_Comp_C.F90
libesmf.so         00001467C6BB7782  finalize                 3515  ESMCI_VM.C
libesmf.so         00001467C6B82297  c_esmc_vmfinalize        1241  ESMCI_VM_F.C
libesmf.so         00001467C7C30ADB  c_esmc_vmfinalize           0  ESMF_VM.F90
libesmf.so         00001467C7C286B2  esmf_vmfinalize          9474  ESMF_VM.F90
libesmf.so         00001467C774C565  esmf_finalize            1693  ESMF_Init.F90
mainApp            000000000041761E  mainapp                   149  mainApp.F90
mainApp            00000000004168CD  Unknown               Unknown  Unknown
libc-2.31.so       00001467BF78E29D  __libc_start_main     Unknown  Unknown
mainApp            00000000004167FA  Unknown               Unknown  Unknown
forrtl: severe (174): SIGSEGV, segmentation fault occurred
Image              PC                Routine            Line        Source             
libpthread-2.31.s  00001496DC6008C0  Unknown               Unknown  Unknown
mainApp            000000000044B371  Unknown               Unknown  Unknown
mainApp            000000000044BC80  Unknown               Unknown  Unknown
mainApp            000000000044B514  Unknown               Unknown  Unknown
libesmf.so         00001496DFFFB94F  f_esmf_compcollec         516  ESMF_Comp_C.F90
libesmf.so         00001496DFB9F782  finalize                 3515  ESMCI_VM.C
libesmf.so         00001496DFB6A297  c_esmc_vmfinalize        1241  ESMCI_VM_F.C
libesmf.so         00001496E0C18ADB  c_esmc_vmfinalize           0  ESMF_VM.F90
libesmf.so         00001496E0C106B2  esmf_vmfinalize          9474  ESMF_VM.F90
libesmf.so         00001496E0734565  esmf_finalize            1693  ESMF_Init.F90
mainApp            000000000041761E  mainapp                   149  mainApp.F90
mainApp            00000000004168CD  Unknown               Unknown  Unknown
libc-2.31.so       00001496D877629D  __libc_start_main     Unknown  Unknown
mainApp            00000000004167FA  Unknown               Unknown  Unknown
dec2442.hsn.de.hpc.ucar.edu: rank 1 exited with code 174
