2023-11-05 01:25:48
forrtl: severe (174): SIGSEGV, segmentation fault occurred
Image              PC                Routine            Line        Source             
libpthread-2.31.s  00001485270C88C0  Unknown               Unknown  Unknown
mainApp            000000000044CFF3  Unknown               Unknown  Unknown
mainApp            000000000044D910  Unknown               Unknown  Unknown
mainApp            000000000044D1A4  Unknown               Unknown  Unknown
libesmf.so         000014852AAC394F  f_esmf_compcollec         516  ESMF_Comp_C.F90
libesmf.so         000014852A667782  finalize                 3515  ESMCI_VM.C
libesmf.so         000014852A632297  c_esmc_vmfinalize        1241  ESMCI_VM_F.C
libesmf.so         000014852B6E0ADB  c_esmc_vmfinalize           0  ESMF_VM.F90
libesmf.so         000014852B6D86B2  esmf_vmfinalize          9474  ESMF_VM.F90
libesmf.so         000014852B1FC565  esmf_finalize            1693  ESMF_Init.F90
mainApp            00000000004173D9  mainapp                   102  mainApp.F90
mainApp            00000000004169CD  Unknown               Unknown  Unknown
libc-2.31.so       000014852323E29D  __libc_start_main     Unknown  Unknown
mainApp            00000000004168FA  Unknown               Unknown  Unknown
forrtl: severe (174): SIGSEGV, segmentation fault occurred
Image              PC                Routine            Line        Source             
libpthread-2.31.s  0000153FCF5738C0  Unknown               Unknown  Unknown
mainApp            000000000044CFF3  Unknown               Unknown  Unknown
mainApp            000000000044D910  Unknown               Unknown  Unknown
mainApp            000000000044D1A4  Unknown               Unknown  Unknown
libesmf.so         0000153FD2F6E94F  f_esmf_compcollec         516  ESMF_Comp_C.F90
libesmf.so         0000153FD2B12782  finalize                 3515  ESMCI_VM.C
libesmf.so         0000153FD2ADD297  c_esmc_vmfinalize        1241  ESMCI_VM_F.C
libesmf.so         0000153FD3B8BADB  c_esmc_vmfinalize           0  ESMF_VM.F90
libesmf.so         0000153FD3B836B2  esmf_vmfinalize          9474  ESMF_VM.F90
libesmf.so         0000153FD36A7565  esmf_finalize            1693  ESMF_Init.F90
mainApp            00000000004173D9  mainapp                   102  mainApp.F90
mainApp            00000000004169CD  Unknown               Unknown  Unknown
libc-2.31.so       0000153FCB6E929D  __libc_start_main     Unknown  Unknown
mainApp            00000000004168FA  Unknown               Unknown  Unknown
forrtl: severe (174): SIGSEGV, segmentation fault occurred
Image              PC                Routine            Line        Source             
libpthread-2.31.s  000014E79854A8C0  Unknown               Unknown  Unknown
mainApp            000000000044CFE9  Unknown               Unknown  Unknown
mainApp            000000000044D910  Unknown               Unknown  Unknown
mainApp            000000000044D1A4  Unknown               Unknown  Unknown
libesmf.so         000014E79BF4594F  f_esmf_compcollec         516  ESMF_Comp_C.F90
libesmf.so         000014E79BAE9782  finalize                 3515  ESMCI_VM.C
libesmf.so         000014E79BAB4297  c_esmc_vmfinalize        1241  ESMCI_VM_F.C
libesmf.so         000014E79CB62ADB  c_esmc_vmfinalize           0  ESMF_VM.F90
libesmf.so         000014E79CB5A6B2  esmf_vmfinalize          9474  ESMF_VM.F90
libesmf.so         000014E79C67E565  esmf_finalize            1693  ESMF_Init.F90
mainApp            00000000004173D9  mainapp                   102  mainApp.F90
mainApp            00000000004169CD  Unknown               Unknown  Unknown
libc-2.31.so       000014E7946C029D  __libc_start_main     Unknown  Unknown
mainApp            00000000004168FA  Unknown               Unknown  Unknown
dec2445.hsn.de.hpc.ucar.edu: rank 0 exited with code 174
dec2445.hsn.de.hpc.ucar.edu: rank 2 died from signal 7 and dumped core
