2023-11-12 07:33:41
[1699776279.102967] [h15c23:306189:0]         mxm.c:196  MXM  WARN  The 'ulimit -s' on the system is set to 'unlimited'. This may have negative performance implications. Please set the stack size to the default value (10240) 
[1699776279.107766] [h15c23:306189:0]         mxm.c:196  MXM  WARN  The 'ulimit -s' on the system is set to 'unlimited'. This may have negative performance implications. Please set the stack size to the default value (10240) 
[1699776279.102957] [h15c23:306187:0]         mxm.c:196  MXM  WARN  The 'ulimit -s' on the system is set to 'unlimited'. This may have negative performance implications. Please set the stack size to the default value (10240) 
[1699776279.107923] [h15c23:306187:0]         mxm.c:196  MXM  WARN  The 'ulimit -s' on the system is set to 'unlimited'. This may have negative performance implications. Please set the stack size to the default value (10240) 
[1699776279.109821] [h15c23:306186:0]         mxm.c:196  MXM  WARN  The 'ulimit -s' on the system is set to 'unlimited'. This may have negative performance implications. Please set the stack size to the default value (10240) 
[1699776279.114627] [h15c23:306186:0]         mxm.c:196  MXM  WARN  The 'ulimit -s' on the system is set to 'unlimited'. This may have negative performance implications. Please set the stack size to the default value (10240) 
[1699776279.109791] [h15c23:306188:0]         mxm.c:196  MXM  WARN  The 'ulimit -s' on the system is set to 'unlimited'. This may have negative performance implications. Please set the stack size to the default value (10240) 
[1699776279.114569] [h15c23:306188:0]         mxm.c:196  MXM  WARN  The 'ulimit -s' on the system is set to 'unlimited'. This may have negative performance implications. Please set the stack size to the default value (10240) 
 NUOPC_DriverPrint for PET:           0
   Model, Mediator, and Driver components, in the order
   that they were added to the Driver:
           1 :  ATM
           2 :  OCN
   Connector components, in the order
   that they were added to the Driver:
           1 :  OCN-TO-ATM
           2 :  ATM-TO-OCN
NUOPC_RunSequenceArrayPrint: element     1 out of      2
runSeq::
 runElementPrint:      2     1     1 F T
 runElementPrint:     -2     0     0 F T
 runElementPrint:      1     2     1 F T
 runElementPrint:      2    -1     3 F T
 runElementPrint:     -1    -1     0 F F
::
NUOPC_RunSequenceArrayPrint: element     2 out of      2
runSeq::
 runElementPrint:      1    -1     2 F T
 runElementPrint:      1     2     1 F T
 runElementPrint:      2    -1     2 F T
 runElementPrint:      2     1     1 F T
 runElementPrint:      1    -1     3 F T
 runElementPrint:     -2    -1     0 F F
::
 NUOPC_DriverPrint for PET:           1
   Model, Mediator, and Driver components, in the order
   that they were added to the Driver:
           1 :  ATM
           2 :  OCN
   Connector components, in the order
   that they were added to the Driver:
           1 :  OCN-TO-ATM
           2 :  ATM-TO-OCN
NUOPC_RunSequenceArrayPrint: element     1 out of      2
runSeq::
 runElementPrint:      2     1     1 F T
 runElementPrint:     -2     0     0 F T
 runElementPrint:      1     2     1 F T
 runElementPrint:      2    -1     3 F T
 runElementPrint:     -1    -1     0 F F
::
NUOPC_RunSequenceArrayPrint: element     2 out of      2
runSeq::
 runElementPrint:      1    -1     2 F T
 runElementPrint:      1     2     1 F T
 runElementPrint:      2    -1     2 F T
 runElementPrint:      2     1     1 F T
 runElementPrint:      1    -1     3 F T
 runElementPrint:     -2    -1     0 F F
::
 NUOPC_DriverPrint for PET:           2
   Model, Mediator, and Driver components, in the order
   that they were added to the Driver:
           1 :  ATM
           2 :  OCN
   Connector components, in the order
   that they were added to the Driver:
           1 :  OCN-TO-ATM
           2 :  ATM-TO-OCN
NUOPC_RunSequenceArrayPrint: element     1 out of      2
runSeq::
 runElementPrint:      2     1     1 F T
 runElementPrint:     -2     0     0 F T
 runElementPrint:      1     2     1 F T
 runElementPrint:      2    -1     3 F T
 runElementPrint:     -1    -1     0 F F
::
NUOPC_RunSequenceArrayPrint: element     2 out of      2
runSeq::
 runElementPrint:      1    -1     2 F T
 runElementPrint:      1     2     1 F T
 runElementPrint:      2    -1     2 F T
 runElementPrint:      2     1     1 F T
 runElementPrint:      1    -1     3 F T
 runElementPrint:     -2    -1     0 F F
::
 NUOPC_DriverPrint for PET:           3
   Model, Mediator, and Driver components, in the order
   that they were added to the Driver:
           1 :  ATM
           2 :  OCN
   Connector components, in the order
   that they were added to the Driver:
           1 :  OCN-TO-ATM
           2 :  ATM-TO-OCN
NUOPC_RunSequenceArrayPrint: element     1 out of      2
runSeq::
 runElementPrint:      2     1     1 F T
 runElementPrint:     -2     0     0 F T
 runElementPrint:      1     2     1 F T
 runElementPrint:      2    -1     3 F T
 runElementPrint:     -1    -1     0 F F
::
NUOPC_RunSequenceArrayPrint: element     2 out of      2
runSeq::
 runElementPrint:      1    -1     2 F T
 runElementPrint:      1     2     1 F T
 runElementPrint:      2    -1     2 F T
 runElementPrint:      2     1     1 F T
 runElementPrint:      1    -1     3 F T
 runElementPrint:     -2    -1     0 F F
::
