2023-11-10 07:31:28
[1699603303.608398] [h21c47:68810:0]         mxm.c:196  MXM  WARN  The 'ulimit -s' on the system is set to 'unlimited'. This may have negative performance implications. Please set the stack size to the default value (10240) 
[1699603303.613225] [h21c47:68810:0]         mxm.c:196  MXM  WARN  The 'ulimit -s' on the system is set to 'unlimited'. This may have negative performance implications. Please set the stack size to the default value (10240) 
[1699603303.608417] [h21c47:68808:0]         mxm.c:196  MXM  WARN  The 'ulimit -s' on the system is set to 'unlimited'. This may have negative performance implications. Please set the stack size to the default value (10240) 
[1699603303.613284] [h21c47:68808:0]         mxm.c:196  MXM  WARN  The 'ulimit -s' on the system is set to 'unlimited'. This may have negative performance implications. Please set the stack size to the default value (10240) 
[1699603303.590727] [h21c47:68809:0]         mxm.c:196  MXM  WARN  The 'ulimit -s' on the system is set to 'unlimited'. This may have negative performance implications. Please set the stack size to the default value (10240) 
[1699603303.595480] [h21c47:68809:0]         mxm.c:196  MXM  WARN  The 'ulimit -s' on the system is set to 'unlimited'. This may have negative performance implications. Please set the stack size to the default value (10240) 
[1699603303.601484] [h21c47:68807:0]         mxm.c:196  MXM  WARN  The 'ulimit -s' on the system is set to 'unlimited'. This may have negative performance implications. Please set the stack size to the default value (10240) 
[1699603303.606292] [h21c47:68807:0]         mxm.c:196  MXM  WARN  The 'ulimit -s' on the system is set to 'unlimited'. This may have negative performance implications. Please set the stack size to the default value (10240) 
 -- start FreeFormatPrint(attrFF) of read in attributes --------
 -- start FreeFormatPrint(attrFF) of read in attributes --------
  Verbosity = 4609
  Profiling = 4096
 ---- end FreeFormatPrint(attrFF) of read in attributes --------
  Verbosity = 4609
  Profiling = 4096
 ---- end FreeFormatPrint(attrFF) of read in attributes --------
 -- start FreeFormatPrint(attrFF) of read in attributes --------
  Verbosity = 4609
  Profiling = 4096
 ---- end FreeFormatPrint(attrFF) of read in attributes --------
 -- start FreeFormatPrint(attrFF) of read in attributes --------
  Verbosity = 4609
  Profiling = 4096
 ---- end FreeFormatPrint(attrFF) of read in attributes --------
 -- start FreeFormatPrint(attrFF) of egested attributes --------
 CompLabel = _uninitialized
 Diagnostic = 0
 FinalizePhaseMap = FinalizePhase1=1 ExternalFinalizeReset=2
 HierarchyProtocol = ConnectProvidedFields
 IPDvX = false
 InitializeDataComplete = false
 InitializeDataProgress = false
 InitializeDataResolution = true
 InitializePhaseMap = IPDv02p1=2 IPDv02p3=3 IPDv02p5=4 ExternalAdvertise=5 ExternalRealize=6 ExternalDataInitialize=7
 InternalFinalizePhaseMap
 InternalInitializePhaseMap = IPDv05p1=8 IPDv05p2=9 IPDv05p3=10 IPDv05p4=11 IPDv05p6=12 IPDv05p8=13
 InternalRunPhaseMap
 Kind = Driver
 NestingGeneration =            0
 Nestling =            0
 Profiling = 4096
 RunPhaseMap = RunPhase1=1
 Verbosity = 4609
 ---- end FreeFormatPrint(attrFF) of egested attributes --------
 -- start FreeFormatPrint(attrFF) of egested attributes --------
 CompLabel = _uninitialized
 Diagnostic = 0
 FinalizePhaseMap = FinalizePhase1=1 ExternalFinalizeReset=2
 HierarchyProtocol = ConnectProvidedFields
 IPDvX = false
 InitializeDataComplete = false
 InitializeDataProgress = false
 InitializeDataResolution = true
 InitializePhaseMap = IPDv02p1=2 IPDv02p3=3 IPDv02p5=4 ExternalAdvertise=5 ExternalRealize=6 ExternalDataInitialize=7
 InternalFinalizePhaseMap
 InternalInitializePhaseMap = IPDv05p1=8 IPDv05p2=9 IPDv05p3=10 IPDv05p4=11 IPDv05p6=12 IPDv05p8=13
 InternalRunPhaseMap
 Kind = Driver
 -- start FreeFormatPrint(attrFF) of egested attributes --------
 CompLabel = _uninitialized
 Diagnostic = 0
 FinalizePhaseMap = FinalizePhase1=1 ExternalFinalizeReset=2
 HierarchyProtocol = ConnectProvidedFields
 IPDvX = false
 InitializeDataComplete = false
 InitializeDataProgress = false
 InitializeDataResolution = true
 InitializePhaseMap = IPDv02p1=2 IPDv02p3=3 IPDv02p5=4 ExternalAdvertise=5 ExternalRealize=6 ExternalDataInitialize=7
 NestingGeneration =            0
 Nestling =            0
 Profiling = 4096
 RunPhaseMap = RunPhase1=1
 Verbosity = 4609
 ---- end FreeFormatPrint(attrFF) of egested attributes --------
 InternalFinalizePhaseMap
 InternalInitializePhaseMap = IPDv05p1=8 IPDv05p2=9 IPDv05p3=10 IPDv05p4=11 IPDv05p6=12 IPDv05p8=13
 InternalRunPhaseMap
 Kind = Driver
 NestingGeneration =            0
 Nestling =            0
 Profiling = 4096
 RunPhaseMap = RunPhase1=1
 Verbosity = 4609
 ---- end FreeFormatPrint(attrFF) of egested attributes --------
 -- start FreeFormatPrint(attrFF) of egested attributes --------
 CompLabel = _uninitialized
 Diagnostic = 0
 FinalizePhaseMap = FinalizePhase1=1 ExternalFinalizeReset=2
 HierarchyProtocol = ConnectProvidedFields
 IPDvX = false
 InitializeDataComplete = false
 InitializeDataProgress = false
 InitializeDataResolution = true
 InitializePhaseMap = IPDv02p1=2 IPDv02p3=3 IPDv02p5=4 ExternalAdvertise=5 ExternalRealize=6 ExternalDataInitialize=7
 InternalFinalizePhaseMap
 InternalInitializePhaseMap = IPDv05p1=8 IPDv05p2=9 IPDv05p3=10 IPDv05p4=11 IPDv05p6=12 IPDv05p8=13
 InternalRunPhaseMap
 Kind = Driver
 NestingGeneration =            0
 Nestling =            0
 Profiling = 4096
 RunPhaseMap = RunPhase1=1
 Verbosity = 4609
 ---- end FreeFormatPrint(attrFF) of egested attributes --------
 NUOPC_DriverPrint for PET:           0
   Model, Mediator, and Driver components, in the order
   that they were added to the Driver:
           1 :  ATM
           2 :  OCN
           3 :  LND
   Connector components, in the order
   that they were added to the Driver:
           1 :  ATM-TO-OCN
           2 :  OCN-TO-ATM
           3 :  ATM-TO-LND
           4 :  LND-TO-ATM
NUOPC_RunSequenceArrayPrint: element     1 out of      4
runSeq::
 runElementPrint:      1     2     1 F T
 runElementPrint:      2     1     1 F T
 runElementPrint:      1     3     1 F T
 runElementPrint:      3     1     1 F T
 runElementPrint:      1    -1     1 F T
 runElementPrint:     -2     0     0 F T
 runElementPrint:     -1    -1     0 F F
::
NUOPC_RunSequenceArrayPrint: element     2 out of      4
runSeq::
 runElementPrint:      2    -1     1 F T
 runElementPrint:     -3     0     0 F T
 runElementPrint:      3    -1     1 F T
 runElementPrint:     -2    -1     0 F F
::
NUOPC_RunSequenceArrayPrint: element     3 out of      4
runSeq::
 runElementPrint:     -4     0     0 F T
 runElementPrint:     -3    -1     0 F F
::
NUOPC_RunSequenceArrayPrint: element     4 out of      4
runSeq::
 runElementPrint:      3     1     1 T T
 runElementPrint:     -4    -1     0 T F
::
 NUOPC_DriverPrint for PET:           1
   Model, Mediator, and Driver components, in the order
   that they were added to the Driver:
           1 :  ATM
           2 :  OCN
           3 :  LND
   Connector components, in the order
   that they were added to the Driver:
           1 :  ATM-TO-OCN
           2 :  OCN-TO-ATM
           3 :  ATM-TO-LND
           4 :  LND-TO-ATM
NUOPC_RunSequenceArrayPrint: element     1 out of      4
runSeq::
 runElementPrint:      1     2     1 F T
 runElementPrint:      2     1     1 F T
 runElementPrint:      1     3     1 F T
 runElementPrint:      3     1     1 F T
 runElementPrint:      1    -1     1 F T
 runElementPrint:     -2     0     0 F T
 runElementPrint:     -1    -1     0 F F
::
NUOPC_RunSequenceArrayPrint: element     2 out of      4
runSeq::
 runElementPrint:      2    -1     1 F T
 runElementPrint:     -3     0     0 F T
 runElementPrint:      3    -1     1 F T
 runElementPrint:     -2    -1     0 F F
::
NUOPC_RunSequenceArrayPrint: element     3 out of      4
runSeq::
 runElementPrint:     -4     0     0 F T
 runElementPrint:     -3    -1     0 F F
::
NUOPC_RunSequenceArrayPrint: element     4 out of      4
runSeq::
 runElementPrint:      3     1     1 T T
 runElementPrint:     -4    -1     0 T F
::
 NUOPC_DriverPrint for PET:           2
   Model, Mediator, and Driver components, in the order
   that they were added to the Driver:
           1 :  ATM
           2 :  OCN
           3 :  LND
   Connector components, in the order
   that they were added to the Driver:
           1 :  ATM-TO-OCN
           2 :  OCN-TO-ATM
           3 :  ATM-TO-LND
           4 :  LND-TO-ATM
NUOPC_RunSequenceArrayPrint: element     1 out of      4
runSeq::
 runElementPrint:      1     2     1 F T
 runElementPrint:      2     1     1 F T
 runElementPrint:      1     3     1 F T
 runElementPrint:      3     1     1 F T
 runElementPrint:      1    -1     1 F T
 runElementPrint:     -2     0     0 F T
 runElementPrint:     -1    -1     0 F F
::
NUOPC_RunSequenceArrayPrint: element     2 out of      4
runSeq::
 runElementPrint:      2    -1     1 F T
 runElementPrint:     -3     0     0 F T
 runElementPrint:      3    -1     1 F T
 runElementPrint:     -2    -1     0 F F
::
NUOPC_RunSequenceArrayPrint: element     3 out of      4
runSeq::
 runElementPrint:     -4     0     0 F T
 runElementPrint:     -3    -1     0 F F
::
NUOPC_RunSequenceArrayPrint: element     4 out of      4
runSeq::
 runElementPrint:      3     1     1 T T
 runElementPrint:     -4    -1     0 T F
::
 NUOPC_DriverPrint for PET:           3
   Model, Mediator, and Driver components, in the order
   that they were added to the Driver:
           1 :  ATM
           2 :  OCN
           3 :  LND
   Connector components, in the order
   that they were added to the Driver:
           1 :  ATM-TO-OCN
           2 :  OCN-TO-ATM
           3 :  ATM-TO-LND
           4 :  LND-TO-ATM
NUOPC_RunSequenceArrayPrint: element     1 out of      4
runSeq::
 runElementPrint:      1     2     1 F T
 runElementPrint:      2     1     1 F T
 runElementPrint:      1     3     1 F T
 runElementPrint:      3     1     1 F T
 runElementPrint:      1    -1     1 F T
 runElementPrint:     -2     0     0 F T
 runElementPrint:     -1    -1     0 F F
::
NUOPC_RunSequenceArrayPrint: element     2 out of      4
runSeq::
 runElementPrint:      2    -1     1 F T
 runElementPrint:     -3     0     0 F T
 runElementPrint:      3    -1     1 F T
 runElementPrint:     -2    -1     0 F F
::
NUOPC_RunSequenceArrayPrint: element     3 out of      4
runSeq::
 runElementPrint:     -4     0     0 F T
 runElementPrint:     -3    -1     0 F F
::
NUOPC_RunSequenceArrayPrint: element     4 out of      4
runSeq::
 runElementPrint:      3     1     1 T T
 runElementPrint:     -4    -1     0 T F
::
