2023-10-18 04:02:38
20231018 052255.605 INFO             PET0 !!!!!!!!!!!!!!!!!!!!!!!!!!!!!!!!!!!!!!!!!!!!!!!!!!!!!!
20231018 052255.605 INFO             PET0 !!! THE ESMF_LOG IS SET TO OUTPUT ALL LOG MESSAGES !!!
20231018 052255.605 INFO             PET0 !!!     THIS MAY CAUSE SLOWDOWN IN PERFORMANCE     !!!
20231018 052255.605 INFO             PET0 !!! FOR PRODUCTION RUNS, USE:                      !!!
20231018 052255.605 INFO             PET0 !!!                   ESMF_LOGKIND_Multi_On_Error  !!!
20231018 052255.605 INFO             PET0 !!!!!!!!!!!!!!!!!!!!!!!!!!!!!!!!!!!!!!!!!!!!!!!!!!!!!!
20231018 052255.605 INFO             PET0 Running with ESMF Version   : v8.6.0b09-20-g8d1ee58df9
20231018 052255.605 INFO             PET0 ESMF library build date/time: "Oct 18 2023" "03:56:00"
20231018 052255.605 INFO             PET0 ESMF library build location : /glade/scratch/theurich/ESMF-Nightly-Testing/intel_18.0.5_openmpi_g_feature_devList/esmf
20231018 052255.605 INFO             PET0 ESMF_COMM                   : openmpi
20231018 052255.605 INFO             PET0 ESMF_MOAB                   : enabled
20231018 052255.605 INFO             PET0 ESMF_LAPACK                 : enabled
20231018 052255.605 INFO             PET0 ESMF_NETCDF                 : enabled
20231018 052255.605 INFO             PET0 ESMF_PNETCDF                : disabled
20231018 052255.605 INFO             PET0 ESMF_PIO                    : enabled
20231018 052255.605 INFO             PET0 ESMF_YAMLCPP                : enabled
20231018 052255.605 INFO             PET0 esmApp STARTING
20231018 052255.612 INFO             PET0 esm: InitializeGeneric intro.
20231018 052255.612 INFO             PET0   esm: InitializeP0 intro.
20231018 052255.612 INFO             PET0   esm: InitializeP0 extro.
20231018 052255.612 INFO             PET0   esm: InitializeIPDv02p1 intro.
20231018 052255.612 INFO             PET0     >>>esm: entered Initialize (phase=<none>) without valid internal Clock.
20231018 052255.614 INFO             PET0     esm - Creating model component ATM without petList.
20231018 052255.619 INFO             PET0     esm - Creating model component OCN without petList.
20231018 052255.622 INFO             PET0     esm - Creating connector component ATM-TO-OCN without petList.
20231018 052255.630 INFO             PET0     esm - Creating connector component OCN-TO-ATM without petList.
20231018 052255.639 INFO             PET0     esm - Creating state: modelComp 1 Import State
20231018 052255.639 INFO             PET0     esm - Creating state: modelComp 1 Export State
20231018 052255.640 INFO             PET0     esm - Creating state: modelComp 2 Import State
20231018 052255.640 INFO             PET0     esm - Creating state: modelComp 2 Export State
20231018 052255.641 INFO             PET0     ATM: InitializeP0 intro.
20231018 052255.643 INFO             PET0     ATM: InitializeP0 extro.
20231018 052255.643 INFO             PET0     OCN: InitializeP0 intro.
20231018 052255.645 INFO             PET0     OCN: InitializeP0 extro.
20231018 052255.647 INFO             PET0     ATM-TO-OCN: InitializeP0 intro.
20231018 052255.648 INFO             PET0     ATM-TO-OCN: InitializeP0 extro.
20231018 052255.649 INFO             PET0     OCN-TO-ATM: InitializeP0 intro.
20231018 052255.649 INFO             PET0     OCN-TO-ATM: InitializeP0 extro.
20231018 052255.652 INFO             PET0     esm: IInitAdvertise intro.
20231018 052255.652 INFO             PET0     esm: IInitAdvertise extro.
20231018 052255.652 INFO             PET0     ATM: InitializeIPDvXp01 intro.
20231018 052255.655 INFO             PET0     ATM: InitializeIPDvXp01 extro.
20231018 052255.655 INFO             PET0     OCN: InitializeIPDvXp01 intro.
20231018 052255.658 INFO             PET0     OCN: InitializeIPDvXp01 extro.
20231018 052255.664 INFO             PET0     ATM-TO-OCN: InitializeIPDv05p1 intro.
20231018 052255.673 INFO             PET0     ATM-TO-OCN: InitializeIPDv05p1 extro.
20231018 052255.673 INFO             PET0     OCN-TO-ATM: InitializeIPDv05p1 intro.
20231018 052255.677 INFO             PET0     OCN-TO-ATM: InitializeIPDv05p1 extro.
20231018 052255.678 INFO             PET0     esm: IInitAdvertiseFinish intro.
20231018 052255.678 INFO             PET0     esm: IInitAdvertiseFinish extro.
20231018 052255.678 INFO             PET0     ATM-TO-OCN: InitializeIPDv05p2a intro.
20231018 052255.684 INFO             PET0     ATM-TO-OCN: InitializeIPDv05p2a extro.
20231018 052255.684 INFO             PET0     OCN-TO-ATM: InitializeIPDv05p2a intro.
20231018 052255.688 INFO             PET0     OCN-TO-ATM: InitializeIPDv05p2a extro.
20231018 052255.689 INFO             PET0     ATM-TO-OCN: InitializeIPDv05p2b intro.
20231018 052255.694 INFO             PET0     ATM-TO-OCN: InitializeIPDv05p2b extro.
20231018 052255.696 INFO             PET0     OCN-TO-ATM: InitializeIPDv05p2b intro.
20231018 052255.701 INFO             PET0     OCN-TO-ATM: InitializeIPDv05p2b extro.
20231018 052255.702 INFO             PET0     esm: IInitModifyCplLists intro.
20231018 052255.702 INFO             PET0     esm: IInitModifyCplLists extro.
20231018 052255.702 INFO             PET0     ATM-TO-OCN: InitializeIPDv05p3 intro.
20231018 052255.708 INFO             PET0     ATM-TO-OCN: InitializeIPDv05p3 extro.
20231018 052255.708 INFO             PET0     OCN-TO-ATM: InitializeIPDv05p3 intro.
20231018 052255.714 INFO             PET0     OCN-TO-ATM: InitializeIPDv05p3 extro.
20231018 052255.714 INFO             PET0     <<<esm: leaving Initialize (phase=<none>) with current time: 2010  6  1  0  0  0   0
20231018 052255.714 INFO             PET0   esm: InitializeIPDv02p1 extro.
20231018 052255.714 INFO             PET0   esm: InitializeIPDv02p3 intro.
20231018 052255.714 INFO             PET0     >>>esm: entered Initialize (phase=<none>) with current time: 2010  6  1  0  0  0   0
20231018 052255.714 INFO             PET0     esm: IInitCheck intro.
20231018 052255.714 INFO             PET0     esm: IInitCheck extro.
20231018 052255.715 INFO             PET0     atmA: InitializeIPDvXp04 intro.
20231018 052255.721 INFO             PET0     atmA: InitializeIPDvXp04 extro.
20231018 052255.722 INFO             PET0     ocnA: InitializeIPDvXp04 intro.
20231018 052255.728 INFO             PET0     ocnA: InitializeIPDvXp04 extro.
20231018 052255.730 INFO             PET0     ATM-TO-OCN: InitializeIPDv05p4 intro.
20231018 052255.741 INFO             PET0     ATM-TO-OCN: InitializeIPDv05p4 extro.
20231018 052255.742 INFO             PET0     OCN-TO-ATM: InitializeIPDv05p4 intro.
20231018 052255.748 INFO             PET0     OCN-TO-ATM: InitializeIPDv05p4 extro.
20231018 052255.748 INFO             PET0     ATM-TO-OCN: InitializeIPDv05p5 intro.
20231018 052255.756 INFO             PET0     ATM-TO-OCN: InitializeIPDv05p5 extro.
20231018 052255.756 INFO             PET0     OCN-TO-ATM: InitializeIPDv05p5 intro.
20231018 052255.762 INFO             PET0     OCN-TO-ATM: InitializeIPDv05p5 extro.
20231018 052255.763 INFO             PET0     esm: IInitRealize intro.
20231018 052255.763 INFO             PET0     esm: IInitRealize extro.
20231018 052255.763 INFO             PET0     ATM-TO-OCN: InitializeIPDv05p6a intro.
20231018 052255.771 INFO             PET0     ATM-TO-OCN: InitializeIPDv05p6a extro.
20231018 052255.771 INFO             PET0     OCN-TO-ATM: InitializeIPDv05p6a intro.
20231018 052255.776 INFO             PET0     OCN-TO-ATM: InitializeIPDv05p6a extro.
20231018 052255.777 INFO             PET0     ATM-TO-OCN: InitializeIPDv05p6b intro.
20231018 052255.850 INFO             PET0     ATM-TO-OCN: InitializeIPDv05p6b extro.
20231018 052255.850 INFO             PET0     OCN-TO-ATM: InitializeIPDv05p6b intro.
20231018 052255.917 INFO             PET0     OCN-TO-ATM: InitializeIPDv05p6b extro.
20231018 052255.918 INFO             PET0     atmA: InitializeIPDvXp07 intro.
20231018 052255.918 INFO             PET0     atmA: InitializeIPDvXp07 extro.
20231018 052255.918 INFO             PET0     ocnA: InitializeIPDvXp07 intro.
20231018 052255.919 INFO             PET0     ocnA: InitializeIPDvXp07 extro.
20231018 052255.919 INFO             PET0     <<<esm: leaving Initialize (phase=<none>) with current time: 2010  6  1  0  0  0   0
20231018 052255.919 INFO             PET0   esm: InitializeIPDv02p3 extro.
20231018 052255.919 INFO             PET0   esm: InitializeIPDv02p5 intro.
20231018 052255.919 INFO             PET0     >>>esm: entered Initialize (phase=<none>) with current time: 2010  6  1  0  0  0   0
20231018 052255.919 INFO             PET0     esm: this is a top level driver, no 'Updated' and 'InitializeDataComplete' info on this level.
20231018 052255.919 INFO             PET0     esm: InitializeIPDv02p5Data intro.
20231018 052255.919 INFO             PET0       esm: InternalInitializeComplete intro.
20231018 052255.919 INFO             PET0         esm: InitializeDataComplete='true'
20231018 052255.920 INFO             PET0       esm: InternalInitializeComplete extro.
20231018 052255.920 INFO             PET0       atmA: InitializeIPDv01p5 intro.
20231018 052255.920 INFO             PET0       atmA: InitializeIPDv01p5 extro.
20231018 052255.920 INFO             PET0       ocnA: InitializeIPDv01p5 intro.
20231018 052255.920 INFO             PET0       ocnA: InitializeIPDv01p5 extro.
20231018 052255.923 INFO             PET0       esm: components present that trigger loopDataDependentInitialize().
20231018 052255.923 INFO             PET0       esm: loopDataDependentInitialize intro.
20231018 052255.923 INFO             PET0         esm: component    0=esm, dataComplete (local): true
20231018 052255.924 INFO             PET0         esm: component    0=esm, dataComplete (global):  T
20231018 052255.924 INFO             PET0         esm: component    1=atmA, dataComplete (local): true
20231018 052255.924 INFO             PET0         esm: component    1=atmA, dataComplete (global):  T
20231018 052255.924 INFO             PET0         esm: component    2=ocnA, dataComplete (local): true
20231018 052255.924 INFO             PET0         esm: component    2=ocnA, dataComplete (global):  T
20231018 052255.924 INFO             PET0         esm: someProgress= F, allComplete= T, present(dataDepAllComplete)= T
20231018 052255.924 INFO             PET0         esm: finished resolving initialize data dependencies on this level.
20231018 052255.924 INFO             PET0       esm: loopDataDependentInitialize extro.
20231018 052255.924 INFO             PET0       esm: loopDataDependentInitialize() returned with dataDepAllComplete:  T
20231018 052255.924 INFO             PET0     esm: InitializeIPDv02p5Data extro.
20231018 052255.924 INFO             PET0     <<<esm: leaving Initialize (phase=<none>) with current time: 2010  6  1  0  0  0   0
20231018 052255.924 INFO             PET0   esm: InitializeIPDv02p5 extro.
20231018 052255.924 INFO             PET0 esm: InitializeGeneric extro.
20231018 052255.924 INFO             PET0 esm: Run intro.
20231018 052255.924 INFO             PET0   >>>esm entered Run (phase=RunPhase1) with current time: 2010  6  1  0  0  0   0
20231018 052255.924 INFO             PET0   esm: after lable_SetRunClock, current time: 2010  6  1  0  0  0   0
20231018 052255.925 INFO             PET0   esm: begin -------> RunSequence.
20231018 052255.925 INFO             PET0     esm: RunSequence event loopLevel=   1  levelMember=   1  loopIteration=   1, current time: 2010  6  1  0  0  0   0
20231018 052255.925 INFO             PET0     ATM-TO-OCN: Run intro.
20231018 052255.925 INFO             PET0     ATM-TO-OCN: Run extro.
20231018 052255.926 INFO             PET0     OCN-TO-ATM: Run intro.
20231018 052255.926 INFO             PET0     OCN-TO-ATM: Run extro.
20231018 052255.926 INFO             PET0     atmA: Run intro.
20231018 052255.926 INFO             PET0       ------>Advancing ATM from: 2010  6  1  0  0  0   0
20231018 052255.926 INFO             PET0       ---------------------> to: 2010  6  1  0 15  0   0
20231018 052255.926 INFO             PET0     atmA: Run extro.
20231018 052255.927 INFO             PET0     ocnA: Run intro.
20231018 052255.927 INFO             PET0       ------>Advancing OCN from: 2010  6  1  0  0  0   0
20231018 052255.927 INFO             PET0       ---------------------> to: 2010  6  1  0  5  0   0
20231018 052255.927 INFO             PET0       ------>Advancing OCN from: 2010  6  1  0  5  0   0
20231018 052255.927 INFO             PET0       ---------------------> to: 2010  6  1  0 10  0   0
20231018 052255.927 INFO             PET0       ------>Advancing OCN from: 2010  6  1  0 10  0   0
20231018 052255.927 INFO             PET0       ---------------------> to: 2010  6  1  0 15  0   0
20231018 052255.927 INFO             PET0     ocnA: Run extro.
20231018 052255.927 INFO             PET0     esm: RunSequence event loopLevel=   1  levelMember=   1  loopIteration=   2, current time: 2010  6  1  0 15  0   0
20231018 052255.927 INFO             PET0     ATM-TO-OCN: Run intro.
20231018 052255.928 INFO             PET0     ATM-TO-OCN: Run extro.
20231018 052255.928 INFO             PET0     OCN-TO-ATM: Run intro.
20231018 052255.928 INFO             PET0     OCN-TO-ATM: Run extro.
20231018 052255.928 INFO             PET0     atmA: Run intro.
20231018 052255.929 INFO             PET0       ------>Advancing ATM from: 2010  6  1  0 15  0   0
20231018 052255.929 INFO             PET0       ---------------------> to: 2010  6  1  0 30  0   0
20231018 052255.929 INFO             PET0     atmA: Run extro.
20231018 052255.929 INFO             PET0     ocnA: Run intro.
20231018 052255.929 INFO             PET0       ------>Advancing OCN from: 2010  6  1  0 15  0   0
20231018 052255.929 INFO             PET0       ---------------------> to: 2010  6  1  0 20  0   0
20231018 052255.929 INFO             PET0       ------>Advancing OCN from: 2010  6  1  0 20  0   0
20231018 052255.929 INFO             PET0       ---------------------> to: 2010  6  1  0 25  0   0
20231018 052255.929 INFO             PET0       ------>Advancing OCN from: 2010  6  1  0 25  0   0
20231018 052255.929 INFO             PET0       ---------------------> to: 2010  6  1  0 30  0   0
20231018 052255.929 INFO             PET0     ocnA: Run extro.
20231018 052255.929 INFO             PET0     esm: RunSequence event loopLevel=   1  levelMember=   1  loopIteration=   3, current time: 2010  6  1  0 30  0   0
20231018 052255.930 INFO             PET0     ATM-TO-OCN: Run intro.
20231018 052255.930 INFO             PET0     ATM-TO-OCN: Run extro.
20231018 052255.930 INFO             PET0     OCN-TO-ATM: Run intro.
20231018 052255.931 INFO             PET0     OCN-TO-ATM: Run extro.
20231018 052255.931 INFO             PET0     atmA: Run intro.
20231018 052255.931 INFO             PET0       ------>Advancing ATM from: 2010  6  1  0 30  0   0
20231018 052255.931 INFO             PET0       ---------------------> to: 2010  6  1  0 45  0   0
20231018 052255.931 INFO             PET0     atmA: Run extro.
20231018 052255.931 INFO             PET0     ocnA: Run intro.
20231018 052255.932 INFO             PET0       ------>Advancing OCN from: 2010  6  1  0 30  0   0
20231018 052255.932 INFO             PET0       ---------------------> to: 2010  6  1  0 35  0   0
20231018 052255.932 INFO             PET0       ------>Advancing OCN from: 2010  6  1  0 35  0   0
20231018 052255.932 INFO             PET0       ---------------------> to: 2010  6  1  0 40  0   0
20231018 052255.932 INFO             PET0       ------>Advancing OCN from: 2010  6  1  0 40  0   0
20231018 052255.932 INFO             PET0       ---------------------> to: 2010  6  1  0 45  0   0
20231018 052255.932 INFO             PET0     ocnA: Run extro.
20231018 052255.932 INFO             PET0     esm: RunSequence event loopLevel=   1  levelMember=   1  loopIteration=   4, current time: 2010  6  1  0 45  0   0
20231018 052255.932 INFO             PET0     ATM-TO-OCN: Run intro.
20231018 052255.933 INFO             PET0     ATM-TO-OCN: Run extro.
20231018 052255.933 INFO             PET0     OCN-TO-ATM: Run intro.
20231018 052255.933 INFO             PET0     OCN-TO-ATM: Run extro.
20231018 052255.933 INFO             PET0     atmA: Run intro.
20231018 052255.934 INFO             PET0       ------>Advancing ATM from: 2010  6  1  0 45  0   0
20231018 052255.934 INFO             PET0       ---------------------> to: 2010  6  1  1  0  0   0
20231018 052255.934 INFO             PET0     atmA: Run extro.
20231018 052255.934 INFO             PET0     ocnA: Run intro.
20231018 052255.934 INFO             PET0       ------>Advancing OCN from: 2010  6  1  0 45  0   0
20231018 052255.934 INFO             PET0       ---------------------> to: 2010  6  1  0 50  0   0
20231018 052255.934 INFO             PET0       ------>Advancing OCN from: 2010  6  1  0 50  0   0
20231018 052255.934 INFO             PET0       ---------------------> to: 2010  6  1  0 55  0   0
20231018 052255.934 INFO             PET0       ------>Advancing OCN from: 2010  6  1  0 55  0   0
20231018 052255.934 INFO             PET0       ---------------------> to: 2010  6  1  1  0  0   0
20231018 052255.934 INFO             PET0     ocnA: Run extro.
20231018 052255.935 INFO             PET0   esm: end <--------- RunSequence
20231018 052255.935 INFO             PET0   <<<esm - leaving Run with current time: 2010  6  1  1  0  0   0
20231018 052255.935 INFO             PET0 esm: Run extro.
20231018 052255.935 INFO             PET0 esm: Finalize intro.
20231018 052255.935 INFO             PET0   Calling Finalize phase 1 for connectorComp: ATM-TO-OCN
20231018 052255.935 INFO             PET0   ATM-TO-OCN: Finalize intro.
20231018 052255.935 INFO             PET0   ATM-TO-OCN: Finalize extro.
20231018 052255.935 INFO             PET0   Calling Finalize phase 1 for connectorComp: OCN-TO-ATM
20231018 052255.935 INFO             PET0   OCN-TO-ATM: Finalize intro.
20231018 052255.935 INFO             PET0   OCN-TO-ATM: Finalize extro.
20231018 052255.935 INFO             PET0   Calling Finalize phase 1 for modelComp: atmA
20231018 052255.936 INFO             PET0   atmA: Finalize intro.
20231018 052255.936 INFO             PET0   atmA: Finalize extro.
20231018 052255.936 INFO             PET0   Calling Finalize phase 1 for modelComp: ocnA
20231018 052255.936 INFO             PET0   ocnA: Finalize intro.
20231018 052255.936 INFO             PET0   ocnA: Finalize extro.
20231018 052255.936 INFO             PET0   Delete modelComp: atmA
20231018 052255.936 INFO             PET0   Delete Import-/Export State for modelComp: atmA
20231018 052255.936 INFO             PET0   Delete modelComp: ocnA
20231018 052255.936 INFO             PET0   Delete Import-/Export State for modelComp: ocnA
20231018 052255.936 INFO             PET0   Delete connectorComp: ATM-TO-OCN
20231018 052255.936 INFO             PET0   Delete connectorComp: OCN-TO-ATM
20231018 052255.936 INFO             PET0 esm: Finalize extro.
20231018 052255.936 INFO             PET0 esmApp FINISHED
20231018 052255.936 INFO             PET0  Finalizing ESMF
20231018 052255.605 INFO             PET1 !!!!!!!!!!!!!!!!!!!!!!!!!!!!!!!!!!!!!!!!!!!!!!!!!!!!!!
20231018 052255.605 INFO             PET1 !!! THE ESMF_LOG IS SET TO OUTPUT ALL LOG MESSAGES !!!
20231018 052255.605 INFO             PET1 !!!     THIS MAY CAUSE SLOWDOWN IN PERFORMANCE     !!!
20231018 052255.605 INFO             PET1 !!! FOR PRODUCTION RUNS, USE:                      !!!
20231018 052255.605 INFO             PET1 !!!                   ESMF_LOGKIND_Multi_On_Error  !!!
20231018 052255.605 INFO             PET1 !!!!!!!!!!!!!!!!!!!!!!!!!!!!!!!!!!!!!!!!!!!!!!!!!!!!!!
20231018 052255.605 INFO             PET1 Running with ESMF Version   : v8.6.0b09-20-g8d1ee58df9
20231018 052255.605 INFO             PET1 ESMF library build date/time: "Oct 18 2023" "03:56:00"
20231018 052255.605 INFO             PET1 ESMF library build location : /glade/scratch/theurich/ESMF-Nightly-Testing/intel_18.0.5_openmpi_g_feature_devList/esmf
20231018 052255.605 INFO             PET1 ESMF_COMM                   : openmpi
20231018 052255.605 INFO             PET1 ESMF_MOAB                   : enabled
20231018 052255.605 INFO             PET1 ESMF_LAPACK                 : enabled
20231018 052255.605 INFO             PET1 ESMF_NETCDF                 : enabled
20231018 052255.605 INFO             PET1 ESMF_PNETCDF                : disabled
20231018 052255.605 INFO             PET1 ESMF_PIO                    : enabled
20231018 052255.605 INFO             PET1 ESMF_YAMLCPP                : enabled
20231018 052255.605 INFO             PET1 esmApp STARTING
20231018 052255.612 INFO             PET1 esm: InitializeGeneric intro.
20231018 052255.612 INFO             PET1   esm: InitializeP0 intro.
20231018 052255.612 INFO             PET1   esm: InitializeP0 extro.
20231018 052255.612 INFO             PET1   esm: InitializeIPDv02p1 intro.
20231018 052255.612 INFO             PET1     >>>esm: entered Initialize (phase=<none>) without valid internal Clock.
20231018 052255.614 INFO             PET1     esm - Creating model component ATM without petList.
20231018 052255.619 INFO             PET1     esm - Creating model component OCN without petList.
20231018 052255.622 INFO             PET1     esm - Creating connector component ATM-TO-OCN without petList.
20231018 052255.630 INFO             PET1     esm - Creating connector component OCN-TO-ATM without petList.
20231018 052255.639 INFO             PET1     esm - Creating state: modelComp 1 Import State
20231018 052255.639 INFO             PET1     esm - Creating state: modelComp 1 Export State
20231018 052255.640 INFO             PET1     esm - Creating state: modelComp 2 Import State
20231018 052255.640 INFO             PET1     esm - Creating state: modelComp 2 Export State
20231018 052255.641 INFO             PET1     ATM: InitializeP0 intro.
20231018 052255.643 INFO             PET1     ATM: InitializeP0 extro.
20231018 052255.643 INFO             PET1     OCN: InitializeP0 intro.
20231018 052255.645 INFO             PET1     OCN: InitializeP0 extro.
20231018 052255.651 INFO             PET1     ATM-TO-OCN: InitializeP0 intro.
20231018 052255.652 INFO             PET1     ATM-TO-OCN: InitializeP0 extro.
20231018 052255.653 INFO             PET1     OCN-TO-ATM: InitializeP0 intro.
20231018 052255.654 INFO             PET1     OCN-TO-ATM: InitializeP0 extro.
20231018 052255.656 INFO             PET1     esm: IInitAdvertise intro.
20231018 052255.656 INFO             PET1     esm: IInitAdvertise extro.
20231018 052255.657 INFO             PET1     ATM: InitializeIPDvXp01 intro.
20231018 052255.660 INFO             PET1     ATM: InitializeIPDvXp01 extro.
20231018 052255.660 INFO             PET1     OCN: InitializeIPDvXp01 intro.
20231018 052255.662 INFO             PET1     OCN: InitializeIPDvXp01 extro.
20231018 052255.667 INFO             PET1     ATM-TO-OCN: InitializeIPDv05p1 intro.
20231018 052255.673 INFO             PET1     ATM-TO-OCN: InitializeIPDv05p1 extro.
20231018 052255.673 INFO             PET1     OCN-TO-ATM: InitializeIPDv05p1 intro.
20231018 052255.677 INFO             PET1     OCN-TO-ATM: InitializeIPDv05p1 extro.
20231018 052255.678 INFO             PET1     esm: IInitAdvertiseFinish intro.
20231018 052255.678 INFO             PET1     esm: IInitAdvertiseFinish extro.
20231018 052255.678 INFO             PET1     ATM-TO-OCN: InitializeIPDv05p2a intro.
20231018 052255.684 INFO             PET1     ATM-TO-OCN: InitializeIPDv05p2a extro.
20231018 052255.684 INFO             PET1     OCN-TO-ATM: InitializeIPDv05p2a intro.
20231018 052255.688 INFO             PET1     OCN-TO-ATM: InitializeIPDv05p2a extro.
20231018 052255.689 INFO             PET1     ATM-TO-OCN: InitializeIPDv05p2b intro.
20231018 052255.694 INFO             PET1     ATM-TO-OCN: InitializeIPDv05p2b extro.
20231018 052255.697 INFO             PET1     OCN-TO-ATM: InitializeIPDv05p2b intro.
20231018 052255.701 INFO             PET1     OCN-TO-ATM: InitializeIPDv05p2b extro.
20231018 052255.702 INFO             PET1     esm: IInitModifyCplLists intro.
20231018 052255.702 INFO             PET1     esm: IInitModifyCplLists extro.
20231018 052255.702 INFO             PET1     ATM-TO-OCN: InitializeIPDv05p3 intro.
20231018 052255.708 INFO             PET1     ATM-TO-OCN: InitializeIPDv05p3 extro.
20231018 052255.708 INFO             PET1     OCN-TO-ATM: InitializeIPDv05p3 intro.
20231018 052255.714 INFO             PET1     OCN-TO-ATM: InitializeIPDv05p3 extro.
20231018 052255.714 INFO             PET1     <<<esm: leaving Initialize (phase=<none>) with current time: 2010  6  1  0  0  0   0
20231018 052255.714 INFO             PET1   esm: InitializeIPDv02p1 extro.
20231018 052255.714 INFO             PET1   esm: InitializeIPDv02p3 intro.
20231018 052255.714 INFO             PET1     >>>esm: entered Initialize (phase=<none>) with current time: 2010  6  1  0  0  0   0
20231018 052255.714 INFO             PET1     esm: IInitCheck intro.
20231018 052255.714 INFO             PET1     esm: IInitCheck extro.
20231018 052255.715 INFO             PET1     atmA: InitializeIPDvXp04 intro.
20231018 052255.721 INFO             PET1     atmA: InitializeIPDvXp04 extro.
20231018 052255.722 INFO             PET1     ocnA: InitializeIPDvXp04 intro.
20231018 052255.728 INFO             PET1     ocnA: InitializeIPDvXp04 extro.
20231018 052255.733 INFO             PET1     ATM-TO-OCN: InitializeIPDv05p4 intro.
20231018 052255.741 INFO             PET1     ATM-TO-OCN: InitializeIPDv05p4 extro.
20231018 052255.742 INFO             PET1     OCN-TO-ATM: InitializeIPDv05p4 intro.
20231018 052255.748 INFO             PET1     OCN-TO-ATM: InitializeIPDv05p4 extro.
20231018 052255.748 INFO             PET1     ATM-TO-OCN: InitializeIPDv05p5 intro.
20231018 052255.756 INFO             PET1     ATM-TO-OCN: InitializeIPDv05p5 extro.
20231018 052255.756 INFO             PET1     OCN-TO-ATM: InitializeIPDv05p5 intro.
20231018 052255.762 INFO             PET1     OCN-TO-ATM: InitializeIPDv05p5 extro.
20231018 052255.763 INFO             PET1     esm: IInitRealize intro.
20231018 052255.763 INFO             PET1     esm: IInitRealize extro.
20231018 052255.763 INFO             PET1     ATM-TO-OCN: InitializeIPDv05p6a intro.
20231018 052255.771 INFO             PET1     ATM-TO-OCN: InitializeIPDv05p6a extro.
20231018 052255.771 INFO             PET1     OCN-TO-ATM: InitializeIPDv05p6a intro.
20231018 052255.776 INFO             PET1     OCN-TO-ATM: InitializeIPDv05p6a extro.
20231018 052255.777 INFO             PET1     ATM-TO-OCN: InitializeIPDv05p6b intro.
20231018 052255.850 INFO             PET1     ATM-TO-OCN: InitializeIPDv05p6b extro.
20231018 052255.850 INFO             PET1     OCN-TO-ATM: InitializeIPDv05p6b intro.
20231018 052255.917 INFO             PET1     OCN-TO-ATM: InitializeIPDv05p6b extro.
20231018 052255.918 INFO             PET1     atmA: InitializeIPDvXp07 intro.
20231018 052255.918 INFO             PET1     atmA: InitializeIPDvXp07 extro.
20231018 052255.918 INFO             PET1     ocnA: InitializeIPDvXp07 intro.
20231018 052255.919 INFO             PET1     ocnA: InitializeIPDvXp07 extro.
20231018 052255.919 INFO             PET1     <<<esm: leaving Initialize (phase=<none>) with current time: 2010  6  1  0  0  0   0
20231018 052255.919 INFO             PET1   esm: InitializeIPDv02p3 extro.
20231018 052255.919 INFO             PET1   esm: InitializeIPDv02p5 intro.
20231018 052255.919 INFO             PET1     >>>esm: entered Initialize (phase=<none>) with current time: 2010  6  1  0  0  0   0
20231018 052255.919 INFO             PET1     esm: this is a top level driver, no 'Updated' and 'InitializeDataComplete' info on this level.
20231018 052255.919 INFO             PET1     esm: InitializeIPDv02p5Data intro.
20231018 052255.919 INFO             PET1       esm: InternalInitializeComplete intro.
20231018 052255.920 INFO             PET1         esm: InitializeDataComplete='true'
20231018 052255.920 INFO             PET1       esm: InternalInitializeComplete extro.
20231018 052255.920 INFO             PET1       atmA: InitializeIPDv01p5 intro.
20231018 052255.920 INFO             PET1       atmA: InitializeIPDv01p5 extro.
20231018 052255.920 INFO             PET1       ocnA: InitializeIPDv01p5 intro.
20231018 052255.920 INFO             PET1       ocnA: InitializeIPDv01p5 extro.
20231018 052255.923 INFO             PET1       esm: components present that trigger loopDataDependentInitialize().
20231018 052255.923 INFO             PET1       esm: loopDataDependentInitialize intro.
20231018 052255.923 INFO             PET1         esm: component    0=esm, dataComplete (local): true
20231018 052255.924 INFO             PET1         esm: component    0=esm, dataComplete (global):  T
20231018 052255.924 INFO             PET1         esm: component    1=atmA, dataComplete (local): true
20231018 052255.924 INFO             PET1         esm: component    1=atmA, dataComplete (global):  T
20231018 052255.924 INFO             PET1         esm: component    2=ocnA, dataComplete (local): true
20231018 052255.924 INFO             PET1         esm: component    2=ocnA, dataComplete (global):  T
20231018 052255.924 INFO             PET1         esm: someProgress= F, allComplete= T, present(dataDepAllComplete)= T
20231018 052255.924 INFO             PET1         esm: finished resolving initialize data dependencies on this level.
20231018 052255.924 INFO             PET1       esm: loopDataDependentInitialize extro.
20231018 052255.924 INFO             PET1       esm: loopDataDependentInitialize() returned with dataDepAllComplete:  T
20231018 052255.924 INFO             PET1     esm: InitializeIPDv02p5Data extro.
20231018 052255.924 INFO             PET1     <<<esm: leaving Initialize (phase=<none>) with current time: 2010  6  1  0  0  0   0
20231018 052255.924 INFO             PET1   esm: InitializeIPDv02p5 extro.
20231018 052255.924 INFO             PET1 esm: InitializeGeneric extro.
20231018 052255.924 INFO             PET1 esm: Run intro.
20231018 052255.924 INFO             PET1   >>>esm entered Run (phase=RunPhase1) with current time: 2010  6  1  0  0  0   0
20231018 052255.924 INFO             PET1   esm: after lable_SetRunClock, current time: 2010  6  1  0  0  0   0
20231018 052255.925 INFO             PET1   esm: begin -------> RunSequence.
20231018 052255.925 INFO             PET1     esm: RunSequence event loopLevel=   1  levelMember=   1  loopIteration=   1, current time: 2010  6  1  0  0  0   0
20231018 052255.925 INFO             PET1     ATM-TO-OCN: Run intro.
20231018 052255.925 INFO             PET1     ATM-TO-OCN: Run extro.
20231018 052255.926 INFO             PET1     OCN-TO-ATM: Run intro.
20231018 052255.926 INFO             PET1     OCN-TO-ATM: Run extro.
20231018 052255.926 INFO             PET1     atmA: Run intro.
20231018 052255.926 INFO             PET1       ------>Advancing ATM from: 2010  6  1  0  0  0   0
20231018 052255.926 INFO             PET1       ---------------------> to: 2010  6  1  0 15  0   0
20231018 052255.926 INFO             PET1     atmA: Run extro.
20231018 052255.927 INFO             PET1     ocnA: Run intro.
20231018 052255.927 INFO             PET1       ------>Advancing OCN from: 2010  6  1  0  0  0   0
20231018 052255.927 INFO             PET1       ---------------------> to: 2010  6  1  0  5  0   0
20231018 052255.927 INFO             PET1       ------>Advancing OCN from: 2010  6  1  0  5  0   0
20231018 052255.927 INFO             PET1       ---------------------> to: 2010  6  1  0 10  0   0
20231018 052255.927 INFO             PET1       ------>Advancing OCN from: 2010  6  1  0 10  0   0
20231018 052255.927 INFO             PET1       ---------------------> to: 2010  6  1  0 15  0   0
20231018 052255.927 INFO             PET1     ocnA: Run extro.
20231018 052255.927 INFO             PET1     esm: RunSequence event loopLevel=   1  levelMember=   1  loopIteration=   2, current time: 2010  6  1  0 15  0   0
20231018 052255.927 INFO             PET1     ATM-TO-OCN: Run intro.
20231018 052255.928 INFO             PET1     ATM-TO-OCN: Run extro.
20231018 052255.928 INFO             PET1     OCN-TO-ATM: Run intro.
20231018 052255.928 INFO             PET1     OCN-TO-ATM: Run extro.
20231018 052255.929 INFO             PET1     atmA: Run intro.
20231018 052255.929 INFO             PET1       ------>Advancing ATM from: 2010  6  1  0 15  0   0
20231018 052255.929 INFO             PET1       ---------------------> to: 2010  6  1  0 30  0   0
20231018 052255.929 INFO             PET1     atmA: Run extro.
20231018 052255.929 INFO             PET1     ocnA: Run intro.
20231018 052255.929 INFO             PET1       ------>Advancing OCN from: 2010  6  1  0 15  0   0
20231018 052255.930 INFO             PET1       ---------------------> to: 2010  6  1  0 20  0   0
20231018 052255.930 INFO             PET1       ------>Advancing OCN from: 2010  6  1  0 20  0   0
20231018 052255.930 INFO             PET1       ---------------------> to: 2010  6  1  0 25  0   0
20231018 052255.930 INFO             PET1       ------>Advancing OCN from: 2010  6  1  0 25  0   0
20231018 052255.930 INFO             PET1       ---------------------> to: 2010  6  1  0 30  0   0
20231018 052255.930 INFO             PET1     ocnA: Run extro.
20231018 052255.930 INFO             PET1     esm: RunSequence event loopLevel=   1  levelMember=   1  loopIteration=   3, current time: 2010  6  1  0 30  0   0
20231018 052255.930 INFO             PET1     ATM-TO-OCN: Run intro.
20231018 052255.930 INFO             PET1     ATM-TO-OCN: Run extro.
20231018 052255.930 INFO             PET1     OCN-TO-ATM: Run intro.
20231018 052255.931 INFO             PET1     OCN-TO-ATM: Run extro.
20231018 052255.931 INFO             PET1     atmA: Run intro.
20231018 052255.931 INFO             PET1       ------>Advancing ATM from: 2010  6  1  0 30  0   0
20231018 052255.931 INFO             PET1       ---------------------> to: 2010  6  1  0 45  0   0
20231018 052255.931 INFO             PET1     atmA: Run extro.
20231018 052255.932 INFO             PET1     ocnA: Run intro.
20231018 052255.932 INFO             PET1       ------>Advancing OCN from: 2010  6  1  0 30  0   0
20231018 052255.932 INFO             PET1       ---------------------> to: 2010  6  1  0 35  0   0
20231018 052255.932 INFO             PET1       ------>Advancing OCN from: 2010  6  1  0 35  0   0
20231018 052255.932 INFO             PET1       ---------------------> to: 2010  6  1  0 40  0   0
20231018 052255.932 INFO             PET1       ------>Advancing OCN from: 2010  6  1  0 40  0   0
20231018 052255.932 INFO             PET1       ---------------------> to: 2010  6  1  0 45  0   0
20231018 052255.932 INFO             PET1     ocnA: Run extro.
20231018 052255.932 INFO             PET1     esm: RunSequence event loopLevel=   1  levelMember=   1  loopIteration=   4, current time: 2010  6  1  0 45  0   0
20231018 052255.932 INFO             PET1     ATM-TO-OCN: Run intro.
20231018 052255.933 INFO             PET1     ATM-TO-OCN: Run extro.
20231018 052255.933 INFO             PET1     OCN-TO-ATM: Run intro.
20231018 052255.933 INFO             PET1     OCN-TO-ATM: Run extro.
20231018 052255.934 INFO             PET1     atmA: Run intro.
20231018 052255.934 INFO             PET1       ------>Advancing ATM from: 2010  6  1  0 45  0   0
20231018 052255.934 INFO             PET1       ---------------------> to: 2010  6  1  1  0  0   0
20231018 052255.934 INFO             PET1     atmA: Run extro.
20231018 052255.934 INFO             PET1     ocnA: Run intro.
20231018 052255.935 INFO             PET1       ------>Advancing OCN from: 2010  6  1  0 45  0   0
20231018 052255.935 INFO             PET1       ---------------------> to: 2010  6  1  0 50  0   0
20231018 052255.935 INFO             PET1       ------>Advancing OCN from: 2010  6  1  0 50  0   0
20231018 052255.935 INFO             PET1       ---------------------> to: 2010  6  1  0 55  0   0
20231018 052255.935 INFO             PET1       ------>Advancing OCN from: 2010  6  1  0 55  0   0
20231018 052255.935 INFO             PET1       ---------------------> to: 2010  6  1  1  0  0   0
20231018 052255.935 INFO             PET1     ocnA: Run extro.
20231018 052255.935 INFO             PET1   esm: end <--------- RunSequence
20231018 052255.935 INFO             PET1   <<<esm - leaving Run with current time: 2010  6  1  1  0  0   0
20231018 052255.935 INFO             PET1 esm: Run extro.
20231018 052255.935 INFO             PET1 esm: Finalize intro.
20231018 052255.935 INFO             PET1   Calling Finalize phase 1 for connectorComp: ATM-TO-OCN
20231018 052255.935 INFO             PET1   ATM-TO-OCN: Finalize intro.
20231018 052255.935 INFO             PET1   ATM-TO-OCN: Finalize extro.
20231018 052255.935 INFO             PET1   Calling Finalize phase 1 for connectorComp: OCN-TO-ATM
20231018 052255.936 INFO             PET1   OCN-TO-ATM: Finalize intro.
20231018 052255.936 INFO             PET1   OCN-TO-ATM: Finalize extro.
20231018 052255.936 INFO             PET1   Calling Finalize phase 1 for modelComp: atmA
20231018 052255.936 INFO             PET1   atmA: Finalize intro.
20231018 052255.936 INFO             PET1   atmA: Finalize extro.
20231018 052255.936 INFO             PET1   Calling Finalize phase 1 for modelComp: ocnA
20231018 052255.936 INFO             PET1   ocnA: Finalize intro.
20231018 052255.936 INFO             PET1   ocnA: Finalize extro.
20231018 052255.936 INFO             PET1   Delete modelComp: atmA
20231018 052255.936 INFO             PET1   Delete Import-/Export State for modelComp: atmA
20231018 052255.936 INFO             PET1   Delete modelComp: ocnA
20231018 052255.937 INFO             PET1   Delete Import-/Export State for modelComp: ocnA
20231018 052255.937 INFO             PET1   Delete connectorComp: ATM-TO-OCN
20231018 052255.937 INFO             PET1   Delete connectorComp: OCN-TO-ATM
20231018 052255.937 INFO             PET1 esm: Finalize extro.
20231018 052255.937 INFO             PET1 esmApp FINISHED
20231018 052255.937 INFO             PET1  Finalizing ESMF
20231018 052255.605 INFO             PET2 !!!!!!!!!!!!!!!!!!!!!!!!!!!!!!!!!!!!!!!!!!!!!!!!!!!!!!
20231018 052255.605 INFO             PET2 !!! THE ESMF_LOG IS SET TO OUTPUT ALL LOG MESSAGES !!!
20231018 052255.605 INFO             PET2 !!!     THIS MAY CAUSE SLOWDOWN IN PERFORMANCE     !!!
20231018 052255.605 INFO             PET2 !!! FOR PRODUCTION RUNS, USE:                      !!!
20231018 052255.605 INFO             PET2 !!!                   ESMF_LOGKIND_Multi_On_Error  !!!
20231018 052255.605 INFO             PET2 !!!!!!!!!!!!!!!!!!!!!!!!!!!!!!!!!!!!!!!!!!!!!!!!!!!!!!
20231018 052255.605 INFO             PET2 Running with ESMF Version   : v8.6.0b09-20-g8d1ee58df9
20231018 052255.605 INFO             PET2 ESMF library build date/time: "Oct 18 2023" "03:56:00"
20231018 052255.605 INFO             PET2 ESMF library build location : /glade/scratch/theurich/ESMF-Nightly-Testing/intel_18.0.5_openmpi_g_feature_devList/esmf
20231018 052255.605 INFO             PET2 ESMF_COMM                   : openmpi
20231018 052255.605 INFO             PET2 ESMF_MOAB                   : enabled
20231018 052255.605 INFO             PET2 ESMF_LAPACK                 : enabled
20231018 052255.605 INFO             PET2 ESMF_NETCDF                 : enabled
20231018 052255.605 INFO             PET2 ESMF_PNETCDF                : disabled
20231018 052255.605 INFO             PET2 ESMF_PIO                    : enabled
20231018 052255.605 INFO             PET2 ESMF_YAMLCPP                : enabled
20231018 052255.605 INFO             PET2 esmApp STARTING
20231018 052255.612 INFO             PET2 esm: InitializeGeneric intro.
20231018 052255.612 INFO             PET2   esm: InitializeP0 intro.
20231018 052255.612 INFO             PET2   esm: InitializeP0 extro.
20231018 052255.612 INFO             PET2   esm: InitializeIPDv02p1 intro.
20231018 052255.612 INFO             PET2     >>>esm: entered Initialize (phase=<none>) without valid internal Clock.
20231018 052255.614 INFO             PET2     esm - Creating model component ATM without petList.
20231018 052255.619 INFO             PET2     esm - Creating model component OCN without petList.
20231018 052255.622 INFO             PET2     esm - Creating connector component ATM-TO-OCN without petList.
20231018 052255.630 INFO             PET2     esm - Creating connector component OCN-TO-ATM without petList.
20231018 052255.639 INFO             PET2     esm - Creating state: modelComp 1 Import State
20231018 052255.639 INFO             PET2     esm - Creating state: modelComp 1 Export State
20231018 052255.640 INFO             PET2     esm - Creating state: modelComp 2 Import State
20231018 052255.640 INFO             PET2     esm - Creating state: modelComp 2 Export State
20231018 052255.641 INFO             PET2     ATM: InitializeP0 intro.
20231018 052255.643 INFO             PET2     ATM: InitializeP0 extro.
20231018 052255.643 INFO             PET2     OCN: InitializeP0 intro.
20231018 052255.644 INFO             PET2     OCN: InitializeP0 extro.
20231018 052255.647 INFO             PET2     ATM-TO-OCN: InitializeP0 intro.
20231018 052255.648 INFO             PET2     ATM-TO-OCN: InitializeP0 extro.
20231018 052255.649 INFO             PET2     OCN-TO-ATM: InitializeP0 intro.
20231018 052255.649 INFO             PET2     OCN-TO-ATM: InitializeP0 extro.
20231018 052255.652 INFO             PET2     esm: IInitAdvertise intro.
20231018 052255.652 INFO             PET2     esm: IInitAdvertise extro.
20231018 052255.652 INFO             PET2     ATM: InitializeIPDvXp01 intro.
20231018 052255.655 INFO             PET2     ATM: InitializeIPDvXp01 extro.
20231018 052255.655 INFO             PET2     OCN: InitializeIPDvXp01 intro.
20231018 052255.657 INFO             PET2     OCN: InitializeIPDvXp01 extro.
20231018 052255.664 INFO             PET2     ATM-TO-OCN: InitializeIPDv05p1 intro.
20231018 052255.673 INFO             PET2     ATM-TO-OCN: InitializeIPDv05p1 extro.
20231018 052255.673 INFO             PET2     OCN-TO-ATM: InitializeIPDv05p1 intro.
20231018 052255.677 INFO             PET2     OCN-TO-ATM: InitializeIPDv05p1 extro.
20231018 052255.678 INFO             PET2     esm: IInitAdvertiseFinish intro.
20231018 052255.678 INFO             PET2     esm: IInitAdvertiseFinish extro.
20231018 052255.678 INFO             PET2     ATM-TO-OCN: InitializeIPDv05p2a intro.
20231018 052255.684 INFO             PET2     ATM-TO-OCN: InitializeIPDv05p2a extro.
20231018 052255.684 INFO             PET2     OCN-TO-ATM: InitializeIPDv05p2a intro.
20231018 052255.688 INFO             PET2     OCN-TO-ATM: InitializeIPDv05p2a extro.
20231018 052255.689 INFO             PET2     ATM-TO-OCN: InitializeIPDv05p2b intro.
20231018 052255.694 INFO             PET2     ATM-TO-OCN: InitializeIPDv05p2b extro.
20231018 052255.696 INFO             PET2     OCN-TO-ATM: InitializeIPDv05p2b intro.
20231018 052255.701 INFO             PET2     OCN-TO-ATM: InitializeIPDv05p2b extro.
20231018 052255.702 INFO             PET2     esm: IInitModifyCplLists intro.
20231018 052255.702 INFO             PET2     esm: IInitModifyCplLists extro.
20231018 052255.702 INFO             PET2     ATM-TO-OCN: InitializeIPDv05p3 intro.
20231018 052255.708 INFO             PET2     ATM-TO-OCN: InitializeIPDv05p3 extro.
20231018 052255.708 INFO             PET2     OCN-TO-ATM: InitializeIPDv05p3 intro.
20231018 052255.714 INFO             PET2     OCN-TO-ATM: InitializeIPDv05p3 extro.
20231018 052255.714 INFO             PET2     <<<esm: leaving Initialize (phase=<none>) with current time: 2010  6  1  0  0  0   0
20231018 052255.714 INFO             PET2   esm: InitializeIPDv02p1 extro.
20231018 052255.714 INFO             PET2   esm: InitializeIPDv02p3 intro.
20231018 052255.714 INFO             PET2     >>>esm: entered Initialize (phase=<none>) with current time: 2010  6  1  0  0  0   0
20231018 052255.714 INFO             PET2     esm: IInitCheck intro.
20231018 052255.714 INFO             PET2     esm: IInitCheck extro.
20231018 052255.715 INFO             PET2     atmA: InitializeIPDvXp04 intro.
20231018 052255.721 INFO             PET2     atmA: InitializeIPDvXp04 extro.
20231018 052255.722 INFO             PET2     ocnA: InitializeIPDvXp04 intro.
20231018 052255.728 INFO             PET2     ocnA: InitializeIPDvXp04 extro.
20231018 052255.730 INFO             PET2     ATM-TO-OCN: InitializeIPDv05p4 intro.
20231018 052255.741 INFO             PET2     ATM-TO-OCN: InitializeIPDv05p4 extro.
20231018 052255.742 INFO             PET2     OCN-TO-ATM: InitializeIPDv05p4 intro.
20231018 052255.748 INFO             PET2     OCN-TO-ATM: InitializeIPDv05p4 extro.
20231018 052255.748 INFO             PET2     ATM-TO-OCN: InitializeIPDv05p5 intro.
20231018 052255.756 INFO             PET2     ATM-TO-OCN: InitializeIPDv05p5 extro.
20231018 052255.756 INFO             PET2     OCN-TO-ATM: InitializeIPDv05p5 intro.
20231018 052255.762 INFO             PET2     OCN-TO-ATM: InitializeIPDv05p5 extro.
20231018 052255.763 INFO             PET2     esm: IInitRealize intro.
20231018 052255.763 INFO             PET2     esm: IInitRealize extro.
20231018 052255.763 INFO             PET2     ATM-TO-OCN: InitializeIPDv05p6a intro.
20231018 052255.771 INFO             PET2     ATM-TO-OCN: InitializeIPDv05p6a extro.
20231018 052255.771 INFO             PET2     OCN-TO-ATM: InitializeIPDv05p6a intro.
20231018 052255.776 INFO             PET2     OCN-TO-ATM: InitializeIPDv05p6a extro.
20231018 052255.777 INFO             PET2     ATM-TO-OCN: InitializeIPDv05p6b intro.
20231018 052255.850 INFO             PET2     ATM-TO-OCN: InitializeIPDv05p6b extro.
20231018 052255.850 INFO             PET2     OCN-TO-ATM: InitializeIPDv05p6b intro.
20231018 052255.917 INFO             PET2     OCN-TO-ATM: InitializeIPDv05p6b extro.
20231018 052255.918 INFO             PET2     atmA: InitializeIPDvXp07 intro.
20231018 052255.918 INFO             PET2     atmA: InitializeIPDvXp07 extro.
20231018 052255.918 INFO             PET2     ocnA: InitializeIPDvXp07 intro.
20231018 052255.919 INFO             PET2     ocnA: InitializeIPDvXp07 extro.
20231018 052255.919 INFO             PET2     <<<esm: leaving Initialize (phase=<none>) with current time: 2010  6  1  0  0  0   0
20231018 052255.919 INFO             PET2   esm: InitializeIPDv02p3 extro.
20231018 052255.919 INFO             PET2   esm: InitializeIPDv02p5 intro.
20231018 052255.919 INFO             PET2     >>>esm: entered Initialize (phase=<none>) with current time: 2010  6  1  0  0  0   0
20231018 052255.919 INFO             PET2     esm: this is a top level driver, no 'Updated' and 'InitializeDataComplete' info on this level.
20231018 052255.919 INFO             PET2     esm: InitializeIPDv02p5Data intro.
20231018 052255.919 INFO             PET2       esm: InternalInitializeComplete intro.
20231018 052255.919 INFO             PET2         esm: InitializeDataComplete='true'
20231018 052255.920 INFO             PET2       esm: InternalInitializeComplete extro.
20231018 052255.920 INFO             PET2       atmA: InitializeIPDv01p5 intro.
20231018 052255.920 INFO             PET2       atmA: InitializeIPDv01p5 extro.
20231018 052255.920 INFO             PET2       ocnA: InitializeIPDv01p5 intro.
20231018 052255.920 INFO             PET2       ocnA: InitializeIPDv01p5 extro.
20231018 052255.923 INFO             PET2       esm: components present that trigger loopDataDependentInitialize().
20231018 052255.923 INFO             PET2       esm: loopDataDependentInitialize intro.
20231018 052255.923 INFO             PET2         esm: component    0=esm, dataComplete (local): true
20231018 052255.924 INFO             PET2         esm: component    0=esm, dataComplete (global):  T
20231018 052255.924 INFO             PET2         esm: component    1=atmA, dataComplete (local): true
20231018 052255.924 INFO             PET2         esm: component    1=atmA, dataComplete (global):  T
20231018 052255.924 INFO             PET2         esm: component    2=ocnA, dataComplete (local): true
20231018 052255.924 INFO             PET2         esm: component    2=ocnA, dataComplete (global):  T
20231018 052255.924 INFO             PET2         esm: someProgress= F, allComplete= T, present(dataDepAllComplete)= T
20231018 052255.924 INFO             PET2         esm: finished resolving initialize data dependencies on this level.
20231018 052255.924 INFO             PET2       esm: loopDataDependentInitialize extro.
20231018 052255.924 INFO             PET2       esm: loopDataDependentInitialize() returned with dataDepAllComplete:  T
20231018 052255.924 INFO             PET2     esm: InitializeIPDv02p5Data extro.
20231018 052255.924 INFO             PET2     <<<esm: leaving Initialize (phase=<none>) with current time: 2010  6  1  0  0  0   0
20231018 052255.924 INFO             PET2   esm: InitializeIPDv02p5 extro.
20231018 052255.924 INFO             PET2 esm: InitializeGeneric extro.
20231018 052255.924 INFO             PET2 esm: Run intro.
20231018 052255.924 INFO             PET2   >>>esm entered Run (phase=RunPhase1) with current time: 2010  6  1  0  0  0   0
20231018 052255.924 INFO             PET2   esm: after lable_SetRunClock, current time: 2010  6  1  0  0  0   0
20231018 052255.925 INFO             PET2   esm: begin -------> RunSequence.
20231018 052255.925 INFO             PET2     esm: RunSequence event loopLevel=   1  levelMember=   1  loopIteration=   1, current time: 2010  6  1  0  0  0   0
20231018 052255.925 INFO             PET2     ATM-TO-OCN: Run intro.
20231018 052255.925 INFO             PET2     ATM-TO-OCN: Run extro.
20231018 052255.926 INFO             PET2     OCN-TO-ATM: Run intro.
20231018 052255.926 INFO             PET2     OCN-TO-ATM: Run extro.
20231018 052255.926 INFO             PET2     atmA: Run intro.
20231018 052255.926 INFO             PET2       ------>Advancing ATM from: 2010  6  1  0  0  0   0
20231018 052255.926 INFO             PET2       ---------------------> to: 2010  6  1  0 15  0   0
20231018 052255.927 INFO             PET2     atmA: Run extro.
20231018 052255.927 INFO             PET2     ocnA: Run intro.
20231018 052255.927 INFO             PET2       ------>Advancing OCN from: 2010  6  1  0  0  0   0
20231018 052255.927 INFO             PET2       ---------------------> to: 2010  6  1  0  5  0   0
20231018 052255.927 INFO             PET2       ------>Advancing OCN from: 2010  6  1  0  5  0   0
20231018 052255.927 INFO             PET2       ---------------------> to: 2010  6  1  0 10  0   0
20231018 052255.927 INFO             PET2       ------>Advancing OCN from: 2010  6  1  0 10  0   0
20231018 052255.927 INFO             PET2       ---------------------> to: 2010  6  1  0 15  0   0
20231018 052255.927 INFO             PET2     ocnA: Run extro.
20231018 052255.927 INFO             PET2     esm: RunSequence event loopLevel=   1  levelMember=   1  loopIteration=   2, current time: 2010  6  1  0 15  0   0
20231018 052255.927 INFO             PET2     ATM-TO-OCN: Run intro.
20231018 052255.928 INFO             PET2     ATM-TO-OCN: Run extro.
20231018 052255.928 INFO             PET2     OCN-TO-ATM: Run intro.
20231018 052255.928 INFO             PET2     OCN-TO-ATM: Run extro.
20231018 052255.929 INFO             PET2     atmA: Run intro.
20231018 052255.929 INFO             PET2       ------>Advancing ATM from: 2010  6  1  0 15  0   0
20231018 052255.929 INFO             PET2       ---------------------> to: 2010  6  1  0 30  0   0
20231018 052255.929 INFO             PET2     atmA: Run extro.
20231018 052255.929 INFO             PET2     ocnA: Run intro.
20231018 052255.930 INFO             PET2       ------>Advancing OCN from: 2010  6  1  0 15  0   0
20231018 052255.930 INFO             PET2       ---------------------> to: 2010  6  1  0 20  0   0
20231018 052255.930 INFO             PET2       ------>Advancing OCN from: 2010  6  1  0 20  0   0
20231018 052255.930 INFO             PET2       ---------------------> to: 2010  6  1  0 25  0   0
20231018 052255.930 INFO             PET2       ------>Advancing OCN from: 2010  6  1  0 25  0   0
20231018 052255.930 INFO             PET2       ---------------------> to: 2010  6  1  0 30  0   0
20231018 052255.930 INFO             PET2     ocnA: Run extro.
20231018 052255.930 INFO             PET2     esm: RunSequence event loopLevel=   1  levelMember=   1  loopIteration=   3, current time: 2010  6  1  0 30  0   0
20231018 052255.930 INFO             PET2     ATM-TO-OCN: Run intro.
20231018 052255.931 INFO             PET2     ATM-TO-OCN: Run extro.
20231018 052255.931 INFO             PET2     OCN-TO-ATM: Run intro.
20231018 052255.931 INFO             PET2     OCN-TO-ATM: Run extro.
20231018 052255.931 INFO             PET2     atmA: Run intro.
20231018 052255.932 INFO             PET2       ------>Advancing ATM from: 2010  6  1  0 30  0   0
20231018 052255.932 INFO             PET2       ---------------------> to: 2010  6  1  0 45  0   0
20231018 052255.932 INFO             PET2     atmA: Run extro.
20231018 052255.932 INFO             PET2     ocnA: Run intro.
20231018 052255.932 INFO             PET2       ------>Advancing OCN from: 2010  6  1  0 30  0   0
20231018 052255.932 INFO             PET2       ---------------------> to: 2010  6  1  0 35  0   0
20231018 052255.932 INFO             PET2       ------>Advancing OCN from: 2010  6  1  0 35  0   0
20231018 052255.932 INFO             PET2       ---------------------> to: 2010  6  1  0 40  0   0
20231018 052255.932 INFO             PET2       ------>Advancing OCN from: 2010  6  1  0 40  0   0
20231018 052255.932 INFO             PET2       ---------------------> to: 2010  6  1  0 45  0   0
20231018 052255.932 INFO             PET2     ocnA: Run extro.
20231018 052255.932 INFO             PET2     esm: RunSequence event loopLevel=   1  levelMember=   1  loopIteration=   4, current time: 2010  6  1  0 45  0   0
20231018 052255.933 INFO             PET2     ATM-TO-OCN: Run intro.
20231018 052255.933 INFO             PET2     ATM-TO-OCN: Run extro.
20231018 052255.933 INFO             PET2     OCN-TO-ATM: Run intro.
20231018 052255.934 INFO             PET2     OCN-TO-ATM: Run extro.
20231018 052255.934 INFO             PET2     atmA: Run intro.
20231018 052255.934 INFO             PET2       ------>Advancing ATM from: 2010  6  1  0 45  0   0
20231018 052255.934 INFO             PET2       ---------------------> to: 2010  6  1  1  0  0   0
20231018 052255.934 INFO             PET2     atmA: Run extro.
20231018 052255.934 INFO             PET2     ocnA: Run intro.
20231018 052255.935 INFO             PET2       ------>Advancing OCN from: 2010  6  1  0 45  0   0
20231018 052255.935 INFO             PET2       ---------------------> to: 2010  6  1  0 50  0   0
20231018 052255.935 INFO             PET2       ------>Advancing OCN from: 2010  6  1  0 50  0   0
20231018 052255.935 INFO             PET2       ---------------------> to: 2010  6  1  0 55  0   0
20231018 052255.935 INFO             PET2       ------>Advancing OCN from: 2010  6  1  0 55  0   0
20231018 052255.935 INFO             PET2       ---------------------> to: 2010  6  1  1  0  0   0
20231018 052255.935 INFO             PET2     ocnA: Run extro.
20231018 052255.935 INFO             PET2   esm: end <--------- RunSequence
20231018 052255.935 INFO             PET2   <<<esm - leaving Run with current time: 2010  6  1  1  0  0   0
20231018 052255.935 INFO             PET2 esm: Run extro.
20231018 052255.935 INFO             PET2 esm: Finalize intro.
20231018 052255.935 INFO             PET2   Calling Finalize phase 1 for connectorComp: ATM-TO-OCN
20231018 052255.935 INFO             PET2   ATM-TO-OCN: Finalize intro.
20231018 052255.935 INFO             PET2   ATM-TO-OCN: Finalize extro.
20231018 052255.935 INFO             PET2   Calling Finalize phase 1 for connectorComp: OCN-TO-ATM
20231018 052255.936 INFO             PET2   OCN-TO-ATM: Finalize intro.
20231018 052255.936 INFO             PET2   OCN-TO-ATM: Finalize extro.
20231018 052255.936 INFO             PET2   Calling Finalize phase 1 for modelComp: atmA
20231018 052255.936 INFO             PET2   atmA: Finalize intro.
20231018 052255.936 INFO             PET2   atmA: Finalize extro.
20231018 052255.936 INFO             PET2   Calling Finalize phase 1 for modelComp: ocnA
20231018 052255.936 INFO             PET2   ocnA: Finalize intro.
20231018 052255.936 INFO             PET2   ocnA: Finalize extro.
20231018 052255.936 INFO             PET2   Delete modelComp: atmA
20231018 052255.936 INFO             PET2   Delete Import-/Export State for modelComp: atmA
20231018 052255.936 INFO             PET2   Delete modelComp: ocnA
20231018 052255.937 INFO             PET2   Delete Import-/Export State for modelComp: ocnA
20231018 052255.937 INFO             PET2   Delete connectorComp: ATM-TO-OCN
20231018 052255.937 INFO             PET2   Delete connectorComp: OCN-TO-ATM
20231018 052255.937 INFO             PET2 esm: Finalize extro.
20231018 052255.937 INFO             PET2 esmApp FINISHED
20231018 052255.937 INFO             PET2  Finalizing ESMF
20231018 052255.605 INFO             PET3 !!!!!!!!!!!!!!!!!!!!!!!!!!!!!!!!!!!!!!!!!!!!!!!!!!!!!!
20231018 052255.605 INFO             PET3 !!! THE ESMF_LOG IS SET TO OUTPUT ALL LOG MESSAGES !!!
20231018 052255.605 INFO             PET3 !!!     THIS MAY CAUSE SLOWDOWN IN PERFORMANCE     !!!
20231018 052255.605 INFO             PET3 !!! FOR PRODUCTION RUNS, USE:                      !!!
20231018 052255.605 INFO             PET3 !!!                   ESMF_LOGKIND_Multi_On_Error  !!!
20231018 052255.605 INFO             PET3 !!!!!!!!!!!!!!!!!!!!!!!!!!!!!!!!!!!!!!!!!!!!!!!!!!!!!!
20231018 052255.605 INFO             PET3 Running with ESMF Version   : v8.6.0b09-20-g8d1ee58df9
20231018 052255.605 INFO             PET3 ESMF library build date/time: "Oct 18 2023" "03:56:00"
20231018 052255.605 INFO             PET3 ESMF library build location : /glade/scratch/theurich/ESMF-Nightly-Testing/intel_18.0.5_openmpi_g_feature_devList/esmf
20231018 052255.605 INFO             PET3 ESMF_COMM                   : openmpi
20231018 052255.605 INFO             PET3 ESMF_MOAB                   : enabled
20231018 052255.605 INFO             PET3 ESMF_LAPACK                 : enabled
20231018 052255.605 INFO             PET3 ESMF_NETCDF                 : enabled
20231018 052255.605 INFO             PET3 ESMF_PNETCDF                : disabled
20231018 052255.605 INFO             PET3 ESMF_PIO                    : enabled
20231018 052255.605 INFO             PET3 ESMF_YAMLCPP                : enabled
20231018 052255.605 INFO             PET3 esmApp STARTING
20231018 052255.613 INFO             PET3 esm: InitializeGeneric intro.
20231018 052255.613 INFO             PET3   esm: InitializeP0 intro.
20231018 052255.613 INFO             PET3   esm: InitializeP0 extro.
20231018 052255.613 INFO             PET3   esm: InitializeIPDv02p1 intro.
20231018 052255.613 INFO             PET3     >>>esm: entered Initialize (phase=<none>) without valid internal Clock.
20231018 052255.614 INFO             PET3     esm - Creating model component ATM without petList.
20231018 052255.619 INFO             PET3     esm - Creating model component OCN without petList.
20231018 052255.624 INFO             PET3     esm - Creating connector component ATM-TO-OCN without petList.
20231018 052255.632 INFO             PET3     esm - Creating connector component OCN-TO-ATM without petList.
20231018 052255.642 INFO             PET3     esm - Creating state: modelComp 1 Import State
20231018 052255.642 INFO             PET3     esm - Creating state: modelComp 1 Export State
20231018 052255.642 INFO             PET3     esm - Creating state: modelComp 2 Import State
20231018 052255.642 INFO             PET3     esm - Creating state: modelComp 2 Export State
20231018 052255.644 INFO             PET3     ATM: InitializeP0 intro.
20231018 052255.646 INFO             PET3     ATM: InitializeP0 extro.
20231018 052255.647 INFO             PET3     OCN: InitializeP0 intro.
20231018 052255.649 INFO             PET3     OCN: InitializeP0 extro.
20231018 052255.651 INFO             PET3     ATM-TO-OCN: InitializeP0 intro.
20231018 052255.652 INFO             PET3     ATM-TO-OCN: InitializeP0 extro.
20231018 052255.653 INFO             PET3     OCN-TO-ATM: InitializeP0 intro.
20231018 052255.654 INFO             PET3     OCN-TO-ATM: InitializeP0 extro.
20231018 052255.657 INFO             PET3     esm: IInitAdvertise intro.
20231018 052255.657 INFO             PET3     esm: IInitAdvertise extro.
20231018 052255.657 INFO             PET3     ATM: InitializeIPDvXp01 intro.
20231018 052255.661 INFO             PET3     ATM: InitializeIPDvXp01 extro.
20231018 052255.661 INFO             PET3     OCN: InitializeIPDvXp01 intro.
20231018 052255.665 INFO             PET3     OCN: InitializeIPDvXp01 extro.
20231018 052255.667 INFO             PET3     ATM-TO-OCN: InitializeIPDv05p1 intro.
20231018 052255.673 INFO             PET3     ATM-TO-OCN: InitializeIPDv05p1 extro.
20231018 052255.673 INFO             PET3     OCN-TO-ATM: InitializeIPDv05p1 intro.
20231018 052255.678 INFO             PET3     OCN-TO-ATM: InitializeIPDv05p1 extro.
20231018 052255.678 INFO             PET3     esm: IInitAdvertiseFinish intro.
20231018 052255.678 INFO             PET3     esm: IInitAdvertiseFinish extro.
20231018 052255.679 INFO             PET3     ATM-TO-OCN: InitializeIPDv05p2a intro.
20231018 052255.684 INFO             PET3     ATM-TO-OCN: InitializeIPDv05p2a extro.
20231018 052255.684 INFO             PET3     OCN-TO-ATM: InitializeIPDv05p2a intro.
20231018 052255.689 INFO             PET3     OCN-TO-ATM: InitializeIPDv05p2a extro.
20231018 052255.689 INFO             PET3     ATM-TO-OCN: InitializeIPDv05p2b intro.
20231018 052255.694 INFO             PET3     ATM-TO-OCN: InitializeIPDv05p2b extro.
20231018 052255.697 INFO             PET3     OCN-TO-ATM: InitializeIPDv05p2b intro.
20231018 052255.701 INFO             PET3     OCN-TO-ATM: InitializeIPDv05p2b extro.
20231018 052255.702 INFO             PET3     esm: IInitModifyCplLists intro.
20231018 052255.702 INFO             PET3     esm: IInitModifyCplLists extro.
20231018 052255.703 INFO             PET3     ATM-TO-OCN: InitializeIPDv05p3 intro.
20231018 052255.709 INFO             PET3     ATM-TO-OCN: InitializeIPDv05p3 extro.
20231018 052255.709 INFO             PET3     OCN-TO-ATM: InitializeIPDv05p3 intro.
20231018 052255.714 INFO             PET3     OCN-TO-ATM: InitializeIPDv05p3 extro.
20231018 052255.714 INFO             PET3     <<<esm: leaving Initialize (phase=<none>) with current time: 2010  6  1  0  0  0   0
20231018 052255.714 INFO             PET3   esm: InitializeIPDv02p1 extro.
20231018 052255.714 INFO             PET3   esm: InitializeIPDv02p3 intro.
20231018 052255.714 INFO             PET3     >>>esm: entered Initialize (phase=<none>) with current time: 2010  6  1  0  0  0   0
20231018 052255.715 INFO             PET3     esm: IInitCheck intro.
20231018 052255.715 INFO             PET3     esm: IInitCheck extro.
20231018 052255.715 INFO             PET3     atmA: InitializeIPDvXp04 intro.
20231018 052255.723 INFO             PET3     atmA: InitializeIPDvXp04 extro.
20231018 052255.724 INFO             PET3     ocnA: InitializeIPDvXp04 intro.
20231018 052255.731 INFO             PET3     ocnA: InitializeIPDvXp04 extro.
20231018 052255.734 INFO             PET3     ATM-TO-OCN: InitializeIPDv05p4 intro.
20231018 052255.742 INFO             PET3     ATM-TO-OCN: InitializeIPDv05p4 extro.
20231018 052255.742 INFO             PET3     OCN-TO-ATM: InitializeIPDv05p4 intro.
20231018 052255.748 INFO             PET3     OCN-TO-ATM: InitializeIPDv05p4 extro.
20231018 052255.748 INFO             PET3     ATM-TO-OCN: InitializeIPDv05p5 intro.
20231018 052255.757 INFO             PET3     ATM-TO-OCN: InitializeIPDv05p5 extro.
20231018 052255.757 INFO             PET3     OCN-TO-ATM: InitializeIPDv05p5 intro.
20231018 052255.763 INFO             PET3     OCN-TO-ATM: InitializeIPDv05p5 extro.
20231018 052255.763 INFO             PET3     esm: IInitRealize intro.
20231018 052255.763 INFO             PET3     esm: IInitRealize extro.
20231018 052255.764 INFO             PET3     ATM-TO-OCN: InitializeIPDv05p6a intro.
20231018 052255.771 INFO             PET3     ATM-TO-OCN: InitializeIPDv05p6a extro.
20231018 052255.771 INFO             PET3     OCN-TO-ATM: InitializeIPDv05p6a intro.
20231018 052255.777 INFO             PET3     OCN-TO-ATM: InitializeIPDv05p6a extro.
20231018 052255.777 INFO             PET3     ATM-TO-OCN: InitializeIPDv05p6b intro.
20231018 052255.850 INFO             PET3     ATM-TO-OCN: InitializeIPDv05p6b extro.
20231018 052255.850 INFO             PET3     OCN-TO-ATM: InitializeIPDv05p6b intro.
20231018 052255.917 INFO             PET3     OCN-TO-ATM: InitializeIPDv05p6b extro.
20231018 052255.918 INFO             PET3     atmA: InitializeIPDvXp07 intro.
20231018 052255.918 INFO             PET3     atmA: InitializeIPDvXp07 extro.
20231018 052255.919 INFO             PET3     ocnA: InitializeIPDvXp07 intro.
20231018 052255.919 INFO             PET3     ocnA: InitializeIPDvXp07 extro.
20231018 052255.919 INFO             PET3     <<<esm: leaving Initialize (phase=<none>) with current time: 2010  6  1  0  0  0   0
20231018 052255.919 INFO             PET3   esm: InitializeIPDv02p3 extro.
20231018 052255.919 INFO             PET3   esm: InitializeIPDv02p5 intro.
20231018 052255.919 INFO             PET3     >>>esm: entered Initialize (phase=<none>) with current time: 2010  6  1  0  0  0   0
20231018 052255.919 INFO             PET3     esm: this is a top level driver, no 'Updated' and 'InitializeDataComplete' info on this level.
20231018 052255.919 INFO             PET3     esm: InitializeIPDv02p5Data intro.
20231018 052255.920 INFO             PET3       esm: InternalInitializeComplete intro.
20231018 052255.920 INFO             PET3         esm: InitializeDataComplete='true'
20231018 052255.920 INFO             PET3       esm: InternalInitializeComplete extro.
20231018 052255.920 INFO             PET3       atmA: InitializeIPDv01p5 intro.
20231018 052255.921 INFO             PET3       atmA: InitializeIPDv01p5 extro.
20231018 052255.921 INFO             PET3       ocnA: InitializeIPDv01p5 intro.
20231018 052255.921 INFO             PET3       ocnA: InitializeIPDv01p5 extro.
20231018 052255.923 INFO             PET3       esm: components present that trigger loopDataDependentInitialize().
20231018 052255.923 INFO             PET3       esm: loopDataDependentInitialize intro.
20231018 052255.924 INFO             PET3         esm: component    0=esm, dataComplete (local): true
20231018 052255.924 INFO             PET3         esm: component    0=esm, dataComplete (global):  T
20231018 052255.924 INFO             PET3         esm: component    1=atmA, dataComplete (local): true
20231018 052255.924 INFO             PET3         esm: component    1=atmA, dataComplete (global):  T
20231018 052255.924 INFO             PET3         esm: component    2=ocnA, dataComplete (local): true
20231018 052255.924 INFO             PET3         esm: component    2=ocnA, dataComplete (global):  T
20231018 052255.924 INFO             PET3         esm: someProgress= F, allComplete= T, present(dataDepAllComplete)= T
20231018 052255.924 INFO             PET3         esm: finished resolving initialize data dependencies on this level.
20231018 052255.924 INFO             PET3       esm: loopDataDependentInitialize extro.
20231018 052255.924 INFO             PET3       esm: loopDataDependentInitialize() returned with dataDepAllComplete:  T
20231018 052255.924 INFO             PET3     esm: InitializeIPDv02p5Data extro.
20231018 052255.924 INFO             PET3     <<<esm: leaving Initialize (phase=<none>) with current time: 2010  6  1  0  0  0   0
20231018 052255.924 INFO             PET3   esm: InitializeIPDv02p5 extro.
20231018 052255.924 INFO             PET3 esm: InitializeGeneric extro.
20231018 052255.924 INFO             PET3 esm: Run intro.
20231018 052255.924 INFO             PET3   >>>esm entered Run (phase=RunPhase1) with current time: 2010  6  1  0  0  0   0
20231018 052255.924 INFO             PET3   esm: after lable_SetRunClock, current time: 2010  6  1  0  0  0   0
20231018 052255.925 INFO             PET3   esm: begin -------> RunSequence.
20231018 052255.925 INFO             PET3     esm: RunSequence event loopLevel=   1  levelMember=   1  loopIteration=   1, current time: 2010  6  1  0  0  0   0
20231018 052255.925 INFO             PET3     ATM-TO-OCN: Run intro.
20231018 052255.925 INFO             PET3     ATM-TO-OCN: Run extro.
20231018 052255.926 INFO             PET3     OCN-TO-ATM: Run intro.
20231018 052255.926 INFO             PET3     OCN-TO-ATM: Run extro.
20231018 052255.926 INFO             PET3     atmA: Run intro.
20231018 052255.926 INFO             PET3       ------>Advancing ATM from: 2010  6  1  0  0  0   0
20231018 052255.927 INFO             PET3       ---------------------> to: 2010  6  1  0 15  0   0
20231018 052255.927 INFO             PET3     atmA: Run extro.
20231018 052255.927 INFO             PET3     ocnA: Run intro.
20231018 052255.927 INFO             PET3       ------>Advancing OCN from: 2010  6  1  0  0  0   0
20231018 052255.927 INFO             PET3       ---------------------> to: 2010  6  1  0  5  0   0
20231018 052255.927 INFO             PET3       ------>Advancing OCN from: 2010  6  1  0  5  0   0
20231018 052255.927 INFO             PET3       ---------------------> to: 2010  6  1  0 10  0   0
20231018 052255.927 INFO             PET3       ------>Advancing OCN from: 2010  6  1  0 10  0   0
20231018 052255.927 INFO             PET3       ---------------------> to: 2010  6  1  0 15  0   0
20231018 052255.927 INFO             PET3     ocnA: Run extro.
20231018 052255.928 INFO             PET3     esm: RunSequence event loopLevel=   1  levelMember=   1  loopIteration=   2, current time: 2010  6  1  0 15  0   0
20231018 052255.928 INFO             PET3     ATM-TO-OCN: Run intro.
20231018 052255.928 INFO             PET3     ATM-TO-OCN: Run extro.
20231018 052255.928 INFO             PET3     OCN-TO-ATM: Run intro.
20231018 052255.929 INFO             PET3     OCN-TO-ATM: Run extro.
20231018 052255.929 INFO             PET3     atmA: Run intro.
20231018 052255.929 INFO             PET3       ------>Advancing ATM from: 2010  6  1  0 15  0   0
20231018 052255.929 INFO             PET3       ---------------------> to: 2010  6  1  0 30  0   0
20231018 052255.929 INFO             PET3     atmA: Run extro.
20231018 052255.929 INFO             PET3     ocnA: Run intro.
20231018 052255.930 INFO             PET3       ------>Advancing OCN from: 2010  6  1  0 15  0   0
20231018 052255.930 INFO             PET3       ---------------------> to: 2010  6  1  0 20  0   0
20231018 052255.930 INFO             PET3       ------>Advancing OCN from: 2010  6  1  0 20  0   0
20231018 052255.930 INFO             PET3       ---------------------> to: 2010  6  1  0 25  0   0
20231018 052255.930 INFO             PET3       ------>Advancing OCN from: 2010  6  1  0 25  0   0
20231018 052255.930 INFO             PET3       ---------------------> to: 2010  6  1  0 30  0   0
20231018 052255.930 INFO             PET3     ocnA: Run extro.
20231018 052255.930 INFO             PET3     esm: RunSequence event loopLevel=   1  levelMember=   1  loopIteration=   3, current time: 2010  6  1  0 30  0   0
20231018 052255.930 INFO             PET3     ATM-TO-OCN: Run intro.
20231018 052255.931 INFO             PET3     ATM-TO-OCN: Run extro.
20231018 052255.931 INFO             PET3     OCN-TO-ATM: Run intro.
20231018 052255.931 INFO             PET3     OCN-TO-ATM: Run extro.
20231018 052255.931 INFO             PET3     atmA: Run intro.
20231018 052255.932 INFO             PET3       ------>Advancing ATM from: 2010  6  1  0 30  0   0
20231018 052255.932 INFO             PET3       ---------------------> to: 2010  6  1  0 45  0   0
20231018 052255.932 INFO             PET3     atmA: Run extro.
20231018 052255.932 INFO             PET3     ocnA: Run intro.
20231018 052255.932 INFO             PET3       ------>Advancing OCN from: 2010  6  1  0 30  0   0
20231018 052255.932 INFO             PET3       ---------------------> to: 2010  6  1  0 35  0   0
20231018 052255.932 INFO             PET3       ------>Advancing OCN from: 2010  6  1  0 35  0   0
20231018 052255.932 INFO             PET3       ---------------------> to: 2010  6  1  0 40  0   0
20231018 052255.932 INFO             PET3       ------>Advancing OCN from: 2010  6  1  0 40  0   0
20231018 052255.932 INFO             PET3       ---------------------> to: 2010  6  1  0 45  0   0
20231018 052255.933 INFO             PET3     ocnA: Run extro.
20231018 052255.933 INFO             PET3     esm: RunSequence event loopLevel=   1  levelMember=   1  loopIteration=   4, current time: 2010  6  1  0 45  0   0
20231018 052255.933 INFO             PET3     ATM-TO-OCN: Run intro.
20231018 052255.933 INFO             PET3     ATM-TO-OCN: Run extro.
20231018 052255.933 INFO             PET3     OCN-TO-ATM: Run intro.
20231018 052255.934 INFO             PET3     OCN-TO-ATM: Run extro.
20231018 052255.934 INFO             PET3     atmA: Run intro.
20231018 052255.934 INFO             PET3       ------>Advancing ATM from: 2010  6  1  0 45  0   0
20231018 052255.934 INFO             PET3       ---------------------> to: 2010  6  1  1  0  0   0
20231018 052255.934 INFO             PET3     atmA: Run extro.
20231018 052255.935 INFO             PET3     ocnA: Run intro.
20231018 052255.935 INFO             PET3       ------>Advancing OCN from: 2010  6  1  0 45  0   0
20231018 052255.935 INFO             PET3       ---------------------> to: 2010  6  1  0 50  0   0
20231018 052255.935 INFO             PET3       ------>Advancing OCN from: 2010  6  1  0 50  0   0
20231018 052255.935 INFO             PET3       ---------------------> to: 2010  6  1  0 55  0   0
20231018 052255.935 INFO             PET3       ------>Advancing OCN from: 2010  6  1  0 55  0   0
20231018 052255.935 INFO             PET3       ---------------------> to: 2010  6  1  1  0  0   0
20231018 052255.935 INFO             PET3     ocnA: Run extro.
20231018 052255.935 INFO             PET3   esm: end <--------- RunSequence
20231018 052255.935 INFO             PET3   <<<esm - leaving Run with current time: 2010  6  1  1  0  0   0
20231018 052255.935 INFO             PET3 esm: Run extro.
20231018 052255.935 INFO             PET3 esm: Finalize intro.
20231018 052255.935 INFO             PET3   Calling Finalize phase 1 for connectorComp: ATM-TO-OCN
20231018 052255.936 INFO             PET3   ATM-TO-OCN: Finalize intro.
20231018 052255.936 INFO             PET3   ATM-TO-OCN: Finalize extro.
20231018 052255.936 INFO             PET3   Calling Finalize phase 1 for connectorComp: OCN-TO-ATM
20231018 052255.936 INFO             PET3   OCN-TO-ATM: Finalize intro.
20231018 052255.936 INFO             PET3   OCN-TO-ATM: Finalize extro.
20231018 052255.936 INFO             PET3   Calling Finalize phase 1 for modelComp: atmA
20231018 052255.936 INFO             PET3   atmA: Finalize intro.
20231018 052255.937 INFO             PET3   atmA: Finalize extro.
20231018 052255.937 INFO             PET3   Calling Finalize phase 1 for modelComp: ocnA
20231018 052255.937 INFO             PET3   ocnA: Finalize intro.
20231018 052255.937 INFO             PET3   ocnA: Finalize extro.
20231018 052255.937 INFO             PET3   Delete modelComp: atmA
20231018 052255.937 INFO             PET3   Delete Import-/Export State for modelComp: atmA
20231018 052255.937 INFO             PET3   Delete modelComp: ocnA
20231018 052255.937 INFO             PET3   Delete Import-/Export State for modelComp: ocnA
20231018 052255.937 INFO             PET3   Delete connectorComp: ATM-TO-OCN
20231018 052255.937 INFO             PET3   Delete connectorComp: OCN-TO-ATM
20231018 052255.937 INFO             PET3 esm: Finalize extro.
20231018 052255.937 INFO             PET3 esmApp FINISHED
20231018 052255.937 INFO             PET3  Finalizing ESMF
