2023-10-19 05:16:39
20231019 060825.685 INFO             PET0 !!!!!!!!!!!!!!!!!!!!!!!!!!!!!!!!!!!!!!!!!!!!!!!!!!!!!!
20231019 060825.685 INFO             PET0 !!! THE ESMF_LOG IS SET TO OUTPUT ALL LOG MESSAGES !!!
20231019 060825.685 INFO             PET0 !!!     THIS MAY CAUSE SLOWDOWN IN PERFORMANCE     !!!
20231019 060825.685 INFO             PET0 !!! FOR PRODUCTION RUNS, USE:                      !!!
20231019 060825.685 INFO             PET0 !!!                   ESMF_LOGKIND_Multi_On_Error  !!!
20231019 060825.685 INFO             PET0 !!!!!!!!!!!!!!!!!!!!!!!!!!!!!!!!!!!!!!!!!!!!!!!!!!!!!!
20231019 060825.685 INFO             PET0 Running with ESMF Version   : v8.6.0b09-25-g3a1ad6fbd7
20231019 060825.685 INFO             PET0 ESMF library build date/time: "Oct 19 2023" "05:13:23"
20231019 060825.685 INFO             PET0 ESMF library build location : /glade/scratch/theurich/ESMF-Nightly-Testing/nvhpc_22.2_mpt_O_develop/esmf
20231019 060825.685 INFO             PET0 ESMF_COMM                   : mpt
20231019 060825.685 INFO             PET0 ESMF_MOAB                   : enabled
20231019 060825.685 INFO             PET0 ESMF_LAPACK                 : enabled
20231019 060825.685 INFO             PET0 ESMF_NETCDF                 : enabled
20231019 060825.685 INFO             PET0 ESMF_PNETCDF                : disabled
20231019 060825.685 INFO             PET0 ESMF_PIO                    : enabled
20231019 060825.685 INFO             PET0 ESMF_YAMLCPP                : enabled
20231019 060825.686 INFO             PET0  NUMBER_OF_PROCESSORS            4
20231019 060825.686 INFO             PET0  PASS  Example ESMF_VMDefaultBasicsEx, ESMF_VMDefaultBasicsEx.F90, line 107
20231019 060825.686 INFO             PET0  Finalizing ESMF
20231019 060825.685 INFO             PET1 !!!!!!!!!!!!!!!!!!!!!!!!!!!!!!!!!!!!!!!!!!!!!!!!!!!!!!
20231019 060825.685 INFO             PET1 !!! THE ESMF_LOG IS SET TO OUTPUT ALL LOG MESSAGES !!!
20231019 060825.685 INFO             PET1 !!!     THIS MAY CAUSE SLOWDOWN IN PERFORMANCE     !!!
20231019 060825.685 INFO             PET1 !!! FOR PRODUCTION RUNS, USE:                      !!!
20231019 060825.685 INFO             PET1 !!!                   ESMF_LOGKIND_Multi_On_Error  !!!
20231019 060825.685 INFO             PET1 !!!!!!!!!!!!!!!!!!!!!!!!!!!!!!!!!!!!!!!!!!!!!!!!!!!!!!
20231019 060825.685 INFO             PET1 Running with ESMF Version   : v8.6.0b09-25-g3a1ad6fbd7
20231019 060825.685 INFO             PET1 ESMF library build date/time: "Oct 19 2023" "05:13:23"
20231019 060825.685 INFO             PET1 ESMF library build location : /glade/scratch/theurich/ESMF-Nightly-Testing/nvhpc_22.2_mpt_O_develop/esmf
20231019 060825.685 INFO             PET1 ESMF_COMM                   : mpt
20231019 060825.685 INFO             PET1 ESMF_MOAB                   : enabled
20231019 060825.685 INFO             PET1 ESMF_LAPACK                 : enabled
20231019 060825.685 INFO             PET1 ESMF_NETCDF                 : enabled
20231019 060825.685 INFO             PET1 ESMF_PNETCDF                : disabled
20231019 060825.685 INFO             PET1 ESMF_PIO                    : enabled
20231019 060825.685 INFO             PET1 ESMF_YAMLCPP                : enabled
20231019 060825.686 INFO             PET1  NUMBER_OF_PROCESSORS            4
20231019 060825.686 INFO             PET1  PASS  Example ESMF_VMDefaultBasicsEx, ESMF_VMDefaultBasicsEx.F90, line 107
20231019 060825.686 INFO             PET1  Finalizing ESMF
20231019 060825.685 INFO             PET2 !!!!!!!!!!!!!!!!!!!!!!!!!!!!!!!!!!!!!!!!!!!!!!!!!!!!!!
20231019 060825.685 INFO             PET2 !!! THE ESMF_LOG IS SET TO OUTPUT ALL LOG MESSAGES !!!
20231019 060825.685 INFO             PET2 !!!     THIS MAY CAUSE SLOWDOWN IN PERFORMANCE     !!!
20231019 060825.685 INFO             PET2 !!! FOR PRODUCTION RUNS, USE:                      !!!
20231019 060825.685 INFO             PET2 !!!                   ESMF_LOGKIND_Multi_On_Error  !!!
20231019 060825.685 INFO             PET2 !!!!!!!!!!!!!!!!!!!!!!!!!!!!!!!!!!!!!!!!!!!!!!!!!!!!!!
20231019 060825.685 INFO             PET2 Running with ESMF Version   : v8.6.0b09-25-g3a1ad6fbd7
20231019 060825.685 INFO             PET2 ESMF library build date/time: "Oct 19 2023" "05:13:23"
20231019 060825.685 INFO             PET2 ESMF library build location : /glade/scratch/theurich/ESMF-Nightly-Testing/nvhpc_22.2_mpt_O_develop/esmf
20231019 060825.685 INFO             PET2 ESMF_COMM                   : mpt
20231019 060825.685 INFO             PET2 ESMF_MOAB                   : enabled
20231019 060825.685 INFO             PET2 ESMF_LAPACK                 : enabled
20231019 060825.685 INFO             PET2 ESMF_NETCDF                 : enabled
20231019 060825.685 INFO             PET2 ESMF_PNETCDF                : disabled
20231019 060825.685 INFO             PET2 ESMF_PIO                    : enabled
20231019 060825.685 INFO             PET2 ESMF_YAMLCPP                : enabled
20231019 060825.686 INFO             PET2  NUMBER_OF_PROCESSORS            4
20231019 060825.686 INFO             PET2  PASS  Example ESMF_VMDefaultBasicsEx, ESMF_VMDefaultBasicsEx.F90, line 107
20231019 060825.686 INFO             PET2  Finalizing ESMF
20231019 060825.685 INFO             PET3 !!!!!!!!!!!!!!!!!!!!!!!!!!!!!!!!!!!!!!!!!!!!!!!!!!!!!!
20231019 060825.685 INFO             PET3 !!! THE ESMF_LOG IS SET TO OUTPUT ALL LOG MESSAGES !!!
20231019 060825.685 INFO             PET3 !!!     THIS MAY CAUSE SLOWDOWN IN PERFORMANCE     !!!
20231019 060825.685 INFO             PET3 !!! FOR PRODUCTION RUNS, USE:                      !!!
20231019 060825.685 INFO             PET3 !!!                   ESMF_LOGKIND_Multi_On_Error  !!!
20231019 060825.685 INFO             PET3 !!!!!!!!!!!!!!!!!!!!!!!!!!!!!!!!!!!!!!!!!!!!!!!!!!!!!!
20231019 060825.685 INFO             PET3 Running with ESMF Version   : v8.6.0b09-25-g3a1ad6fbd7
20231019 060825.685 INFO             PET3 ESMF library build date/time: "Oct 19 2023" "05:13:23"
20231019 060825.685 INFO             PET3 ESMF library build location : /glade/scratch/theurich/ESMF-Nightly-Testing/nvhpc_22.2_mpt_O_develop/esmf
20231019 060825.685 INFO             PET3 ESMF_COMM                   : mpt
20231019 060825.685 INFO             PET3 ESMF_MOAB                   : enabled
20231019 060825.685 INFO             PET3 ESMF_LAPACK                 : enabled
20231019 060825.685 INFO             PET3 ESMF_NETCDF                 : enabled
20231019 060825.685 INFO             PET3 ESMF_PNETCDF                : disabled
20231019 060825.685 INFO             PET3 ESMF_PIO                    : enabled
20231019 060825.685 INFO             PET3 ESMF_YAMLCPP                : enabled
20231019 060825.686 INFO             PET3  NUMBER_OF_PROCESSORS            4
20231019 060825.686 INFO             PET3  PASS  Example ESMF_VMDefaultBasicsEx, ESMF_VMDefaultBasicsEx.F90, line 107
20231019 060825.686 INFO             PET3  Finalizing ESMF
