2023-11-20 05:19:12
20231120 061145.766 INFO             PET0 !!!!!!!!!!!!!!!!!!!!!!!!!!!!!!!!!!!!!!!!!!!!!!!!!!!!!!
20231120 061145.766 INFO             PET0 !!! THE ESMF_LOG IS SET TO OUTPUT ALL LOG MESSAGES !!!
20231120 061145.766 INFO             PET0 !!!     THIS MAY CAUSE SLOWDOWN IN PERFORMANCE     !!!
20231120 061145.766 INFO             PET0 !!! FOR PRODUCTION RUNS, USE:                      !!!
20231120 061145.766 INFO             PET0 !!!                   ESMF_LOGKIND_Multi_On_Error  !!!
20231120 061145.766 INFO             PET0 !!!!!!!!!!!!!!!!!!!!!!!!!!!!!!!!!!!!!!!!!!!!!!!!!!!!!!
20231120 061145.766 INFO             PET0 Running with ESMF Version   : v8.7.0b01-5-gf664797301
20231120 061145.766 INFO             PET0 ESMF library build date/time: "Nov 20 2023" "05:16:00"
20231120 061145.766 INFO             PET0 ESMF library build location : /glade/scratch/theurich/ESMF-Nightly-Testing/nvhpc_22.2_mpt_O_develop/esmf
20231120 061145.766 INFO             PET0 ESMF_COMM                   : mpt
20231120 061145.766 INFO             PET0 ESMF_MOAB                   : enabled
20231120 061145.766 INFO             PET0 ESMF_LAPACK                 : enabled
20231120 061145.766 INFO             PET0 ESMF_NETCDF                 : enabled
20231120 061145.766 INFO             PET0 ESMF_PNETCDF                : disabled
20231120 061145.766 INFO             PET0 ESMF_PIO                    : enabled
20231120 061145.766 INFO             PET0 ESMF_YAMLCPP                : enabled
20231120 061145.766 INFO             PET0  NUMBER_OF_PROCESSORS            4
20231120 061145.766 INFO             PET0  PASS  Example ESMF_VMUserMpiCommMultiEx, ESMF_VMUserMpiCommMultiEx.F90, line 126
20231120 061145.766 INFO             PET0  Finalizing ESMF with endflag==ESMF_END_KEEPMPI
20231120 061145.765 INFO             PET0 !!!!!!!!!!!!!!!!!!!!!!!!!!!!!!!!!!!!!!!!!!!!!!!!!!!!!!
20231120 061145.765 INFO             PET0 !!! THE ESMF_LOG IS SET TO OUTPUT ALL LOG MESSAGES !!!
20231120 061145.765 INFO             PET0 !!!     THIS MAY CAUSE SLOWDOWN IN PERFORMANCE     !!!
20231120 061145.765 INFO             PET0 !!! FOR PRODUCTION RUNS, USE:                      !!!
20231120 061145.765 INFO             PET0 !!!                   ESMF_LOGKIND_Multi_On_Error  !!!
20231120 061145.765 INFO             PET0 !!!!!!!!!!!!!!!!!!!!!!!!!!!!!!!!!!!!!!!!!!!!!!!!!!!!!!
20231120 061145.765 INFO             PET0 Running with ESMF Version   : v8.7.0b01-5-gf664797301
20231120 061145.765 INFO             PET0 ESMF library build date/time: "Nov 20 2023" "05:16:00"
20231120 061145.765 INFO             PET0 ESMF library build location : /glade/scratch/theurich/ESMF-Nightly-Testing/nvhpc_22.2_mpt_O_develop/esmf
20231120 061145.765 INFO             PET0 ESMF_COMM                   : mpt
20231120 061145.765 INFO             PET0 ESMF_MOAB                   : enabled
20231120 061145.765 INFO             PET0 ESMF_LAPACK                 : enabled
20231120 061145.765 INFO             PET0 ESMF_NETCDF                 : enabled
20231120 061145.765 INFO             PET0 ESMF_PNETCDF                : disabled
20231120 061145.765 INFO             PET0 ESMF_PIO                    : enabled
20231120 061145.765 INFO             PET0 ESMF_YAMLCPP                : enabled
20231120 061145.767 INFO             PET0  NUMBER_OF_PROCESSORS            4
20231120 061145.767 INFO             PET0  PASS  Example ESMF_VMUserMpiCommMultiEx, ESMF_VMUserMpiCommMultiEx.F90, line 154
20231120 061145.767 INFO             PET0  Finalizing ESMF with endflag==ESMF_END_KEEPMPI
20231120 061145.765 INFO             PET1 !!!!!!!!!!!!!!!!!!!!!!!!!!!!!!!!!!!!!!!!!!!!!!!!!!!!!!
20231120 061145.766 INFO             PET1 !!! THE ESMF_LOG IS SET TO OUTPUT ALL LOG MESSAGES !!!
20231120 061145.766 INFO             PET1 !!!     THIS MAY CAUSE SLOWDOWN IN PERFORMANCE     !!!
20231120 061145.766 INFO             PET1 !!! FOR PRODUCTION RUNS, USE:                      !!!
20231120 061145.766 INFO             PET1 !!!                   ESMF_LOGKIND_Multi_On_Error  !!!
20231120 061145.766 INFO             PET1 !!!!!!!!!!!!!!!!!!!!!!!!!!!!!!!!!!!!!!!!!!!!!!!!!!!!!!
20231120 061145.766 INFO             PET1 Running with ESMF Version   : v8.7.0b01-5-gf664797301
20231120 061145.766 INFO             PET1 ESMF library build date/time: "Nov 20 2023" "05:16:00"
20231120 061145.766 INFO             PET1 ESMF library build location : /glade/scratch/theurich/ESMF-Nightly-Testing/nvhpc_22.2_mpt_O_develop/esmf
20231120 061145.766 INFO             PET1 ESMF_COMM                   : mpt
20231120 061145.766 INFO             PET1 ESMF_MOAB                   : enabled
20231120 061145.766 INFO             PET1 ESMF_LAPACK                 : enabled
20231120 061145.766 INFO             PET1 ESMF_NETCDF                 : enabled
20231120 061145.766 INFO             PET1 ESMF_PNETCDF                : disabled
20231120 061145.766 INFO             PET1 ESMF_PIO                    : enabled
20231120 061145.766 INFO             PET1 ESMF_YAMLCPP                : enabled
20231120 061145.766 INFO             PET1  NUMBER_OF_PROCESSORS            4
20231120 061145.766 INFO             PET1  PASS  Example ESMF_VMUserMpiCommMultiEx, ESMF_VMUserMpiCommMultiEx.F90, line 126
20231120 061145.766 INFO             PET1  Finalizing ESMF with endflag==ESMF_END_KEEPMPI
20231120 061145.766 INFO             PET1 !!!!!!!!!!!!!!!!!!!!!!!!!!!!!!!!!!!!!!!!!!!!!!!!!!!!!!
20231120 061145.766 INFO             PET1 !!! THE ESMF_LOG IS SET TO OUTPUT ALL LOG MESSAGES !!!
20231120 061145.766 INFO             PET1 !!!     THIS MAY CAUSE SLOWDOWN IN PERFORMANCE     !!!
20231120 061145.766 INFO             PET1 !!! FOR PRODUCTION RUNS, USE:                      !!!
20231120 061145.766 INFO             PET1 !!!                   ESMF_LOGKIND_Multi_On_Error  !!!
20231120 061145.766 INFO             PET1 !!!!!!!!!!!!!!!!!!!!!!!!!!!!!!!!!!!!!!!!!!!!!!!!!!!!!!
20231120 061145.766 INFO             PET1 Running with ESMF Version   : v8.7.0b01-5-gf664797301
20231120 061145.766 INFO             PET1 ESMF library build date/time: "Nov 20 2023" "05:16:00"
20231120 061145.766 INFO             PET1 ESMF library build location : /glade/scratch/theurich/ESMF-Nightly-Testing/nvhpc_22.2_mpt_O_develop/esmf
20231120 061145.766 INFO             PET1 ESMF_COMM                   : mpt
20231120 061145.767 INFO             PET1 ESMF_MOAB                   : enabled
20231120 061145.767 INFO             PET1 ESMF_LAPACK                 : enabled
20231120 061145.767 INFO             PET1 ESMF_NETCDF                 : enabled
20231120 061145.767 INFO             PET1 ESMF_PNETCDF                : disabled
20231120 061145.767 INFO             PET1 ESMF_PIO                    : enabled
20231120 061145.767 INFO             PET1 ESMF_YAMLCPP                : enabled
20231120 061145.767 INFO             PET1  NUMBER_OF_PROCESSORS            4
20231120 061145.767 INFO             PET1  PASS  Example ESMF_VMUserMpiCommMultiEx, ESMF_VMUserMpiCommMultiEx.F90, line 154
20231120 061145.767 INFO             PET1  Finalizing ESMF with endflag==ESMF_END_KEEPMPI
