2023-10-12 02:23:35
20231012 023650.997 INFO             PET0 !!!!!!!!!!!!!!!!!!!!!!!!!!!!!!!!!!!!!!!!!!!!!!!!!!!!!!
20231012 023650.997 INFO             PET0 !!! THE ESMF_LOG IS SET TO OUTPUT ALL LOG MESSAGES !!!
20231012 023650.997 INFO             PET0 !!!     THIS MAY CAUSE SLOWDOWN IN PERFORMANCE     !!!
20231012 023650.998 INFO             PET0 !!! FOR PRODUCTION RUNS, USE:                      !!!
20231012 023650.998 INFO             PET0 !!!                   ESMF_LOGKIND_Multi_On_Error  !!!
20231012 023650.998 INFO             PET0 !!!!!!!!!!!!!!!!!!!!!!!!!!!!!!!!!!!!!!!!!!!!!!!!!!!!!!
20231012 023650.998 INFO             PET0 Running with ESMF Version   : v8.6.0b08-5-gefca49259f
20231012 023650.998 INFO             PET0 ESMF library build date/time: "Oct 12 2023" "02:22:50"
20231012 023650.998 INFO             PET0 ESMF library build location : /home/gerhard/ESMF-Nightly-Testing/gfortranclang_7.5.0_16.0.3_mpiuni_O_develop/esmf
20231012 023650.998 INFO             PET0 ESMF_COMM                   : mpiuni
20231012 023650.998 INFO             PET0 ESMF_MOAB                   : enabled
20231012 023650.998 INFO             PET0 ESMF_LAPACK                 : enabled
20231012 023650.998 INFO             PET0 ESMF_NETCDF                 : disabled
20231012 023650.998 INFO             PET0 ESMF_PNETCDF                : disabled
20231012 023650.998 INFO             PET0 ESMF_PIO                    : disabled
20231012 023650.998 INFO             PET0 ESMF_YAMLCPP                : enabled
20231012 023650.998 INFO             PET0  NUMBER_OF_PROCESSORS           1
20231012 023650.999 INFO             PET0  PASS  Example ESMF_AppMainEx, ESMF_AppMainEx.F90, line 486
20231012 023650.999 INFO             PET0  Finalizing ESMF
