2023-11-18 03:01:44
20231118 031850.191 INFO             PET0 !!!!!!!!!!!!!!!!!!!!!!!!!!!!!!!!!!!!!!!!!!!!!!!!!!!!!!
20231118 031850.191 INFO             PET0 !!! THE ESMF_LOG IS SET TO OUTPUT ALL LOG MESSAGES !!!
20231118 031850.191 INFO             PET0 !!!     THIS MAY CAUSE SLOWDOWN IN PERFORMANCE     !!!
20231118 031850.191 INFO             PET0 !!! FOR PRODUCTION RUNS, USE:                      !!!
20231118 031850.191 INFO             PET0 !!!                   ESMF_LOGKIND_Multi_On_Error  !!!
20231118 031850.191 INFO             PET0 !!!!!!!!!!!!!!!!!!!!!!!!!!!!!!!!!!!!!!!!!!!!!!!!!!!!!!
20231118 031850.191 INFO             PET0 Running with ESMF Version   : v8.7.0b01-5-gf664797301
20231118 031850.191 INFO             PET0 ESMF library build date/time: "Nov 18 2023" "03:00:45"
20231118 031850.191 INFO             PET0 ESMF library build location : /home/gerhard/ESMF-Nightly-Testing/gfortranclang_7.5.0_16.0.3_mpiuni_O_develop/esmf
20231118 031850.191 INFO             PET0 ESMF_COMM                   : mpiuni
20231118 031850.191 INFO             PET0 ESMF_MOAB                   : enabled
20231118 031850.191 INFO             PET0 ESMF_LAPACK                 : enabled
20231118 031850.191 INFO             PET0 ESMF_NETCDF                 : disabled
20231118 031850.191 INFO             PET0 ESMF_PNETCDF                : disabled
20231118 031850.191 INFO             PET0 ESMF_PIO                    : disabled
20231118 031850.191 INFO             PET0 ESMF_YAMLCPP                : enabled
20231118 031850.193 INFO             PET0 ESMF_FieldRedistStoreNF(): Just entered routine.
20231118 031850.287 INFO             PET0 ESMF_FieldRedistStoreNF(): Leaving routine.
20231118 031850.291 INFO             PET0  NUMBER_OF_PROCESSORS           1
20231118 031850.291 INFO             PET0  PASS  Example ESMF_RHandleFromFileEx, ESMF_RHandleFromFileEx.F90, line 192
20231118 031850.292 INFO             PET0  Finalizing ESMF
