2023-11-16 07:38:09
20231116 081304.376 INFO             PET0 !!!!!!!!!!!!!!!!!!!!!!!!!!!!!!!!!!!!!!!!!!!!!!!!!!!!!!
20231116 081304.376 INFO             PET0 !!! THE ESMF_LOG IS SET TO OUTPUT ALL LOG MESSAGES !!!
20231116 081304.376 INFO             PET0 !!!     THIS MAY CAUSE SLOWDOWN IN PERFORMANCE     !!!
20231116 081304.376 INFO             PET0 !!! FOR PRODUCTION RUNS, USE:                      !!!
20231116 081304.376 INFO             PET0 !!!                   ESMF_LOGKIND_Multi_On_Error  !!!
20231116 081304.376 INFO             PET0 !!!!!!!!!!!!!!!!!!!!!!!!!!!!!!!!!!!!!!!!!!!!!!!!!!!!!!
20231116 081304.376 INFO             PET0 Running with ESMF Version   : v8.7.0b01-5-gf664797301
20231116 081304.376 INFO             PET0 ESMF library build date/time: "Nov 16 2023" "07:36:07"
20231116 081304.376 INFO             PET0 ESMF library build location : /scratch2/NCEPDEV/stmp1/Gerhard.Theurich/ESMF-Nightly-Testing/intel_2023.1.0-classic_intelmpi_g_develop/esmf
20231116 081304.376 INFO             PET0 ESMF_COMM                   : intelmpi
20231116 081304.377 INFO             PET0 ESMF_MOAB                   : enabled
20231116 081304.377 INFO             PET0 ESMF_LAPACK                 : enabled
20231116 081304.377 INFO             PET0 ESMF_NETCDF                 : enabled
20231116 081304.377 INFO             PET0 ESMF_PNETCDF                : disabled
20231116 081304.377 INFO             PET0 ESMF_PIO                    : enabled
20231116 081304.377 INFO             PET0 ESMF_YAMLCPP                : enabled
20231116 081304.389 INFO             PET0  NUMBER_OF_PROCESSORS           1
20231116 081304.389 INFO             PET0  PASS  Example ESMF_XGridSparseMatEx, ESMF_XGridSparseMatEx.F90, line 642
20231116 081304.389 INFO             PET0  Finalizing ESMF
