2023-10-05 01:48:05
Operating system error: Operating system error: Operating system error: Cannot allocate memory
Memory allocation failed in xmallocarray

Error termination. Backtrace:
Cannot allocate memory
Memory allocation failed in xmallocarray

Error termination. Backtrace:
Cannot allocate memory
Memory allocation failed in xmallocarray

Error termination. Backtrace:
Operating system error: Cannot allocate memory
Memory allocation failed in xmallocarray

Error termination. Backtrace:
#0  0x2ba9b96df5cb in __esmf_pointlistmod_MOD_esmf_pointlistadd
	at /glade/scratch/theurich/ESMF-Nightly-Testing/gfortran_7.4.0_openmpi_g_develop/esmf/src/Infrastructure/PointList/interface/ESMF_PointList.F90:1018
#1  0x2ba9b96e218f in __esmf_pointlistmod_MOD_esmf_pointlistcreatefrmlocstream
	at /glade/scratch/theurich/ESMF-Nightly-Testing/gfortran_7.4.0_openmpi_g_develop/esmf/src/Infrastructure/PointList/interface/ESMF_PointList.F90:671
#0  0x2afae42195cb in __esmf_pointlistmod_MOD_esmf_pointlistadd
	at /glade/scratch/theurich/ESMF-Nightly-Testing/gfortran_7.4.0_openmpi_g_develop/esmf/src/Infrastructure/PointList/interface/ESMF_PointList.F90:1018
#1  0x2afae421c18f in __esmf_pointlistmod_MOD_esmf_pointlistcreatefrmlocstream
	at /glade/scratch/theurich/ESMF-Nightly-Testing/gfortran_7.4.0_openmpi_g_develop/esmf/src/Infrastructure/PointList/interface/ESMF_PointList.F90:671
#0  0x2aac1a9395cb in __esmf_pointlistmod_MOD_esmf_pointlistadd
	at /glade/scratch/theurich/ESMF-Nightly-Testing/gfortran_7.4.0_openmpi_g_develop/esmf/src/Infrastructure/PointList/interface/ESMF_PointList.F90:1018
#1  0x2aac1a93c18f in __esmf_pointlistmod_MOD_esmf_pointlistcreatefrmlocstream
	at /glade/scratch/theurich/ESMF-Nightly-Testing/gfortran_7.4.0_openmpi_g_develop/esmf/src/Infrastructure/PointList/interface/ESMF_PointList.F90:671
#0  0x2b62160305cb in __esmf_pointlistmod_MOD_esmf_pointlistadd
	at /glade/scratch/theurich/ESMF-Nightly-Testing/gfortran_7.4.0_openmpi_g_develop/esmf/src/Infrastructure/PointList/interface/ESMF_PointList.F90:1018
#1  0x2b621603318f in __esmf_pointlistmod_MOD_esmf_pointlistcreatefrmlocstream
	at /glade/scratch/theurich/ESMF-Nightly-Testing/gfortran_7.4.0_openmpi_g_develop/esmf/src/Infrastructure/PointList/interface/ESMF_PointList.F90:671
#2  0x2ba9b91f3bd7 in getpointlistonfieldloc
	at /glade/scratch/theurich/ESMF-Nightly-Testing/gfortran_7.4.0_openmpi_g_develop/esmf/src/Infrastructure/Field/src/ESMF_FieldRegrid.F90:1676
#3  0x2ba9b91f6c4e in __esmf_fieldregridmod_MOD_esmf_fieldregridstorenx
	at /glade/scratch/theurich/ESMF-Nightly-Testing/gfortran_7.4.0_openmpi_g_develop/esmf/src/Infrastructure/Field/src/ESMF_FieldRegrid.F90:1053
#2  0x2afae3d2dbd7 in getpointlistonfieldloc
	at /glade/scratch/theurich/ESMF-Nightly-Testing/gfortran_7.4.0_openmpi_g_develop/esmf/src/Infrastructure/Field/src/ESMF_FieldRegrid.F90:1676
#3  0x2afae3d30e26 in __esmf_fieldregridmod_MOD_esmf_fieldregridstorenx
	at /glade/scratch/theurich/ESMF-Nightly-Testing/gfortran_7.4.0_openmpi_g_develop/esmf/src/Infrastructure/Field/src/ESMF_FieldRegrid.F90:1062
#2  0x2aac1a44dbd7 in getpointlistonfieldloc
	at /glade/scratch/theurich/ESMF-Nightly-Testing/gfortran_7.4.0_openmpi_g_develop/esmf/src/Infrastructure/Field/src/ESMF_FieldRegrid.F90:1676
#3  0x2aac1a450e26 in __esmf_fieldregridmod_MOD_esmf_fieldregridstorenx
	at /glade/scratch/theurich/ESMF-Nightly-Testing/gfortran_7.4.0_openmpi_g_develop/esmf/src/Infrastructure/Field/src/ESMF_FieldRegrid.F90:1062
#2  0x2b6215b44bd7 in getpointlistonfieldloc
	at /glade/scratch/theurich/ESMF-Nightly-Testing/gfortran_7.4.0_openmpi_g_develop/esmf/src/Infrastructure/Field/src/ESMF_FieldRegrid.F90:1676
#3  0x2b6215b47c4e in __esmf_fieldregridmod_MOD_esmf_fieldregridstorenx
	at /glade/scratch/theurich/ESMF-Nightly-Testing/gfortran_7.4.0_openmpi_g_develop/esmf/src/Infrastructure/Field/src/ESMF_FieldRegrid.F90:1053
#4  0x2aac1a093583 in __esmf_fieldbundlemod_MOD_esmf_fieldbundleregridstorepair
	at /glade/scratch/theurich/ESMF-Nightly-Testing/gfortran_7.4.0_openmpi_g_develop/esmf/src/Infrastructure/FieldBundle/src/ESMF_FieldBundle.F90:16178
#4  0x2afae3973583 in __esmf_fieldbundlemod_MOD_esmf_fieldbundleregridstorepair
	at /glade/scratch/theurich/ESMF-Nightly-Testing/gfortran_7.4.0_openmpi_g_develop/esmf/src/Infrastructure/FieldBundle/src/ESMF_FieldBundle.F90:16178
#4  0x2ba9b8e39583 in __esmf_fieldbundlemod_MOD_esmf_fieldbundleregridstorepair
	at /glade/scratch/theurich/ESMF-Nightly-Testing/gfortran_7.4.0_openmpi_g_develop/esmf/src/Infrastructure/FieldBundle/src/ESMF_FieldBundle.F90:16178
#4  0x2b621578a583 in __esmf_fieldbundlemod_MOD_esmf_fieldbundleregridstorepair
	at /glade/scratch/theurich/ESMF-Nightly-Testing/gfortran_7.4.0_openmpi_g_develop/esmf/src/Infrastructure/FieldBundle/src/ESMF_FieldBundle.F90:16178
#5  0x2ba9b99f5b51 in fieldbundlecplstore
	at /glade/scratch/theurich/ESMF-Nightly-Testing/gfortran_7.4.0_openmpi_g_develop/esmf/src/addon/NUOPC/src/NUOPC_Connector.F90:8094
#6  0x2ba9b9a18558 in initializeipdv05p6b
#5  0x2aac1ac4fb51 in fieldbundlecplstore
	at /glade/scratch/theurich/ESMF-Nightly-Testing/gfortran_7.4.0_openmpi_g_develop/esmf/src/addon/NUOPC/src/NUOPC_Connector.F90:8094
#6  0x2aac1ac72558 in initializeipdv05p6b
#5  0x2b6216346b51 in fieldbundlecplstore
	at /glade/scratch/theurich/ESMF-Nightly-Testing/gfortran_7.4.0_openmpi_g_develop/esmf/src/addon/NUOPC/src/NUOPC_Connector.F90:8094
#6  0x2b6216369558 in initializeipdv05p6b
	at /glade/scratch/theurich/ESMF-Nightly-Testing/gfortran_7.4.0_openmpi_g_develop/esmf/src/addon/NUOPC/src/NUOPC_Connector.F90:5438
	at /glade/scratch/theurich/ESMF-Nightly-Testing/gfortran_7.4.0_openmpi_g_develop/esmf/src/addon/NUOPC/src/NUOPC_Connector.F90:5438
#5  0x2afae452fb51 in fieldbundlecplstore
	at /glade/scratch/theurich/ESMF-Nightly-Testing/gfortran_7.4.0_openmpi_g_develop/esmf/src/addon/NUOPC/src/NUOPC_Connector.F90:8094
#6  0x2afae4552558 in initializeipdv05p6b
	at /glade/scratch/theurich/ESMF-Nightly-Testing/gfortran_7.4.0_openmpi_g_develop/esmf/src/addon/NUOPC/src/NUOPC_Connector.F90:5438
	at /glade/scratch/theurich/ESMF-Nightly-Testing/gfortran_7.4.0_openmpi_g_develop/esmf/src/addon/NUOPC/src/NUOPC_Connector.F90:5438
#7  0x2ba9b863f6de in _ZN5ESMCI6FTable12callVFuncPtrEPKcPNS_2VMEPi
	at /glade/scratch/theurich/ESMF-Nightly-Testing/gfortran_7.4.0_openmpi_g_develop/esmf/src/Superstructure/Component/src/ESMCI_FTable.C:2167
#7  0x2afae31796de in _ZN5ESMCI6FTable12callVFuncPtrEPKcPNS_2VMEPi
	at /glade/scratch/theurich/ESMF-Nightly-Testing/gfortran_7.4.0_openmpi_g_develop/esmf/src/Superstructure/Component/src/ESMCI_FTable.C:2167
#7  0x2b6214f906de in _ZN5ESMCI6FTable12callVFuncPtrEPKcPNS_2VMEPi
	at /glade/scratch/theurich/ESMF-Nightly-Testing/gfortran_7.4.0_openmpi_g_develop/esmf/src/Superstructure/Component/src/ESMCI_FTable.C:2167
#7  0x2aac198996de in _ZN5ESMCI6FTable12callVFuncPtrEPKcPNS_2VMEPi
	at /glade/scratch/theurich/ESMF-Nightly-Testing/gfortran_7.4.0_openmpi_g_develop/esmf/src/Superstructure/Component/src/ESMCI_FTable.C:2167
#8  0x2ba9b863c829 in ESMCI_FTableCallEntryPointVMHop
	at /glade/scratch/theurich/ESMF-Nightly-Testing/gfortran_7.4.0_openmpi_g_develop/esmf/src/Superstructure/Component/src/ESMCI_FTable.C:824
#8  0x2afae3176829 in ESMCI_FTableCallEntryPointVMHop
	at /glade/scratch/theurich/ESMF-Nightly-Testing/gfortran_7.4.0_openmpi_g_develop/esmf/src/Superstructure/Component/src/ESMCI_FTable.C:824
#8  0x2b6214f8d829 in ESMCI_FTableCallEntryPointVMHop
	at /glade/scratch/theurich/ESMF-Nightly-Testing/gfortran_7.4.0_openmpi_g_develop/esmf/src/Superstructure/Component/src/ESMCI_FTable.C:824
#8  0x2aac19896829 in ESMCI_FTableCallEntryPointVMHop
	at /glade/scratch/theurich/ESMF-Nightly-Testing/gfortran_7.4.0_openmpi_g_develop/esmf/src/Superstructure/Component/src/ESMCI_FTable.C:824
#9  0x2afae35737f3 in _ZN5ESMCI3VMK5enterEPNS_7VMKPlanEPvS3_
	at /glade/scratch/theurich/ESMF-Nightly-Testing/gfortran_7.4.0_openmpi_g_develop/esmf/src/Infrastructure/VM/src/ESMCI_VMKernel.C:2316
#9  0x2b621538a7f3 in _ZN5ESMCI3VMK5enterEPNS_7VMKPlanEPvS3_
	at /glade/scratch/theurich/ESMF-Nightly-Testing/gfortran_7.4.0_openmpi_g_develop/esmf/src/Infrastructure/VM/src/ESMCI_VMKernel.C:2316
#9  0x2ba9b8a397f3 in _ZN5ESMCI3VMK5enterEPNS_7VMKPlanEPvS3_
	at /glade/scratch/theurich/ESMF-Nightly-Testing/gfortran_7.4.0_openmpi_g_develop/esmf/src/Infrastructure/VM/src/ESMCI_VMKernel.C:2316
#9  0x2aac19c937f3 in _ZN5ESMCI3VMK5enterEPNS_7VMKPlanEPvS3_
	at /glade/scratch/theurich/ESMF-Nightly-Testing/gfortran_7.4.0_openmpi_g_develop/esmf/src/Infrastructure/VM/src/ESMCI_VMKernel.C:2316
#10  0x2afae358f20c in _ZN5ESMCI2VM5enterEPNS_6VMPlanEPvS3_
	at /glade/scratch/theurich/ESMF-Nightly-Testing/gfortran_7.4.0_openmpi_g_develop/esmf/src/Infrastructure/VM/src/ESMCI_VM.C:1216
#11  0x2afae3176cbf in c_esmc_ftablecallentrypointvm_
	at /glade/scratch/theurich/ESMF-Nightly-Testing/gfortran_7.4.0_openmpi_g_develop/esmf/src/Superstructure/Component/src/ESMCI_FTable.C:981
#10  0x2ba9b8a5520c in _ZN5ESMCI2VM5enterEPNS_6VMPlanEPvS3_
	at /glade/scratch/theurich/ESMF-Nightly-Testing/gfortran_7.4.0_openmpi_g_develop/esmf/src/Infrastructure/VM/src/ESMCI_VM.C:1216
#11  0x2ba9b863ccbf in c_esmc_ftablecallentrypointvm_
#10  0x2aac19caf20c in _ZN5ESMCI2VM5enterEPNS_6VMPlanEPvS3_
	at /glade/scratch/theurich/ESMF-Nightly-Testing/gfortran_7.4.0_openmpi_g_develop/esmf/src/Infrastructure/VM/src/ESMCI_VM.C:1216
	at /glade/scratch/theurich/ESMF-Nightly-Testing/gfortran_7.4.0_openmpi_g_develop/esmf/src/Superstructure/Component/src/ESMCI_FTable.C:981
#11  0x2aac19896cbf in c_esmc_ftablecallentrypointvm_
	at /glade/scratch/theurich/ESMF-Nightly-Testing/gfortran_7.4.0_openmpi_g_develop/esmf/src/Superstructure/Component/src/ESMCI_FTable.C:981
#10  0x2b62153a620c in _ZN5ESMCI2VM5enterEPNS_6VMPlanEPvS3_
	at /glade/scratch/theurich/ESMF-Nightly-Testing/gfortran_7.4.0_openmpi_g_develop/esmf/src/Infrastructure/VM/src/ESMCI_VM.C:1216
#11  0x2b6214f8dcbf in c_esmc_ftablecallentrypointvm_
	at /glade/scratch/theurich/ESMF-Nightly-Testing/gfortran_7.4.0_openmpi_g_develop/esmf/src/Superstructure/Component/src/ESMCI_FTable.C:981
#12  0x2ba9b8ddfe70 in __esmf_compmod_MOD_esmf_compexecute
	at /glade/scratch/theurich/ESMF-Nightly-Testing/gfortran_7.4.0_openmpi_g_develop/esmf/src/Superstructure/Component/src/ESMF_Comp.F90:1225
#12  0x2afae3919e70 in __esmf_compmod_MOD_esmf_compexecute
	at /glade/scratch/theurich/ESMF-Nightly-Testing/gfortran_7.4.0_openmpi_g_develop/esmf/src/Superstructure/Component/src/ESMF_Comp.F90:1225
#12  0x2b6215730e70 in __esmf_compmod_MOD_esmf_compexecute
	at /glade/scratch/theurich/ESMF-Nightly-Testing/gfortran_7.4.0_openmpi_g_develop/esmf/src/Superstructure/Component/src/ESMF_Comp.F90:1225
#12  0x2aac1a039e70 in __esmf_compmod_MOD_esmf_compexecute
	at /glade/scratch/theurich/ESMF-Nightly-Testing/gfortran_7.4.0_openmpi_g_develop/esmf/src/Superstructure/Component/src/ESMF_Comp.F90:1225
#13  0x2afae3932de5 in __esmf_cplcompmod_MOD_esmf_cplcompinitialize
	at /glade/scratch/theurich/ESMF-Nightly-Testing/gfortran_7.4.0_openmpi_g_develop/esmf/src/Superstructure/Component/src/ESMF_CplComp.F90:1168
#13  0x2b6215749de5 in __esmf_cplcompmod_MOD_esmf_cplcompinitialize
	at /glade/scratch/theurich/ESMF-Nightly-Testing/gfortran_7.4.0_openmpi_g_develop/esmf/src/Superstructure/Component/src/ESMF_CplComp.F90:1168
#13  0x2ba9b8df8de5 in __esmf_cplcompmod_MOD_esmf_cplcompinitialize
	at /glade/scratch/theurich/ESMF-Nightly-Testing/gfortran_7.4.0_openmpi_g_develop/esmf/src/Superstructure/Component/src/ESMF_CplComp.F90:1168
#13  0x2aac1a052de5 in __esmf_cplcompmod_MOD_esmf_cplcompinitialize
	at /glade/scratch/theurich/ESMF-Nightly-Testing/gfortran_7.4.0_openmpi_g_develop/esmf/src/Superstructure/Component/src/ESMF_CplComp.F90:1168
#14  0x2ba9b9acde0b in loopconnectorcompss
	at /glade/scratch/theurich/ESMF-Nightly-Testing/gfortran_7.4.0_openmpi_g_develop/esmf/src/addon/NUOPC/src/NUOPC_Driver.F90:3049
#15  0x2ba9b9adfe48 in initializeipdv02p3
	at /glade/scratch/theurich/ESMF-Nightly-Testing/gfortran_7.4.0_openmpi_g_develop/esmf/src/addon/NUOPC/src/NUOPC_Driver.F90:2157
#16  0x2ba9b9b0231c in initializegeneric
	at /glade/scratch/theurich/ESMF-Nightly-Testing/gfortran_7.4.0_openmpi_g_develop/esmf/src/addon/NUOPC/src/NUOPC_Driver.F90:487
#14  0x2afae4607e0b in loopconnectorcompss
	at /glade/scratch/theurich/ESMF-Nightly-Testing/gfortran_7.4.0_openmpi_g_develop/esmf/src/addon/NUOPC/src/NUOPC_Driver.F90:3049
#15  0x2afae4619e48 in initializeipdv02p3
	at /glade/scratch/theurich/ESMF-Nightly-Testing/gfortran_7.4.0_openmpi_g_develop/esmf/src/addon/NUOPC/src/NUOPC_Driver.F90:2157
#16  0x2afae463c31c in initializegeneric
#14  0x2b621641ee0b in loopconnectorcompss
	at /glade/scratch/theurich/ESMF-Nightly-Testing/gfortran_7.4.0_openmpi_g_develop/esmf/src/addon/NUOPC/src/NUOPC_Driver.F90:3049
#15  0x2b6216430e48 in initializeipdv02p3
	at /glade/scratch/theurich/ESMF-Nightly-Testing/gfortran_7.4.0_openmpi_g_develop/esmf/src/addon/NUOPC/src/NUOPC_Driver.F90:2157
#16  0x2b621645331c in initializegeneric
	at /glade/scratch/theurich/ESMF-Nightly-Testing/gfortran_7.4.0_openmpi_g_develop/esmf/src/addon/NUOPC/src/NUOPC_Driver.F90:487
#14  0x2aac1ad27e0b in loopconnectorcompss
	at /glade/scratch/theurich/ESMF-Nightly-Testing/gfortran_7.4.0_openmpi_g_develop/esmf/src/addon/NUOPC/src/NUOPC_Driver.F90:3049
#15  0x2aac1ad39e48 in initializeipdv02p3
	at /glade/scratch/theurich/ESMF-Nightly-Testing/gfortran_7.4.0_openmpi_g_develop/esmf/src/addon/NUOPC/src/NUOPC_Driver.F90:2157
#16  0x2aac1ad5c31c in initializegeneric
	at /glade/scratch/theurich/ESMF-Nightly-Testing/gfortran_7.4.0_openmpi_g_develop/esmf/src/addon/NUOPC/src/NUOPC_Driver.F90:487
#17  0x2aac198996de in _ZN5ESMCI6FTable12callVFuncPtrEPKcPNS_2VMEPi
	at /glade/scratch/theurich/ESMF-Nightly-Testing/gfortran_7.4.0_openmpi_g_develop/esmf/src/Superstructure/Component/src/ESMCI_FTable.C:2167
#17  0x2b6214f906de in _ZN5ESMCI6FTable12callVFuncPtrEPKcPNS_2VMEPi
	at /glade/scratch/theurich/ESMF-Nightly-Testing/gfortran_7.4.0_openmpi_g_develop/esmf/src/Superstructure/Component/src/ESMCI_FTable.C:2167
#18  0x2b6214f8d829 in ESMCI_FTableCallEntryPointVMHop
	at /glade/scratch/theurich/ESMF-Nightly-Testing/gfortran_7.4.0_openmpi_g_develop/esmf/src/Superstructure/Component/src/ESMCI_FTable.C:824
#17  0x2ba9b863f6de in _ZN5ESMCI6FTable12callVFuncPtrEPKcPNS_2VMEPi
	at /glade/scratch/theurich/ESMF-Nightly-Testing/gfortran_7.4.0_openmpi_g_develop/esmf/src/Superstructure/Component/src/ESMCI_FTable.C:2167
#18  0x2ba9b863c829 in ESMCI_FTableCallEntryPointVMHop
	at /glade/scratch/theurich/ESMF-Nightly-Testing/gfortran_7.4.0_openmpi_g_develop/esmf/src/Superstructure/Component/src/ESMCI_FTable.C:824
#19  0x2ba9b8a397f3 in _ZN5ESMCI3VMK5enterEPNS_7VMKPlanEPvS3_
	at /glade/scratch/theurich/ESMF-Nightly-Testing/gfortran_7.4.0_openmpi_g_develop/esmf/src/Infrastructure/VM/src/ESMCI_VMKernel.C:2316
	at /glade/scratch/theurich/ESMF-Nightly-Testing/gfortran_7.4.0_openmpi_g_develop/esmf/src/addon/NUOPC/src/NUOPC_Driver.F90:487
#17  0x2afae31796de in _ZN5ESMCI6FTable12callVFuncPtrEPKcPNS_2VMEPi
	at /glade/scratch/theurich/ESMF-Nightly-Testing/gfortran_7.4.0_openmpi_g_develop/esmf/src/Superstructure/Component/src/ESMCI_FTable.C:2167
#18  0x2afae3176829 in ESMCI_FTableCallEntryPointVMHop
	at /glade/scratch/theurich/ESMF-Nightly-Testing/gfortran_7.4.0_openmpi_g_develop/esmf/src/Superstructure/Component/src/ESMCI_FTable.C:824
#19  0x2afae35737f3 in _ZN5ESMCI3VMK5enterEPNS_7VMKPlanEPvS3_
	at /glade/scratch/theurich/ESMF-Nightly-Testing/gfortran_7.4.0_openmpi_g_develop/esmf/src/Infrastructure/VM/src/ESMCI_VMKernel.C:2316
#18  0x2aac19896829 in ESMCI_FTableCallEntryPointVMHop
	at /glade/scratch/theurich/ESMF-Nightly-Testing/gfortran_7.4.0_openmpi_g_develop/esmf/src/Superstructure/Component/src/ESMCI_FTable.C:824
#19  0x2aac19c937f3 in _ZN5ESMCI3VMK5enterEPNS_7VMKPlanEPvS3_
	at /glade/scratch/theurich/ESMF-Nightly-Testing/gfortran_7.4.0_openmpi_g_develop/esmf/src/Infrastructure/VM/src/ESMCI_VMKernel.C:2316
#20  0x2aac19caf20c in _ZN5ESMCI2VM5enterEPNS_6VMPlanEPvS3_
	at /glade/scratch/theurich/ESMF-Nightly-Testing/gfortran_7.4.0_openmpi_g_develop/esmf/src/Infrastructure/VM/src/ESMCI_VM.C:1216
#20  0x2afae358f20c in _ZN5ESMCI2VM5enterEPNS_6VMPlanEPvS3_
	at /glade/scratch/theurich/ESMF-Nightly-Testing/gfortran_7.4.0_openmpi_g_develop/esmf/src/Infrastructure/VM/src/ESMCI_VM.C:1216
#21  0x2afae3176cbf in c_esmc_ftablecallentrypointvm_
	at /glade/scratch/theurich/ESMF-Nightly-Testing/gfortran_7.4.0_openmpi_g_develop/esmf/src/Superstructure/Component/src/ESMCI_FTable.C:981
#22  0x2afae3919e70 in __esmf_compmod_MOD_esmf_compexecute
	at /glade/scratch/theurich/ESMF-Nightly-Testing/gfortran_7.4.0_openmpi_g_develop/esmf/src/Superstructure/Component/src/ESMF_Comp.F90:1225
#19  0x2b621538a7f3 in _ZN5ESMCI3VMK5enterEPNS_7VMKPlanEPvS3_
	at /glade/scratch/theurich/ESMF-Nightly-Testing/gfortran_7.4.0_openmpi_g_develop/esmf/src/Infrastructure/VM/src/ESMCI_VMKernel.C:2316
#20  0x2b62153a620c in _ZN5ESMCI2VM5enterEPNS_6VMPlanEPvS3_
	at /glade/scratch/theurich/ESMF-Nightly-Testing/gfortran_7.4.0_openmpi_g_develop/esmf/src/Infrastructure/VM/src/ESMCI_VM.C:1216
#21  0x2b6214f8dcbf in c_esmc_ftablecallentrypointvm_
	at /glade/scratch/theurich/ESMF-Nightly-Testing/gfortran_7.4.0_openmpi_g_develop/esmf/src/Superstructure/Component/src/ESMCI_FTable.C:981
#22  0x2b6215730e70 in __esmf_compmod_MOD_esmf_compexecute
	at /glade/scratch/theurich/ESMF-Nightly-Testing/gfortran_7.4.0_openmpi_g_develop/esmf/src/Superstructure/Component/src/ESMF_Comp.F90:1225
#20  0x2ba9b8a5520c in _ZN5ESMCI2VM5enterEPNS_6VMPlanEPvS3_
	at /glade/scratch/theurich/ESMF-Nightly-Testing/gfortran_7.4.0_openmpi_g_develop/esmf/src/Infrastructure/VM/src/ESMCI_VM.C:1216
#21  0x2ba9b863ccbf in c_esmc_ftablecallentrypointvm_
	at /glade/scratch/theurich/ESMF-Nightly-Testing/gfortran_7.4.0_openmpi_g_develop/esmf/src/Superstructure/Component/src/ESMCI_FTable.C:981
#22  0x2ba9b8ddfe70 in __esmf_compmod_MOD_esmf_compexecute
	at /glade/scratch/theurich/ESMF-Nightly-Testing/gfortran_7.4.0_openmpi_g_develop/esmf/src/Superstructure/Component/src/ESMF_Comp.F90:1225
#21  0x2aac19896cbf in c_esmc_ftablecallentrypointvm_
	at /glade/scratch/theurich/ESMF-Nightly-Testing/gfortran_7.4.0_openmpi_g_develop/esmf/src/Superstructure/Component/src/ESMCI_FTable.C:981
#22  0x2aac1a039e70 in __esmf_compmod_MOD_esmf_compexecute
	at /glade/scratch/theurich/ESMF-Nightly-Testing/gfortran_7.4.0_openmpi_g_develop/esmf/src/Superstructure/Component/src/ESMF_Comp.F90:1225
#23  0x2ba9b926bb6e in __esmf_gridcompmod_MOD_esmf_gridcompinitialize
	at /glade/scratch/theurich/ESMF-Nightly-Testing/gfortran_7.4.0_openmpi_g_develop/esmf/src/Superstructure/Component/src/ESMF_GridComp.F90:1415
#23  0x2afae3da5b6e in __esmf_gridcompmod_MOD_esmf_gridcompinitialize
	at /glade/scratch/theurich/ESMF-Nightly-Testing/gfortran_7.4.0_openmpi_g_develop/esmf/src/Superstructure/Component/src/ESMF_GridComp.F90:1415
#23  0x2aac1a4c5b6e in __esmf_gridcompmod_MOD_esmf_gridcompinitialize
	at /glade/scratch/theurich/ESMF-Nightly-Testing/gfortran_7.4.0_openmpi_g_develop/esmf/src/Superstructure/Component/src/ESMF_GridComp.F90:1415
#23  0x2b6215bbcb6e in __esmf_gridcompmod_MOD_esmf_gridcompinitialize
	at /glade/scratch/theurich/ESMF-Nightly-Testing/gfortran_7.4.0_openmpi_g_develop/esmf/src/Superstructure/Component/src/ESMF_GridComp.F90:1415
#24  0x406ead in esmapp
	at /glade/scratch/theurich/ESMF-Nightly-Testing/gfortran_7.4.0_openmpi_g_develop/nuopc-app-prototypes/AtmOcnPetListProto/esmApp.F90:83
#24  0x406ead in esmapp
	at /glade/scratch/theurich/ESMF-Nightly-Testing/gfortran_7.4.0_openmpi_g_develop/nuopc-app-prototypes/AtmOcnPetListProto/esmApp.F90:83
#24  0x406ead in esmapp
	at /glade/scratch/theurich/ESMF-Nightly-Testing/gfortran_7.4.0_openmpi_g_develop/nuopc-app-prototypes/AtmOcnPetListProto/esmApp.F90:83
#24  0x406ead in esmapp
	at /glade/scratch/theurich/ESMF-Nightly-Testing/gfortran_7.4.0_openmpi_g_develop/nuopc-app-prototypes/AtmOcnPetListProto/esmApp.F90:83
#25  0x407453 in main
	at /glade/scratch/theurich/ESMF-Nightly-Testing/gfortran_7.4.0_openmpi_g_develop/nuopc-app-prototypes/AtmOcnPetListProto/esmApp.F90:17
#25  0x407453 in main
	at /glade/scratch/theurich/ESMF-Nightly-Testing/gfortran_7.4.0_openmpi_g_develop/nuopc-app-prototypes/AtmOcnPetListProto/esmApp.F90:17
#25  0x407453 in main
	at /glade/scratch/theurich/ESMF-Nightly-Testing/gfortran_7.4.0_openmpi_g_develop/nuopc-app-prototypes/AtmOcnPetListProto/esmApp.F90:17
#25  0x407453 in main
	at /glade/scratch/theurich/ESMF-Nightly-Testing/gfortran_7.4.0_openmpi_g_develop/nuopc-app-prototypes/AtmOcnPetListProto/esmApp.F90:17
--------------------------------------------------------------------------
Primary job  terminated normally, but 1 process returned
a non-zero exit code. Per user-direction, the job has been aborted.
--------------------------------------------------------------------------
--------------------------------------------------------------------------
mpirun detected that one or more processes exited with non-zero status, thus causing
the job to be terminated. The first process to do so was:

  Process name: [[25607,1],1]
  Exit code:    1
--------------------------------------------------------------------------
