2023-10-08 07:40:03
20231008 083224.752 INFO             PET0 !!!!!!!!!!!!!!!!!!!!!!!!!!!!!!!!!!!!!!!!!!!!!!!!!!!!!!
20231008 083224.752 INFO             PET0 !!! THE ESMF_LOG IS SET TO OUTPUT ALL LOG MESSAGES !!!
20231008 083224.752 INFO             PET0 !!!     THIS MAY CAUSE SLOWDOWN IN PERFORMANCE     !!!
20231008 083224.752 INFO             PET0 !!! FOR PRODUCTION RUNS, USE:                      !!!
20231008 083224.752 INFO             PET0 !!!                   ESMF_LOGKIND_Multi_On_Error  !!!
20231008 083224.752 INFO             PET0 !!!!!!!!!!!!!!!!!!!!!!!!!!!!!!!!!!!!!!!!!!!!!!!!!!!!!!
20231008 083224.752 INFO             PET0 Running with ESMF Version   : v8.6.0b07-67-gb347190ad6
20231008 083224.752 INFO             PET0 ESMF library build date/time: "Oct  8 2023" "07:38:06"
20231008 083224.752 INFO             PET0 ESMF library build location : /scratch2/NCEPDEV/stmp1/Gerhard.Theurich/ESMF-Nightly-Testing/intel_2023.1.0_intelmpi_g_develop/esmf
20231008 083224.752 INFO             PET0 ESMF_COMM                   : intelmpi
20231008 083224.753 INFO             PET0 ESMF_MOAB                   : enabled
20231008 083224.753 INFO             PET0 ESMF_LAPACK                 : enabled
20231008 083224.753 INFO             PET0 ESMF_NETCDF                 : enabled
20231008 083224.753 INFO             PET0 ESMF_PNETCDF                : disabled
20231008 083224.753 INFO             PET0 ESMF_PIO                    : enabled
20231008 083224.753 INFO             PET0 ESMF_YAMLCPP                : enabled
20231008 083224.754 INFO             PET0 mainApp STARTING
20231008 083224.759 INFO             PET0 driver: InitializeGeneric intro.
20231008 083224.759 INFO             PET0   driver: InitializeP0 intro.
20231008 083224.759 INFO             PET0   driver: InitializeP0 extro.
20231008 083224.759 INFO             PET0   driver: InitializeIPDv02p1 intro.
20231008 083224.759 INFO             PET0     >>>driver: entered Initialize (phase=<none>) without valid internal Clock.
20231008 083224.760 INFO             PET0     driver - Creating model component MODEL without petList.
20231008 083224.762 INFO             PET0      GridCompIsPetLocal:  T
20231008 083224.762 INFO             PET0      VmIsCreated:  T
20231008 083224.762 INFO             PET0      valid MPI_COMM with size=           4
20231008 083224.763 INFO             PET0     driver - Creating state: modelComp 1 Import State
20231008 083224.763 INFO             PET0     driver - Creating state: modelComp 1 Export State
20231008 083224.763 INFO             PET0     MODEL: InitializeP0 intro.
20231008 083224.764 INFO             PET0       >>>MODEL: entered Initialize (phase=<none>) without valid internal Clock.
20231008 083224.765 INFO             PET0       <<<MODEL: leaving Initialize (phase=<none>) without valid internal Clock.
20231008 083224.765 INFO             PET0     MODEL: InitializeP0 extro.
20231008 083224.766 INFO             PET0     driver: IInitAdvertise intro.
20231008 083224.766 INFO             PET0     driver: IInitAdvertise extro.
20231008 083224.767 INFO             PET0     MODEL: InitializeIPDvXp01 intro.
20231008 083224.767 INFO             PET0       >>>MODEL: entered Initialize (phase=IPDvXp01) without valid internal Clock.
20231008 083224.768 INFO             PET0       <<<MODEL: leaving Initialize (phase=IPDvXp01) without valid internal Clock.
20231008 083224.768 INFO             PET0     MODEL: InitializeIPDvXp01 extro.
20231008 083224.769 INFO             PET0     driver: IInitAdvertiseFinish intro.
20231008 083224.769 INFO             PET0     driver: IInitAdvertiseFinish extro.
20231008 083224.769 INFO             PET0     driver: IInitModifyCplLists intro.
20231008 083224.769 INFO             PET0     driver: IInitModifyCplLists extro.
20231008 083224.769 INFO             PET0     <<<driver: leaving Initialize (phase=<none>) with current time:    0  1  1  0  0  0   0
20231008 083224.769 INFO             PET0   driver: InitializeIPDv02p1 extro.
20231008 083224.770 INFO             PET0   driver: InitializeIPDv02p3 intro.
20231008 083224.770 INFO             PET0     >>>driver: entered Initialize (phase=<none>) with current time:    0  1  1  0  0  0   0
20231008 083224.770 INFO             PET0     driver: IInitCheck intro.
20231008 083224.770 INFO             PET0     driver: IInitCheck extro.
20231008 083224.770 INFO             PET0     MODEL: InitializeIPDvXp04 intro.
20231008 083224.770 INFO             PET0       >>>MODEL: entered Initialize (phase=IPDvXp04) without valid internal Clock.
20231008 083224.775 INFO             PET0       After Realize: - MemInfo: [/proc/meminfo - SSI]	MemTotal:       97470520 kB
20231008 083224.775 INFO             PET0       After Realize: - MemInfo: [/proc/meminfo - SSI]	MemFree:        84333796 kB
20231008 083224.775 INFO             PET0       After Realize: - MemInfo: [/proc/meminfo - SSI]	MemAvailable:   89389476 kB
20231008 083224.775 INFO             PET0       After Realize: - MemInfo: [/proc/meminfo - SSI]	Committed_AS:    1812804 kB
20231008 083224.775 INFO             PET0       After Realize: - MemInfo: [/proc/meminfo - SSI]	CommittedPercent: 1.85985 %
20231008 083224.775 INFO             PET0       After Realize: - MemInfo: [/proc/self/status]	VmPeak:	 2768868 kB
20231008 083224.775 INFO             PET0       After Realize: - MemInfo: [/proc/self/status]	VmSize:	 2768868 kB
20231008 083224.775 INFO             PET0       After Realize: - MemInfo: [/proc/self/status]	VmLck:	       0 kB
20231008 083224.775 INFO             PET0       After Realize: - MemInfo: [/proc/self/status]	VmPin:	   82044 kB
20231008 083224.775 INFO             PET0       After Realize: - MemInfo: [/proc/self/status]	VmHWM:	  176800 kB
20231008 083224.775 INFO             PET0       After Realize: - MemInfo: [/proc/self/status]	VmRSS:	  176800 kB
20231008 083224.775 INFO             PET0       After Realize: - MemInfo: [/proc/self/status]	VmData:	  225592 kB
20231008 083224.775 INFO             PET0       After Realize: - MemInfo: [/proc/self/status]	VmStk:	     208 kB
20231008 083224.775 INFO             PET0       After Realize: - MemInfo: [/proc/self/status]	VmExe:	    1340 kB
20231008 083224.775 INFO             PET0       After Realize: - MemInfo: [/proc/self/status]	VmLib:	  127848 kB
20231008 083224.775 INFO             PET0       After Realize: - MemInfo: [/proc/self/status]	VmPTE:	     836 kB
20231008 083224.775 INFO             PET0       After Realize: - MemInfo: [/proc/self/status]	VmSwap:	       0 kB
20231008 083224.775 INFO             PET0       After Realize: - MemInfo: [/proc/self/status]	VmRSSPercent: 0.181388 %
20231008 083224.775 INFO             PET0       After Realize: - MemInfo: [malloc] Non-mmapped space allocated:                 1298432 Byte
20231008 083224.775 INFO             PET0       After Realize: - MemInfo: [malloc] Space allocated in mmapped regions:         88080384 Byte
20231008 083224.775 INFO             PET0       After Realize: - MemInfo: [malloc] Maximum total allocated space:                     0 Byte
20231008 083224.775 INFO             PET0       After Realize: - MemInfo: [malloc] Space in freed fastbin blocks:                  1152 Byte
20231008 083224.775 INFO             PET0       After Realize: - MemInfo: [malloc] Total allocated space:                       1280144 Byte
20231008 083224.775 INFO             PET0       After Realize: - MemInfo: [malloc] Total free space:                              18288 Byte
20231008 083224.775 INFO             PET0       After Realize: - MemInfo: [malloc] Top-most, releasable space:                    16944 Byte
20231008 083224.775 INFO             PET0       After Realize: - MemInfo: [malloc] Total space in use, mmap + non-mmap:        89360528 Byte
20231008 083224.775 INFO             PET0       After Realize: - MemInfo: [malloc] Total space held (mmap + non-mmap):         89378816 Byte
20231008 083224.775 INFO             PET0       After Realize: - MemInfo: [malloc] Total space used (mmap + non-mmap):         89369872 Byte
20231008 083224.775 INFO             PET0       After Realize: - MemInfo: Wall-clock time since execution start:              0.0392073 seconds
20231008 083224.775 INFO             PET0       <<<MODEL: leaving Initialize (phase=IPDvXp04) without valid internal Clock.
20231008 083224.775 INFO             PET0     MODEL: InitializeIPDvXp04 extro.
20231008 083224.776 INFO             PET0     driver: IInitRealize intro.
20231008 083224.776 INFO             PET0     driver: IInitRealize extro.
20231008 083224.776 INFO             PET0     MODEL: InitializeIPDvXp07 intro.
20231008 083224.777 INFO             PET0       >>>MODEL: entered Initialize (phase=IPDvXp07) without valid internal Clock.
20231008 083224.777 INFO             PET0       <<<MODEL: leaving Initialize (phase=IPDvXp07) with current time:    0  1  1  0  0  0   0
20231008 083224.777 INFO             PET0     MODEL: InitializeIPDvXp07 extro.
20231008 083224.777 INFO             PET0     <<<driver: leaving Initialize (phase=<none>) with current time:    0  1  1  0  0  0   0
20231008 083224.777 INFO             PET0   driver: InitializeIPDv02p3 extro.
20231008 083224.777 INFO             PET0   driver: InitializeIPDv02p5 intro.
20231008 083224.777 INFO             PET0     >>>driver: entered Initialize (phase=<none>) with current time:    0  1  1  0  0  0   0
20231008 083224.777 INFO             PET0     driver: this is a top level driver, no 'Updated' and 'InitializeDataComplete' info on this level.
20231008 083224.777 INFO             PET0     driver: InitializeIPDv02p5Data intro.
20231008 083224.777 INFO             PET0       driver: InternalInitializeComplete intro.
20231008 083224.777 INFO             PET0         driver: InitializeDataComplete='true'
20231008 083224.777 INFO             PET0       driver: InternalInitializeComplete extro.
20231008 083224.778 INFO             PET0       MODEL: InitializeIPDvXp08 intro.
20231008 083224.778 INFO             PET0         >>>MODEL: entered Initialize (phase=IPDv05p8) with current time:    0  1  1  0  0  0   0
20231008 083224.778 INFO             PET0         MODEL: InitializeDataProgress='false', InitializeDataComplete='false'
20231008 083224.778 INFO             PET0         <<<MODEL: leaving Initialize (phase=IPDv05p8) with current time:    0  1  1  0  0  0   0
20231008 083224.778 INFO             PET0       MODEL: InitializeIPDvXp08 extro.
20231008 083224.779 INFO             PET0       driver: components present that trigger loopDataDependentInitialize().
20231008 083224.779 INFO             PET0       driver: loopDataDependentInitialize intro.
20231008 083224.779 INFO             PET0         driver: component    0=driver, dataComplete (local): true
20231008 083224.779 INFO             PET0         driver: component    0=driver, dataComplete (global):  T
20231008 083224.779 INFO             PET0         driver: component    1=MODEL, dataComplete (local): false
20231008 083224.779 INFO             PET0         driver: component    1=MODEL, dataComplete (global):  F
20231008 083224.780 INFO             PET0         MODEL: InitializeIPDvXp08 intro.
20231008 083224.780 INFO             PET0           >>>MODEL: entered Initialize (phase=IPDv05p8) with current time:    0  1  1  0  0  0   0
20231008 083224.780 INFO             PET0           MODEL: InitializeDataProgress='true', InitializeDataComplete='true'
20231008 083224.780 INFO             PET0           <<<MODEL: leaving Initialize (phase=IPDv05p8) with current time:    0  1  1  0  0  0   0
20231008 083224.780 INFO             PET0         MODEL: InitializeIPDvXp08 extro.
20231008 083224.780 INFO             PET0         driver: component    1=MODEL, someProgress (local): true
20231008 083224.781 INFO             PET0         driver: component    1=MODEL, someProgress (global):  T
20231008 083224.781 INFO             PET0         driver: someProgress= T, allComplete= F, present(dataDepAllComplete)= T
20231008 083224.781 INFO             PET0         driver: component    0=driver, dataComplete (local): true
20231008 083224.781 INFO             PET0         driver: component    0=driver, dataComplete (global):  T
20231008 083224.781 INFO             PET0         driver: component    1=MODEL, dataComplete (local): true
20231008 083224.781 INFO             PET0         driver: component    1=MODEL, dataComplete (global):  T
20231008 083224.781 INFO             PET0         driver: someProgress= F, allComplete= T, present(dataDepAllComplete)= T
20231008 083224.781 INFO             PET0         driver: finished resolving initialize data dependencies on this level.
20231008 083224.781 INFO             PET0       driver: loopDataDependentInitialize extro.
20231008 083224.781 INFO             PET0       driver: loopDataDependentInitialize() returned with dataDepAllComplete:  T
20231008 083224.781 INFO             PET0     driver: InitializeIPDv02p5Data extro.
20231008 083224.781 INFO             PET0     <<<driver: leaving Initialize (phase=<none>) with current time:    0  1  1  0  0  0   0
20231008 083224.781 INFO             PET0   driver: InitializeIPDv02p5 extro.
20231008 083224.781 INFO             PET0 driver: InitializeGeneric extro.
20231008 083224.781 INFO             PET0 driver: Run intro.
20231008 083224.781 INFO             PET0   >>>driver entered Run (phase=RunPhase1) with current time:    0  1  1  0  0  0   0
20231008 083224.781 INFO             PET0   driver: after lable_SetRunClock, current time:    0  1  1  0  0  0   0
20231008 083224.781 INFO             PET0   driver: begin -------> RunSequence.
20231008 083224.781 INFO             PET0     driver: RunSequence event loopLevel=   1  levelMember=   1  loopIteration=   1, current time:    0  1  1  0  0  0   0
20231008 083224.781 INFO             PET0     MODEL: Run intro.
20231008 083224.782 INFO             PET0       >>>MODEL: entered Run (phase=RunPhase1) with current time:    0  1  1  0  0  0   0
20231008 083224.782 INFO             PET0       MODEL: time step-loop starting, current time:    0  1  1  0  0  0   0
20231008 083224.782 INFO             PET0       thread_num=   1   currentSsiPe=   0   num_threads=   3   max_threads=   3   num_procs=   2
20231008 083224.782 INFO             PET0       thread_num=   0   currentSsiPe=  40   num_threads=   3   max_threads=   3   num_procs=   2
20231008 083224.790 INFO             PET0       thread_num=   2   currentSsiPe=  40   num_threads=   3   max_threads=   3   num_procs=   2
20231008 083224.790 INFO             PET0       ---->Advancing Model from:    0  1  1  0  0  0   0
20231008 083224.790 INFO             PET0       ---------------------> to:    0  1  1  0  0 30   0
20231008 083224.790 INFO             PET0       MODEL: time step-loop ending,   current time:    0  1  1  0  0 30   0
20231008 083224.790 INFO             PET0       <<<MODEL: leaving Run (phase=RunPhase1) with current time:    0  1  1  0  0 30   0
20231008 083224.790 INFO             PET0     MODEL: Run extro.
20231008 083224.790 INFO             PET0     driver: RunSequence event loopLevel=   1  levelMember=   1  loopIteration=   2, current time:    0  1  1  0  0 30   0
20231008 083224.791 INFO             PET0     MODEL: Run intro.
20231008 083224.791 INFO             PET0       >>>MODEL: entered Run (phase=RunPhase1) with current time:    0  1  1  0  0 30   0
20231008 083224.791 INFO             PET0       MODEL: time step-loop starting, current time:    0  1  1  0  0 30   0
20231008 083224.791 INFO             PET0       thread_num=   0   currentSsiPe=  40   num_threads=   3   max_threads=   3   num_procs=   2
20231008 083224.791 INFO             PET0       thread_num=   1   currentSsiPe=   0   num_threads=   3   max_threads=   3   num_procs=   2
20231008 083224.791 INFO             PET0       thread_num=   2   currentSsiPe=  40   num_threads=   3   max_threads=   3   num_procs=   2
20231008 083224.791 INFO             PET0       ---->Advancing Model from:    0  1  1  0  0 30   0
20231008 083224.791 INFO             PET0       ---------------------> to:    0  1  1  0  1  0   0
20231008 083224.791 INFO             PET0       MODEL: time step-loop ending,   current time:    0  1  1  0  1  0   0
20231008 083224.791 INFO             PET0       <<<MODEL: leaving Run (phase=RunPhase1) with current time:    0  1  1  0  1  0   0
20231008 083224.791 INFO             PET0     MODEL: Run extro.
20231008 083224.791 INFO             PET0     driver: RunSequence event loopLevel=   1  levelMember=   1  loopIteration=   3, current time:    0  1  1  0  1  0   0
20231008 083224.792 INFO             PET0     MODEL: Run intro.
20231008 083224.792 INFO             PET0       >>>MODEL: entered Run (phase=RunPhase1) with current time:    0  1  1  0  1  0   0
20231008 083224.792 INFO             PET0       MODEL: time step-loop starting, current time:    0  1  1  0  1  0   0
20231008 083224.792 INFO             PET0       thread_num=   0   currentSsiPe=  40   num_threads=   3   max_threads=   3   num_procs=   2
20231008 083224.792 INFO             PET0       thread_num=   1   currentSsiPe=   0   num_threads=   3   max_threads=   3   num_procs=   2
20231008 083224.792 INFO             PET0       thread_num=   2   currentSsiPe=  40   num_threads=   3   max_threads=   3   num_procs=   2
20231008 083224.792 INFO             PET0       ---->Advancing Model from:    0  1  1  0  1  0   0
20231008 083224.792 INFO             PET0       ---------------------> to:    0  1  1  0  1 30   0
20231008 083224.792 INFO             PET0       MODEL: time step-loop ending,   current time:    0  1  1  0  1 30   0
20231008 083224.792 INFO             PET0       <<<MODEL: leaving Run (phase=RunPhase1) with current time:    0  1  1  0  1 30   0
20231008 083224.792 INFO             PET0     MODEL: Run extro.
20231008 083224.792 INFO             PET0     driver: RunSequence event loopLevel=   1  levelMember=   1  loopIteration=   4, current time:    0  1  1  0  1 30   0
20231008 083224.793 INFO             PET0     MODEL: Run intro.
20231008 083224.793 INFO             PET0       >>>MODEL: entered Run (phase=RunPhase1) with current time:    0  1  1  0  1 30   0
20231008 083224.793 INFO             PET0       MODEL: time step-loop starting, current time:    0  1  1  0  1 30   0
20231008 083224.793 INFO             PET0       thread_num=   0   currentSsiPe=  40   num_threads=   3   max_threads=   3   num_procs=   2
20231008 083224.793 INFO             PET0       thread_num=   1   currentSsiPe=   0   num_threads=   3   max_threads=   3   num_procs=   2
20231008 083224.793 INFO             PET0       thread_num=   2   currentSsiPe=  40   num_threads=   3   max_threads=   3   num_procs=   2
20231008 083224.793 INFO             PET0       ---->Advancing Model from:    0  1  1  0  1 30   0
20231008 083224.793 INFO             PET0       ---------------------> to:    0  1  1  0  2  0   0
20231008 083224.793 INFO             PET0       MODEL: time step-loop ending,   current time:    0  1  1  0  2  0   0
20231008 083224.793 INFO             PET0       <<<MODEL: leaving Run (phase=RunPhase1) with current time:    0  1  1  0  2  0   0
20231008 083224.793 INFO             PET0     MODEL: Run extro.
20231008 083224.793 INFO             PET0     driver: RunSequence event loopLevel=   1  levelMember=   1  loopIteration=   5, current time:    0  1  1  0  2  0   0
20231008 083224.795 INFO             PET0     MODEL: Run intro.
20231008 083224.795 INFO             PET0       >>>MODEL: entered Run (phase=RunPhase1) with current time:    0  1  1  0  2  0   0
20231008 083224.795 INFO             PET0       MODEL: time step-loop starting, current time:    0  1  1  0  2  0   0
20231008 083224.795 INFO             PET0       thread_num=   0   currentSsiPe=  40   num_threads=   3   max_threads=   3   num_procs=   2
20231008 083224.795 INFO             PET0       thread_num=   1   currentSsiPe=   0   num_threads=   3   max_threads=   3   num_procs=   2
20231008 083224.795 INFO             PET0       thread_num=   2   currentSsiPe=  40   num_threads=   3   max_threads=   3   num_procs=   2
20231008 083224.795 INFO             PET0       ---->Advancing Model from:    0  1  1  0  2  0   0
20231008 083224.795 INFO             PET0       ---------------------> to:    0  1  1  0  2 30   0
20231008 083224.795 INFO             PET0       MODEL: time step-loop ending,   current time:    0  1  1  0  2 30   0
20231008 083224.795 INFO             PET0       <<<MODEL: leaving Run (phase=RunPhase1) with current time:    0  1  1  0  2 30   0
20231008 083224.795 INFO             PET0     MODEL: Run extro.
20231008 083224.795 INFO             PET0   driver: end <--------- RunSequence
20231008 083224.795 INFO             PET0   <<<driver - leaving Run with current time:    0  1  1  0  2 30   0
20231008 083224.795 INFO             PET0 driver: Run extro.
20231008 083224.795 INFO             PET0 driver: Finalize intro.
20231008 083224.795 INFO             PET0   Calling Finalize phase 1 for modelComp: MODEL
20231008 083224.796 INFO             PET0   MODEL: Finalize intro.
20231008 083224.796 INFO             PET0     >>>MODEL: entered Finalize (phase=FinalizePhase1) with current time:    0  1  1  0  2 30   0
20231008 083224.796 INFO             PET0     <<<MODEL: leaving Finalize (phase=FinalizePhase1) with current time:    0  1  1  0  2 30   0
20231008 083224.796 INFO             PET0   MODEL: Finalize extro.
20231008 083224.796 INFO             PET0   Delete modelComp: MODEL
20231008 083224.796 INFO             PET0   Delete Import-/Export State for modelComp: MODEL
20231008 083224.796 INFO             PET0 driver: Finalize extro.
20231008 083224.796 INFO             PET0 mainApp FINISHED
20231008 083224.796 INFO             PET0 Finalizing ESMF
20231008 083224.753 INFO             PET1 !!!!!!!!!!!!!!!!!!!!!!!!!!!!!!!!!!!!!!!!!!!!!!!!!!!!!!
20231008 083224.753 INFO             PET1 !!! THE ESMF_LOG IS SET TO OUTPUT ALL LOG MESSAGES !!!
20231008 083224.753 INFO             PET1 !!!     THIS MAY CAUSE SLOWDOWN IN PERFORMANCE     !!!
20231008 083224.753 INFO             PET1 !!! FOR PRODUCTION RUNS, USE:                      !!!
20231008 083224.753 INFO             PET1 !!!                   ESMF_LOGKIND_Multi_On_Error  !!!
20231008 083224.753 INFO             PET1 !!!!!!!!!!!!!!!!!!!!!!!!!!!!!!!!!!!!!!!!!!!!!!!!!!!!!!
20231008 083224.753 INFO             PET1 Running with ESMF Version   : v8.6.0b07-67-gb347190ad6
20231008 083224.753 INFO             PET1 ESMF library build date/time: "Oct  8 2023" "07:38:06"
20231008 083224.753 INFO             PET1 ESMF library build location : /scratch2/NCEPDEV/stmp1/Gerhard.Theurich/ESMF-Nightly-Testing/intel_2023.1.0_intelmpi_g_develop/esmf
20231008 083224.753 INFO             PET1 ESMF_COMM                   : intelmpi
20231008 083224.754 INFO             PET1 ESMF_MOAB                   : enabled
20231008 083224.754 INFO             PET1 ESMF_LAPACK                 : enabled
20231008 083224.754 INFO             PET1 ESMF_NETCDF                 : enabled
20231008 083224.754 INFO             PET1 ESMF_PNETCDF                : disabled
20231008 083224.754 INFO             PET1 ESMF_PIO                    : enabled
20231008 083224.754 INFO             PET1 ESMF_YAMLCPP                : enabled
20231008 083224.754 INFO             PET1 mainApp STARTING
20231008 083224.759 INFO             PET1 driver: InitializeGeneric intro.
20231008 083224.759 INFO             PET1   driver: InitializeP0 intro.
20231008 083224.759 INFO             PET1   driver: InitializeP0 extro.
20231008 083224.759 INFO             PET1   driver: InitializeIPDv02p1 intro.
20231008 083224.759 INFO             PET1     >>>driver: entered Initialize (phase=<none>) without valid internal Clock.
20231008 083224.760 INFO             PET1     driver - Creating model component MODEL without petList.
20231008 083224.762 INFO             PET1      GridCompIsPetLocal:  T
20231008 083224.762 INFO             PET1      VmIsCreated:  T
20231008 083224.762 INFO             PET1      valid MPI_COMM with size=           4
20231008 083224.763 INFO             PET1     driver - Creating state: modelComp 1 Import State
20231008 083224.763 INFO             PET1     driver - Creating state: modelComp 1 Export State
20231008 083224.764 INFO             PET1     MODEL: InitializeP0 intro.
20231008 083224.764 INFO             PET1       >>>MODEL: entered Initialize (phase=<none>) without valid internal Clock.
20231008 083224.765 INFO             PET1       <<<MODEL: leaving Initialize (phase=<none>) without valid internal Clock.
20231008 083224.765 INFO             PET1     MODEL: InitializeP0 extro.
20231008 083224.767 INFO             PET1     driver: IInitAdvertise intro.
20231008 083224.767 INFO             PET1     driver: IInitAdvertise extro.
20231008 083224.767 INFO             PET1     MODEL: InitializeIPDvXp01 intro.
20231008 083224.767 INFO             PET1       >>>MODEL: entered Initialize (phase=IPDvXp01) without valid internal Clock.
20231008 083224.769 INFO             PET1       <<<MODEL: leaving Initialize (phase=IPDvXp01) without valid internal Clock.
20231008 083224.769 INFO             PET1     MODEL: InitializeIPDvXp01 extro.
20231008 083224.769 INFO             PET1     driver: IInitAdvertiseFinish intro.
20231008 083224.769 INFO             PET1     driver: IInitAdvertiseFinish extro.
20231008 083224.770 INFO             PET1     driver: IInitModifyCplLists intro.
20231008 083224.770 INFO             PET1     driver: IInitModifyCplLists extro.
20231008 083224.770 INFO             PET1     <<<driver: leaving Initialize (phase=<none>) with current time:    0  1  1  0  0  0   0
20231008 083224.770 INFO             PET1   driver: InitializeIPDv02p1 extro.
20231008 083224.770 INFO             PET1   driver: InitializeIPDv02p3 intro.
20231008 083224.770 INFO             PET1     >>>driver: entered Initialize (phase=<none>) with current time:    0  1  1  0  0  0   0
20231008 083224.770 INFO             PET1     driver: IInitCheck intro.
20231008 083224.770 INFO             PET1     driver: IInitCheck extro.
20231008 083224.771 INFO             PET1     MODEL: InitializeIPDvXp04 intro.
20231008 083224.771 INFO             PET1       >>>MODEL: entered Initialize (phase=IPDvXp04) without valid internal Clock.
20231008 083224.775 INFO             PET1       After Realize: - MemInfo: [/proc/meminfo - SSI]	MemTotal:       97470520 kB
20231008 083224.775 INFO             PET1       After Realize: - MemInfo: [/proc/meminfo - SSI]	MemFree:        84333796 kB
20231008 083224.775 INFO             PET1       After Realize: - MemInfo: [/proc/meminfo - SSI]	MemAvailable:   89389476 kB
20231008 083224.775 INFO             PET1       After Realize: - MemInfo: [/proc/meminfo - SSI]	Committed_AS:    1812804 kB
20231008 083224.775 INFO             PET1       After Realize: - MemInfo: [/proc/meminfo - SSI]	CommittedPercent: 1.85985 %
20231008 083224.775 INFO             PET1       After Realize: - MemInfo: [/proc/self/status]	VmPeak:	 2766824 kB
20231008 083224.775 INFO             PET1       After Realize: - MemInfo: [/proc/self/status]	VmSize:	 2766824 kB
20231008 083224.775 INFO             PET1       After Realize: - MemInfo: [/proc/self/status]	VmLck:	       0 kB
20231008 083224.775 INFO             PET1       After Realize: - MemInfo: [/proc/self/status]	VmPin:	   82044 kB
20231008 083224.775 INFO             PET1       After Realize: - MemInfo: [/proc/self/status]	VmHWM:	  170848 kB
20231008 083224.775 INFO             PET1       After Realize: - MemInfo: [/proc/self/status]	VmRSS:	  170848 kB
20231008 083224.775 INFO             PET1       After Realize: - MemInfo: [/proc/self/status]	VmData:	  223544 kB
20231008 083224.775 INFO             PET1       After Realize: - MemInfo: [/proc/self/status]	VmStk:	     212 kB
20231008 083224.775 INFO             PET1       After Realize: - MemInfo: [/proc/self/status]	VmExe:	    1340 kB
20231008 083224.775 INFO             PET1       After Realize: - MemInfo: [/proc/self/status]	VmLib:	  127848 kB
20231008 083224.775 INFO             PET1       After Realize: - MemInfo: [/proc/self/status]	VmPTE:	     840 kB
20231008 083224.775 INFO             PET1       After Realize: - MemInfo: [/proc/self/status]	VmSwap:	       0 kB
20231008 083224.775 INFO             PET1       After Realize: - MemInfo: [/proc/self/status]	VmRSSPercent: 0.175282 %
20231008 083224.775 INFO             PET1       After Realize: - MemInfo: [malloc] Non-mmapped space allocated:                 1298432 Byte
20231008 083224.775 INFO             PET1       After Realize: - MemInfo: [malloc] Space allocated in mmapped regions:         88080384 Byte
20231008 083224.775 INFO             PET1       After Realize: - MemInfo: [malloc] Maximum total allocated space:                     0 Byte
20231008 083224.775 INFO             PET1       After Realize: - MemInfo: [malloc] Space in freed fastbin blocks:                  1152 Byte
20231008 083224.775 INFO             PET1       After Realize: - MemInfo: [malloc] Total allocated space:                       1280288 Byte
20231008 083224.775 INFO             PET1       After Realize: - MemInfo: [malloc] Total free space:                              18144 Byte
20231008 083224.775 INFO             PET1       After Realize: - MemInfo: [malloc] Top-most, releasable space:                    16800 Byte
20231008 083224.775 INFO             PET1       After Realize: - MemInfo: [malloc] Total space in use, mmap + non-mmap:        89360672 Byte
20231008 083224.775 INFO             PET1       After Realize: - MemInfo: [malloc] Total space held (mmap + non-mmap):         89378816 Byte
20231008 083224.775 INFO             PET1       After Realize: - MemInfo: [malloc] Total space used (mmap + non-mmap):         89370016 Byte
20231008 083224.775 INFO             PET1       After Realize: - MemInfo: Wall-clock time since execution start:              0.0406641 seconds
20231008 083224.776 INFO             PET1       <<<MODEL: leaving Initialize (phase=IPDvXp04) without valid internal Clock.
20231008 083224.776 INFO             PET1     MODEL: InitializeIPDvXp04 extro.
20231008 083224.776 INFO             PET1     driver: IInitRealize intro.
20231008 083224.776 INFO             PET1     driver: IInitRealize extro.
20231008 083224.777 INFO             PET1     MODEL: InitializeIPDvXp07 intro.
20231008 083224.777 INFO             PET1       >>>MODEL: entered Initialize (phase=IPDvXp07) without valid internal Clock.
20231008 083224.777 INFO             PET1       <<<MODEL: leaving Initialize (phase=IPDvXp07) with current time:    0  1  1  0  0  0   0
20231008 083224.777 INFO             PET1     MODEL: InitializeIPDvXp07 extro.
20231008 083224.777 INFO             PET1     <<<driver: leaving Initialize (phase=<none>) with current time:    0  1  1  0  0  0   0
20231008 083224.777 INFO             PET1   driver: InitializeIPDv02p3 extro.
20231008 083224.777 INFO             PET1   driver: InitializeIPDv02p5 intro.
20231008 083224.777 INFO             PET1     >>>driver: entered Initialize (phase=<none>) with current time:    0  1  1  0  0  0   0
20231008 083224.777 INFO             PET1     driver: this is a top level driver, no 'Updated' and 'InitializeDataComplete' info on this level.
20231008 083224.777 INFO             PET1     driver: InitializeIPDv02p5Data intro.
20231008 083224.778 INFO             PET1       driver: InternalInitializeComplete intro.
20231008 083224.778 INFO             PET1         driver: InitializeDataComplete='true'
20231008 083224.778 INFO             PET1       driver: InternalInitializeComplete extro.
20231008 083224.778 INFO             PET1       MODEL: InitializeIPDvXp08 intro.
20231008 083224.778 INFO             PET1         >>>MODEL: entered Initialize (phase=IPDv05p8) with current time:    0  1  1  0  0  0   0
20231008 083224.778 INFO             PET1         MODEL: InitializeDataProgress='false', InitializeDataComplete='false'
20231008 083224.778 INFO             PET1         <<<MODEL: leaving Initialize (phase=IPDv05p8) with current time:    0  1  1  0  0  0   0
20231008 083224.778 INFO             PET1       MODEL: InitializeIPDvXp08 extro.
20231008 083224.779 INFO             PET1       driver: components present that trigger loopDataDependentInitialize().
20231008 083224.779 INFO             PET1       driver: loopDataDependentInitialize intro.
20231008 083224.779 INFO             PET1         driver: component    0=driver, dataComplete (local): true
20231008 083224.779 INFO             PET1         driver: component    0=driver, dataComplete (global):  T
20231008 083224.779 INFO             PET1         driver: component    1=MODEL, dataComplete (local): false
20231008 083224.779 INFO             PET1         driver: component    1=MODEL, dataComplete (global):  F
20231008 083224.780 INFO             PET1         MODEL: InitializeIPDvXp08 intro.
20231008 083224.780 INFO             PET1           >>>MODEL: entered Initialize (phase=IPDv05p8) with current time:    0  1  1  0  0  0   0
20231008 083224.780 INFO             PET1           MODEL: InitializeDataProgress='true', InitializeDataComplete='true'
20231008 083224.780 INFO             PET1           <<<MODEL: leaving Initialize (phase=IPDv05p8) with current time:    0  1  1  0  0  0   0
20231008 083224.780 INFO             PET1         MODEL: InitializeIPDvXp08 extro.
20231008 083224.781 INFO             PET1         driver: component    1=MODEL, someProgress (local): true
20231008 083224.781 INFO             PET1         driver: component    1=MODEL, someProgress (global):  T
20231008 083224.781 INFO             PET1         driver: someProgress= T, allComplete= F, present(dataDepAllComplete)= T
20231008 083224.781 INFO             PET1         driver: component    0=driver, dataComplete (local): true
20231008 083224.781 INFO             PET1         driver: component    0=driver, dataComplete (global):  T
20231008 083224.781 INFO             PET1         driver: component    1=MODEL, dataComplete (local): true
20231008 083224.781 INFO             PET1         driver: component    1=MODEL, dataComplete (global):  T
20231008 083224.781 INFO             PET1         driver: someProgress= F, allComplete= T, present(dataDepAllComplete)= T
20231008 083224.781 INFO             PET1         driver: finished resolving initialize data dependencies on this level.
20231008 083224.781 INFO             PET1       driver: loopDataDependentInitialize extro.
20231008 083224.781 INFO             PET1       driver: loopDataDependentInitialize() returned with dataDepAllComplete:  T
20231008 083224.781 INFO             PET1     driver: InitializeIPDv02p5Data extro.
20231008 083224.781 INFO             PET1     <<<driver: leaving Initialize (phase=<none>) with current time:    0  1  1  0  0  0   0
20231008 083224.781 INFO             PET1   driver: InitializeIPDv02p5 extro.
20231008 083224.781 INFO             PET1 driver: InitializeGeneric extro.
20231008 083224.781 INFO             PET1 driver: Run intro.
20231008 083224.781 INFO             PET1   >>>driver entered Run (phase=RunPhase1) with current time:    0  1  1  0  0  0   0
20231008 083224.781 INFO             PET1   driver: after lable_SetRunClock, current time:    0  1  1  0  0  0   0
20231008 083224.781 INFO             PET1   driver: begin -------> RunSequence.
20231008 083224.781 INFO             PET1     driver: RunSequence event loopLevel=   1  levelMember=   1  loopIteration=   1, current time:    0  1  1  0  0  0   0
20231008 083224.781 INFO             PET1     MODEL: Run intro.
20231008 083224.782 INFO             PET1       >>>MODEL: entered Run (phase=RunPhase1) with current time:    0  1  1  0  0  0   0
20231008 083224.782 INFO             PET1       MODEL: time step-loop starting, current time:    0  1  1  0  0  0   0
20231008 083224.782 INFO             PET1       thread_num=   1   currentSsiPe=  20   num_threads=   3   max_threads=   3   num_procs=   2
20231008 083224.782 INFO             PET1       thread_num=   0   currentSsiPe=  60   num_threads=   3   max_threads=   3   num_procs=   2
20231008 083224.790 INFO             PET1       thread_num=   2   currentSsiPe=  60   num_threads=   3   max_threads=   3   num_procs=   2
20231008 083224.790 INFO             PET1       ---->Advancing Model from:    0  1  1  0  0  0   0
20231008 083224.790 INFO             PET1       ---------------------> to:    0  1  1  0  0 30   0
20231008 083224.790 INFO             PET1       MODEL: time step-loop ending,   current time:    0  1  1  0  0 30   0
20231008 083224.790 INFO             PET1       <<<MODEL: leaving Run (phase=RunPhase1) with current time:    0  1  1  0  0 30   0
20231008 083224.790 INFO             PET1     MODEL: Run extro.
20231008 083224.790 INFO             PET1     driver: RunSequence event loopLevel=   1  levelMember=   1  loopIteration=   2, current time:    0  1  1  0  0 30   0
20231008 083224.791 INFO             PET1     MODEL: Run intro.
20231008 083224.791 INFO             PET1       >>>MODEL: entered Run (phase=RunPhase1) with current time:    0  1  1  0  0 30   0
20231008 083224.791 INFO             PET1       MODEL: time step-loop starting, current time:    0  1  1  0  0 30   0
20231008 083224.791 INFO             PET1       thread_num=   1   currentSsiPe=  20   num_threads=   3   max_threads=   3   num_procs=   2
20231008 083224.791 INFO             PET1       thread_num=   2   currentSsiPe=  60   num_threads=   3   max_threads=   3   num_procs=   2
20231008 083224.791 INFO             PET1       thread_num=   0   currentSsiPe=  60   num_threads=   3   max_threads=   3   num_procs=   2
20231008 083224.791 INFO             PET1       ---->Advancing Model from:    0  1  1  0  0 30   0
20231008 083224.791 INFO             PET1       ---------------------> to:    0  1  1  0  1  0   0
20231008 083224.791 INFO             PET1       MODEL: time step-loop ending,   current time:    0  1  1  0  1  0   0
20231008 083224.791 INFO             PET1       <<<MODEL: leaving Run (phase=RunPhase1) with current time:    0  1  1  0  1  0   0
20231008 083224.791 INFO             PET1     MODEL: Run extro.
20231008 083224.791 INFO             PET1     driver: RunSequence event loopLevel=   1  levelMember=   1  loopIteration=   3, current time:    0  1  1  0  1  0   0
20231008 083224.792 INFO             PET1     MODEL: Run intro.
20231008 083224.792 INFO             PET1       >>>MODEL: entered Run (phase=RunPhase1) with current time:    0  1  1  0  1  0   0
20231008 083224.792 INFO             PET1       MODEL: time step-loop starting, current time:    0  1  1  0  1  0   0
20231008 083224.792 INFO             PET1       thread_num=   0   currentSsiPe=  60   num_threads=   3   max_threads=   3   num_procs=   2
20231008 083224.792 INFO             PET1       thread_num=   1   currentSsiPe=  20   num_threads=   3   max_threads=   3   num_procs=   2
20231008 083224.792 INFO             PET1       thread_num=   2   currentSsiPe=  60   num_threads=   3   max_threads=   3   num_procs=   2
20231008 083224.792 INFO             PET1       ---->Advancing Model from:    0  1  1  0  1  0   0
20231008 083224.792 INFO             PET1       ---------------------> to:    0  1  1  0  1 30   0
20231008 083224.792 INFO             PET1       MODEL: time step-loop ending,   current time:    0  1  1  0  1 30   0
20231008 083224.792 INFO             PET1       <<<MODEL: leaving Run (phase=RunPhase1) with current time:    0  1  1  0  1 30   0
20231008 083224.792 INFO             PET1     MODEL: Run extro.
20231008 083224.793 INFO             PET1     driver: RunSequence event loopLevel=   1  levelMember=   1  loopIteration=   4, current time:    0  1  1  0  1 30   0
20231008 083224.793 INFO             PET1     MODEL: Run intro.
20231008 083224.793 INFO             PET1       >>>MODEL: entered Run (phase=RunPhase1) with current time:    0  1  1  0  1 30   0
20231008 083224.793 INFO             PET1       MODEL: time step-loop starting, current time:    0  1  1  0  1 30   0
20231008 083224.793 INFO             PET1       thread_num=   0   currentSsiPe=  60   num_threads=   3   max_threads=   3   num_procs=   2
20231008 083224.793 INFO             PET1       thread_num=   1   currentSsiPe=  20   num_threads=   3   max_threads=   3   num_procs=   2
20231008 083224.793 INFO             PET1       thread_num=   2   currentSsiPe=  60   num_threads=   3   max_threads=   3   num_procs=   2
20231008 083224.793 INFO             PET1       ---->Advancing Model from:    0  1  1  0  1 30   0
20231008 083224.793 INFO             PET1       ---------------------> to:    0  1  1  0  2  0   0
20231008 083224.793 INFO             PET1       MODEL: time step-loop ending,   current time:    0  1  1  0  2  0   0
20231008 083224.793 INFO             PET1       <<<MODEL: leaving Run (phase=RunPhase1) with current time:    0  1  1  0  2  0   0
20231008 083224.793 INFO             PET1     MODEL: Run extro.
20231008 083224.794 INFO             PET1     driver: RunSequence event loopLevel=   1  levelMember=   1  loopIteration=   5, current time:    0  1  1  0  2  0   0
20231008 083224.794 INFO             PET1     MODEL: Run intro.
20231008 083224.795 INFO             PET1       >>>MODEL: entered Run (phase=RunPhase1) with current time:    0  1  1  0  2  0   0
20231008 083224.795 INFO             PET1       MODEL: time step-loop starting, current time:    0  1  1  0  2  0   0
20231008 083224.795 INFO             PET1       thread_num=   0   currentSsiPe=  60   num_threads=   3   max_threads=   3   num_procs=   2
20231008 083224.795 INFO             PET1       thread_num=   1   currentSsiPe=  20   num_threads=   3   max_threads=   3   num_procs=   2
20231008 083224.795 INFO             PET1       thread_num=   2   currentSsiPe=  60   num_threads=   3   max_threads=   3   num_procs=   2
20231008 083224.795 INFO             PET1       ---->Advancing Model from:    0  1  1  0  2  0   0
20231008 083224.795 INFO             PET1       ---------------------> to:    0  1  1  0  2 30   0
20231008 083224.795 INFO             PET1       MODEL: time step-loop ending,   current time:    0  1  1  0  2 30   0
20231008 083224.795 INFO             PET1       <<<MODEL: leaving Run (phase=RunPhase1) with current time:    0  1  1  0  2 30   0
20231008 083224.795 INFO             PET1     MODEL: Run extro.
20231008 083224.795 INFO             PET1   driver: end <--------- RunSequence
20231008 083224.795 INFO             PET1   <<<driver - leaving Run with current time:    0  1  1  0  2 30   0
20231008 083224.795 INFO             PET1 driver: Run extro.
20231008 083224.795 INFO             PET1 driver: Finalize intro.
20231008 083224.795 INFO             PET1   Calling Finalize phase 1 for modelComp: MODEL
20231008 083224.796 INFO             PET1   MODEL: Finalize intro.
20231008 083224.796 INFO             PET1     >>>MODEL: entered Finalize (phase=FinalizePhase1) with current time:    0  1  1  0  2 30   0
20231008 083224.796 INFO             PET1     <<<MODEL: leaving Finalize (phase=FinalizePhase1) with current time:    0  1  1  0  2 30   0
20231008 083224.796 INFO             PET1   MODEL: Finalize extro.
20231008 083224.796 INFO             PET1   Delete modelComp: MODEL
20231008 083224.796 INFO             PET1   Delete Import-/Export State for modelComp: MODEL
20231008 083224.796 INFO             PET1 driver: Finalize extro.
20231008 083224.796 INFO             PET1 mainApp FINISHED
20231008 083224.796 INFO             PET1 Finalizing ESMF
20231008 083224.752 INFO             PET2 !!!!!!!!!!!!!!!!!!!!!!!!!!!!!!!!!!!!!!!!!!!!!!!!!!!!!!
20231008 083224.752 INFO             PET2 !!! THE ESMF_LOG IS SET TO OUTPUT ALL LOG MESSAGES !!!
20231008 083224.752 INFO             PET2 !!!     THIS MAY CAUSE SLOWDOWN IN PERFORMANCE     !!!
20231008 083224.752 INFO             PET2 !!! FOR PRODUCTION RUNS, USE:                      !!!
20231008 083224.752 INFO             PET2 !!!                   ESMF_LOGKIND_Multi_On_Error  !!!
20231008 083224.752 INFO             PET2 !!!!!!!!!!!!!!!!!!!!!!!!!!!!!!!!!!!!!!!!!!!!!!!!!!!!!!
20231008 083224.752 INFO             PET2 Running with ESMF Version   : v8.6.0b07-67-gb347190ad6
20231008 083224.752 INFO             PET2 ESMF library build date/time: "Oct  8 2023" "07:38:06"
20231008 083224.752 INFO             PET2 ESMF library build location : /scratch2/NCEPDEV/stmp1/Gerhard.Theurich/ESMF-Nightly-Testing/intel_2023.1.0_intelmpi_g_develop/esmf
20231008 083224.752 INFO             PET2 ESMF_COMM                   : intelmpi
20231008 083224.753 INFO             PET2 ESMF_MOAB                   : enabled
20231008 083224.753 INFO             PET2 ESMF_LAPACK                 : enabled
20231008 083224.753 INFO             PET2 ESMF_NETCDF                 : enabled
20231008 083224.753 INFO             PET2 ESMF_PNETCDF                : disabled
20231008 083224.753 INFO             PET2 ESMF_PIO                    : enabled
20231008 083224.753 INFO             PET2 ESMF_YAMLCPP                : enabled
20231008 083224.754 INFO             PET2 mainApp STARTING
20231008 083224.759 INFO             PET2 driver: InitializeGeneric intro.
20231008 083224.759 INFO             PET2   driver: InitializeP0 intro.
20231008 083224.759 INFO             PET2   driver: InitializeP0 extro.
20231008 083224.759 INFO             PET2   driver: InitializeIPDv02p1 intro.
20231008 083224.759 INFO             PET2     >>>driver: entered Initialize (phase=<none>) without valid internal Clock.
20231008 083224.760 INFO             PET2     driver - Creating model component MODEL without petList.
20231008 083224.762 INFO             PET2      GridCompIsPetLocal:  T
20231008 083224.762 INFO             PET2      VmIsCreated:  T
20231008 083224.762 INFO             PET2      valid MPI_COMM with size=           4
20231008 083224.763 INFO             PET2     driver - Creating state: modelComp 1 Import State
20231008 083224.763 INFO             PET2     driver - Creating state: modelComp 1 Export State
20231008 083224.763 INFO             PET2     MODEL: InitializeP0 intro.
20231008 083224.764 INFO             PET2       >>>MODEL: entered Initialize (phase=<none>) without valid internal Clock.
20231008 083224.765 INFO             PET2       <<<MODEL: leaving Initialize (phase=<none>) without valid internal Clock.
20231008 083224.765 INFO             PET2     MODEL: InitializeP0 extro.
20231008 083224.767 INFO             PET2     driver: IInitAdvertise intro.
20231008 083224.767 INFO             PET2     driver: IInitAdvertise extro.
20231008 083224.767 INFO             PET2     MODEL: InitializeIPDvXp01 intro.
20231008 083224.767 INFO             PET2       >>>MODEL: entered Initialize (phase=IPDvXp01) without valid internal Clock.
20231008 083224.768 INFO             PET2       <<<MODEL: leaving Initialize (phase=IPDvXp01) without valid internal Clock.
20231008 083224.768 INFO             PET2     MODEL: InitializeIPDvXp01 extro.
20231008 083224.769 INFO             PET2     driver: IInitAdvertiseFinish intro.
20231008 083224.769 INFO             PET2     driver: IInitAdvertiseFinish extro.
20231008 083224.769 INFO             PET2     driver: IInitModifyCplLists intro.
20231008 083224.769 INFO             PET2     driver: IInitModifyCplLists extro.
20231008 083224.770 INFO             PET2     <<<driver: leaving Initialize (phase=<none>) with current time:    0  1  1  0  0  0   0
20231008 083224.770 INFO             PET2   driver: InitializeIPDv02p1 extro.
20231008 083224.770 INFO             PET2   driver: InitializeIPDv02p3 intro.
20231008 083224.770 INFO             PET2     >>>driver: entered Initialize (phase=<none>) with current time:    0  1  1  0  0  0   0
20231008 083224.770 INFO             PET2     driver: IInitCheck intro.
20231008 083224.770 INFO             PET2     driver: IInitCheck extro.
20231008 083224.770 INFO             PET2     MODEL: InitializeIPDvXp04 intro.
20231008 083224.770 INFO             PET2       >>>MODEL: entered Initialize (phase=IPDvXp04) without valid internal Clock.
20231008 083224.775 INFO             PET2       After Realize: - MemInfo: [/proc/meminfo - SSI]	MemTotal:       97470520 kB
20231008 083224.775 INFO             PET2       After Realize: - MemInfo: [/proc/meminfo - SSI]	MemFree:        84333796 kB
20231008 083224.775 INFO             PET2       After Realize: - MemInfo: [/proc/meminfo - SSI]	MemAvailable:   89389476 kB
20231008 083224.775 INFO             PET2       After Realize: - MemInfo: [/proc/meminfo - SSI]	Committed_AS:    1812804 kB
20231008 083224.775 INFO             PET2       After Realize: - MemInfo: [/proc/meminfo - SSI]	CommittedPercent: 1.85985 %
20231008 083224.775 INFO             PET2       After Realize: - MemInfo: [/proc/self/status]	VmPeak:	 2766820 kB
20231008 083224.775 INFO             PET2       After Realize: - MemInfo: [/proc/self/status]	VmSize:	 2766820 kB
20231008 083224.775 INFO             PET2       After Realize: - MemInfo: [/proc/self/status]	VmLck:	       0 kB
20231008 083224.775 INFO             PET2       After Realize: - MemInfo: [/proc/self/status]	VmPin:	   82044 kB
20231008 083224.775 INFO             PET2       After Realize: - MemInfo: [/proc/self/status]	VmHWM:	  172840 kB
20231008 083224.775 INFO             PET2       After Realize: - MemInfo: [/proc/self/status]	VmRSS:	  172840 kB
20231008 083224.775 INFO             PET2       After Realize: - MemInfo: [/proc/self/status]	VmData:	  223544 kB
20231008 083224.775 INFO             PET2       After Realize: - MemInfo: [/proc/self/status]	VmStk:	     208 kB
20231008 083224.775 INFO             PET2       After Realize: - MemInfo: [/proc/self/status]	VmExe:	    1340 kB
20231008 083224.775 INFO             PET2       After Realize: - MemInfo: [/proc/self/status]	VmLib:	  127848 kB
20231008 083224.775 INFO             PET2       After Realize: - MemInfo: [/proc/self/status]	VmPTE:	     840 kB
20231008 083224.775 INFO             PET2       After Realize: - MemInfo: [/proc/self/status]	VmSwap:	       0 kB
20231008 083224.775 INFO             PET2       After Realize: - MemInfo: [/proc/self/status]	VmRSSPercent: 0.177325 %
20231008 083224.775 INFO             PET2       After Realize: - MemInfo: [malloc] Non-mmapped space allocated:                 1298432 Byte
20231008 083224.775 INFO             PET2       After Realize: - MemInfo: [malloc] Space allocated in mmapped regions:         88080384 Byte
20231008 083224.775 INFO             PET2       After Realize: - MemInfo: [malloc] Maximum total allocated space:                     0 Byte
20231008 083224.775 INFO             PET2       After Realize: - MemInfo: [malloc] Space in freed fastbin blocks:                  1152 Byte
20231008 083224.775 INFO             PET2       After Realize: - MemInfo: [malloc] Total allocated space:                       1280240 Byte
20231008 083224.775 INFO             PET2       After Realize: - MemInfo: [malloc] Total free space:                              18192 Byte
20231008 083224.775 INFO             PET2       After Realize: - MemInfo: [malloc] Top-most, releasable space:                    16848 Byte
20231008 083224.775 INFO             PET2       After Realize: - MemInfo: [malloc] Total space in use, mmap + non-mmap:        89360624 Byte
20231008 083224.775 INFO             PET2       After Realize: - MemInfo: [malloc] Total space held (mmap + non-mmap):         89378816 Byte
20231008 083224.775 INFO             PET2       After Realize: - MemInfo: [malloc] Total space used (mmap + non-mmap):         89369968 Byte
20231008 083224.775 INFO             PET2       After Realize: - MemInfo: Wall-clock time since execution start:              0.0402384 seconds
20231008 083224.775 INFO             PET2       <<<MODEL: leaving Initialize (phase=IPDvXp04) without valid internal Clock.
20231008 083224.775 INFO             PET2     MODEL: InitializeIPDvXp04 extro.
20231008 083224.776 INFO             PET2     driver: IInitRealize intro.
20231008 083224.776 INFO             PET2     driver: IInitRealize extro.
20231008 083224.777 INFO             PET2     MODEL: InitializeIPDvXp07 intro.
20231008 083224.777 INFO             PET2       >>>MODEL: entered Initialize (phase=IPDvXp07) without valid internal Clock.
20231008 083224.777 INFO             PET2       <<<MODEL: leaving Initialize (phase=IPDvXp07) with current time:    0  1  1  0  0  0   0
20231008 083224.777 INFO             PET2     MODEL: InitializeIPDvXp07 extro.
20231008 083224.777 INFO             PET2     <<<driver: leaving Initialize (phase=<none>) with current time:    0  1  1  0  0  0   0
20231008 083224.777 INFO             PET2   driver: InitializeIPDv02p3 extro.
20231008 083224.777 INFO             PET2   driver: InitializeIPDv02p5 intro.
20231008 083224.777 INFO             PET2     >>>driver: entered Initialize (phase=<none>) with current time:    0  1  1  0  0  0   0
20231008 083224.777 INFO             PET2     driver: this is a top level driver, no 'Updated' and 'InitializeDataComplete' info on this level.
20231008 083224.777 INFO             PET2     driver: InitializeIPDv02p5Data intro.
20231008 083224.777 INFO             PET2       driver: InternalInitializeComplete intro.
20231008 083224.777 INFO             PET2         driver: InitializeDataComplete='true'
20231008 083224.777 INFO             PET2       driver: InternalInitializeComplete extro.
20231008 083224.778 INFO             PET2       MODEL: InitializeIPDvXp08 intro.
20231008 083224.778 INFO             PET2         >>>MODEL: entered Initialize (phase=IPDv05p8) with current time:    0  1  1  0  0  0   0
20231008 083224.778 INFO             PET2         MODEL: InitializeDataProgress='false', InitializeDataComplete='false'
20231008 083224.778 INFO             PET2         <<<MODEL: leaving Initialize (phase=IPDv05p8) with current time:    0  1  1  0  0  0   0
20231008 083224.778 INFO             PET2       MODEL: InitializeIPDvXp08 extro.
20231008 083224.779 INFO             PET2       driver: components present that trigger loopDataDependentInitialize().
20231008 083224.779 INFO             PET2       driver: loopDataDependentInitialize intro.
20231008 083224.779 INFO             PET2         driver: component    0=driver, dataComplete (local): true
20231008 083224.779 INFO             PET2         driver: component    0=driver, dataComplete (global):  T
20231008 083224.779 INFO             PET2         driver: component    1=MODEL, dataComplete (local): false
20231008 083224.779 INFO             PET2         driver: component    1=MODEL, dataComplete (global):  F
20231008 083224.780 INFO             PET2         MODEL: InitializeIPDvXp08 intro.
20231008 083224.780 INFO             PET2           >>>MODEL: entered Initialize (phase=IPDv05p8) with current time:    0  1  1  0  0  0   0
20231008 083224.780 INFO             PET2           MODEL: InitializeDataProgress='true', InitializeDataComplete='true'
20231008 083224.780 INFO             PET2           <<<MODEL: leaving Initialize (phase=IPDv05p8) with current time:    0  1  1  0  0  0   0
20231008 083224.780 INFO             PET2         MODEL: InitializeIPDvXp08 extro.
20231008 083224.781 INFO             PET2         driver: component    1=MODEL, someProgress (local): true
20231008 083224.781 INFO             PET2         driver: component    1=MODEL, someProgress (global):  T
20231008 083224.781 INFO             PET2         driver: someProgress= T, allComplete= F, present(dataDepAllComplete)= T
20231008 083224.781 INFO             PET2         driver: component    0=driver, dataComplete (local): true
20231008 083224.781 INFO             PET2         driver: component    0=driver, dataComplete (global):  T
20231008 083224.781 INFO             PET2         driver: component    1=MODEL, dataComplete (local): true
20231008 083224.781 INFO             PET2         driver: component    1=MODEL, dataComplete (global):  T
20231008 083224.781 INFO             PET2         driver: someProgress= F, allComplete= T, present(dataDepAllComplete)= T
20231008 083224.781 INFO             PET2         driver: finished resolving initialize data dependencies on this level.
20231008 083224.781 INFO             PET2       driver: loopDataDependentInitialize extro.
20231008 083224.781 INFO             PET2       driver: loopDataDependentInitialize() returned with dataDepAllComplete:  T
20231008 083224.781 INFO             PET2     driver: InitializeIPDv02p5Data extro.
20231008 083224.781 INFO             PET2     <<<driver: leaving Initialize (phase=<none>) with current time:    0  1  1  0  0  0   0
20231008 083224.781 INFO             PET2   driver: InitializeIPDv02p5 extro.
20231008 083224.781 INFO             PET2 driver: InitializeGeneric extro.
20231008 083224.781 INFO             PET2 driver: Run intro.
20231008 083224.781 INFO             PET2   >>>driver entered Run (phase=RunPhase1) with current time:    0  1  1  0  0  0   0
20231008 083224.781 INFO             PET2   driver: after lable_SetRunClock, current time:    0  1  1  0  0  0   0
20231008 083224.781 INFO             PET2   driver: begin -------> RunSequence.
20231008 083224.781 INFO             PET2     driver: RunSequence event loopLevel=   1  levelMember=   1  loopIteration=   1, current time:    0  1  1  0  0  0   0
20231008 083224.781 INFO             PET2     MODEL: Run intro.
20231008 083224.782 INFO             PET2       >>>MODEL: entered Run (phase=RunPhase1) with current time:    0  1  1  0  0  0   0
20231008 083224.782 INFO             PET2       MODEL: time step-loop starting, current time:    0  1  1  0  0  0   0
20231008 083224.782 INFO             PET2       thread_num=   0   currentSsiPe=  41   num_threads=   3   max_threads=   3   num_procs=   2
20231008 083224.782 INFO             PET2       thread_num=   1   currentSsiPe=   1   num_threads=   3   max_threads=   3   num_procs=   2
20231008 083224.790 INFO             PET2       thread_num=   2   currentSsiPe=   1   num_threads=   3   max_threads=   3   num_procs=   2
20231008 083224.790 INFO             PET2       ---->Advancing Model from:    0  1  1  0  0  0   0
20231008 083224.790 INFO             PET2       ---------------------> to:    0  1  1  0  0 30   0
20231008 083224.790 INFO             PET2       MODEL: time step-loop ending,   current time:    0  1  1  0  0 30   0
20231008 083224.790 INFO             PET2       <<<MODEL: leaving Run (phase=RunPhase1) with current time:    0  1  1  0  0 30   0
20231008 083224.790 INFO             PET2     MODEL: Run extro.
20231008 083224.790 INFO             PET2     driver: RunSequence event loopLevel=   1  levelMember=   1  loopIteration=   2, current time:    0  1  1  0  0 30   0
20231008 083224.791 INFO             PET2     MODEL: Run intro.
20231008 083224.791 INFO             PET2       >>>MODEL: entered Run (phase=RunPhase1) with current time:    0  1  1  0  0 30   0
20231008 083224.791 INFO             PET2       MODEL: time step-loop starting, current time:    0  1  1  0  0 30   0
20231008 083224.791 INFO             PET2       thread_num=   0   currentSsiPe=  41   num_threads=   3   max_threads=   3   num_procs=   2
20231008 083224.791 INFO             PET2       thread_num=   2   currentSsiPe=   1   num_threads=   3   max_threads=   3   num_procs=   2
20231008 083224.791 INFO             PET2       thread_num=   1   currentSsiPe=   1   num_threads=   3   max_threads=   3   num_procs=   2
20231008 083224.791 INFO             PET2       ---->Advancing Model from:    0  1  1  0  0 30   0
20231008 083224.791 INFO             PET2       ---------------------> to:    0  1  1  0  1  0   0
20231008 083224.791 INFO             PET2       MODEL: time step-loop ending,   current time:    0  1  1  0  1  0   0
20231008 083224.791 INFO             PET2       <<<MODEL: leaving Run (phase=RunPhase1) with current time:    0  1  1  0  1  0   0
20231008 083224.791 INFO             PET2     MODEL: Run extro.
20231008 083224.791 INFO             PET2     driver: RunSequence event loopLevel=   1  levelMember=   1  loopIteration=   3, current time:    0  1  1  0  1  0   0
20231008 083224.792 INFO             PET2     MODEL: Run intro.
20231008 083224.792 INFO             PET2       >>>MODEL: entered Run (phase=RunPhase1) with current time:    0  1  1  0  1  0   0
20231008 083224.792 INFO             PET2       MODEL: time step-loop starting, current time:    0  1  1  0  1  0   0
20231008 083224.792 INFO             PET2       thread_num=   0   currentSsiPe=  41   num_threads=   3   max_threads=   3   num_procs=   2
20231008 083224.792 INFO             PET2       thread_num=   2   currentSsiPe=   1   num_threads=   3   max_threads=   3   num_procs=   2
20231008 083224.792 INFO             PET2       thread_num=   1   currentSsiPe=   1   num_threads=   3   max_threads=   3   num_procs=   2
20231008 083224.792 INFO             PET2       ---->Advancing Model from:    0  1  1  0  1  0   0
20231008 083224.792 INFO             PET2       ---------------------> to:    0  1  1  0  1 30   0
20231008 083224.792 INFO             PET2       MODEL: time step-loop ending,   current time:    0  1  1  0  1 30   0
20231008 083224.792 INFO             PET2       <<<MODEL: leaving Run (phase=RunPhase1) with current time:    0  1  1  0  1 30   0
20231008 083224.792 INFO             PET2     MODEL: Run extro.
20231008 083224.792 INFO             PET2     driver: RunSequence event loopLevel=   1  levelMember=   1  loopIteration=   4, current time:    0  1  1  0  1 30   0
20231008 083224.793 INFO             PET2     MODEL: Run intro.
20231008 083224.793 INFO             PET2       >>>MODEL: entered Run (phase=RunPhase1) with current time:    0  1  1  0  1 30   0
20231008 083224.793 INFO             PET2       MODEL: time step-loop starting, current time:    0  1  1  0  1 30   0
20231008 083224.793 INFO             PET2       thread_num=   0   currentSsiPe=  41   num_threads=   3   max_threads=   3   num_procs=   2
20231008 083224.793 INFO             PET2       thread_num=   2   currentSsiPe=   1   num_threads=   3   max_threads=   3   num_procs=   2
20231008 083224.793 INFO             PET2       thread_num=   1   currentSsiPe=   1   num_threads=   3   max_threads=   3   num_procs=   2
20231008 083224.793 INFO             PET2       ---->Advancing Model from:    0  1  1  0  1 30   0
20231008 083224.793 INFO             PET2       ---------------------> to:    0  1  1  0  2  0   0
20231008 083224.793 INFO             PET2       MODEL: time step-loop ending,   current time:    0  1  1  0  2  0   0
20231008 083224.793 INFO             PET2       <<<MODEL: leaving Run (phase=RunPhase1) with current time:    0  1  1  0  2  0   0
20231008 083224.793 INFO             PET2     MODEL: Run extro.
20231008 083224.793 INFO             PET2     driver: RunSequence event loopLevel=   1  levelMember=   1  loopIteration=   5, current time:    0  1  1  0  2  0   0
20231008 083224.794 INFO             PET2     MODEL: Run intro.
20231008 083224.794 INFO             PET2       >>>MODEL: entered Run (phase=RunPhase1) with current time:    0  1  1  0  2  0   0
20231008 083224.794 INFO             PET2       MODEL: time step-loop starting, current time:    0  1  1  0  2  0   0
20231008 083224.794 INFO             PET2       thread_num=   0   currentSsiPe=  41   num_threads=   3   max_threads=   3   num_procs=   2
20231008 083224.794 INFO             PET2       thread_num=   1   currentSsiPe=   1   num_threads=   3   max_threads=   3   num_procs=   2
20231008 083224.794 INFO             PET2       thread_num=   2   currentSsiPe=   1   num_threads=   3   max_threads=   3   num_procs=   2
20231008 083224.794 INFO             PET2       ---->Advancing Model from:    0  1  1  0  2  0   0
20231008 083224.794 INFO             PET2       ---------------------> to:    0  1  1  0  2 30   0
20231008 083224.794 INFO             PET2       MODEL: time step-loop ending,   current time:    0  1  1  0  2 30   0
20231008 083224.794 INFO             PET2       <<<MODEL: leaving Run (phase=RunPhase1) with current time:    0  1  1  0  2 30   0
20231008 083224.794 INFO             PET2     MODEL: Run extro.
20231008 083224.794 INFO             PET2   driver: end <--------- RunSequence
20231008 083224.794 INFO             PET2   <<<driver - leaving Run with current time:    0  1  1  0  2 30   0
20231008 083224.794 INFO             PET2 driver: Run extro.
20231008 083224.795 INFO             PET2 driver: Finalize intro.
20231008 083224.795 INFO             PET2   Calling Finalize phase 1 for modelComp: MODEL
20231008 083224.795 INFO             PET2   MODEL: Finalize intro.
20231008 083224.795 INFO             PET2     >>>MODEL: entered Finalize (phase=FinalizePhase1) with current time:    0  1  1  0  2 30   0
20231008 083224.795 INFO             PET2     <<<MODEL: leaving Finalize (phase=FinalizePhase1) with current time:    0  1  1  0  2 30   0
20231008 083224.795 INFO             PET2   MODEL: Finalize extro.
20231008 083224.795 INFO             PET2   Delete modelComp: MODEL
20231008 083224.796 INFO             PET2   Delete Import-/Export State for modelComp: MODEL
20231008 083224.796 INFO             PET2 driver: Finalize extro.
20231008 083224.796 INFO             PET2 mainApp FINISHED
20231008 083224.796 INFO             PET2 Finalizing ESMF
20231008 083224.753 INFO             PET3 !!!!!!!!!!!!!!!!!!!!!!!!!!!!!!!!!!!!!!!!!!!!!!!!!!!!!!
20231008 083224.753 INFO             PET3 !!! THE ESMF_LOG IS SET TO OUTPUT ALL LOG MESSAGES !!!
20231008 083224.753 INFO             PET3 !!!     THIS MAY CAUSE SLOWDOWN IN PERFORMANCE     !!!
20231008 083224.753 INFO             PET3 !!! FOR PRODUCTION RUNS, USE:                      !!!
20231008 083224.753 INFO             PET3 !!!                   ESMF_LOGKIND_Multi_On_Error  !!!
20231008 083224.753 INFO             PET3 !!!!!!!!!!!!!!!!!!!!!!!!!!!!!!!!!!!!!!!!!!!!!!!!!!!!!!
20231008 083224.753 INFO             PET3 Running with ESMF Version   : v8.6.0b07-67-gb347190ad6
20231008 083224.753 INFO             PET3 ESMF library build date/time: "Oct  8 2023" "07:38:06"
20231008 083224.753 INFO             PET3 ESMF library build location : /scratch2/NCEPDEV/stmp1/Gerhard.Theurich/ESMF-Nightly-Testing/intel_2023.1.0_intelmpi_g_develop/esmf
20231008 083224.753 INFO             PET3 ESMF_COMM                   : intelmpi
20231008 083224.754 INFO             PET3 ESMF_MOAB                   : enabled
20231008 083224.754 INFO             PET3 ESMF_LAPACK                 : enabled
20231008 083224.754 INFO             PET3 ESMF_NETCDF                 : enabled
20231008 083224.754 INFO             PET3 ESMF_PNETCDF                : disabled
20231008 083224.754 INFO             PET3 ESMF_PIO                    : enabled
20231008 083224.754 INFO             PET3 ESMF_YAMLCPP                : enabled
20231008 083224.754 INFO             PET3 mainApp STARTING
20231008 083224.759 INFO             PET3 driver: InitializeGeneric intro.
20231008 083224.759 INFO             PET3   driver: InitializeP0 intro.
20231008 083224.759 INFO             PET3   driver: InitializeP0 extro.
20231008 083224.759 INFO             PET3   driver: InitializeIPDv02p1 intro.
20231008 083224.759 INFO             PET3     >>>driver: entered Initialize (phase=<none>) without valid internal Clock.
20231008 083224.760 INFO             PET3     driver - Creating model component MODEL without petList.
20231008 083224.762 INFO             PET3      GridCompIsPetLocal:  T
20231008 083224.762 INFO             PET3      VmIsCreated:  T
20231008 083224.762 INFO             PET3      valid MPI_COMM with size=           4
20231008 083224.763 INFO             PET3     driver - Creating state: modelComp 1 Import State
20231008 083224.763 INFO             PET3     driver - Creating state: modelComp 1 Export State
20231008 083224.763 INFO             PET3     MODEL: InitializeP0 intro.
20231008 083224.763 INFO             PET3       >>>MODEL: entered Initialize (phase=<none>) without valid internal Clock.
20231008 083224.764 INFO             PET3       <<<MODEL: leaving Initialize (phase=<none>) without valid internal Clock.
20231008 083224.764 INFO             PET3     MODEL: InitializeP0 extro.
20231008 083224.766 INFO             PET3     driver: IInitAdvertise intro.
20231008 083224.767 INFO             PET3     driver: IInitAdvertise extro.
20231008 083224.767 INFO             PET3     MODEL: InitializeIPDvXp01 intro.
20231008 083224.767 INFO             PET3       >>>MODEL: entered Initialize (phase=IPDvXp01) without valid internal Clock.
20231008 083224.768 INFO             PET3       <<<MODEL: leaving Initialize (phase=IPDvXp01) without valid internal Clock.
20231008 083224.768 INFO             PET3     MODEL: InitializeIPDvXp01 extro.
20231008 083224.769 INFO             PET3     driver: IInitAdvertiseFinish intro.
20231008 083224.769 INFO             PET3     driver: IInitAdvertiseFinish extro.
20231008 083224.769 INFO             PET3     driver: IInitModifyCplLists intro.
20231008 083224.769 INFO             PET3     driver: IInitModifyCplLists extro.
20231008 083224.769 INFO             PET3     <<<driver: leaving Initialize (phase=<none>) with current time:    0  1  1  0  0  0   0
20231008 083224.769 INFO             PET3   driver: InitializeIPDv02p1 extro.
20231008 083224.770 INFO             PET3   driver: InitializeIPDv02p3 intro.
20231008 083224.770 INFO             PET3     >>>driver: entered Initialize (phase=<none>) with current time:    0  1  1  0  0  0   0
20231008 083224.770 INFO             PET3     driver: IInitCheck intro.
20231008 083224.770 INFO             PET3     driver: IInitCheck extro.
20231008 083224.770 INFO             PET3     MODEL: InitializeIPDvXp04 intro.
20231008 083224.770 INFO             PET3       >>>MODEL: entered Initialize (phase=IPDvXp04) without valid internal Clock.
20231008 083224.775 INFO             PET3       After Realize: - MemInfo: [/proc/meminfo - SSI]	MemTotal:       97470520 kB
20231008 083224.775 INFO             PET3       After Realize: - MemInfo: [/proc/meminfo - SSI]	MemFree:        84333796 kB
20231008 083224.775 INFO             PET3       After Realize: - MemInfo: [/proc/meminfo - SSI]	MemAvailable:   89389476 kB
20231008 083224.775 INFO             PET3       After Realize: - MemInfo: [/proc/meminfo - SSI]	Committed_AS:    1812804 kB
20231008 083224.775 INFO             PET3       After Realize: - MemInfo: [/proc/meminfo - SSI]	CommittedPercent: 1.85985 %
20231008 083224.775 INFO             PET3       After Realize: - MemInfo: [/proc/self/status]	VmPeak:	 2754528 kB
20231008 083224.775 INFO             PET3       After Realize: - MemInfo: [/proc/self/status]	VmSize:	 2754528 kB
20231008 083224.775 INFO             PET3       After Realize: - MemInfo: [/proc/self/status]	VmLck:	       0 kB
20231008 083224.775 INFO             PET3       After Realize: - MemInfo: [/proc/self/status]	VmPin:	   71804 kB
20231008 083224.775 INFO             PET3       After Realize: - MemInfo: [/proc/self/status]	VmHWM:	  160556 kB
20231008 083224.775 INFO             PET3       After Realize: - MemInfo: [/proc/self/status]	VmRSS:	  160556 kB
20231008 083224.775 INFO             PET3       After Realize: - MemInfo: [/proc/self/status]	VmData:	  211252 kB
20231008 083224.775 INFO             PET3       After Realize: - MemInfo: [/proc/self/status]	VmStk:	     208 kB
20231008 083224.775 INFO             PET3       After Realize: - MemInfo: [/proc/self/status]	VmExe:	    1340 kB
20231008 083224.775 INFO             PET3       After Realize: - MemInfo: [/proc/self/status]	VmLib:	  127848 kB
20231008 083224.775 INFO             PET3       After Realize: - MemInfo: [/proc/self/status]	VmPTE:	     820 kB
20231008 083224.775 INFO             PET3       After Realize: - MemInfo: [/proc/self/status]	VmSwap:	       0 kB
20231008 083224.775 INFO             PET3       After Realize: - MemInfo: [/proc/self/status]	VmRSSPercent: 0.164723 %
20231008 083224.775 INFO             PET3       After Realize: - MemInfo: [malloc] Non-mmapped space allocated:                 1298432 Byte
20231008 083224.775 INFO             PET3       After Realize: - MemInfo: [malloc] Space allocated in mmapped regions:         75493376 Byte
20231008 083224.775 INFO             PET3       After Realize: - MemInfo: [malloc] Maximum total allocated space:                     0 Byte
20231008 083224.775 INFO             PET3       After Realize: - MemInfo: [malloc] Space in freed fastbin blocks:                  1152 Byte
20231008 083224.775 INFO             PET3       After Realize: - MemInfo: [malloc] Total allocated space:                       1279728 Byte
20231008 083224.775 INFO             PET3       After Realize: - MemInfo: [malloc] Total free space:                              18704 Byte
20231008 083224.775 INFO             PET3       After Realize: - MemInfo: [malloc] Top-most, releasable space:                    17360 Byte
20231008 083224.775 INFO             PET3       After Realize: - MemInfo: [malloc] Total space in use, mmap + non-mmap:        76773104 Byte
20231008 083224.775 INFO             PET3       After Realize: - MemInfo: [malloc] Total space held (mmap + non-mmap):         76791808 Byte
20231008 083224.775 INFO             PET3       After Realize: - MemInfo: [malloc] Total space used (mmap + non-mmap):         76782448 Byte
20231008 083224.775 INFO             PET3       After Realize: - MemInfo: Wall-clock time since execution start:              0.0401521 seconds
20231008 083224.775 INFO             PET3       <<<MODEL: leaving Initialize (phase=IPDvXp04) without valid internal Clock.
20231008 083224.775 INFO             PET3     MODEL: InitializeIPDvXp04 extro.
20231008 083224.776 INFO             PET3     driver: IInitRealize intro.
20231008 083224.776 INFO             PET3     driver: IInitRealize extro.
20231008 083224.776 INFO             PET3     MODEL: InitializeIPDvXp07 intro.
20231008 083224.777 INFO             PET3       >>>MODEL: entered Initialize (phase=IPDvXp07) without valid internal Clock.
20231008 083224.777 INFO             PET3       <<<MODEL: leaving Initialize (phase=IPDvXp07) with current time:    0  1  1  0  0  0   0
20231008 083224.777 INFO             PET3     MODEL: InitializeIPDvXp07 extro.
20231008 083224.777 INFO             PET3     <<<driver: leaving Initialize (phase=<none>) with current time:    0  1  1  0  0  0   0
20231008 083224.777 INFO             PET3   driver: InitializeIPDv02p3 extro.
20231008 083224.777 INFO             PET3   driver: InitializeIPDv02p5 intro.
20231008 083224.777 INFO             PET3     >>>driver: entered Initialize (phase=<none>) with current time:    0  1  1  0  0  0   0
20231008 083224.777 INFO             PET3     driver: this is a top level driver, no 'Updated' and 'InitializeDataComplete' info on this level.
20231008 083224.777 INFO             PET3     driver: InitializeIPDv02p5Data intro.
20231008 083224.777 INFO             PET3       driver: InternalInitializeComplete intro.
20231008 083224.777 INFO             PET3         driver: InitializeDataComplete='true'
20231008 083224.777 INFO             PET3       driver: InternalInitializeComplete extro.
20231008 083224.777 INFO             PET3       MODEL: InitializeIPDvXp08 intro.
20231008 083224.777 INFO             PET3         >>>MODEL: entered Initialize (phase=IPDv05p8) with current time:    0  1  1  0  0  0   0
20231008 083224.778 INFO             PET3         MODEL: InitializeDataProgress='false', InitializeDataComplete='false'
20231008 083224.778 INFO             PET3         <<<MODEL: leaving Initialize (phase=IPDv05p8) with current time:    0  1  1  0  0  0   0
20231008 083224.778 INFO             PET3       MODEL: InitializeIPDvXp08 extro.
20231008 083224.779 INFO             PET3       driver: components present that trigger loopDataDependentInitialize().
20231008 083224.779 INFO             PET3       driver: loopDataDependentInitialize intro.
20231008 083224.779 INFO             PET3         driver: component    0=driver, dataComplete (local): true
20231008 083224.779 INFO             PET3         driver: component    0=driver, dataComplete (global):  T
20231008 083224.779 INFO             PET3         driver: component    1=MODEL, dataComplete (local): false
20231008 083224.779 INFO             PET3         driver: component    1=MODEL, dataComplete (global):  F
20231008 083224.779 INFO             PET3         MODEL: InitializeIPDvXp08 intro.
20231008 083224.780 INFO             PET3           >>>MODEL: entered Initialize (phase=IPDv05p8) with current time:    0  1  1  0  0  0   0
20231008 083224.780 INFO             PET3           MODEL: InitializeDataProgress='true', InitializeDataComplete='true'
20231008 083224.780 INFO             PET3           <<<MODEL: leaving Initialize (phase=IPDv05p8) with current time:    0  1  1  0  0  0   0
20231008 083224.780 INFO             PET3         MODEL: InitializeIPDvXp08 extro.
20231008 083224.781 INFO             PET3         driver: component    1=MODEL, someProgress (local): true
20231008 083224.781 INFO             PET3         driver: component    1=MODEL, someProgress (global):  T
20231008 083224.781 INFO             PET3         driver: someProgress= T, allComplete= F, present(dataDepAllComplete)= T
20231008 083224.781 INFO             PET3         driver: component    0=driver, dataComplete (local): true
20231008 083224.781 INFO             PET3         driver: component    0=driver, dataComplete (global):  T
20231008 083224.781 INFO             PET3         driver: component    1=MODEL, dataComplete (local): true
20231008 083224.781 INFO             PET3         driver: component    1=MODEL, dataComplete (global):  T
20231008 083224.781 INFO             PET3         driver: someProgress= F, allComplete= T, present(dataDepAllComplete)= T
20231008 083224.781 INFO             PET3         driver: finished resolving initialize data dependencies on this level.
20231008 083224.781 INFO             PET3       driver: loopDataDependentInitialize extro.
20231008 083224.781 INFO             PET3       driver: loopDataDependentInitialize() returned with dataDepAllComplete:  T
20231008 083224.781 INFO             PET3     driver: InitializeIPDv02p5Data extro.
20231008 083224.781 INFO             PET3     <<<driver: leaving Initialize (phase=<none>) with current time:    0  1  1  0  0  0   0
20231008 083224.781 INFO             PET3   driver: InitializeIPDv02p5 extro.
20231008 083224.781 INFO             PET3 driver: InitializeGeneric extro.
20231008 083224.781 INFO             PET3 driver: Run intro.
20231008 083224.781 INFO             PET3   >>>driver entered Run (phase=RunPhase1) with current time:    0  1  1  0  0  0   0
20231008 083224.781 INFO             PET3   driver: after lable_SetRunClock, current time:    0  1  1  0  0  0   0
20231008 083224.781 INFO             PET3   driver: begin -------> RunSequence.
20231008 083224.781 INFO             PET3     driver: RunSequence event loopLevel=   1  levelMember=   1  loopIteration=   1, current time:    0  1  1  0  0  0   0
20231008 083224.781 INFO             PET3     MODEL: Run intro.
20231008 083224.782 INFO             PET3       >>>MODEL: entered Run (phase=RunPhase1) with current time:    0  1  1  0  0  0   0
20231008 083224.782 INFO             PET3       MODEL: time step-loop starting, current time:    0  1  1  0  0  0   0
20231008 083224.782 INFO             PET3       thread_num=   1   currentSsiPe=  21   num_threads=   3   max_threads=   3   num_procs=   2
20231008 083224.782 INFO             PET3       thread_num=   0   currentSsiPe=  61   num_threads=   3   max_threads=   3   num_procs=   2
20231008 083224.790 INFO             PET3       thread_num=   2   currentSsiPe=  61   num_threads=   3   max_threads=   3   num_procs=   2
20231008 083224.790 INFO             PET3       ---->Advancing Model from:    0  1  1  0  0  0   0
20231008 083224.790 INFO             PET3       ---------------------> to:    0  1  1  0  0 30   0
20231008 083224.790 INFO             PET3       MODEL: time step-loop ending,   current time:    0  1  1  0  0 30   0
20231008 083224.790 INFO             PET3       <<<MODEL: leaving Run (phase=RunPhase1) with current time:    0  1  1  0  0 30   0
20231008 083224.790 INFO             PET3     MODEL: Run extro.
20231008 083224.790 INFO             PET3     driver: RunSequence event loopLevel=   1  levelMember=   1  loopIteration=   2, current time:    0  1  1  0  0 30   0
20231008 083224.790 INFO             PET3     MODEL: Run intro.
20231008 083224.791 INFO             PET3       >>>MODEL: entered Run (phase=RunPhase1) with current time:    0  1  1  0  0 30   0
20231008 083224.791 INFO             PET3       MODEL: time step-loop starting, current time:    0  1  1  0  0 30   0
20231008 083224.791 INFO             PET3       thread_num=   1   currentSsiPe=  21   num_threads=   3   max_threads=   3   num_procs=   2
20231008 083224.791 INFO             PET3       thread_num=   2   currentSsiPe=  61   num_threads=   3   max_threads=   3   num_procs=   2
20231008 083224.791 INFO             PET3       thread_num=   0   currentSsiPe=  61   num_threads=   3   max_threads=   3   num_procs=   2
20231008 083224.791 INFO             PET3       ---->Advancing Model from:    0  1  1  0  0 30   0
20231008 083224.791 INFO             PET3       ---------------------> to:    0  1  1  0  1  0   0
20231008 083224.791 INFO             PET3       MODEL: time step-loop ending,   current time:    0  1  1  0  1  0   0
20231008 083224.791 INFO             PET3       <<<MODEL: leaving Run (phase=RunPhase1) with current time:    0  1  1  0  1  0   0
20231008 083224.791 INFO             PET3     MODEL: Run extro.
20231008 083224.791 INFO             PET3     driver: RunSequence event loopLevel=   1  levelMember=   1  loopIteration=   3, current time:    0  1  1  0  1  0   0
20231008 083224.792 INFO             PET3     MODEL: Run intro.
20231008 083224.792 INFO             PET3       >>>MODEL: entered Run (phase=RunPhase1) with current time:    0  1  1  0  1  0   0
20231008 083224.792 INFO             PET3       MODEL: time step-loop starting, current time:    0  1  1  0  1  0   0
20231008 083224.792 INFO             PET3       thread_num=   0   currentSsiPe=  61   num_threads=   3   max_threads=   3   num_procs=   2
20231008 083224.792 INFO             PET3       thread_num=   1   currentSsiPe=  21   num_threads=   3   max_threads=   3   num_procs=   2
20231008 083224.792 INFO             PET3       thread_num=   2   currentSsiPe=  61   num_threads=   3   max_threads=   3   num_procs=   2
20231008 083224.792 INFO             PET3       ---->Advancing Model from:    0  1  1  0  1  0   0
20231008 083224.792 INFO             PET3       ---------------------> to:    0  1  1  0  1 30   0
20231008 083224.792 INFO             PET3       MODEL: time step-loop ending,   current time:    0  1  1  0  1 30   0
20231008 083224.792 INFO             PET3       <<<MODEL: leaving Run (phase=RunPhase1) with current time:    0  1  1  0  1 30   0
20231008 083224.792 INFO             PET3     MODEL: Run extro.
20231008 083224.792 INFO             PET3     driver: RunSequence event loopLevel=   1  levelMember=   1  loopIteration=   4, current time:    0  1  1  0  1 30   0
20231008 083224.792 INFO             PET3     MODEL: Run intro.
20231008 083224.793 INFO             PET3       >>>MODEL: entered Run (phase=RunPhase1) with current time:    0  1  1  0  1 30   0
20231008 083224.793 INFO             PET3       MODEL: time step-loop starting, current time:    0  1  1  0  1 30   0
20231008 083224.793 INFO             PET3       thread_num=   0   currentSsiPe=  61   num_threads=   3   max_threads=   3   num_procs=   2
20231008 083224.793 INFO             PET3       thread_num=   1   currentSsiPe=  21   num_threads=   3   max_threads=   3   num_procs=   2
20231008 083224.793 INFO             PET3       thread_num=   2   currentSsiPe=  61   num_threads=   3   max_threads=   3   num_procs=   2
20231008 083224.793 INFO             PET3       ---->Advancing Model from:    0  1  1  0  1 30   0
20231008 083224.793 INFO             PET3       ---------------------> to:    0  1  1  0  2  0   0
20231008 083224.793 INFO             PET3       MODEL: time step-loop ending,   current time:    0  1  1  0  2  0   0
20231008 083224.793 INFO             PET3       <<<MODEL: leaving Run (phase=RunPhase1) with current time:    0  1  1  0  2  0   0
20231008 083224.793 INFO             PET3     MODEL: Run extro.
20231008 083224.793 INFO             PET3     driver: RunSequence event loopLevel=   1  levelMember=   1  loopIteration=   5, current time:    0  1  1  0  2  0   0
20231008 083224.793 INFO             PET3     MODEL: Run intro.
20231008 083224.793 INFO             PET3       >>>MODEL: entered Run (phase=RunPhase1) with current time:    0  1  1  0  2  0   0
20231008 083224.794 INFO             PET3       MODEL: time step-loop starting, current time:    0  1  1  0  2  0   0
20231008 083224.794 INFO             PET3       thread_num=   1   currentSsiPe=  21   num_threads=   3   max_threads=   3   num_procs=   2
20231008 083224.794 INFO             PET3       thread_num=   2   currentSsiPe=  61   num_threads=   3   max_threads=   3   num_procs=   2
20231008 083224.794 INFO             PET3       thread_num=   0   currentSsiPe=  61   num_threads=   3   max_threads=   3   num_procs=   2
20231008 083224.794 INFO             PET3       ---->Advancing Model from:    0  1  1  0  2  0   0
20231008 083224.794 INFO             PET3       ---------------------> to:    0  1  1  0  2 30   0
20231008 083224.795 INFO             PET3       MODEL: time step-loop ending,   current time:    0  1  1  0  2 30   0
20231008 083224.795 INFO             PET3       <<<MODEL: leaving Run (phase=RunPhase1) with current time:    0  1  1  0  2 30   0
20231008 083224.795 INFO             PET3     MODEL: Run extro.
20231008 083224.795 INFO             PET3   driver: end <--------- RunSequence
20231008 083224.795 INFO             PET3   <<<driver - leaving Run with current time:    0  1  1  0  2 30   0
20231008 083224.795 INFO             PET3 driver: Run extro.
20231008 083224.795 INFO             PET3 driver: Finalize intro.
20231008 083224.795 INFO             PET3   Calling Finalize phase 1 for modelComp: MODEL
20231008 083224.795 INFO             PET3   MODEL: Finalize intro.
20231008 083224.795 INFO             PET3     >>>MODEL: entered Finalize (phase=FinalizePhase1) with current time:    0  1  1  0  2 30   0
20231008 083224.795 INFO             PET3     <<<MODEL: leaving Finalize (phase=FinalizePhase1) with current time:    0  1  1  0  2 30   0
20231008 083224.795 INFO             PET3   MODEL: Finalize extro.
20231008 083224.796 INFO             PET3   Delete modelComp: MODEL
20231008 083224.796 INFO             PET3   Delete Import-/Export State for modelComp: MODEL
20231008 083224.796 INFO             PET3 driver: Finalize extro.
20231008 083224.796 INFO             PET3 mainApp FINISHED
20231008 083224.796 INFO             PET3 Finalizing ESMF
