2023-10-03 15:10:02
20231003 152240.513 INFO             PET0 !!!!!!!!!!!!!!!!!!!!!!!!!!!!!!!!!!!!!!!!!!!!!!!!!!!!!!
20231003 152240.514 INFO             PET0 !!! THE ESMF_LOG IS SET TO OUTPUT ALL LOG MESSAGES !!!
20231003 152240.514 INFO             PET0 !!!     THIS MAY CAUSE SLOWDOWN IN PERFORMANCE     !!!
20231003 152240.514 INFO             PET0 !!! FOR PRODUCTION RUNS, USE:                      !!!
20231003 152240.514 INFO             PET0 !!!                   ESMF_LOGKIND_Multi_On_Error  !!!
20231003 152240.514 INFO             PET0 !!!!!!!!!!!!!!!!!!!!!!!!!!!!!!!!!!!!!!!!!!!!!!!!!!!!!!
20231003 152240.514 INFO             PET0 Running with ESMF Version   : v8.6.0b07
20231003 152240.514 INFO             PET0 ESMF library build date/time: "Oct  3 2023" "15:09:21"
20231003 152240.514 INFO             PET0 ESMF library build location : /Users/oehmke/ESMF_AutoTest/gfortranclang_12.2.0_14.0.0_mpiuni_g_develop/esmf
20231003 152240.514 INFO             PET0 ESMF_COMM                   : mpiuni
20231003 152240.514 INFO             PET0 ESMF_MOAB                   : enabled
20231003 152240.514 INFO             PET0 ESMF_LAPACK                 : enabled
20231003 152240.514 INFO             PET0 ESMF_NETCDF                 : enabled
20231003 152240.514 INFO             PET0 ESMF_PNETCDF                : disabled
20231003 152240.514 INFO             PET0 ESMF_PIO                    : disabled
20231003 152240.514 INFO             PET0 ESMF_YAMLCPP                : enabled
20231003 152240.514 INFO             PET0 ESMF Tracing Enabled
20231003 152240.514 INFO             PET0 ESMF Profiling Enabled
20231003 152240.514 INFO             PET0 ESMF Trace/Profile clock: REALTIME
20231003 152240.514 INFO             PET0  NUMBER_OF_PROCESSORS           1
20231003 152240.514 INFO             PET0  PASS  Example ESMF_TraceEx, ESMF_TraceEx.F90, line 178
20231003 152240.514 INFO             PET0 Finalizing ESMF
20231003 152240.515 INFO             PET0 **************** Region Timings *******************
20231003 152240.515 INFO             PET0 Region              Count  Total (s)   Self (s)    Mean (s)    Min (s)     Max (s)
20231003 152240.515 INFO             PET0   [ESMF]            1      0.0003      0.0003      0.0003      0.0003      0.0003
20231003 152240.515 INFO             PET0     [test] Run 1    5      0.0000      0.0000      0.0000      0.0000      0.0000
20231003 152240.515 INFO             PET0     [test] Init 1   1      0.0000      0.0000      0.0000      0.0000      0.0000
20231003 152240.515 INFO             PET0     [test] Final 1  1      0.0000      0.0000      0.0000      0.0000      0.0000
