2023-10-25 01:44:11
20231025 021455.667 INFO             PET0 !!!!!!!!!!!!!!!!!!!!!!!!!!!!!!!!!!!!!!!!!!!!!!!!!!!!!!
20231025 021455.667 INFO             PET0 !!! THE ESMF_LOG IS SET TO OUTPUT ALL LOG MESSAGES !!!
20231025 021455.667 INFO             PET0 !!!     THIS MAY CAUSE SLOWDOWN IN PERFORMANCE     !!!
20231025 021455.667 INFO             PET0 !!! FOR PRODUCTION RUNS, USE:                      !!!
20231025 021455.667 INFO             PET0 !!!                   ESMF_LOGKIND_Multi_On_Error  !!!
20231025 021455.667 INFO             PET0 !!!!!!!!!!!!!!!!!!!!!!!!!!!!!!!!!!!!!!!!!!!!!!!!!!!!!!
20231025 021455.667 INFO             PET0 Running with ESMF Version   : v8.6.0b10-22-g12119ea776
20231025 021455.667 INFO             PET0 ESMF library build date/time: "Oct 25 2023" "01:42:32"
20231025 021455.667 INFO             PET0 ESMF library build location : /scratch/cluster/theurich/ESMF-Nightly-Testing/nag_7.0_mpiuni_O_develop/esmf
20231025 021455.667 INFO             PET0 ESMF_COMM                   : mpiuni
20231025 021455.667 INFO             PET0 ESMF_MOAB                   : enabled
20231025 021455.667 INFO             PET0 ESMF_LAPACK                 : enabled
20231025 021455.667 INFO             PET0 ESMF_NETCDF                 : enabled
20231025 021455.667 INFO             PET0 ESMF_PNETCDF                : disabled
20231025 021455.667 INFO             PET0 ESMF_PIO                    : disabled
20231025 021455.667 INFO             PET0 ESMF_YAMLCPP                : enabled
20231025 021455.706 INFO             PET0  NUMBER_OF_PROCESSORS 1
20231025 021455.706 INFO             PET0  PASS  Example ESMF_NUOPCBasicModelEx, ESMF_NUOPCBasicModelEx.F90, line 339
20231025 021455.706 INFO             PET0  Finalizing ESMF
