Processing /glade/scratch/theurich/ESMF-Nightly-Testing/intel_18.0.5_intelmpi_O_release_8.6.0/esmf/src/addon/esmpy
  Installing build dependencies: started
  Installing build dependencies: finished with status 'done'
  Getting requirements to build wheel: started
  Getting requirements to build wheel: finished with status 'done'
    Preparing wheel metadata: started
    Preparing wheel metadata: finished with status 'done'
Collecting importlib-metadata; python_version < "3.8"
  Using cached importlib_metadata-6.7.0-py3-none-any.whl (22 kB)
Collecting numpy
  Using cached numpy-1.21.6-cp37-cp37m-manylinux_2_12_x86_64.manylinux2010_x86_64.whl (15.7 MB)
Collecting zipp>=0.5
  Using cached zipp-3.15.0-py3-none-any.whl (6.8 kB)
Collecting typing-extensions>=3.6.4; python_version < "3.8"
  Using cached typing_extensions-4.7.1-py3-none-any.whl (33 kB)
Building wheels for collected packages: esmpy
  Building wheel for esmpy (PEP 517): started
  Building wheel for esmpy (PEP 517): finished with status 'done'
  Created wheel for esmpy: filename=esmpy-8.6.0b0-py3-none-any.whl size=120542 sha256=450cc0e44ba2fb5b20fedf57e5cbbaad957d2852661472872183570cf7fb595b
  Stored in directory: /glade/scratch/theurich/pip-ephem-wheel-cache-48jo99pk/wheels/a0/48/09/aa37aabc41e2c8fbc0f3d8e7bd274bd5c9ab805b94f896e528
Successfully built esmpy
Installing collected packages: zipp, typing-extensions, importlib-metadata, numpy, esmpy
Successfully installed esmpy-8.6.0b0 importlib-metadata-6.7.0 numpy-1.21.6 typing-extensions-4.7.1 zipp-3.15.0
WARNING: You are using pip version 20.1.1; however, version 23.3.1 is available.
You should consider upgrading via the '/glade/scratch/theurich/ESMF-Nightly-Testing/intel_18.0.5_intelmpi_O_release_8.6.0/esmpy_venv/bin/python3 -m pip install --upgrade pip' command.
