2023-11-10 09:01:29
20231110 093715.332 INFO             PET0 !!!!!!!!!!!!!!!!!!!!!!!!!!!!!!!!!!!!!!!!!!!!!!!!!!!!!!
20231110 093715.332 INFO             PET0 !!! THE ESMF_LOG IS SET TO OUTPUT ALL LOG MESSAGES !!!
20231110 093715.332 INFO             PET0 !!!     THIS MAY CAUSE SLOWDOWN IN PERFORMANCE     !!!
20231110 093715.332 INFO             PET0 !!! FOR PRODUCTION RUNS, USE:                      !!!
20231110 093715.332 INFO             PET0 !!!                   ESMF_LOGKIND_Multi_On_Error  !!!
20231110 093715.332 INFO             PET0 !!!!!!!!!!!!!!!!!!!!!!!!!!!!!!!!!!!!!!!!!!!!!!!!!!!!!!
20231110 093715.332 INFO             PET0 Running with ESMF Version   : v8.6.0
20231110 093715.332 INFO             PET0 ESMF library build date/time: "Nov 10 2023" "08:59:40"
20231110 093715.332 INFO             PET0 ESMF library build location : /project/esmf/theurich/ESMF-Nightly-Testing/nag_7.0_mpiuni_g_v8.6.0/esmf
20231110 093715.332 INFO             PET0 ESMF_COMM                   : mpiuni
20231110 093715.332 INFO             PET0 ESMF_MOAB                   : enabled
20231110 093715.332 INFO             PET0 ESMF_LAPACK                 : enabled
20231110 093715.332 INFO             PET0 ESMF_NETCDF                 : enabled
20231110 093715.332 INFO             PET0 ESMF_PNETCDF                : disabled
20231110 093715.332 INFO             PET0 ESMF_PIO                    : disabled
20231110 093715.332 INFO             PET0 ESMF_YAMLCPP                : enabled
20231110 093715.333 INFO             PET0  NUMBER_OF_PROCESSORS 1
20231110 093715.333 INFO             PET0  PASS  Example CalendarEx, ESMF_CalendarEx.F90, line 217
20231110 093715.333 INFO             PET0  Finalizing ESMF
