2023-10-13 02:02:07
20231013 024317.709 INFO             PET0 !!!!!!!!!!!!!!!!!!!!!!!!!!!!!!!!!!!!!!!!!!!!!!!!!!!!!!
20231013 024317.709 INFO             PET0 !!! THE ESMF_LOG IS SET TO OUTPUT ALL LOG MESSAGES !!!
20231013 024317.709 INFO             PET0 !!!     THIS MAY CAUSE SLOWDOWN IN PERFORMANCE     !!!
20231013 024317.709 INFO             PET0 !!! FOR PRODUCTION RUNS, USE:                      !!!
20231013 024317.709 INFO             PET0 !!!                   ESMF_LOGKIND_Multi_On_Error  !!!
20231013 024317.709 INFO             PET0 !!!!!!!!!!!!!!!!!!!!!!!!!!!!!!!!!!!!!!!!!!!!!!!!!!!!!!
20231013 024317.709 INFO             PET0 Running with ESMF Version   : v8.6.0b08-19-gea64eb3ef0
20231013 024317.709 INFO             PET0 ESMF library build date/time: "Oct 13 2023" "01:59:37"
20231013 024317.709 INFO             PET0 ESMF library build location : /home/gerhard/ESMF-Nightly-Testing/aocc_4.1.0_mpiuni_g_develop/esmf
20231013 024317.709 INFO             PET0 ESMF_COMM                   : mpiuni
20231013 024317.709 INFO             PET0 ESMF_MOAB                   : enabled
20231013 024317.709 INFO             PET0 ESMF_LAPACK                 : enabled
20231013 024317.709 INFO             PET0 ESMF_NETCDF                 : disabled
20231013 024317.709 INFO             PET0 ESMF_PNETCDF                : disabled
20231013 024317.709 INFO             PET0 ESMF_PIO                    : disabled
20231013 024317.709 INFO             PET0 ESMF_YAMLCPP                : enabled
20231013 024317.711 INFO             PET0  NUMBER_OF_PROCESSORS            1
20231013 024317.711 INFO             PET0  PASS  Example ESMF_ConfigOverviewEx, ESMF_ConfigOverviewEx.F90, line 638
20231013 024317.711 INFO             PET0  Finalizing ESMF
