2023-10-17 18:19:57
forrtl: severe (174): SIGSEGV, segmentation fault occurred
Image              PC                Routine            Line        Source             
libpthread-2.31.s  0000149E48FB38C0  Unknown               Unknown  Unknown
mainApp            000000000043E1C3  Unknown               Unknown  Unknown
mainApp            000000000043EAE0  Unknown               Unknown  Unknown
mainApp            000000000043E374  Unknown               Unknown  Unknown
libesmf.so         0000149E4B59F4B2  f_esmf_compcollec     Unknown  Unknown
libesmf.so         0000149E4B3F73CD  _ZN5ESMCI2VM8fina     Unknown  Unknown
libesmf.so         0000149E4B3D5685  c_esmc_vmfinalize     Unknown  Unknown
libesmf.so         0000149E4BAF34EC  esmf_vmmod_mp_esm     Unknown  Unknown
libesmf.so         0000149E4B900275  esmf_initmod_mp_e     Unknown  Unknown
mainApp            00000000004169A5  Unknown               Unknown  Unknown
mainApp            000000000041638D  Unknown               Unknown  Unknown
libc-2.31.so       0000149E4512929D  __libc_start_main     Unknown  Unknown
mainApp            00000000004162BA  Unknown               Unknown  Unknown
forrtl: severe (174): SIGSEGV, segmentation fault occurred
Image              PC                Routine            Line        Source             
libpthread-2.31.s  00001533E9DCA8C0  Unknown               Unknown  Unknown
mainApp            000000000043E192  Unknown               Unknown  Unknown
mainApp            000000000043EAE0  Unknown               Unknown  Unknown
mainApp            000000000043E374  Unknown               Unknown  Unknown
libesmf.so         00001533EC3B64B2  f_esmf_compcollec     Unknown  Unknown
libesmf.so         00001533EC20E3CD  _ZN5ESMCI2VM8fina     Unknown  Unknown
libesmf.so         00001533EC1EC685  c_esmc_vmfinalize     Unknown  Unknown
libesmf.so         00001533EC90A4EC  esmf_vmmod_mp_esm     Unknown  Unknown
libesmf.so         00001533EC717275  esmf_initmod_mp_e     Unknown  Unknown
mainApp            00000000004169A5  Unknown               Unknown  Unknown
mainApp            000000000041638D  Unknown               Unknown  Unknown
libc-2.31.so       00001533E5F4029D  __libc_start_main     Unknown  Unknown
mainApp            00000000004162BA  Unknown               Unknown  Unknown
forrtl: severe (174): SIGSEGV, segmentation fault occurred
Image              PC                Routine            Line        Source             
libpthread-2.31.s  000014BC71F668C0  Unknown               Unknown  Unknown
mainApp            000000000043E190  Unknown               Unknown  Unknown
mainApp            000000000043EAE0  Unknown               Unknown  Unknown
mainApp            000000000043E374  Unknown               Unknown  Unknown
libesmf.so         000014BC745524B2  f_esmf_compcollec     Unknown  Unknown
libesmf.so         000014BC743AA3CD  _ZN5ESMCI2VM8fina     Unknown  Unknown
libesmf.so         000014BC74388685  c_esmc_vmfinalize     Unknown  Unknown
libesmf.so         000014BC74AA64EC  esmf_vmmod_mp_esm     Unknown  Unknown
libesmf.so         000014BC748B3275  esmf_initmod_mp_e     Unknown  Unknown
mainApp            00000000004169A5  Unknown               Unknown  Unknown
mainApp            000000000041638D  Unknown               Unknown  Unknown
libc-2.31.so       000014BC6E0DC29D  __libc_start_main     Unknown  Unknown
mainApp            00000000004162BA  Unknown               Unknown  Unknown
dec2447.hsn.de.hpc.ucar.edu: rank 1 exited with code 174
forrtl: error (78): process killed (SIGTERM)
Image              PC                Routine            Line        Source             
libpthread-2.31.s  00001550A9E488C0  Unknown               Unknown  Unknown
libc-2.31.so       00001550A6085527  __sched_yield         Unknown  Unknown
libmpi_intel.so.1  00001550A7CFCADE  Unknown               Unknown  Unknown
libmpi_intel.so.1  00001550A8A98A16  Unknown               Unknown  Unknown
libmpi_intel.so.1  00001550A8AAB169  Unknown               Unknown  Unknown
libmpi_intel.so.1  00001550A89BAC82  Unknown               Unknown  Unknown
libmpi_intel.so.1  00001550A708C011  Unknown               Unknown  Unknown
libmpi_intel.so.1  00001550A708C138  Unknown               Unknown  Unknown
libmpi_intel.so.1  00001550A8C994CB  Unknown               Unknown  Unknown
libmpi_intel.so.1  00001550A708C200  Unknown               Unknown  Unknown
libmpi_intel.so.1  00001550A91A7E96  Unknown               Unknown  Unknown
libmpi_intel.so.1  00001550A9245766  Unknown               Unknown  Unknown
libmpi_intel.so.1  00001550A8E22E80  Unknown               Unknown  Unknown
libmpi_intel.so.1  00001550A752E5BC  MPI_Finalize          Unknown  Unknown
libesmf.so         00001550AC26FA60  _ZN5ESMCI3VMK8fin     Unknown  Unknown
libesmf.so         00001550AC28C4C0  _ZN5ESMCI2VM8fina     Unknown  Unknown
libesmf.so         00001550AC26A685  c_esmc_vmfinalize     Unknown  Unknown
libesmf.so         00001550AC9884EC  esmf_vmmod_mp_esm     Unknown  Unknown
libesmf.so         00001550AC795275  esmf_initmod_mp_e     Unknown  Unknown
mainApp            00000000004169A5  Unknown               Unknown  Unknown
mainApp            000000000041638D  Unknown               Unknown  Unknown
libc-2.31.so       00001550A5FBE29D  __libc_start_main     Unknown  Unknown
mainApp            00000000004162BA  Unknown               Unknown  Unknown
dec2447.hsn.de.hpc.ucar.edu: rank 0 exited with code 1
