2023-10-17 12:02:02
 NUOPC_DriverPrint for PET:           0
   Model, Mediator, and Driver components, in the order
   that they were added to the Driver:
           1 :  advectDiff_Parent
           2 :  advectDiff_Gen1Nestling0
           3 :  advectDiff_Gen1Nestling1
           4 :  advectDiff_Gen2Nestling0
   Connector components, in the order
   that they were added to the Driver:
           1 :  advectDiff_Parent-TO-advectDiff_Gen1Nestling0
           2 :  advectDiff_Parent-TO-advectDiff_Gen1Nestling1
           3 :  advectDiff_Gen1Nestling0-TO-advectDiff_Gen2Nestling0
NUOPC_RunSequenceArrayPrint: element     1 out of      2
runSeq::
 runElementPrint:      1     2     1 F T
 runElementPrint:      1     3     1 F T
 runElementPrint:      1    -1     1 F T
 runElementPrint:     -2     0     0 F T
 runElementPrint:      3    -1     1 F T
 runElementPrint:     -1    -1     0 F F
::
NUOPC_RunSequenceArrayPrint: element     2 out of      2
runSeq::
 runElementPrint:      2     4     1 F T
 runElementPrint:      2    -1     1 F T
 runElementPrint:      4    -1     1 F T
 runElementPrint:     -2    -1     0 F F
::
 NUOPC_DriverPrint for PET:           1
   Model, Mediator, and Driver components, in the order
   that they were added to the Driver:
           1 :  advectDiff_Parent
           2 :  advectDiff_Gen1Nestling0
           3 :  advectDiff_Gen1Nestling1
           4 :  advectDiff_Gen2Nestling0
   Connector components, in the order
   that they were added to the Driver:
           1 :  advectDiff_Parent-TO-advectDiff_Gen1Nestling0
           2 :  advectDiff_Parent-TO-advectDiff_Gen1Nestling1
           3 :  advectDiff_Gen1Nestling0-TO-advectDiff_Gen2Nestling0
NUOPC_RunSequenceArrayPrint: element     1 out of      2
runSeq::
 runElementPrint:      1     2     1 F T
 runElementPrint:      1     3     1 F T
 runElementPrint:      1    -1     1 F T
 runElementPrint:     -2     0     0 F T
 runElementPrint:      3    -1     1 F T
 runElementPrint:     -1    -1     0 F F
::
NUOPC_RunSequenceArrayPrint: element     2 out of      2
runSeq::
 runElementPrint:      2     4     1 F T
 runElementPrint:      2    -1     1 F T
 runElementPrint:      4    -1     1 F T
 runElementPrint:     -2    -1     0 F F
::
 NUOPC_DriverPrint for PET:           2
   Model, Mediator, and Driver components, in the order
   that they were added to the Driver:
           1 :  advectDiff_Parent
           2 :  advectDiff_Gen1Nestling0
           3 :  advectDiff_Gen1Nestling1
           4 :  advectDiff_Gen2Nestling0
   Connector components, in the order
   that they were added to the Driver:
           1 :  advectDiff_Parent-TO-advectDiff_Gen1Nestling0
           2 :  advectDiff_Parent-TO-advectDiff_Gen1Nestling1
           3 :  advectDiff_Gen1Nestling0-TO-advectDiff_Gen2Nestling0
NUOPC_RunSequenceArrayPrint: element     1 out of      2
runSeq::
 runElementPrint:      1     2     1 F T
 runElementPrint:      1     3     1 F T
 runElementPrint:      1    -1     1 F T
 runElementPrint:     -2     0     0 F T
 runElementPrint:      3    -1     1 F T
 runElementPrint:     -1    -1     0 F F
::
NUOPC_RunSequenceArrayPrint: element     2 out of      2
runSeq::
 runElementPrint:      2     4     1 F T
 runElementPrint:      2    -1     1 F T
 runElementPrint:      4    -1     1 F T
 runElementPrint:     -2    -1     0 F F
::
 NUOPC_DriverPrint for PET:           3
   Model, Mediator, and Driver components, in the order
   that they were added to the Driver:
           1 :  advectDiff_Parent
           2 :  advectDiff_Gen1Nestling0
           3 :  advectDiff_Gen1Nestling1
           4 :  advectDiff_Gen2Nestling0
   Connector components, in the order
   that they were added to the Driver:
           1 :  advectDiff_Parent-TO-advectDiff_Gen1Nestling0
           2 :  advectDiff_Parent-TO-advectDiff_Gen1Nestling1
           3 :  advectDiff_Gen1Nestling0-TO-advectDiff_Gen2Nestling0
NUOPC_RunSequenceArrayPrint: element     1 out of      2
runSeq::
 runElementPrint:      1     2     1 F T
 runElementPrint:      1     3     1 F T
 runElementPrint:      1    -1     1 F T
 runElementPrint:     -2     0     0 F T
 runElementPrint:      3    -1     1 F T
 runElementPrint:     -1    -1     0 F F
::
NUOPC_RunSequenceArrayPrint: element     2 out of      2
runSeq::
 runElementPrint:      2     4     1 F T
 runElementPrint:      2    -1     1 F T
 runElementPrint:      4    -1     1 F T
 runElementPrint:     -2    -1     0 F F
::
forrtl: severe (174): SIGSEGV, segmentation fault occurred
Image              PC                Routine            Line        Source             
libpthread-2.31.s  000014A301E1D8C0  Unknown               Unknown  Unknown
mainApp            0000000000443B69  Unknown               Unknown  Unknown
mainApp            0000000000444490  Unknown               Unknown  Unknown
mainApp            0000000000443D24  Unknown               Unknown  Unknown
libesmf.so         000014A3044094B2  f_esmf_compcollec     Unknown  Unknown
libesmf.so         000014A3042613CD  _ZN5ESMCI2VM8fina     Unknown  Unknown
libesmf.so         000014A30423F685  c_esmc_vmfinalize     Unknown  Unknown
libesmf.so         000014A30495D4EC  esmf_vmmod_mp_esm     Unknown  Unknown
libesmf.so         000014A30476A275  esmf_initmod_mp_e     Unknown  Unknown
mainApp            000000000041751D  Unknown               Unknown  Unknown
mainApp            0000000000416E8D  Unknown               Unknown  Unknown
libc-2.31.so       000014A2FDF9329D  __libc_start_main     Unknown  Unknown
mainApp            0000000000416DBA  Unknown               Unknown  Unknown
forrtl: severe (174): SIGSEGV, segmentation fault occurred
Image              PC                Routine            Line        Source             
libpthread-2.31.s  00001481971C98C0  Unknown               Unknown  Unknown
mainApp            0000000000443B40  Unknown               Unknown  Unknown
mainApp            0000000000444490  Unknown               Unknown  Unknown
mainApp            0000000000443D24  Unknown               Unknown  Unknown
libesmf.so         00001481997B54B2  f_esmf_compcollec     Unknown  Unknown
libesmf.so         000014819960D3CD  _ZN5ESMCI2VM8fina     Unknown  Unknown
libesmf.so         00001481995EB685  c_esmc_vmfinalize     Unknown  Unknown
libesmf.so         0000148199D094EC  esmf_vmmod_mp_esm     Unknown  Unknown
libesmf.so         0000148199B16275  esmf_initmod_mp_e     Unknown  Unknown
mainApp            000000000041751D  Unknown               Unknown  Unknown
mainApp            0000000000416E8D  Unknown               Unknown  Unknown
libc-2.31.so       000014819333F29D  __libc_start_main     Unknown  Unknown
mainApp            0000000000416DBA  Unknown               Unknown  Unknown
forrtl: severe (174): SIGSEGV, segmentation fault occurred
Image              PC                Routine            Line        Source             
libpthread-2.31.s  000015468D3908C0  Unknown               Unknown  Unknown
mainApp            0000000000443B40  Unknown               Unknown  Unknown
mainApp            0000000000444490  Unknown               Unknown  Unknown
mainApp            0000000000443D24  Unknown               Unknown  Unknown
libesmf.so         000015468F97C4B2  f_esmf_compcollec     Unknown  Unknown
libesmf.so         000015468F7D43CD  _ZN5ESMCI2VM8fina     Unknown  Unknown
libesmf.so         000015468F7B2685  c_esmc_vmfinalize     Unknown  Unknown
libesmf.so         000015468FED04EC  esmf_vmmod_mp_esm     Unknown  Unknown
libesmf.so         000015468FCDD275  esmf_initmod_mp_e     Unknown  Unknown
mainApp            000000000041751D  Unknown               Unknown  Unknown
mainApp            0000000000416E8D  Unknown               Unknown  Unknown
libc-2.31.so       000015468950629D  __libc_start_main     Unknown  Unknown
mainApp            0000000000416DBA  Unknown               Unknown  Unknown
dec2363.hsn.de.hpc.ucar.edu: rank 1 exited with code 174
forrtl: error (78): process killed (SIGTERM)
Image              PC                Routine            Line        Source             
libpthread-2.31.s  0000146BC4CED8C0  Unknown               Unknown  Unknown
libc-2.31.so       0000146BC0F2A527  __sched_yield         Unknown  Unknown
libmpi_intel.so.1  0000146BC2BA1ADE  Unknown               Unknown  Unknown
libmpi_intel.so.1  0000146BC393DA16  Unknown               Unknown  Unknown
libmpi_intel.so.1  0000146BC3950169  Unknown               Unknown  Unknown
libmpi_intel.so.1  0000146BC385FC82  Unknown               Unknown  Unknown
libmpi_intel.so.1  0000146BC1F31011  Unknown               Unknown  Unknown
libmpi_intel.so.1  0000146BC1F31138  Unknown               Unknown  Unknown
libmpi_intel.so.1  0000146BC3B3E4CB  Unknown               Unknown  Unknown
libmpi_intel.so.1  0000146BC1F31200  Unknown               Unknown  Unknown
libmpi_intel.so.1  0000146BC404CE96  Unknown               Unknown  Unknown
libmpi_intel.so.1  0000146BC40EA766  Unknown               Unknown  Unknown
libmpi_intel.so.1  0000146BC3CC7E80  Unknown               Unknown  Unknown
libmpi_intel.so.1  0000146BC23D35BC  MPI_Finalize          Unknown  Unknown
libesmf.so         0000146BC7114A60  _ZN5ESMCI3VMK8fin     Unknown  Unknown
libesmf.so         0000146BC71314C0  _ZN5ESMCI2VM8fina     Unknown  Unknown
libesmf.so         0000146BC710F685  c_esmc_vmfinalize     Unknown  Unknown
libesmf.so         0000146BC782D4EC  esmf_vmmod_mp_esm     Unknown  Unknown
libesmf.so         0000146BC763A275  esmf_initmod_mp_e     Unknown  Unknown
mainApp            000000000041751D  Unknown               Unknown  Unknown
mainApp            0000000000416E8D  Unknown               Unknown  Unknown
libc-2.31.so       0000146BC0E6329D  __libc_start_main     Unknown  Unknown
mainApp            0000000000416DBA  Unknown               Unknown  Unknown
dec2363.hsn.de.hpc.ucar.edu: rank 0 exited with code 1
