Processing /glade/scratch/theurich/ESMF-Nightly-Testing/intel_18.0.5_mpiuni_O_feature_devList/esmf/src/addon/esmpy
  Installing build dependencies: started
  Installing build dependencies: finished with status 'done'
  Getting requirements to build wheel: started
  Getting requirements to build wheel: finished with status 'done'
    Preparing wheel metadata: started
    Preparing wheel metadata: finished with status 'done'
Collecting importlib-metadata; python_version < "3.8"
  Using cached importlib_metadata-6.7.0-py3-none-any.whl (22 kB)
Collecting numpy
  Using cached numpy-1.21.6-cp37-cp37m-manylinux_2_12_x86_64.manylinux2010_x86_64.whl (15.7 MB)
Collecting zipp>=0.5
  Using cached zipp-3.15.0-py3-none-any.whl (6.8 kB)
Collecting typing-extensions>=3.6.4; python_version < "3.8"
  Using cached typing_extensions-4.7.1-py3-none-any.whl (33 kB)
Building wheels for collected packages: esmpy
  Building wheel for esmpy (PEP 517): started
  Building wheel for esmpy (PEP 517): finished with status 'done'
  Created wheel for esmpy: filename=esmpy-8.6.0b0-py3-none-any.whl size=120542 sha256=6a451a31653cd09f205433edfc541effaf106e03c7e09807a98b097eaf3a0bfb
  Stored in directory: /glade/scratch/theurich/pip-ephem-wheel-cache-0fxn7jir/wheels/d1/b7/9d/6e688ad88e6b12a734b0b8e517b71e08881c785a681bbef7e0
Successfully built esmpy
Installing collected packages: zipp, typing-extensions, importlib-metadata, numpy, esmpy
Successfully installed esmpy-8.6.0b0 importlib-metadata-6.7.0 numpy-1.21.6 typing-extensions-4.7.1 zipp-3.15.0
WARNING: You are using pip version 20.1.1; however, version 23.3 is available.
You should consider upgrading via the '/glade/scratch/theurich/ESMF-Nightly-Testing/intel_18.0.5_mpiuni_O_feature_devList/esmpy_venv/bin/python3 -m pip install --upgrade pip' command.
