2023-10-15 02:53:32
20231015 031956.913 INFO             PET0 !!!!!!!!!!!!!!!!!!!!!!!!!!!!!!!!!!!!!!!!!!!!!!!!!!!!!!
20231015 031956.913 INFO             PET0 !!! THE ESMF_LOG IS SET TO OUTPUT ALL LOG MESSAGES !!!
20231015 031956.913 INFO             PET0 !!!     THIS MAY CAUSE SLOWDOWN IN PERFORMANCE     !!!
20231015 031956.913 INFO             PET0 !!! FOR PRODUCTION RUNS, USE:                      !!!
20231015 031956.913 INFO             PET0 !!!                   ESMF_LOGKIND_Multi_On_Error  !!!
20231015 031956.913 INFO             PET0 !!!!!!!!!!!!!!!!!!!!!!!!!!!!!!!!!!!!!!!!!!!!!!!!!!!!!!
20231015 031956.913 INFO             PET0 Running with ESMF Version   : v8.6.0b08-33-g8592d0bc9f
20231015 031956.913 INFO             PET0 ESMF library build date/time: "Oct 15 2023" "02:52:13"
20231015 031956.913 INFO             PET0 ESMF library build location : /glade/derecho/scratch/theurich/ESMF-Nightly-Testing/cce_15.0.1_mpi_g_develop/esmf
20231015 031956.913 INFO             PET0 ESMF_COMM                   : mpi
20231015 031956.913 INFO             PET0 ESMF_MOAB                   : enabled
20231015 031956.913 INFO             PET0 ESMF_LAPACK                 : enabled
20231015 031956.913 INFO             PET0 ESMF_NETCDF                 : enabled
20231015 031956.913 INFO             PET0 ESMF_PNETCDF                : disabled
20231015 031956.913 INFO             PET0 ESMF_PIO                    : enabled
20231015 031956.913 INFO             PET0 ESMF_YAMLCPP                : enabled
20231015 031956.915 INFO             PET0  NUMBER_OF_PROCESSORS 4
20231015 031956.915 INFO             PET0  PASS  Example ESMF_StateEx, ESMF_StateEx.F90, line 237
20231015 031956.915 INFO             PET0  Finalizing ESMF
20231015 031956.913 INFO             PET1 !!!!!!!!!!!!!!!!!!!!!!!!!!!!!!!!!!!!!!!!!!!!!!!!!!!!!!
20231015 031956.913 INFO             PET1 !!! THE ESMF_LOG IS SET TO OUTPUT ALL LOG MESSAGES !!!
20231015 031956.913 INFO             PET1 !!!     THIS MAY CAUSE SLOWDOWN IN PERFORMANCE     !!!
20231015 031956.913 INFO             PET1 !!! FOR PRODUCTION RUNS, USE:                      !!!
20231015 031956.913 INFO             PET1 !!!                   ESMF_LOGKIND_Multi_On_Error  !!!
20231015 031956.913 INFO             PET1 !!!!!!!!!!!!!!!!!!!!!!!!!!!!!!!!!!!!!!!!!!!!!!!!!!!!!!
20231015 031956.913 INFO             PET1 Running with ESMF Version   : v8.6.0b08-33-g8592d0bc9f
20231015 031956.913 INFO             PET1 ESMF library build date/time: "Oct 15 2023" "02:52:13"
20231015 031956.913 INFO             PET1 ESMF library build location : /glade/derecho/scratch/theurich/ESMF-Nightly-Testing/cce_15.0.1_mpi_g_develop/esmf
20231015 031956.913 INFO             PET1 ESMF_COMM                   : mpi
20231015 031956.913 INFO             PET1 ESMF_MOAB                   : enabled
20231015 031956.913 INFO             PET1 ESMF_LAPACK                 : enabled
20231015 031956.913 INFO             PET1 ESMF_NETCDF                 : enabled
20231015 031956.913 INFO             PET1 ESMF_PNETCDF                : disabled
20231015 031956.913 INFO             PET1 ESMF_PIO                    : enabled
20231015 031956.913 INFO             PET1 ESMF_YAMLCPP                : enabled
20231015 031956.915 INFO             PET1  NUMBER_OF_PROCESSORS 4
20231015 031956.915 INFO             PET1  PASS  Example ESMF_StateEx, ESMF_StateEx.F90, line 237
20231015 031956.915 INFO             PET1  Finalizing ESMF
20231015 031956.912 INFO             PET2 !!!!!!!!!!!!!!!!!!!!!!!!!!!!!!!!!!!!!!!!!!!!!!!!!!!!!!
20231015 031956.912 INFO             PET2 !!! THE ESMF_LOG IS SET TO OUTPUT ALL LOG MESSAGES !!!
20231015 031956.912 INFO             PET2 !!!     THIS MAY CAUSE SLOWDOWN IN PERFORMANCE     !!!
20231015 031956.912 INFO             PET2 !!! FOR PRODUCTION RUNS, USE:                      !!!
20231015 031956.912 INFO             PET2 !!!                   ESMF_LOGKIND_Multi_On_Error  !!!
20231015 031956.912 INFO             PET2 !!!!!!!!!!!!!!!!!!!!!!!!!!!!!!!!!!!!!!!!!!!!!!!!!!!!!!
20231015 031956.912 INFO             PET2 Running with ESMF Version   : v8.6.0b08-33-g8592d0bc9f
20231015 031956.912 INFO             PET2 ESMF library build date/time: "Oct 15 2023" "02:52:13"
20231015 031956.912 INFO             PET2 ESMF library build location : /glade/derecho/scratch/theurich/ESMF-Nightly-Testing/cce_15.0.1_mpi_g_develop/esmf
20231015 031956.912 INFO             PET2 ESMF_COMM                   : mpi
20231015 031956.913 INFO             PET2 ESMF_MOAB                   : enabled
20231015 031956.913 INFO             PET2 ESMF_LAPACK                 : enabled
20231015 031956.913 INFO             PET2 ESMF_NETCDF                 : enabled
20231015 031956.913 INFO             PET2 ESMF_PNETCDF                : disabled
20231015 031956.913 INFO             PET2 ESMF_PIO                    : enabled
20231015 031956.913 INFO             PET2 ESMF_YAMLCPP                : enabled
20231015 031956.915 INFO             PET2  NUMBER_OF_PROCESSORS 4
20231015 031956.915 INFO             PET2  PASS  Example ESMF_StateEx, ESMF_StateEx.F90, line 237
20231015 031956.915 INFO             PET2  Finalizing ESMF
20231015 031956.913 INFO             PET3 !!!!!!!!!!!!!!!!!!!!!!!!!!!!!!!!!!!!!!!!!!!!!!!!!!!!!!
20231015 031956.913 INFO             PET3 !!! THE ESMF_LOG IS SET TO OUTPUT ALL LOG MESSAGES !!!
20231015 031956.913 INFO             PET3 !!!     THIS MAY CAUSE SLOWDOWN IN PERFORMANCE     !!!
20231015 031956.913 INFO             PET3 !!! FOR PRODUCTION RUNS, USE:                      !!!
20231015 031956.913 INFO             PET3 !!!                   ESMF_LOGKIND_Multi_On_Error  !!!
20231015 031956.913 INFO             PET3 !!!!!!!!!!!!!!!!!!!!!!!!!!!!!!!!!!!!!!!!!!!!!!!!!!!!!!
20231015 031956.913 INFO             PET3 Running with ESMF Version   : v8.6.0b08-33-g8592d0bc9f
20231015 031956.913 INFO             PET3 ESMF library build date/time: "Oct 15 2023" "02:52:13"
20231015 031956.913 INFO             PET3 ESMF library build location : /glade/derecho/scratch/theurich/ESMF-Nightly-Testing/cce_15.0.1_mpi_g_develop/esmf
20231015 031956.913 INFO             PET3 ESMF_COMM                   : mpi
20231015 031956.914 INFO             PET3 ESMF_MOAB                   : enabled
20231015 031956.914 INFO             PET3 ESMF_LAPACK                 : enabled
20231015 031956.914 INFO             PET3 ESMF_NETCDF                 : enabled
20231015 031956.914 INFO             PET3 ESMF_PNETCDF                : disabled
20231015 031956.914 INFO             PET3 ESMF_PIO                    : enabled
20231015 031956.914 INFO             PET3 ESMF_YAMLCPP                : enabled
20231015 031956.915 INFO             PET3  NUMBER_OF_PROCESSORS 4
20231015 031956.915 INFO             PET3  PASS  Example ESMF_StateEx, ESMF_StateEx.F90, line 237
20231015 031956.915 INFO             PET3  Finalizing ESMF
