2023-11-16 07:33:34
[1700121693.323491] [h21c21:27615:0]         mxm.c:196  MXM  WARN  The 'ulimit -s' on the system is set to 'unlimited'. This may have negative performance implications. Please set the stack size to the default value (10240) 
[1700121693.329239] [h21c21:27615:0]         mxm.c:196  MXM  WARN  The 'ulimit -s' on the system is set to 'unlimited'. This may have negative performance implications. Please set the stack size to the default value (10240) 
[1700121693.317248] [h21c21:27616:0]         mxm.c:196  MXM  WARN  The 'ulimit -s' on the system is set to 'unlimited'. This may have negative performance implications. Please set the stack size to the default value (10240) 
[1700121693.322494] [h21c21:27616:0]         mxm.c:196  MXM  WARN  The 'ulimit -s' on the system is set to 'unlimited'. This may have negative performance implications. Please set the stack size to the default value (10240) 
[1700121693.323479] [h21c21:27617:0]         mxm.c:196  MXM  WARN  The 'ulimit -s' on the system is set to 'unlimited'. This may have negative performance implications. Please set the stack size to the default value (10240) 
[1700121693.329241] [h21c21:27617:0]         mxm.c:196  MXM  WARN  The 'ulimit -s' on the system is set to 'unlimited'. This may have negative performance implications. Please set the stack size to the default value (10240) 
[1700121693.317273] [h21c21:27618:0]         mxm.c:196  MXM  WARN  The 'ulimit -s' on the system is set to 'unlimited'. This may have negative performance implications. Please set the stack size to the default value (10240) 
[1700121693.322459] [h21c21:27618:0]         mxm.c:196  MXM  WARN  The 'ulimit -s' on the system is set to 'unlimited'. This may have negative performance implications. Please set the stack size to the default value (10240) 
 NUOPC_DriverPrint for PET:           0
   Model, Mediator, and Driver components, in the order
   that they were added to the Driver:
           1 :  ATM
           2 :  OCN
   Connector components, in the order
   that they were added to the Driver:
           1 :  OCN-TO-ATM
           2 :  ATM-TO-OCN
NUOPC_RunSequenceArrayPrint: element     1 out of      2
runSeq::
 runElementPrint:      2     1     1 F T
 runElementPrint:     -2     0     0 F T
 runElementPrint:      1     2     1 F T
 runElementPrint:      2    -1     3 F T
 runElementPrint:     -1    -1     0 F F
::
NUOPC_RunSequenceArrayPrint: element     2 out of      2
runSeq::
 runElementPrint:      1    -1     2 F T
 runElementPrint:      1     2     1 F T
 runElementPrint:      2    -1     2 F T
 runElementPrint:      2     1     1 F T
 runElementPrint:      1    -1     3 F T
 runElementPrint:     -2    -1     0 F F
::
 NUOPC_DriverPrint for PET:           1
   Model, Mediator, and Driver components, in the order
   that they were added to the Driver:
           1 :  ATM
           2 :  OCN
   Connector components, in the order
   that they were added to the Driver:
           1 :  OCN-TO-ATM
           2 :  ATM-TO-OCN
NUOPC_RunSequenceArrayPrint: element     1 out of      2
runSeq::
 runElementPrint:      2     1     1 F T
 runElementPrint:     -2     0     0 F T
 runElementPrint:      1     2     1 F T
 runElementPrint:      2    -1     3 F T
 runElementPrint:     -1    -1     0 F F
::
NUOPC_RunSequenceArrayPrint: element     2 out of      2
runSeq::
 runElementPrint:      1    -1     2 F T
 runElementPrint:      1     2     1 F T
 runElementPrint:      2    -1     2 F T
 runElementPrint:      2     1     1 F T
 runElementPrint:      1    -1     3 F T
 runElementPrint:     -2    -1     0 F F
::
 NUOPC_DriverPrint for PET:           2
   Model, Mediator, and Driver components, in the order
   that they were added to the Driver:
           1 :  ATM
           2 :  OCN
   Connector components, in the order
   that they were added to the Driver:
           1 :  OCN-TO-ATM
           2 :  ATM-TO-OCN
NUOPC_RunSequenceArrayPrint: element     1 out of      2
runSeq::
 runElementPrint:      2     1     1 F T
 runElementPrint:     -2     0     0 F T
 runElementPrint:      1     2     1 F T
 runElementPrint:      2    -1     3 F T
 runElementPrint:     -1    -1     0 F F
::
NUOPC_RunSequenceArrayPrint: element     2 out of      2
runSeq::
 runElementPrint:      1    -1     2 F T
 runElementPrint:      1     2     1 F T
 runElementPrint:      2    -1     2 F T
 runElementPrint:      2     1     1 F T
 runElementPrint:      1    -1     3 F T
 runElementPrint:     -2    -1     0 F F
::
 NUOPC_DriverPrint for PET:           3
   Model, Mediator, and Driver components, in the order
   that they were added to the Driver:
           1 :  ATM
           2 :  OCN
   Connector components, in the order
   that they were added to the Driver:
           1 :  OCN-TO-ATM
           2 :  ATM-TO-OCN
NUOPC_RunSequenceArrayPrint: element     1 out of      2
runSeq::
 runElementPrint:      2     1     1 F T
 runElementPrint:     -2     0     0 F T
 runElementPrint:      1     2     1 F T
 runElementPrint:      2    -1     3 F T
 runElementPrint:     -1    -1     0 F F
::
NUOPC_RunSequenceArrayPrint: element     2 out of      2
runSeq::
 runElementPrint:      1    -1     2 F T
 runElementPrint:      1     2     1 F T
 runElementPrint:      2    -1     2 F T
 runElementPrint:      2     1     1 F T
 runElementPrint:      1    -1     3 F T
 runElementPrint:     -2    -1     0 F F
::
