2023-11-12 02:23:11
20231112 024021.281 INFO             PET0 !!!!!!!!!!!!!!!!!!!!!!!!!!!!!!!!!!!!!!!!!!!!!!!!!!!!!!
20231112 024021.281 INFO             PET0 !!! THE ESMF_LOG IS SET TO OUTPUT ALL LOG MESSAGES !!!
20231112 024021.281 INFO             PET0 !!!     THIS MAY CAUSE SLOWDOWN IN PERFORMANCE     !!!
20231112 024021.281 INFO             PET0 !!! FOR PRODUCTION RUNS, USE:                      !!!
20231112 024021.281 INFO             PET0 !!!                   ESMF_LOGKIND_Multi_On_Error  !!!
20231112 024021.281 INFO             PET0 !!!!!!!!!!!!!!!!!!!!!!!!!!!!!!!!!!!!!!!!!!!!!!!!!!!!!!
20231112 024021.281 INFO             PET0 Running with ESMF Version   : v8.6.0
20231112 024021.281 INFO             PET0 ESMF library build date/time: "Nov 12 2023" "02:22:11"
20231112 024021.281 INFO             PET0 ESMF library build location : /home/gerhard/ESMF-Nightly-Testing/gfortran_7.4.0_mpich_O_v8.6.0/esmf
20231112 024021.281 INFO             PET0 ESMF_COMM                   : mpich
20231112 024021.281 INFO             PET0 ESMF_MOAB                   : enabled
20231112 024021.281 INFO             PET0 ESMF_LAPACK                 : enabled
20231112 024021.281 INFO             PET0 ESMF_NETCDF                 : enabled
20231112 024021.281 INFO             PET0 ESMF_PNETCDF                : disabled
20231112 024021.281 INFO             PET0 ESMF_PIO                    : enabled
20231112 024021.281 INFO             PET0 ESMF_YAMLCPP                : enabled
20231112 024021.302 DEBUG            PET0 about to destroy Grid: 0x19bda30
20231112 024021.304 DEBUG            PET0 about to destroy Grid: 0x19bf510
20231112 024021.311 INFO             PET0  NUMBER_OF_PROCESSORS           4
20231112 024021.311 INFO             PET0  PASS  Example ESMF_NUOPCAtmModelEx, ESMF_NUOPCAtmModelEx.F90, line 806
20231112 024021.311 INFO             PET0  Finalizing ESMF
20231112 024021.281 INFO             PET1 !!!!!!!!!!!!!!!!!!!!!!!!!!!!!!!!!!!!!!!!!!!!!!!!!!!!!!
20231112 024021.281 INFO             PET1 !!! THE ESMF_LOG IS SET TO OUTPUT ALL LOG MESSAGES !!!
20231112 024021.281 INFO             PET1 !!!     THIS MAY CAUSE SLOWDOWN IN PERFORMANCE     !!!
20231112 024021.281 INFO             PET1 !!! FOR PRODUCTION RUNS, USE:                      !!!
20231112 024021.281 INFO             PET1 !!!                   ESMF_LOGKIND_Multi_On_Error  !!!
20231112 024021.281 INFO             PET1 !!!!!!!!!!!!!!!!!!!!!!!!!!!!!!!!!!!!!!!!!!!!!!!!!!!!!!
20231112 024021.281 INFO             PET1 Running with ESMF Version   : v8.6.0
20231112 024021.281 INFO             PET1 ESMF library build date/time: "Nov 12 2023" "02:22:11"
20231112 024021.281 INFO             PET1 ESMF library build location : /home/gerhard/ESMF-Nightly-Testing/gfortran_7.4.0_mpich_O_v8.6.0/esmf
20231112 024021.281 INFO             PET1 ESMF_COMM                   : mpich
20231112 024021.281 INFO             PET1 ESMF_MOAB                   : enabled
20231112 024021.281 INFO             PET1 ESMF_LAPACK                 : enabled
20231112 024021.281 INFO             PET1 ESMF_NETCDF                 : enabled
20231112 024021.281 INFO             PET1 ESMF_PNETCDF                : disabled
20231112 024021.281 INFO             PET1 ESMF_PIO                    : enabled
20231112 024021.281 INFO             PET1 ESMF_YAMLCPP                : enabled
20231112 024021.302 DEBUG            PET1 about to destroy Grid: 0x2504750
20231112 024021.304 DEBUG            PET1 about to destroy Grid: 0x2506140
20231112 024021.311 INFO             PET1  NUMBER_OF_PROCESSORS           4
20231112 024021.311 INFO             PET1  PASS  Example ESMF_NUOPCAtmModelEx, ESMF_NUOPCAtmModelEx.F90, line 806
20231112 024021.311 INFO             PET1  Finalizing ESMF
20231112 024021.281 INFO             PET2 !!!!!!!!!!!!!!!!!!!!!!!!!!!!!!!!!!!!!!!!!!!!!!!!!!!!!!
20231112 024021.281 INFO             PET2 !!! THE ESMF_LOG IS SET TO OUTPUT ALL LOG MESSAGES !!!
20231112 024021.281 INFO             PET2 !!!     THIS MAY CAUSE SLOWDOWN IN PERFORMANCE     !!!
20231112 024021.281 INFO             PET2 !!! FOR PRODUCTION RUNS, USE:                      !!!
20231112 024021.281 INFO             PET2 !!!                   ESMF_LOGKIND_Multi_On_Error  !!!
20231112 024021.281 INFO             PET2 !!!!!!!!!!!!!!!!!!!!!!!!!!!!!!!!!!!!!!!!!!!!!!!!!!!!!!
20231112 024021.281 INFO             PET2 Running with ESMF Version   : v8.6.0
20231112 024021.281 INFO             PET2 ESMF library build date/time: "Nov 12 2023" "02:22:11"
20231112 024021.281 INFO             PET2 ESMF library build location : /home/gerhard/ESMF-Nightly-Testing/gfortran_7.4.0_mpich_O_v8.6.0/esmf
20231112 024021.281 INFO             PET2 ESMF_COMM                   : mpich
20231112 024021.281 INFO             PET2 ESMF_MOAB                   : enabled
20231112 024021.281 INFO             PET2 ESMF_LAPACK                 : enabled
20231112 024021.281 INFO             PET2 ESMF_NETCDF                 : enabled
20231112 024021.281 INFO             PET2 ESMF_PNETCDF                : disabled
20231112 024021.281 INFO             PET2 ESMF_PIO                    : enabled
20231112 024021.281 INFO             PET2 ESMF_YAMLCPP                : enabled
20231112 024021.302 DEBUG            PET2 about to destroy Grid: 0x1539df0
20231112 024021.304 DEBUG            PET2 about to destroy Grid: 0x153b7e0
20231112 024021.311 INFO             PET2  NUMBER_OF_PROCESSORS           4
20231112 024021.311 INFO             PET2  PASS  Example ESMF_NUOPCAtmModelEx, ESMF_NUOPCAtmModelEx.F90, line 806
20231112 024021.311 INFO             PET2  Finalizing ESMF
20231112 024021.281 INFO             PET3 !!!!!!!!!!!!!!!!!!!!!!!!!!!!!!!!!!!!!!!!!!!!!!!!!!!!!!
20231112 024021.281 INFO             PET3 !!! THE ESMF_LOG IS SET TO OUTPUT ALL LOG MESSAGES !!!
20231112 024021.281 INFO             PET3 !!!     THIS MAY CAUSE SLOWDOWN IN PERFORMANCE     !!!
20231112 024021.281 INFO             PET3 !!! FOR PRODUCTION RUNS, USE:                      !!!
20231112 024021.281 INFO             PET3 !!!                   ESMF_LOGKIND_Multi_On_Error  !!!
20231112 024021.281 INFO             PET3 !!!!!!!!!!!!!!!!!!!!!!!!!!!!!!!!!!!!!!!!!!!!!!!!!!!!!!
20231112 024021.281 INFO             PET3 Running with ESMF Version   : v8.6.0
20231112 024021.281 INFO             PET3 ESMF library build date/time: "Nov 12 2023" "02:22:11"
20231112 024021.281 INFO             PET3 ESMF library build location : /home/gerhard/ESMF-Nightly-Testing/gfortran_7.4.0_mpich_O_v8.6.0/esmf
20231112 024021.281 INFO             PET3 ESMF_COMM                   : mpich
20231112 024021.281 INFO             PET3 ESMF_MOAB                   : enabled
20231112 024021.281 INFO             PET3 ESMF_LAPACK                 : enabled
20231112 024021.281 INFO             PET3 ESMF_NETCDF                 : enabled
20231112 024021.281 INFO             PET3 ESMF_PNETCDF                : disabled
20231112 024021.281 INFO             PET3 ESMF_PIO                    : enabled
20231112 024021.281 INFO             PET3 ESMF_YAMLCPP                : enabled
20231112 024021.302 DEBUG            PET3 about to destroy Grid: 0x17fcdf0
20231112 024021.304 DEBUG            PET3 about to destroy Grid: 0x17fe7e0
20231112 024021.311 INFO             PET3  NUMBER_OF_PROCESSORS           4
20231112 024021.311 INFO             PET3  PASS  Example ESMF_NUOPCAtmModelEx, ESMF_NUOPCAtmModelEx.F90, line 806
20231112 024021.311 INFO             PET3  Finalizing ESMF
