2023-10-29 02:16:50
20231029 024723.222 INFO             PET0 !!!!!!!!!!!!!!!!!!!!!!!!!!!!!!!!!!!!!!!!!!!!!!!!!!!!!!
20231029 024723.222 INFO             PET0 !!! THE ESMF_LOG IS SET TO OUTPUT ALL LOG MESSAGES !!!
20231029 024723.222 INFO             PET0 !!!     THIS MAY CAUSE SLOWDOWN IN PERFORMANCE     !!!
20231029 024723.222 INFO             PET0 !!! FOR PRODUCTION RUNS, USE:                      !!!
20231029 024723.222 INFO             PET0 !!!                   ESMF_LOGKIND_Multi_On_Error  !!!
20231029 024723.222 INFO             PET0 !!!!!!!!!!!!!!!!!!!!!!!!!!!!!!!!!!!!!!!!!!!!!!!!!!!!!!
20231029 024723.222 INFO             PET0 Running with ESMF Version   : v8.6.0b13-1-g95d98e0f92
20231029 024723.222 INFO             PET0 ESMF library build date/time: "Oct 29 2023" "02:14:39"
20231029 024723.222 INFO             PET0 ESMF library build location : /scratch/cluster/theurich/ESMF-Nightly-Testing/intel_20.0.1_mpiuni_O_develop/esmf
20231029 024723.222 INFO             PET0 ESMF_COMM                   : mpiuni
20231029 024723.226 INFO             PET0 ESMF_MOAB                   : enabled
20231029 024723.226 INFO             PET0 ESMF_LAPACK                 : enabled
20231029 024723.226 INFO             PET0 ESMF_NETCDF                 : enabled
20231029 024723.226 INFO             PET0 ESMF_PNETCDF                : disabled
20231029 024723.226 INFO             PET0 ESMF_PIO                    : disabled
20231029 024723.226 INFO             PET0 ESMF_YAMLCPP                : enabled
20231029 024723.233 INFO             PET0  NUMBER_OF_PROCESSORS           1
20231029 024723.233 INFO             PET0  PASS  Example ESMF_GCompEx, ESMF_GCompEx.F90, line 465
20231029 024723.233 INFO             PET0  Finalizing ESMF
