2023-10-28 10:14:37
20231028 104305.416 INFO             PET0 !!!!!!!!!!!!!!!!!!!!!!!!!!!!!!!!!!!!!!!!!!!!!!!!!!!!!!
20231028 104305.416 INFO             PET0 !!! THE ESMF_LOG IS SET TO OUTPUT ALL LOG MESSAGES !!!
20231028 104305.416 INFO             PET0 !!!     THIS MAY CAUSE SLOWDOWN IN PERFORMANCE     !!!
20231028 104305.416 INFO             PET0 !!! FOR PRODUCTION RUNS, USE:                      !!!
20231028 104305.416 INFO             PET0 !!!                   ESMF_LOGKIND_Multi_On_Error  !!!
20231028 104305.416 INFO             PET0 !!!!!!!!!!!!!!!!!!!!!!!!!!!!!!!!!!!!!!!!!!!!!!!!!!!!!!
20231028 104305.416 INFO             PET0 Running with ESMF Version   : v8.6.0b13-1-g95d98e0f92
20231028 104305.416 INFO             PET0 ESMF library build date/time: "Oct 28 2023" "10:12:28"
20231028 104305.416 INFO             PET0 ESMF library build location : /scratch/cluster/theurich/ESMF-Nightly-Testing/intel_20.0.1_mpiuni_O_develop/esmf
20231028 104305.416 INFO             PET0 ESMF_COMM                   : mpiuni
20231028 104305.417 INFO             PET0 ESMF_MOAB                   : enabled
20231028 104305.417 INFO             PET0 ESMF_LAPACK                 : enabled
20231028 104305.417 INFO             PET0 ESMF_NETCDF                 : enabled
20231028 104305.417 INFO             PET0 ESMF_PNETCDF                : disabled
20231028 104305.417 INFO             PET0 ESMF_PIO                    : disabled
20231028 104305.417 INFO             PET0 ESMF_YAMLCPP                : enabled
20231028 104305.417 INFO             PET0 Log Write 2
20231028 104305.417 ERROR            PET0 Invalid object  - Convergence failure
20231028 104305.418 ERROR            PET0 ESMCI_Fraction.C:1444 ESMCI::Fraction::validate() must have non-zero denominator.
20231028 104305.418 ERROR            PET0 ESMCI_Time.C:838 ESMCI::Time::syncToRealTime() Wrong argument specified  - ; calkindflag is JULIANDAY, MODJULIANDAY or NOCALENDAR.
20231028 104305.418 ERROR            PET0 ESMF_Time.F90:1485 ESMF_TimeSyncToRealTime() Wrong argument specified  - Internal subroutine call returned Error
20231028 104305.418 ERROR            PET0 Wrong argument specified  - getting wall clock time
20231028 104305.420 INFO             PET0  NUMBER_OF_PROCESSORS           1
20231028 104305.422 INFO             PET0  PASS  Example ESMF_LogErrEx, ESMF_LogErrEx.F90, line 186
20231028 104305.422 INFO             PET0  Finalizing ESMF
