2023-10-10 01:52:24
20231010 022116.143 INFO             PET0 !!!!!!!!!!!!!!!!!!!!!!!!!!!!!!!!!!!!!!!!!!!!!!!!!!!!!!
20231010 022116.143 INFO             PET0 !!! THE ESMF_LOG IS SET TO OUTPUT ALL LOG MESSAGES !!!
20231010 022116.143 INFO             PET0 !!!     THIS MAY CAUSE SLOWDOWN IN PERFORMANCE     !!!
20231010 022116.143 INFO             PET0 !!! FOR PRODUCTION RUNS, USE:                      !!!
20231010 022116.143 INFO             PET0 !!!                   ESMF_LOGKIND_Multi_On_Error  !!!
20231010 022116.143 INFO             PET0 !!!!!!!!!!!!!!!!!!!!!!!!!!!!!!!!!!!!!!!!!!!!!!!!!!!!!!
20231010 022116.143 INFO             PET0 Running with ESMF Version   : v8.6.0b08
20231010 022116.143 INFO             PET0 ESMF library build date/time: "Oct 10 2023" "01:50:18"
20231010 022116.143 INFO             PET0 ESMF library build location : /scratch/cluster/theurich/ESMF-Nightly-Testing/intel_20.0.1_mpiuni_O_develop/esmf
20231010 022116.143 INFO             PET0 ESMF_COMM                   : mpiuni
20231010 022116.146 INFO             PET0 ESMF_MOAB                   : enabled
20231010 022116.146 INFO             PET0 ESMF_LAPACK                 : enabled
20231010 022116.146 INFO             PET0 ESMF_NETCDF                 : enabled
20231010 022116.146 INFO             PET0 ESMF_PNETCDF                : disabled
20231010 022116.146 INFO             PET0 ESMF_PIO                    : disabled
20231010 022116.146 INFO             PET0 ESMF_YAMLCPP                : enabled
20231010 022116.150 INFO             PET0  NUMBER_OF_PROCESSORS           1
20231010 022116.150 INFO             PET0  PASS  Example ESMF_VMAllFullReduceEx, ESMF_VMAllFullReduceEx.F90, line 113
20231010 022116.150 INFO             PET0 Finalizing ESMF
