2023-10-18 05:00:15
20231018 052317.159 INFO             PET0 !!!!!!!!!!!!!!!!!!!!!!!!!!!!!!!!!!!!!!!!!!!!!!!!!!!!!!
20231018 052317.159 INFO             PET0 !!! THE ESMF_LOG IS SET TO OUTPUT ALL LOG MESSAGES !!!
20231018 052317.159 INFO             PET0 !!!     THIS MAY CAUSE SLOWDOWN IN PERFORMANCE     !!!
20231018 052317.159 INFO             PET0 !!! FOR PRODUCTION RUNS, USE:                      !!!
20231018 052317.159 INFO             PET0 !!!                   ESMF_LOGKIND_Multi_On_Error  !!!
20231018 052317.159 INFO             PET0 !!!!!!!!!!!!!!!!!!!!!!!!!!!!!!!!!!!!!!!!!!!!!!!!!!!!!!
20231018 052317.159 INFO             PET0 Running with ESMF Version   : v8.6.0b09-20-g8d1ee58df9
20231018 052317.159 INFO             PET0 ESMF library build date/time: "Oct 18 2023" "04:59:07"
20231018 052317.159 INFO             PET0 ESMF library build location : /home/gerhard/ESMF-Nightly-Testing/gfortran_11.2.0_mpich_g_feature_devList/esmf
20231018 052317.159 INFO             PET0 ESMF_COMM                   : mpich
20231018 052317.159 INFO             PET0 ESMF_MOAB                   : enabled
20231018 052317.159 INFO             PET0 ESMF_LAPACK                 : enabled
20231018 052317.159 INFO             PET0 ESMF_NETCDF                 : enabled
20231018 052317.159 INFO             PET0 ESMF_PNETCDF                : disabled
20231018 052317.159 INFO             PET0 ESMF_PIO                    : enabled
20231018 052317.159 INFO             PET0 ESMF_YAMLCPP                : enabled
20231018 052317.248 DEBUG            PET0 about to destroy Grid: 0x12402e0
20231018 052317.258 DEBUG            PET0 about to destroy Grid: 0x1241ba0
20231018 052317.285 INFO             PET0  NUMBER_OF_PROCESSORS           4
20231018 052317.285 INFO             PET0  PASS  Example ESMF_NUOPCAtmModelEx, ESMF_NUOPCAtmModelEx.F90, line 806
20231018 052317.285 INFO             PET0  Finalizing ESMF
20231018 052317.159 INFO             PET1 !!!!!!!!!!!!!!!!!!!!!!!!!!!!!!!!!!!!!!!!!!!!!!!!!!!!!!
20231018 052317.159 INFO             PET1 !!! THE ESMF_LOG IS SET TO OUTPUT ALL LOG MESSAGES !!!
20231018 052317.159 INFO             PET1 !!!     THIS MAY CAUSE SLOWDOWN IN PERFORMANCE     !!!
20231018 052317.159 INFO             PET1 !!! FOR PRODUCTION RUNS, USE:                      !!!
20231018 052317.159 INFO             PET1 !!!                   ESMF_LOGKIND_Multi_On_Error  !!!
20231018 052317.159 INFO             PET1 !!!!!!!!!!!!!!!!!!!!!!!!!!!!!!!!!!!!!!!!!!!!!!!!!!!!!!
20231018 052317.159 INFO             PET1 Running with ESMF Version   : v8.6.0b09-20-g8d1ee58df9
20231018 052317.159 INFO             PET1 ESMF library build date/time: "Oct 18 2023" "04:59:07"
20231018 052317.159 INFO             PET1 ESMF library build location : /home/gerhard/ESMF-Nightly-Testing/gfortran_11.2.0_mpich_g_feature_devList/esmf
20231018 052317.159 INFO             PET1 ESMF_COMM                   : mpich
20231018 052317.159 INFO             PET1 ESMF_MOAB                   : enabled
20231018 052317.159 INFO             PET1 ESMF_LAPACK                 : enabled
20231018 052317.159 INFO             PET1 ESMF_NETCDF                 : enabled
20231018 052317.159 INFO             PET1 ESMF_PNETCDF                : disabled
20231018 052317.159 INFO             PET1 ESMF_PIO                    : enabled
20231018 052317.159 INFO             PET1 ESMF_YAMLCPP                : enabled
20231018 052317.248 DEBUG            PET1 about to destroy Grid: 0xa99360
20231018 052317.258 DEBUG            PET1 about to destroy Grid: 0xa9af60
20231018 052317.285 INFO             PET1  NUMBER_OF_PROCESSORS           4
20231018 052317.285 INFO             PET1  PASS  Example ESMF_NUOPCAtmModelEx, ESMF_NUOPCAtmModelEx.F90, line 806
20231018 052317.285 INFO             PET1  Finalizing ESMF
20231018 052317.159 INFO             PET2 !!!!!!!!!!!!!!!!!!!!!!!!!!!!!!!!!!!!!!!!!!!!!!!!!!!!!!
20231018 052317.159 INFO             PET2 !!! THE ESMF_LOG IS SET TO OUTPUT ALL LOG MESSAGES !!!
20231018 052317.159 INFO             PET2 !!!     THIS MAY CAUSE SLOWDOWN IN PERFORMANCE     !!!
20231018 052317.159 INFO             PET2 !!! FOR PRODUCTION RUNS, USE:                      !!!
20231018 052317.159 INFO             PET2 !!!                   ESMF_LOGKIND_Multi_On_Error  !!!
20231018 052317.159 INFO             PET2 !!!!!!!!!!!!!!!!!!!!!!!!!!!!!!!!!!!!!!!!!!!!!!!!!!!!!!
20231018 052317.159 INFO             PET2 Running with ESMF Version   : v8.6.0b09-20-g8d1ee58df9
20231018 052317.159 INFO             PET2 ESMF library build date/time: "Oct 18 2023" "04:59:07"
20231018 052317.159 INFO             PET2 ESMF library build location : /home/gerhard/ESMF-Nightly-Testing/gfortran_11.2.0_mpich_g_feature_devList/esmf
20231018 052317.159 INFO             PET2 ESMF_COMM                   : mpich
20231018 052317.159 INFO             PET2 ESMF_MOAB                   : enabled
20231018 052317.159 INFO             PET2 ESMF_LAPACK                 : enabled
20231018 052317.159 INFO             PET2 ESMF_NETCDF                 : enabled
20231018 052317.159 INFO             PET2 ESMF_PNETCDF                : disabled
20231018 052317.159 INFO             PET2 ESMF_PIO                    : enabled
20231018 052317.159 INFO             PET2 ESMF_YAMLCPP                : enabled
20231018 052317.248 DEBUG            PET2 about to destroy Grid: 0x1f9ea00
20231018 052317.258 DEBUG            PET2 about to destroy Grid: 0x1fa0600
20231018 052317.285 INFO             PET2  NUMBER_OF_PROCESSORS           4
20231018 052317.285 INFO             PET2  PASS  Example ESMF_NUOPCAtmModelEx, ESMF_NUOPCAtmModelEx.F90, line 806
20231018 052317.285 INFO             PET2  Finalizing ESMF
20231018 052317.159 INFO             PET3 !!!!!!!!!!!!!!!!!!!!!!!!!!!!!!!!!!!!!!!!!!!!!!!!!!!!!!
20231018 052317.159 INFO             PET3 !!! THE ESMF_LOG IS SET TO OUTPUT ALL LOG MESSAGES !!!
20231018 052317.159 INFO             PET3 !!!     THIS MAY CAUSE SLOWDOWN IN PERFORMANCE     !!!
20231018 052317.159 INFO             PET3 !!! FOR PRODUCTION RUNS, USE:                      !!!
20231018 052317.159 INFO             PET3 !!!                   ESMF_LOGKIND_Multi_On_Error  !!!
20231018 052317.159 INFO             PET3 !!!!!!!!!!!!!!!!!!!!!!!!!!!!!!!!!!!!!!!!!!!!!!!!!!!!!!
20231018 052317.159 INFO             PET3 Running with ESMF Version   : v8.6.0b09-20-g8d1ee58df9
20231018 052317.159 INFO             PET3 ESMF library build date/time: "Oct 18 2023" "04:59:07"
20231018 052317.159 INFO             PET3 ESMF library build location : /home/gerhard/ESMF-Nightly-Testing/gfortran_11.2.0_mpich_g_feature_devList/esmf
20231018 052317.159 INFO             PET3 ESMF_COMM                   : mpich
20231018 052317.159 INFO             PET3 ESMF_MOAB                   : enabled
20231018 052317.159 INFO             PET3 ESMF_LAPACK                 : enabled
20231018 052317.159 INFO             PET3 ESMF_NETCDF                 : enabled
20231018 052317.159 INFO             PET3 ESMF_PNETCDF                : disabled
20231018 052317.159 INFO             PET3 ESMF_PIO                    : enabled
20231018 052317.159 INFO             PET3 ESMF_YAMLCPP                : enabled
20231018 052317.248 DEBUG            PET3 about to destroy Grid: 0x2661a00
20231018 052317.258 DEBUG            PET3 about to destroy Grid: 0x2663600
20231018 052317.285 INFO             PET3  NUMBER_OF_PROCESSORS           4
20231018 052317.285 INFO             PET3  PASS  Example ESMF_NUOPCAtmModelEx, ESMF_NUOPCAtmModelEx.F90, line 806
20231018 052317.285 INFO             PET3  Finalizing ESMF
