2023-10-30 02:35:33
20231030 031526.988 INFO             PET0 !!!!!!!!!!!!!!!!!!!!!!!!!!!!!!!!!!!!!!!!!!!!!!!!!!!!!!
20231030 031526.988 INFO             PET0 !!! THE ESMF_LOG IS SET TO OUTPUT ALL LOG MESSAGES !!!
20231030 031526.988 INFO             PET0 !!!     THIS MAY CAUSE SLOWDOWN IN PERFORMANCE     !!!
20231030 031526.988 INFO             PET0 !!! FOR PRODUCTION RUNS, USE:                      !!!
20231030 031526.988 INFO             PET0 !!!                   ESMF_LOGKIND_Multi_On_Error  !!!
20231030 031526.988 INFO             PET0 !!!!!!!!!!!!!!!!!!!!!!!!!!!!!!!!!!!!!!!!!!!!!!!!!!!!!!
20231030 031526.988 INFO             PET0 Running with ESMF Version   : v8.7.0b00
20231030 031526.988 INFO             PET0 ESMF library build date/time: "Oct 30 2023" "02:32:56"
20231030 031526.988 INFO             PET0 ESMF library build location : /glade/derecho/scratch/theurich/ESMF-Nightly-Testing/nvhpc_23.5_mpiuni_O_develop/esmf
20231030 031526.988 INFO             PET0 ESMF_COMM                   : mpiuni
20231030 031526.989 INFO             PET0 ESMF_MOAB                   : enabled
20231030 031526.989 INFO             PET0 ESMF_LAPACK                 : enabled
20231030 031526.989 INFO             PET0 ESMF_NETCDF                 : enabled
20231030 031526.989 INFO             PET0 ESMF_PNETCDF                : disabled
20231030 031526.989 INFO             PET0 ESMF_PIO                    : disabled
20231030 031526.989 INFO             PET0 ESMF_YAMLCPP                : enabled
20231030 031526.997 INFO             PET0  NUMBER_OF_PROCESSORS            1
20231030 031526.998 INFO             PET0  PASS  Example ESMF_LocStreamEx, ESMF_LocStreamEx.F90, line 784
20231030 031526.998 INFO             PET0  Finalizing ESMF
