2023-10-09 02:26:33
20231009 030316.370 INFO             PET0 !!!!!!!!!!!!!!!!!!!!!!!!!!!!!!!!!!!!!!!!!!!!!!!!!!!!!!
20231009 030316.370 INFO             PET0 !!! THE ESMF_LOG IS SET TO OUTPUT ALL LOG MESSAGES !!!
20231009 030316.370 INFO             PET0 !!!     THIS MAY CAUSE SLOWDOWN IN PERFORMANCE     !!!
20231009 030316.370 INFO             PET0 !!! FOR PRODUCTION RUNS, USE:                      !!!
20231009 030316.370 INFO             PET0 !!!                   ESMF_LOGKIND_Multi_On_Error  !!!
20231009 030316.370 INFO             PET0 !!!!!!!!!!!!!!!!!!!!!!!!!!!!!!!!!!!!!!!!!!!!!!!!!!!!!!
20231009 030316.370 INFO             PET0 Running with ESMF Version   : v8.6.0b07-67-gb347190ad6
20231009 030316.370 INFO             PET0 ESMF library build date/time: "Oct  9 2023" "02:24:31"
20231009 030316.370 INFO             PET0 ESMF library build location : /glade/derecho/scratch/theurich/ESMF-Nightly-Testing/nvhpc_23.5_mpiuni_O_develop/esmf
20231009 030316.370 INFO             PET0 ESMF_COMM                   : mpiuni
20231009 030316.370 INFO             PET0 ESMF_MOAB                   : enabled
20231009 030316.370 INFO             PET0 ESMF_LAPACK                 : enabled
20231009 030316.370 INFO             PET0 ESMF_NETCDF                 : enabled
20231009 030316.370 INFO             PET0 ESMF_PNETCDF                : disabled
20231009 030316.370 INFO             PET0 ESMF_PIO                    : disabled
20231009 030316.370 INFO             PET0 ESMF_YAMLCPP                : enabled
20231009 030316.371 INFO             PET0  NUMBER_OF_PROCESSORS            1
20231009 030316.371 INFO             PET0  PASS  Example ESMF_ClockEx, ESMF_ClockEx.F90, line 220
20231009 030316.371 INFO             PET0 Finalizing ESMF
