2023-11-15 02:39:49
20231115 032003.638 INFO             PET0 !!!!!!!!!!!!!!!!!!!!!!!!!!!!!!!!!!!!!!!!!!!!!!!!!!!!!!
20231115 032003.638 INFO             PET0 !!! THE ESMF_LOG IS SET TO OUTPUT ALL LOG MESSAGES !!!
20231115 032003.638 INFO             PET0 !!!     THIS MAY CAUSE SLOWDOWN IN PERFORMANCE     !!!
20231115 032003.638 INFO             PET0 !!! FOR PRODUCTION RUNS, USE:                      !!!
20231115 032003.638 INFO             PET0 !!!                   ESMF_LOGKIND_Multi_On_Error  !!!
20231115 032003.638 INFO             PET0 !!!!!!!!!!!!!!!!!!!!!!!!!!!!!!!!!!!!!!!!!!!!!!!!!!!!!!
20231115 032003.638 INFO             PET0 Running with ESMF Version   : v8.7.0b01-5-gf664797301
20231115 032003.638 INFO             PET0 ESMF library build date/time: "Nov 15 2023" "02:37:08"
20231115 032003.638 INFO             PET0 ESMF library build location : /glade/derecho/scratch/theurich/ESMF-Nightly-Testing/nvhpc_23.5_mpiuni_O_develop/esmf
20231115 032003.638 INFO             PET0 ESMF_COMM                   : mpiuni
20231115 032003.639 INFO             PET0 ESMF_MOAB                   : enabled
20231115 032003.639 INFO             PET0 ESMF_LAPACK                 : enabled
20231115 032003.639 INFO             PET0 ESMF_NETCDF                 : enabled
20231115 032003.639 INFO             PET0 ESMF_PNETCDF                : disabled
20231115 032003.639 INFO             PET0 ESMF_PIO                    : disabled
20231115 032003.639 INFO             PET0 ESMF_YAMLCPP                : enabled
20231115 032003.639 INFO             PET0  NUMBER_OF_PROCESSORS            1
20231115 032003.639 INFO             PET0  PASS  Example ESMF_VMUserMpiCommEx, ESMF_VMUserMpiCommEx.F90, line 113
20231115 032003.639 INFO             PET0  Finalizing ESMF with endflag==ESMF_END_KEEPMPI
