2023-11-04 03:51:44
20231104 041111.266 INFO             PET0 !!!!!!!!!!!!!!!!!!!!!!!!!!!!!!!!!!!!!!!!!!!!!!!!!!!!!!
20231104 041111.267 INFO             PET0 !!! THE ESMF_LOG IS SET TO OUTPUT ALL LOG MESSAGES !!!
20231104 041111.267 INFO             PET0 !!!     THIS MAY CAUSE SLOWDOWN IN PERFORMANCE     !!!
20231104 041111.267 INFO             PET0 !!! FOR PRODUCTION RUNS, USE:                      !!!
20231104 041111.267 INFO             PET0 !!!                   ESMF_LOGKIND_Multi_On_Error  !!!
20231104 041111.267 INFO             PET0 !!!!!!!!!!!!!!!!!!!!!!!!!!!!!!!!!!!!!!!!!!!!!!!!!!!!!!
20231104 041111.267 INFO             PET0 Running with ESMF Version   : v8.6.0b13-7-g01b978c4a0
20231104 041111.267 INFO             PET0 ESMF library build date/time: "Nov  4 2023" "03:50:44"
20231104 041111.267 INFO             PET0 ESMF library build location : /tmp/gfortran_12.2.0_mpiuni_O_release_8.6.0/esmf
20231104 041111.267 INFO             PET0 ESMF_COMM                   : mpiuni
20231104 041111.267 INFO             PET0 ESMF_MOAB                   : enabled
20231104 041111.267 INFO             PET0 ESMF_LAPACK                 : enabled
20231104 041111.267 INFO             PET0 ESMF_NETCDF                 : enabled
20231104 041111.267 INFO             PET0 ESMF_PNETCDF                : disabled
20231104 041111.267 INFO             PET0 ESMF_PIO                    : disabled
20231104 041111.267 INFO             PET0 ESMF_YAMLCPP                : enabled
20231104 041111.267 INFO             PET0  NUMBER_OF_PROCESSORS           1
20231104 041111.267 INFO             PET0  PASS  Example ESMF_AttachMethodsEx, ESMF_AttachMethodsEx.F90, line 292
20231104 041111.267 INFO             PET0  Finalizing ESMF
