2023-11-03 01:42:44
20231103 021507.794 INFO             PET0 !!!!!!!!!!!!!!!!!!!!!!!!!!!!!!!!!!!!!!!!!!!!!!!!!!!!!!
20231103 021507.794 INFO             PET0 !!! THE ESMF_LOG IS SET TO OUTPUT ALL LOG MESSAGES !!!
20231103 021507.794 INFO             PET0 !!!     THIS MAY CAUSE SLOWDOWN IN PERFORMANCE     !!!
20231103 021507.794 INFO             PET0 !!! FOR PRODUCTION RUNS, USE:                      !!!
20231103 021507.794 INFO             PET0 !!!                   ESMF_LOGKIND_Multi_On_Error  !!!
20231103 021507.794 INFO             PET0 !!!!!!!!!!!!!!!!!!!!!!!!!!!!!!!!!!!!!!!!!!!!!!!!!!!!!!
20231103 021507.794 INFO             PET0 Running with ESMF Version   : v8.6.0b13-4-gb15d190a60
20231103 021507.794 INFO             PET0 ESMF library build date/time: "Nov  3 2023" "01:40:31"
20231103 021507.794 INFO             PET0 ESMF library build location : /glade/scratch/theurich/ESMF-Nightly-Testing/gfortran_9.1.0_openmpi_O_release_8.6.0/esmf
20231103 021507.794 INFO             PET0 ESMF_COMM                   : openmpi
20231103 021507.794 INFO             PET0 ESMF_MOAB                   : enabled
20231103 021507.794 INFO             PET0 ESMF_LAPACK                 : enabled
20231103 021507.794 INFO             PET0 ESMF_NETCDF                 : enabled
20231103 021507.794 INFO             PET0 ESMF_PNETCDF                : disabled
20231103 021507.794 INFO             PET0 ESMF_PIO                    : enabled
20231103 021507.794 INFO             PET0 ESMF_YAMLCPP                : enabled
20231103 021507.795 INFO             PET0  NUMBER_OF_PROCESSORS           1
20231103 021507.795 INFO             PET0  PASS  Example ESMF_TimeIntervalEx, ESMF_TimeIntervalEx.F90, line 176
20231103 021507.795 INFO             PET0  Finalizing ESMF
