2023-11-08 01:43:22
 localPET=           0  localDE=           0 : array(           1 ,           1 )=   0.0000000000000000     
 localPET=           0  localDE=           0 : array(           1 ,           2 )=   4.2439915829186759E-314
 localPET=           2  localDE=           0 : array(           1 ,           1 )=   0.0000000000000000     
 localPET=           2  localDE=           0 : array(           1 ,           2 )=   4.2439915829186759E-314
 localPET=           2  localDE=           0 : array(           2 ,           1 )=   4.2439915829186759E-314
 localPET=           2  localDE=           0 : array(           2 ,           2 )=   2.1219957924474693E-314
 localPET=           0  localDE=           0 : array(           2 ,           1 )=   4.2439915829186759E-314
 localPET=           0  localDE=           0 : array(           2 ,           2 )=   2.1219957924474693E-314
 localPET=           0  localDE=           0 : array(           3 ,           1 )=   4.2439915834127416E-314
 localPET=           2  localDE=           0 : array(           3 ,           1 )=   4.2439915834127416E-314
 localPET=           2  localDE=           0 : array(           3 ,           2 )=   2.1219957919534036E-314
 localPET=           1  localDE=           0 : array(           1 ,           1 )=   7.8133280344408090E-317
 localPET=           1  localDE=           0 : array(           1 ,           2 )=   2.1219957914593380E-314
 localPET=           1  localDE=           0 : array(           2 ,           1 )=   2.1219957914593380E-314
 localPET=           1  localDE=           0 : array(           2 ,           2 )=   2.1219957914593380E-314
 localPET=           1  localDE=           1 : array(           1 ,           1 )=   8.2715363719694812E-317
 localPET=           1  localDE=           1 : array(           2 ,           1 )=   2.3473307549081498E-310
 localPET=           0  localDE=           0 : array(           3 ,           2 )=   2.1219957919534036E-314
 localPET=           0  localDE=           1 : array(           1 ,           1 )=   1.1690186059378903E-316
 localPET=           0  localDE=           1 : array(           2 ,           1 )=   2.3469562132684137E-310
 localPET=           0  localDE=           1 : array(           3 ,           1 )=   0.0000000000000000     
 localPET=           3  localDE=           0 : array(           1 ,           1 )=   1.2081936638754177E-316
 localPET=           3  localDE=           0 : array(           1 ,           2 )=   2.1219957924474693E-314
 localPET=           3  localDE=           0 : array(           2 ,           1 )=   2.3595003411521338E-310
 localPET=           3  localDE=           0 : array(           2 ,           2 )=   2.1219957919534036E-314
 localPet:            2 DE            2  [           1           3 ]
 localPet:            0 DE            0  [           1           3 ]
 localPet:            0 DE            4  [           1           3 ]
 localPet:            3 DE            3  [           1           2 ]
 localPet:            1 DE            1  [           1           2 ]
 localPet:            1 DE            5  [           1           2 ]
  PASS  Example ESMF_ArrayEx, ESMF_ArrayEx.F90, line 1901
 PASS: ESMF_ArrayEx.F90
  PASS  Example ESMF_ArrayEx, ESMF_ArrayEx.F90, line 1901
 PASS: ESMF_ArrayEx.F90
  PASS  Example ESMF_ArrayEx, ESMF_ArrayEx.F90, line 1901
 PASS: ESMF_ArrayEx.F90
  PASS  Example ESMF_ArrayEx, ESMF_ArrayEx.F90, line 1901
 PASS: ESMF_ArrayEx.F90
