2023-10-07 12:00:10
20231007 123417.845 INFO             PET0 !!!!!!!!!!!!!!!!!!!!!!!!!!!!!!!!!!!!!!!!!!!!!!!!!!!!!!
20231007 123417.845 INFO             PET0 !!! THE ESMF_LOG IS SET TO OUTPUT ALL LOG MESSAGES !!!
20231007 123417.845 INFO             PET0 !!!     THIS MAY CAUSE SLOWDOWN IN PERFORMANCE     !!!
20231007 123417.845 INFO             PET0 !!! FOR PRODUCTION RUNS, USE:                      !!!
20231007 123417.845 INFO             PET0 !!!                   ESMF_LOGKIND_Multi_On_Error  !!!
20231007 123417.845 INFO             PET0 !!!!!!!!!!!!!!!!!!!!!!!!!!!!!!!!!!!!!!!!!!!!!!!!!!!!!!
20231007 123417.845 INFO             PET0 Running with ESMF Version   : v8.6.0b07-1-ge21e73e41b
20231007 123417.845 INFO             PET0 ESMF library build date/time: "Oct  7 2023" "11:57:13"
20231007 123417.845 INFO             PET0 ESMF library build location : /glade/scratch/theurich/ESMF-Nightly-Testing/gfortran_13.1.0_mpt_g_fix_abort_trace/esmf
20231007 123417.845 INFO             PET0 ESMF_COMM                   : mpt
20231007 123417.845 INFO             PET0 ESMF_MOAB                   : enabled
20231007 123417.845 INFO             PET0 ESMF_LAPACK                 : enabled
20231007 123417.845 INFO             PET0 ESMF_NETCDF                 : enabled
20231007 123417.845 INFO             PET0 ESMF_PNETCDF                : disabled
20231007 123417.845 INFO             PET0 ESMF_PIO                    : enabled
20231007 123417.845 INFO             PET0 ESMF_YAMLCPP                : enabled
20231007 123417.926 DEBUG            PET0 about to destroy Grid: 0x36ce130
20231007 123417.937 DEBUG            PET0 about to destroy Grid: 0x36cf180
20231007 123417.968 INFO             PET0  NUMBER_OF_PROCESSORS           4
20231007 123417.968 INFO             PET0  PASS  Example ESMF_NUOPCAtmModelEx, ESMF_NUOPCAtmModelEx.F90, line 806
20231007 123417.968 INFO             PET0 Finalizing ESMF
20231007 123417.844 INFO             PET1 !!!!!!!!!!!!!!!!!!!!!!!!!!!!!!!!!!!!!!!!!!!!!!!!!!!!!!
20231007 123417.844 INFO             PET1 !!! THE ESMF_LOG IS SET TO OUTPUT ALL LOG MESSAGES !!!
20231007 123417.844 INFO             PET1 !!!     THIS MAY CAUSE SLOWDOWN IN PERFORMANCE     !!!
20231007 123417.844 INFO             PET1 !!! FOR PRODUCTION RUNS, USE:                      !!!
20231007 123417.844 INFO             PET1 !!!                   ESMF_LOGKIND_Multi_On_Error  !!!
20231007 123417.844 INFO             PET1 !!!!!!!!!!!!!!!!!!!!!!!!!!!!!!!!!!!!!!!!!!!!!!!!!!!!!!
20231007 123417.844 INFO             PET1 Running with ESMF Version   : v8.6.0b07-1-ge21e73e41b
20231007 123417.844 INFO             PET1 ESMF library build date/time: "Oct  7 2023" "11:57:13"
20231007 123417.844 INFO             PET1 ESMF library build location : /glade/scratch/theurich/ESMF-Nightly-Testing/gfortran_13.1.0_mpt_g_fix_abort_trace/esmf
20231007 123417.844 INFO             PET1 ESMF_COMM                   : mpt
20231007 123417.844 INFO             PET1 ESMF_MOAB                   : enabled
20231007 123417.844 INFO             PET1 ESMF_LAPACK                 : enabled
20231007 123417.844 INFO             PET1 ESMF_NETCDF                 : enabled
20231007 123417.844 INFO             PET1 ESMF_PNETCDF                : disabled
20231007 123417.844 INFO             PET1 ESMF_PIO                    : enabled
20231007 123417.844 INFO             PET1 ESMF_YAMLCPP                : enabled
20231007 123417.926 DEBUG            PET1 about to destroy Grid: 0x36ce4d0
20231007 123417.937 DEBUG            PET1 about to destroy Grid: 0x36cf1d0
20231007 123417.968 INFO             PET1  NUMBER_OF_PROCESSORS           4
20231007 123417.968 INFO             PET1  PASS  Example ESMF_NUOPCAtmModelEx, ESMF_NUOPCAtmModelEx.F90, line 806
20231007 123417.968 INFO             PET1 Finalizing ESMF
20231007 123417.844 INFO             PET2 !!!!!!!!!!!!!!!!!!!!!!!!!!!!!!!!!!!!!!!!!!!!!!!!!!!!!!
20231007 123417.844 INFO             PET2 !!! THE ESMF_LOG IS SET TO OUTPUT ALL LOG MESSAGES !!!
20231007 123417.844 INFO             PET2 !!!     THIS MAY CAUSE SLOWDOWN IN PERFORMANCE     !!!
20231007 123417.844 INFO             PET2 !!! FOR PRODUCTION RUNS, USE:                      !!!
20231007 123417.844 INFO             PET2 !!!                   ESMF_LOGKIND_Multi_On_Error  !!!
20231007 123417.844 INFO             PET2 !!!!!!!!!!!!!!!!!!!!!!!!!!!!!!!!!!!!!!!!!!!!!!!!!!!!!!
20231007 123417.844 INFO             PET2 Running with ESMF Version   : v8.6.0b07-1-ge21e73e41b
20231007 123417.844 INFO             PET2 ESMF library build date/time: "Oct  7 2023" "11:57:13"
20231007 123417.844 INFO             PET2 ESMF library build location : /glade/scratch/theurich/ESMF-Nightly-Testing/gfortran_13.1.0_mpt_g_fix_abort_trace/esmf
20231007 123417.844 INFO             PET2 ESMF_COMM                   : mpt
20231007 123417.844 INFO             PET2 ESMF_MOAB                   : enabled
20231007 123417.844 INFO             PET2 ESMF_LAPACK                 : enabled
20231007 123417.844 INFO             PET2 ESMF_NETCDF                 : enabled
20231007 123417.844 INFO             PET2 ESMF_PNETCDF                : disabled
20231007 123417.844 INFO             PET2 ESMF_PIO                    : enabled
20231007 123417.844 INFO             PET2 ESMF_YAMLCPP                : enabled
20231007 123417.926 DEBUG            PET2 about to destroy Grid: 0x36cdba0
20231007 123417.937 DEBUG            PET2 about to destroy Grid: 0x36ce4f0
20231007 123417.968 INFO             PET2  NUMBER_OF_PROCESSORS           4
20231007 123417.968 INFO             PET2  PASS  Example ESMF_NUOPCAtmModelEx, ESMF_NUOPCAtmModelEx.F90, line 806
20231007 123417.968 INFO             PET2 Finalizing ESMF
20231007 123417.844 INFO             PET3 !!!!!!!!!!!!!!!!!!!!!!!!!!!!!!!!!!!!!!!!!!!!!!!!!!!!!!
20231007 123417.844 INFO             PET3 !!! THE ESMF_LOG IS SET TO OUTPUT ALL LOG MESSAGES !!!
20231007 123417.844 INFO             PET3 !!!     THIS MAY CAUSE SLOWDOWN IN PERFORMANCE     !!!
20231007 123417.844 INFO             PET3 !!! FOR PRODUCTION RUNS, USE:                      !!!
20231007 123417.844 INFO             PET3 !!!                   ESMF_LOGKIND_Multi_On_Error  !!!
20231007 123417.844 INFO             PET3 !!!!!!!!!!!!!!!!!!!!!!!!!!!!!!!!!!!!!!!!!!!!!!!!!!!!!!
20231007 123417.844 INFO             PET3 Running with ESMF Version   : v8.6.0b07-1-ge21e73e41b
20231007 123417.844 INFO             PET3 ESMF library build date/time: "Oct  7 2023" "11:57:13"
20231007 123417.844 INFO             PET3 ESMF library build location : /glade/scratch/theurich/ESMF-Nightly-Testing/gfortran_13.1.0_mpt_g_fix_abort_trace/esmf
20231007 123417.844 INFO             PET3 ESMF_COMM                   : mpt
20231007 123417.844 INFO             PET3 ESMF_MOAB                   : enabled
20231007 123417.844 INFO             PET3 ESMF_LAPACK                 : enabled
20231007 123417.844 INFO             PET3 ESMF_NETCDF                 : enabled
20231007 123417.844 INFO             PET3 ESMF_PNETCDF                : disabled
20231007 123417.844 INFO             PET3 ESMF_PIO                    : enabled
20231007 123417.844 INFO             PET3 ESMF_YAMLCPP                : enabled
20231007 123417.926 DEBUG            PET3 about to destroy Grid: 0x36cdd30
20231007 123417.937 DEBUG            PET3 about to destroy Grid: 0x36ce870
20231007 123417.968 INFO             PET3  NUMBER_OF_PROCESSORS           4
20231007 123417.968 INFO             PET3  PASS  Example ESMF_NUOPCAtmModelEx, ESMF_NUOPCAtmModelEx.F90, line 806
20231007 123417.968 INFO             PET3 Finalizing ESMF
