2023-10-31 06:45:04
20231031 073220.562 INFO             PET0 !!!!!!!!!!!!!!!!!!!!!!!!!!!!!!!!!!!!!!!!!!!!!!!!!!!!!!
20231031 073220.562 INFO             PET0 !!! THE ESMF_LOG IS SET TO OUTPUT ALL LOG MESSAGES !!!
20231031 073220.562 INFO             PET0 !!!     THIS MAY CAUSE SLOWDOWN IN PERFORMANCE     !!!
20231031 073220.562 INFO             PET0 !!! FOR PRODUCTION RUNS, USE:                      !!!
20231031 073220.562 INFO             PET0 !!!                   ESMF_LOGKIND_Multi_On_Error  !!!
20231031 073220.562 INFO             PET0 !!!!!!!!!!!!!!!!!!!!!!!!!!!!!!!!!!!!!!!!!!!!!!!!!!!!!!
20231031 073220.562 INFO             PET0 Running with ESMF Version   : v8.7.0b00-3-gae6d46cf0b
20231031 073220.562 INFO             PET0 ESMF library build date/time: "Oct 31 2023" "06:42:22"
20231031 073220.562 INFO             PET0 ESMF library build location : /project/esmf/theurich/ESMF-Nightly-Testing/intel_19.1.0_mpiuni_g_develop/esmf
20231031 073220.562 INFO             PET0 ESMF_COMM                   : mpiuni
20231031 073220.564 INFO             PET0 ESMF_MOAB                   : enabled
20231031 073220.564 INFO             PET0 ESMF_LAPACK                 : enabled
20231031 073220.564 INFO             PET0 ESMF_NETCDF                 : enabled
20231031 073220.565 INFO             PET0 ESMF_PNETCDF                : disabled
20231031 073220.565 INFO             PET0 ESMF_PIO                    : disabled
20231031 073220.565 INFO             PET0 ESMF_YAMLCPP                : enabled
20231031 073220.569 INFO             PET0  NUMBER_OF_PROCESSORS           1
20231031 073220.571 INFO             PET0  PASS  Example ESMF_GridCreateRegFromDGEx, ESMF_GridCreateRegFromDGEx.F90, line 112
20231031 073220.571 INFO             PET0  Finalizing ESMF
