2023-11-13 06:29:22
20231113 071322.078 INFO             PET0 !!!!!!!!!!!!!!!!!!!!!!!!!!!!!!!!!!!!!!!!!!!!!!!!!!!!!!
20231113 071322.078 INFO             PET0 !!! THE ESMF_LOG IS SET TO OUTPUT ALL LOG MESSAGES !!!
20231113 071322.078 INFO             PET0 !!!     THIS MAY CAUSE SLOWDOWN IN PERFORMANCE     !!!
20231113 071322.078 INFO             PET0 !!! FOR PRODUCTION RUNS, USE:                      !!!
20231113 071322.078 INFO             PET0 !!!                   ESMF_LOGKIND_Multi_On_Error  !!!
20231113 071322.078 INFO             PET0 !!!!!!!!!!!!!!!!!!!!!!!!!!!!!!!!!!!!!!!!!!!!!!!!!!!!!!
20231113 071322.079 INFO             PET0 Running with ESMF Version   : v8.7.0b01
20231113 071322.079 INFO             PET0 ESMF library build date/time: "Nov 13 2023" "06:27:10"
20231113 071322.079 INFO             PET0 ESMF library build location : /project/esmf/theurich/ESMF-Nightly-Testing/intel_19.1.0_mpiuni_g_develop/esmf
20231113 071322.079 INFO             PET0 ESMF_COMM                   : mpiuni
20231113 071322.082 INFO             PET0 ESMF_MOAB                   : enabled
20231113 071322.082 INFO             PET0 ESMF_LAPACK                 : enabled
20231113 071322.082 INFO             PET0 ESMF_NETCDF                 : enabled
20231113 071322.082 INFO             PET0 ESMF_PNETCDF                : disabled
20231113 071322.082 INFO             PET0 ESMF_PIO                    : disabled
20231113 071322.082 INFO             PET0 ESMF_YAMLCPP                : enabled
20231113 071322.082 INFO             PET0 ESMF Tracing Enabled
20231113 071322.082 INFO             PET0 ESMF Profiling Enabled
20231113 071322.082 INFO             PET0 ESMF Trace/Profile clock: REALTIME
20231113 071322.093 INFO             PET0  NUMBER_OF_PROCESSORS           1
20231113 071322.093 INFO             PET0  PASS  Example ESMF_TraceUserEx, ESMF_TraceUserEx.F90, line 125
20231113 071322.093 INFO             PET0  Finalizing ESMF
20231113 071322.093 INFO             PET0 **************** Region Timings *******************
20231113 071322.093 INFO             PET0 Region                Count  Total (s)   Self (s)    Mean (s)    Min (s)     Max (s)
20231113 071322.093 INFO             PET0   [ESMF]              1      0.0039      0.0031      0.0039      0.0039      0.0039
20231113 071322.093 INFO             PET0     outer_region      1      0.0009      0.0001      0.0009      0.0009      0.0009
20231113 071322.093 INFO             PET0       inner_region_1  10     0.0005      0.0005      0.0001      0.0000      0.0001
20231113 071322.093 INFO             PET0       inner_region_2  10     0.0003      0.0003      0.0000      0.0000      0.0000
