2023-11-18 03:07:05
20231118 035355.664 INFO             PET0 !!!!!!!!!!!!!!!!!!!!!!!!!!!!!!!!!!!!!!!!!!!!!!!!!!!!!!
20231118 035355.665 INFO             PET0 !!! THE ESMF_LOG IS SET TO OUTPUT ALL LOG MESSAGES !!!
20231118 035355.665 INFO             PET0 !!!     THIS MAY CAUSE SLOWDOWN IN PERFORMANCE     !!!
20231118 035355.665 INFO             PET0 !!! FOR PRODUCTION RUNS, USE:                      !!!
20231118 035355.665 INFO             PET0 !!!                   ESMF_LOGKIND_Multi_On_Error  !!!
20231118 035355.665 INFO             PET0 !!!!!!!!!!!!!!!!!!!!!!!!!!!!!!!!!!!!!!!!!!!!!!!!!!!!!!
20231118 035355.665 INFO             PET0 Running with ESMF Version   : v8.7.0b01-5-gf664797301
20231118 035355.665 INFO             PET0 ESMF library build date/time: "Nov 18 2023" "03:04:43"
20231118 035355.665 INFO             PET0 ESMF library build location : /project/esmf/theurich/ESMF-Nightly-Testing/intel_19.1.0_mpiuni_g_develop/esmf
20231118 035355.665 INFO             PET0 ESMF_COMM                   : mpiuni
20231118 035355.667 INFO             PET0 ESMF_MOAB                   : enabled
20231118 035355.667 INFO             PET0 ESMF_LAPACK                 : enabled
20231118 035355.667 INFO             PET0 ESMF_NETCDF                 : enabled
20231118 035355.667 INFO             PET0 ESMF_PNETCDF                : disabled
20231118 035355.667 INFO             PET0 ESMF_PIO                    : disabled
20231118 035355.667 INFO             PET0 ESMF_YAMLCPP                : enabled
20231118 035355.670 INFO             PET0  NUMBER_OF_PROCESSORS           1
20231118 035355.670 INFO             PET0  PASS  Example ESMF_VMNonBlockingEx, ESMF_VMNonBlockingEx.F90, line 433
20231118 035355.670 INFO             PET0  Finalizing ESMF
