2023-10-06 15:11:06
20231006 162216.728 INFO             PET0 !!!!!!!!!!!!!!!!!!!!!!!!!!!!!!!!!!!!!!!!!!!!!!!!!!!!!!
20231006 162216.728 INFO             PET0 !!! THE ESMF_LOG IS SET TO OUTPUT ALL LOG MESSAGES !!!
20231006 162216.728 INFO             PET0 !!!     THIS MAY CAUSE SLOWDOWN IN PERFORMANCE     !!!
20231006 162216.728 INFO             PET0 !!! FOR PRODUCTION RUNS, USE:                      !!!
20231006 162216.728 INFO             PET0 !!!                   ESMF_LOGKIND_Multi_On_Error  !!!
20231006 162216.728 INFO             PET0 !!!!!!!!!!!!!!!!!!!!!!!!!!!!!!!!!!!!!!!!!!!!!!!!!!!!!!
20231006 162216.728 INFO             PET0 Running with ESMF Version   : v8.6.0b07-1-ge21e73e41b
20231006 162216.728 INFO             PET0 ESMF library build date/time: "Oct  6 2023" "15:07:50"
20231006 162216.728 INFO             PET0 ESMF library build location : /glade/scratch/theurich/ESMF-Nightly-Testing/nvhpc_21.11_openmpi_O_fix_abort_trace/esmf
20231006 162216.728 INFO             PET0 ESMF_COMM                   : openmpi
20231006 162216.728 INFO             PET0 ESMF_MOAB                   : enabled
20231006 162216.728 INFO             PET0 ESMF_LAPACK                 : enabled
20231006 162216.728 INFO             PET0 ESMF_NETCDF                 : enabled
20231006 162216.728 INFO             PET0 ESMF_PNETCDF                : disabled
20231006 162216.728 INFO             PET0 ESMF_PIO                    : enabled
20231006 162216.728 INFO             PET0 ESMF_YAMLCPP                : enabled
20231006 162216.774 DEBUG            PET0 about to destroy Grid: 0x25e7460
20231006 162216.778 DEBUG            PET0 about to destroy Grid: 0x25e8cd0
20231006 162216.791 INFO             PET0  NUMBER_OF_PROCESSORS            4
20231006 162216.791 INFO             PET0  PASS  Example ESMF_NUOPCAtmModelEx, ESMF_NUOPCAtmModelEx.F90, line 806
20231006 162216.791 INFO             PET0 Finalizing ESMF
20231006 162216.729 INFO             PET1 !!!!!!!!!!!!!!!!!!!!!!!!!!!!!!!!!!!!!!!!!!!!!!!!!!!!!!
20231006 162216.729 INFO             PET1 !!! THE ESMF_LOG IS SET TO OUTPUT ALL LOG MESSAGES !!!
20231006 162216.729 INFO             PET1 !!!     THIS MAY CAUSE SLOWDOWN IN PERFORMANCE     !!!
20231006 162216.729 INFO             PET1 !!! FOR PRODUCTION RUNS, USE:                      !!!
20231006 162216.729 INFO             PET1 !!!                   ESMF_LOGKIND_Multi_On_Error  !!!
20231006 162216.729 INFO             PET1 !!!!!!!!!!!!!!!!!!!!!!!!!!!!!!!!!!!!!!!!!!!!!!!!!!!!!!
20231006 162216.729 INFO             PET1 Running with ESMF Version   : v8.6.0b07-1-ge21e73e41b
20231006 162216.729 INFO             PET1 ESMF library build date/time: "Oct  6 2023" "15:07:50"
20231006 162216.729 INFO             PET1 ESMF library build location : /glade/scratch/theurich/ESMF-Nightly-Testing/nvhpc_21.11_openmpi_O_fix_abort_trace/esmf
20231006 162216.729 INFO             PET1 ESMF_COMM                   : openmpi
20231006 162216.729 INFO             PET1 ESMF_MOAB                   : enabled
20231006 162216.729 INFO             PET1 ESMF_LAPACK                 : enabled
20231006 162216.729 INFO             PET1 ESMF_NETCDF                 : enabled
20231006 162216.729 INFO             PET1 ESMF_PNETCDF                : disabled
20231006 162216.729 INFO             PET1 ESMF_PIO                    : enabled
20231006 162216.729 INFO             PET1 ESMF_YAMLCPP                : enabled
20231006 162216.774 DEBUG            PET1 about to destroy Grid: 0x1ee1d20
20231006 162216.778 DEBUG            PET1 about to destroy Grid: 0x1ee2ba0
20231006 162216.791 INFO             PET1  NUMBER_OF_PROCESSORS            4
20231006 162216.791 INFO             PET1  PASS  Example ESMF_NUOPCAtmModelEx, ESMF_NUOPCAtmModelEx.F90, line 806
20231006 162216.791 INFO             PET1 Finalizing ESMF
20231006 162216.728 INFO             PET2 !!!!!!!!!!!!!!!!!!!!!!!!!!!!!!!!!!!!!!!!!!!!!!!!!!!!!!
20231006 162216.728 INFO             PET2 !!! THE ESMF_LOG IS SET TO OUTPUT ALL LOG MESSAGES !!!
20231006 162216.728 INFO             PET2 !!!     THIS MAY CAUSE SLOWDOWN IN PERFORMANCE     !!!
20231006 162216.728 INFO             PET2 !!! FOR PRODUCTION RUNS, USE:                      !!!
20231006 162216.728 INFO             PET2 !!!                   ESMF_LOGKIND_Multi_On_Error  !!!
20231006 162216.728 INFO             PET2 !!!!!!!!!!!!!!!!!!!!!!!!!!!!!!!!!!!!!!!!!!!!!!!!!!!!!!
20231006 162216.728 INFO             PET2 Running with ESMF Version   : v8.6.0b07-1-ge21e73e41b
20231006 162216.728 INFO             PET2 ESMF library build date/time: "Oct  6 2023" "15:07:50"
20231006 162216.728 INFO             PET2 ESMF library build location : /glade/scratch/theurich/ESMF-Nightly-Testing/nvhpc_21.11_openmpi_O_fix_abort_trace/esmf
20231006 162216.728 INFO             PET2 ESMF_COMM                   : openmpi
20231006 162216.728 INFO             PET2 ESMF_MOAB                   : enabled
20231006 162216.728 INFO             PET2 ESMF_LAPACK                 : enabled
20231006 162216.728 INFO             PET2 ESMF_NETCDF                 : enabled
20231006 162216.728 INFO             PET2 ESMF_PNETCDF                : disabled
20231006 162216.728 INFO             PET2 ESMF_PIO                    : enabled
20231006 162216.728 INFO             PET2 ESMF_YAMLCPP                : enabled
20231006 162216.774 DEBUG            PET2 about to destroy Grid: 0x1f35430
20231006 162216.778 DEBUG            PET2 about to destroy Grid: 0x1f35c20
20231006 162216.791 INFO             PET2  NUMBER_OF_PROCESSORS            4
20231006 162216.791 INFO             PET2  PASS  Example ESMF_NUOPCAtmModelEx, ESMF_NUOPCAtmModelEx.F90, line 806
20231006 162216.791 INFO             PET2 Finalizing ESMF
20231006 162216.729 INFO             PET3 !!!!!!!!!!!!!!!!!!!!!!!!!!!!!!!!!!!!!!!!!!!!!!!!!!!!!!
20231006 162216.729 INFO             PET3 !!! THE ESMF_LOG IS SET TO OUTPUT ALL LOG MESSAGES !!!
20231006 162216.729 INFO             PET3 !!!     THIS MAY CAUSE SLOWDOWN IN PERFORMANCE     !!!
20231006 162216.729 INFO             PET3 !!! FOR PRODUCTION RUNS, USE:                      !!!
20231006 162216.729 INFO             PET3 !!!                   ESMF_LOGKIND_Multi_On_Error  !!!
20231006 162216.729 INFO             PET3 !!!!!!!!!!!!!!!!!!!!!!!!!!!!!!!!!!!!!!!!!!!!!!!!!!!!!!
20231006 162216.729 INFO             PET3 Running with ESMF Version   : v8.6.0b07-1-ge21e73e41b
20231006 162216.729 INFO             PET3 ESMF library build date/time: "Oct  6 2023" "15:07:50"
20231006 162216.729 INFO             PET3 ESMF library build location : /glade/scratch/theurich/ESMF-Nightly-Testing/nvhpc_21.11_openmpi_O_fix_abort_trace/esmf
20231006 162216.729 INFO             PET3 ESMF_COMM                   : openmpi
20231006 162216.729 INFO             PET3 ESMF_MOAB                   : enabled
20231006 162216.729 INFO             PET3 ESMF_LAPACK                 : enabled
20231006 162216.729 INFO             PET3 ESMF_NETCDF                 : enabled
20231006 162216.729 INFO             PET3 ESMF_PNETCDF                : disabled
20231006 162216.729 INFO             PET3 ESMF_PIO                    : enabled
20231006 162216.729 INFO             PET3 ESMF_YAMLCPP                : enabled
20231006 162216.774 DEBUG            PET3 about to destroy Grid: 0x12dd300
20231006 162216.778 DEBUG            PET3 about to destroy Grid: 0x12ddf30
20231006 162216.791 INFO             PET3  NUMBER_OF_PROCESSORS            4
20231006 162216.791 INFO             PET3  PASS  Example ESMF_NUOPCAtmModelEx, ESMF_NUOPCAtmModelEx.F90, line 806
20231006 162216.791 INFO             PET3 Finalizing ESMF
