2023-10-18 07:41:55
[h25c41:196733:0:196733] Caught signal 11 (Segmentation fault: address not mapped to object at address 0x7fffa4ea4000)
[h25c41:196735:0:196735] Caught signal 11 (Segmentation fault: address not mapped to object at address 0x7ffda0943008)
[h25c41:196736:0:196736] Caught signal 11 (Segmentation fault: address not mapped to object at address 0x7ffea1c00010)
[h25c41:196734:0:196734] Caught signal 11 (Segmentation fault: address not mapped to object at address 0x7ffe98b93008)
==== backtrace (tid: 196736) ====
 0 0x000000000004d455 ucs_debug_print_backtrace()  ???:0
 1 0x000000000044d867 do_deallocate_all()  for_alloc_copy.c:0
 2 0x000000000044e850 process_allocation_records_deallocate()  for_alloc_copy.c:0
 3 0x000000000044d9f5 do_deallocate_all()  for_alloc_copy.c:0
 4 0x0000000001b9d66c f_esmf_compcollectgarbage2_()  ???:0
 5 0x00000000016ec1d2 ESMCI::VM::finalize()  /scratch2/NCEPDEV/stmp1/Gerhard.Theurich/ESMF-Nightly-Testing/intel_2023.1.0-oneAPI_intelmpi_g_feature_devList/esmf/src/Infrastructure/VM/src/ESMCI_VM.C:3515
 6 0x0000000001716f67 c_esmc_vmfinalize_()  /scratch2/NCEPDEV/stmp1/Gerhard.Theurich/ESMF-Nightly-Testing/intel_2023.1.0-oneAPI_intelmpi_g_feature_devList/esmf/src/Infrastructure/VM/interface/ESMCI_VM_F.C:1241
 7 0x000000000270278b c_esmc_vmfinalize_.t33799p.t33801p()  ifxOEh7IO.i90:0
 8 0x00000000026faaa2 esmf_vmmod_mp_esmf_vmfinalize_()  ???:0
 9 0x0000000002332e5e esmf_initmod_mp_esmf_finalize_()  ???:0
10 0x00000000004165e9 MAIN__()  ???:0
11 0x0000000000415bdd main()  ???:0
12 0x0000000000022555 __libc_start_main()  ???:0
13 0x0000000000415b0b _start()  ???:0
=================================
==== backtrace (tid: 196734) ====
 0 0x000000000004d455 ucs_debug_print_backtrace()  ???:0
 1 0x000000000044d891 do_deallocate_all()  for_alloc_copy.c:0
 2 0x000000000044e850 process_allocation_records_deallocate()  for_alloc_copy.c:0
 3 0x000000000044d9f5 do_deallocate_all()  for_alloc_copy.c:0
 4 0x0000000001b9d66c f_esmf_compcollectgarbage2_()  ???:0
 5 0x00000000016ec1d2 ESMCI::VM::finalize()  /scratch2/NCEPDEV/stmp1/Gerhard.Theurich/ESMF-Nightly-Testing/intel_2023.1.0-oneAPI_intelmpi_g_feature_devList/esmf/src/Infrastructure/VM/src/ESMCI_VM.C:3515
 6 0x0000000001716f67 c_esmc_vmfinalize_()  /scratch2/NCEPDEV/stmp1/Gerhard.Theurich/ESMF-Nightly-Testing/intel_2023.1.0-oneAPI_intelmpi_g_feature_devList/esmf/src/Infrastructure/VM/interface/ESMCI_VM_F.C:1241
 7 0x000000000270278b c_esmc_vmfinalize_.t33799p.t33801p()  ifxOEh7IO.i90:0
 8 0x00000000026faaa2 esmf_vmmod_mp_esmf_vmfinalize_()  ???:0
 9 0x0000000002332e5e esmf_initmod_mp_esmf_finalize_()  ???:0
10 0x00000000004165e9 MAIN__()  ???:0
11 0x0000000000415bdd main()  ???:0
12 0x0000000000022555 __libc_start_main()  ???:0
13 0x0000000000415b0b _start()  ???:0
=================================
forrtl: severe (174): SIGSEGV, segmentation fault occurred
Image              PC                Routine            Line        Source             
libpthread-2.17.s  00002B7B3F844630  Unknown               Unknown  Unknown
mainApp            000000000044D867  Unknown               Unknown  Unknown
mainApp            000000000044E850  Unknown               Unknown  Unknown
mainApp            000000000044D9F5  Unknown               Unknown  Unknown
libesmf.so         00002B7B3A2C666C  f_esmf_compcollec         516  ESMF_Comp_C.F90
libesmf.so         00002B7B39E151D2  finalize                 3515  ESMCI_VM.C
libesmf.so         00002B7B39E3FF67  c_esmc_vmfinalize        1241  ESMCI_VM_F.C
libesmf.so         00002B7B3AE2B78B  c_esmc_vmfinalize           0  ESMF_VM.F90
libesmf.so         00002B7B3AE23AA2  esmf_vmfinalize          9469  ESMF_VM.F90
libesmf.so         00002B7B3AA5BE5E  esmf_finalize            1693  ESMF_Init.F90
mainApp            00000000004165E9  mainapp                   102  mainApp.F90
mainApp            0000000000415BDD  Unknown               Unknown  Unknown
libc-2.17.so       00002B7B40B97555  __libc_start_main     Unknown  Unknown
mainApp            0000000000415B0B  Unknown               Unknown  Unknown
forrtl: severe (174): SIGSEGV, segmentation fault occurred
Image              PC                Routine            Line        Source             
libpthread-2.17.s  00002B257F757630  Unknown               Unknown  Unknown
mainApp            000000000044D891  Unknown               Unknown  Unknown
mainApp            000000000044E850  Unknown               Unknown  Unknown
mainApp            000000000044D9F5  Unknown               Unknown  Unknown
libesmf.so         00002B257A1D966C  f_esmf_compcollec         516  ESMF_Comp_C.F90
libesmf.so         00002B2579D281D2  finalize                 3515  ESMCI_VM.C
libesmf.so         00002B2579D52F67  c_esmc_vmfinalize        1241  ESMCI_VM_F.C
libesmf.so         00002B257AD3E78B  c_esmc_vmfinalize           0  ESMF_VM.F90
libesmf.so         00002B257AD36AA2  esmf_vmfinalize          9469  ESMF_VM.F90
libesmf.so         00002B257A96EE5E  esmf_finalize            1693  ESMF_Init.F90
mainApp            00000000004165E9  mainapp                   102  mainApp.F90
mainApp            0000000000415BDD  Unknown               Unknown  Unknown
libc-2.17.so       00002B2580AAA555  __libc_start_main     Unknown  Unknown
mainApp            0000000000415B0B  Unknown               Unknown  Unknown
==== backtrace (tid: 196733) ====
 0 0x000000000004d455 ucs_debug_print_backtrace()  ???:0
 1 0x000000000044d883 do_deallocate_all()  for_alloc_copy.c:0
 2 0x000000000044e850 process_allocation_records_deallocate()  for_alloc_copy.c:0
 3 0x000000000044d9f5 do_deallocate_all()  for_alloc_copy.c:0
 4 0x0000000001b9d66c f_esmf_compcollectgarbage2_()  ???:0
 5 0x00000000016ec1d2 ESMCI::VM::finalize()  /scratch2/NCEPDEV/stmp1/Gerhard.Theurich/ESMF-Nightly-Testing/intel_2023.1.0-oneAPI_intelmpi_g_feature_devList/esmf/src/Infrastructure/VM/src/ESMCI_VM.C:3515
 6 0x0000000001716f67 c_esmc_vmfinalize_()  /scratch2/NCEPDEV/stmp1/Gerhard.Theurich/ESMF-Nightly-Testing/intel_2023.1.0-oneAPI_intelmpi_g_feature_devList/esmf/src/Infrastructure/VM/interface/ESMCI_VM_F.C:1241
 7 0x000000000270278b c_esmc_vmfinalize_.t33799p.t33801p()  ifxOEh7IO.i90:0
 8 0x00000000026faaa2 esmf_vmmod_mp_esmf_vmfinalize_()  ???:0
 9 0x0000000002332e5e esmf_initmod_mp_esmf_finalize_()  ???:0
10 0x00000000004165e9 MAIN__()  ???:0
11 0x0000000000415bdd main()  ???:0
12 0x0000000000022555 __libc_start_main()  ???:0
13 0x0000000000415b0b _start()  ???:0
=================================
==== backtrace (tid: 196735) ====
 0 0x000000000004d455 ucs_debug_print_backtrace()  ???:0
 1 0x000000000044d879 do_deallocate_all()  for_alloc_copy.c:0
 2 0x000000000044e850 process_allocation_records_deallocate()  for_alloc_copy.c:0
 3 0x000000000044d9f5 do_deallocate_all()  for_alloc_copy.c:0
 4 0x0000000001b9d66c f_esmf_compcollectgarbage2_()  ???:0
 5 0x00000000016ec1d2 ESMCI::VM::finalize()  /scratch2/NCEPDEV/stmp1/Gerhard.Theurich/ESMF-Nightly-Testing/intel_2023.1.0-oneAPI_intelmpi_g_feature_devList/esmf/src/Infrastructure/VM/src/ESMCI_VM.C:3515
 6 0x0000000001716f67 c_esmc_vmfinalize_()  /scratch2/NCEPDEV/stmp1/Gerhard.Theurich/ESMF-Nightly-Testing/intel_2023.1.0-oneAPI_intelmpi_g_feature_devList/esmf/src/Infrastructure/VM/interface/ESMCI_VM_F.C:1241
 7 0x000000000270278b c_esmc_vmfinalize_.t33799p.t33801p()  ifxOEh7IO.i90:0
 8 0x00000000026faaa2 esmf_vmmod_mp_esmf_vmfinalize_()  ???:0
 9 0x0000000002332e5e esmf_initmod_mp_esmf_finalize_()  ???:0
10 0x00000000004165e9 MAIN__()  ???:0
11 0x0000000000415bdd main()  ???:0
12 0x0000000000022555 __libc_start_main()  ???:0
13 0x0000000000415b0b _start()  ???:0
=================================
forrtl: severe (174): SIGSEGV, segmentation fault occurred
Image              PC                Routine            Line        Source             
libpthread-2.17.s  00002B000ECC2630  Unknown               Unknown  Unknown
mainApp            000000000044D883  Unknown               Unknown  Unknown
mainApp            000000000044E850  Unknown               Unknown  Unknown
mainApp            000000000044D9F5  Unknown               Unknown  Unknown
libesmf.so         00002B000974466C  f_esmf_compcollec         516  ESMF_Comp_C.F90
libesmf.so         00002B00092931D2  finalize                 3515  ESMCI_VM.C
libesmf.so         00002B00092BDF67  c_esmc_vmfinalize        1241  ESMCI_VM_F.C
libesmf.so         00002B000A2A978B  c_esmc_vmfinalize           0  ESMF_VM.F90
libesmf.so         00002B000A2A1AA2  esmf_vmfinalize          9469  ESMF_VM.F90
libesmf.so         00002B0009ED9E5E  esmf_finalize            1693  ESMF_Init.F90
mainApp            00000000004165E9  mainapp                   102  mainApp.F90
mainApp            0000000000415BDD  Unknown               Unknown  Unknown
libc-2.17.so       00002B0010015555  __libc_start_main     Unknown  Unknown
mainApp            0000000000415B0B  Unknown               Unknown  Unknown
forrtl: severe (174): SIGSEGV, segmentation fault occurred
Image              PC                Routine            Line        Source             
libpthread-2.17.s  00002B2FA2DD6630  Unknown               Unknown  Unknown
mainApp            000000000044D879  Unknown               Unknown  Unknown
mainApp            000000000044E850  Unknown               Unknown  Unknown
mainApp            000000000044D9F5  Unknown               Unknown  Unknown
libesmf.so         00002B2F9D85866C  f_esmf_compcollec         516  ESMF_Comp_C.F90
libesmf.so         00002B2F9D3A71D2  finalize                 3515  ESMCI_VM.C
libesmf.so         00002B2F9D3D1F67  c_esmc_vmfinalize        1241  ESMCI_VM_F.C
libesmf.so         00002B2F9E3BD78B  c_esmc_vmfinalize           0  ESMF_VM.F90
libesmf.so         00002B2F9E3B5AA2  esmf_vmfinalize          9469  ESMF_VM.F90
libesmf.so         00002B2F9DFEDE5E  esmf_finalize            1693  ESMF_Init.F90
mainApp            00000000004165E9  mainapp                   102  mainApp.F90
mainApp            0000000000415BDD  Unknown               Unknown  Unknown
libc-2.17.so       00002B2FA4129555  __libc_start_main     Unknown  Unknown
mainApp            0000000000415B0B  Unknown               Unknown  Unknown
srun: error: h25c41: tasks 0-3: Exited with exit code 174
srun: launch/slurm: _step_signal: Terminating StepId=50753866.383
