2023-10-18 07:41:55
 NUOPC_DriverPrint for PET:           0
   Model, Mediator, and Driver components, in the order
   that they were added to the Driver:
           1 :  advectDiff_Parent
           2 :  advectDiff_Gen1Nestling0
           3 :  advectDiff_Gen1Nestling1
           4 :  advectDiff_Gen2Nestling0
   Connector components, in the order
   that they were added to the Driver:
           1 :  advectDiff_Parent-TO-advectDiff_Gen1Nestling0
           2 :  advectDiff_Parent-TO-advectDiff_Gen1Nestling1
           3 :  advectDiff_Gen1Nestling0-TO-advectDiff_Gen2Nestling0
NUOPC_RunSequenceArrayPrint: element     1 out of      2
runSeq::
 runElementPrint:      1     2     1 F T
 runElementPrint:      1     3     1 F T
 runElementPrint:      1    -1     1 F T
 runElementPrint:     -2     0     0 F T
 runElementPrint:      3    -1     1 F T
 runElementPrint:     -1    -1     0 F F
::
NUOPC_RunSequenceArrayPrint: element     2 out of      2
runSeq::
 runElementPrint:      2     4     1 F T
 runElementPrint:      2    -1     1 F T
 runElementPrint:      4    -1     1 F T
 runElementPrint:     -2    -1     0 F F
::
 NUOPC_DriverPrint for PET:           1
   Model, Mediator, and Driver components, in the order
   that they were added to the Driver:
           1 :  advectDiff_Parent
           2 :  advectDiff_Gen1Nestling0
           3 :  advectDiff_Gen1Nestling1
           4 :  advectDiff_Gen2Nestling0
   Connector components, in the order
   that they were added to the Driver:
           1 :  advectDiff_Parent-TO-advectDiff_Gen1Nestling0
           2 :  advectDiff_Parent-TO-advectDiff_Gen1Nestling1
           3 :  advectDiff_Gen1Nestling0-TO-advectDiff_Gen2Nestling0
NUOPC_RunSequenceArrayPrint: element     1 out of      2
runSeq::
 runElementPrint:      1     2     1 F T
 runElementPrint:      1     3     1 F T
 runElementPrint:      1    -1     1 F T
 runElementPrint:     -2     0     0 F T
 runElementPrint:      3    -1     1 F T
 runElementPrint:     -1    -1     0 F F
::
NUOPC_RunSequenceArrayPrint: element     2 out of      2
runSeq::
 runElementPrint:      2     4     1 F T
 runElementPrint:      2    -1     1 F T
 runElementPrint:      4    -1     1 F T
 runElementPrint:     -2    -1     0 F F
::
 NUOPC_DriverPrint for PET:           2
   Model, Mediator, and Driver components, in the order
   that they were added to the Driver:
           1 :  advectDiff_Parent
           2 :  advectDiff_Gen1Nestling0
           3 :  advectDiff_Gen1Nestling1
           4 :  advectDiff_Gen2Nestling0
   Connector components, in the order
   that they were added to the Driver:
           1 :  advectDiff_Parent-TO-advectDiff_Gen1Nestling0
           2 :  advectDiff_Parent-TO-advectDiff_Gen1Nestling1
           3 :  advectDiff_Gen1Nestling0-TO-advectDiff_Gen2Nestling0
NUOPC_RunSequenceArrayPrint: element     1 out of      2
runSeq::
 runElementPrint:      1     2     1 F T
 runElementPrint:      1     3     1 F T
 runElementPrint:      1    -1     1 F T
 runElementPrint:     -2     0     0 F T
 runElementPrint:      3    -1     1 F T
 runElementPrint:     -1    -1     0 F F
::
NUOPC_RunSequenceArrayPrint: element     2 out of      2
runSeq::
 runElementPrint:      2     4     1 F T
 runElementPrint:      2    -1     1 F T
 runElementPrint:      4    -1     1 F T
 runElementPrint:     -2    -1     0 F F
::
 NUOPC_DriverPrint for PET:           3
   Model, Mediator, and Driver components, in the order
   that they were added to the Driver:
           1 :  advectDiff_Parent
           2 :  advectDiff_Gen1Nestling0
           3 :  advectDiff_Gen1Nestling1
           4 :  advectDiff_Gen2Nestling0
   Connector components, in the order
   that they were added to the Driver:
           1 :  advectDiff_Parent-TO-advectDiff_Gen1Nestling0
           2 :  advectDiff_Parent-TO-advectDiff_Gen1Nestling1
           3 :  advectDiff_Gen1Nestling0-TO-advectDiff_Gen2Nestling0
NUOPC_RunSequenceArrayPrint: element     1 out of      2
runSeq::
 runElementPrint:      1     2     1 F T
 runElementPrint:      1     3     1 F T
 runElementPrint:      1    -1     1 F T
 runElementPrint:     -2     0     0 F T
 runElementPrint:      3    -1     1 F T
 runElementPrint:     -1    -1     0 F F
::
NUOPC_RunSequenceArrayPrint: element     2 out of      2
runSeq::
 runElementPrint:      2     4     1 F T
 runElementPrint:      2    -1     1 F T
 runElementPrint:      4    -1     1 F T
 runElementPrint:     -2    -1     0 F F
::
[h25c41:197076:0:197076] Caught signal 11 (Segmentation fault: address not mapped to object at address 0x7ffeec235000)
[h25c41:197073:0:197073] Caught signal 11 (Segmentation fault: address not mapped to object at address 0x7ffeaecec008)
[h25c41:197074:0:197074] Caught signal 11 (Segmentation fault: address not mapped to object at address 0x7fff47f82000)
[h25c41:197075:0:197075] Caught signal 11 (Segmentation fault: address not mapped to object at address 0x7ffe57c16008)
==== backtrace (tid: 197076) ====
 0 0x000000000004d455 ucs_debug_print_backtrace()  ???:0
 1 0x0000000000458a67 do_deallocate_all()  for_alloc_copy.c:0
 2 0x0000000000459a50 process_allocation_records_deallocate()  for_alloc_copy.c:0
 3 0x0000000000458bf5 do_deallocate_all()  for_alloc_copy.c:0
 4 0x0000000001b9d66c f_esmf_compcollectgarbage2_()  ???:0
 5 0x00000000016ec1d2 ESMCI::VM::finalize()  /scratch2/NCEPDEV/stmp1/Gerhard.Theurich/ESMF-Nightly-Testing/intel_2023.1.0-oneAPI_intelmpi_g_feature_devList/esmf/src/Infrastructure/VM/src/ESMCI_VM.C:3515
 6 0x0000000001716f67 c_esmc_vmfinalize_()  /scratch2/NCEPDEV/stmp1/Gerhard.Theurich/ESMF-Nightly-Testing/intel_2023.1.0-oneAPI_intelmpi_g_feature_devList/esmf/src/Infrastructure/VM/interface/ESMCI_VM_F.C:1241
 7 0x000000000270278b c_esmc_vmfinalize_.t33799p.t33801p()  ifxOEh7IO.i90:0
 8 0x00000000026faaa2 esmf_vmmod_mp_esmf_vmfinalize_()  ???:0
 9 0x0000000002332e5e esmf_initmod_mp_esmf_finalize_()  ???:0
10 0x0000000000417159 MAIN__()  ???:0
11 0x000000000041669d main()  ???:0
12 0x0000000000022555 __libc_start_main()  ???:0
13 0x00000000004165cb _start()  ???:0
=================================
==== backtrace (tid: 197074) ====
 0 0x000000000004d455 ucs_debug_print_backtrace()  ???:0
 1 0x0000000000458a67 do_deallocate_all()  for_alloc_copy.c:0
 2 0x0000000000459a50 process_allocation_records_deallocate()  for_alloc_copy.c:0
 3 0x0000000000458bf5 do_deallocate_all()  for_alloc_copy.c:0
 4 0x0000000001b9d66c f_esmf_compcollectgarbage2_()  ???:0
 5 0x00000000016ec1d2 ESMCI::VM::finalize()  /scratch2/NCEPDEV/stmp1/Gerhard.Theurich/ESMF-Nightly-Testing/intel_2023.1.0-oneAPI_intelmpi_g_feature_devList/esmf/src/Infrastructure/VM/src/ESMCI_VM.C:3515
 6 0x0000000001716f67 c_esmc_vmfinalize_()  /scratch2/NCEPDEV/stmp1/Gerhard.Theurich/ESMF-Nightly-Testing/intel_2023.1.0-oneAPI_intelmpi_g_feature_devList/esmf/src/Infrastructure/VM/interface/ESMCI_VM_F.C:1241
 7 0x000000000270278b c_esmc_vmfinalize_.t33799p.t33801p()  ifxOEh7IO.i90:0
 8 0x00000000026faaa2 esmf_vmmod_mp_esmf_vmfinalize_()  ???:0
 9 0x0000000002332e5e esmf_initmod_mp_esmf_finalize_()  ???:0
10 0x0000000000417159 MAIN__()  ???:0
11 0x000000000041669d main()  ???:0
12 0x0000000000022555 __libc_start_main()  ???:0
13 0x00000000004165cb _start()  ???:0
=================================
forrtl: severe (174): SIGSEGV, segmentation fault occurred
Image              PC                Routine            Line        Source             
libpthread-2.17.s  00002B3E8B10B630  Unknown               Unknown  Unknown
mainApp            0000000000458A67  Unknown               Unknown  Unknown
mainApp            0000000000459A50  Unknown               Unknown  Unknown
mainApp            0000000000458BF5  Unknown               Unknown  Unknown
libesmf.so         00002B3E85B8D66C  f_esmf_compcollec         516  ESMF_Comp_C.F90
libesmf.so         00002B3E856DC1D2  finalize                 3515  ESMCI_VM.C
libesmf.so         00002B3E85706F67  c_esmc_vmfinalize        1241  ESMCI_VM_F.C
libesmf.so         00002B3E866F278B  c_esmc_vmfinalize           0  ESMF_VM.F90
libesmf.so         00002B3E866EAAA2  esmf_vmfinalize          9469  ESMF_VM.F90
libesmf.so         00002B3E86322E5E  esmf_finalize            1693  ESMF_Init.F90
mainApp            0000000000417159  mainapp                   112  mainApp.F90
mainApp            000000000041669D  Unknown               Unknown  Unknown
libc-2.17.so       00002B3E8C45E555  __libc_start_main     Unknown  Unknown
mainApp            00000000004165CB  Unknown               Unknown  Unknown
forrtl: severe (174): SIGSEGV, segmentation fault occurred
Image              PC                Routine            Line        Source             
libpthread-2.17.s  00002B89C127B630  Unknown               Unknown  Unknown
mainApp            0000000000458A67  Unknown               Unknown  Unknown
mainApp            0000000000459A50  Unknown               Unknown  Unknown
mainApp            0000000000458BF5  Unknown               Unknown  Unknown
libesmf.so         00002B89BBCFD66C  f_esmf_compcollec         516  ESMF_Comp_C.F90
libesmf.so         00002B89BB84C1D2  finalize                 3515  ESMCI_VM.C
libesmf.so         00002B89BB876F67  c_esmc_vmfinalize        1241  ESMCI_VM_F.C
libesmf.so         00002B89BC86278B  c_esmc_vmfinalize           0  ESMF_VM.F90
libesmf.so         00002B89BC85AAA2  esmf_vmfinalize          9469  ESMF_VM.F90
libesmf.so         00002B89BC492E5E  esmf_finalize            1693  ESMF_Init.F90
mainApp            0000000000417159  mainapp                   112  mainApp.F90
mainApp            000000000041669D  Unknown               Unknown  Unknown
libc-2.17.so       00002B89C25CE555  __libc_start_main     Unknown  Unknown
mainApp            00000000004165CB  Unknown               Unknown  Unknown
==== backtrace (tid: 197075) ====
 0 0x000000000004d455 ucs_debug_print_backtrace()  ???:0
 1 0x0000000000458ab0 do_deallocate_all()  for_alloc_copy.c:0
 2 0x0000000000459a50 process_allocation_records_deallocate()  for_alloc_copy.c:0
 3 0x0000000000458bf5 do_deallocate_all()  for_alloc_copy.c:0
 4 0x0000000001b9d66c f_esmf_compcollectgarbage2_()  ???:0
 5 0x00000000016ec1d2 ESMCI::VM::finalize()  /scratch2/NCEPDEV/stmp1/Gerhard.Theurich/ESMF-Nightly-Testing/intel_2023.1.0-oneAPI_intelmpi_g_feature_devList/esmf/src/Infrastructure/VM/src/ESMCI_VM.C:3515
 6 0x0000000001716f67 c_esmc_vmfinalize_()  /scratch2/NCEPDEV/stmp1/Gerhard.Theurich/ESMF-Nightly-Testing/intel_2023.1.0-oneAPI_intelmpi_g_feature_devList/esmf/src/Infrastructure/VM/interface/ESMCI_VM_F.C:1241
 7 0x000000000270278b c_esmc_vmfinalize_.t33799p.t33801p()  ifxOEh7IO.i90:0
 8 0x00000000026faaa2 esmf_vmmod_mp_esmf_vmfinalize_()  ???:0
 9 0x0000000002332e5e esmf_initmod_mp_esmf_finalize_()  ???:0
10 0x0000000000417159 MAIN__()  ???:0
11 0x000000000041669d main()  ???:0
12 0x0000000000022555 __libc_start_main()  ???:0
13 0x00000000004165cb _start()  ???:0
=================================
==== backtrace (tid: 197073) ====
 0 0x000000000004d455 ucs_debug_print_backtrace()  ???:0
 1 0x0000000000458a91 do_deallocate_all()  for_alloc_copy.c:0
 2 0x0000000000459a50 process_allocation_records_deallocate()  for_alloc_copy.c:0
 3 0x0000000000458bf5 do_deallocate_all()  for_alloc_copy.c:0
 4 0x0000000001b9d66c f_esmf_compcollectgarbage2_()  ???:0
 5 0x00000000016ec1d2 ESMCI::VM::finalize()  /scratch2/NCEPDEV/stmp1/Gerhard.Theurich/ESMF-Nightly-Testing/intel_2023.1.0-oneAPI_intelmpi_g_feature_devList/esmf/src/Infrastructure/VM/src/ESMCI_VM.C:3515
 6 0x0000000001716f67 c_esmc_vmfinalize_()  /scratch2/NCEPDEV/stmp1/Gerhard.Theurich/ESMF-Nightly-Testing/intel_2023.1.0-oneAPI_intelmpi_g_feature_devList/esmf/src/Infrastructure/VM/interface/ESMCI_VM_F.C:1241
 7 0x000000000270278b c_esmc_vmfinalize_.t33799p.t33801p()  ifxOEh7IO.i90:0
 8 0x00000000026faaa2 esmf_vmmod_mp_esmf_vmfinalize_()  ???:0
 9 0x0000000002332e5e esmf_initmod_mp_esmf_finalize_()  ???:0
10 0x0000000000417159 MAIN__()  ???:0
11 0x000000000041669d main()  ???:0
12 0x0000000000022555 __libc_start_main()  ???:0
13 0x00000000004165cb _start()  ???:0
=================================
forrtl: severe (174): SIGSEGV, segmentation fault occurred
Image              PC                Routine            Line        Source             
libpthread-2.17.s  00002BA5D0D32630  Unknown               Unknown  Unknown
mainApp            0000000000458AB0  Unknown               Unknown  Unknown
mainApp            0000000000459A50  Unknown               Unknown  Unknown
mainApp            0000000000458BF5  Unknown               Unknown  Unknown
libesmf.so         00002BA5CB7B466C  f_esmf_compcollec         516  ESMF_Comp_C.F90
libesmf.so         00002BA5CB3031D2  finalize                 3515  ESMCI_VM.C
libesmf.so         00002BA5CB32DF67  c_esmc_vmfinalize        1241  ESMCI_VM_F.C
libesmf.so         00002BA5CC31978B  c_esmc_vmfinalize           0  ESMF_VM.F90
libesmf.so         00002BA5CC311AA2  esmf_vmfinalize          9469  ESMF_VM.F90
libesmf.so         00002BA5CBF49E5E  esmf_finalize            1693  ESMF_Init.F90
mainApp            0000000000417159  mainapp                   112  mainApp.F90
mainApp            000000000041669D  Unknown               Unknown  Unknown
libc-2.17.so       00002BA5D2085555  __libc_start_main     Unknown  Unknown
mainApp            00000000004165CB  Unknown               Unknown  Unknown
forrtl: severe (174): SIGSEGV, segmentation fault occurred
Image              PC                Routine            Line        Source             
libpthread-2.17.s  00002B2B0B1BE630  Unknown               Unknown  Unknown
mainApp            0000000000458A91  Unknown               Unknown  Unknown
mainApp            0000000000459A50  Unknown               Unknown  Unknown
mainApp            0000000000458BF5  Unknown               Unknown  Unknown
libesmf.so         00002B2B05C4066C  f_esmf_compcollec         516  ESMF_Comp_C.F90
libesmf.so         00002B2B0578F1D2  finalize                 3515  ESMCI_VM.C
libesmf.so         00002B2B057B9F67  c_esmc_vmfinalize        1241  ESMCI_VM_F.C
libesmf.so         00002B2B067A578B  c_esmc_vmfinalize           0  ESMF_VM.F90
libesmf.so         00002B2B0679DAA2  esmf_vmfinalize          9469  ESMF_VM.F90
libesmf.so         00002B2B063D5E5E  esmf_finalize            1693  ESMF_Init.F90
mainApp            0000000000417159  mainapp                   112  mainApp.F90
mainApp            000000000041669D  Unknown               Unknown  Unknown
libc-2.17.so       00002B2B0C511555  __libc_start_main     Unknown  Unknown
mainApp            00000000004165CB  Unknown               Unknown  Unknown
srun: error: h25c41: tasks 0-3: Exited with exit code 174
srun: launch/slurm: _step_signal: Terminating StepId=50753866.386
