2023-10-18 07:41:55
[h25c41:197319:0:197319] Caught signal 11 (Segmentation fault: address not mapped to object at address 0x7fff3d33b000)
[h25c41:197321:0:197321] Caught signal 11 (Segmentation fault: address not mapped to object at address 0x7ffe5594f008)
[h25c41:197322:0:197322] Caught signal 11 (Segmentation fault: address not mapped to object at address 0x7ffde87ed010)
[h25c41:197320:0:197320] Caught signal 11 (Segmentation fault: address not mapped to object at address 0x7ffd4ea66000)
==== backtrace (tid: 197322) ====
 0 0x000000000004d455 ucs_debug_print_backtrace()  ???:0
 1 0x000000000044a510 do_deallocate_all()  for_alloc_copy.c:0
 2 0x000000000044b510 process_allocation_records_deallocate()  for_alloc_copy.c:0
 3 0x000000000044a6b5 do_deallocate_all()  for_alloc_copy.c:0
 4 0x0000000001b9d66c f_esmf_compcollectgarbage2_()  ???:0
 5 0x00000000016ec1d2 ESMCI::VM::finalize()  /scratch2/NCEPDEV/stmp1/Gerhard.Theurich/ESMF-Nightly-Testing/intel_2023.1.0-oneAPI_intelmpi_g_feature_devList/esmf/src/Infrastructure/VM/src/ESMCI_VM.C:3515
 6 0x0000000001716f67 c_esmc_vmfinalize_()  /scratch2/NCEPDEV/stmp1/Gerhard.Theurich/ESMF-Nightly-Testing/intel_2023.1.0-oneAPI_intelmpi_g_feature_devList/esmf/src/Infrastructure/VM/interface/ESMCI_VM_F.C:1241
 7 0x000000000270278b c_esmc_vmfinalize_.t33799p.t33801p()  ifxOEh7IO.i90:0
 8 0x00000000026faaa2 esmf_vmmod_mp_esmf_vmfinalize_()  ???:0
 9 0x0000000002332e5e esmf_initmod_mp_esmf_finalize_()  ???:0
10 0x00000000004162e9 MAIN__()  ???:0
11 0x00000000004158dd main()  ???:0
12 0x0000000000022555 __libc_start_main()  ???:0
13 0x000000000041580b _start()  ???:0
=================================
==== backtrace (tid: 197320) ====
 0 0x000000000004d455 ucs_debug_print_backtrace()  ???:0
 1 0x000000000044a543 do_deallocate_all()  for_alloc_copy.c:0
 2 0x000000000044b510 process_allocation_records_deallocate()  for_alloc_copy.c:0
 3 0x000000000044a6b5 do_deallocate_all()  for_alloc_copy.c:0
 4 0x0000000001b9d66c f_esmf_compcollectgarbage2_()  ???:0
 5 0x00000000016ec1d2 ESMCI::VM::finalize()  /scratch2/NCEPDEV/stmp1/Gerhard.Theurich/ESMF-Nightly-Testing/intel_2023.1.0-oneAPI_intelmpi_g_feature_devList/esmf/src/Infrastructure/VM/src/ESMCI_VM.C:3515
 6 0x0000000001716f67 c_esmc_vmfinalize_()  /scratch2/NCEPDEV/stmp1/Gerhard.Theurich/ESMF-Nightly-Testing/intel_2023.1.0-oneAPI_intelmpi_g_feature_devList/esmf/src/Infrastructure/VM/interface/ESMCI_VM_F.C:1241
 7 0x000000000270278b c_esmc_vmfinalize_.t33799p.t33801p()  ifxOEh7IO.i90:0
 8 0x00000000026faaa2 esmf_vmmod_mp_esmf_vmfinalize_()  ???:0
 9 0x0000000002332e5e esmf_initmod_mp_esmf_finalize_()  ???:0
10 0x00000000004162e9 MAIN__()  ???:0
11 0x00000000004158dd main()  ???:0
12 0x0000000000022555 __libc_start_main()  ???:0
13 0x000000000041580b _start()  ???:0
=================================
forrtl: severe (174): SIGSEGV, segmentation fault occurred
Image              PC                Routine            Line        Source             
libpthread-2.17.s  00002AFDAF0FB630  Unknown               Unknown  Unknown
mainApp            000000000044A510  Unknown               Unknown  Unknown
mainApp            000000000044B510  Unknown               Unknown  Unknown
mainApp            000000000044A6B5  Unknown               Unknown  Unknown
libesmf.so         00002AFDA9B7D66C  f_esmf_compcollec         516  ESMF_Comp_C.F90
libesmf.so         00002AFDA96CC1D2  finalize                 3515  ESMCI_VM.C
libesmf.so         00002AFDA96F6F67  c_esmc_vmfinalize        1241  ESMCI_VM_F.C
libesmf.so         00002AFDAA6E278B  c_esmc_vmfinalize           0  ESMF_VM.F90
libesmf.so         00002AFDAA6DAAA2  esmf_vmfinalize          9469  ESMF_VM.F90
libesmf.so         00002AFDAA312E5E  esmf_finalize            1693  ESMF_Init.F90
mainApp            00000000004162E9  mainapp                   102  mainApp.F90
mainApp            00000000004158DD  Unknown               Unknown  Unknown
libc-2.17.so       00002AFDB044E555  __libc_start_main     Unknown  Unknown
mainApp            000000000041580B  Unknown               Unknown  Unknown
forrtl: severe (174): SIGSEGV, segmentation fault occurred
Image              PC                Routine            Line        Source             
libpthread-2.17.s  00002B2511653630  Unknown               Unknown  Unknown
mainApp            000000000044A543  Unknown               Unknown  Unknown
mainApp            000000000044B510  Unknown               Unknown  Unknown
mainApp            000000000044A6B5  Unknown               Unknown  Unknown
libesmf.so         00002B250C0D566C  f_esmf_compcollec         516  ESMF_Comp_C.F90
libesmf.so         00002B250BC241D2  finalize                 3515  ESMCI_VM.C
libesmf.so         00002B250BC4EF67  c_esmc_vmfinalize        1241  ESMCI_VM_F.C
libesmf.so         00002B250CC3A78B  c_esmc_vmfinalize           0  ESMF_VM.F90
libesmf.so         00002B250CC32AA2  esmf_vmfinalize          9469  ESMF_VM.F90
libesmf.so         00002B250C86AE5E  esmf_finalize            1693  ESMF_Init.F90
mainApp            00000000004162E9  mainapp                   102  mainApp.F90
mainApp            00000000004158DD  Unknown               Unknown  Unknown
libc-2.17.so       00002B25129A6555  __libc_start_main     Unknown  Unknown
mainApp            000000000041580B  Unknown               Unknown  Unknown
==== backtrace (tid: 197319) ====
 0 0x000000000004d455 ucs_debug_print_backtrace()  ???:0
 1 0x000000000044a527 do_deallocate_all()  for_alloc_copy.c:0
 2 0x000000000044b510 process_allocation_records_deallocate()  for_alloc_copy.c:0
 3 0x000000000044a6b5 do_deallocate_all()  for_alloc_copy.c:0
 4 0x0000000001b9d66c f_esmf_compcollectgarbage2_()  ???:0
 5 0x00000000016ec1d2 ESMCI::VM::finalize()  /scratch2/NCEPDEV/stmp1/Gerhard.Theurich/ESMF-Nightly-Testing/intel_2023.1.0-oneAPI_intelmpi_g_feature_devList/esmf/src/Infrastructure/VM/src/ESMCI_VM.C:3515
 6 0x0000000001716f67 c_esmc_vmfinalize_()  /scratch2/NCEPDEV/stmp1/Gerhard.Theurich/ESMF-Nightly-Testing/intel_2023.1.0-oneAPI_intelmpi_g_feature_devList/esmf/src/Infrastructure/VM/interface/ESMCI_VM_F.C:1241
 7 0x000000000270278b c_esmc_vmfinalize_.t33799p.t33801p()  ifxOEh7IO.i90:0
 8 0x00000000026faaa2 esmf_vmmod_mp_esmf_vmfinalize_()  ???:0
 9 0x0000000002332e5e esmf_initmod_mp_esmf_finalize_()  ???:0
10 0x00000000004162e9 MAIN__()  ???:0
11 0x00000000004158dd main()  ???:0
12 0x0000000000022555 __libc_start_main()  ???:0
13 0x000000000041580b _start()  ???:0
=================================
==== backtrace (tid: 197321) ====
 0 0x000000000004d455 ucs_debug_print_backtrace()  ???:0
 1 0x000000000044a551 do_deallocate_all()  for_alloc_copy.c:0
 2 0x000000000044b510 process_allocation_records_deallocate()  for_alloc_copy.c:0
 3 0x000000000044a6b5 do_deallocate_all()  for_alloc_copy.c:0
 4 0x0000000001b9d66c f_esmf_compcollectgarbage2_()  ???:0
 5 0x00000000016ec1d2 ESMCI::VM::finalize()  /scratch2/NCEPDEV/stmp1/Gerhard.Theurich/ESMF-Nightly-Testing/intel_2023.1.0-oneAPI_intelmpi_g_feature_devList/esmf/src/Infrastructure/VM/src/ESMCI_VM.C:3515
 6 0x0000000001716f67 c_esmc_vmfinalize_()  /scratch2/NCEPDEV/stmp1/Gerhard.Theurich/ESMF-Nightly-Testing/intel_2023.1.0-oneAPI_intelmpi_g_feature_devList/esmf/src/Infrastructure/VM/interface/ESMCI_VM_F.C:1241
 7 0x000000000270278b c_esmc_vmfinalize_.t33799p.t33801p()  ifxOEh7IO.i90:0
 8 0x00000000026faaa2 esmf_vmmod_mp_esmf_vmfinalize_()  ???:0
 9 0x0000000002332e5e esmf_initmod_mp_esmf_finalize_()  ???:0
10 0x00000000004162e9 MAIN__()  ???:0
11 0x00000000004158dd main()  ???:0
12 0x0000000000022555 __libc_start_main()  ???:0
13 0x000000000041580b _start()  ???:0
=================================
forrtl: severe (174): SIGSEGV, segmentation fault occurred
Image              PC                Routine            Line        Source             
libpthread-2.17.s  00002B269D173630  Unknown               Unknown  Unknown
mainApp            000000000044A527  Unknown               Unknown  Unknown
mainApp            000000000044B510  Unknown               Unknown  Unknown
mainApp            000000000044A6B5  Unknown               Unknown  Unknown
libesmf.so         00002B2697BF566C  f_esmf_compcollec         516  ESMF_Comp_C.F90
libesmf.so         00002B26977441D2  finalize                 3515  ESMCI_VM.C
libesmf.so         00002B269776EF67  c_esmc_vmfinalize        1241  ESMCI_VM_F.C
libesmf.so         00002B269875A78B  c_esmc_vmfinalize           0  ESMF_VM.F90
libesmf.so         00002B2698752AA2  esmf_vmfinalize          9469  ESMF_VM.F90
libesmf.so         00002B269838AE5E  esmf_finalize            1693  ESMF_Init.F90
mainApp            00000000004162E9  mainapp                   102  mainApp.F90
mainApp            00000000004158DD  Unknown               Unknown  Unknown
libc-2.17.so       00002B269E4C6555  __libc_start_main     Unknown  Unknown
mainApp            000000000041580B  Unknown               Unknown  Unknown
forrtl: severe (174): SIGSEGV, segmentation fault occurred
Image              PC                Routine            Line        Source             
libpthread-2.17.s  00002B7DA0147630  Unknown               Unknown  Unknown
mainApp            000000000044A551  Unknown               Unknown  Unknown
mainApp            000000000044B510  Unknown               Unknown  Unknown
mainApp            000000000044A6B5  Unknown               Unknown  Unknown
libesmf.so         00002B7D9ABC966C  f_esmf_compcollec         516  ESMF_Comp_C.F90
libesmf.so         00002B7D9A7181D2  finalize                 3515  ESMCI_VM.C
libesmf.so         00002B7D9A742F67  c_esmc_vmfinalize        1241  ESMCI_VM_F.C
libesmf.so         00002B7D9B72E78B  c_esmc_vmfinalize           0  ESMF_VM.F90
libesmf.so         00002B7D9B726AA2  esmf_vmfinalize          9469  ESMF_VM.F90
libesmf.so         00002B7D9B35EE5E  esmf_finalize            1693  ESMF_Init.F90
mainApp            00000000004162E9  mainapp                   102  mainApp.F90
mainApp            00000000004158DD  Unknown               Unknown  Unknown
libc-2.17.so       00002B7DA149A555  __libc_start_main     Unknown  Unknown
mainApp            000000000041580B  Unknown               Unknown  Unknown
srun: error: h25c41: tasks 0-3: Exited with exit code 174
srun: launch/slurm: _step_signal: Terminating StepId=50753866.387
