2023-10-31 09:07:07
20231031 093447.916 INFO             PET0 !!!!!!!!!!!!!!!!!!!!!!!!!!!!!!!!!!!!!!!!!!!!!!!!!!!!!!
20231031 093447.916 INFO             PET0 !!! THE ESMF_LOG IS SET TO OUTPUT ALL LOG MESSAGES !!!
20231031 093447.916 INFO             PET0 !!!     THIS MAY CAUSE SLOWDOWN IN PERFORMANCE     !!!
20231031 093447.916 INFO             PET0 !!! FOR PRODUCTION RUNS, USE:                      !!!
20231031 093447.916 INFO             PET0 !!!                   ESMF_LOGKIND_Multi_On_Error  !!!
20231031 093447.916 INFO             PET0 !!!!!!!!!!!!!!!!!!!!!!!!!!!!!!!!!!!!!!!!!!!!!!!!!!!!!!
20231031 093447.916 INFO             PET0 Running with ESMF Version   : v8.6.0b13
20231031 093447.916 INFO             PET0 ESMF library build date/time: "Oct 31 2023" "09:05:57"
20231031 093447.916 INFO             PET0 ESMF library build location : /home/gerhard/ESMF-Nightly-Testing/gfortran_11.2.0_mpich_O_release_8.6.0/esmf
20231031 093447.916 INFO             PET0 ESMF_COMM                   : mpich
20231031 093447.916 INFO             PET0 ESMF_MOAB                   : enabled
20231031 093447.916 INFO             PET0 ESMF_LAPACK                 : enabled
20231031 093447.916 INFO             PET0 ESMF_NETCDF                 : enabled
20231031 093447.916 INFO             PET0 ESMF_PNETCDF                : disabled
20231031 093447.916 INFO             PET0 ESMF_PIO                    : enabled
20231031 093447.916 INFO             PET0 ESMF_YAMLCPP                : enabled
20231031 093447.916 INFO             PET0 mainApp STARTING
20231031 093447.918 INFO             PET0 driver: InitializeGeneric intro.
20231031 093447.918 INFO             PET0   driver: InitializeP0 intro.
20231031 093447.918 INFO             PET0   driver: InitializeP0 extro.
20231031 093447.918 INFO             PET0   driver: InitializeIPDv02p1 intro.
20231031 093447.918 INFO             PET0     >>>driver: entered Initialize (phase=<none>) without valid internal Clock.
20231031 093447.918 INFO             PET0     driver - Creating model component MODEL without petList.
20231031 093447.919 INFO             PET0      GridCompIsPetLocal:  T
20231031 093447.919 INFO             PET0      VmIsCreated:  T
20231031 093447.919 INFO             PET0      valid MPI_COMM with size=           4
20231031 093447.919 INFO             PET0     driver - Creating state: modelComp 1 Import State
20231031 093447.919 INFO             PET0     driver - Creating state: modelComp 1 Export State
20231031 093447.920 INFO             PET0     MODEL: InitializeP0 intro.
20231031 093447.920 INFO             PET0       >>>MODEL: entered Initialize (phase=<none>) without valid internal Clock.
20231031 093447.920 INFO             PET0       <<<MODEL: leaving Initialize (phase=<none>) without valid internal Clock.
20231031 093447.920 INFO             PET0     MODEL: InitializeP0 extro.
20231031 093447.921 INFO             PET0     driver: IInitAdvertise intro.
20231031 093447.921 INFO             PET0     driver: IInitAdvertise extro.
20231031 093447.921 INFO             PET0     MODEL: InitializeIPDvXp01 intro.
20231031 093447.921 INFO             PET0       >>>MODEL: entered Initialize (phase=IPDvXp01) without valid internal Clock.
20231031 093447.922 INFO             PET0       <<<MODEL: leaving Initialize (phase=IPDvXp01) without valid internal Clock.
20231031 093447.922 INFO             PET0     MODEL: InitializeIPDvXp01 extro.
20231031 093447.922 INFO             PET0     driver: IInitAdvertiseFinish intro.
20231031 093447.922 INFO             PET0     driver: IInitAdvertiseFinish extro.
20231031 093447.922 INFO             PET0     driver: IInitModifyCplLists intro.
20231031 093447.922 INFO             PET0     driver: IInitModifyCplLists extro.
20231031 093447.922 INFO             PET0     <<<driver: leaving Initialize (phase=<none>) with current time:    0  1  1  0  0  0   0
20231031 093447.922 INFO             PET0   driver: InitializeIPDv02p1 extro.
20231031 093447.922 INFO             PET0   driver: InitializeIPDv02p3 intro.
20231031 093447.922 INFO             PET0     >>>driver: entered Initialize (phase=<none>) with current time:    0  1  1  0  0  0   0
20231031 093447.922 INFO             PET0     driver: IInitCheck intro.
20231031 093447.922 INFO             PET0     driver: IInitCheck extro.
20231031 093447.923 INFO             PET0     MODEL: InitializeIPDvXp04 intro.
20231031 093447.923 INFO             PET0       >>>MODEL: entered Initialize (phase=IPDvXp04) without valid internal Clock.
20231031 093447.924 INFO             PET0       After Realize: - MemInfo: [/proc/meminfo - SSI]	MemTotal:        7836652 kB
20231031 093447.924 INFO             PET0       After Realize: - MemInfo: [/proc/meminfo - SSI]	MemFree:         1729336 kB
20231031 093447.924 INFO             PET0       After Realize: - MemInfo: [/proc/meminfo - SSI]	MemAvailable:    2897116 kB
20231031 093447.924 INFO             PET0       After Realize: - MemInfo: [/proc/meminfo - SSI]	Committed_AS:   18956908 kB
20231031 093447.924 INFO             PET0       After Realize: - MemInfo: [/proc/meminfo - SSI]	CommittedPercent: 241.901 %
20231031 093447.924 INFO             PET0       After Realize: - MemInfo: [/proc/self/status]	VmPeak:	  111620 kB
20231031 093447.924 INFO             PET0       After Realize: - MemInfo: [/proc/self/status]	VmSize:	  111620 kB
20231031 093447.924 INFO             PET0       After Realize: - MemInfo: [/proc/self/status]	VmLck:	       0 kB
20231031 093447.924 INFO             PET0       After Realize: - MemInfo: [/proc/self/status]	VmPin:	       0 kB
20231031 093447.924 INFO             PET0       After Realize: - MemInfo: [/proc/self/status]	VmHWM:	   31260 kB
20231031 093447.924 INFO             PET0       After Realize: - MemInfo: [/proc/self/status]	VmRSS:	   31260 kB
20231031 093447.924 INFO             PET0       After Realize: - MemInfo: [/proc/self/status]	VmData:	   11312 kB
20231031 093447.924 INFO             PET0       After Realize: - MemInfo: [/proc/self/status]	VmStk:	     136 kB
20231031 093447.924 INFO             PET0       After Realize: - MemInfo: [/proc/self/status]	VmExe:	     168 kB
20231031 093447.924 INFO             PET0       After Realize: - MemInfo: [/proc/self/status]	VmLib:	   43476 kB
20231031 093447.924 INFO             PET0       After Realize: - MemInfo: [/proc/self/status]	VmPTE:	     236 kB
20231031 093447.924 INFO             PET0       After Realize: - MemInfo: [/proc/self/status]	VmSwap:	       0 kB
20231031 093447.924 INFO             PET0       After Realize: - MemInfo: [/proc/self/status]	VmRSSPercent: 0.398895 %
20231031 093447.924 INFO             PET0       After Realize: - MemInfo: [malloc] Non-mmapped space allocated:                 1085440 Byte
20231031 093447.924 INFO             PET0       After Realize: - MemInfo: [malloc] Space allocated in mmapped regions:          7053312 Byte
20231031 093447.924 INFO             PET0       After Realize: - MemInfo: [malloc] Maximum total allocated space:                     0 Byte
20231031 093447.924 INFO             PET0       After Realize: - MemInfo: [malloc] Space in freed fastbin blocks:                   768 Byte
20231031 093447.924 INFO             PET0       After Realize: - MemInfo: [malloc] Total allocated space:                        951296 Byte
20231031 093447.924 INFO             PET0       After Realize: - MemInfo: [malloc] Total free space:                             134144 Byte
20231031 093447.924 INFO             PET0       After Realize: - MemInfo: [malloc] Top-most, releasable space:                   133280 Byte
20231031 093447.924 INFO             PET0       After Realize: - MemInfo: [malloc] Total space in use, mmap + non-mmap:         8004608 Byte
20231031 093447.924 INFO             PET0       After Realize: - MemInfo: [malloc] Total space held (mmap + non-mmap):          8138752 Byte
20231031 093447.924 INFO             PET0       After Realize: - MemInfo: [malloc] Total space used (mmap + non-mmap):          8013520 Byte
20231031 093447.924 INFO             PET0       After Realize: - MemInfo: Wall-clock time since execution start:             0.00902241 seconds
20231031 093447.924 INFO             PET0       <<<MODEL: leaving Initialize (phase=IPDvXp04) without valid internal Clock.
20231031 093447.924 INFO             PET0     MODEL: InitializeIPDvXp04 extro.
20231031 093447.924 INFO             PET0     driver: IInitRealize intro.
20231031 093447.924 INFO             PET0     driver: IInitRealize extro.
20231031 093447.925 INFO             PET0     MODEL: InitializeIPDvXp07 intro.
20231031 093447.925 INFO             PET0       >>>MODEL: entered Initialize (phase=IPDvXp07) without valid internal Clock.
20231031 093447.925 INFO             PET0       <<<MODEL: leaving Initialize (phase=IPDvXp07) with current time:    0  1  1  0  0  0   0
20231031 093447.925 INFO             PET0     MODEL: InitializeIPDvXp07 extro.
20231031 093447.925 INFO             PET0     <<<driver: leaving Initialize (phase=<none>) with current time:    0  1  1  0  0  0   0
20231031 093447.925 INFO             PET0   driver: InitializeIPDv02p3 extro.
20231031 093447.925 INFO             PET0   driver: InitializeIPDv02p5 intro.
20231031 093447.925 INFO             PET0     >>>driver: entered Initialize (phase=<none>) with current time:    0  1  1  0  0  0   0
20231031 093447.925 INFO             PET0     driver: this is a top level driver, no 'Updated' and 'InitializeDataComplete' info on this level.
20231031 093447.925 INFO             PET0     driver: InitializeIPDv02p5Data intro.
20231031 093447.925 INFO             PET0       driver: InternalInitializeComplete intro.
20231031 093447.925 INFO             PET0         driver: InitializeDataComplete='true'
20231031 093447.925 INFO             PET0       driver: InternalInitializeComplete extro.
20231031 093447.925 INFO             PET0       MODEL: InitializeIPDvXp08 intro.
20231031 093447.925 INFO             PET0         >>>MODEL: entered Initialize (phase=IPDv05p8) with current time:    0  1  1  0  0  0   0
20231031 093447.925 INFO             PET0         MODEL: InitializeDataProgress='false', InitializeDataComplete='false'
20231031 093447.925 INFO             PET0         <<<MODEL: leaving Initialize (phase=IPDv05p8) with current time:    0  1  1  0  0  0   0
20231031 093447.925 INFO             PET0       MODEL: InitializeIPDvXp08 extro.
20231031 093447.926 INFO             PET0       driver: components present that trigger loopDataDependentInitialize().
20231031 093447.926 INFO             PET0       driver: loopDataDependentInitialize intro.
20231031 093447.926 INFO             PET0         driver: component    0=driver, dataComplete (local): true
20231031 093447.926 INFO             PET0         driver: component    0=driver, dataComplete (global): T
20231031 093447.926 INFO             PET0         driver: component    1=MODEL, dataComplete (local): false
20231031 093447.926 INFO             PET0         driver: component    1=MODEL, dataComplete (global): F
20231031 093447.926 INFO             PET0         MODEL: InitializeIPDvXp08 intro.
20231031 093447.926 INFO             PET0           >>>MODEL: entered Initialize (phase=IPDv05p8) with current time:    0  1  1  0  0  0   0
20231031 093447.926 INFO             PET0           MODEL: InitializeDataProgress='true', InitializeDataComplete='true'
20231031 093447.926 INFO             PET0           <<<MODEL: leaving Initialize (phase=IPDv05p8) with current time:    0  1  1  0  0  0   0
20231031 093447.926 INFO             PET0         MODEL: InitializeIPDvXp08 extro.
20231031 093447.926 INFO             PET0         driver: component    1=MODEL, someProgress (local): true
20231031 093447.926 INFO             PET0         driver: component    1=MODEL, someProgress (global): T
20231031 093447.926 INFO             PET0         driver: someProgress=T, allComplete=F, present(dataDepAllComplete)=T
20231031 093447.926 INFO             PET0         driver: component    0=driver, dataComplete (local): true
20231031 093447.926 INFO             PET0         driver: component    0=driver, dataComplete (global): T
20231031 093447.926 INFO             PET0         driver: component    1=MODEL, dataComplete (local): true
20231031 093447.926 INFO             PET0         driver: component    1=MODEL, dataComplete (global): T
20231031 093447.926 INFO             PET0         driver: someProgress=F, allComplete=T, present(dataDepAllComplete)=T
20231031 093447.926 INFO             PET0         driver: finished resolving initialize data dependencies on this level.
20231031 093447.926 INFO             PET0       driver: loopDataDependentInitialize extro.
20231031 093447.926 INFO             PET0       driver: loopDataDependentInitialize() returned with dataDepAllComplete: T
20231031 093447.926 INFO             PET0     driver: InitializeIPDv02p5Data extro.
20231031 093447.926 INFO             PET0     <<<driver: leaving Initialize (phase=<none>) with current time:    0  1  1  0  0  0   0
20231031 093447.926 INFO             PET0   driver: InitializeIPDv02p5 extro.
20231031 093447.926 INFO             PET0 driver: InitializeGeneric extro.
20231031 093447.926 INFO             PET0 driver: Run intro.
20231031 093447.926 INFO             PET0   >>>driver entered Run (phase=RunPhase1) with current time:    0  1  1  0  0  0   0
20231031 093447.926 INFO             PET0   driver: after lable_SetRunClock, current time:    0  1  1  0  0  0   0
20231031 093447.927 INFO             PET0   driver: begin -------> RunSequence.
20231031 093447.927 INFO             PET0     driver: RunSequence event loopLevel=   1  levelMember=   1  loopIteration=   1, current time:    0  1  1  0  0  0   0
20231031 093447.927 INFO             PET0     MODEL: Run intro.
20231031 093447.927 INFO             PET0       >>>MODEL: entered Run (phase=RunPhase1) with current time:    0  1  1  0  0  0   0
20231031 093447.927 INFO             PET0       MODEL: time step-loop starting, current time:    0  1  1  0  0  0   0
20231031 093447.942 INFO             PET0       thread_num=   2   currentSsiPe=   4   num_threads=   3   max_threads=   3   num_procs=   8
20231031 093447.942 INFO             PET0       thread_num=   1   currentSsiPe=   0   num_threads=   3   max_threads=   3   num_procs=   8
20231031 093447.950 INFO             PET0       thread_num=   0   currentSsiPe=   4   num_threads=   3   max_threads=   3   num_procs=   8
20231031 093447.950 INFO             PET0       ---->Advancing Model from:    0  1  1  0  0  0   0
20231031 093447.950 INFO             PET0       ---------------------> to:    0  1  1  0  0 30   0
20231031 093447.951 INFO             PET0       MODEL: time step-loop ending,   current time:    0  1  1  0  0 30   0
20231031 093447.951 INFO             PET0       <<<MODEL: leaving Run (phase=RunPhase1) with current time:    0  1  1  0  0 30   0
20231031 093447.951 INFO             PET0     MODEL: Run extro.
20231031 093447.951 INFO             PET0     driver: RunSequence event loopLevel=   1  levelMember=   1  loopIteration=   2, current time:    0  1  1  0  0 30   0
20231031 093447.951 INFO             PET0     MODEL: Run intro.
20231031 093447.951 INFO             PET0       >>>MODEL: entered Run (phase=RunPhase1) with current time:    0  1  1  0  0 30   0
20231031 093447.951 INFO             PET0       MODEL: time step-loop starting, current time:    0  1  1  0  0 30   0
20231031 093447.962 INFO             PET0       thread_num=   1   currentSsiPe=   0   num_threads=   3   max_threads=   3   num_procs=   8
20231031 093447.962 INFO             PET0       thread_num=   2   currentSsiPe=   4   num_threads=   3   max_threads=   3   num_procs=   8
20231031 093447.971 INFO             PET0       thread_num=   0   currentSsiPe=   4   num_threads=   3   max_threads=   3   num_procs=   8
20231031 093447.971 INFO             PET0       ---->Advancing Model from:    0  1  1  0  0 30   0
20231031 093447.971 INFO             PET0       ---------------------> to:    0  1  1  0  1  0   0
20231031 093447.971 INFO             PET0       MODEL: time step-loop ending,   current time:    0  1  1  0  1  0   0
20231031 093447.971 INFO             PET0       <<<MODEL: leaving Run (phase=RunPhase1) with current time:    0  1  1  0  1  0   0
20231031 093447.971 INFO             PET0     MODEL: Run extro.
20231031 093447.971 INFO             PET0     driver: RunSequence event loopLevel=   1  levelMember=   1  loopIteration=   3, current time:    0  1  1  0  1  0   0
20231031 093447.971 INFO             PET0     MODEL: Run intro.
20231031 093447.972 INFO             PET0       >>>MODEL: entered Run (phase=RunPhase1) with current time:    0  1  1  0  1  0   0
20231031 093447.972 INFO             PET0       MODEL: time step-loop starting, current time:    0  1  1  0  1  0   0
20231031 093447.982 INFO             PET0       thread_num=   2   currentSsiPe=   4   num_threads=   3   max_threads=   3   num_procs=   8
20231031 093447.982 INFO             PET0       thread_num=   1   currentSsiPe=   0   num_threads=   3   max_threads=   3   num_procs=   8
20231031 093447.994 INFO             PET0       thread_num=   0   currentSsiPe=   4   num_threads=   3   max_threads=   3   num_procs=   8
20231031 093447.994 INFO             PET0       ---->Advancing Model from:    0  1  1  0  1  0   0
20231031 093447.994 INFO             PET0       ---------------------> to:    0  1  1  0  1 30   0
20231031 093447.995 INFO             PET0       MODEL: time step-loop ending,   current time:    0  1  1  0  1 30   0
20231031 093447.995 INFO             PET0       <<<MODEL: leaving Run (phase=RunPhase1) with current time:    0  1  1  0  1 30   0
20231031 093447.995 INFO             PET0     MODEL: Run extro.
20231031 093447.995 INFO             PET0     driver: RunSequence event loopLevel=   1  levelMember=   1  loopIteration=   4, current time:    0  1  1  0  1 30   0
20231031 093447.995 INFO             PET0     MODEL: Run intro.
20231031 093447.995 INFO             PET0       >>>MODEL: entered Run (phase=RunPhase1) with current time:    0  1  1  0  1 30   0
20231031 093447.995 INFO             PET0       MODEL: time step-loop starting, current time:    0  1  1  0  1 30   0
20231031 093448.006 INFO             PET0       thread_num=   1   currentSsiPe=   0   num_threads=   3   max_threads=   3   num_procs=   8
20231031 093448.006 INFO             PET0       thread_num=   2   currentSsiPe=   4   num_threads=   3   max_threads=   3   num_procs=   8
20231031 093448.018 INFO             PET0       thread_num=   0   currentSsiPe=   4   num_threads=   3   max_threads=   3   num_procs=   8
20231031 093448.018 INFO             PET0       ---->Advancing Model from:    0  1  1  0  1 30   0
20231031 093448.018 INFO             PET0       ---------------------> to:    0  1  1  0  2  0   0
20231031 093448.019 INFO             PET0       MODEL: time step-loop ending,   current time:    0  1  1  0  2  0   0
20231031 093448.019 INFO             PET0       <<<MODEL: leaving Run (phase=RunPhase1) with current time:    0  1  1  0  2  0   0
20231031 093448.019 INFO             PET0     MODEL: Run extro.
20231031 093448.019 INFO             PET0     driver: RunSequence event loopLevel=   1  levelMember=   1  loopIteration=   5, current time:    0  1  1  0  2  0   0
20231031 093448.019 INFO             PET0     MODEL: Run intro.
20231031 093448.019 INFO             PET0       >>>MODEL: entered Run (phase=RunPhase1) with current time:    0  1  1  0  2  0   0
20231031 093448.019 INFO             PET0       MODEL: time step-loop starting, current time:    0  1  1  0  2  0   0
20231031 093448.030 INFO             PET0       thread_num=   2   currentSsiPe=   4   num_threads=   3   max_threads=   3   num_procs=   8
20231031 093448.030 INFO             PET0       thread_num=   1   currentSsiPe=   0   num_threads=   3   max_threads=   3   num_procs=   8
20231031 093448.042 INFO             PET0       thread_num=   0   currentSsiPe=   4   num_threads=   3   max_threads=   3   num_procs=   8
20231031 093448.042 INFO             PET0       ---->Advancing Model from:    0  1  1  0  2  0   0
20231031 093448.043 INFO             PET0       ---------------------> to:    0  1  1  0  2 30   0
20231031 093448.043 INFO             PET0       MODEL: time step-loop ending,   current time:    0  1  1  0  2 30   0
20231031 093448.043 INFO             PET0       <<<MODEL: leaving Run (phase=RunPhase1) with current time:    0  1  1  0  2 30   0
20231031 093448.043 INFO             PET0     MODEL: Run extro.
20231031 093448.043 INFO             PET0   driver: end <--------- RunSequence
20231031 093448.043 INFO             PET0   <<<driver - leaving Run with current time:    0  1  1  0  2 30   0
20231031 093448.043 INFO             PET0 driver: Run extro.
20231031 093448.043 INFO             PET0 driver: Finalize intro.
20231031 093448.043 INFO             PET0   Calling Finalize phase 1 for modelComp: MODEL
20231031 093448.043 INFO             PET0   MODEL: Finalize intro.
20231031 093448.043 INFO             PET0     >>>MODEL: entered Finalize (phase=FinalizePhase1) with current time:    0  1  1  0  2 30   0
20231031 093448.043 INFO             PET0     <<<MODEL: leaving Finalize (phase=FinalizePhase1) with current time:    0  1  1  0  2 30   0
20231031 093448.043 INFO             PET0   MODEL: Finalize extro.
20231031 093448.043 INFO             PET0   Delete modelComp: MODEL
20231031 093448.043 INFO             PET0   Delete Import-/Export State for modelComp: MODEL
20231031 093448.043 INFO             PET0 driver: Finalize extro.
20231031 093448.043 INFO             PET0 mainApp FINISHED
20231031 093448.043 INFO             PET0  Finalizing ESMF
20231031 093447.916 INFO             PET1 !!!!!!!!!!!!!!!!!!!!!!!!!!!!!!!!!!!!!!!!!!!!!!!!!!!!!!
20231031 093447.916 INFO             PET1 !!! THE ESMF_LOG IS SET TO OUTPUT ALL LOG MESSAGES !!!
20231031 093447.916 INFO             PET1 !!!     THIS MAY CAUSE SLOWDOWN IN PERFORMANCE     !!!
20231031 093447.916 INFO             PET1 !!! FOR PRODUCTION RUNS, USE:                      !!!
20231031 093447.916 INFO             PET1 !!!                   ESMF_LOGKIND_Multi_On_Error  !!!
20231031 093447.916 INFO             PET1 !!!!!!!!!!!!!!!!!!!!!!!!!!!!!!!!!!!!!!!!!!!!!!!!!!!!!!
20231031 093447.916 INFO             PET1 Running with ESMF Version   : v8.6.0b13
20231031 093447.916 INFO             PET1 ESMF library build date/time: "Oct 31 2023" "09:05:57"
20231031 093447.916 INFO             PET1 ESMF library build location : /home/gerhard/ESMF-Nightly-Testing/gfortran_11.2.0_mpich_O_release_8.6.0/esmf
20231031 093447.916 INFO             PET1 ESMF_COMM                   : mpich
20231031 093447.916 INFO             PET1 ESMF_MOAB                   : enabled
20231031 093447.916 INFO             PET1 ESMF_LAPACK                 : enabled
20231031 093447.916 INFO             PET1 ESMF_NETCDF                 : enabled
20231031 093447.916 INFO             PET1 ESMF_PNETCDF                : disabled
20231031 093447.916 INFO             PET1 ESMF_PIO                    : enabled
20231031 093447.916 INFO             PET1 ESMF_YAMLCPP                : enabled
20231031 093447.916 INFO             PET1 mainApp STARTING
20231031 093447.918 INFO             PET1 driver: InitializeGeneric intro.
20231031 093447.918 INFO             PET1   driver: InitializeP0 intro.
20231031 093447.918 INFO             PET1   driver: InitializeP0 extro.
20231031 093447.918 INFO             PET1   driver: InitializeIPDv02p1 intro.
20231031 093447.918 INFO             PET1     >>>driver: entered Initialize (phase=<none>) without valid internal Clock.
20231031 093447.918 INFO             PET1     driver - Creating model component MODEL without petList.
20231031 093447.919 INFO             PET1      GridCompIsPetLocal:  T
20231031 093447.919 INFO             PET1      VmIsCreated:  T
20231031 093447.919 INFO             PET1      valid MPI_COMM with size=           4
20231031 093447.920 INFO             PET1     driver - Creating state: modelComp 1 Import State
20231031 093447.920 INFO             PET1     driver - Creating state: modelComp 1 Export State
20231031 093447.920 INFO             PET1     MODEL: InitializeP0 intro.
20231031 093447.920 INFO             PET1       >>>MODEL: entered Initialize (phase=<none>) without valid internal Clock.
20231031 093447.920 INFO             PET1       <<<MODEL: leaving Initialize (phase=<none>) without valid internal Clock.
20231031 093447.920 INFO             PET1     MODEL: InitializeP0 extro.
20231031 093447.921 INFO             PET1     driver: IInitAdvertise intro.
20231031 093447.921 INFO             PET1     driver: IInitAdvertise extro.
20231031 093447.921 INFO             PET1     MODEL: InitializeIPDvXp01 intro.
20231031 093447.921 INFO             PET1       >>>MODEL: entered Initialize (phase=IPDvXp01) without valid internal Clock.
20231031 093447.922 INFO             PET1       <<<MODEL: leaving Initialize (phase=IPDvXp01) without valid internal Clock.
20231031 093447.922 INFO             PET1     MODEL: InitializeIPDvXp01 extro.
20231031 093447.922 INFO             PET1     driver: IInitAdvertiseFinish intro.
20231031 093447.922 INFO             PET1     driver: IInitAdvertiseFinish extro.
20231031 093447.922 INFO             PET1     driver: IInitModifyCplLists intro.
20231031 093447.922 INFO             PET1     driver: IInitModifyCplLists extro.
20231031 093447.922 INFO             PET1     <<<driver: leaving Initialize (phase=<none>) with current time:    0  1  1  0  0  0   0
20231031 093447.922 INFO             PET1   driver: InitializeIPDv02p1 extro.
20231031 093447.922 INFO             PET1   driver: InitializeIPDv02p3 intro.
20231031 093447.923 INFO             PET1     >>>driver: entered Initialize (phase=<none>) with current time:    0  1  1  0  0  0   0
20231031 093447.923 INFO             PET1     driver: IInitCheck intro.
20231031 093447.923 INFO             PET1     driver: IInitCheck extro.
20231031 093447.923 INFO             PET1     MODEL: InitializeIPDvXp04 intro.
20231031 093447.923 INFO             PET1       >>>MODEL: entered Initialize (phase=IPDvXp04) without valid internal Clock.
20231031 093447.924 INFO             PET1       After Realize: - MemInfo: [/proc/meminfo - SSI]	MemTotal:        7836652 kB
20231031 093447.924 INFO             PET1       After Realize: - MemInfo: [/proc/meminfo - SSI]	MemFree:         1729336 kB
20231031 093447.924 INFO             PET1       After Realize: - MemInfo: [/proc/meminfo - SSI]	MemAvailable:    2897116 kB
20231031 093447.924 INFO             PET1       After Realize: - MemInfo: [/proc/meminfo - SSI]	Committed_AS:   18956908 kB
20231031 093447.924 INFO             PET1       After Realize: - MemInfo: [/proc/meminfo - SSI]	CommittedPercent: 241.901 %
20231031 093447.924 INFO             PET1       After Realize: - MemInfo: [/proc/self/status]	VmPeak:	  111616 kB
20231031 093447.924 INFO             PET1       After Realize: - MemInfo: [/proc/self/status]	VmSize:	  111616 kB
20231031 093447.924 INFO             PET1       After Realize: - MemInfo: [/proc/self/status]	VmLck:	       0 kB
20231031 093447.924 INFO             PET1       After Realize: - MemInfo: [/proc/self/status]	VmPin:	       0 kB
20231031 093447.924 INFO             PET1       After Realize: - MemInfo: [/proc/self/status]	VmHWM:	   31252 kB
20231031 093447.924 INFO             PET1       After Realize: - MemInfo: [/proc/self/status]	VmRSS:	   31252 kB
20231031 093447.924 INFO             PET1       After Realize: - MemInfo: [/proc/self/status]	VmData:	   11308 kB
20231031 093447.924 INFO             PET1       After Realize: - MemInfo: [/proc/self/status]	VmStk:	     136 kB
20231031 093447.924 INFO             PET1       After Realize: - MemInfo: [/proc/self/status]	VmExe:	     168 kB
20231031 093447.924 INFO             PET1       After Realize: - MemInfo: [/proc/self/status]	VmLib:	   43476 kB
20231031 093447.924 INFO             PET1       After Realize: - MemInfo: [/proc/self/status]	VmPTE:	     232 kB
20231031 093447.924 INFO             PET1       After Realize: - MemInfo: [/proc/self/status]	VmSwap:	       0 kB
20231031 093447.924 INFO             PET1       After Realize: - MemInfo: [/proc/self/status]	VmRSSPercent: 0.398793 %
20231031 093447.924 INFO             PET1       After Realize: - MemInfo: [malloc] Non-mmapped space allocated:                 1081344 Byte
20231031 093447.924 INFO             PET1       After Realize: - MemInfo: [malloc] Space allocated in mmapped regions:          7053312 Byte
20231031 093447.924 INFO             PET1       After Realize: - MemInfo: [malloc] Maximum total allocated space:                     0 Byte
20231031 093447.924 INFO             PET1       After Realize: - MemInfo: [malloc] Space in freed fastbin blocks:                   768 Byte
20231031 093447.924 INFO             PET1       After Realize: - MemInfo: [malloc] Total allocated space:                        946912 Byte
20231031 093447.924 INFO             PET1       After Realize: - MemInfo: [malloc] Total free space:                             134432 Byte
20231031 093447.924 INFO             PET1       After Realize: - MemInfo: [malloc] Top-most, releasable space:                   133568 Byte
20231031 093447.924 INFO             PET1       After Realize: - MemInfo: [malloc] Total space in use, mmap + non-mmap:         8000224 Byte
20231031 093447.924 INFO             PET1       After Realize: - MemInfo: [malloc] Total space held (mmap + non-mmap):          8134656 Byte
20231031 093447.924 INFO             PET1       After Realize: - MemInfo: [malloc] Total space used (mmap + non-mmap):          8009136 Byte
20231031 093447.924 INFO             PET1       After Realize: - MemInfo: Wall-clock time since execution start:             0.00904646 seconds
20231031 093447.924 INFO             PET1       <<<MODEL: leaving Initialize (phase=IPDvXp04) without valid internal Clock.
20231031 093447.924 INFO             PET1     MODEL: InitializeIPDvXp04 extro.
20231031 093447.924 INFO             PET1     driver: IInitRealize intro.
20231031 093447.924 INFO             PET1     driver: IInitRealize extro.
20231031 093447.925 INFO             PET1     MODEL: InitializeIPDvXp07 intro.
20231031 093447.925 INFO             PET1       >>>MODEL: entered Initialize (phase=IPDvXp07) without valid internal Clock.
20231031 093447.925 INFO             PET1       <<<MODEL: leaving Initialize (phase=IPDvXp07) with current time:    0  1  1  0  0  0   0
20231031 093447.925 INFO             PET1     MODEL: InitializeIPDvXp07 extro.
20231031 093447.925 INFO             PET1     <<<driver: leaving Initialize (phase=<none>) with current time:    0  1  1  0  0  0   0
20231031 093447.925 INFO             PET1   driver: InitializeIPDv02p3 extro.
20231031 093447.925 INFO             PET1   driver: InitializeIPDv02p5 intro.
20231031 093447.925 INFO             PET1     >>>driver: entered Initialize (phase=<none>) with current time:    0  1  1  0  0  0   0
20231031 093447.925 INFO             PET1     driver: this is a top level driver, no 'Updated' and 'InitializeDataComplete' info on this level.
20231031 093447.925 INFO             PET1     driver: InitializeIPDv02p5Data intro.
20231031 093447.925 INFO             PET1       driver: InternalInitializeComplete intro.
20231031 093447.925 INFO             PET1         driver: InitializeDataComplete='true'
20231031 093447.925 INFO             PET1       driver: InternalInitializeComplete extro.
20231031 093447.925 INFO             PET1       MODEL: InitializeIPDvXp08 intro.
20231031 093447.925 INFO             PET1         >>>MODEL: entered Initialize (phase=IPDv05p8) with current time:    0  1  1  0  0  0   0
20231031 093447.925 INFO             PET1         MODEL: InitializeDataProgress='false', InitializeDataComplete='false'
20231031 093447.925 INFO             PET1         <<<MODEL: leaving Initialize (phase=IPDv05p8) with current time:    0  1  1  0  0  0   0
20231031 093447.925 INFO             PET1       MODEL: InitializeIPDvXp08 extro.
20231031 093447.926 INFO             PET1       driver: components present that trigger loopDataDependentInitialize().
20231031 093447.926 INFO             PET1       driver: loopDataDependentInitialize intro.
20231031 093447.926 INFO             PET1         driver: component    0=driver, dataComplete (local): true
20231031 093447.926 INFO             PET1         driver: component    0=driver, dataComplete (global): T
20231031 093447.926 INFO             PET1         driver: component    1=MODEL, dataComplete (local): false
20231031 093447.926 INFO             PET1         driver: component    1=MODEL, dataComplete (global): F
20231031 093447.926 INFO             PET1         MODEL: InitializeIPDvXp08 intro.
20231031 093447.926 INFO             PET1           >>>MODEL: entered Initialize (phase=IPDv05p8) with current time:    0  1  1  0  0  0   0
20231031 093447.926 INFO             PET1           MODEL: InitializeDataProgress='true', InitializeDataComplete='true'
20231031 093447.926 INFO             PET1           <<<MODEL: leaving Initialize (phase=IPDv05p8) with current time:    0  1  1  0  0  0   0
20231031 093447.926 INFO             PET1         MODEL: InitializeIPDvXp08 extro.
20231031 093447.926 INFO             PET1         driver: component    1=MODEL, someProgress (local): true
20231031 093447.926 INFO             PET1         driver: component    1=MODEL, someProgress (global): T
20231031 093447.926 INFO             PET1         driver: someProgress=T, allComplete=F, present(dataDepAllComplete)=T
20231031 093447.926 INFO             PET1         driver: component    0=driver, dataComplete (local): true
20231031 093447.926 INFO             PET1         driver: component    0=driver, dataComplete (global): T
20231031 093447.926 INFO             PET1         driver: component    1=MODEL, dataComplete (local): true
20231031 093447.926 INFO             PET1         driver: component    1=MODEL, dataComplete (global): T
20231031 093447.926 INFO             PET1         driver: someProgress=F, allComplete=T, present(dataDepAllComplete)=T
20231031 093447.926 INFO             PET1         driver: finished resolving initialize data dependencies on this level.
20231031 093447.926 INFO             PET1       driver: loopDataDependentInitialize extro.
20231031 093447.926 INFO             PET1       driver: loopDataDependentInitialize() returned with dataDepAllComplete: T
20231031 093447.926 INFO             PET1     driver: InitializeIPDv02p5Data extro.
20231031 093447.926 INFO             PET1     <<<driver: leaving Initialize (phase=<none>) with current time:    0  1  1  0  0  0   0
20231031 093447.926 INFO             PET1   driver: InitializeIPDv02p5 extro.
20231031 093447.926 INFO             PET1 driver: InitializeGeneric extro.
20231031 093447.926 INFO             PET1 driver: Run intro.
20231031 093447.926 INFO             PET1   >>>driver entered Run (phase=RunPhase1) with current time:    0  1  1  0  0  0   0
20231031 093447.926 INFO             PET1   driver: after lable_SetRunClock, current time:    0  1  1  0  0  0   0
20231031 093447.927 INFO             PET1   driver: begin -------> RunSequence.
20231031 093447.927 INFO             PET1     driver: RunSequence event loopLevel=   1  levelMember=   1  loopIteration=   1, current time:    0  1  1  0  0  0   0
20231031 093447.927 INFO             PET1     MODEL: Run intro.
20231031 093447.927 INFO             PET1       >>>MODEL: entered Run (phase=RunPhase1) with current time:    0  1  1  0  0  0   0
20231031 093447.927 INFO             PET1       MODEL: time step-loop starting, current time:    0  1  1  0  0  0   0
20231031 093447.942 INFO             PET1       thread_num=   2   currentSsiPe=   6   num_threads=   3   max_threads=   3   num_procs=   8
20231031 093447.942 INFO             PET1       thread_num=   1   currentSsiPe=   2   num_threads=   3   max_threads=   3   num_procs=   8
20231031 093447.950 INFO             PET1       thread_num=   0   currentSsiPe=   6   num_threads=   3   max_threads=   3   num_procs=   8
20231031 093447.950 INFO             PET1       ---->Advancing Model from:    0  1  1  0  0  0   0
20231031 093447.950 INFO             PET1       ---------------------> to:    0  1  1  0  0 30   0
20231031 093447.951 INFO             PET1       MODEL: time step-loop ending,   current time:    0  1  1  0  0 30   0
20231031 093447.951 INFO             PET1       <<<MODEL: leaving Run (phase=RunPhase1) with current time:    0  1  1  0  0 30   0
20231031 093447.951 INFO             PET1     MODEL: Run extro.
20231031 093447.951 INFO             PET1     driver: RunSequence event loopLevel=   1  levelMember=   1  loopIteration=   2, current time:    0  1  1  0  0 30   0
20231031 093447.951 INFO             PET1     MODEL: Run intro.
20231031 093447.951 INFO             PET1       >>>MODEL: entered Run (phase=RunPhase1) with current time:    0  1  1  0  0 30   0
20231031 093447.951 INFO             PET1       MODEL: time step-loop starting, current time:    0  1  1  0  0 30   0
20231031 093447.962 INFO             PET1       thread_num=   1   currentSsiPe=   2   num_threads=   3   max_threads=   3   num_procs=   8
20231031 093447.962 INFO             PET1       thread_num=   2   currentSsiPe=   6   num_threads=   3   max_threads=   3   num_procs=   8
20231031 093447.969 INFO             PET1       thread_num=   0   currentSsiPe=   6   num_threads=   3   max_threads=   3   num_procs=   8
20231031 093447.969 INFO             PET1       ---->Advancing Model from:    0  1  1  0  0 30   0
20231031 093447.969 INFO             PET1       ---------------------> to:    0  1  1  0  1  0   0
20231031 093447.969 INFO             PET1       MODEL: time step-loop ending,   current time:    0  1  1  0  1  0   0
20231031 093447.969 INFO             PET1       <<<MODEL: leaving Run (phase=RunPhase1) with current time:    0  1  1  0  1  0   0
20231031 093447.969 INFO             PET1     MODEL: Run extro.
20231031 093447.969 INFO             PET1     driver: RunSequence event loopLevel=   1  levelMember=   1  loopIteration=   3, current time:    0  1  1  0  1  0   0
20231031 093447.969 INFO             PET1     MODEL: Run intro.
20231031 093447.969 INFO             PET1       >>>MODEL: entered Run (phase=RunPhase1) with current time:    0  1  1  0  1  0   0
20231031 093447.969 INFO             PET1       MODEL: time step-loop starting, current time:    0  1  1  0  1  0   0
20231031 093447.979 INFO             PET1       thread_num=   1   currentSsiPe=   2   num_threads=   3   max_threads=   3   num_procs=   8
20231031 093447.979 INFO             PET1       thread_num=   2   currentSsiPe=   6   num_threads=   3   max_threads=   3   num_procs=   8
20231031 093447.990 INFO             PET1       thread_num=   0   currentSsiPe=   6   num_threads=   3   max_threads=   3   num_procs=   8
20231031 093447.990 INFO             PET1       ---->Advancing Model from:    0  1  1  0  1  0   0
20231031 093447.990 INFO             PET1       ---------------------> to:    0  1  1  0  1 30   0
20231031 093447.991 INFO             PET1       MODEL: time step-loop ending,   current time:    0  1  1  0  1 30   0
20231031 093447.991 INFO             PET1       <<<MODEL: leaving Run (phase=RunPhase1) with current time:    0  1  1  0  1 30   0
20231031 093447.991 INFO             PET1     MODEL: Run extro.
20231031 093447.991 INFO             PET1     driver: RunSequence event loopLevel=   1  levelMember=   1  loopIteration=   4, current time:    0  1  1  0  1 30   0
20231031 093447.991 INFO             PET1     MODEL: Run intro.
20231031 093447.991 INFO             PET1       >>>MODEL: entered Run (phase=RunPhase1) with current time:    0  1  1  0  1 30   0
20231031 093447.991 INFO             PET1       MODEL: time step-loop starting, current time:    0  1  1  0  1 30   0
20231031 093448.002 INFO             PET1       thread_num=   2   currentSsiPe=   6   num_threads=   3   max_threads=   3   num_procs=   8
20231031 093448.002 INFO             PET1       thread_num=   1   currentSsiPe=   2   num_threads=   3   max_threads=   3   num_procs=   8
20231031 093448.014 INFO             PET1       thread_num=   0   currentSsiPe=   6   num_threads=   3   max_threads=   3   num_procs=   8
20231031 093448.014 INFO             PET1       ---->Advancing Model from:    0  1  1  0  1 30   0
20231031 093448.014 INFO             PET1       ---------------------> to:    0  1  1  0  2  0   0
20231031 093448.015 INFO             PET1       MODEL: time step-loop ending,   current time:    0  1  1  0  2  0   0
20231031 093448.015 INFO             PET1       <<<MODEL: leaving Run (phase=RunPhase1) with current time:    0  1  1  0  2  0   0
20231031 093448.015 INFO             PET1     MODEL: Run extro.
20231031 093448.015 INFO             PET1     driver: RunSequence event loopLevel=   1  levelMember=   1  loopIteration=   5, current time:    0  1  1  0  2  0   0
20231031 093448.015 INFO             PET1     MODEL: Run intro.
20231031 093448.015 INFO             PET1       >>>MODEL: entered Run (phase=RunPhase1) with current time:    0  1  1  0  2  0   0
20231031 093448.015 INFO             PET1       MODEL: time step-loop starting, current time:    0  1  1  0  2  0   0
20231031 093448.026 INFO             PET1       thread_num=   1   currentSsiPe=   2   num_threads=   3   max_threads=   3   num_procs=   8
20231031 093448.026 INFO             PET1       thread_num=   2   currentSsiPe=   6   num_threads=   3   max_threads=   3   num_procs=   8
20231031 093448.038 INFO             PET1       thread_num=   0   currentSsiPe=   6   num_threads=   3   max_threads=   3   num_procs=   8
20231031 093448.039 INFO             PET1       ---->Advancing Model from:    0  1  1  0  2  0   0
20231031 093448.039 INFO             PET1       ---------------------> to:    0  1  1  0  2 30   0
20231031 093448.039 INFO             PET1       MODEL: time step-loop ending,   current time:    0  1  1  0  2 30   0
20231031 093448.039 INFO             PET1       <<<MODEL: leaving Run (phase=RunPhase1) with current time:    0  1  1  0  2 30   0
20231031 093448.039 INFO             PET1     MODEL: Run extro.
20231031 093448.039 INFO             PET1   driver: end <--------- RunSequence
20231031 093448.039 INFO             PET1   <<<driver - leaving Run with current time:    0  1  1  0  2 30   0
20231031 093448.039 INFO             PET1 driver: Run extro.
20231031 093448.039 INFO             PET1 driver: Finalize intro.
20231031 093448.039 INFO             PET1   Calling Finalize phase 1 for modelComp: MODEL
20231031 093448.039 INFO             PET1   MODEL: Finalize intro.
20231031 093448.039 INFO             PET1     >>>MODEL: entered Finalize (phase=FinalizePhase1) with current time:    0  1  1  0  2 30   0
20231031 093448.039 INFO             PET1     <<<MODEL: leaving Finalize (phase=FinalizePhase1) with current time:    0  1  1  0  2 30   0
20231031 093448.039 INFO             PET1   MODEL: Finalize extro.
20231031 093448.039 INFO             PET1   Delete modelComp: MODEL
20231031 093448.039 INFO             PET1   Delete Import-/Export State for modelComp: MODEL
20231031 093448.039 INFO             PET1 driver: Finalize extro.
20231031 093448.039 INFO             PET1 mainApp FINISHED
20231031 093448.039 INFO             PET1  Finalizing ESMF
20231031 093447.916 INFO             PET2 !!!!!!!!!!!!!!!!!!!!!!!!!!!!!!!!!!!!!!!!!!!!!!!!!!!!!!
20231031 093447.916 INFO             PET2 !!! THE ESMF_LOG IS SET TO OUTPUT ALL LOG MESSAGES !!!
20231031 093447.916 INFO             PET2 !!!     THIS MAY CAUSE SLOWDOWN IN PERFORMANCE     !!!
20231031 093447.916 INFO             PET2 !!! FOR PRODUCTION RUNS, USE:                      !!!
20231031 093447.916 INFO             PET2 !!!                   ESMF_LOGKIND_Multi_On_Error  !!!
20231031 093447.916 INFO             PET2 !!!!!!!!!!!!!!!!!!!!!!!!!!!!!!!!!!!!!!!!!!!!!!!!!!!!!!
20231031 093447.916 INFO             PET2 Running with ESMF Version   : v8.6.0b13
20231031 093447.916 INFO             PET2 ESMF library build date/time: "Oct 31 2023" "09:05:57"
20231031 093447.916 INFO             PET2 ESMF library build location : /home/gerhard/ESMF-Nightly-Testing/gfortran_11.2.0_mpich_O_release_8.6.0/esmf
20231031 093447.916 INFO             PET2 ESMF_COMM                   : mpich
20231031 093447.916 INFO             PET2 ESMF_MOAB                   : enabled
20231031 093447.916 INFO             PET2 ESMF_LAPACK                 : enabled
20231031 093447.916 INFO             PET2 ESMF_NETCDF                 : enabled
20231031 093447.916 INFO             PET2 ESMF_PNETCDF                : disabled
20231031 093447.916 INFO             PET2 ESMF_PIO                    : enabled
20231031 093447.916 INFO             PET2 ESMF_YAMLCPP                : enabled
20231031 093447.916 INFO             PET2 mainApp STARTING
20231031 093447.918 INFO             PET2 driver: InitializeGeneric intro.
20231031 093447.918 INFO             PET2   driver: InitializeP0 intro.
20231031 093447.918 INFO             PET2   driver: InitializeP0 extro.
20231031 093447.918 INFO             PET2   driver: InitializeIPDv02p1 intro.
20231031 093447.918 INFO             PET2     >>>driver: entered Initialize (phase=<none>) without valid internal Clock.
20231031 093447.918 INFO             PET2     driver - Creating model component MODEL without petList.
20231031 093447.919 INFO             PET2      GridCompIsPetLocal:  T
20231031 093447.919 INFO             PET2      VmIsCreated:  T
20231031 093447.919 INFO             PET2      valid MPI_COMM with size=           4
20231031 093447.920 INFO             PET2     driver - Creating state: modelComp 1 Import State
20231031 093447.920 INFO             PET2     driver - Creating state: modelComp 1 Export State
20231031 093447.920 INFO             PET2     MODEL: InitializeP0 intro.
20231031 093447.920 INFO             PET2       >>>MODEL: entered Initialize (phase=<none>) without valid internal Clock.
20231031 093447.921 INFO             PET2       <<<MODEL: leaving Initialize (phase=<none>) without valid internal Clock.
20231031 093447.921 INFO             PET2     MODEL: InitializeP0 extro.
20231031 093447.921 INFO             PET2     driver: IInitAdvertise intro.
20231031 093447.921 INFO             PET2     driver: IInitAdvertise extro.
20231031 093447.921 INFO             PET2     MODEL: InitializeIPDvXp01 intro.
20231031 093447.921 INFO             PET2       >>>MODEL: entered Initialize (phase=IPDvXp01) without valid internal Clock.
20231031 093447.922 INFO             PET2       <<<MODEL: leaving Initialize (phase=IPDvXp01) without valid internal Clock.
20231031 093447.922 INFO             PET2     MODEL: InitializeIPDvXp01 extro.
20231031 093447.923 INFO             PET2     driver: IInitAdvertiseFinish intro.
20231031 093447.923 INFO             PET2     driver: IInitAdvertiseFinish extro.
20231031 093447.923 INFO             PET2     driver: IInitModifyCplLists intro.
20231031 093447.923 INFO             PET2     driver: IInitModifyCplLists extro.
20231031 093447.923 INFO             PET2     <<<driver: leaving Initialize (phase=<none>) with current time:    0  1  1  0  0  0   0
20231031 093447.923 INFO             PET2   driver: InitializeIPDv02p1 extro.
20231031 093447.923 INFO             PET2   driver: InitializeIPDv02p3 intro.
20231031 093447.923 INFO             PET2     >>>driver: entered Initialize (phase=<none>) with current time:    0  1  1  0  0  0   0
20231031 093447.923 INFO             PET2     driver: IInitCheck intro.
20231031 093447.923 INFO             PET2     driver: IInitCheck extro.
20231031 093447.923 INFO             PET2     MODEL: InitializeIPDvXp04 intro.
20231031 093447.923 INFO             PET2       >>>MODEL: entered Initialize (phase=IPDvXp04) without valid internal Clock.
20231031 093447.924 INFO             PET2       After Realize: - MemInfo: [/proc/meminfo - SSI]	MemTotal:        7836652 kB
20231031 093447.924 INFO             PET2       After Realize: - MemInfo: [/proc/meminfo - SSI]	MemFree:         1729336 kB
20231031 093447.924 INFO             PET2       After Realize: - MemInfo: [/proc/meminfo - SSI]	MemAvailable:    2897116 kB
20231031 093447.924 INFO             PET2       After Realize: - MemInfo: [/proc/meminfo - SSI]	Committed_AS:   18957040 kB
20231031 093447.924 INFO             PET2       After Realize: - MemInfo: [/proc/meminfo - SSI]	CommittedPercent: 241.902 %
20231031 093447.924 INFO             PET2       After Realize: - MemInfo: [/proc/self/status]	VmPeak:	  111504 kB
20231031 093447.924 INFO             PET2       After Realize: - MemInfo: [/proc/self/status]	VmSize:	  111484 kB
20231031 093447.924 INFO             PET2       After Realize: - MemInfo: [/proc/self/status]	VmLck:	       0 kB
20231031 093447.924 INFO             PET2       After Realize: - MemInfo: [/proc/self/status]	VmPin:	       0 kB
20231031 093447.924 INFO             PET2       After Realize: - MemInfo: [/proc/self/status]	VmHWM:	   30860 kB
20231031 093447.924 INFO             PET2       After Realize: - MemInfo: [/proc/self/status]	VmRSS:	   30860 kB
20231031 093447.924 INFO             PET2       After Realize: - MemInfo: [/proc/self/status]	VmData:	   11176 kB
20231031 093447.924 INFO             PET2       After Realize: - MemInfo: [/proc/self/status]	VmStk:	     136 kB
20231031 093447.924 INFO             PET2       After Realize: - MemInfo: [/proc/self/status]	VmExe:	     168 kB
20231031 093447.924 INFO             PET2       After Realize: - MemInfo: [/proc/self/status]	VmLib:	   43476 kB
20231031 093447.924 INFO             PET2       After Realize: - MemInfo: [/proc/self/status]	VmPTE:	     248 kB
20231031 093447.924 INFO             PET2       After Realize: - MemInfo: [/proc/self/status]	VmSwap:	       0 kB
20231031 093447.924 INFO             PET2       After Realize: - MemInfo: [/proc/self/status]	VmRSSPercent: 0.393791 %
20231031 093447.924 INFO             PET2       After Realize: - MemInfo: [malloc] Non-mmapped space allocated:                  946176 Byte
20231031 093447.924 INFO             PET2       After Realize: - MemInfo: [malloc] Space allocated in mmapped regions:          7053312 Byte
20231031 093447.924 INFO             PET2       After Realize: - MemInfo: [malloc] Maximum total allocated space:                     0 Byte
20231031 093447.924 INFO             PET2       After Realize: - MemInfo: [malloc] Space in freed fastbin blocks:                   480 Byte
20231031 093447.924 INFO             PET2       After Realize: - MemInfo: [malloc] Total allocated space:                        945312 Byte
20231031 093447.924 INFO             PET2       After Realize: - MemInfo: [malloc] Total free space:                                864 Byte
20231031 093447.924 INFO             PET2       After Realize: - MemInfo: [malloc] Top-most, releasable space:                       80 Byte
20231031 093447.924 INFO             PET2       After Realize: - MemInfo: [malloc] Total space in use, mmap + non-mmap:         7998624 Byte
20231031 093447.924 INFO             PET2       After Realize: - MemInfo: [malloc] Total space held (mmap + non-mmap):          8134656 Byte
20231031 093447.924 INFO             PET2       After Realize: - MemInfo: [malloc] Total space used (mmap + non-mmap):          8007536 Byte
20231031 093447.924 INFO             PET2       After Realize: - MemInfo: Wall-clock time since execution start:             0.00931958 seconds
20231031 093447.924 INFO             PET2       <<<MODEL: leaving Initialize (phase=IPDvXp04) without valid internal Clock.
20231031 093447.924 INFO             PET2     MODEL: InitializeIPDvXp04 extro.
20231031 093447.925 INFO             PET2     driver: IInitRealize intro.
20231031 093447.925 INFO             PET2     driver: IInitRealize extro.
20231031 093447.925 INFO             PET2     MODEL: InitializeIPDvXp07 intro.
20231031 093447.925 INFO             PET2       >>>MODEL: entered Initialize (phase=IPDvXp07) without valid internal Clock.
20231031 093447.925 INFO             PET2       <<<MODEL: leaving Initialize (phase=IPDvXp07) with current time:    0  1  1  0  0  0   0
20231031 093447.925 INFO             PET2     MODEL: InitializeIPDvXp07 extro.
20231031 093447.925 INFO             PET2     <<<driver: leaving Initialize (phase=<none>) with current time:    0  1  1  0  0  0   0
20231031 093447.925 INFO             PET2   driver: InitializeIPDv02p3 extro.
20231031 093447.925 INFO             PET2   driver: InitializeIPDv02p5 intro.
20231031 093447.925 INFO             PET2     >>>driver: entered Initialize (phase=<none>) with current time:    0  1  1  0  0  0   0
20231031 093447.925 INFO             PET2     driver: this is a top level driver, no 'Updated' and 'InitializeDataComplete' info on this level.
20231031 093447.925 INFO             PET2     driver: InitializeIPDv02p5Data intro.
20231031 093447.925 INFO             PET2       driver: InternalInitializeComplete intro.
20231031 093447.925 INFO             PET2         driver: InitializeDataComplete='true'
20231031 093447.925 INFO             PET2       driver: InternalInitializeComplete extro.
20231031 093447.925 INFO             PET2       MODEL: InitializeIPDvXp08 intro.
20231031 093447.925 INFO             PET2         >>>MODEL: entered Initialize (phase=IPDv05p8) with current time:    0  1  1  0  0  0   0
20231031 093447.925 INFO             PET2         MODEL: InitializeDataProgress='false', InitializeDataComplete='false'
20231031 093447.925 INFO             PET2         <<<MODEL: leaving Initialize (phase=IPDv05p8) with current time:    0  1  1  0  0  0   0
20231031 093447.925 INFO             PET2       MODEL: InitializeIPDvXp08 extro.
20231031 093447.926 INFO             PET2       driver: components present that trigger loopDataDependentInitialize().
20231031 093447.926 INFO             PET2       driver: loopDataDependentInitialize intro.
20231031 093447.926 INFO             PET2         driver: component    0=driver, dataComplete (local): true
20231031 093447.926 INFO             PET2         driver: component    0=driver, dataComplete (global): T
20231031 093447.926 INFO             PET2         driver: component    1=MODEL, dataComplete (local): false
20231031 093447.926 INFO             PET2         driver: component    1=MODEL, dataComplete (global): F
20231031 093447.926 INFO             PET2         MODEL: InitializeIPDvXp08 intro.
20231031 093447.926 INFO             PET2           >>>MODEL: entered Initialize (phase=IPDv05p8) with current time:    0  1  1  0  0  0   0
20231031 093447.926 INFO             PET2           MODEL: InitializeDataProgress='true', InitializeDataComplete='true'
20231031 093447.926 INFO             PET2           <<<MODEL: leaving Initialize (phase=IPDv05p8) with current time:    0  1  1  0  0  0   0
20231031 093447.926 INFO             PET2         MODEL: InitializeIPDvXp08 extro.
20231031 093447.926 INFO             PET2         driver: component    1=MODEL, someProgress (local): true
20231031 093447.926 INFO             PET2         driver: component    1=MODEL, someProgress (global): T
20231031 093447.926 INFO             PET2         driver: someProgress=T, allComplete=F, present(dataDepAllComplete)=T
20231031 093447.926 INFO             PET2         driver: component    0=driver, dataComplete (local): true
20231031 093447.926 INFO             PET2         driver: component    0=driver, dataComplete (global): T
20231031 093447.926 INFO             PET2         driver: component    1=MODEL, dataComplete (local): true
20231031 093447.926 INFO             PET2         driver: component    1=MODEL, dataComplete (global): T
20231031 093447.926 INFO             PET2         driver: someProgress=F, allComplete=T, present(dataDepAllComplete)=T
20231031 093447.926 INFO             PET2         driver: finished resolving initialize data dependencies on this level.
20231031 093447.926 INFO             PET2       driver: loopDataDependentInitialize extro.
20231031 093447.926 INFO             PET2       driver: loopDataDependentInitialize() returned with dataDepAllComplete: T
20231031 093447.926 INFO             PET2     driver: InitializeIPDv02p5Data extro.
20231031 093447.926 INFO             PET2     <<<driver: leaving Initialize (phase=<none>) with current time:    0  1  1  0  0  0   0
20231031 093447.926 INFO             PET2   driver: InitializeIPDv02p5 extro.
20231031 093447.926 INFO             PET2 driver: InitializeGeneric extro.
20231031 093447.926 INFO             PET2 driver: Run intro.
20231031 093447.926 INFO             PET2   >>>driver entered Run (phase=RunPhase1) with current time:    0  1  1  0  0  0   0
20231031 093447.926 INFO             PET2   driver: after lable_SetRunClock, current time:    0  1  1  0  0  0   0
20231031 093447.927 INFO             PET2   driver: begin -------> RunSequence.
20231031 093447.927 INFO             PET2     driver: RunSequence event loopLevel=   1  levelMember=   1  loopIteration=   1, current time:    0  1  1  0  0  0   0
20231031 093447.927 INFO             PET2     MODEL: Run intro.
20231031 093447.927 INFO             PET2       >>>MODEL: entered Run (phase=RunPhase1) with current time:    0  1  1  0  0  0   0
20231031 093447.927 INFO             PET2       MODEL: time step-loop starting, current time:    0  1  1  0  0  0   0
20231031 093447.942 INFO             PET2       thread_num=   0   currentSsiPe=   5   num_threads=   3   max_threads=   3   num_procs=   8
20231031 093447.942 INFO             PET2       thread_num=   2   currentSsiPe=   1   num_threads=   3   max_threads=   3   num_procs=   8
20231031 093447.954 INFO             PET2       thread_num=   1   currentSsiPe=   1   num_threads=   3   max_threads=   3   num_procs=   8
20231031 093447.954 INFO             PET2       ---->Advancing Model from:    0  1  1  0  0  0   0
20231031 093447.954 INFO             PET2       ---------------------> to:    0  1  1  0  0 30   0
20231031 093447.954 INFO             PET2       MODEL: time step-loop ending,   current time:    0  1  1  0  0 30   0
20231031 093447.954 INFO             PET2       <<<MODEL: leaving Run (phase=RunPhase1) with current time:    0  1  1  0  0 30   0
20231031 093447.954 INFO             PET2     MODEL: Run extro.
20231031 093447.954 INFO             PET2     driver: RunSequence event loopLevel=   1  levelMember=   1  loopIteration=   2, current time:    0  1  1  0  0 30   0
20231031 093447.954 INFO             PET2     MODEL: Run intro.
20231031 093447.954 INFO             PET2       >>>MODEL: entered Run (phase=RunPhase1) with current time:    0  1  1  0  0 30   0
20231031 093447.954 INFO             PET2       MODEL: time step-loop starting, current time:    0  1  1  0  0 30   0
20231031 093447.969 INFO             PET2       thread_num=   1   currentSsiPe=   1   num_threads=   3   max_threads=   3   num_procs=   8
20231031 093447.969 INFO             PET2       thread_num=   2   currentSsiPe=   5   num_threads=   3   max_threads=   3   num_procs=   8
20231031 093447.975 INFO             PET2       thread_num=   0   currentSsiPe=   5   num_threads=   3   max_threads=   3   num_procs=   8
20231031 093447.975 INFO             PET2       ---->Advancing Model from:    0  1  1  0  0 30   0
20231031 093447.975 INFO             PET2       ---------------------> to:    0  1  1  0  1  0   0
20231031 093447.975 INFO             PET2       MODEL: time step-loop ending,   current time:    0  1  1  0  1  0   0
20231031 093447.975 INFO             PET2       <<<MODEL: leaving Run (phase=RunPhase1) with current time:    0  1  1  0  1  0   0
20231031 093447.975 INFO             PET2     MODEL: Run extro.
20231031 093447.975 INFO             PET2     driver: RunSequence event loopLevel=   1  levelMember=   1  loopIteration=   3, current time:    0  1  1  0  1  0   0
20231031 093447.976 INFO             PET2     MODEL: Run intro.
20231031 093447.976 INFO             PET2       >>>MODEL: entered Run (phase=RunPhase1) with current time:    0  1  1  0  1  0   0
20231031 093447.976 INFO             PET2       MODEL: time step-loop starting, current time:    0  1  1  0  1  0   0
20231031 093447.980 INFO             PET2       thread_num=   1   currentSsiPe=   1   num_threads=   3   max_threads=   3   num_procs=   8
20231031 093447.980 INFO             PET2       thread_num=   2   currentSsiPe=   5   num_threads=   3   max_threads=   3   num_procs=   8
20231031 093447.982 INFO             PET2       thread_num=   0   currentSsiPe=   5   num_threads=   3   max_threads=   3   num_procs=   8
20231031 093447.982 INFO             PET2       ---->Advancing Model from:    0  1  1  0  1  0   0
20231031 093447.982 INFO             PET2       ---------------------> to:    0  1  1  0  1 30   0
20231031 093447.983 INFO             PET2       MODEL: time step-loop ending,   current time:    0  1  1  0  1 30   0
20231031 093447.983 INFO             PET2       <<<MODEL: leaving Run (phase=RunPhase1) with current time:    0  1  1  0  1 30   0
20231031 093447.983 INFO             PET2     MODEL: Run extro.
20231031 093447.983 INFO             PET2     driver: RunSequence event loopLevel=   1  levelMember=   1  loopIteration=   4, current time:    0  1  1  0  1 30   0
20231031 093447.983 INFO             PET2     MODEL: Run intro.
20231031 093447.983 INFO             PET2       >>>MODEL: entered Run (phase=RunPhase1) with current time:    0  1  1  0  1 30   0
20231031 093447.983 INFO             PET2       MODEL: time step-loop starting, current time:    0  1  1  0  1 30   0
20231031 093447.990 INFO             PET2       thread_num=   2   currentSsiPe=   5   num_threads=   3   max_threads=   3   num_procs=   8
20231031 093447.990 INFO             PET2       thread_num=   1   currentSsiPe=   1   num_threads=   3   max_threads=   3   num_procs=   8
20231031 093448.006 INFO             PET2       thread_num=   0   currentSsiPe=   5   num_threads=   3   max_threads=   3   num_procs=   8
20231031 093448.006 INFO             PET2       ---->Advancing Model from:    0  1  1  0  1 30   0
20231031 093448.006 INFO             PET2       ---------------------> to:    0  1  1  0  2  0   0
20231031 093448.006 INFO             PET2       MODEL: time step-loop ending,   current time:    0  1  1  0  2  0   0
20231031 093448.006 INFO             PET2       <<<MODEL: leaving Run (phase=RunPhase1) with current time:    0  1  1  0  2  0   0
20231031 093448.006 INFO             PET2     MODEL: Run extro.
20231031 093448.006 INFO             PET2     driver: RunSequence event loopLevel=   1  levelMember=   1  loopIteration=   5, current time:    0  1  1  0  2  0   0
20231031 093448.006 INFO             PET2     MODEL: Run intro.
20231031 093448.006 INFO             PET2       >>>MODEL: entered Run (phase=RunPhase1) with current time:    0  1  1  0  2  0   0
20231031 093448.006 INFO             PET2       MODEL: time step-loop starting, current time:    0  1  1  0  2  0   0
20231031 093448.006 INFO             PET2       thread_num=   1   currentSsiPe=   1   num_threads=   3   max_threads=   3   num_procs=   8
20231031 093448.006 INFO             PET2       thread_num=   2   currentSsiPe=   5   num_threads=   3   max_threads=   3   num_procs=   8
20231031 093448.014 INFO             PET2       thread_num=   0   currentSsiPe=   5   num_threads=   3   max_threads=   3   num_procs=   8
20231031 093448.015 INFO             PET2       ---->Advancing Model from:    0  1  1  0  2  0   0
20231031 093448.015 INFO             PET2       ---------------------> to:    0  1  1  0  2 30   0
20231031 093448.015 INFO             PET2       MODEL: time step-loop ending,   current time:    0  1  1  0  2 30   0
20231031 093448.015 INFO             PET2       <<<MODEL: leaving Run (phase=RunPhase1) with current time:    0  1  1  0  2 30   0
20231031 093448.015 INFO             PET2     MODEL: Run extro.
20231031 093448.015 INFO             PET2   driver: end <--------- RunSequence
20231031 093448.015 INFO             PET2   <<<driver - leaving Run with current time:    0  1  1  0  2 30   0
20231031 093448.015 INFO             PET2 driver: Run extro.
20231031 093448.015 INFO             PET2 driver: Finalize intro.
20231031 093448.015 INFO             PET2   Calling Finalize phase 1 for modelComp: MODEL
20231031 093448.015 INFO             PET2   MODEL: Finalize intro.
20231031 093448.015 INFO             PET2     >>>MODEL: entered Finalize (phase=FinalizePhase1) with current time:    0  1  1  0  2 30   0
20231031 093448.015 INFO             PET2     <<<MODEL: leaving Finalize (phase=FinalizePhase1) with current time:    0  1  1  0  2 30   0
20231031 093448.015 INFO             PET2   MODEL: Finalize extro.
20231031 093448.015 INFO             PET2   Delete modelComp: MODEL
20231031 093448.015 INFO             PET2   Delete Import-/Export State for modelComp: MODEL
20231031 093448.015 INFO             PET2 driver: Finalize extro.
20231031 093448.015 INFO             PET2 mainApp FINISHED
20231031 093448.015 INFO             PET2  Finalizing ESMF
20231031 093447.916 INFO             PET3 !!!!!!!!!!!!!!!!!!!!!!!!!!!!!!!!!!!!!!!!!!!!!!!!!!!!!!
20231031 093447.916 INFO             PET3 !!! THE ESMF_LOG IS SET TO OUTPUT ALL LOG MESSAGES !!!
20231031 093447.916 INFO             PET3 !!!     THIS MAY CAUSE SLOWDOWN IN PERFORMANCE     !!!
20231031 093447.916 INFO             PET3 !!! FOR PRODUCTION RUNS, USE:                      !!!
20231031 093447.916 INFO             PET3 !!!                   ESMF_LOGKIND_Multi_On_Error  !!!
20231031 093447.916 INFO             PET3 !!!!!!!!!!!!!!!!!!!!!!!!!!!!!!!!!!!!!!!!!!!!!!!!!!!!!!
20231031 093447.916 INFO             PET3 Running with ESMF Version   : v8.6.0b13
20231031 093447.916 INFO             PET3 ESMF library build date/time: "Oct 31 2023" "09:05:57"
20231031 093447.916 INFO             PET3 ESMF library build location : /home/gerhard/ESMF-Nightly-Testing/gfortran_11.2.0_mpich_O_release_8.6.0/esmf
20231031 093447.916 INFO             PET3 ESMF_COMM                   : mpich
20231031 093447.916 INFO             PET3 ESMF_MOAB                   : enabled
20231031 093447.916 INFO             PET3 ESMF_LAPACK                 : enabled
20231031 093447.916 INFO             PET3 ESMF_NETCDF                 : enabled
20231031 093447.916 INFO             PET3 ESMF_PNETCDF                : disabled
20231031 093447.916 INFO             PET3 ESMF_PIO                    : enabled
20231031 093447.916 INFO             PET3 ESMF_YAMLCPP                : enabled
20231031 093447.916 INFO             PET3 mainApp STARTING
20231031 093447.918 INFO             PET3 driver: InitializeGeneric intro.
20231031 093447.918 INFO             PET3   driver: InitializeP0 intro.
20231031 093447.918 INFO             PET3   driver: InitializeP0 extro.
20231031 093447.918 INFO             PET3   driver: InitializeIPDv02p1 intro.
20231031 093447.918 INFO             PET3     >>>driver: entered Initialize (phase=<none>) without valid internal Clock.
20231031 093447.918 INFO             PET3     driver - Creating model component MODEL without petList.
20231031 093447.919 INFO             PET3      GridCompIsPetLocal:  T
20231031 093447.919 INFO             PET3      VmIsCreated:  T
20231031 093447.919 INFO             PET3      valid MPI_COMM with size=           4
20231031 093447.919 INFO             PET3     driver - Creating state: modelComp 1 Import State
20231031 093447.919 INFO             PET3     driver - Creating state: modelComp 1 Export State
20231031 093447.920 INFO             PET3     MODEL: InitializeP0 intro.
20231031 093447.920 INFO             PET3       >>>MODEL: entered Initialize (phase=<none>) without valid internal Clock.
20231031 093447.920 INFO             PET3       <<<MODEL: leaving Initialize (phase=<none>) without valid internal Clock.
20231031 093447.920 INFO             PET3     MODEL: InitializeP0 extro.
20231031 093447.921 INFO             PET3     driver: IInitAdvertise intro.
20231031 093447.921 INFO             PET3     driver: IInitAdvertise extro.
20231031 093447.921 INFO             PET3     MODEL: InitializeIPDvXp01 intro.
20231031 093447.921 INFO             PET3       >>>MODEL: entered Initialize (phase=IPDvXp01) without valid internal Clock.
20231031 093447.922 INFO             PET3       <<<MODEL: leaving Initialize (phase=IPDvXp01) without valid internal Clock.
20231031 093447.922 INFO             PET3     MODEL: InitializeIPDvXp01 extro.
20231031 093447.923 INFO             PET3     driver: IInitAdvertiseFinish intro.
20231031 093447.923 INFO             PET3     driver: IInitAdvertiseFinish extro.
20231031 093447.923 INFO             PET3     driver: IInitModifyCplLists intro.
20231031 093447.923 INFO             PET3     driver: IInitModifyCplLists extro.
20231031 093447.923 INFO             PET3     <<<driver: leaving Initialize (phase=<none>) with current time:    0  1  1  0  0  0   0
20231031 093447.923 INFO             PET3   driver: InitializeIPDv02p1 extro.
20231031 093447.923 INFO             PET3   driver: InitializeIPDv02p3 intro.
20231031 093447.923 INFO             PET3     >>>driver: entered Initialize (phase=<none>) with current time:    0  1  1  0  0  0   0
20231031 093447.923 INFO             PET3     driver: IInitCheck intro.
20231031 093447.923 INFO             PET3     driver: IInitCheck extro.
20231031 093447.923 INFO             PET3     MODEL: InitializeIPDvXp04 intro.
20231031 093447.923 INFO             PET3       >>>MODEL: entered Initialize (phase=IPDvXp04) without valid internal Clock.
20231031 093447.924 INFO             PET3       After Realize: - MemInfo: [/proc/meminfo - SSI]	MemTotal:        7836652 kB
20231031 093447.924 INFO             PET3       After Realize: - MemInfo: [/proc/meminfo - SSI]	MemFree:         1729336 kB
20231031 093447.924 INFO             PET3       After Realize: - MemInfo: [/proc/meminfo - SSI]	MemAvailable:    2897116 kB
20231031 093447.924 INFO             PET3       After Realize: - MemInfo: [/proc/meminfo - SSI]	Committed_AS:   18957040 kB
20231031 093447.924 INFO             PET3       After Realize: - MemInfo: [/proc/meminfo - SSI]	CommittedPercent: 241.902 %
20231031 093447.924 INFO             PET3       After Realize: - MemInfo: [/proc/self/status]	VmPeak:	  111504 kB
20231031 093447.924 INFO             PET3       After Realize: - MemInfo: [/proc/self/status]	VmSize:	  111484 kB
20231031 093447.924 INFO             PET3       After Realize: - MemInfo: [/proc/self/status]	VmLck:	       0 kB
20231031 093447.924 INFO             PET3       After Realize: - MemInfo: [/proc/self/status]	VmPin:	       0 kB
20231031 093447.924 INFO             PET3       After Realize: - MemInfo: [/proc/self/status]	VmHWM:	   29348 kB
20231031 093447.924 INFO             PET3       After Realize: - MemInfo: [/proc/self/status]	VmRSS:	   29348 kB
20231031 093447.924 INFO             PET3       After Realize: - MemInfo: [/proc/self/status]	VmData:	   11176 kB
20231031 093447.924 INFO             PET3       After Realize: - MemInfo: [/proc/self/status]	VmStk:	     136 kB
20231031 093447.924 INFO             PET3       After Realize: - MemInfo: [/proc/self/status]	VmExe:	     168 kB
20231031 093447.924 INFO             PET3       After Realize: - MemInfo: [/proc/self/status]	VmLib:	   43476 kB
20231031 093447.924 INFO             PET3       After Realize: - MemInfo: [/proc/self/status]	VmPTE:	     240 kB
20231031 093447.924 INFO             PET3       After Realize: - MemInfo: [/proc/self/status]	VmSwap:	       0 kB
20231031 093447.924 INFO             PET3       After Realize: - MemInfo: [/proc/self/status]	VmRSSPercent: 0.374497 %
20231031 093447.924 INFO             PET3       After Realize: - MemInfo: [malloc] Non-mmapped space allocated:                  946176 Byte
20231031 093447.924 INFO             PET3       After Realize: - MemInfo: [malloc] Space allocated in mmapped regions:          7053312 Byte
20231031 093447.924 INFO             PET3       After Realize: - MemInfo: [malloc] Maximum total allocated space:                     0 Byte
20231031 093447.924 INFO             PET3       After Realize: - MemInfo: [malloc] Space in freed fastbin blocks:                   480 Byte
20231031 093447.924 INFO             PET3       After Realize: - MemInfo: [malloc] Total allocated space:                        945312 Byte
20231031 093447.924 INFO             PET3       After Realize: - MemInfo: [malloc] Total free space:                                864 Byte
20231031 093447.924 INFO             PET3       After Realize: - MemInfo: [malloc] Top-most, releasable space:                       80 Byte
20231031 093447.924 INFO             PET3       After Realize: - MemInfo: [malloc] Total space in use, mmap + non-mmap:         7998624 Byte
20231031 093447.924 INFO             PET3       After Realize: - MemInfo: [malloc] Total space held (mmap + non-mmap):          8134656 Byte
20231031 093447.925 INFO             PET3       After Realize: - MemInfo: [malloc] Total space used (mmap + non-mmap):          8007536 Byte
20231031 093447.925 INFO             PET3       After Realize: - MemInfo: Wall-clock time since execution start:             0.00941817 seconds
20231031 093447.925 INFO             PET3       <<<MODEL: leaving Initialize (phase=IPDvXp04) without valid internal Clock.
20231031 093447.925 INFO             PET3     MODEL: InitializeIPDvXp04 extro.
20231031 093447.925 INFO             PET3     driver: IInitRealize intro.
20231031 093447.925 INFO             PET3     driver: IInitRealize extro.
20231031 093447.925 INFO             PET3     MODEL: InitializeIPDvXp07 intro.
20231031 093447.925 INFO             PET3       >>>MODEL: entered Initialize (phase=IPDvXp07) without valid internal Clock.
20231031 093447.925 INFO             PET3       <<<MODEL: leaving Initialize (phase=IPDvXp07) with current time:    0  1  1  0  0  0   0
20231031 093447.925 INFO             PET3     MODEL: InitializeIPDvXp07 extro.
20231031 093447.925 INFO             PET3     <<<driver: leaving Initialize (phase=<none>) with current time:    0  1  1  0  0  0   0
20231031 093447.925 INFO             PET3   driver: InitializeIPDv02p3 extro.
20231031 093447.925 INFO             PET3   driver: InitializeIPDv02p5 intro.
20231031 093447.925 INFO             PET3     >>>driver: entered Initialize (phase=<none>) with current time:    0  1  1  0  0  0   0
20231031 093447.925 INFO             PET3     driver: this is a top level driver, no 'Updated' and 'InitializeDataComplete' info on this level.
20231031 093447.925 INFO             PET3     driver: InitializeIPDv02p5Data intro.
20231031 093447.925 INFO             PET3       driver: InternalInitializeComplete intro.
20231031 093447.925 INFO             PET3         driver: InitializeDataComplete='true'
20231031 093447.925 INFO             PET3       driver: InternalInitializeComplete extro.
20231031 093447.925 INFO             PET3       MODEL: InitializeIPDvXp08 intro.
20231031 093447.925 INFO             PET3         >>>MODEL: entered Initialize (phase=IPDv05p8) with current time:    0  1  1  0  0  0   0
20231031 093447.925 INFO             PET3         MODEL: InitializeDataProgress='false', InitializeDataComplete='false'
20231031 093447.926 INFO             PET3         <<<MODEL: leaving Initialize (phase=IPDv05p8) with current time:    0  1  1  0  0  0   0
20231031 093447.926 INFO             PET3       MODEL: InitializeIPDvXp08 extro.
20231031 093447.926 INFO             PET3       driver: components present that trigger loopDataDependentInitialize().
20231031 093447.926 INFO             PET3       driver: loopDataDependentInitialize intro.
20231031 093447.926 INFO             PET3         driver: component    0=driver, dataComplete (local): true
20231031 093447.926 INFO             PET3         driver: component    0=driver, dataComplete (global): T
20231031 093447.926 INFO             PET3         driver: component    1=MODEL, dataComplete (local): false
20231031 093447.926 INFO             PET3         driver: component    1=MODEL, dataComplete (global): F
20231031 093447.926 INFO             PET3         MODEL: InitializeIPDvXp08 intro.
20231031 093447.926 INFO             PET3           >>>MODEL: entered Initialize (phase=IPDv05p8) with current time:    0  1  1  0  0  0   0
20231031 093447.926 INFO             PET3           MODEL: InitializeDataProgress='true', InitializeDataComplete='true'
20231031 093447.926 INFO             PET3           <<<MODEL: leaving Initialize (phase=IPDv05p8) with current time:    0  1  1  0  0  0   0
20231031 093447.926 INFO             PET3         MODEL: InitializeIPDvXp08 extro.
20231031 093447.926 INFO             PET3         driver: component    1=MODEL, someProgress (local): true
20231031 093447.926 INFO             PET3         driver: component    1=MODEL, someProgress (global): T
20231031 093447.926 INFO             PET3         driver: someProgress=T, allComplete=F, present(dataDepAllComplete)=T
20231031 093447.926 INFO             PET3         driver: component    0=driver, dataComplete (local): true
20231031 093447.926 INFO             PET3         driver: component    0=driver, dataComplete (global): T
20231031 093447.926 INFO             PET3         driver: component    1=MODEL, dataComplete (local): true
20231031 093447.926 INFO             PET3         driver: component    1=MODEL, dataComplete (global): T
20231031 093447.926 INFO             PET3         driver: someProgress=F, allComplete=T, present(dataDepAllComplete)=T
20231031 093447.926 INFO             PET3         driver: finished resolving initialize data dependencies on this level.
20231031 093447.926 INFO             PET3       driver: loopDataDependentInitialize extro.
20231031 093447.926 INFO             PET3       driver: loopDataDependentInitialize() returned with dataDepAllComplete: T
20231031 093447.926 INFO             PET3     driver: InitializeIPDv02p5Data extro.
20231031 093447.926 INFO             PET3     <<<driver: leaving Initialize (phase=<none>) with current time:    0  1  1  0  0  0   0
20231031 093447.926 INFO             PET3   driver: InitializeIPDv02p5 extro.
20231031 093447.926 INFO             PET3 driver: InitializeGeneric extro.
20231031 093447.926 INFO             PET3 driver: Run intro.
20231031 093447.926 INFO             PET3   >>>driver entered Run (phase=RunPhase1) with current time:    0  1  1  0  0  0   0
20231031 093447.926 INFO             PET3   driver: after lable_SetRunClock, current time:    0  1  1  0  0  0   0
20231031 093447.927 INFO             PET3   driver: begin -------> RunSequence.
20231031 093447.927 INFO             PET3     driver: RunSequence event loopLevel=   1  levelMember=   1  loopIteration=   1, current time:    0  1  1  0  0  0   0
20231031 093447.927 INFO             PET3     MODEL: Run intro.
20231031 093447.927 INFO             PET3       >>>MODEL: entered Run (phase=RunPhase1) with current time:    0  1  1  0  0  0   0
20231031 093447.927 INFO             PET3       MODEL: time step-loop starting, current time:    0  1  1  0  0  0   0
20231031 093447.942 INFO             PET3       thread_num=   1   currentSsiPe=   3   num_threads=   3   max_threads=   3   num_procs=   8
20231031 093447.942 INFO             PET3       thread_num=   2   currentSsiPe=   7   num_threads=   3   max_threads=   3   num_procs=   8
20231031 093447.956 INFO             PET3       thread_num=   0   currentSsiPe=   3   num_threads=   3   max_threads=   3   num_procs=   8
20231031 093447.956 INFO             PET3       ---->Advancing Model from:    0  1  1  0  0  0   0
20231031 093447.957 INFO             PET3       ---------------------> to:    0  1  1  0  0 30   0
20231031 093447.957 INFO             PET3       MODEL: time step-loop ending,   current time:    0  1  1  0  0 30   0
20231031 093447.957 INFO             PET3       <<<MODEL: leaving Run (phase=RunPhase1) with current time:    0  1  1  0  0 30   0
20231031 093447.957 INFO             PET3     MODEL: Run extro.
20231031 093447.957 INFO             PET3     driver: RunSequence event loopLevel=   1  levelMember=   1  loopIteration=   2, current time:    0  1  1  0  0 30   0
20231031 093447.957 INFO             PET3     MODEL: Run intro.
20231031 093447.957 INFO             PET3       >>>MODEL: entered Run (phase=RunPhase1) with current time:    0  1  1  0  0 30   0
20231031 093447.957 INFO             PET3       MODEL: time step-loop starting, current time:    0  1  1  0  0 30   0
20231031 093447.970 INFO             PET3       thread_num=   2   currentSsiPe=   7   num_threads=   3   max_threads=   3   num_procs=   8
20231031 093447.971 INFO             PET3       thread_num=   1   currentSsiPe=   3   num_threads=   3   max_threads=   3   num_procs=   8
20231031 093447.986 INFO             PET3       thread_num=   0   currentSsiPe=   3   num_threads=   3   max_threads=   3   num_procs=   8
20231031 093447.986 INFO             PET3       ---->Advancing Model from:    0  1  1  0  0 30   0
20231031 093447.986 INFO             PET3       ---------------------> to:    0  1  1  0  1  0   0
20231031 093447.986 INFO             PET3       MODEL: time step-loop ending,   current time:    0  1  1  0  1  0   0
20231031 093447.986 INFO             PET3       <<<MODEL: leaving Run (phase=RunPhase1) with current time:    0  1  1  0  1  0   0
20231031 093447.986 INFO             PET3     MODEL: Run extro.
20231031 093447.986 INFO             PET3     driver: RunSequence event loopLevel=   1  levelMember=   1  loopIteration=   3, current time:    0  1  1  0  1  0   0
20231031 093447.986 INFO             PET3     MODEL: Run intro.
20231031 093447.986 INFO             PET3       >>>MODEL: entered Run (phase=RunPhase1) with current time:    0  1  1  0  1  0   0
20231031 093447.987 INFO             PET3       MODEL: time step-loop starting, current time:    0  1  1  0  1  0   0
20231031 093448.002 INFO             PET3       thread_num=   1   currentSsiPe=   3   num_threads=   3   max_threads=   3   num_procs=   8
20231031 093448.002 INFO             PET3       thread_num=   2   currentSsiPe=   7   num_threads=   3   max_threads=   3   num_procs=   8
20231031 093448.017 INFO             PET3       thread_num=   0   currentSsiPe=   3   num_threads=   3   max_threads=   3   num_procs=   8
20231031 093448.017 INFO             PET3       ---->Advancing Model from:    0  1  1  0  1  0   0
20231031 093448.017 INFO             PET3       ---------------------> to:    0  1  1  0  1 30   0
20231031 093448.017 INFO             PET3       MODEL: time step-loop ending,   current time:    0  1  1  0  1 30   0
20231031 093448.017 INFO             PET3       <<<MODEL: leaving Run (phase=RunPhase1) with current time:    0  1  1  0  1 30   0
20231031 093448.017 INFO             PET3     MODEL: Run extro.
20231031 093448.017 INFO             PET3     driver: RunSequence event loopLevel=   1  levelMember=   1  loopIteration=   4, current time:    0  1  1  0  1 30   0
20231031 093448.017 INFO             PET3     MODEL: Run intro.
20231031 093448.017 INFO             PET3       >>>MODEL: entered Run (phase=RunPhase1) with current time:    0  1  1  0  1 30   0
20231031 093448.017 INFO             PET3       MODEL: time step-loop starting, current time:    0  1  1  0  1 30   0
20231031 093448.030 INFO             PET3       thread_num=   1   currentSsiPe=   3   num_threads=   3   max_threads=   3   num_procs=   8
20231031 093448.030 INFO             PET3       thread_num=   2   currentSsiPe=   7   num_threads=   3   max_threads=   3   num_procs=   8
20231031 093448.042 INFO             PET3       thread_num=   0   currentSsiPe=   3   num_threads=   3   max_threads=   3   num_procs=   8
20231031 093448.042 INFO             PET3       ---->Advancing Model from:    0  1  1  0  1 30   0
20231031 093448.042 INFO             PET3       ---------------------> to:    0  1  1  0  2  0   0
20231031 093448.043 INFO             PET3       MODEL: time step-loop ending,   current time:    0  1  1  0  2  0   0
20231031 093448.043 INFO             PET3       <<<MODEL: leaving Run (phase=RunPhase1) with current time:    0  1  1  0  2  0   0
20231031 093448.043 INFO             PET3     MODEL: Run extro.
20231031 093448.043 INFO             PET3     driver: RunSequence event loopLevel=   1  levelMember=   1  loopIteration=   5, current time:    0  1  1  0  2  0   0
20231031 093448.043 INFO             PET3     MODEL: Run intro.
20231031 093448.043 INFO             PET3       >>>MODEL: entered Run (phase=RunPhase1) with current time:    0  1  1  0  2  0   0
20231031 093448.043 INFO             PET3       MODEL: time step-loop starting, current time:    0  1  1  0  2  0   0
20231031 093448.054 INFO             PET3       thread_num=   2   currentSsiPe=   7   num_threads=   3   max_threads=   3   num_procs=   8
20231031 093448.054 INFO             PET3       thread_num=   0   currentSsiPe=   3   num_threads=   3   max_threads=   3   num_procs=   8
20231031 093448.054 INFO             PET3       thread_num=   1   currentSsiPe=   2   num_threads=   3   max_threads=   3   num_procs=   8
20231031 093448.054 INFO             PET3       ---->Advancing Model from:    0  1  1  0  2  0   0
20231031 093448.054 INFO             PET3       ---------------------> to:    0  1  1  0  2 30   0
20231031 093448.054 INFO             PET3       MODEL: time step-loop ending,   current time:    0  1  1  0  2 30   0
20231031 093448.054 INFO             PET3       <<<MODEL: leaving Run (phase=RunPhase1) with current time:    0  1  1  0  2 30   0
20231031 093448.054 INFO             PET3     MODEL: Run extro.
20231031 093448.054 INFO             PET3   driver: end <--------- RunSequence
20231031 093448.054 INFO             PET3   <<<driver - leaving Run with current time:    0  1  1  0  2 30   0
20231031 093448.054 INFO             PET3 driver: Run extro.
20231031 093448.054 INFO             PET3 driver: Finalize intro.
20231031 093448.054 INFO             PET3   Calling Finalize phase 1 for modelComp: MODEL
20231031 093448.054 INFO             PET3   MODEL: Finalize intro.
20231031 093448.054 INFO             PET3     >>>MODEL: entered Finalize (phase=FinalizePhase1) with current time:    0  1  1  0  2 30   0
20231031 093448.054 INFO             PET3     <<<MODEL: leaving Finalize (phase=FinalizePhase1) with current time:    0  1  1  0  2 30   0
20231031 093448.054 INFO             PET3   MODEL: Finalize extro.
20231031 093448.054 INFO             PET3   Delete modelComp: MODEL
20231031 093448.054 INFO             PET3   Delete Import-/Export State for modelComp: MODEL
20231031 093448.054 INFO             PET3 driver: Finalize extro.
20231031 093448.054 INFO             PET3 mainApp FINISHED
20231031 093448.055 INFO             PET3  Finalizing ESMF
