2023-11-19 02:46:13
20231119 030808.055 INFO             PET0 !!!!!!!!!!!!!!!!!!!!!!!!!!!!!!!!!!!!!!!!!!!!!!!!!!!!!!
20231119 030808.055 INFO             PET0 !!! THE ESMF_LOG IS SET TO OUTPUT ALL LOG MESSAGES !!!
20231119 030808.055 INFO             PET0 !!!     THIS MAY CAUSE SLOWDOWN IN PERFORMANCE     !!!
20231119 030808.055 INFO             PET0 !!! FOR PRODUCTION RUNS, USE:                      !!!
20231119 030808.055 INFO             PET0 !!!                   ESMF_LOGKIND_Multi_On_Error  !!!
20231119 030808.055 INFO             PET0 !!!!!!!!!!!!!!!!!!!!!!!!!!!!!!!!!!!!!!!!!!!!!!!!!!!!!!
20231119 030808.055 INFO             PET0 Running with ESMF Version   : v8.7.0b01-5-gf664797301
20231119 030808.055 INFO             PET0 ESMF library build date/time: "Nov 19 2023" "02:45:16"
20231119 030808.055 INFO             PET0 ESMF library build location : /tmp/intel_2023.1.0-classic_mpiuni_g_develop/esmf
20231119 030808.055 INFO             PET0 ESMF_COMM                   : mpiuni
20231119 030808.055 INFO             PET0 ESMF_MOAB                   : enabled
20231119 030808.056 INFO             PET0 ESMF_LAPACK                 : enabled
20231119 030808.056 INFO             PET0 ESMF_NETCDF                 : enabled
20231119 030808.056 INFO             PET0 ESMF_PNETCDF                : disabled
20231119 030808.056 INFO             PET0 ESMF_PIO                    : disabled
20231119 030808.056 INFO             PET0 ESMF_YAMLCPP                : enabled
20231119 030808.057 INFO             PET0  NUMBER_OF_PROCESSORS           1
20231119 030808.057 INFO             PET0  PASS  Example ESMF_GCompEx, ESMF_GCompEx.F90, line 465
20231119 030808.057 INFO             PET0  Finalizing ESMF
