2023-10-21 03:10:36
20231021 042323.201 INFO             PET0 !!!!!!!!!!!!!!!!!!!!!!!!!!!!!!!!!!!!!!!!!!!!!!!!!!!!!!
20231021 042323.201 INFO             PET0 !!! THE ESMF_LOG IS SET TO OUTPUT ALL LOG MESSAGES !!!
20231021 042323.201 INFO             PET0 !!!     THIS MAY CAUSE SLOWDOWN IN PERFORMANCE     !!!
20231021 042323.201 INFO             PET0 !!! FOR PRODUCTION RUNS, USE:                      !!!
20231021 042323.201 INFO             PET0 !!!                   ESMF_LOGKIND_Multi_On_Error  !!!
20231021 042323.201 INFO             PET0 !!!!!!!!!!!!!!!!!!!!!!!!!!!!!!!!!!!!!!!!!!!!!!!!!!!!!!
20231021 042323.201 INFO             PET0 Running with ESMF Version   : v8.6.0b10-15-g69098dfbff
20231021 042323.201 INFO             PET0 ESMF library build date/time: "Oct 21 2023" "03:02:38"
20231021 042323.201 INFO             PET0 ESMF library build location : /glade/scratch/theurich/ESMF-Nightly-Testing/intel_18.0.5_mpt_g_develop/esmf
20231021 042323.201 INFO             PET0 ESMF_COMM                   : mpt
20231021 042323.202 INFO             PET0 ESMF_MOAB                   : enabled
20231021 042323.202 INFO             PET0 ESMF_LAPACK                 : enabled
20231021 042323.202 INFO             PET0 ESMF_NETCDF                 : enabled
20231021 042323.202 INFO             PET0 ESMF_PNETCDF                : disabled
20231021 042323.202 INFO             PET0 ESMF_PIO                    : enabled
20231021 042323.202 INFO             PET0 ESMF_YAMLCPP                : enabled
20231021 042323.202 INFO             PET0  NUMBER_OF_PROCESSORS           1
20231021 042323.202 INFO             PET0  PASS  Example ESMF_TimeEx, ESMF_TimeEx.F90, line 141
20231021 042323.202 INFO             PET0  Finalizing ESMF
