2023-10-25 19:24:49
20231025 193844.784 INFO             PET0 !!!!!!!!!!!!!!!!!!!!!!!!!!!!!!!!!!!!!!!!!!!!!!!!!!!!!!
20231025 193844.785 INFO             PET0 !!! THE ESMF_LOG IS SET TO OUTPUT ALL LOG MESSAGES !!!
20231025 193844.785 INFO             PET0 !!!     THIS MAY CAUSE SLOWDOWN IN PERFORMANCE     !!!
20231025 193844.785 INFO             PET0 !!! FOR PRODUCTION RUNS, USE:                      !!!
20231025 193844.785 INFO             PET0 !!!                   ESMF_LOGKIND_Multi_On_Error  !!!
20231025 193844.785 INFO             PET0 !!!!!!!!!!!!!!!!!!!!!!!!!!!!!!!!!!!!!!!!!!!!!!!!!!!!!!
20231025 193844.785 INFO             PET0 Running with ESMF Version   : v8.6.0b11-6-gc86788f951
20231025 193844.785 INFO             PET0 ESMF library build date/time: "Oct 25 2023" "19:23:59"
20231025 193844.785 INFO             PET0 ESMF library build location : /Users/oehmke/ESMF_AutoTest/gfortranclang_12.2.0_14.0.0_mpich_O_feature_trace_preload_linked/esmf
20231025 193844.785 INFO             PET0 ESMF_COMM                   : mpich
20231025 193844.785 INFO             PET0 ESMF_MOAB                   : enabled
20231025 193844.785 INFO             PET0 ESMF_LAPACK                 : enabled
20231025 193844.785 INFO             PET0 ESMF_NETCDF                 : enabled
20231025 193844.785 INFO             PET0 ESMF_PNETCDF                : disabled
20231025 193844.785 INFO             PET0 ESMF_PIO                    : enabled
20231025 193844.785 INFO             PET0 ESMF_YAMLCPP                : enabled
20231025 193844.785 INFO             PET0  NUMBER_OF_PROCESSORS           1
20231025 193844.785 INFO             PET0  PASS  Example ESMF_TimeEx, ESMF_TimeEx.F90, line 141
20231025 193844.785 INFO             PET0  Finalizing ESMF
