2023-10-17 07:40:23
20231017 082231.929 INFO             PET0 !!!!!!!!!!!!!!!!!!!!!!!!!!!!!!!!!!!!!!!!!!!!!!!!!!!!!!
20231017 082231.929 INFO             PET0 !!! THE ESMF_LOG IS SET TO OUTPUT ALL LOG MESSAGES !!!
20231017 082231.929 INFO             PET0 !!!     THIS MAY CAUSE SLOWDOWN IN PERFORMANCE     !!!
20231017 082231.929 INFO             PET0 !!! FOR PRODUCTION RUNS, USE:                      !!!
20231017 082231.929 INFO             PET0 !!!                   ESMF_LOGKIND_Multi_On_Error  !!!
20231017 082231.929 INFO             PET0 !!!!!!!!!!!!!!!!!!!!!!!!!!!!!!!!!!!!!!!!!!!!!!!!!!!!!!
20231017 082231.929 INFO             PET0 Running with ESMF Version   : v8.6.0b09-2-g5cd9f55d8a
20231017 082231.929 INFO             PET0 ESMF library build date/time: "Oct 17 2023" "07:38:02"
20231017 082231.929 INFO             PET0 ESMF library build location : /scratch2/NCEPDEV/stmp1/Gerhard.Theurich/ESMF-Nightly-Testing/intel_2023.1.0-classic_intelmpi_g_develop/esmf
20231017 082231.929 INFO             PET0 ESMF_COMM                   : intelmpi
20231017 082231.930 INFO             PET0 ESMF_MOAB                   : enabled
20231017 082231.930 INFO             PET0 ESMF_LAPACK                 : enabled
20231017 082231.930 INFO             PET0 ESMF_NETCDF                 : enabled
20231017 082231.930 INFO             PET0 ESMF_PNETCDF                : disabled
20231017 082231.930 INFO             PET0 ESMF_PIO                    : enabled
20231017 082231.930 INFO             PET0 ESMF_YAMLCPP                : enabled
20231017 082231.931 INFO             PET0 esmApp STARTING
20231017 082231.937 INFO             PET0 esm: InitializeGeneric intro.
20231017 082231.937 INFO             PET0   esm: InitializeP0 intro.
20231017 082231.937 INFO             PET0   esm: InitializeP0 extro.
20231017 082231.937 INFO             PET0   esm: InitializeIPDv02p1 intro.
20231017 082231.937 INFO             PET0     >>>esm: entered Initialize (phase=<none>) without valid internal Clock.
20231017 082231.938 INFO             PET0     esm - Creating model component ATM with petList of size 2 :
20231017 082231.938 INFO             PET0           0      1
20231017 082231.942 INFO             PET0     esm - Creating model component OCN with petList of size 2 :
20231017 082231.942 INFO             PET0           2      3
20231017 082231.943 INFO             PET0     esm - Creating connector component ATM-TO-OCN with petList of size 4 :
20231017 082231.943 INFO             PET0           0      1      2      3
20231017 082231.951 INFO             PET0     esm - Creating connector component OCN-TO-ATM with petList of size 4 :
20231017 082231.951 INFO             PET0           2      3      0      1
20231017 082231.959 INFO             PET0     esm - Creating state: modelComp 1 Import State
20231017 082231.959 INFO             PET0     esm - Creating state: modelComp 1 Export State
20231017 082231.959 INFO             PET0     esm - Creating state: modelComp 2 Import State
20231017 082231.959 INFO             PET0     esm - Creating state: modelComp 2 Export State
20231017 082231.960 INFO             PET0     ATM: InitializeP0 intro.
20231017 082231.961 INFO             PET0     ATM: InitializeP0 extro.
20231017 082231.964 INFO             PET0     ATM-TO-OCN: InitializeP0 intro.
20231017 082231.965 INFO             PET0     ATM-TO-OCN: InitializeP0 extro.
20231017 082231.966 INFO             PET0     OCN-TO-ATM: InitializeP0 intro.
20231017 082231.966 INFO             PET0     OCN-TO-ATM: InitializeP0 extro.
20231017 082231.968 INFO             PET0     esm: IInitAdvertise intro.
20231017 082231.968 INFO             PET0     esm: IInitAdvertise extro.
20231017 082231.968 INFO             PET0     ATM: InitializeIPDvXp01 intro.
20231017 082231.972 INFO             PET0     ATM: InitializeIPDvXp01 extro.
20231017 082231.974 INFO             PET0     ATM-TO-OCN: InitializeIPDv05p1 intro.
20231017 082231.990 INFO             PET0     ATM-TO-OCN: InitializeIPDv05p1 extro.
20231017 082231.990 INFO             PET0     OCN-TO-ATM: InitializeIPDv05p1 intro.
20231017 082231.995 INFO             PET0     OCN-TO-ATM: InitializeIPDv05p1 extro.
20231017 082231.995 INFO             PET0     esm: IInitAdvertiseFinish intro.
20231017 082231.995 INFO             PET0     esm: IInitAdvertiseFinish extro.
20231017 082231.995 INFO             PET0     ATM-TO-OCN: InitializeIPDv05p2a intro.
20231017 082232.006 INFO             PET0     ATM-TO-OCN: InitializeIPDv05p2a extro.
20231017 082232.006 INFO             PET0     OCN-TO-ATM: InitializeIPDv05p2a intro.
20231017 082232.011 INFO             PET0     OCN-TO-ATM: InitializeIPDv05p2a extro.
20231017 082232.011 INFO             PET0     ATM-TO-OCN: InitializeIPDv05p2b intro.
20231017 082232.022 INFO             PET0     ATM-TO-OCN: InitializeIPDv05p2b extro.
20231017 082232.022 INFO             PET0     OCN-TO-ATM: InitializeIPDv05p2b intro.
20231017 082232.027 INFO             PET0     OCN-TO-ATM: InitializeIPDv05p2b extro.
20231017 082232.027 INFO             PET0     esm: IInitModifyCplLists intro.
20231017 082232.027 INFO             PET0       Driver is in ModifyCplLists()
20231017 082232.027 INFO             PET0        Found            2  Connectors. Modifying CplList Attribute....
20231017 082232.028 INFO             PET0        Modifying cplList Attribute on ATM-TO-OCN: air_pressure_at_sea_level
20231017 082232.028 INFO             PET0        Modified: air_pressure_at_sea_level:REMAPMETHOD=redist
20231017 082232.028 INFO             PET0        Modifying cplList Attribute on ATM-TO-OCN: surface_net_downward_longwave_flux
20231017 082232.028 INFO             PET0        Modified: surface_net_downward_longwave_flux:REMAPMETHOD=bilinear:SrcTermProcessing=1:DUMPWEIGHTS=true:TermOrder=SrcSeq
20231017 082232.028 INFO             PET0        Modifying cplList Attribute on ATM-TO-OCN: surface_net_downward_shortwave_flux
20231017 082232.028 INFO             PET0        Modified: surface_net_downward_shortwave_flux:REMAPMETHOD=redist
20231017 082232.028 INFO             PET0        Modifying cplList Attribute on ATM-TO-OCN: surface_downward_heat_flux_in_air
20231017 082232.028 INFO             PET0        Modified: surface_downward_heat_flux_in_air:REMAPMETHOD=bilinear:SrcTermProcessing=1:DUMPWEIGHTS=true:TermOrder=SrcSeq
20231017 082232.028 INFO             PET0        Modifying cplList Attribute on OCN-TO-ATM: sea_surface_temperature
20231017 082232.028 INFO             PET0        Modified: sea_surface_temperature:REMAPMETHOD=bilinear:SrcTermProcessing=1:DUMPWEIGHTS=true:TermOrder=SrcSeq
20231017 082232.028 INFO             PET0     esm: IInitModifyCplLists extro.
20231017 082232.028 INFO             PET0     ATM-TO-OCN: InitializeIPDv05p3 intro.
20231017 082232.039 INFO             PET0     ATM-TO-OCN: InitializeIPDv05p3 extro.
20231017 082232.039 INFO             PET0     OCN-TO-ATM: InitializeIPDv05p3 intro.
20231017 082232.045 INFO             PET0     OCN-TO-ATM: InitializeIPDv05p3 extro.
20231017 082232.045 INFO             PET0     <<<esm: leaving Initialize (phase=<none>) with current time: 2010  6  1  0  0  0   0
20231017 082232.045 INFO             PET0   esm: InitializeIPDv02p1 extro.
20231017 082232.045 INFO             PET0   esm: InitializeIPDv02p3 intro.
20231017 082232.045 INFO             PET0     >>>esm: entered Initialize (phase=<none>) with current time: 2010  6  1  0  0  0   0
20231017 082232.045 INFO             PET0     esm: IInitCheck intro.
20231017 082232.045 INFO             PET0     esm: IInitCheck extro.
20231017 082232.046 INFO             PET0     ATM: InitializeIPDvXp04 intro.
20231017 082232.056 INFO             PET0     ATM: InitializeIPDvXp04 extro.
20231017 082232.058 INFO             PET0     ATM-TO-OCN: InitializeIPDv05p4 intro.
20231017 082232.079 INFO             PET0     ATM-TO-OCN: InitializeIPDv05p4 extro.
20231017 082232.079 INFO             PET0     OCN-TO-ATM: InitializeIPDv05p4 intro.
20231017 082232.088 INFO             PET0     OCN-TO-ATM: InitializeIPDv05p4 extro.
20231017 082232.088 INFO             PET0     ATM-TO-OCN: InitializeIPDv05p5 intro.
20231017 082232.107 INFO             PET0     ATM-TO-OCN: InitializeIPDv05p5 extro.
20231017 082232.108 INFO             PET0     OCN-TO-ATM: InitializeIPDv05p5 intro.
20231017 082232.116 INFO             PET0     OCN-TO-ATM: InitializeIPDv05p5 extro.
20231017 082232.117 INFO             PET0     esm: IInitRealize intro.
20231017 082232.117 INFO             PET0     esm: IInitRealize extro.
20231017 082232.117 INFO             PET0     ATM-TO-OCN: InitializeIPDv05p6a intro.
20231017 082232.135 INFO             PET0     ATM-TO-OCN: InitializeIPDv05p6a extro.
20231017 082232.136 INFO             PET0     OCN-TO-ATM: InitializeIPDv05p6a intro.
20231017 082232.144 INFO             PET0     OCN-TO-ATM: InitializeIPDv05p6a extro.
20231017 082232.144 INFO             PET0     ATM-TO-OCN: InitializeIPDv05p6b intro.
20231017 082232.638 INFO             PET0     ATM-TO-OCN: InitializeIPDv05p6b extro.
20231017 082232.639 INFO             PET0     OCN-TO-ATM: InitializeIPDv05p6b intro.
20231017 082233.046 INFO             PET0     OCN-TO-ATM: InitializeIPDv05p6b extro.
20231017 082233.047 INFO             PET0     ATM: InitializeIPDvXp07 intro.
20231017 082233.048 INFO             PET0     ATM: InitializeIPDvXp07 extro.
20231017 082233.048 INFO             PET0     <<<esm: leaving Initialize (phase=<none>) with current time: 2010  6  1  0  0  0   0
20231017 082233.048 INFO             PET0   esm: InitializeIPDv02p3 extro.
20231017 082233.048 INFO             PET0   esm: InitializeIPDv02p5 intro.
20231017 082233.048 INFO             PET0     >>>esm: entered Initialize (phase=<none>) with current time: 2010  6  1  0  0  0   0
20231017 082233.048 INFO             PET0     esm: this is a top level driver, no 'Updated' and 'InitializeDataComplete' info on this level.
20231017 082233.048 INFO             PET0     esm: InitializeIPDv02p5Data intro.
20231017 082233.048 INFO             PET0       esm: InternalInitializeComplete intro.
20231017 082233.048 INFO             PET0         esm: InitializeDataComplete='true'
20231017 082233.048 INFO             PET0       esm: InternalInitializeComplete extro.
20231017 082233.049 INFO             PET0       ATM: InitializeIPDv01p5 intro.
20231017 082233.049 INFO             PET0       ATM: InitializeIPDv01p5 extro.
20231017 082233.051 INFO             PET0       esm: components present that trigger loopDataDependentInitialize().
20231017 082233.051 INFO             PET0       esm: loopDataDependentInitialize intro.
20231017 082233.051 INFO             PET0         esm: component    0=esm, dataComplete (local): true
20231017 082233.052 INFO             PET0         esm: component    0=esm, dataComplete (global):  T
20231017 082233.052 INFO             PET0         esm: component    1=ATM, dataComplete (local): true
20231017 082233.052 INFO             PET0         esm: component    1=ATM, dataComplete (global):  T
20231017 082233.052 INFO             PET0         esm: component    2=OCN, dataComplete (local): true
20231017 082233.052 INFO             PET0         esm: component    2=OCN, dataComplete (global):  T
20231017 082233.052 INFO             PET0         esm: someProgress= F, allComplete= T, present(dataDepAllComplete)= T
20231017 082233.052 INFO             PET0         esm: finished resolving initialize data dependencies on this level.
20231017 082233.052 INFO             PET0       esm: loopDataDependentInitialize extro.
20231017 082233.052 INFO             PET0       esm: loopDataDependentInitialize() returned with dataDepAllComplete:  T
20231017 082233.052 INFO             PET0     esm: InitializeIPDv02p5Data extro.
20231017 082233.052 INFO             PET0     <<<esm: leaving Initialize (phase=<none>) with current time: 2010  6  1  0  0  0   0
20231017 082233.052 INFO             PET0   esm: InitializeIPDv02p5 extro.
20231017 082233.052 INFO             PET0 esm: InitializeGeneric extro.
20231017 082233.052 INFO             PET0 esm: Run intro.
20231017 082233.052 INFO             PET0   >>>esm entered Run (phase=RunPhase1) with current time: 2010  6  1  0  0  0   0
20231017 082233.052 INFO             PET0   esm: after lable_SetRunClock, current time: 2010  6  1  0  0  0   0
20231017 082233.052 INFO             PET0   esm: begin -------> RunSequence.
20231017 082233.052 INFO             PET0     esm: RunSequence event loopLevel=   1  levelMember=   1  loopIteration=   1, current time: 2010  6  1  0  0  0   0
20231017 082233.052 INFO             PET0     ATM-TO-OCN: Run intro.
20231017 082233.053 INFO             PET0     ATM-TO-OCN: Run extro.
20231017 082233.054 INFO             PET0     OCN-TO-ATM: Run intro.
20231017 082233.054 INFO             PET0     OCN-TO-ATM: Run extro.
20231017 082233.055 INFO             PET0     ATM: Run intro.
20231017 082233.055 INFO             PET0       ------>Advancing ATM from: 2010  6  1  0  0  0   0
20231017 082233.055 INFO             PET0       ---------------------> to: 2010  6  1  0 15  0   0
20231017 082233.092 INFO             PET0     ATM: Run extro.
20231017 082233.092 INFO             PET0     esm: RunSequence event loopLevel=   1  levelMember=   1  loopIteration=   2, current time: 2010  6  1  0 15  0   0
20231017 082233.092 INFO             PET0     ATM-TO-OCN: Run intro.
20231017 082233.093 INFO             PET0     ATM-TO-OCN: Run extro.
20231017 082233.093 INFO             PET0     OCN-TO-ATM: Run intro.
20231017 082233.127 INFO             PET0     OCN-TO-ATM: Run extro.
20231017 082233.127 INFO             PET0     ATM: Run intro.
20231017 082233.127 INFO             PET0       ------>Advancing ATM from: 2010  6  1  0 15  0   0
20231017 082233.127 INFO             PET0       ---------------------> to: 2010  6  1  0 30  0   0
20231017 082233.145 INFO             PET0     ATM: Run extro.
20231017 082233.145 INFO             PET0     esm: RunSequence event loopLevel=   1  levelMember=   1  loopIteration=   3, current time: 2010  6  1  0 30  0   0
20231017 082233.145 INFO             PET0     ATM-TO-OCN: Run intro.
20231017 082233.145 INFO             PET0     ATM-TO-OCN: Run extro.
20231017 082233.146 INFO             PET0     OCN-TO-ATM: Run intro.
20231017 082233.184 INFO             PET0     OCN-TO-ATM: Run extro.
20231017 082233.184 INFO             PET0     ATM: Run intro.
20231017 082233.184 INFO             PET0       ------>Advancing ATM from: 2010  6  1  0 30  0   0
20231017 082233.184 INFO             PET0       ---------------------> to: 2010  6  1  0 45  0   0
20231017 082233.236 INFO             PET0     ATM: Run extro.
20231017 082233.236 INFO             PET0     esm: RunSequence event loopLevel=   1  levelMember=   1  loopIteration=   4, current time: 2010  6  1  0 45  0   0
20231017 082233.237 INFO             PET0     ATM-TO-OCN: Run intro.
20231017 082233.237 INFO             PET0     ATM-TO-OCN: Run extro.
20231017 082233.237 INFO             PET0     OCN-TO-ATM: Run intro.
20231017 082233.254 INFO             PET0     OCN-TO-ATM: Run extro.
20231017 082233.254 INFO             PET0     ATM: Run intro.
20231017 082233.254 INFO             PET0       ------>Advancing ATM from: 2010  6  1  0 45  0   0
20231017 082233.254 INFO             PET0       ---------------------> to: 2010  6  1  1  0  0   0
20231017 082233.274 INFO             PET0     ATM: Run extro.
20231017 082233.274 INFO             PET0   esm: end <--------- RunSequence
20231017 082233.274 INFO             PET0   <<<esm - leaving Run with current time: 2010  6  1  1  0  0   0
20231017 082233.274 INFO             PET0 esm: Run extro.
20231017 082233.274 INFO             PET0 esm: Finalize intro.
20231017 082233.274 INFO             PET0   Calling Finalize phase 1 for connectorComp: ATM-TO-OCN
20231017 082233.274 INFO             PET0   ATM-TO-OCN: Finalize intro.
20231017 082233.274 INFO             PET0   ATM-TO-OCN: Finalize extro.
20231017 082233.274 INFO             PET0   Calling Finalize phase 1 for connectorComp: OCN-TO-ATM
20231017 082233.275 INFO             PET0   OCN-TO-ATM: Finalize intro.
20231017 082233.275 INFO             PET0   OCN-TO-ATM: Finalize extro.
20231017 082233.275 INFO             PET0   Calling Finalize phase 1 for modelComp: ATM
20231017 082233.275 INFO             PET0   ATM: Finalize intro.
20231017 082233.275 INFO             PET0   ATM: Finalize extro.
20231017 082233.275 INFO             PET0   Calling Finalize phase 1 for modelComp: OCN
20231017 082233.275 INFO             PET0   Delete modelComp: ATM
20231017 082233.275 INFO             PET0   Delete Import-/Export State for modelComp: ATM
20231017 082233.275 INFO             PET0   Delete modelComp: OCN
20231017 082233.275 INFO             PET0   Delete Import-/Export State for modelComp: OCN
20231017 082233.275 INFO             PET0   Delete connectorComp: ATM-TO-OCN
20231017 082233.275 INFO             PET0   Delete connectorComp: OCN-TO-ATM
20231017 082233.275 INFO             PET0 esm: Finalize extro.
20231017 082233.276 INFO             PET0 esmApp FINISHED
20231017 082233.276 INFO             PET0  Finalizing ESMF
20231017 082231.930 INFO             PET1 !!!!!!!!!!!!!!!!!!!!!!!!!!!!!!!!!!!!!!!!!!!!!!!!!!!!!!
20231017 082231.930 INFO             PET1 !!! THE ESMF_LOG IS SET TO OUTPUT ALL LOG MESSAGES !!!
20231017 082231.930 INFO             PET1 !!!     THIS MAY CAUSE SLOWDOWN IN PERFORMANCE     !!!
20231017 082231.930 INFO             PET1 !!! FOR PRODUCTION RUNS, USE:                      !!!
20231017 082231.930 INFO             PET1 !!!                   ESMF_LOGKIND_Multi_On_Error  !!!
20231017 082231.930 INFO             PET1 !!!!!!!!!!!!!!!!!!!!!!!!!!!!!!!!!!!!!!!!!!!!!!!!!!!!!!
20231017 082231.930 INFO             PET1 Running with ESMF Version   : v8.6.0b09-2-g5cd9f55d8a
20231017 082231.930 INFO             PET1 ESMF library build date/time: "Oct 17 2023" "07:38:02"
20231017 082231.930 INFO             PET1 ESMF library build location : /scratch2/NCEPDEV/stmp1/Gerhard.Theurich/ESMF-Nightly-Testing/intel_2023.1.0-classic_intelmpi_g_develop/esmf
20231017 082231.930 INFO             PET1 ESMF_COMM                   : intelmpi
20231017 082231.931 INFO             PET1 ESMF_MOAB                   : enabled
20231017 082231.931 INFO             PET1 ESMF_LAPACK                 : enabled
20231017 082231.931 INFO             PET1 ESMF_NETCDF                 : enabled
20231017 082231.931 INFO             PET1 ESMF_PNETCDF                : disabled
20231017 082231.931 INFO             PET1 ESMF_PIO                    : enabled
20231017 082231.931 INFO             PET1 ESMF_YAMLCPP                : enabled
20231017 082231.931 INFO             PET1 esmApp STARTING
20231017 082231.938 INFO             PET1 esm: InitializeGeneric intro.
20231017 082231.938 INFO             PET1   esm: InitializeP0 intro.
20231017 082231.938 INFO             PET1   esm: InitializeP0 extro.
20231017 082231.938 INFO             PET1   esm: InitializeIPDv02p1 intro.
20231017 082231.938 INFO             PET1     >>>esm: entered Initialize (phase=<none>) without valid internal Clock.
20231017 082231.938 INFO             PET1     esm - Creating model component ATM with petList of size 2 :
20231017 082231.938 INFO             PET1           0      1
20231017 082231.942 INFO             PET1     esm - Creating model component OCN with petList of size 2 :
20231017 082231.942 INFO             PET1           2      3
20231017 082231.943 INFO             PET1     esm - Creating connector component ATM-TO-OCN with petList of size 4 :
20231017 082231.943 INFO             PET1           0      1      2      3
20231017 082231.953 INFO             PET1     esm - Creating connector component OCN-TO-ATM with petList of size 4 :
20231017 082231.953 INFO             PET1           2      3      0      1
20231017 082231.960 INFO             PET1     esm - Creating state: modelComp 1 Import State
20231017 082231.960 INFO             PET1     esm - Creating state: modelComp 1 Export State
20231017 082231.961 INFO             PET1     esm - Creating state: modelComp 2 Import State
20231017 082231.961 INFO             PET1     esm - Creating state: modelComp 2 Export State
20231017 082231.962 INFO             PET1     ATM: InitializeP0 intro.
20231017 082231.964 INFO             PET1     ATM: InitializeP0 extro.
20231017 082231.966 INFO             PET1     ATM-TO-OCN: InitializeP0 intro.
20231017 082231.967 INFO             PET1     ATM-TO-OCN: InitializeP0 extro.
20231017 082231.968 INFO             PET1     OCN-TO-ATM: InitializeP0 intro.
20231017 082231.969 INFO             PET1     OCN-TO-ATM: InitializeP0 extro.
20231017 082231.971 INFO             PET1     esm: IInitAdvertise intro.
20231017 082231.971 INFO             PET1     esm: IInitAdvertise extro.
20231017 082231.971 INFO             PET1     ATM: InitializeIPDvXp01 intro.
20231017 082231.976 INFO             PET1     ATM: InitializeIPDvXp01 extro.
20231017 082231.979 INFO             PET1     ATM-TO-OCN: InitializeIPDv05p1 intro.
20231017 082231.990 INFO             PET1     ATM-TO-OCN: InitializeIPDv05p1 extro.
20231017 082231.990 INFO             PET1     OCN-TO-ATM: InitializeIPDv05p1 intro.
20231017 082231.995 INFO             PET1     OCN-TO-ATM: InitializeIPDv05p1 extro.
20231017 082231.995 INFO             PET1     esm: IInitAdvertiseFinish intro.
20231017 082231.995 INFO             PET1     esm: IInitAdvertiseFinish extro.
20231017 082231.996 INFO             PET1     ATM-TO-OCN: InitializeIPDv05p2a intro.
20231017 082232.006 INFO             PET1     ATM-TO-OCN: InitializeIPDv05p2a extro.
20231017 082232.007 INFO             PET1     OCN-TO-ATM: InitializeIPDv05p2a intro.
20231017 082232.011 INFO             PET1     OCN-TO-ATM: InitializeIPDv05p2a extro.
20231017 082232.012 INFO             PET1     ATM-TO-OCN: InitializeIPDv05p2b intro.
20231017 082232.022 INFO             PET1     ATM-TO-OCN: InitializeIPDv05p2b extro.
20231017 082232.022 INFO             PET1     OCN-TO-ATM: InitializeIPDv05p2b intro.
20231017 082232.027 INFO             PET1     OCN-TO-ATM: InitializeIPDv05p2b extro.
20231017 082232.028 INFO             PET1     esm: IInitModifyCplLists intro.
20231017 082232.028 INFO             PET1       Driver is in ModifyCplLists()
20231017 082232.028 INFO             PET1        Found            2  Connectors. Modifying CplList Attribute....
20231017 082232.028 INFO             PET1        Modifying cplList Attribute on ATM-TO-OCN: air_pressure_at_sea_level
20231017 082232.028 INFO             PET1        Modified: air_pressure_at_sea_level:REMAPMETHOD=redist
20231017 082232.028 INFO             PET1        Modifying cplList Attribute on ATM-TO-OCN: surface_net_downward_longwave_flux
20231017 082232.028 INFO             PET1        Modified: surface_net_downward_longwave_flux:REMAPMETHOD=bilinear:SrcTermProcessing=1:DUMPWEIGHTS=true:TermOrder=SrcSeq
20231017 082232.028 INFO             PET1        Modifying cplList Attribute on ATM-TO-OCN: surface_net_downward_shortwave_flux
20231017 082232.028 INFO             PET1        Modified: surface_net_downward_shortwave_flux:REMAPMETHOD=redist
20231017 082232.028 INFO             PET1        Modifying cplList Attribute on ATM-TO-OCN: surface_downward_heat_flux_in_air
20231017 082232.028 INFO             PET1        Modified: surface_downward_heat_flux_in_air:REMAPMETHOD=bilinear:SrcTermProcessing=1:DUMPWEIGHTS=true:TermOrder=SrcSeq
20231017 082232.028 INFO             PET1        Modifying cplList Attribute on OCN-TO-ATM: sea_surface_temperature
20231017 082232.028 INFO             PET1        Modified: sea_surface_temperature:REMAPMETHOD=bilinear:SrcTermProcessing=1:DUMPWEIGHTS=true:TermOrder=SrcSeq
20231017 082232.028 INFO             PET1     esm: IInitModifyCplLists extro.
20231017 082232.029 INFO             PET1     ATM-TO-OCN: InitializeIPDv05p3 intro.
20231017 082232.040 INFO             PET1     ATM-TO-OCN: InitializeIPDv05p3 extro.
20231017 082232.040 INFO             PET1     OCN-TO-ATM: InitializeIPDv05p3 intro.
20231017 082232.045 INFO             PET1     OCN-TO-ATM: InitializeIPDv05p3 extro.
20231017 082232.045 INFO             PET1     <<<esm: leaving Initialize (phase=<none>) with current time: 2010  6  1  0  0  0   0
20231017 082232.045 INFO             PET1   esm: InitializeIPDv02p1 extro.
20231017 082232.045 INFO             PET1   esm: InitializeIPDv02p3 intro.
20231017 082232.045 INFO             PET1     >>>esm: entered Initialize (phase=<none>) with current time: 2010  6  1  0  0  0   0
20231017 082232.046 INFO             PET1     esm: IInitCheck intro.
20231017 082232.046 INFO             PET1     esm: IInitCheck extro.
20231017 082232.046 INFO             PET1     ATM: InitializeIPDvXp04 intro.
20231017 082232.058 INFO             PET1     ATM: InitializeIPDvXp04 extro.
20231017 082232.060 INFO             PET1     ATM-TO-OCN: InitializeIPDv05p4 intro.
20231017 082232.079 INFO             PET1     ATM-TO-OCN: InitializeIPDv05p4 extro.
20231017 082232.080 INFO             PET1     OCN-TO-ATM: InitializeIPDv05p4 intro.
20231017 082232.088 INFO             PET1     OCN-TO-ATM: InitializeIPDv05p4 extro.
20231017 082232.089 INFO             PET1     ATM-TO-OCN: InitializeIPDv05p5 intro.
20231017 082232.108 INFO             PET1     ATM-TO-OCN: InitializeIPDv05p5 extro.
20231017 082232.108 INFO             PET1     OCN-TO-ATM: InitializeIPDv05p5 intro.
20231017 082232.117 INFO             PET1     OCN-TO-ATM: InitializeIPDv05p5 extro.
20231017 082232.117 INFO             PET1     esm: IInitRealize intro.
20231017 082232.117 INFO             PET1     esm: IInitRealize extro.
20231017 082232.117 INFO             PET1     ATM-TO-OCN: InitializeIPDv05p6a intro.
20231017 082232.136 INFO             PET1     ATM-TO-OCN: InitializeIPDv05p6a extro.
20231017 082232.136 INFO             PET1     OCN-TO-ATM: InitializeIPDv05p6a intro.
20231017 082232.144 INFO             PET1     OCN-TO-ATM: InitializeIPDv05p6a extro.
20231017 082232.144 INFO             PET1     ATM-TO-OCN: InitializeIPDv05p6b intro.
20231017 082232.638 INFO             PET1     ATM-TO-OCN: InitializeIPDv05p6b extro.
20231017 082232.639 INFO             PET1     OCN-TO-ATM: InitializeIPDv05p6b intro.
20231017 082233.046 INFO             PET1     OCN-TO-ATM: InitializeIPDv05p6b extro.
20231017 082233.047 INFO             PET1     ATM: InitializeIPDvXp07 intro.
20231017 082233.048 INFO             PET1     ATM: InitializeIPDvXp07 extro.
20231017 082233.048 INFO             PET1     <<<esm: leaving Initialize (phase=<none>) with current time: 2010  6  1  0  0  0   0
20231017 082233.048 INFO             PET1   esm: InitializeIPDv02p3 extro.
20231017 082233.048 INFO             PET1   esm: InitializeIPDv02p5 intro.
20231017 082233.049 INFO             PET1     >>>esm: entered Initialize (phase=<none>) with current time: 2010  6  1  0  0  0   0
20231017 082233.049 INFO             PET1     esm: this is a top level driver, no 'Updated' and 'InitializeDataComplete' info on this level.
20231017 082233.049 INFO             PET1     esm: InitializeIPDv02p5Data intro.
20231017 082233.049 INFO             PET1       esm: InternalInitializeComplete intro.
20231017 082233.049 INFO             PET1         esm: InitializeDataComplete='true'
20231017 082233.049 INFO             PET1       esm: InternalInitializeComplete extro.
20231017 082233.049 INFO             PET1       ATM: InitializeIPDv01p5 intro.
20231017 082233.049 INFO             PET1       ATM: InitializeIPDv01p5 extro.
20231017 082233.051 INFO             PET1       esm: components present that trigger loopDataDependentInitialize().
20231017 082233.051 INFO             PET1       esm: loopDataDependentInitialize intro.
20231017 082233.051 INFO             PET1         esm: component    0=esm, dataComplete (local): true
20231017 082233.052 INFO             PET1         esm: component    0=esm, dataComplete (global):  T
20231017 082233.052 INFO             PET1         esm: component    1=ATM, dataComplete (local): true
20231017 082233.052 INFO             PET1         esm: component    1=ATM, dataComplete (global):  T
20231017 082233.052 INFO             PET1         esm: component    2=OCN, dataComplete (local): true
20231017 082233.052 INFO             PET1         esm: component    2=OCN, dataComplete (global):  T
20231017 082233.052 INFO             PET1         esm: someProgress= F, allComplete= T, present(dataDepAllComplete)= T
20231017 082233.052 INFO             PET1         esm: finished resolving initialize data dependencies on this level.
20231017 082233.052 INFO             PET1       esm: loopDataDependentInitialize extro.
20231017 082233.052 INFO             PET1       esm: loopDataDependentInitialize() returned with dataDepAllComplete:  T
20231017 082233.052 INFO             PET1     esm: InitializeIPDv02p5Data extro.
20231017 082233.052 INFO             PET1     <<<esm: leaving Initialize (phase=<none>) with current time: 2010  6  1  0  0  0   0
20231017 082233.052 INFO             PET1   esm: InitializeIPDv02p5 extro.
20231017 082233.052 INFO             PET1 esm: InitializeGeneric extro.
20231017 082233.052 INFO             PET1 esm: Run intro.
20231017 082233.052 INFO             PET1   >>>esm entered Run (phase=RunPhase1) with current time: 2010  6  1  0  0  0   0
20231017 082233.052 INFO             PET1   esm: after lable_SetRunClock, current time: 2010  6  1  0  0  0   0
20231017 082233.052 INFO             PET1   esm: begin -------> RunSequence.
20231017 082233.052 INFO             PET1     esm: RunSequence event loopLevel=   1  levelMember=   1  loopIteration=   1, current time: 2010  6  1  0  0  0   0
20231017 082233.052 INFO             PET1     ATM-TO-OCN: Run intro.
20231017 082233.053 INFO             PET1     ATM-TO-OCN: Run extro.
20231017 082233.053 INFO             PET1     OCN-TO-ATM: Run intro.
20231017 082233.054 INFO             PET1     OCN-TO-ATM: Run extro.
20231017 082233.055 INFO             PET1     ATM: Run intro.
20231017 082233.055 INFO             PET1       ------>Advancing ATM from: 2010  6  1  0  0  0   0
20231017 082233.055 INFO             PET1       ---------------------> to: 2010  6  1  0 15  0   0
20231017 082233.092 INFO             PET1     ATM: Run extro.
20231017 082233.092 INFO             PET1     esm: RunSequence event loopLevel=   1  levelMember=   1  loopIteration=   2, current time: 2010  6  1  0 15  0   0
20231017 082233.092 INFO             PET1     ATM-TO-OCN: Run intro.
20231017 082233.093 INFO             PET1     ATM-TO-OCN: Run extro.
20231017 082233.093 INFO             PET1     OCN-TO-ATM: Run intro.
20231017 082233.127 INFO             PET1     OCN-TO-ATM: Run extro.
20231017 082233.127 INFO             PET1     ATM: Run intro.
20231017 082233.127 INFO             PET1       ------>Advancing ATM from: 2010  6  1  0 15  0   0
20231017 082233.127 INFO             PET1       ---------------------> to: 2010  6  1  0 30  0   0
20231017 082233.145 INFO             PET1     ATM: Run extro.
20231017 082233.145 INFO             PET1     esm: RunSequence event loopLevel=   1  levelMember=   1  loopIteration=   3, current time: 2010  6  1  0 30  0   0
20231017 082233.145 INFO             PET1     ATM-TO-OCN: Run intro.
20231017 082233.146 INFO             PET1     ATM-TO-OCN: Run extro.
20231017 082233.146 INFO             PET1     OCN-TO-ATM: Run intro.
20231017 082233.184 INFO             PET1     OCN-TO-ATM: Run extro.
20231017 082233.184 INFO             PET1     ATM: Run intro.
20231017 082233.184 INFO             PET1       ------>Advancing ATM from: 2010  6  1  0 30  0   0
20231017 082233.184 INFO             PET1       ---------------------> to: 2010  6  1  0 45  0   0
20231017 082233.236 INFO             PET1     ATM: Run extro.
20231017 082233.236 INFO             PET1     esm: RunSequence event loopLevel=   1  levelMember=   1  loopIteration=   4, current time: 2010  6  1  0 45  0   0
20231017 082233.237 INFO             PET1     ATM-TO-OCN: Run intro.
20231017 082233.237 INFO             PET1     ATM-TO-OCN: Run extro.
20231017 082233.237 INFO             PET1     OCN-TO-ATM: Run intro.
20231017 082233.254 INFO             PET1     OCN-TO-ATM: Run extro.
20231017 082233.254 INFO             PET1     ATM: Run intro.
20231017 082233.254 INFO             PET1       ------>Advancing ATM from: 2010  6  1  0 45  0   0
20231017 082233.254 INFO             PET1       ---------------------> to: 2010  6  1  1  0  0   0
20231017 082233.274 INFO             PET1     ATM: Run extro.
20231017 082233.274 INFO             PET1   esm: end <--------- RunSequence
20231017 082233.274 INFO             PET1   <<<esm - leaving Run with current time: 2010  6  1  1  0  0   0
20231017 082233.274 INFO             PET1 esm: Run extro.
20231017 082233.274 INFO             PET1 esm: Finalize intro.
20231017 082233.274 INFO             PET1   Calling Finalize phase 1 for connectorComp: ATM-TO-OCN
20231017 082233.274 INFO             PET1   ATM-TO-OCN: Finalize intro.
20231017 082233.274 INFO             PET1   ATM-TO-OCN: Finalize extro.
20231017 082233.274 INFO             PET1   Calling Finalize phase 1 for connectorComp: OCN-TO-ATM
20231017 082233.274 INFO             PET1   OCN-TO-ATM: Finalize intro.
20231017 082233.275 INFO             PET1   OCN-TO-ATM: Finalize extro.
20231017 082233.275 INFO             PET1   Calling Finalize phase 1 for modelComp: ATM
20231017 082233.275 INFO             PET1   ATM: Finalize intro.
20231017 082233.275 INFO             PET1   ATM: Finalize extro.
20231017 082233.275 INFO             PET1   Calling Finalize phase 1 for modelComp: OCN
20231017 082233.275 INFO             PET1   Delete modelComp: ATM
20231017 082233.275 INFO             PET1   Delete Import-/Export State for modelComp: ATM
20231017 082233.275 INFO             PET1   Delete modelComp: OCN
20231017 082233.275 INFO             PET1   Delete Import-/Export State for modelComp: OCN
20231017 082233.275 INFO             PET1   Delete connectorComp: ATM-TO-OCN
20231017 082233.275 INFO             PET1   Delete connectorComp: OCN-TO-ATM
20231017 082233.276 INFO             PET1 esm: Finalize extro.
20231017 082233.276 INFO             PET1 esmApp FINISHED
20231017 082233.276 INFO             PET1  Finalizing ESMF
20231017 082231.929 INFO             PET2 !!!!!!!!!!!!!!!!!!!!!!!!!!!!!!!!!!!!!!!!!!!!!!!!!!!!!!
20231017 082231.930 INFO             PET2 !!! THE ESMF_LOG IS SET TO OUTPUT ALL LOG MESSAGES !!!
20231017 082231.930 INFO             PET2 !!!     THIS MAY CAUSE SLOWDOWN IN PERFORMANCE     !!!
20231017 082231.930 INFO             PET2 !!! FOR PRODUCTION RUNS, USE:                      !!!
20231017 082231.930 INFO             PET2 !!!                   ESMF_LOGKIND_Multi_On_Error  !!!
20231017 082231.930 INFO             PET2 !!!!!!!!!!!!!!!!!!!!!!!!!!!!!!!!!!!!!!!!!!!!!!!!!!!!!!
20231017 082231.930 INFO             PET2 Running with ESMF Version   : v8.6.0b09-2-g5cd9f55d8a
20231017 082231.930 INFO             PET2 ESMF library build date/time: "Oct 17 2023" "07:38:02"
20231017 082231.930 INFO             PET2 ESMF library build location : /scratch2/NCEPDEV/stmp1/Gerhard.Theurich/ESMF-Nightly-Testing/intel_2023.1.0-classic_intelmpi_g_develop/esmf
20231017 082231.930 INFO             PET2 ESMF_COMM                   : intelmpi
20231017 082231.930 INFO             PET2 ESMF_MOAB                   : enabled
20231017 082231.930 INFO             PET2 ESMF_LAPACK                 : enabled
20231017 082231.930 INFO             PET2 ESMF_NETCDF                 : enabled
20231017 082231.930 INFO             PET2 ESMF_PNETCDF                : disabled
20231017 082231.930 INFO             PET2 ESMF_PIO                    : enabled
20231017 082231.930 INFO             PET2 ESMF_YAMLCPP                : enabled
20231017 082231.931 INFO             PET2 esmApp STARTING
20231017 082231.937 INFO             PET2 esm: InitializeGeneric intro.
20231017 082231.937 INFO             PET2   esm: InitializeP0 intro.
20231017 082231.937 INFO             PET2   esm: InitializeP0 extro.
20231017 082231.937 INFO             PET2   esm: InitializeIPDv02p1 intro.
20231017 082231.937 INFO             PET2     >>>esm: entered Initialize (phase=<none>) without valid internal Clock.
20231017 082231.938 INFO             PET2     esm - Creating model component ATM with petList of size 2 :
20231017 082231.938 INFO             PET2           0      1
20231017 082231.942 INFO             PET2     esm - Creating model component OCN with petList of size 2 :
20231017 082231.942 INFO             PET2           2      3
20231017 082231.946 INFO             PET2     esm - Creating connector component ATM-TO-OCN with petList of size 4 :
20231017 082231.946 INFO             PET2           0      1      2      3
20231017 082231.951 INFO             PET2     esm - Creating connector component OCN-TO-ATM with petList of size 4 :
20231017 082231.951 INFO             PET2           2      3      0      1
20231017 082231.959 INFO             PET2     esm - Creating state: modelComp 1 Import State
20231017 082231.959 INFO             PET2     esm - Creating state: modelComp 1 Export State
20231017 082231.959 INFO             PET2     esm - Creating state: modelComp 2 Import State
20231017 082231.959 INFO             PET2     esm - Creating state: modelComp 2 Export State
20231017 082231.960 INFO             PET2     OCN: InitializeP0 intro.
20231017 082231.961 INFO             PET2     OCN: InitializeP0 extro.
20231017 082231.964 INFO             PET2     ATM-TO-OCN: InitializeP0 intro.
20231017 082231.965 INFO             PET2     ATM-TO-OCN: InitializeP0 extro.
20231017 082231.966 INFO             PET2     OCN-TO-ATM: InitializeP0 intro.
20231017 082231.966 INFO             PET2     OCN-TO-ATM: InitializeP0 extro.
20231017 082231.968 INFO             PET2     esm: IInitAdvertise intro.
20231017 082231.968 INFO             PET2     esm: IInitAdvertise extro.
20231017 082231.968 INFO             PET2     OCN: InitializeIPDvXp01 intro.
20231017 082231.972 INFO             PET2     OCN: InitializeIPDvXp01 extro.
20231017 082231.974 INFO             PET2     ATM-TO-OCN: InitializeIPDv05p1 intro.
20231017 082231.990 INFO             PET2     ATM-TO-OCN: InitializeIPDv05p1 extro.
20231017 082231.990 INFO             PET2     OCN-TO-ATM: InitializeIPDv05p1 intro.
20231017 082231.995 INFO             PET2     OCN-TO-ATM: InitializeIPDv05p1 extro.
20231017 082231.995 INFO             PET2     esm: IInitAdvertiseFinish intro.
20231017 082231.995 INFO             PET2     esm: IInitAdvertiseFinish extro.
20231017 082231.995 INFO             PET2     ATM-TO-OCN: InitializeIPDv05p2a intro.
20231017 082232.006 INFO             PET2     ATM-TO-OCN: InitializeIPDv05p2a extro.
20231017 082232.006 INFO             PET2     OCN-TO-ATM: InitializeIPDv05p2a intro.
20231017 082232.011 INFO             PET2     OCN-TO-ATM: InitializeIPDv05p2a extro.
20231017 082232.011 INFO             PET2     ATM-TO-OCN: InitializeIPDv05p2b intro.
20231017 082232.022 INFO             PET2     ATM-TO-OCN: InitializeIPDv05p2b extro.
20231017 082232.022 INFO             PET2     OCN-TO-ATM: InitializeIPDv05p2b intro.
20231017 082232.027 INFO             PET2     OCN-TO-ATM: InitializeIPDv05p2b extro.
20231017 082232.027 INFO             PET2     esm: IInitModifyCplLists intro.
20231017 082232.027 INFO             PET2       Driver is in ModifyCplLists()
20231017 082232.027 INFO             PET2        Found            2  Connectors. Modifying CplList Attribute....
20231017 082232.028 INFO             PET2        Modifying cplList Attribute on ATM-TO-OCN: air_pressure_at_sea_level
20231017 082232.028 INFO             PET2        Modified: air_pressure_at_sea_level:REMAPMETHOD=redist
20231017 082232.028 INFO             PET2        Modifying cplList Attribute on ATM-TO-OCN: surface_net_downward_longwave_flux
20231017 082232.028 INFO             PET2        Modified: surface_net_downward_longwave_flux:REMAPMETHOD=bilinear:SrcTermProcessing=1:DUMPWEIGHTS=true:TermOrder=SrcSeq
20231017 082232.028 INFO             PET2        Modifying cplList Attribute on ATM-TO-OCN: surface_net_downward_shortwave_flux
20231017 082232.028 INFO             PET2        Modified: surface_net_downward_shortwave_flux:REMAPMETHOD=redist
20231017 082232.028 INFO             PET2        Modifying cplList Attribute on ATM-TO-OCN: surface_downward_heat_flux_in_air
20231017 082232.028 INFO             PET2        Modified: surface_downward_heat_flux_in_air:REMAPMETHOD=bilinear:SrcTermProcessing=1:DUMPWEIGHTS=true:TermOrder=SrcSeq
20231017 082232.028 INFO             PET2        Modifying cplList Attribute on OCN-TO-ATM: sea_surface_temperature
20231017 082232.028 INFO             PET2        Modified: sea_surface_temperature:REMAPMETHOD=bilinear:SrcTermProcessing=1:DUMPWEIGHTS=true:TermOrder=SrcSeq
20231017 082232.028 INFO             PET2     esm: IInitModifyCplLists extro.
20231017 082232.028 INFO             PET2     ATM-TO-OCN: InitializeIPDv05p3 intro.
20231017 082232.039 INFO             PET2     ATM-TO-OCN: InitializeIPDv05p3 extro.
20231017 082232.039 INFO             PET2     OCN-TO-ATM: InitializeIPDv05p3 intro.
20231017 082232.045 INFO             PET2     OCN-TO-ATM: InitializeIPDv05p3 extro.
20231017 082232.045 INFO             PET2     <<<esm: leaving Initialize (phase=<none>) with current time: 2010  6  1  0  0  0   0
20231017 082232.045 INFO             PET2   esm: InitializeIPDv02p1 extro.
20231017 082232.045 INFO             PET2   esm: InitializeIPDv02p3 intro.
20231017 082232.045 INFO             PET2     >>>esm: entered Initialize (phase=<none>) with current time: 2010  6  1  0  0  0   0
20231017 082232.045 INFO             PET2     esm: IInitCheck intro.
20231017 082232.045 INFO             PET2     esm: IInitCheck extro.
20231017 082232.046 INFO             PET2     OCN: InitializeIPDvXp04 intro.
20231017 082232.056 INFO             PET2     OCN: InitializeIPDvXp04 extro.
20231017 082232.058 INFO             PET2     ATM-TO-OCN: InitializeIPDv05p4 intro.
20231017 082232.079 INFO             PET2     ATM-TO-OCN: InitializeIPDv05p4 extro.
20231017 082232.079 INFO             PET2     OCN-TO-ATM: InitializeIPDv05p4 intro.
20231017 082232.088 INFO             PET2     OCN-TO-ATM: InitializeIPDv05p4 extro.
20231017 082232.088 INFO             PET2     ATM-TO-OCN: InitializeIPDv05p5 intro.
20231017 082232.107 INFO             PET2     ATM-TO-OCN: InitializeIPDv05p5 extro.
20231017 082232.108 INFO             PET2     OCN-TO-ATM: InitializeIPDv05p5 intro.
20231017 082232.116 INFO             PET2     OCN-TO-ATM: InitializeIPDv05p5 extro.
20231017 082232.117 INFO             PET2     esm: IInitRealize intro.
20231017 082232.117 INFO             PET2     esm: IInitRealize extro.
20231017 082232.117 INFO             PET2     ATM-TO-OCN: InitializeIPDv05p6a intro.
20231017 082232.135 INFO             PET2     ATM-TO-OCN: InitializeIPDv05p6a extro.
20231017 082232.136 INFO             PET2     OCN-TO-ATM: InitializeIPDv05p6a intro.
20231017 082232.144 INFO             PET2     OCN-TO-ATM: InitializeIPDv05p6a extro.
20231017 082232.144 INFO             PET2     ATM-TO-OCN: InitializeIPDv05p6b intro.
20231017 082232.638 INFO             PET2     ATM-TO-OCN: InitializeIPDv05p6b extro.
20231017 082232.639 INFO             PET2     OCN-TO-ATM: InitializeIPDv05p6b intro.
20231017 082233.046 INFO             PET2     OCN-TO-ATM: InitializeIPDv05p6b extro.
20231017 082233.047 INFO             PET2     OCN: InitializeIPDvXp07 intro.
20231017 082233.048 INFO             PET2     OCN: InitializeIPDvXp07 extro.
20231017 082233.048 INFO             PET2     <<<esm: leaving Initialize (phase=<none>) with current time: 2010  6  1  0  0  0   0
20231017 082233.048 INFO             PET2   esm: InitializeIPDv02p3 extro.
20231017 082233.048 INFO             PET2   esm: InitializeIPDv02p5 intro.
20231017 082233.048 INFO             PET2     >>>esm: entered Initialize (phase=<none>) with current time: 2010  6  1  0  0  0   0
20231017 082233.048 INFO             PET2     esm: this is a top level driver, no 'Updated' and 'InitializeDataComplete' info on this level.
20231017 082233.048 INFO             PET2     esm: InitializeIPDv02p5Data intro.
20231017 082233.048 INFO             PET2       esm: InternalInitializeComplete intro.
20231017 082233.048 INFO             PET2         esm: InitializeDataComplete='true'
20231017 082233.048 INFO             PET2       esm: InternalInitializeComplete extro.
20231017 082233.049 INFO             PET2       OCN: InitializeIPDv01p5 intro.
20231017 082233.049 INFO             PET2       OCN: InitializeIPDv01p5 extro.
20231017 082233.051 INFO             PET2       esm: components present that trigger loopDataDependentInitialize().
20231017 082233.051 INFO             PET2       esm: loopDataDependentInitialize intro.
20231017 082233.051 INFO             PET2         esm: component    0=esm, dataComplete (local): true
20231017 082233.052 INFO             PET2         esm: component    0=esm, dataComplete (global):  T
20231017 082233.052 INFO             PET2         esm: component    1=ATM, dataComplete (local): true
20231017 082233.052 INFO             PET2         esm: component    1=ATM, dataComplete (global):  T
20231017 082233.052 INFO             PET2         esm: component    2=OCN, dataComplete (local): true
20231017 082233.052 INFO             PET2         esm: component    2=OCN, dataComplete (global):  T
20231017 082233.052 INFO             PET2         esm: someProgress= F, allComplete= T, present(dataDepAllComplete)= T
20231017 082233.052 INFO             PET2         esm: finished resolving initialize data dependencies on this level.
20231017 082233.052 INFO             PET2       esm: loopDataDependentInitialize extro.
20231017 082233.052 INFO             PET2       esm: loopDataDependentInitialize() returned with dataDepAllComplete:  T
20231017 082233.052 INFO             PET2     esm: InitializeIPDv02p5Data extro.
20231017 082233.052 INFO             PET2     <<<esm: leaving Initialize (phase=<none>) with current time: 2010  6  1  0  0  0   0
20231017 082233.052 INFO             PET2   esm: InitializeIPDv02p5 extro.
20231017 082233.052 INFO             PET2 esm: InitializeGeneric extro.
20231017 082233.052 INFO             PET2 esm: Run intro.
20231017 082233.052 INFO             PET2   >>>esm entered Run (phase=RunPhase1) with current time: 2010  6  1  0  0  0   0
20231017 082233.052 INFO             PET2   esm: after lable_SetRunClock, current time: 2010  6  1  0  0  0   0
20231017 082233.052 INFO             PET2   esm: begin -------> RunSequence.
20231017 082233.052 INFO             PET2     esm: RunSequence event loopLevel=   1  levelMember=   1  loopIteration=   1, current time: 2010  6  1  0  0  0   0
20231017 082233.052 INFO             PET2     ATM-TO-OCN: Run intro.
20231017 082233.054 INFO             PET2     ATM-TO-OCN: Run extro.
20231017 082233.054 INFO             PET2     OCN-TO-ATM: Run intro.
20231017 082233.054 INFO             PET2     OCN-TO-ATM: Run extro.
20231017 082233.054 INFO             PET2     OCN: Run intro.
20231017 082233.055 INFO             PET2       ------>Advancing OCN from: 2010  6  1  0  0  0   0
20231017 082233.055 INFO             PET2       ---------------------> to: 2010  6  1  0  5  0   0
20231017 082233.092 INFO             PET2       ------>Advancing OCN from: 2010  6  1  0  5  0   0
20231017 082233.092 INFO             PET2       ---------------------> to: 2010  6  1  0 10  0   0
20231017 082233.108 INFO             PET2       ------>Advancing OCN from: 2010  6  1  0 10  0   0
20231017 082233.108 INFO             PET2       ---------------------> to: 2010  6  1  0 15  0   0
20231017 082233.126 INFO             PET2     OCN: Run extro.
20231017 082233.126 INFO             PET2     esm: RunSequence event loopLevel=   1  levelMember=   1  loopIteration=   2, current time: 2010  6  1  0 15  0   0
20231017 082233.126 INFO             PET2     ATM-TO-OCN: Run intro.
20231017 082233.126 INFO             PET2     ATM-TO-OCN: Run extro.
20231017 082233.126 INFO             PET2     OCN-TO-ATM: Run intro.
20231017 082233.127 INFO             PET2     OCN-TO-ATM: Run extro.
20231017 082233.127 INFO             PET2     OCN: Run intro.
20231017 082233.127 INFO             PET2       ------>Advancing OCN from: 2010  6  1  0 15  0   0
20231017 082233.127 INFO             PET2       ---------------------> to: 2010  6  1  0 20  0   0
20231017 082233.146 INFO             PET2       ------>Advancing OCN from: 2010  6  1  0 20  0   0
20231017 082233.146 INFO             PET2       ---------------------> to: 2010  6  1  0 25  0   0
20231017 082233.165 INFO             PET2       ------>Advancing OCN from: 2010  6  1  0 25  0   0
20231017 082233.165 INFO             PET2       ---------------------> to: 2010  6  1  0 30  0   0
20231017 082233.183 INFO             PET2     OCN: Run extro.
20231017 082233.183 INFO             PET2     esm: RunSequence event loopLevel=   1  levelMember=   1  loopIteration=   3, current time: 2010  6  1  0 30  0   0
20231017 082233.183 INFO             PET2     ATM-TO-OCN: Run intro.
20231017 082233.183 INFO             PET2     ATM-TO-OCN: Run extro.
20231017 082233.184 INFO             PET2     OCN-TO-ATM: Run intro.
20231017 082233.184 INFO             PET2     OCN-TO-ATM: Run extro.
20231017 082233.184 INFO             PET2     OCN: Run intro.
20231017 082233.184 INFO             PET2       ------>Advancing OCN from: 2010  6  1  0 30  0   0
20231017 082233.184 INFO             PET2       ---------------------> to: 2010  6  1  0 35  0   0
20231017 082233.215 INFO             PET2       ------>Advancing OCN from: 2010  6  1  0 35  0   0
20231017 082233.215 INFO             PET2       ---------------------> to: 2010  6  1  0 40  0   0
20231017 082233.234 INFO             PET2       ------>Advancing OCN from: 2010  6  1  0 40  0   0
20231017 082233.234 INFO             PET2       ---------------------> to: 2010  6  1  0 45  0   0
20231017 082233.253 INFO             PET2     OCN: Run extro.
20231017 082233.253 INFO             PET2     esm: RunSequence event loopLevel=   1  levelMember=   1  loopIteration=   4, current time: 2010  6  1  0 45  0   0
20231017 082233.253 INFO             PET2     ATM-TO-OCN: Run intro.
20231017 082233.253 INFO             PET2     ATM-TO-OCN: Run extro.
20231017 082233.254 INFO             PET2     OCN-TO-ATM: Run intro.
20231017 082233.254 INFO             PET2     OCN-TO-ATM: Run extro.
20231017 082233.254 INFO             PET2     OCN: Run intro.
20231017 082233.254 INFO             PET2       ------>Advancing OCN from: 2010  6  1  0 45  0   0
20231017 082233.254 INFO             PET2       ---------------------> to: 2010  6  1  0 50  0   0
20231017 082233.274 INFO             PET2       ------>Advancing OCN from: 2010  6  1  0 50  0   0
20231017 082233.274 INFO             PET2       ---------------------> to: 2010  6  1  0 55  0   0
20231017 082233.293 INFO             PET2       ------>Advancing OCN from: 2010  6  1  0 55  0   0
20231017 082233.293 INFO             PET2       ---------------------> to: 2010  6  1  1  0  0   0
20231017 082233.313 INFO             PET2     OCN: Run extro.
20231017 082233.313 INFO             PET2   esm: end <--------- RunSequence
20231017 082233.313 INFO             PET2   <<<esm - leaving Run with current time: 2010  6  1  1  0  0   0
20231017 082233.313 INFO             PET2 esm: Run extro.
20231017 082233.314 INFO             PET2 esm: Finalize intro.
20231017 082233.314 INFO             PET2   Calling Finalize phase 1 for connectorComp: ATM-TO-OCN
20231017 082233.314 INFO             PET2   ATM-TO-OCN: Finalize intro.
20231017 082233.314 INFO             PET2   ATM-TO-OCN: Finalize extro.
20231017 082233.314 INFO             PET2   Calling Finalize phase 1 for connectorComp: OCN-TO-ATM
20231017 082233.314 INFO             PET2   OCN-TO-ATM: Finalize intro.
20231017 082233.314 INFO             PET2   OCN-TO-ATM: Finalize extro.
20231017 082233.314 INFO             PET2   Calling Finalize phase 1 for modelComp: ATM
20231017 082233.314 INFO             PET2   Calling Finalize phase 1 for modelComp: OCN
20231017 082233.314 INFO             PET2   OCN: Finalize intro.
20231017 082233.314 INFO             PET2   OCN: Finalize extro.
20231017 082233.314 INFO             PET2   Delete modelComp: ATM
20231017 082233.314 INFO             PET2   Delete Import-/Export State for modelComp: ATM
20231017 082233.314 INFO             PET2   Delete modelComp: OCN
20231017 082233.315 INFO             PET2   Delete Import-/Export State for modelComp: OCN
20231017 082233.315 INFO             PET2   Delete connectorComp: ATM-TO-OCN
20231017 082233.315 INFO             PET2   Delete connectorComp: OCN-TO-ATM
20231017 082233.315 INFO             PET2 esm: Finalize extro.
20231017 082233.315 INFO             PET2 esmApp FINISHED
20231017 082233.315 INFO             PET2  Finalizing ESMF
20231017 082231.930 INFO             PET3 !!!!!!!!!!!!!!!!!!!!!!!!!!!!!!!!!!!!!!!!!!!!!!!!!!!!!!
20231017 082231.930 INFO             PET3 !!! THE ESMF_LOG IS SET TO OUTPUT ALL LOG MESSAGES !!!
20231017 082231.930 INFO             PET3 !!!     THIS MAY CAUSE SLOWDOWN IN PERFORMANCE     !!!
20231017 082231.930 INFO             PET3 !!! FOR PRODUCTION RUNS, USE:                      !!!
20231017 082231.930 INFO             PET3 !!!                   ESMF_LOGKIND_Multi_On_Error  !!!
20231017 082231.930 INFO             PET3 !!!!!!!!!!!!!!!!!!!!!!!!!!!!!!!!!!!!!!!!!!!!!!!!!!!!!!
20231017 082231.930 INFO             PET3 Running with ESMF Version   : v8.6.0b09-2-g5cd9f55d8a
20231017 082231.930 INFO             PET3 ESMF library build date/time: "Oct 17 2023" "07:38:02"
20231017 082231.930 INFO             PET3 ESMF library build location : /scratch2/NCEPDEV/stmp1/Gerhard.Theurich/ESMF-Nightly-Testing/intel_2023.1.0-classic_intelmpi_g_develop/esmf
20231017 082231.930 INFO             PET3 ESMF_COMM                   : intelmpi
20231017 082231.930 INFO             PET3 ESMF_MOAB                   : enabled
20231017 082231.930 INFO             PET3 ESMF_LAPACK                 : enabled
20231017 082231.930 INFO             PET3 ESMF_NETCDF                 : enabled
20231017 082231.930 INFO             PET3 ESMF_PNETCDF                : disabled
20231017 082231.930 INFO             PET3 ESMF_PIO                    : enabled
20231017 082231.930 INFO             PET3 ESMF_YAMLCPP                : enabled
20231017 082231.931 INFO             PET3 esmApp STARTING
20231017 082231.937 INFO             PET3 esm: InitializeGeneric intro.
20231017 082231.937 INFO             PET3   esm: InitializeP0 intro.
20231017 082231.937 INFO             PET3   esm: InitializeP0 extro.
20231017 082231.937 INFO             PET3   esm: InitializeIPDv02p1 intro.
20231017 082231.937 INFO             PET3     >>>esm: entered Initialize (phase=<none>) without valid internal Clock.
20231017 082231.938 INFO             PET3     esm - Creating model component ATM with petList of size 2 :
20231017 082231.938 INFO             PET3           0      1
20231017 082231.942 INFO             PET3     esm - Creating model component OCN with petList of size 2 :
20231017 082231.942 INFO             PET3           2      3
20231017 082231.946 INFO             PET3     esm - Creating connector component ATM-TO-OCN with petList of size 4 :
20231017 082231.946 INFO             PET3           0      1      2      3
20231017 082231.951 INFO             PET3     esm - Creating connector component OCN-TO-ATM with petList of size 4 :
20231017 082231.951 INFO             PET3           2      3      0      1
20231017 082231.958 INFO             PET3     esm - Creating state: modelComp 1 Import State
20231017 082231.959 INFO             PET3     esm - Creating state: modelComp 1 Export State
20231017 082231.959 INFO             PET3     esm - Creating state: modelComp 2 Import State
20231017 082231.959 INFO             PET3     esm - Creating state: modelComp 2 Export State
20231017 082231.960 INFO             PET3     OCN: InitializeP0 intro.
20231017 082231.961 INFO             PET3     OCN: InitializeP0 extro.
20231017 082231.964 INFO             PET3     ATM-TO-OCN: InitializeP0 intro.
20231017 082231.965 INFO             PET3     ATM-TO-OCN: InitializeP0 extro.
20231017 082231.966 INFO             PET3     OCN-TO-ATM: InitializeP0 intro.
20231017 082231.966 INFO             PET3     OCN-TO-ATM: InitializeP0 extro.
20231017 082231.968 INFO             PET3     esm: IInitAdvertise intro.
20231017 082231.968 INFO             PET3     esm: IInitAdvertise extro.
20231017 082231.968 INFO             PET3     OCN: InitializeIPDvXp01 intro.
20231017 082231.972 INFO             PET3     OCN: InitializeIPDvXp01 extro.
20231017 082231.974 INFO             PET3     ATM-TO-OCN: InitializeIPDv05p1 intro.
20231017 082231.990 INFO             PET3     ATM-TO-OCN: InitializeIPDv05p1 extro.
20231017 082231.990 INFO             PET3     OCN-TO-ATM: InitializeIPDv05p1 intro.
20231017 082231.995 INFO             PET3     OCN-TO-ATM: InitializeIPDv05p1 extro.
20231017 082231.995 INFO             PET3     esm: IInitAdvertiseFinish intro.
20231017 082231.995 INFO             PET3     esm: IInitAdvertiseFinish extro.
20231017 082231.995 INFO             PET3     ATM-TO-OCN: InitializeIPDv05p2a intro.
20231017 082232.006 INFO             PET3     ATM-TO-OCN: InitializeIPDv05p2a extro.
20231017 082232.006 INFO             PET3     OCN-TO-ATM: InitializeIPDv05p2a intro.
20231017 082232.011 INFO             PET3     OCN-TO-ATM: InitializeIPDv05p2a extro.
20231017 082232.011 INFO             PET3     ATM-TO-OCN: InitializeIPDv05p2b intro.
20231017 082232.022 INFO             PET3     ATM-TO-OCN: InitializeIPDv05p2b extro.
20231017 082232.022 INFO             PET3     OCN-TO-ATM: InitializeIPDv05p2b intro.
20231017 082232.027 INFO             PET3     OCN-TO-ATM: InitializeIPDv05p2b extro.
20231017 082232.027 INFO             PET3     esm: IInitModifyCplLists intro.
20231017 082232.027 INFO             PET3       Driver is in ModifyCplLists()
20231017 082232.027 INFO             PET3        Found            2  Connectors. Modifying CplList Attribute....
20231017 082232.027 INFO             PET3        Modifying cplList Attribute on ATM-TO-OCN: air_pressure_at_sea_level
20231017 082232.027 INFO             PET3        Modified: air_pressure_at_sea_level:REMAPMETHOD=redist
20231017 082232.027 INFO             PET3        Modifying cplList Attribute on ATM-TO-OCN: surface_net_downward_longwave_flux
20231017 082232.028 INFO             PET3        Modified: surface_net_downward_longwave_flux:REMAPMETHOD=bilinear:SrcTermProcessing=1:DUMPWEIGHTS=true:TermOrder=SrcSeq
20231017 082232.028 INFO             PET3        Modifying cplList Attribute on ATM-TO-OCN: surface_net_downward_shortwave_flux
20231017 082232.028 INFO             PET3        Modified: surface_net_downward_shortwave_flux:REMAPMETHOD=redist
20231017 082232.028 INFO             PET3        Modifying cplList Attribute on ATM-TO-OCN: surface_downward_heat_flux_in_air
20231017 082232.028 INFO             PET3        Modified: surface_downward_heat_flux_in_air:REMAPMETHOD=bilinear:SrcTermProcessing=1:DUMPWEIGHTS=true:TermOrder=SrcSeq
20231017 082232.028 INFO             PET3        Modifying cplList Attribute on OCN-TO-ATM: sea_surface_temperature
20231017 082232.028 INFO             PET3        Modified: sea_surface_temperature:REMAPMETHOD=bilinear:SrcTermProcessing=1:DUMPWEIGHTS=true:TermOrder=SrcSeq
20231017 082232.028 INFO             PET3     esm: IInitModifyCplLists extro.
20231017 082232.028 INFO             PET3     ATM-TO-OCN: InitializeIPDv05p3 intro.
20231017 082232.039 INFO             PET3     ATM-TO-OCN: InitializeIPDv05p3 extro.
20231017 082232.039 INFO             PET3     OCN-TO-ATM: InitializeIPDv05p3 intro.
20231017 082232.045 INFO             PET3     OCN-TO-ATM: InitializeIPDv05p3 extro.
20231017 082232.045 INFO             PET3     <<<esm: leaving Initialize (phase=<none>) with current time: 2010  6  1  0  0  0   0
20231017 082232.045 INFO             PET3   esm: InitializeIPDv02p1 extro.
20231017 082232.045 INFO             PET3   esm: InitializeIPDv02p3 intro.
20231017 082232.045 INFO             PET3     >>>esm: entered Initialize (phase=<none>) with current time: 2010  6  1  0  0  0   0
20231017 082232.045 INFO             PET3     esm: IInitCheck intro.
20231017 082232.045 INFO             PET3     esm: IInitCheck extro.
20231017 082232.046 INFO             PET3     OCN: InitializeIPDvXp04 intro.
20231017 082232.055 INFO             PET3     OCN: InitializeIPDvXp04 extro.
20231017 082232.058 INFO             PET3     ATM-TO-OCN: InitializeIPDv05p4 intro.
20231017 082232.079 INFO             PET3     ATM-TO-OCN: InitializeIPDv05p4 extro.
20231017 082232.079 INFO             PET3     OCN-TO-ATM: InitializeIPDv05p4 intro.
20231017 082232.088 INFO             PET3     OCN-TO-ATM: InitializeIPDv05p4 extro.
20231017 082232.088 INFO             PET3     ATM-TO-OCN: InitializeIPDv05p5 intro.
20231017 082232.107 INFO             PET3     ATM-TO-OCN: InitializeIPDv05p5 extro.
20231017 082232.108 INFO             PET3     OCN-TO-ATM: InitializeIPDv05p5 intro.
20231017 082232.116 INFO             PET3     OCN-TO-ATM: InitializeIPDv05p5 extro.
20231017 082232.117 INFO             PET3     esm: IInitRealize intro.
20231017 082232.117 INFO             PET3     esm: IInitRealize extro.
20231017 082232.117 INFO             PET3     ATM-TO-OCN: InitializeIPDv05p6a intro.
20231017 082232.135 INFO             PET3     ATM-TO-OCN: InitializeIPDv05p6a extro.
20231017 082232.136 INFO             PET3     OCN-TO-ATM: InitializeIPDv05p6a intro.
20231017 082232.144 INFO             PET3     OCN-TO-ATM: InitializeIPDv05p6a extro.
20231017 082232.144 INFO             PET3     ATM-TO-OCN: InitializeIPDv05p6b intro.
20231017 082232.638 INFO             PET3     ATM-TO-OCN: InitializeIPDv05p6b extro.
20231017 082232.639 INFO             PET3     OCN-TO-ATM: InitializeIPDv05p6b intro.
20231017 082233.046 INFO             PET3     OCN-TO-ATM: InitializeIPDv05p6b extro.
20231017 082233.047 INFO             PET3     OCN: InitializeIPDvXp07 intro.
20231017 082233.048 INFO             PET3     OCN: InitializeIPDvXp07 extro.
20231017 082233.048 INFO             PET3     <<<esm: leaving Initialize (phase=<none>) with current time: 2010  6  1  0  0  0   0
20231017 082233.048 INFO             PET3   esm: InitializeIPDv02p3 extro.
20231017 082233.048 INFO             PET3   esm: InitializeIPDv02p5 intro.
20231017 082233.048 INFO             PET3     >>>esm: entered Initialize (phase=<none>) with current time: 2010  6  1  0  0  0   0
20231017 082233.048 INFO             PET3     esm: this is a top level driver, no 'Updated' and 'InitializeDataComplete' info on this level.
20231017 082233.048 INFO             PET3     esm: InitializeIPDv02p5Data intro.
20231017 082233.048 INFO             PET3       esm: InternalInitializeComplete intro.
20231017 082233.048 INFO             PET3         esm: InitializeDataComplete='true'
20231017 082233.048 INFO             PET3       esm: InternalInitializeComplete extro.
20231017 082233.049 INFO             PET3       OCN: InitializeIPDv01p5 intro.
20231017 082233.049 INFO             PET3       OCN: InitializeIPDv01p5 extro.
20231017 082233.051 INFO             PET3       esm: components present that trigger loopDataDependentInitialize().
20231017 082233.051 INFO             PET3       esm: loopDataDependentInitialize intro.
20231017 082233.051 INFO             PET3         esm: component    0=esm, dataComplete (local): true
20231017 082233.052 INFO             PET3         esm: component    0=esm, dataComplete (global):  T
20231017 082233.052 INFO             PET3         esm: component    1=ATM, dataComplete (local): true
20231017 082233.052 INFO             PET3         esm: component    1=ATM, dataComplete (global):  T
20231017 082233.052 INFO             PET3         esm: component    2=OCN, dataComplete (local): true
20231017 082233.052 INFO             PET3         esm: component    2=OCN, dataComplete (global):  T
20231017 082233.052 INFO             PET3         esm: someProgress= F, allComplete= T, present(dataDepAllComplete)= T
20231017 082233.052 INFO             PET3         esm: finished resolving initialize data dependencies on this level.
20231017 082233.052 INFO             PET3       esm: loopDataDependentInitialize extro.
20231017 082233.052 INFO             PET3       esm: loopDataDependentInitialize() returned with dataDepAllComplete:  T
20231017 082233.052 INFO             PET3     esm: InitializeIPDv02p5Data extro.
20231017 082233.052 INFO             PET3     <<<esm: leaving Initialize (phase=<none>) with current time: 2010  6  1  0  0  0   0
20231017 082233.052 INFO             PET3   esm: InitializeIPDv02p5 extro.
20231017 082233.052 INFO             PET3 esm: InitializeGeneric extro.
20231017 082233.052 INFO             PET3 esm: Run intro.
20231017 082233.052 INFO             PET3   >>>esm entered Run (phase=RunPhase1) with current time: 2010  6  1  0  0  0   0
20231017 082233.052 INFO             PET3   esm: after lable_SetRunClock, current time: 2010  6  1  0  0  0   0
20231017 082233.052 INFO             PET3   esm: begin -------> RunSequence.
20231017 082233.052 INFO             PET3     esm: RunSequence event loopLevel=   1  levelMember=   1  loopIteration=   1, current time: 2010  6  1  0  0  0   0
20231017 082233.052 INFO             PET3     ATM-TO-OCN: Run intro.
20231017 082233.054 INFO             PET3     ATM-TO-OCN: Run extro.
20231017 082233.054 INFO             PET3     OCN-TO-ATM: Run intro.
20231017 082233.054 INFO             PET3     OCN-TO-ATM: Run extro.
20231017 082233.054 INFO             PET3     OCN: Run intro.
20231017 082233.055 INFO             PET3       ------>Advancing OCN from: 2010  6  1  0  0  0   0
20231017 082233.055 INFO             PET3       ---------------------> to: 2010  6  1  0  5  0   0
20231017 082233.091 INFO             PET3       ------>Advancing OCN from: 2010  6  1  0  5  0   0
20231017 082233.091 INFO             PET3       ---------------------> to: 2010  6  1  0 10  0   0
20231017 082233.108 INFO             PET3       ------>Advancing OCN from: 2010  6  1  0 10  0   0
20231017 082233.108 INFO             PET3       ---------------------> to: 2010  6  1  0 15  0   0
20231017 082233.126 INFO             PET3     OCN: Run extro.
20231017 082233.126 INFO             PET3     esm: RunSequence event loopLevel=   1  levelMember=   1  loopIteration=   2, current time: 2010  6  1  0 15  0   0
20231017 082233.126 INFO             PET3     ATM-TO-OCN: Run intro.
20231017 082233.126 INFO             PET3     ATM-TO-OCN: Run extro.
20231017 082233.126 INFO             PET3     OCN-TO-ATM: Run intro.
20231017 082233.127 INFO             PET3     OCN-TO-ATM: Run extro.
20231017 082233.127 INFO             PET3     OCN: Run intro.
20231017 082233.127 INFO             PET3       ------>Advancing OCN from: 2010  6  1  0 15  0   0
20231017 082233.127 INFO             PET3       ---------------------> to: 2010  6  1  0 20  0   0
20231017 082233.146 INFO             PET3       ------>Advancing OCN from: 2010  6  1  0 20  0   0
20231017 082233.146 INFO             PET3       ---------------------> to: 2010  6  1  0 25  0   0
20231017 082233.165 INFO             PET3       ------>Advancing OCN from: 2010  6  1  0 25  0   0
20231017 082233.165 INFO             PET3       ---------------------> to: 2010  6  1  0 30  0   0
20231017 082233.183 INFO             PET3     OCN: Run extro.
20231017 082233.183 INFO             PET3     esm: RunSequence event loopLevel=   1  levelMember=   1  loopIteration=   3, current time: 2010  6  1  0 30  0   0
20231017 082233.183 INFO             PET3     ATM-TO-OCN: Run intro.
20231017 082233.183 INFO             PET3     ATM-TO-OCN: Run extro.
20231017 082233.184 INFO             PET3     OCN-TO-ATM: Run intro.
20231017 082233.184 INFO             PET3     OCN-TO-ATM: Run extro.
20231017 082233.184 INFO             PET3     OCN: Run intro.
20231017 082233.184 INFO             PET3       ------>Advancing OCN from: 2010  6  1  0 30  0   0
20231017 082233.184 INFO             PET3       ---------------------> to: 2010  6  1  0 35  0   0
20231017 082233.215 INFO             PET3       ------>Advancing OCN from: 2010  6  1  0 35  0   0
20231017 082233.215 INFO             PET3       ---------------------> to: 2010  6  1  0 40  0   0
20231017 082233.234 INFO             PET3       ------>Advancing OCN from: 2010  6  1  0 40  0   0
20231017 082233.234 INFO             PET3       ---------------------> to: 2010  6  1  0 45  0   0
20231017 082233.253 INFO             PET3     OCN: Run extro.
20231017 082233.253 INFO             PET3     esm: RunSequence event loopLevel=   1  levelMember=   1  loopIteration=   4, current time: 2010  6  1  0 45  0   0
20231017 082233.253 INFO             PET3     ATM-TO-OCN: Run intro.
20231017 082233.253 INFO             PET3     ATM-TO-OCN: Run extro.
20231017 082233.254 INFO             PET3     OCN-TO-ATM: Run intro.
20231017 082233.254 INFO             PET3     OCN-TO-ATM: Run extro.
20231017 082233.254 INFO             PET3     OCN: Run intro.
20231017 082233.254 INFO             PET3       ------>Advancing OCN from: 2010  6  1  0 45  0   0
20231017 082233.254 INFO             PET3       ---------------------> to: 2010  6  1  0 50  0   0
20231017 082233.274 INFO             PET3       ------>Advancing OCN from: 2010  6  1  0 50  0   0
20231017 082233.274 INFO             PET3       ---------------------> to: 2010  6  1  0 55  0   0
20231017 082233.293 INFO             PET3       ------>Advancing OCN from: 2010  6  1  0 55  0   0
20231017 082233.293 INFO             PET3       ---------------------> to: 2010  6  1  1  0  0   0
20231017 082233.313 INFO             PET3     OCN: Run extro.
20231017 082233.313 INFO             PET3   esm: end <--------- RunSequence
20231017 082233.313 INFO             PET3   <<<esm - leaving Run with current time: 2010  6  1  1  0  0   0
20231017 082233.313 INFO             PET3 esm: Run extro.
20231017 082233.313 INFO             PET3 esm: Finalize intro.
20231017 082233.313 INFO             PET3   Calling Finalize phase 1 for connectorComp: ATM-TO-OCN
20231017 082233.314 INFO             PET3   ATM-TO-OCN: Finalize intro.
20231017 082233.314 INFO             PET3   ATM-TO-OCN: Finalize extro.
20231017 082233.314 INFO             PET3   Calling Finalize phase 1 for connectorComp: OCN-TO-ATM
20231017 082233.314 INFO             PET3   OCN-TO-ATM: Finalize intro.
20231017 082233.314 INFO             PET3   OCN-TO-ATM: Finalize extro.
20231017 082233.314 INFO             PET3   Calling Finalize phase 1 for modelComp: ATM
20231017 082233.314 INFO             PET3   Calling Finalize phase 1 for modelComp: OCN
20231017 082233.314 INFO             PET3   OCN: Finalize intro.
20231017 082233.314 INFO             PET3   OCN: Finalize extro.
20231017 082233.314 INFO             PET3   Delete modelComp: ATM
20231017 082233.314 INFO             PET3   Delete Import-/Export State for modelComp: ATM
20231017 082233.314 INFO             PET3   Delete modelComp: OCN
20231017 082233.314 INFO             PET3   Delete Import-/Export State for modelComp: OCN
20231017 082233.314 INFO             PET3   Delete connectorComp: ATM-TO-OCN
20231017 082233.315 INFO             PET3   Delete connectorComp: OCN-TO-ATM
20231017 082233.315 INFO             PET3 esm: Finalize extro.
20231017 082233.315 INFO             PET3 esmApp FINISHED
20231017 082233.315 INFO             PET3  Finalizing ESMF
