2023-11-14 02:42:13
20231114 032647.022 INFO             PET0 !!!!!!!!!!!!!!!!!!!!!!!!!!!!!!!!!!!!!!!!!!!!!!!!!!!!!!
20231114 032647.022 INFO             PET0 !!! THE ESMF_LOG IS SET TO OUTPUT ALL LOG MESSAGES !!!
20231114 032647.022 INFO             PET0 !!!     THIS MAY CAUSE SLOWDOWN IN PERFORMANCE     !!!
20231114 032647.022 INFO             PET0 !!! FOR PRODUCTION RUNS, USE:                      !!!
20231114 032647.022 INFO             PET0 !!!                   ESMF_LOGKIND_Multi_On_Error  !!!
20231114 032647.022 INFO             PET0 !!!!!!!!!!!!!!!!!!!!!!!!!!!!!!!!!!!!!!!!!!!!!!!!!!!!!!
20231114 032647.022 INFO             PET0 Running with ESMF Version   : v8.7.0b01
20231114 032647.022 INFO             PET0 ESMF library build date/time: "Nov 14 2023" "02:39:34"
20231114 032647.022 INFO             PET0 ESMF library build location : /glade/derecho/scratch/theurich/ESMF-Nightly-Testing/nvhpc_23.5_mpiuni_g_develop/esmf
20231114 032647.022 INFO             PET0 ESMF_COMM                   : mpiuni
20231114 032647.023 INFO             PET0 ESMF_MOAB                   : enabled
20231114 032647.023 INFO             PET0 ESMF_LAPACK                 : enabled
20231114 032647.023 INFO             PET0 ESMF_NETCDF                 : enabled
20231114 032647.023 INFO             PET0 ESMF_PNETCDF                : disabled
20231114 032647.023 INFO             PET0 ESMF_PIO                    : disabled
20231114 032647.023 INFO             PET0 ESMF_YAMLCPP                : enabled
20231114 032647.023 INFO             PET0  NUMBER_OF_PROCESSORS            1
20231114 032647.023 INFO             PET0  PASS  Example ESMF_VMUserMpiCommMultiEx, ESMF_VMUserMpiCommMultiEx.F90, line 126
20231114 032647.023 INFO             PET0  Finalizing ESMF with endflag==ESMF_END_KEEPMPI
