2023-11-10 01:36:03
20231110 021051.085 INFO             PET0 !!!!!!!!!!!!!!!!!!!!!!!!!!!!!!!!!!!!!!!!!!!!!!!!!!!!!!
20231110 021051.085 INFO             PET0 !!! THE ESMF_LOG IS SET TO OUTPUT ALL LOG MESSAGES !!!
20231110 021051.085 INFO             PET0 !!!     THIS MAY CAUSE SLOWDOWN IN PERFORMANCE     !!!
20231110 021051.085 INFO             PET0 !!! FOR PRODUCTION RUNS, USE:                      !!!
20231110 021051.085 INFO             PET0 !!!                   ESMF_LOGKIND_Multi_On_Error  !!!
20231110 021051.085 INFO             PET0 !!!!!!!!!!!!!!!!!!!!!!!!!!!!!!!!!!!!!!!!!!!!!!!!!!!!!!
20231110 021051.085 INFO             PET0 Running with ESMF Version   : v8.6.0
20231110 021051.085 INFO             PET0 ESMF library build date/time: "Nov 10 2023" "01:33:53"
20231110 021051.085 INFO             PET0 ESMF library build location : /glade/scratch/theurich/ESMF-Nightly-Testing/gfortran_7.4.0_openmpi_O_v8.6.0/esmf
20231110 021051.085 INFO             PET0 ESMF_COMM                   : openmpi
20231110 021051.086 INFO             PET0 ESMF_MOAB                   : enabled
20231110 021051.086 INFO             PET0 ESMF_LAPACK                 : enabled
20231110 021051.086 INFO             PET0 ESMF_NETCDF                 : enabled
20231110 021051.086 INFO             PET0 ESMF_PNETCDF                : disabled
20231110 021051.086 INFO             PET0 ESMF_PIO                    : enabled
20231110 021051.086 INFO             PET0 ESMF_YAMLCPP                : enabled
20231110 021051.120 DEBUG            PET0 about to destroy Grid: 0x243e960
20231110 021051.123 DEBUG            PET0 about to destroy Grid: 0x243fba0
20231110 021051.135 INFO             PET0  NUMBER_OF_PROCESSORS           4
20231110 021051.135 INFO             PET0  PASS  Example ESMF_NUOPCAtmModelEx, ESMF_NUOPCAtmModelEx.F90, line 806
20231110 021051.135 INFO             PET0  Finalizing ESMF
20231110 021051.086 INFO             PET1 !!!!!!!!!!!!!!!!!!!!!!!!!!!!!!!!!!!!!!!!!!!!!!!!!!!!!!
20231110 021051.086 INFO             PET1 !!! THE ESMF_LOG IS SET TO OUTPUT ALL LOG MESSAGES !!!
20231110 021051.086 INFO             PET1 !!!     THIS MAY CAUSE SLOWDOWN IN PERFORMANCE     !!!
20231110 021051.086 INFO             PET1 !!! FOR PRODUCTION RUNS, USE:                      !!!
20231110 021051.086 INFO             PET1 !!!                   ESMF_LOGKIND_Multi_On_Error  !!!
20231110 021051.086 INFO             PET1 !!!!!!!!!!!!!!!!!!!!!!!!!!!!!!!!!!!!!!!!!!!!!!!!!!!!!!
20231110 021051.086 INFO             PET1 Running with ESMF Version   : v8.6.0
20231110 021051.086 INFO             PET1 ESMF library build date/time: "Nov 10 2023" "01:33:53"
20231110 021051.086 INFO             PET1 ESMF library build location : /glade/scratch/theurich/ESMF-Nightly-Testing/gfortran_7.4.0_openmpi_O_v8.6.0/esmf
20231110 021051.086 INFO             PET1 ESMF_COMM                   : openmpi
20231110 021051.086 INFO             PET1 ESMF_MOAB                   : enabled
20231110 021051.086 INFO             PET1 ESMF_LAPACK                 : enabled
20231110 021051.086 INFO             PET1 ESMF_NETCDF                 : enabled
20231110 021051.086 INFO             PET1 ESMF_PNETCDF                : disabled
20231110 021051.086 INFO             PET1 ESMF_PIO                    : enabled
20231110 021051.086 INFO             PET1 ESMF_YAMLCPP                : enabled
20231110 021051.120 DEBUG            PET1 about to destroy Grid: 0x1d6c300
20231110 021051.123 DEBUG            PET1 about to destroy Grid: 0x1d6cda0
20231110 021051.135 INFO             PET1  NUMBER_OF_PROCESSORS           4
20231110 021051.135 INFO             PET1  PASS  Example ESMF_NUOPCAtmModelEx, ESMF_NUOPCAtmModelEx.F90, line 806
20231110 021051.135 INFO             PET1  Finalizing ESMF
20231110 021051.085 INFO             PET2 !!!!!!!!!!!!!!!!!!!!!!!!!!!!!!!!!!!!!!!!!!!!!!!!!!!!!!
20231110 021051.086 INFO             PET2 !!! THE ESMF_LOG IS SET TO OUTPUT ALL LOG MESSAGES !!!
20231110 021051.086 INFO             PET2 !!!     THIS MAY CAUSE SLOWDOWN IN PERFORMANCE     !!!
20231110 021051.086 INFO             PET2 !!! FOR PRODUCTION RUNS, USE:                      !!!
20231110 021051.086 INFO             PET2 !!!                   ESMF_LOGKIND_Multi_On_Error  !!!
20231110 021051.086 INFO             PET2 !!!!!!!!!!!!!!!!!!!!!!!!!!!!!!!!!!!!!!!!!!!!!!!!!!!!!!
20231110 021051.086 INFO             PET2 Running with ESMF Version   : v8.6.0
20231110 021051.086 INFO             PET2 ESMF library build date/time: "Nov 10 2023" "01:33:53"
20231110 021051.086 INFO             PET2 ESMF library build location : /glade/scratch/theurich/ESMF-Nightly-Testing/gfortran_7.4.0_openmpi_O_v8.6.0/esmf
20231110 021051.086 INFO             PET2 ESMF_COMM                   : openmpi
20231110 021051.086 INFO             PET2 ESMF_MOAB                   : enabled
20231110 021051.086 INFO             PET2 ESMF_LAPACK                 : enabled
20231110 021051.086 INFO             PET2 ESMF_NETCDF                 : enabled
20231110 021051.086 INFO             PET2 ESMF_PNETCDF                : disabled
20231110 021051.086 INFO             PET2 ESMF_PIO                    : enabled
20231110 021051.086 INFO             PET2 ESMF_YAMLCPP                : enabled
20231110 021051.120 DEBUG            PET2 about to destroy Grid: 0xd822f0
20231110 021051.123 DEBUG            PET2 about to destroy Grid: 0xd835c0
20231110 021051.135 INFO             PET2  NUMBER_OF_PROCESSORS           4
20231110 021051.135 INFO             PET2  PASS  Example ESMF_NUOPCAtmModelEx, ESMF_NUOPCAtmModelEx.F90, line 806
20231110 021051.135 INFO             PET2  Finalizing ESMF
20231110 021051.086 INFO             PET3 !!!!!!!!!!!!!!!!!!!!!!!!!!!!!!!!!!!!!!!!!!!!!!!!!!!!!!
20231110 021051.086 INFO             PET3 !!! THE ESMF_LOG IS SET TO OUTPUT ALL LOG MESSAGES !!!
20231110 021051.086 INFO             PET3 !!!     THIS MAY CAUSE SLOWDOWN IN PERFORMANCE     !!!
20231110 021051.086 INFO             PET3 !!! FOR PRODUCTION RUNS, USE:                      !!!
20231110 021051.086 INFO             PET3 !!!                   ESMF_LOGKIND_Multi_On_Error  !!!
20231110 021051.086 INFO             PET3 !!!!!!!!!!!!!!!!!!!!!!!!!!!!!!!!!!!!!!!!!!!!!!!!!!!!!!
20231110 021051.086 INFO             PET3 Running with ESMF Version   : v8.6.0
20231110 021051.086 INFO             PET3 ESMF library build date/time: "Nov 10 2023" "01:33:53"
20231110 021051.086 INFO             PET3 ESMF library build location : /glade/scratch/theurich/ESMF-Nightly-Testing/gfortran_7.4.0_openmpi_O_v8.6.0/esmf
20231110 021051.086 INFO             PET3 ESMF_COMM                   : openmpi
20231110 021051.086 INFO             PET3 ESMF_MOAB                   : enabled
20231110 021051.086 INFO             PET3 ESMF_LAPACK                 : enabled
20231110 021051.086 INFO             PET3 ESMF_NETCDF                 : enabled
20231110 021051.086 INFO             PET3 ESMF_PNETCDF                : disabled
20231110 021051.086 INFO             PET3 ESMF_PIO                    : enabled
20231110 021051.086 INFO             PET3 ESMF_YAMLCPP                : enabled
20231110 021051.120 DEBUG            PET3 about to destroy Grid: 0x10bf040
20231110 021051.123 DEBUG            PET3 about to destroy Grid: 0x10c03e0
20231110 021051.135 INFO             PET3  NUMBER_OF_PROCESSORS           4
20231110 021051.135 INFO             PET3  PASS  Example ESMF_NUOPCAtmModelEx, ESMF_NUOPCAtmModelEx.F90, line 806
20231110 021051.135 INFO             PET3  Finalizing ESMF
