2023-11-06 02:42:37
20231106 031747.325 INFO             PET0 !!!!!!!!!!!!!!!!!!!!!!!!!!!!!!!!!!!!!!!!!!!!!!!!!!!!!!
20231106 031747.325 INFO             PET0 !!! THE ESMF_LOG IS SET TO OUTPUT ALL LOG MESSAGES !!!
20231106 031747.325 INFO             PET0 !!!     THIS MAY CAUSE SLOWDOWN IN PERFORMANCE     !!!
20231106 031747.325 INFO             PET0 !!! FOR PRODUCTION RUNS, USE:                      !!!
20231106 031747.325 INFO             PET0 !!!                   ESMF_LOGKIND_Multi_On_Error  !!!
20231106 031747.325 INFO             PET0 !!!!!!!!!!!!!!!!!!!!!!!!!!!!!!!!!!!!!!!!!!!!!!!!!!!!!!
20231106 031747.325 INFO             PET0 Running with ESMF Version   : v8.6.0b14
20231106 031747.325 INFO             PET0 ESMF library build date/time: "Nov  6 2023" "02:39:42"
20231106 031747.325 INFO             PET0 ESMF library build location : /glade/scratch/theurich/ESMF-Nightly-Testing/gfortran_13.1.0_mpt_g_release_8.6.0/esmf
20231106 031747.325 INFO             PET0 ESMF_COMM                   : mpt
20231106 031747.325 INFO             PET0 ESMF_MOAB                   : enabled
20231106 031747.325 INFO             PET0 ESMF_LAPACK                 : enabled
20231106 031747.325 INFO             PET0 ESMF_NETCDF                 : enabled
20231106 031747.325 INFO             PET0 ESMF_PNETCDF                : disabled
20231106 031747.325 INFO             PET0 ESMF_PIO                    : enabled
20231106 031747.325 INFO             PET0 ESMF_YAMLCPP                : enabled
20231106 031747.326 INFO             PET0 esmApp STARTING
20231106 031747.331 INFO             PET0 esm: InitializeGeneric intro.
20231106 031747.331 INFO             PET0   esm: InitializeP0 intro.
20231106 031747.331 INFO             PET0   esm: InitializeP0 extro.
20231106 031747.331 INFO             PET0   esm: InitializeIPDv02p1 intro.
20231106 031747.331 INFO             PET0     >>>esm: entered Initialize (phase=<none>) without valid internal Clock.
20231106 031747.331 INFO             PET0     esm - Creating model component ATM with petList of size 2 :
20231106 031747.331 INFO             PET0           0      1
20231106 031747.334 INFO             PET0     esm - Creating model component OCN with petList of size 2 :
20231106 031747.334 INFO             PET0           2      3
20231106 031747.334 INFO             PET0     esm - Creating connector component ATM-TO-OCN with petList of size 4 :
20231106 031747.334 INFO             PET0           0      1      2      3
20231106 031747.339 INFO             PET0     esm - Creating connector component OCN-TO-ATM with petList of size 4 :
20231106 031747.339 INFO             PET0           2      3      0      1
20231106 031747.343 INFO             PET0     esm - Creating state: modelComp 1 Import State
20231106 031747.343 INFO             PET0     esm - Creating state: modelComp 1 Export State
20231106 031747.344 INFO             PET0     esm - Creating state: modelComp 2 Import State
20231106 031747.344 INFO             PET0     esm - Creating state: modelComp 2 Export State
20231106 031747.345 INFO             PET0     ATM: InitializeP0 intro.
20231106 031747.346 INFO             PET0     ATM: InitializeP0 extro.
20231106 031747.348 INFO             PET0     ATM-TO-OCN: InitializeP0 intro.
20231106 031747.348 INFO             PET0     ATM-TO-OCN: InitializeP0 extro.
20231106 031747.349 INFO             PET0     OCN-TO-ATM: InitializeP0 intro.
20231106 031747.349 INFO             PET0     OCN-TO-ATM: InitializeP0 extro.
20231106 031747.351 INFO             PET0     esm: IInitAdvertise intro.
20231106 031747.351 INFO             PET0     esm: IInitAdvertise extro.
20231106 031747.351 INFO             PET0     ATM: InitializeIPDvXp01 intro.
20231106 031747.354 INFO             PET0     ATM: InitializeIPDvXp01 extro.
20231106 031747.356 INFO             PET0     ATM-TO-OCN: InitializeIPDv05p1 intro.
20231106 031747.362 INFO             PET0     ATM-TO-OCN: InitializeIPDv05p1 extro.
20231106 031747.362 INFO             PET0     OCN-TO-ATM: InitializeIPDv05p1 intro.
20231106 031747.365 INFO             PET0     OCN-TO-ATM: InitializeIPDv05p1 extro.
20231106 031747.365 INFO             PET0     esm: IInitAdvertiseFinish intro.
20231106 031747.365 INFO             PET0     esm: IInitAdvertiseFinish extro.
20231106 031747.365 INFO             PET0     ATM-TO-OCN: InitializeIPDv05p2a intro.
20231106 031747.371 INFO             PET0     ATM-TO-OCN: InitializeIPDv05p2a extro.
20231106 031747.372 INFO             PET0     OCN-TO-ATM: InitializeIPDv05p2a intro.
20231106 031747.375 INFO             PET0     OCN-TO-ATM: InitializeIPDv05p2a extro.
20231106 031747.375 INFO             PET0     ATM-TO-OCN: InitializeIPDv05p2b intro.
20231106 031747.381 INFO             PET0     ATM-TO-OCN: InitializeIPDv05p2b extro.
20231106 031747.383 INFO             PET0     OCN-TO-ATM: InitializeIPDv05p2b intro.
20231106 031747.387 INFO             PET0     OCN-TO-ATM: InitializeIPDv05p2b extro.
20231106 031747.387 INFO             PET0     esm: IInitModifyCplLists intro.
20231106 031747.387 INFO             PET0       Driver is in ModifyCplLists()
20231106 031747.387 INFO             PET0        Found            2  Connectors. Modifying CplList Attribute....
20231106 031747.388 INFO             PET0     esm: IInitModifyCplLists extro.
20231106 031747.388 INFO             PET0     ATM-TO-OCN: InitializeIPDv05p3 intro.
20231106 031747.394 INFO             PET0     ATM-TO-OCN: InitializeIPDv05p3 extro.
20231106 031747.394 INFO             PET0     OCN-TO-ATM: InitializeIPDv05p3 intro.
20231106 031747.398 INFO             PET0     OCN-TO-ATM: InitializeIPDv05p3 extro.
20231106 031747.398 INFO             PET0     <<<esm: leaving Initialize (phase=<none>) with current time: 2010  6  1  0  0  0   0
20231106 031747.398 INFO             PET0   esm: InitializeIPDv02p1 extro.
20231106 031747.398 INFO             PET0   esm: InitializeIPDv02p3 intro.
20231106 031747.398 INFO             PET0     >>>esm: entered Initialize (phase=<none>) with current time: 2010  6  1  0  0  0   0
20231106 031747.398 INFO             PET0     esm: IInitCheck intro.
20231106 031747.398 INFO             PET0     esm: IInitCheck extro.
20231106 031747.398 INFO             PET0     ATM: InitializeIPDvXp04 intro.
20231106 031747.404 INFO             PET0     ATM: InitializeIPDvXp04 extro.
20231106 031747.405 INFO             PET0     ATM-TO-OCN: InitializeIPDv05p4 intro.
20231106 031747.415 INFO             PET0     ATM-TO-OCN: InitializeIPDv05p4 extro.
20231106 031747.415 INFO             PET0     OCN-TO-ATM: InitializeIPDv05p4 intro.
20231106 031747.420 INFO             PET0     OCN-TO-ATM: InitializeIPDv05p4 extro.
20231106 031747.420 INFO             PET0     ATM-TO-OCN: InitializeIPDv05p5 intro.
20231106 031747.430 INFO             PET0     ATM-TO-OCN: InitializeIPDv05p5 extro.
20231106 031747.430 INFO             PET0     OCN-TO-ATM: InitializeIPDv05p5 intro.
20231106 031747.435 INFO             PET0     OCN-TO-ATM: InitializeIPDv05p5 extro.
20231106 031747.435 INFO             PET0     esm: IInitRealize intro.
20231106 031747.435 INFO             PET0     esm: IInitRealize extro.
20231106 031747.436 INFO             PET0     ATM-TO-OCN: InitializeIPDv05p6a intro.
20231106 031747.445 INFO             PET0     ATM-TO-OCN: InitializeIPDv05p6a extro.
20231106 031747.445 INFO             PET0     OCN-TO-ATM: InitializeIPDv05p6a intro.
20231106 031747.450 INFO             PET0     OCN-TO-ATM: InitializeIPDv05p6a extro.
20231106 031747.450 INFO             PET0     ATM-TO-OCN: InitializeIPDv05p6b intro.
20231106 031747.542 INFO             PET0     ATM-TO-OCN: InitializeIPDv05p6b extro.
20231106 031747.542 INFO             PET0     OCN-TO-ATM: InitializeIPDv05p6b intro.
20231106 031747.617 INFO             PET0     OCN-TO-ATM: InitializeIPDv05p6b extro.
20231106 031747.618 INFO             PET0     ATM: InitializeIPDvXp07 intro.
20231106 031747.618 INFO             PET0     ATM: InitializeIPDvXp07 extro.
20231106 031747.618 INFO             PET0     <<<esm: leaving Initialize (phase=<none>) with current time: 2010  6  1  0  0  0   0
20231106 031747.618 INFO             PET0   esm: InitializeIPDv02p3 extro.
20231106 031747.618 INFO             PET0   esm: InitializeIPDv02p5 intro.
20231106 031747.618 INFO             PET0     >>>esm: entered Initialize (phase=<none>) with current time: 2010  6  1  0  0  0   0
20231106 031747.618 INFO             PET0     esm: this is a top level driver, no 'Updated' and 'InitializeDataComplete' info on this level.
20231106 031747.618 INFO             PET0     esm: InitializeIPDv02p5Data intro.
20231106 031747.618 INFO             PET0       esm: InternalInitializeComplete intro.
20231106 031747.618 INFO             PET0         esm: InitializeDataComplete='true'
20231106 031747.618 INFO             PET0       esm: InternalInitializeComplete extro.
20231106 031747.619 INFO             PET0       ATM: InitializeIPDv01p5 intro.
20231106 031747.619 INFO             PET0       ATM: InitializeIPDv01p5 extro.
20231106 031747.620 INFO             PET0       esm: components present that trigger loopDataDependentInitialize().
20231106 031747.620 INFO             PET0       esm: loopDataDependentInitialize intro.
20231106 031747.620 INFO             PET0         esm: component    0=esm, dataComplete (local): true
20231106 031747.620 INFO             PET0         esm: component    0=esm, dataComplete (global): T
20231106 031747.620 INFO             PET0         esm: component    1=ATM, dataComplete (local): true
20231106 031747.620 INFO             PET0         esm: component    1=ATM, dataComplete (global): T
20231106 031747.620 INFO             PET0         esm: component    2=OCN, dataComplete (local): true
20231106 031747.620 INFO             PET0         esm: component    2=OCN, dataComplete (global): T
20231106 031747.621 INFO             PET0         esm: someProgress=F, allComplete=T, present(dataDepAllComplete)=T
20231106 031747.621 INFO             PET0         esm: finished resolving initialize data dependencies on this level.
20231106 031747.621 INFO             PET0       esm: loopDataDependentInitialize extro.
20231106 031747.621 INFO             PET0       esm: loopDataDependentInitialize() returned with dataDepAllComplete: T
20231106 031747.621 INFO             PET0     esm: InitializeIPDv02p5Data extro.
20231106 031747.621 INFO             PET0     <<<esm: leaving Initialize (phase=<none>) with current time: 2010  6  1  0  0  0   0
20231106 031747.621 INFO             PET0   esm: InitializeIPDv02p5 extro.
20231106 031747.621 INFO             PET0 esm: InitializeGeneric extro.
20231106 031747.621 INFO             PET0 esm: Run intro.
20231106 031747.621 INFO             PET0   >>>esm entered Run (phase=RunPhase1) with current time: 2010  6  1  0  0  0   0
20231106 031747.621 INFO             PET0   esm: after lable_SetRunClock, current time: 2010  6  1  0  0  0   0
20231106 031747.621 INFO             PET0   esm: begin -------> RunSequence.
20231106 031747.621 INFO             PET0     esm: RunSequence event loopLevel=   1  levelMember=   1  loopIteration=   1, current time: 2010  6  1  0  0  0   0
20231106 031747.621 INFO             PET0     ATM-TO-OCN: Run intro.
20231106 031747.621 INFO             PET0     ATM-TO-OCN: Run extro.
20231106 031747.622 INFO             PET0     OCN-TO-ATM: Run intro.
20231106 031747.622 INFO             PET0     OCN-TO-ATM: Run extro.
20231106 031747.622 INFO             PET0     ATM: Run intro.
20231106 031747.622 INFO             PET0       ------>Advancing ATM from: 2010  6  1  0  0  0   0
20231106 031747.622 INFO             PET0       ---------------------> to: 2010  6  1  0 15  0   0
20231106 031747.622 INFO             PET0     ATM: Run extro.
20231106 031747.622 INFO             PET0     esm: RunSequence event loopLevel=   1  levelMember=   1  loopIteration=   2, current time: 2010  6  1  0 15  0   0
20231106 031747.622 INFO             PET0     ATM-TO-OCN: Run intro.
20231106 031747.623 INFO             PET0     ATM-TO-OCN: Run extro.
20231106 031747.623 INFO             PET0     OCN-TO-ATM: Run intro.
20231106 031747.644 INFO             PET0     OCN-TO-ATM: Run extro.
20231106 031747.644 INFO             PET0     ATM: Run intro.
20231106 031747.644 INFO             PET0       ------>Advancing ATM from: 2010  6  1  0 15  0   0
20231106 031747.644 INFO             PET0       ---------------------> to: 2010  6  1  0 30  0   0
20231106 031747.644 INFO             PET0     ATM: Run extro.
20231106 031747.644 INFO             PET0     esm: RunSequence event loopLevel=   1  levelMember=   1  loopIteration=   3, current time: 2010  6  1  0 30  0   0
20231106 031747.645 INFO             PET0     ATM-TO-OCN: Run intro.
20231106 031747.645 INFO             PET0     ATM-TO-OCN: Run extro.
20231106 031747.645 INFO             PET0     OCN-TO-ATM: Run intro.
20231106 031747.653 INFO             PET0     OCN-TO-ATM: Run extro.
20231106 031747.653 INFO             PET0     ATM: Run intro.
20231106 031747.653 INFO             PET0       ------>Advancing ATM from: 2010  6  1  0 30  0   0
20231106 031747.653 INFO             PET0       ---------------------> to: 2010  6  1  0 45  0   0
20231106 031747.653 INFO             PET0     ATM: Run extro.
20231106 031747.653 INFO             PET0     esm: RunSequence event loopLevel=   1  levelMember=   1  loopIteration=   4, current time: 2010  6  1  0 45  0   0
20231106 031747.653 INFO             PET0     ATM-TO-OCN: Run intro.
20231106 031747.654 INFO             PET0     ATM-TO-OCN: Run extro.
20231106 031747.654 INFO             PET0     OCN-TO-ATM: Run intro.
20231106 031747.661 INFO             PET0     OCN-TO-ATM: Run extro.
20231106 031747.661 INFO             PET0     ATM: Run intro.
20231106 031747.661 INFO             PET0       ------>Advancing ATM from: 2010  6  1  0 45  0   0
20231106 031747.661 INFO             PET0       ---------------------> to: 2010  6  1  1  0  0   0
20231106 031747.662 INFO             PET0     ATM: Run extro.
20231106 031747.662 INFO             PET0   esm: end <--------- RunSequence
20231106 031747.662 INFO             PET0   <<<esm - leaving Run with current time: 2010  6  1  1  0  0   0
20231106 031747.662 INFO             PET0 esm: Run extro.
20231106 031747.662 INFO             PET0 esm: Finalize intro.
20231106 031747.662 INFO             PET0   Calling Finalize phase 1 for connectorComp: ATM-TO-OCN
20231106 031747.662 INFO             PET0   ATM-TO-OCN: Finalize intro.
20231106 031747.662 INFO             PET0   ATM-TO-OCN: Finalize extro.
20231106 031747.662 INFO             PET0   Calling Finalize phase 1 for connectorComp: OCN-TO-ATM
20231106 031747.662 INFO             PET0   OCN-TO-ATM: Finalize intro.
20231106 031747.662 INFO             PET0   OCN-TO-ATM: Finalize extro.
20231106 031747.662 INFO             PET0   Calling Finalize phase 1 for modelComp: ATM
20231106 031747.662 INFO             PET0   ATM: Finalize intro.
20231106 031747.662 INFO             PET0   ATM: Finalize extro.
20231106 031747.662 INFO             PET0   Calling Finalize phase 1 for modelComp: OCN
20231106 031747.662 INFO             PET0   Delete modelComp: ATM
20231106 031747.663 INFO             PET0   Delete Import-/Export State for modelComp: ATM
20231106 031747.663 INFO             PET0   Delete modelComp: OCN
20231106 031747.663 INFO             PET0   Delete Import-/Export State for modelComp: OCN
20231106 031747.663 INFO             PET0   Delete connectorComp: ATM-TO-OCN
20231106 031747.670 INFO             PET0   Delete connectorComp: OCN-TO-ATM
20231106 031747.670 INFO             PET0 esm: Finalize extro.
20231106 031747.670 INFO             PET0 esmApp FINISHED
20231106 031747.670 INFO             PET0  Finalizing ESMF
20231106 031747.325 INFO             PET1 !!!!!!!!!!!!!!!!!!!!!!!!!!!!!!!!!!!!!!!!!!!!!!!!!!!!!!
20231106 031747.325 INFO             PET1 !!! THE ESMF_LOG IS SET TO OUTPUT ALL LOG MESSAGES !!!
20231106 031747.325 INFO             PET1 !!!     THIS MAY CAUSE SLOWDOWN IN PERFORMANCE     !!!
20231106 031747.325 INFO             PET1 !!! FOR PRODUCTION RUNS, USE:                      !!!
20231106 031747.325 INFO             PET1 !!!                   ESMF_LOGKIND_Multi_On_Error  !!!
20231106 031747.325 INFO             PET1 !!!!!!!!!!!!!!!!!!!!!!!!!!!!!!!!!!!!!!!!!!!!!!!!!!!!!!
20231106 031747.325 INFO             PET1 Running with ESMF Version   : v8.6.0b14
20231106 031747.325 INFO             PET1 ESMF library build date/time: "Nov  6 2023" "02:39:42"
20231106 031747.325 INFO             PET1 ESMF library build location : /glade/scratch/theurich/ESMF-Nightly-Testing/gfortran_13.1.0_mpt_g_release_8.6.0/esmf
20231106 031747.325 INFO             PET1 ESMF_COMM                   : mpt
20231106 031747.325 INFO             PET1 ESMF_MOAB                   : enabled
20231106 031747.325 INFO             PET1 ESMF_LAPACK                 : enabled
20231106 031747.325 INFO             PET1 ESMF_NETCDF                 : enabled
20231106 031747.325 INFO             PET1 ESMF_PNETCDF                : disabled
20231106 031747.325 INFO             PET1 ESMF_PIO                    : enabled
20231106 031747.325 INFO             PET1 ESMF_YAMLCPP                : enabled
20231106 031747.326 INFO             PET1 esmApp STARTING
20231106 031747.331 INFO             PET1 esm: InitializeGeneric intro.
20231106 031747.331 INFO             PET1   esm: InitializeP0 intro.
20231106 031747.331 INFO             PET1   esm: InitializeP0 extro.
20231106 031747.331 INFO             PET1   esm: InitializeIPDv02p1 intro.
20231106 031747.331 INFO             PET1     >>>esm: entered Initialize (phase=<none>) without valid internal Clock.
20231106 031747.331 INFO             PET1     esm - Creating model component ATM with petList of size 2 :
20231106 031747.331 INFO             PET1           0      1
20231106 031747.334 INFO             PET1     esm - Creating model component OCN with petList of size 2 :
20231106 031747.334 INFO             PET1           2      3
20231106 031747.334 INFO             PET1     esm - Creating connector component ATM-TO-OCN with petList of size 4 :
20231106 031747.334 INFO             PET1           0      1      2      3
20231106 031747.339 INFO             PET1     esm - Creating connector component OCN-TO-ATM with petList of size 4 :
20231106 031747.339 INFO             PET1           2      3      0      1
20231106 031747.343 INFO             PET1     esm - Creating state: modelComp 1 Import State
20231106 031747.343 INFO             PET1     esm - Creating state: modelComp 1 Export State
20231106 031747.344 INFO             PET1     esm - Creating state: modelComp 2 Import State
20231106 031747.344 INFO             PET1     esm - Creating state: modelComp 2 Export State
20231106 031747.345 INFO             PET1     ATM: InitializeP0 intro.
20231106 031747.346 INFO             PET1     ATM: InitializeP0 extro.
20231106 031747.348 INFO             PET1     ATM-TO-OCN: InitializeP0 intro.
20231106 031747.348 INFO             PET1     ATM-TO-OCN: InitializeP0 extro.
20231106 031747.349 INFO             PET1     OCN-TO-ATM: InitializeP0 intro.
20231106 031747.350 INFO             PET1     OCN-TO-ATM: InitializeP0 extro.
20231106 031747.351 INFO             PET1     esm: IInitAdvertise intro.
20231106 031747.351 INFO             PET1     esm: IInitAdvertise extro.
20231106 031747.351 INFO             PET1     ATM: InitializeIPDvXp01 intro.
20231106 031747.354 INFO             PET1     ATM: InitializeIPDvXp01 extro.
20231106 031747.356 INFO             PET1     ATM-TO-OCN: InitializeIPDv05p1 intro.
20231106 031747.362 INFO             PET1     ATM-TO-OCN: InitializeIPDv05p1 extro.
20231106 031747.362 INFO             PET1     OCN-TO-ATM: InitializeIPDv05p1 intro.
20231106 031747.365 INFO             PET1     OCN-TO-ATM: InitializeIPDv05p1 extro.
20231106 031747.365 INFO             PET1     esm: IInitAdvertiseFinish intro.
20231106 031747.365 INFO             PET1     esm: IInitAdvertiseFinish extro.
20231106 031747.365 INFO             PET1     ATM-TO-OCN: InitializeIPDv05p2a intro.
20231106 031747.371 INFO             PET1     ATM-TO-OCN: InitializeIPDv05p2a extro.
20231106 031747.372 INFO             PET1     OCN-TO-ATM: InitializeIPDv05p2a intro.
20231106 031747.375 INFO             PET1     OCN-TO-ATM: InitializeIPDv05p2a extro.
20231106 031747.375 INFO             PET1     ATM-TO-OCN: InitializeIPDv05p2b intro.
20231106 031747.381 INFO             PET1     ATM-TO-OCN: InitializeIPDv05p2b extro.
20231106 031747.384 INFO             PET1     OCN-TO-ATM: InitializeIPDv05p2b intro.
20231106 031747.387 INFO             PET1     OCN-TO-ATM: InitializeIPDv05p2b extro.
20231106 031747.387 INFO             PET1     esm: IInitModifyCplLists intro.
20231106 031747.387 INFO             PET1       Driver is in ModifyCplLists()
20231106 031747.387 INFO             PET1        Found            2  Connectors. Modifying CplList Attribute....
20231106 031747.388 INFO             PET1     esm: IInitModifyCplLists extro.
20231106 031747.388 INFO             PET1     ATM-TO-OCN: InitializeIPDv05p3 intro.
20231106 031747.394 INFO             PET1     ATM-TO-OCN: InitializeIPDv05p3 extro.
20231106 031747.394 INFO             PET1     OCN-TO-ATM: InitializeIPDv05p3 intro.
20231106 031747.398 INFO             PET1     OCN-TO-ATM: InitializeIPDv05p3 extro.
20231106 031747.398 INFO             PET1     <<<esm: leaving Initialize (phase=<none>) with current time: 2010  6  1  0  0  0   0
20231106 031747.398 INFO             PET1   esm: InitializeIPDv02p1 extro.
20231106 031747.398 INFO             PET1   esm: InitializeIPDv02p3 intro.
20231106 031747.398 INFO             PET1     >>>esm: entered Initialize (phase=<none>) with current time: 2010  6  1  0  0  0   0
20231106 031747.398 INFO             PET1     esm: IInitCheck intro.
20231106 031747.398 INFO             PET1     esm: IInitCheck extro.
20231106 031747.398 INFO             PET1     ATM: InitializeIPDvXp04 intro.
20231106 031747.404 INFO             PET1     ATM: InitializeIPDvXp04 extro.
20231106 031747.405 INFO             PET1     ATM-TO-OCN: InitializeIPDv05p4 intro.
20231106 031747.415 INFO             PET1     ATM-TO-OCN: InitializeIPDv05p4 extro.
20231106 031747.415 INFO             PET1     OCN-TO-ATM: InitializeIPDv05p4 intro.
20231106 031747.420 INFO             PET1     OCN-TO-ATM: InitializeIPDv05p4 extro.
20231106 031747.420 INFO             PET1     ATM-TO-OCN: InitializeIPDv05p5 intro.
20231106 031747.430 INFO             PET1     ATM-TO-OCN: InitializeIPDv05p5 extro.
20231106 031747.430 INFO             PET1     OCN-TO-ATM: InitializeIPDv05p5 intro.
20231106 031747.435 INFO             PET1     OCN-TO-ATM: InitializeIPDv05p5 extro.
20231106 031747.435 INFO             PET1     esm: IInitRealize intro.
20231106 031747.435 INFO             PET1     esm: IInitRealize extro.
20231106 031747.436 INFO             PET1     ATM-TO-OCN: InitializeIPDv05p6a intro.
20231106 031747.445 INFO             PET1     ATM-TO-OCN: InitializeIPDv05p6a extro.
20231106 031747.445 INFO             PET1     OCN-TO-ATM: InitializeIPDv05p6a intro.
20231106 031747.450 INFO             PET1     OCN-TO-ATM: InitializeIPDv05p6a extro.
20231106 031747.450 INFO             PET1     ATM-TO-OCN: InitializeIPDv05p6b intro.
20231106 031747.542 INFO             PET1     ATM-TO-OCN: InitializeIPDv05p6b extro.
20231106 031747.542 INFO             PET1     OCN-TO-ATM: InitializeIPDv05p6b intro.
20231106 031747.617 INFO             PET1     OCN-TO-ATM: InitializeIPDv05p6b extro.
20231106 031747.618 INFO             PET1     ATM: InitializeIPDvXp07 intro.
20231106 031747.618 INFO             PET1     ATM: InitializeIPDvXp07 extro.
20231106 031747.618 INFO             PET1     <<<esm: leaving Initialize (phase=<none>) with current time: 2010  6  1  0  0  0   0
20231106 031747.618 INFO             PET1   esm: InitializeIPDv02p3 extro.
20231106 031747.618 INFO             PET1   esm: InitializeIPDv02p5 intro.
20231106 031747.618 INFO             PET1     >>>esm: entered Initialize (phase=<none>) with current time: 2010  6  1  0  0  0   0
20231106 031747.618 INFO             PET1     esm: this is a top level driver, no 'Updated' and 'InitializeDataComplete' info on this level.
20231106 031747.618 INFO             PET1     esm: InitializeIPDv02p5Data intro.
20231106 031747.618 INFO             PET1       esm: InternalInitializeComplete intro.
20231106 031747.618 INFO             PET1         esm: InitializeDataComplete='true'
20231106 031747.618 INFO             PET1       esm: InternalInitializeComplete extro.
20231106 031747.619 INFO             PET1       ATM: InitializeIPDv01p5 intro.
20231106 031747.619 INFO             PET1       ATM: InitializeIPDv01p5 extro.
20231106 031747.620 INFO             PET1       esm: components present that trigger loopDataDependentInitialize().
20231106 031747.620 INFO             PET1       esm: loopDataDependentInitialize intro.
20231106 031747.620 INFO             PET1         esm: component    0=esm, dataComplete (local): true
20231106 031747.620 INFO             PET1         esm: component    0=esm, dataComplete (global): T
20231106 031747.620 INFO             PET1         esm: component    1=ATM, dataComplete (local): true
20231106 031747.620 INFO             PET1         esm: component    1=ATM, dataComplete (global): T
20231106 031747.620 INFO             PET1         esm: component    2=OCN, dataComplete (local): true
20231106 031747.620 INFO             PET1         esm: component    2=OCN, dataComplete (global): T
20231106 031747.621 INFO             PET1         esm: someProgress=F, allComplete=T, present(dataDepAllComplete)=T
20231106 031747.621 INFO             PET1         esm: finished resolving initialize data dependencies on this level.
20231106 031747.621 INFO             PET1       esm: loopDataDependentInitialize extro.
20231106 031747.621 INFO             PET1       esm: loopDataDependentInitialize() returned with dataDepAllComplete: T
20231106 031747.621 INFO             PET1     esm: InitializeIPDv02p5Data extro.
20231106 031747.621 INFO             PET1     <<<esm: leaving Initialize (phase=<none>) with current time: 2010  6  1  0  0  0   0
20231106 031747.621 INFO             PET1   esm: InitializeIPDv02p5 extro.
20231106 031747.621 INFO             PET1 esm: InitializeGeneric extro.
20231106 031747.621 INFO             PET1 esm: Run intro.
20231106 031747.621 INFO             PET1   >>>esm entered Run (phase=RunPhase1) with current time: 2010  6  1  0  0  0   0
20231106 031747.621 INFO             PET1   esm: after lable_SetRunClock, current time: 2010  6  1  0  0  0   0
20231106 031747.621 INFO             PET1   esm: begin -------> RunSequence.
20231106 031747.621 INFO             PET1     esm: RunSequence event loopLevel=   1  levelMember=   1  loopIteration=   1, current time: 2010  6  1  0  0  0   0
20231106 031747.621 INFO             PET1     ATM-TO-OCN: Run intro.
20231106 031747.621 INFO             PET1     ATM-TO-OCN: Run extro.
20231106 031747.622 INFO             PET1     OCN-TO-ATM: Run intro.
20231106 031747.622 INFO             PET1     OCN-TO-ATM: Run extro.
20231106 031747.622 INFO             PET1     ATM: Run intro.
20231106 031747.622 INFO             PET1       ------>Advancing ATM from: 2010  6  1  0  0  0   0
20231106 031747.622 INFO             PET1       ---------------------> to: 2010  6  1  0 15  0   0
20231106 031747.622 INFO             PET1     ATM: Run extro.
20231106 031747.622 INFO             PET1     esm: RunSequence event loopLevel=   1  levelMember=   1  loopIteration=   2, current time: 2010  6  1  0 15  0   0
20231106 031747.622 INFO             PET1     ATM-TO-OCN: Run intro.
20231106 031747.623 INFO             PET1     ATM-TO-OCN: Run extro.
20231106 031747.623 INFO             PET1     OCN-TO-ATM: Run intro.
20231106 031747.644 INFO             PET1     OCN-TO-ATM: Run extro.
20231106 031747.644 INFO             PET1     ATM: Run intro.
20231106 031747.644 INFO             PET1       ------>Advancing ATM from: 2010  6  1  0 15  0   0
20231106 031747.644 INFO             PET1       ---------------------> to: 2010  6  1  0 30  0   0
20231106 031747.644 INFO             PET1     ATM: Run extro.
20231106 031747.644 INFO             PET1     esm: RunSequence event loopLevel=   1  levelMember=   1  loopIteration=   3, current time: 2010  6  1  0 30  0   0
20231106 031747.645 INFO             PET1     ATM-TO-OCN: Run intro.
20231106 031747.645 INFO             PET1     ATM-TO-OCN: Run extro.
20231106 031747.645 INFO             PET1     OCN-TO-ATM: Run intro.
20231106 031747.653 INFO             PET1     OCN-TO-ATM: Run extro.
20231106 031747.653 INFO             PET1     ATM: Run intro.
20231106 031747.653 INFO             PET1       ------>Advancing ATM from: 2010  6  1  0 30  0   0
20231106 031747.653 INFO             PET1       ---------------------> to: 2010  6  1  0 45  0   0
20231106 031747.653 INFO             PET1     ATM: Run extro.
20231106 031747.653 INFO             PET1     esm: RunSequence event loopLevel=   1  levelMember=   1  loopIteration=   4, current time: 2010  6  1  0 45  0   0
20231106 031747.653 INFO             PET1     ATM-TO-OCN: Run intro.
20231106 031747.654 INFO             PET1     ATM-TO-OCN: Run extro.
20231106 031747.654 INFO             PET1     OCN-TO-ATM: Run intro.
20231106 031747.661 INFO             PET1     OCN-TO-ATM: Run extro.
20231106 031747.661 INFO             PET1     ATM: Run intro.
20231106 031747.661 INFO             PET1       ------>Advancing ATM from: 2010  6  1  0 45  0   0
20231106 031747.661 INFO             PET1       ---------------------> to: 2010  6  1  1  0  0   0
20231106 031747.662 INFO             PET1     ATM: Run extro.
20231106 031747.662 INFO             PET1   esm: end <--------- RunSequence
20231106 031747.662 INFO             PET1   <<<esm - leaving Run with current time: 2010  6  1  1  0  0   0
20231106 031747.662 INFO             PET1 esm: Run extro.
20231106 031747.662 INFO             PET1 esm: Finalize intro.
20231106 031747.662 INFO             PET1   Calling Finalize phase 1 for connectorComp: ATM-TO-OCN
20231106 031747.662 INFO             PET1   ATM-TO-OCN: Finalize intro.
20231106 031747.662 INFO             PET1   ATM-TO-OCN: Finalize extro.
20231106 031747.662 INFO             PET1   Calling Finalize phase 1 for connectorComp: OCN-TO-ATM
20231106 031747.662 INFO             PET1   OCN-TO-ATM: Finalize intro.
20231106 031747.662 INFO             PET1   OCN-TO-ATM: Finalize extro.
20231106 031747.662 INFO             PET1   Calling Finalize phase 1 for modelComp: ATM
20231106 031747.662 INFO             PET1   ATM: Finalize intro.
20231106 031747.662 INFO             PET1   ATM: Finalize extro.
20231106 031747.662 INFO             PET1   Calling Finalize phase 1 for modelComp: OCN
20231106 031747.662 INFO             PET1   Delete modelComp: ATM
20231106 031747.663 INFO             PET1   Delete Import-/Export State for modelComp: ATM
20231106 031747.663 INFO             PET1   Delete modelComp: OCN
20231106 031747.663 INFO             PET1   Delete Import-/Export State for modelComp: OCN
20231106 031747.663 INFO             PET1   Delete connectorComp: ATM-TO-OCN
20231106 031747.670 INFO             PET1   Delete connectorComp: OCN-TO-ATM
20231106 031747.670 INFO             PET1 esm: Finalize extro.
20231106 031747.670 INFO             PET1 esmApp FINISHED
20231106 031747.670 INFO             PET1  Finalizing ESMF
20231106 031747.325 INFO             PET2 !!!!!!!!!!!!!!!!!!!!!!!!!!!!!!!!!!!!!!!!!!!!!!!!!!!!!!
20231106 031747.325 INFO             PET2 !!! THE ESMF_LOG IS SET TO OUTPUT ALL LOG MESSAGES !!!
20231106 031747.325 INFO             PET2 !!!     THIS MAY CAUSE SLOWDOWN IN PERFORMANCE     !!!
20231106 031747.325 INFO             PET2 !!! FOR PRODUCTION RUNS, USE:                      !!!
20231106 031747.325 INFO             PET2 !!!                   ESMF_LOGKIND_Multi_On_Error  !!!
20231106 031747.325 INFO             PET2 !!!!!!!!!!!!!!!!!!!!!!!!!!!!!!!!!!!!!!!!!!!!!!!!!!!!!!
20231106 031747.325 INFO             PET2 Running with ESMF Version   : v8.6.0b14
20231106 031747.325 INFO             PET2 ESMF library build date/time: "Nov  6 2023" "02:39:42"
20231106 031747.325 INFO             PET2 ESMF library build location : /glade/scratch/theurich/ESMF-Nightly-Testing/gfortran_13.1.0_mpt_g_release_8.6.0/esmf
20231106 031747.325 INFO             PET2 ESMF_COMM                   : mpt
20231106 031747.325 INFO             PET2 ESMF_MOAB                   : enabled
20231106 031747.325 INFO             PET2 ESMF_LAPACK                 : enabled
20231106 031747.325 INFO             PET2 ESMF_NETCDF                 : enabled
20231106 031747.325 INFO             PET2 ESMF_PNETCDF                : disabled
20231106 031747.325 INFO             PET2 ESMF_PIO                    : enabled
20231106 031747.325 INFO             PET2 ESMF_YAMLCPP                : enabled
20231106 031747.326 INFO             PET2 esmApp STARTING
20231106 031747.331 INFO             PET2 esm: InitializeGeneric intro.
20231106 031747.331 INFO             PET2   esm: InitializeP0 intro.
20231106 031747.331 INFO             PET2   esm: InitializeP0 extro.
20231106 031747.331 INFO             PET2   esm: InitializeIPDv02p1 intro.
20231106 031747.331 INFO             PET2     >>>esm: entered Initialize (phase=<none>) without valid internal Clock.
20231106 031747.331 INFO             PET2     esm - Creating model component ATM with petList of size 2 :
20231106 031747.331 INFO             PET2           0      1
20231106 031747.331 INFO             PET2     esm - Creating model component OCN with petList of size 2 :
20231106 031747.331 INFO             PET2           2      3
20231106 031747.334 INFO             PET2     esm - Creating connector component ATM-TO-OCN with petList of size 4 :
20231106 031747.334 INFO             PET2           0      1      2      3
20231106 031747.338 INFO             PET2     esm - Creating connector component OCN-TO-ATM with petList of size 4 :
20231106 031747.338 INFO             PET2           2      3      0      1
20231106 031747.343 INFO             PET2     esm - Creating state: modelComp 1 Import State
20231106 031747.343 INFO             PET2     esm - Creating state: modelComp 1 Export State
20231106 031747.344 INFO             PET2     esm - Creating state: modelComp 2 Import State
20231106 031747.344 INFO             PET2     esm - Creating state: modelComp 2 Export State
20231106 031747.345 INFO             PET2     OCN: InitializeP0 intro.
20231106 031747.346 INFO             PET2     OCN: InitializeP0 extro.
20231106 031747.348 INFO             PET2     ATM-TO-OCN: InitializeP0 intro.
20231106 031747.348 INFO             PET2     ATM-TO-OCN: InitializeP0 extro.
20231106 031747.349 INFO             PET2     OCN-TO-ATM: InitializeP0 intro.
20231106 031747.350 INFO             PET2     OCN-TO-ATM: InitializeP0 extro.
20231106 031747.351 INFO             PET2     esm: IInitAdvertise intro.
20231106 031747.351 INFO             PET2     esm: IInitAdvertise extro.
20231106 031747.351 INFO             PET2     OCN: InitializeIPDvXp01 intro.
20231106 031747.354 INFO             PET2     OCN: InitializeIPDvXp01 extro.
20231106 031747.355 INFO             PET2     ATM-TO-OCN: InitializeIPDv05p1 intro.
20231106 031747.362 INFO             PET2     ATM-TO-OCN: InitializeIPDv05p1 extro.
20231106 031747.362 INFO             PET2     OCN-TO-ATM: InitializeIPDv05p1 intro.
20231106 031747.365 INFO             PET2     OCN-TO-ATM: InitializeIPDv05p1 extro.
20231106 031747.365 INFO             PET2     esm: IInitAdvertiseFinish intro.
20231106 031747.365 INFO             PET2     esm: IInitAdvertiseFinish extro.
20231106 031747.365 INFO             PET2     ATM-TO-OCN: InitializeIPDv05p2a intro.
20231106 031747.371 INFO             PET2     ATM-TO-OCN: InitializeIPDv05p2a extro.
20231106 031747.372 INFO             PET2     OCN-TO-ATM: InitializeIPDv05p2a intro.
20231106 031747.375 INFO             PET2     OCN-TO-ATM: InitializeIPDv05p2a extro.
20231106 031747.375 INFO             PET2     ATM-TO-OCN: InitializeIPDv05p2b intro.
20231106 031747.381 INFO             PET2     ATM-TO-OCN: InitializeIPDv05p2b extro.
20231106 031747.383 INFO             PET2     OCN-TO-ATM: InitializeIPDv05p2b intro.
20231106 031747.387 INFO             PET2     OCN-TO-ATM: InitializeIPDv05p2b extro.
20231106 031747.387 INFO             PET2     esm: IInitModifyCplLists intro.
20231106 031747.387 INFO             PET2       Driver is in ModifyCplLists()
20231106 031747.387 INFO             PET2        Found            2  Connectors. Modifying CplList Attribute....
20231106 031747.388 INFO             PET2     esm: IInitModifyCplLists extro.
20231106 031747.388 INFO             PET2     ATM-TO-OCN: InitializeIPDv05p3 intro.
20231106 031747.394 INFO             PET2     ATM-TO-OCN: InitializeIPDv05p3 extro.
20231106 031747.394 INFO             PET2     OCN-TO-ATM: InitializeIPDv05p3 intro.
20231106 031747.398 INFO             PET2     OCN-TO-ATM: InitializeIPDv05p3 extro.
20231106 031747.398 INFO             PET2     <<<esm: leaving Initialize (phase=<none>) with current time: 2010  6  1  0  0  0   0
20231106 031747.398 INFO             PET2   esm: InitializeIPDv02p1 extro.
20231106 031747.398 INFO             PET2   esm: InitializeIPDv02p3 intro.
20231106 031747.398 INFO             PET2     >>>esm: entered Initialize (phase=<none>) with current time: 2010  6  1  0  0  0   0
20231106 031747.398 INFO             PET2     esm: IInitCheck intro.
20231106 031747.398 INFO             PET2     esm: IInitCheck extro.
20231106 031747.398 INFO             PET2     OCN: InitializeIPDvXp04 intro.
20231106 031747.404 INFO             PET2     OCN: InitializeIPDvXp04 extro.
20231106 031747.405 INFO             PET2     ATM-TO-OCN: InitializeIPDv05p4 intro.
20231106 031747.415 INFO             PET2     ATM-TO-OCN: InitializeIPDv05p4 extro.
20231106 031747.415 INFO             PET2     OCN-TO-ATM: InitializeIPDv05p4 intro.
20231106 031747.420 INFO             PET2     OCN-TO-ATM: InitializeIPDv05p4 extro.
20231106 031747.420 INFO             PET2     ATM-TO-OCN: InitializeIPDv05p5 intro.
20231106 031747.430 INFO             PET2     ATM-TO-OCN: InitializeIPDv05p5 extro.
20231106 031747.430 INFO             PET2     OCN-TO-ATM: InitializeIPDv05p5 intro.
20231106 031747.435 INFO             PET2     OCN-TO-ATM: InitializeIPDv05p5 extro.
20231106 031747.435 INFO             PET2     esm: IInitRealize intro.
20231106 031747.435 INFO             PET2     esm: IInitRealize extro.
20231106 031747.436 INFO             PET2     ATM-TO-OCN: InitializeIPDv05p6a intro.
20231106 031747.445 INFO             PET2     ATM-TO-OCN: InitializeIPDv05p6a extro.
20231106 031747.445 INFO             PET2     OCN-TO-ATM: InitializeIPDv05p6a intro.
20231106 031747.450 INFO             PET2     OCN-TO-ATM: InitializeIPDv05p6a extro.
20231106 031747.450 INFO             PET2     ATM-TO-OCN: InitializeIPDv05p6b intro.
20231106 031747.542 INFO             PET2     ATM-TO-OCN: InitializeIPDv05p6b extro.
20231106 031747.542 INFO             PET2     OCN-TO-ATM: InitializeIPDv05p6b intro.
20231106 031747.617 INFO             PET2     OCN-TO-ATM: InitializeIPDv05p6b extro.
20231106 031747.618 INFO             PET2     OCN: InitializeIPDvXp07 intro.
20231106 031747.618 INFO             PET2     OCN: InitializeIPDvXp07 extro.
20231106 031747.618 INFO             PET2     <<<esm: leaving Initialize (phase=<none>) with current time: 2010  6  1  0  0  0   0
20231106 031747.618 INFO             PET2   esm: InitializeIPDv02p3 extro.
20231106 031747.618 INFO             PET2   esm: InitializeIPDv02p5 intro.
20231106 031747.618 INFO             PET2     >>>esm: entered Initialize (phase=<none>) with current time: 2010  6  1  0  0  0   0
20231106 031747.618 INFO             PET2     esm: this is a top level driver, no 'Updated' and 'InitializeDataComplete' info on this level.
20231106 031747.618 INFO             PET2     esm: InitializeIPDv02p5Data intro.
20231106 031747.618 INFO             PET2       esm: InternalInitializeComplete intro.
20231106 031747.618 INFO             PET2         esm: InitializeDataComplete='true'
20231106 031747.618 INFO             PET2       esm: InternalInitializeComplete extro.
20231106 031747.619 INFO             PET2       OCN: InitializeIPDv01p5 intro.
20231106 031747.619 INFO             PET2       OCN: InitializeIPDv01p5 extro.
20231106 031747.620 INFO             PET2       esm: components present that trigger loopDataDependentInitialize().
20231106 031747.620 INFO             PET2       esm: loopDataDependentInitialize intro.
20231106 031747.620 INFO             PET2         esm: component    0=esm, dataComplete (local): true
20231106 031747.620 INFO             PET2         esm: component    0=esm, dataComplete (global): T
20231106 031747.620 INFO             PET2         esm: component    1=ATM, dataComplete (local): true
20231106 031747.620 INFO             PET2         esm: component    1=ATM, dataComplete (global): T
20231106 031747.620 INFO             PET2         esm: component    2=OCN, dataComplete (local): true
20231106 031747.620 INFO             PET2         esm: component    2=OCN, dataComplete (global): T
20231106 031747.621 INFO             PET2         esm: someProgress=F, allComplete=T, present(dataDepAllComplete)=T
20231106 031747.621 INFO             PET2         esm: finished resolving initialize data dependencies on this level.
20231106 031747.621 INFO             PET2       esm: loopDataDependentInitialize extro.
20231106 031747.621 INFO             PET2       esm: loopDataDependentInitialize() returned with dataDepAllComplete: T
20231106 031747.621 INFO             PET2     esm: InitializeIPDv02p5Data extro.
20231106 031747.621 INFO             PET2     <<<esm: leaving Initialize (phase=<none>) with current time: 2010  6  1  0  0  0   0
20231106 031747.621 INFO             PET2   esm: InitializeIPDv02p5 extro.
20231106 031747.621 INFO             PET2 esm: InitializeGeneric extro.
20231106 031747.621 INFO             PET2 esm: Run intro.
20231106 031747.621 INFO             PET2   >>>esm entered Run (phase=RunPhase1) with current time: 2010  6  1  0  0  0   0
20231106 031747.621 INFO             PET2   esm: after lable_SetRunClock, current time: 2010  6  1  0  0  0   0
20231106 031747.621 INFO             PET2   esm: begin -------> RunSequence.
20231106 031747.621 INFO             PET2     esm: RunSequence event loopLevel=   1  levelMember=   1  loopIteration=   1, current time: 2010  6  1  0  0  0   0
20231106 031747.621 INFO             PET2     ATM-TO-OCN: Run intro.
20231106 031747.622 INFO             PET2     ATM-TO-OCN: Run extro.
20231106 031747.622 INFO             PET2     OCN-TO-ATM: Run intro.
20231106 031747.622 INFO             PET2     OCN-TO-ATM: Run extro.
20231106 031747.622 INFO             PET2     OCN: Run intro.
20231106 031747.622 INFO             PET2       ------>Advancing OCN from: 2010  6  1  0  0  0   0
20231106 031747.622 INFO             PET2       ---------------------> to: 2010  6  1  0  5  0   0
20231106 031747.637 INFO             PET2       ------>Advancing OCN from: 2010  6  1  0  5  0   0
20231106 031747.637 INFO             PET2       ---------------------> to: 2010  6  1  0 10  0   0
20231106 031747.640 INFO             PET2       ------>Advancing OCN from: 2010  6  1  0 10  0   0
20231106 031747.640 INFO             PET2       ---------------------> to: 2010  6  1  0 15  0   0
20231106 031747.643 INFO             PET2     OCN: Run extro.
20231106 031747.643 INFO             PET2     esm: RunSequence event loopLevel=   1  levelMember=   1  loopIteration=   2, current time: 2010  6  1  0 15  0   0
20231106 031747.643 INFO             PET2     ATM-TO-OCN: Run intro.
20231106 031747.644 INFO             PET2     ATM-TO-OCN: Run extro.
20231106 031747.644 INFO             PET2     OCN-TO-ATM: Run intro.
20231106 031747.644 INFO             PET2     OCN-TO-ATM: Run extro.
20231106 031747.644 INFO             PET2     OCN: Run intro.
20231106 031747.644 INFO             PET2       ------>Advancing OCN from: 2010  6  1  0 15  0   0
20231106 031747.644 INFO             PET2       ---------------------> to: 2010  6  1  0 20  0   0
20231106 031747.647 INFO             PET2       ------>Advancing OCN from: 2010  6  1  0 20  0   0
20231106 031747.647 INFO             PET2       ---------------------> to: 2010  6  1  0 25  0   0
20231106 031747.650 INFO             PET2       ------>Advancing OCN from: 2010  6  1  0 25  0   0
20231106 031747.650 INFO             PET2       ---------------------> to: 2010  6  1  0 30  0   0
20231106 031747.652 INFO             PET2     OCN: Run extro.
20231106 031747.652 INFO             PET2     esm: RunSequence event loopLevel=   1  levelMember=   1  loopIteration=   3, current time: 2010  6  1  0 30  0   0
20231106 031747.652 INFO             PET2     ATM-TO-OCN: Run intro.
20231106 031747.653 INFO             PET2     ATM-TO-OCN: Run extro.
20231106 031747.653 INFO             PET2     OCN-TO-ATM: Run intro.
20231106 031747.653 INFO             PET2     OCN-TO-ATM: Run extro.
20231106 031747.653 INFO             PET2     OCN: Run intro.
20231106 031747.653 INFO             PET2       ------>Advancing OCN from: 2010  6  1  0 30  0   0
20231106 031747.653 INFO             PET2       ---------------------> to: 2010  6  1  0 35  0   0
20231106 031747.656 INFO             PET2       ------>Advancing OCN from: 2010  6  1  0 35  0   0
20231106 031747.656 INFO             PET2       ---------------------> to: 2010  6  1  0 40  0   0
20231106 031747.658 INFO             PET2       ------>Advancing OCN from: 2010  6  1  0 40  0   0
20231106 031747.658 INFO             PET2       ---------------------> to: 2010  6  1  0 45  0   0
20231106 031747.660 INFO             PET2     OCN: Run extro.
20231106 031747.661 INFO             PET2     esm: RunSequence event loopLevel=   1  levelMember=   1  loopIteration=   4, current time: 2010  6  1  0 45  0   0
20231106 031747.661 INFO             PET2     ATM-TO-OCN: Run intro.
20231106 031747.661 INFO             PET2     ATM-TO-OCN: Run extro.
20231106 031747.661 INFO             PET2     OCN-TO-ATM: Run intro.
20231106 031747.661 INFO             PET2     OCN-TO-ATM: Run extro.
20231106 031747.661 INFO             PET2     OCN: Run intro.
20231106 031747.661 INFO             PET2       ------>Advancing OCN from: 2010  6  1  0 45  0   0
20231106 031747.661 INFO             PET2       ---------------------> to: 2010  6  1  0 50  0   0
20231106 031747.664 INFO             PET2       ------>Advancing OCN from: 2010  6  1  0 50  0   0
20231106 031747.664 INFO             PET2       ---------------------> to: 2010  6  1  0 55  0   0
20231106 031747.667 INFO             PET2       ------>Advancing OCN from: 2010  6  1  0 55  0   0
20231106 031747.667 INFO             PET2       ---------------------> to: 2010  6  1  1  0  0   0
20231106 031747.669 INFO             PET2     OCN: Run extro.
20231106 031747.669 INFO             PET2   esm: end <--------- RunSequence
20231106 031747.669 INFO             PET2   <<<esm - leaving Run with current time: 2010  6  1  1  0  0   0
20231106 031747.669 INFO             PET2 esm: Run extro.
20231106 031747.669 INFO             PET2 esm: Finalize intro.
20231106 031747.669 INFO             PET2   Calling Finalize phase 1 for connectorComp: ATM-TO-OCN
20231106 031747.669 INFO             PET2   ATM-TO-OCN: Finalize intro.
20231106 031747.669 INFO             PET2   ATM-TO-OCN: Finalize extro.
20231106 031747.669 INFO             PET2   Calling Finalize phase 1 for connectorComp: OCN-TO-ATM
20231106 031747.670 INFO             PET2   OCN-TO-ATM: Finalize intro.
20231106 031747.670 INFO             PET2   OCN-TO-ATM: Finalize extro.
20231106 031747.670 INFO             PET2   Calling Finalize phase 1 for modelComp: ATM
20231106 031747.670 INFO             PET2   Calling Finalize phase 1 for modelComp: OCN
20231106 031747.670 INFO             PET2   OCN: Finalize intro.
20231106 031747.670 INFO             PET2   OCN: Finalize extro.
20231106 031747.670 INFO             PET2   Delete modelComp: ATM
20231106 031747.670 INFO             PET2   Delete Import-/Export State for modelComp: ATM
20231106 031747.670 INFO             PET2   Delete modelComp: OCN
20231106 031747.670 INFO             PET2   Delete Import-/Export State for modelComp: OCN
20231106 031747.670 INFO             PET2   Delete connectorComp: ATM-TO-OCN
20231106 031747.670 INFO             PET2   Delete connectorComp: OCN-TO-ATM
20231106 031747.670 INFO             PET2 esm: Finalize extro.
20231106 031747.670 INFO             PET2 esmApp FINISHED
20231106 031747.670 INFO             PET2  Finalizing ESMF
20231106 031747.324 INFO             PET3 !!!!!!!!!!!!!!!!!!!!!!!!!!!!!!!!!!!!!!!!!!!!!!!!!!!!!!
20231106 031747.324 INFO             PET3 !!! THE ESMF_LOG IS SET TO OUTPUT ALL LOG MESSAGES !!!
20231106 031747.324 INFO             PET3 !!!     THIS MAY CAUSE SLOWDOWN IN PERFORMANCE     !!!
20231106 031747.324 INFO             PET3 !!! FOR PRODUCTION RUNS, USE:                      !!!
20231106 031747.324 INFO             PET3 !!!                   ESMF_LOGKIND_Multi_On_Error  !!!
20231106 031747.324 INFO             PET3 !!!!!!!!!!!!!!!!!!!!!!!!!!!!!!!!!!!!!!!!!!!!!!!!!!!!!!
20231106 031747.324 INFO             PET3 Running with ESMF Version   : v8.6.0b14
20231106 031747.324 INFO             PET3 ESMF library build date/time: "Nov  6 2023" "02:39:42"
20231106 031747.324 INFO             PET3 ESMF library build location : /glade/scratch/theurich/ESMF-Nightly-Testing/gfortran_13.1.0_mpt_g_release_8.6.0/esmf
20231106 031747.324 INFO             PET3 ESMF_COMM                   : mpt
20231106 031747.324 INFO             PET3 ESMF_MOAB                   : enabled
20231106 031747.324 INFO             PET3 ESMF_LAPACK                 : enabled
20231106 031747.324 INFO             PET3 ESMF_NETCDF                 : enabled
20231106 031747.324 INFO             PET3 ESMF_PNETCDF                : disabled
20231106 031747.324 INFO             PET3 ESMF_PIO                    : enabled
20231106 031747.324 INFO             PET3 ESMF_YAMLCPP                : enabled
20231106 031747.326 INFO             PET3 esmApp STARTING
20231106 031747.331 INFO             PET3 esm: InitializeGeneric intro.
20231106 031747.331 INFO             PET3   esm: InitializeP0 intro.
20231106 031747.331 INFO             PET3   esm: InitializeP0 extro.
20231106 031747.331 INFO             PET3   esm: InitializeIPDv02p1 intro.
20231106 031747.331 INFO             PET3     >>>esm: entered Initialize (phase=<none>) without valid internal Clock.
20231106 031747.331 INFO             PET3     esm - Creating model component ATM with petList of size 2 :
20231106 031747.331 INFO             PET3           0      1
20231106 031747.331 INFO             PET3     esm - Creating model component OCN with petList of size 2 :
20231106 031747.331 INFO             PET3           2      3
20231106 031747.334 INFO             PET3     esm - Creating connector component ATM-TO-OCN with petList of size 4 :
20231106 031747.334 INFO             PET3           0      1      2      3
20231106 031747.339 INFO             PET3     esm - Creating connector component OCN-TO-ATM with petList of size 4 :
20231106 031747.339 INFO             PET3           2      3      0      1
20231106 031747.343 INFO             PET3     esm - Creating state: modelComp 1 Import State
20231106 031747.343 INFO             PET3     esm - Creating state: modelComp 1 Export State
20231106 031747.344 INFO             PET3     esm - Creating state: modelComp 2 Import State
20231106 031747.344 INFO             PET3     esm - Creating state: modelComp 2 Export State
20231106 031747.345 INFO             PET3     OCN: InitializeP0 intro.
20231106 031747.346 INFO             PET3     OCN: InitializeP0 extro.
20231106 031747.348 INFO             PET3     ATM-TO-OCN: InitializeP0 intro.
20231106 031747.348 INFO             PET3     ATM-TO-OCN: InitializeP0 extro.
20231106 031747.349 INFO             PET3     OCN-TO-ATM: InitializeP0 intro.
20231106 031747.350 INFO             PET3     OCN-TO-ATM: InitializeP0 extro.
20231106 031747.351 INFO             PET3     esm: IInitAdvertise intro.
20231106 031747.351 INFO             PET3     esm: IInitAdvertise extro.
20231106 031747.351 INFO             PET3     OCN: InitializeIPDvXp01 intro.
20231106 031747.354 INFO             PET3     OCN: InitializeIPDvXp01 extro.
20231106 031747.356 INFO             PET3     ATM-TO-OCN: InitializeIPDv05p1 intro.
20231106 031747.362 INFO             PET3     ATM-TO-OCN: InitializeIPDv05p1 extro.
20231106 031747.362 INFO             PET3     OCN-TO-ATM: InitializeIPDv05p1 intro.
20231106 031747.365 INFO             PET3     OCN-TO-ATM: InitializeIPDv05p1 extro.
20231106 031747.365 INFO             PET3     esm: IInitAdvertiseFinish intro.
20231106 031747.365 INFO             PET3     esm: IInitAdvertiseFinish extro.
20231106 031747.365 INFO             PET3     ATM-TO-OCN: InitializeIPDv05p2a intro.
20231106 031747.371 INFO             PET3     ATM-TO-OCN: InitializeIPDv05p2a extro.
20231106 031747.372 INFO             PET3     OCN-TO-ATM: InitializeIPDv05p2a intro.
20231106 031747.375 INFO             PET3     OCN-TO-ATM: InitializeIPDv05p2a extro.
20231106 031747.375 INFO             PET3     ATM-TO-OCN: InitializeIPDv05p2b intro.
20231106 031747.381 INFO             PET3     ATM-TO-OCN: InitializeIPDv05p2b extro.
20231106 031747.383 INFO             PET3     OCN-TO-ATM: InitializeIPDv05p2b intro.
20231106 031747.387 INFO             PET3     OCN-TO-ATM: InitializeIPDv05p2b extro.
20231106 031747.387 INFO             PET3     esm: IInitModifyCplLists intro.
20231106 031747.387 INFO             PET3       Driver is in ModifyCplLists()
20231106 031747.387 INFO             PET3        Found            2  Connectors. Modifying CplList Attribute....
20231106 031747.388 INFO             PET3     esm: IInitModifyCplLists extro.
20231106 031747.388 INFO             PET3     ATM-TO-OCN: InitializeIPDv05p3 intro.
20231106 031747.394 INFO             PET3     ATM-TO-OCN: InitializeIPDv05p3 extro.
20231106 031747.394 INFO             PET3     OCN-TO-ATM: InitializeIPDv05p3 intro.
20231106 031747.398 INFO             PET3     OCN-TO-ATM: InitializeIPDv05p3 extro.
20231106 031747.398 INFO             PET3     <<<esm: leaving Initialize (phase=<none>) with current time: 2010  6  1  0  0  0   0
20231106 031747.398 INFO             PET3   esm: InitializeIPDv02p1 extro.
20231106 031747.398 INFO             PET3   esm: InitializeIPDv02p3 intro.
20231106 031747.398 INFO             PET3     >>>esm: entered Initialize (phase=<none>) with current time: 2010  6  1  0  0  0   0
20231106 031747.398 INFO             PET3     esm: IInitCheck intro.
20231106 031747.398 INFO             PET3     esm: IInitCheck extro.
20231106 031747.398 INFO             PET3     OCN: InitializeIPDvXp04 intro.
20231106 031747.404 INFO             PET3     OCN: InitializeIPDvXp04 extro.
20231106 031747.405 INFO             PET3     ATM-TO-OCN: InitializeIPDv05p4 intro.
20231106 031747.415 INFO             PET3     ATM-TO-OCN: InitializeIPDv05p4 extro.
20231106 031747.415 INFO             PET3     OCN-TO-ATM: InitializeIPDv05p4 intro.
20231106 031747.420 INFO             PET3     OCN-TO-ATM: InitializeIPDv05p4 extro.
20231106 031747.420 INFO             PET3     ATM-TO-OCN: InitializeIPDv05p5 intro.
20231106 031747.430 INFO             PET3     ATM-TO-OCN: InitializeIPDv05p5 extro.
20231106 031747.430 INFO             PET3     OCN-TO-ATM: InitializeIPDv05p5 intro.
20231106 031747.435 INFO             PET3     OCN-TO-ATM: InitializeIPDv05p5 extro.
20231106 031747.435 INFO             PET3     esm: IInitRealize intro.
20231106 031747.435 INFO             PET3     esm: IInitRealize extro.
20231106 031747.436 INFO             PET3     ATM-TO-OCN: InitializeIPDv05p6a intro.
20231106 031747.445 INFO             PET3     ATM-TO-OCN: InitializeIPDv05p6a extro.
20231106 031747.445 INFO             PET3     OCN-TO-ATM: InitializeIPDv05p6a intro.
20231106 031747.450 INFO             PET3     OCN-TO-ATM: InitializeIPDv05p6a extro.
20231106 031747.450 INFO             PET3     ATM-TO-OCN: InitializeIPDv05p6b intro.
20231106 031747.542 INFO             PET3     ATM-TO-OCN: InitializeIPDv05p6b extro.
20231106 031747.542 INFO             PET3     OCN-TO-ATM: InitializeIPDv05p6b intro.
20231106 031747.617 INFO             PET3     OCN-TO-ATM: InitializeIPDv05p6b extro.
20231106 031747.618 INFO             PET3     OCN: InitializeIPDvXp07 intro.
20231106 031747.618 INFO             PET3     OCN: InitializeIPDvXp07 extro.
20231106 031747.618 INFO             PET3     <<<esm: leaving Initialize (phase=<none>) with current time: 2010  6  1  0  0  0   0
20231106 031747.618 INFO             PET3   esm: InitializeIPDv02p3 extro.
20231106 031747.618 INFO             PET3   esm: InitializeIPDv02p5 intro.
20231106 031747.618 INFO             PET3     >>>esm: entered Initialize (phase=<none>) with current time: 2010  6  1  0  0  0   0
20231106 031747.618 INFO             PET3     esm: this is a top level driver, no 'Updated' and 'InitializeDataComplete' info on this level.
20231106 031747.618 INFO             PET3     esm: InitializeIPDv02p5Data intro.
20231106 031747.618 INFO             PET3       esm: InternalInitializeComplete intro.
20231106 031747.618 INFO             PET3         esm: InitializeDataComplete='true'
20231106 031747.618 INFO             PET3       esm: InternalInitializeComplete extro.
20231106 031747.619 INFO             PET3       OCN: InitializeIPDv01p5 intro.
20231106 031747.619 INFO             PET3       OCN: InitializeIPDv01p5 extro.
20231106 031747.620 INFO             PET3       esm: components present that trigger loopDataDependentInitialize().
20231106 031747.620 INFO             PET3       esm: loopDataDependentInitialize intro.
20231106 031747.620 INFO             PET3         esm: component    0=esm, dataComplete (local): true
20231106 031747.620 INFO             PET3         esm: component    0=esm, dataComplete (global): T
20231106 031747.620 INFO             PET3         esm: component    1=ATM, dataComplete (local): true
20231106 031747.620 INFO             PET3         esm: component    1=ATM, dataComplete (global): T
20231106 031747.620 INFO             PET3         esm: component    2=OCN, dataComplete (local): true
20231106 031747.620 INFO             PET3         esm: component    2=OCN, dataComplete (global): T
20231106 031747.621 INFO             PET3         esm: someProgress=F, allComplete=T, present(dataDepAllComplete)=T
20231106 031747.621 INFO             PET3         esm: finished resolving initialize data dependencies on this level.
20231106 031747.621 INFO             PET3       esm: loopDataDependentInitialize extro.
20231106 031747.621 INFO             PET3       esm: loopDataDependentInitialize() returned with dataDepAllComplete: T
20231106 031747.621 INFO             PET3     esm: InitializeIPDv02p5Data extro.
20231106 031747.621 INFO             PET3     <<<esm: leaving Initialize (phase=<none>) with current time: 2010  6  1  0  0  0   0
20231106 031747.621 INFO             PET3   esm: InitializeIPDv02p5 extro.
20231106 031747.621 INFO             PET3 esm: InitializeGeneric extro.
20231106 031747.621 INFO             PET3 esm: Run intro.
20231106 031747.621 INFO             PET3   >>>esm entered Run (phase=RunPhase1) with current time: 2010  6  1  0  0  0   0
20231106 031747.621 INFO             PET3   esm: after lable_SetRunClock, current time: 2010  6  1  0  0  0   0
20231106 031747.621 INFO             PET3   esm: begin -------> RunSequence.
20231106 031747.621 INFO             PET3     esm: RunSequence event loopLevel=   1  levelMember=   1  loopIteration=   1, current time: 2010  6  1  0  0  0   0
20231106 031747.621 INFO             PET3     ATM-TO-OCN: Run intro.
20231106 031747.622 INFO             PET3     ATM-TO-OCN: Run extro.
20231106 031747.622 INFO             PET3     OCN-TO-ATM: Run intro.
20231106 031747.622 INFO             PET3     OCN-TO-ATM: Run extro.
20231106 031747.622 INFO             PET3     OCN: Run intro.
20231106 031747.622 INFO             PET3       ------>Advancing OCN from: 2010  6  1  0  0  0   0
20231106 031747.622 INFO             PET3       ---------------------> to: 2010  6  1  0  5  0   0
20231106 031747.637 INFO             PET3       ------>Advancing OCN from: 2010  6  1  0  5  0   0
20231106 031747.637 INFO             PET3       ---------------------> to: 2010  6  1  0 10  0   0
20231106 031747.640 INFO             PET3       ------>Advancing OCN from: 2010  6  1  0 10  0   0
20231106 031747.640 INFO             PET3       ---------------------> to: 2010  6  1  0 15  0   0
20231106 031747.643 INFO             PET3     OCN: Run extro.
20231106 031747.643 INFO             PET3     esm: RunSequence event loopLevel=   1  levelMember=   1  loopIteration=   2, current time: 2010  6  1  0 15  0   0
20231106 031747.643 INFO             PET3     ATM-TO-OCN: Run intro.
20231106 031747.644 INFO             PET3     ATM-TO-OCN: Run extro.
20231106 031747.644 INFO             PET3     OCN-TO-ATM: Run intro.
20231106 031747.644 INFO             PET3     OCN-TO-ATM: Run extro.
20231106 031747.644 INFO             PET3     OCN: Run intro.
20231106 031747.644 INFO             PET3       ------>Advancing OCN from: 2010  6  1  0 15  0   0
20231106 031747.644 INFO             PET3       ---------------------> to: 2010  6  1  0 20  0   0
20231106 031747.647 INFO             PET3       ------>Advancing OCN from: 2010  6  1  0 20  0   0
20231106 031747.647 INFO             PET3       ---------------------> to: 2010  6  1  0 25  0   0
20231106 031747.650 INFO             PET3       ------>Advancing OCN from: 2010  6  1  0 25  0   0
20231106 031747.650 INFO             PET3       ---------------------> to: 2010  6  1  0 30  0   0
20231106 031747.652 INFO             PET3     OCN: Run extro.
20231106 031747.652 INFO             PET3     esm: RunSequence event loopLevel=   1  levelMember=   1  loopIteration=   3, current time: 2010  6  1  0 30  0   0
20231106 031747.652 INFO             PET3     ATM-TO-OCN: Run intro.
20231106 031747.653 INFO             PET3     ATM-TO-OCN: Run extro.
20231106 031747.653 INFO             PET3     OCN-TO-ATM: Run intro.
20231106 031747.653 INFO             PET3     OCN-TO-ATM: Run extro.
20231106 031747.653 INFO             PET3     OCN: Run intro.
20231106 031747.653 INFO             PET3       ------>Advancing OCN from: 2010  6  1  0 30  0   0
20231106 031747.653 INFO             PET3       ---------------------> to: 2010  6  1  0 35  0   0
20231106 031747.656 INFO             PET3       ------>Advancing OCN from: 2010  6  1  0 35  0   0
20231106 031747.656 INFO             PET3       ---------------------> to: 2010  6  1  0 40  0   0
20231106 031747.658 INFO             PET3       ------>Advancing OCN from: 2010  6  1  0 40  0   0
20231106 031747.658 INFO             PET3       ---------------------> to: 2010  6  1  0 45  0   0
20231106 031747.660 INFO             PET3     OCN: Run extro.
20231106 031747.661 INFO             PET3     esm: RunSequence event loopLevel=   1  levelMember=   1  loopIteration=   4, current time: 2010  6  1  0 45  0   0
20231106 031747.661 INFO             PET3     ATM-TO-OCN: Run intro.
20231106 031747.661 INFO             PET3     ATM-TO-OCN: Run extro.
20231106 031747.661 INFO             PET3     OCN-TO-ATM: Run intro.
20231106 031747.661 INFO             PET3     OCN-TO-ATM: Run extro.
20231106 031747.661 INFO             PET3     OCN: Run intro.
20231106 031747.661 INFO             PET3       ------>Advancing OCN from: 2010  6  1  0 45  0   0
20231106 031747.661 INFO             PET3       ---------------------> to: 2010  6  1  0 50  0   0
20231106 031747.664 INFO             PET3       ------>Advancing OCN from: 2010  6  1  0 50  0   0
20231106 031747.664 INFO             PET3       ---------------------> to: 2010  6  1  0 55  0   0
20231106 031747.667 INFO             PET3       ------>Advancing OCN from: 2010  6  1  0 55  0   0
20231106 031747.667 INFO             PET3       ---------------------> to: 2010  6  1  1  0  0   0
20231106 031747.669 INFO             PET3     OCN: Run extro.
20231106 031747.669 INFO             PET3   esm: end <--------- RunSequence
20231106 031747.669 INFO             PET3   <<<esm - leaving Run with current time: 2010  6  1  1  0  0   0
20231106 031747.669 INFO             PET3 esm: Run extro.
20231106 031747.669 INFO             PET3 esm: Finalize intro.
20231106 031747.669 INFO             PET3   Calling Finalize phase 1 for connectorComp: ATM-TO-OCN
20231106 031747.669 INFO             PET3   ATM-TO-OCN: Finalize intro.
20231106 031747.669 INFO             PET3   ATM-TO-OCN: Finalize extro.
20231106 031747.669 INFO             PET3   Calling Finalize phase 1 for connectorComp: OCN-TO-ATM
20231106 031747.670 INFO             PET3   OCN-TO-ATM: Finalize intro.
20231106 031747.670 INFO             PET3   OCN-TO-ATM: Finalize extro.
20231106 031747.670 INFO             PET3   Calling Finalize phase 1 for modelComp: ATM
20231106 031747.670 INFO             PET3   Calling Finalize phase 1 for modelComp: OCN
20231106 031747.670 INFO             PET3   OCN: Finalize intro.
20231106 031747.670 INFO             PET3   OCN: Finalize extro.
20231106 031747.670 INFO             PET3   Delete modelComp: ATM
20231106 031747.670 INFO             PET3   Delete Import-/Export State for modelComp: ATM
20231106 031747.670 INFO             PET3   Delete modelComp: OCN
20231106 031747.670 INFO             PET3   Delete Import-/Export State for modelComp: OCN
20231106 031747.670 INFO             PET3   Delete connectorComp: ATM-TO-OCN
20231106 031747.670 INFO             PET3   Delete connectorComp: OCN-TO-ATM
20231106 031747.670 INFO             PET3 esm: Finalize extro.
20231106 031747.670 INFO             PET3 esmApp FINISHED
20231106 031747.670 INFO             PET3  Finalizing ESMF
