2023-11-07 02:44:42
20231107 032458.223 INFO             PET0 !!!!!!!!!!!!!!!!!!!!!!!!!!!!!!!!!!!!!!!!!!!!!!!!!!!!!!
20231107 032458.223 INFO             PET0 !!! THE ESMF_LOG IS SET TO OUTPUT ALL LOG MESSAGES !!!
20231107 032458.223 INFO             PET0 !!!     THIS MAY CAUSE SLOWDOWN IN PERFORMANCE     !!!
20231107 032458.223 INFO             PET0 !!! FOR PRODUCTION RUNS, USE:                      !!!
20231107 032458.223 INFO             PET0 !!!                   ESMF_LOGKIND_Multi_On_Error  !!!
20231107 032458.223 INFO             PET0 !!!!!!!!!!!!!!!!!!!!!!!!!!!!!!!!!!!!!!!!!!!!!!!!!!!!!!
20231107 032458.223 INFO             PET0 Running with ESMF Version   : v8.6.0b14-1-g93d64a266e
20231107 032458.223 INFO             PET0 ESMF library build date/time: "Nov  7 2023" "02:41:27"
20231107 032458.223 INFO             PET0 ESMF library build location : /glade/scratch/theurich/ESMF-Nightly-Testing/gfortran_13.1.0_mpt_g_release_8.6.0/esmf
20231107 032458.223 INFO             PET0 ESMF_COMM                   : mpt
20231107 032458.223 INFO             PET0 ESMF_MOAB                   : enabled
20231107 032458.223 INFO             PET0 ESMF_LAPACK                 : enabled
20231107 032458.223 INFO             PET0 ESMF_NETCDF                 : enabled
20231107 032458.223 INFO             PET0 ESMF_PNETCDF                : disabled
20231107 032458.223 INFO             PET0 ESMF_PIO                    : enabled
20231107 032458.223 INFO             PET0 ESMF_YAMLCPP                : enabled
20231107 032458.223 INFO             PET0 mainApp STARTING
20231107 032458.228 INFO             PET0 driver: InitializeGeneric intro.
20231107 032458.228 INFO             PET0   driver: InitializeP0 intro.
20231107 032458.228 INFO             PET0   driver: InitializeP0 extro.
20231107 032458.228 INFO             PET0   driver: InitializeIPDv02p1 intro.
20231107 032458.228 INFO             PET0     >>>driver: entered Initialize (phase=<none>) without valid internal Clock.
20231107 032458.228 INFO             PET0     driver - Creating model component MODEL without petList.
20231107 032458.231 INFO             PET0      GridCompIsPetLocal:  T
20231107 032458.231 INFO             PET0      VmIsCreated:  T
20231107 032458.231 INFO             PET0      valid MPI_COMM with size=           4
20231107 032458.231 INFO             PET0     driver - Creating state: modelComp 1 Import State
20231107 032458.231 INFO             PET0     driver - Creating state: modelComp 1 Export State
20231107 032458.232 INFO             PET0     MODEL: InitializeP0 intro.
20231107 032458.232 INFO             PET0       >>>MODEL: entered Initialize (phase=<none>) without valid internal Clock.
20231107 032458.233 INFO             PET0       <<<MODEL: leaving Initialize (phase=<none>) without valid internal Clock.
20231107 032458.233 INFO             PET0     MODEL: InitializeP0 extro.
20231107 032458.235 INFO             PET0     driver: IInitAdvertise intro.
20231107 032458.235 INFO             PET0     driver: IInitAdvertise extro.
20231107 032458.235 INFO             PET0     MODEL: InitializeIPDvXp01 intro.
20231107 032458.235 INFO             PET0       >>>MODEL: entered Initialize (phase=IPDvXp01) without valid internal Clock.
20231107 032458.237 INFO             PET0       <<<MODEL: leaving Initialize (phase=IPDvXp01) without valid internal Clock.
20231107 032458.237 INFO             PET0     MODEL: InitializeIPDvXp01 extro.
20231107 032458.238 INFO             PET0     driver: IInitAdvertiseFinish intro.
20231107 032458.238 INFO             PET0     driver: IInitAdvertiseFinish extro.
20231107 032458.238 INFO             PET0     driver: IInitModifyCplLists intro.
20231107 032458.238 INFO             PET0     driver: IInitModifyCplLists extro.
20231107 032458.238 INFO             PET0     <<<driver: leaving Initialize (phase=<none>) with current time:    0  1  1  0  0  0   0
20231107 032458.238 INFO             PET0   driver: InitializeIPDv02p1 extro.
20231107 032458.238 INFO             PET0   driver: InitializeIPDv02p3 intro.
20231107 032458.238 INFO             PET0     >>>driver: entered Initialize (phase=<none>) with current time:    0  1  1  0  0  0   0
20231107 032458.240 INFO             PET0     driver: IInitCheck intro.
20231107 032458.241 INFO             PET0     driver: IInitCheck extro.
20231107 032458.241 INFO             PET0     MODEL: InitializeIPDvXp04 intro.
20231107 032458.241 INFO             PET0       >>>MODEL: entered Initialize (phase=IPDvXp04) without valid internal Clock.
20231107 032458.244 INFO             PET0       After Realize: - MemInfo: [/proc/meminfo - SSI]	MemTotal:       131567260 kB
20231107 032458.244 INFO             PET0       After Realize: - MemInfo: [/proc/meminfo - SSI]	MemFree:        115842328 kB
20231107 032458.244 INFO             PET0       After Realize: - MemInfo: [/proc/meminfo - SSI]	MemAvailable:   115383748 kB
20231107 032458.244 INFO             PET0       After Realize: - MemInfo: [/proc/meminfo - SSI]	Committed_AS:   14020696 kB
20231107 032458.244 INFO             PET0       After Realize: - MemInfo: [/proc/meminfo - SSI]	CommittedPercent: 10.6567 %
20231107 032458.244 INFO             PET0       After Realize: - MemInfo: [/proc/self/status]	VmPeak:	  206956 kB
20231107 032458.244 INFO             PET0       After Realize: - MemInfo: [/proc/self/status]	VmSize:	  206956 kB
20231107 032458.244 INFO             PET0       After Realize: - MemInfo: [/proc/self/status]	VmLck:	       0 kB
20231107 032458.244 INFO             PET0       After Realize: - MemInfo: [/proc/self/status]	VmPin:	       0 kB
20231107 032458.244 INFO             PET0       After Realize: - MemInfo: [/proc/self/status]	VmHWM:	   20768 kB
20231107 032458.244 INFO             PET0       After Realize: - MemInfo: [/proc/self/status]	VmRSS:	   20768 kB
20231107 032458.244 INFO             PET0       After Realize: - MemInfo: [/proc/self/status]	VmData:	   23896 kB
20231107 032458.244 INFO             PET0       After Realize: - MemInfo: [/proc/self/status]	VmStk:	     144 kB
20231107 032458.244 INFO             PET0       After Realize: - MemInfo: [/proc/self/status]	VmExe:	     252 kB
20231107 032458.244 INFO             PET0       After Realize: - MemInfo: [/proc/self/status]	VmLib:	   76200 kB
20231107 032458.244 INFO             PET0       After Realize: - MemInfo: [/proc/self/status]	VmPTE:	     368 kB
20231107 032458.244 INFO             PET0       After Realize: - MemInfo: [/proc/self/status]	VmPMD:	      12 kB
20231107 032458.244 INFO             PET0       After Realize: - MemInfo: [/proc/self/status]	VmSwap:	       0 kB
20231107 032458.244 INFO             PET0       After Realize: - MemInfo: [/proc/self/status]	VmRSSPercent: 0.0157851 %
20231107 032458.244 INFO             PET0       After Realize: - MemInfo: [malloc] Non-mmapped space allocated:                19804160 Byte
20231107 032458.244 INFO             PET0       After Realize: - MemInfo: [malloc] Space allocated in mmapped regions:                0 Byte
20231107 032458.244 INFO             PET0       After Realize: - MemInfo: [malloc] Maximum total allocated space:                     0 Byte
20231107 032458.244 INFO             PET0       After Realize: - MemInfo: [malloc] Space in freed fastbin blocks:                  2432 Byte
20231107 032458.244 INFO             PET0       After Realize: - MemInfo: [malloc] Total allocated space:                      19692240 Byte
20231107 032458.244 INFO             PET0       After Realize: - MemInfo: [malloc] Total free space:                             111920 Byte
20231107 032458.244 INFO             PET0       After Realize: - MemInfo: [malloc] Top-most, releasable space:                   108784 Byte
20231107 032458.244 INFO             PET0       After Realize: - MemInfo: [malloc] Total space in use, mmap + non-mmap:        19692240 Byte
20231107 032458.244 INFO             PET0       After Realize: - MemInfo: [malloc] Total space held (mmap + non-mmap):         19804160 Byte
20231107 032458.244 INFO             PET0       After Realize: - MemInfo: [malloc] Total space used (mmap + non-mmap):         19701424 Byte
20231107 032458.244 INFO             PET0       After Realize: - MemInfo: Wall-clock time since execution start:              0.0233163 seconds
20231107 032458.244 INFO             PET0       <<<MODEL: leaving Initialize (phase=IPDvXp04) without valid internal Clock.
20231107 032458.244 INFO             PET0     MODEL: InitializeIPDvXp04 extro.
20231107 032458.245 INFO             PET0     driver: IInitRealize intro.
20231107 032458.245 INFO             PET0     driver: IInitRealize extro.
20231107 032458.245 INFO             PET0     MODEL: InitializeIPDvXp07 intro.
20231107 032458.246 INFO             PET0       >>>MODEL: entered Initialize (phase=IPDvXp07) without valid internal Clock.
20231107 032458.246 INFO             PET0       <<<MODEL: leaving Initialize (phase=IPDvXp07) with current time:    0  1  1  0  0  0   0
20231107 032458.246 INFO             PET0     MODEL: InitializeIPDvXp07 extro.
20231107 032458.246 INFO             PET0     <<<driver: leaving Initialize (phase=<none>) with current time:    0  1  1  0  0  0   0
20231107 032458.246 INFO             PET0   driver: InitializeIPDv02p3 extro.
20231107 032458.246 INFO             PET0   driver: InitializeIPDv02p5 intro.
20231107 032458.246 INFO             PET0     >>>driver: entered Initialize (phase=<none>) with current time:    0  1  1  0  0  0   0
20231107 032458.246 INFO             PET0     driver: this is a top level driver, no 'Updated' and 'InitializeDataComplete' info on this level.
20231107 032458.246 INFO             PET0     driver: InitializeIPDv02p5Data intro.
20231107 032458.246 INFO             PET0       driver: InternalInitializeComplete intro.
20231107 032458.246 INFO             PET0         driver: InitializeDataComplete='true'
20231107 032458.246 INFO             PET0       driver: InternalInitializeComplete extro.
20231107 032458.246 INFO             PET0       MODEL: InitializeIPDvXp08 intro.
20231107 032458.246 INFO             PET0         >>>MODEL: entered Initialize (phase=IPDv05p8) with current time:    0  1  1  0  0  0   0
20231107 032458.247 INFO             PET0         MODEL: InitializeDataProgress='false', InitializeDataComplete='false'
20231107 032458.247 INFO             PET0         <<<MODEL: leaving Initialize (phase=IPDv05p8) with current time:    0  1  1  0  0  0   0
20231107 032458.247 INFO             PET0       MODEL: InitializeIPDvXp08 extro.
20231107 032458.248 INFO             PET0       driver: components present that trigger loopDataDependentInitialize().
20231107 032458.248 INFO             PET0       driver: loopDataDependentInitialize intro.
20231107 032458.248 INFO             PET0         driver: component    0=driver, dataComplete (local): true
20231107 032458.248 INFO             PET0         driver: component    0=driver, dataComplete (global): T
20231107 032458.248 INFO             PET0         driver: component    1=MODEL, dataComplete (local): false
20231107 032458.248 INFO             PET0         driver: component    1=MODEL, dataComplete (global): F
20231107 032458.248 INFO             PET0         MODEL: InitializeIPDvXp08 intro.
20231107 032458.249 INFO             PET0           >>>MODEL: entered Initialize (phase=IPDv05p8) with current time:    0  1  1  0  0  0   0
20231107 032458.249 INFO             PET0           MODEL: InitializeDataProgress='true', InitializeDataComplete='true'
20231107 032458.249 INFO             PET0           <<<MODEL: leaving Initialize (phase=IPDv05p8) with current time:    0  1  1  0  0  0   0
20231107 032458.249 INFO             PET0         MODEL: InitializeIPDvXp08 extro.
20231107 032458.249 INFO             PET0         driver: component    1=MODEL, someProgress (local): true
20231107 032458.250 INFO             PET0         driver: component    1=MODEL, someProgress (global): T
20231107 032458.250 INFO             PET0         driver: someProgress=T, allComplete=F, present(dataDepAllComplete)=T
20231107 032458.250 INFO             PET0         driver: component    0=driver, dataComplete (local): true
20231107 032458.250 INFO             PET0         driver: component    0=driver, dataComplete (global): T
20231107 032458.250 INFO             PET0         driver: component    1=MODEL, dataComplete (local): true
20231107 032458.250 INFO             PET0         driver: component    1=MODEL, dataComplete (global): T
20231107 032458.250 INFO             PET0         driver: someProgress=F, allComplete=T, present(dataDepAllComplete)=T
20231107 032458.250 INFO             PET0         driver: finished resolving initialize data dependencies on this level.
20231107 032458.250 INFO             PET0       driver: loopDataDependentInitialize extro.
20231107 032458.250 INFO             PET0       driver: loopDataDependentInitialize() returned with dataDepAllComplete: T
20231107 032458.250 INFO             PET0     driver: InitializeIPDv02p5Data extro.
20231107 032458.250 INFO             PET0     <<<driver: leaving Initialize (phase=<none>) with current time:    0  1  1  0  0  0   0
20231107 032458.250 INFO             PET0   driver: InitializeIPDv02p5 extro.
20231107 032458.250 INFO             PET0 driver: InitializeGeneric extro.
20231107 032458.250 INFO             PET0 driver: Run intro.
20231107 032458.250 INFO             PET0   >>>driver entered Run (phase=RunPhase1) with current time:    0  1  1  0  0  0   0
20231107 032458.250 INFO             PET0   driver: after lable_SetRunClock, current time:    0  1  1  0  0  0   0
20231107 032458.250 INFO             PET0   driver: begin -------> RunSequence.
20231107 032458.250 INFO             PET0     driver: RunSequence event loopLevel=   1  levelMember=   1  loopIteration=   1, current time:    0  1  1  0  0  0   0
20231107 032458.250 INFO             PET0     MODEL: Run intro.
20231107 032458.250 INFO             PET0       >>>MODEL: entered Run (phase=RunPhase1) with current time:    0  1  1  0  0  0   0
20231107 032458.250 INFO             PET0       MODEL: time step-loop starting, current time:    0  1  1  0  0  0   0
20231107 032458.254 INFO             PET0       thread_num=   0   currentSsiPe=   0   num_threads=   3   max_threads=   3   num_procs=   1
20231107 032458.255 INFO             PET0       thread_num=   2   currentSsiPe=   0   num_threads=   3   max_threads=   3   num_procs=   1
20231107 032458.257 INFO             PET0       thread_num=   1   currentSsiPe=   0   num_threads=   3   max_threads=   3   num_procs=   1
20231107 032458.259 INFO             PET0       ---->Advancing Model from:    0  1  1  0  0  0   0
20231107 032458.259 INFO             PET0       ---------------------> to:    0  1  1  0  0 30   0
20231107 032458.259 INFO             PET0       MODEL: time step-loop ending,   current time:    0  1  1  0  0 30   0
20231107 032458.259 INFO             PET0       <<<MODEL: leaving Run (phase=RunPhase1) with current time:    0  1  1  0  0 30   0
20231107 032458.259 INFO             PET0     MODEL: Run extro.
20231107 032458.259 INFO             PET0     driver: RunSequence event loopLevel=   1  levelMember=   1  loopIteration=   2, current time:    0  1  1  0  0 30   0
20231107 032458.259 INFO             PET0     MODEL: Run intro.
20231107 032458.259 INFO             PET0       >>>MODEL: entered Run (phase=RunPhase1) with current time:    0  1  1  0  0 30   0
20231107 032458.259 INFO             PET0       MODEL: time step-loop starting, current time:    0  1  1  0  0 30   0
20231107 032458.261 INFO             PET0       thread_num=   2   currentSsiPe=   0   num_threads=   3   max_threads=   3   num_procs=   1
20231107 032458.262 INFO             PET0       thread_num=   0   currentSsiPe=   0   num_threads=   3   max_threads=   3   num_procs=   1
20231107 032458.264 INFO             PET0       thread_num=   1   currentSsiPe=   0   num_threads=   3   max_threads=   3   num_procs=   1
20231107 032458.265 INFO             PET0       ---->Advancing Model from:    0  1  1  0  0 30   0
20231107 032458.265 INFO             PET0       ---------------------> to:    0  1  1  0  1  0   0
20231107 032458.265 INFO             PET0       MODEL: time step-loop ending,   current time:    0  1  1  0  1  0   0
20231107 032458.265 INFO             PET0       <<<MODEL: leaving Run (phase=RunPhase1) with current time:    0  1  1  0  1  0   0
20231107 032458.265 INFO             PET0     MODEL: Run extro.
20231107 032458.266 INFO             PET0     driver: RunSequence event loopLevel=   1  levelMember=   1  loopIteration=   3, current time:    0  1  1  0  1  0   0
20231107 032458.266 INFO             PET0     MODEL: Run intro.
20231107 032458.266 INFO             PET0       >>>MODEL: entered Run (phase=RunPhase1) with current time:    0  1  1  0  1  0   0
20231107 032458.266 INFO             PET0       MODEL: time step-loop starting, current time:    0  1  1  0  1  0   0
20231107 032458.267 INFO             PET0       thread_num=   2   currentSsiPe=   0   num_threads=   3   max_threads=   3   num_procs=   1
20231107 032458.269 INFO             PET0       thread_num=   0   currentSsiPe=   0   num_threads=   3   max_threads=   3   num_procs=   1
20231107 032458.271 INFO             PET0       thread_num=   1   currentSsiPe=   0   num_threads=   3   max_threads=   3   num_procs=   1
20231107 032458.272 INFO             PET0       ---->Advancing Model from:    0  1  1  0  1  0   0
20231107 032458.272 INFO             PET0       ---------------------> to:    0  1  1  0  1 30   0
20231107 032458.272 INFO             PET0       MODEL: time step-loop ending,   current time:    0  1  1  0  1 30   0
20231107 032458.272 INFO             PET0       <<<MODEL: leaving Run (phase=RunPhase1) with current time:    0  1  1  0  1 30   0
20231107 032458.272 INFO             PET0     MODEL: Run extro.
20231107 032458.272 INFO             PET0     driver: RunSequence event loopLevel=   1  levelMember=   1  loopIteration=   4, current time:    0  1  1  0  1 30   0
20231107 032458.272 INFO             PET0     MODEL: Run intro.
20231107 032458.272 INFO             PET0       >>>MODEL: entered Run (phase=RunPhase1) with current time:    0  1  1  0  1 30   0
20231107 032458.273 INFO             PET0       MODEL: time step-loop starting, current time:    0  1  1  0  1 30   0
20231107 032458.274 INFO             PET0       thread_num=   2   currentSsiPe=   0   num_threads=   3   max_threads=   3   num_procs=   1
20231107 032458.276 INFO             PET0       thread_num=   0   currentSsiPe=   0   num_threads=   3   max_threads=   3   num_procs=   1
20231107 032458.277 INFO             PET0       thread_num=   1   currentSsiPe=   0   num_threads=   3   max_threads=   3   num_procs=   1
20231107 032458.279 INFO             PET0       ---->Advancing Model from:    0  1  1  0  1 30   0
20231107 032458.279 INFO             PET0       ---------------------> to:    0  1  1  0  2  0   0
20231107 032458.279 INFO             PET0       MODEL: time step-loop ending,   current time:    0  1  1  0  2  0   0
20231107 032458.279 INFO             PET0       <<<MODEL: leaving Run (phase=RunPhase1) with current time:    0  1  1  0  2  0   0
20231107 032458.279 INFO             PET0     MODEL: Run extro.
20231107 032458.279 INFO             PET0     driver: RunSequence event loopLevel=   1  levelMember=   1  loopIteration=   5, current time:    0  1  1  0  2  0   0
20231107 032458.279 INFO             PET0     MODEL: Run intro.
20231107 032458.279 INFO             PET0       >>>MODEL: entered Run (phase=RunPhase1) with current time:    0  1  1  0  2  0   0
20231107 032458.279 INFO             PET0       MODEL: time step-loop starting, current time:    0  1  1  0  2  0   0
20231107 032458.281 INFO             PET0       thread_num=   2   currentSsiPe=   0   num_threads=   3   max_threads=   3   num_procs=   1
20231107 032458.282 INFO             PET0       thread_num=   0   currentSsiPe=   0   num_threads=   3   max_threads=   3   num_procs=   1
20231107 032458.284 INFO             PET0       thread_num=   1   currentSsiPe=   0   num_threads=   3   max_threads=   3   num_procs=   1
20231107 032458.286 INFO             PET0       ---->Advancing Model from:    0  1  1  0  2  0   0
20231107 032458.286 INFO             PET0       ---------------------> to:    0  1  1  0  2 30   0
20231107 032458.286 INFO             PET0       MODEL: time step-loop ending,   current time:    0  1  1  0  2 30   0
20231107 032458.286 INFO             PET0       <<<MODEL: leaving Run (phase=RunPhase1) with current time:    0  1  1  0  2 30   0
20231107 032458.286 INFO             PET0     MODEL: Run extro.
20231107 032458.286 INFO             PET0   driver: end <--------- RunSequence
20231107 032458.286 INFO             PET0   <<<driver - leaving Run with current time:    0  1  1  0  2 30   0
20231107 032458.286 INFO             PET0 driver: Run extro.
20231107 032458.286 INFO             PET0 driver: Finalize intro.
20231107 032458.286 INFO             PET0   Calling Finalize phase 1 for modelComp: MODEL
20231107 032458.286 INFO             PET0   MODEL: Finalize intro.
20231107 032458.286 INFO             PET0     >>>MODEL: entered Finalize (phase=FinalizePhase1) with current time:    0  1  1  0  2 30   0
20231107 032458.286 INFO             PET0     <<<MODEL: leaving Finalize (phase=FinalizePhase1) with current time:    0  1  1  0  2 30   0
20231107 032458.286 INFO             PET0   MODEL: Finalize extro.
20231107 032458.286 INFO             PET0   Delete modelComp: MODEL
20231107 032458.289 INFO             PET0   Delete Import-/Export State for modelComp: MODEL
20231107 032458.289 INFO             PET0 driver: Finalize extro.
20231107 032458.289 INFO             PET0 mainApp FINISHED
20231107 032458.289 INFO             PET0  Finalizing ESMF
20231107 032458.222 INFO             PET1 !!!!!!!!!!!!!!!!!!!!!!!!!!!!!!!!!!!!!!!!!!!!!!!!!!!!!!
20231107 032458.222 INFO             PET1 !!! THE ESMF_LOG IS SET TO OUTPUT ALL LOG MESSAGES !!!
20231107 032458.222 INFO             PET1 !!!     THIS MAY CAUSE SLOWDOWN IN PERFORMANCE     !!!
20231107 032458.222 INFO             PET1 !!! FOR PRODUCTION RUNS, USE:                      !!!
20231107 032458.222 INFO             PET1 !!!                   ESMF_LOGKIND_Multi_On_Error  !!!
20231107 032458.222 INFO             PET1 !!!!!!!!!!!!!!!!!!!!!!!!!!!!!!!!!!!!!!!!!!!!!!!!!!!!!!
20231107 032458.222 INFO             PET1 Running with ESMF Version   : v8.6.0b14-1-g93d64a266e
20231107 032458.222 INFO             PET1 ESMF library build date/time: "Nov  7 2023" "02:41:27"
20231107 032458.222 INFO             PET1 ESMF library build location : /glade/scratch/theurich/ESMF-Nightly-Testing/gfortran_13.1.0_mpt_g_release_8.6.0/esmf
20231107 032458.222 INFO             PET1 ESMF_COMM                   : mpt
20231107 032458.222 INFO             PET1 ESMF_MOAB                   : enabled
20231107 032458.222 INFO             PET1 ESMF_LAPACK                 : enabled
20231107 032458.222 INFO             PET1 ESMF_NETCDF                 : enabled
20231107 032458.222 INFO             PET1 ESMF_PNETCDF                : disabled
20231107 032458.222 INFO             PET1 ESMF_PIO                    : enabled
20231107 032458.222 INFO             PET1 ESMF_YAMLCPP                : enabled
20231107 032458.223 INFO             PET1 mainApp STARTING
20231107 032458.228 INFO             PET1 driver: InitializeGeneric intro.
20231107 032458.228 INFO             PET1   driver: InitializeP0 intro.
20231107 032458.228 INFO             PET1   driver: InitializeP0 extro.
20231107 032458.228 INFO             PET1   driver: InitializeIPDv02p1 intro.
20231107 032458.228 INFO             PET1     >>>driver: entered Initialize (phase=<none>) without valid internal Clock.
20231107 032458.228 INFO             PET1     driver - Creating model component MODEL without petList.
20231107 032458.231 INFO             PET1      GridCompIsPetLocal:  T
20231107 032458.231 INFO             PET1      VmIsCreated:  T
20231107 032458.231 INFO             PET1      valid MPI_COMM with size=           4
20231107 032458.231 INFO             PET1     driver - Creating state: modelComp 1 Import State
20231107 032458.231 INFO             PET1     driver - Creating state: modelComp 1 Export State
20231107 032458.232 INFO             PET1     MODEL: InitializeP0 intro.
20231107 032458.232 INFO             PET1       >>>MODEL: entered Initialize (phase=<none>) without valid internal Clock.
20231107 032458.233 INFO             PET1       <<<MODEL: leaving Initialize (phase=<none>) without valid internal Clock.
20231107 032458.233 INFO             PET1     MODEL: InitializeP0 extro.
20231107 032458.235 INFO             PET1     driver: IInitAdvertise intro.
20231107 032458.235 INFO             PET1     driver: IInitAdvertise extro.
20231107 032458.235 INFO             PET1     MODEL: InitializeIPDvXp01 intro.
20231107 032458.235 INFO             PET1       >>>MODEL: entered Initialize (phase=IPDvXp01) without valid internal Clock.
20231107 032458.237 INFO             PET1       <<<MODEL: leaving Initialize (phase=IPDvXp01) without valid internal Clock.
20231107 032458.237 INFO             PET1     MODEL: InitializeIPDvXp01 extro.
20231107 032458.238 INFO             PET1     driver: IInitAdvertiseFinish intro.
20231107 032458.238 INFO             PET1     driver: IInitAdvertiseFinish extro.
20231107 032458.238 INFO             PET1     driver: IInitModifyCplLists intro.
20231107 032458.238 INFO             PET1     driver: IInitModifyCplLists extro.
20231107 032458.238 INFO             PET1     <<<driver: leaving Initialize (phase=<none>) with current time:    0  1  1  0  0  0   0
20231107 032458.238 INFO             PET1   driver: InitializeIPDv02p1 extro.
20231107 032458.238 INFO             PET1   driver: InitializeIPDv02p3 intro.
20231107 032458.238 INFO             PET1     >>>driver: entered Initialize (phase=<none>) with current time:    0  1  1  0  0  0   0
20231107 032458.241 INFO             PET1     driver: IInitCheck intro.
20231107 032458.241 INFO             PET1     driver: IInitCheck extro.
20231107 032458.242 INFO             PET1     MODEL: InitializeIPDvXp04 intro.
20231107 032458.242 INFO             PET1       >>>MODEL: entered Initialize (phase=IPDvXp04) without valid internal Clock.
20231107 032458.245 INFO             PET1       After Realize: - MemInfo: [/proc/meminfo - SSI]	MemTotal:       131567260 kB
20231107 032458.245 INFO             PET1       After Realize: - MemInfo: [/proc/meminfo - SSI]	MemFree:        115842328 kB
20231107 032458.245 INFO             PET1       After Realize: - MemInfo: [/proc/meminfo - SSI]	MemAvailable:   115383748 kB
20231107 032458.245 INFO             PET1       After Realize: - MemInfo: [/proc/meminfo - SSI]	Committed_AS:   14020696 kB
20231107 032458.245 INFO             PET1       After Realize: - MemInfo: [/proc/meminfo - SSI]	CommittedPercent: 10.6567 %
20231107 032458.245 INFO             PET1       After Realize: - MemInfo: [/proc/self/status]	VmPeak:	  206964 kB
20231107 032458.245 INFO             PET1       After Realize: - MemInfo: [/proc/self/status]	VmSize:	  206964 kB
20231107 032458.245 INFO             PET1       After Realize: - MemInfo: [/proc/self/status]	VmLck:	       0 kB
20231107 032458.245 INFO             PET1       After Realize: - MemInfo: [/proc/self/status]	VmPin:	       0 kB
20231107 032458.245 INFO             PET1       After Realize: - MemInfo: [/proc/self/status]	VmHWM:	   20760 kB
20231107 032458.245 INFO             PET1       After Realize: - MemInfo: [/proc/self/status]	VmRSS:	   20760 kB
20231107 032458.245 INFO             PET1       After Realize: - MemInfo: [/proc/self/status]	VmData:	   23904 kB
20231107 032458.245 INFO             PET1       After Realize: - MemInfo: [/proc/self/status]	VmStk:	     144 kB
20231107 032458.245 INFO             PET1       After Realize: - MemInfo: [/proc/self/status]	VmExe:	     252 kB
20231107 032458.245 INFO             PET1       After Realize: - MemInfo: [/proc/self/status]	VmLib:	   76200 kB
20231107 032458.245 INFO             PET1       After Realize: - MemInfo: [/proc/self/status]	VmPTE:	     372 kB
20231107 032458.245 INFO             PET1       After Realize: - MemInfo: [/proc/self/status]	VmPMD:	      12 kB
20231107 032458.245 INFO             PET1       After Realize: - MemInfo: [/proc/self/status]	VmSwap:	       0 kB
20231107 032458.245 INFO             PET1       After Realize: - MemInfo: [/proc/self/status]	VmRSSPercent: 0.015779 %
20231107 032458.245 INFO             PET1       After Realize: - MemInfo: [malloc] Non-mmapped space allocated:                19812352 Byte
20231107 032458.245 INFO             PET1       After Realize: - MemInfo: [malloc] Space allocated in mmapped regions:                0 Byte
20231107 032458.245 INFO             PET1       After Realize: - MemInfo: [malloc] Maximum total allocated space:                     0 Byte
20231107 032458.245 INFO             PET1       After Realize: - MemInfo: [malloc] Space in freed fastbin blocks:                  2416 Byte
20231107 032458.245 INFO             PET1       After Realize: - MemInfo: [malloc] Total allocated space:                      19692336 Byte
20231107 032458.245 INFO             PET1       After Realize: - MemInfo: [malloc] Total free space:                             120016 Byte
20231107 032458.245 INFO             PET1       After Realize: - MemInfo: [malloc] Top-most, releasable space:                   116928 Byte
20231107 032458.245 INFO             PET1       After Realize: - MemInfo: [malloc] Total space in use, mmap + non-mmap:        19692336 Byte
20231107 032458.245 INFO             PET1       After Realize: - MemInfo: [malloc] Total space held (mmap + non-mmap):         19812352 Byte
20231107 032458.245 INFO             PET1       After Realize: - MemInfo: [malloc] Total space used (mmap + non-mmap):         19701520 Byte
20231107 032458.245 INFO             PET1       After Realize: - MemInfo: Wall-clock time since execution start:              0.0238756 seconds
20231107 032458.245 INFO             PET1       <<<MODEL: leaving Initialize (phase=IPDvXp04) without valid internal Clock.
20231107 032458.245 INFO             PET1     MODEL: InitializeIPDvXp04 extro.
20231107 032458.246 INFO             PET1     driver: IInitRealize intro.
20231107 032458.246 INFO             PET1     driver: IInitRealize extro.
20231107 032458.246 INFO             PET1     MODEL: InitializeIPDvXp07 intro.
20231107 032458.246 INFO             PET1       >>>MODEL: entered Initialize (phase=IPDvXp07) without valid internal Clock.
20231107 032458.246 INFO             PET1       <<<MODEL: leaving Initialize (phase=IPDvXp07) with current time:    0  1  1  0  0  0   0
20231107 032458.246 INFO             PET1     MODEL: InitializeIPDvXp07 extro.
20231107 032458.246 INFO             PET1     <<<driver: leaving Initialize (phase=<none>) with current time:    0  1  1  0  0  0   0
20231107 032458.246 INFO             PET1   driver: InitializeIPDv02p3 extro.
20231107 032458.246 INFO             PET1   driver: InitializeIPDv02p5 intro.
20231107 032458.246 INFO             PET1     >>>driver: entered Initialize (phase=<none>) with current time:    0  1  1  0  0  0   0
20231107 032458.246 INFO             PET1     driver: this is a top level driver, no 'Updated' and 'InitializeDataComplete' info on this level.
20231107 032458.247 INFO             PET1     driver: InitializeIPDv02p5Data intro.
20231107 032458.247 INFO             PET1       driver: InternalInitializeComplete intro.
20231107 032458.247 INFO             PET1         driver: InitializeDataComplete='true'
20231107 032458.247 INFO             PET1       driver: InternalInitializeComplete extro.
20231107 032458.247 INFO             PET1       MODEL: InitializeIPDvXp08 intro.
20231107 032458.247 INFO             PET1         >>>MODEL: entered Initialize (phase=IPDv05p8) with current time:    0  1  1  0  0  0   0
20231107 032458.247 INFO             PET1         MODEL: InitializeDataProgress='false', InitializeDataComplete='false'
20231107 032458.247 INFO             PET1         <<<MODEL: leaving Initialize (phase=IPDv05p8) with current time:    0  1  1  0  0  0   0
20231107 032458.247 INFO             PET1       MODEL: InitializeIPDvXp08 extro.
20231107 032458.248 INFO             PET1       driver: components present that trigger loopDataDependentInitialize().
20231107 032458.248 INFO             PET1       driver: loopDataDependentInitialize intro.
20231107 032458.248 INFO             PET1         driver: component    0=driver, dataComplete (local): true
20231107 032458.248 INFO             PET1         driver: component    0=driver, dataComplete (global): T
20231107 032458.248 INFO             PET1         driver: component    1=MODEL, dataComplete (local): false
20231107 032458.248 INFO             PET1         driver: component    1=MODEL, dataComplete (global): F
20231107 032458.248 INFO             PET1         MODEL: InitializeIPDvXp08 intro.
20231107 032458.249 INFO             PET1           >>>MODEL: entered Initialize (phase=IPDv05p8) with current time:    0  1  1  0  0  0   0
20231107 032458.249 INFO             PET1           MODEL: InitializeDataProgress='true', InitializeDataComplete='true'
20231107 032458.249 INFO             PET1           <<<MODEL: leaving Initialize (phase=IPDv05p8) with current time:    0  1  1  0  0  0   0
20231107 032458.249 INFO             PET1         MODEL: InitializeIPDvXp08 extro.
20231107 032458.250 INFO             PET1         driver: component    1=MODEL, someProgress (local): true
20231107 032458.250 INFO             PET1         driver: component    1=MODEL, someProgress (global): T
20231107 032458.250 INFO             PET1         driver: someProgress=T, allComplete=F, present(dataDepAllComplete)=T
20231107 032458.250 INFO             PET1         driver: component    0=driver, dataComplete (local): true
20231107 032458.250 INFO             PET1         driver: component    0=driver, dataComplete (global): T
20231107 032458.250 INFO             PET1         driver: component    1=MODEL, dataComplete (local): true
20231107 032458.250 INFO             PET1         driver: component    1=MODEL, dataComplete (global): T
20231107 032458.250 INFO             PET1         driver: someProgress=F, allComplete=T, present(dataDepAllComplete)=T
20231107 032458.250 INFO             PET1         driver: finished resolving initialize data dependencies on this level.
20231107 032458.250 INFO             PET1       driver: loopDataDependentInitialize extro.
20231107 032458.250 INFO             PET1       driver: loopDataDependentInitialize() returned with dataDepAllComplete: T
20231107 032458.250 INFO             PET1     driver: InitializeIPDv02p5Data extro.
20231107 032458.250 INFO             PET1     <<<driver: leaving Initialize (phase=<none>) with current time:    0  1  1  0  0  0   0
20231107 032458.250 INFO             PET1   driver: InitializeIPDv02p5 extro.
20231107 032458.250 INFO             PET1 driver: InitializeGeneric extro.
20231107 032458.250 INFO             PET1 driver: Run intro.
20231107 032458.250 INFO             PET1   >>>driver entered Run (phase=RunPhase1) with current time:    0  1  1  0  0  0   0
20231107 032458.250 INFO             PET1   driver: after lable_SetRunClock, current time:    0  1  1  0  0  0   0
20231107 032458.250 INFO             PET1   driver: begin -------> RunSequence.
20231107 032458.250 INFO             PET1     driver: RunSequence event loopLevel=   1  levelMember=   1  loopIteration=   1, current time:    0  1  1  0  0  0   0
20231107 032458.250 INFO             PET1     MODEL: Run intro.
20231107 032458.250 INFO             PET1       >>>MODEL: entered Run (phase=RunPhase1) with current time:    0  1  1  0  0  0   0
20231107 032458.250 INFO             PET1       MODEL: time step-loop starting, current time:    0  1  1  0  0  0   0
20231107 032458.255 INFO             PET1       thread_num=   0   currentSsiPe=   1   num_threads=   3   max_threads=   3   num_procs=   1
20231107 032458.257 INFO             PET1       thread_num=   2   currentSsiPe=   1   num_threads=   3   max_threads=   3   num_procs=   1
20231107 032458.259 INFO             PET1       thread_num=   1   currentSsiPe=   1   num_threads=   3   max_threads=   3   num_procs=   1
20231107 032458.260 INFO             PET1       ---->Advancing Model from:    0  1  1  0  0  0   0
20231107 032458.260 INFO             PET1       ---------------------> to:    0  1  1  0  0 30   0
20231107 032458.260 INFO             PET1       MODEL: time step-loop ending,   current time:    0  1  1  0  0 30   0
20231107 032458.260 INFO             PET1       <<<MODEL: leaving Run (phase=RunPhase1) with current time:    0  1  1  0  0 30   0
20231107 032458.260 INFO             PET1     MODEL: Run extro.
20231107 032458.260 INFO             PET1     driver: RunSequence event loopLevel=   1  levelMember=   1  loopIteration=   2, current time:    0  1  1  0  0 30   0
20231107 032458.260 INFO             PET1     MODEL: Run intro.
20231107 032458.261 INFO             PET1       >>>MODEL: entered Run (phase=RunPhase1) with current time:    0  1  1  0  0 30   0
20231107 032458.261 INFO             PET1       MODEL: time step-loop starting, current time:    0  1  1  0  0 30   0
20231107 032458.262 INFO             PET1       thread_num=   2   currentSsiPe=   1   num_threads=   3   max_threads=   3   num_procs=   1
20231107 032458.264 INFO             PET1       thread_num=   0   currentSsiPe=   1   num_threads=   3   max_threads=   3   num_procs=   1
20231107 032458.265 INFO             PET1       thread_num=   1   currentSsiPe=   1   num_threads=   3   max_threads=   3   num_procs=   1
20231107 032458.267 INFO             PET1       ---->Advancing Model from:    0  1  1  0  0 30   0
20231107 032458.267 INFO             PET1       ---------------------> to:    0  1  1  0  1  0   0
20231107 032458.267 INFO             PET1       MODEL: time step-loop ending,   current time:    0  1  1  0  1  0   0
20231107 032458.267 INFO             PET1       <<<MODEL: leaving Run (phase=RunPhase1) with current time:    0  1  1  0  1  0   0
20231107 032458.267 INFO             PET1     MODEL: Run extro.
20231107 032458.267 INFO             PET1     driver: RunSequence event loopLevel=   1  levelMember=   1  loopIteration=   3, current time:    0  1  1  0  1  0   0
20231107 032458.267 INFO             PET1     MODEL: Run intro.
20231107 032458.267 INFO             PET1       >>>MODEL: entered Run (phase=RunPhase1) with current time:    0  1  1  0  1  0   0
20231107 032458.267 INFO             PET1       MODEL: time step-loop starting, current time:    0  1  1  0  1  0   0
20231107 032458.269 INFO             PET1       thread_num=   2   currentSsiPe=   1   num_threads=   3   max_threads=   3   num_procs=   1
20231107 032458.271 INFO             PET1       thread_num=   0   currentSsiPe=   1   num_threads=   3   max_threads=   3   num_procs=   1
20231107 032458.272 INFO             PET1       thread_num=   1   currentSsiPe=   1   num_threads=   3   max_threads=   3   num_procs=   1
20231107 032458.274 INFO             PET1       ---->Advancing Model from:    0  1  1  0  1  0   0
20231107 032458.274 INFO             PET1       ---------------------> to:    0  1  1  0  1 30   0
20231107 032458.274 INFO             PET1       MODEL: time step-loop ending,   current time:    0  1  1  0  1 30   0
20231107 032458.274 INFO             PET1       <<<MODEL: leaving Run (phase=RunPhase1) with current time:    0  1  1  0  1 30   0
20231107 032458.274 INFO             PET1     MODEL: Run extro.
20231107 032458.274 INFO             PET1     driver: RunSequence event loopLevel=   1  levelMember=   1  loopIteration=   4, current time:    0  1  1  0  1 30   0
20231107 032458.274 INFO             PET1     MODEL: Run intro.
20231107 032458.274 INFO             PET1       >>>MODEL: entered Run (phase=RunPhase1) with current time:    0  1  1  0  1 30   0
20231107 032458.274 INFO             PET1       MODEL: time step-loop starting, current time:    0  1  1  0  1 30   0
20231107 032458.276 INFO             PET1       thread_num=   2   currentSsiPe=   1   num_threads=   3   max_threads=   3   num_procs=   1
20231107 032458.277 INFO             PET1       thread_num=   0   currentSsiPe=   1   num_threads=   3   max_threads=   3   num_procs=   1
20231107 032458.279 INFO             PET1       thread_num=   1   currentSsiPe=   1   num_threads=   3   max_threads=   3   num_procs=   1
20231107 032458.280 INFO             PET1       ---->Advancing Model from:    0  1  1  0  1 30   0
20231107 032458.281 INFO             PET1       ---------------------> to:    0  1  1  0  2  0   0
20231107 032458.281 INFO             PET1       MODEL: time step-loop ending,   current time:    0  1  1  0  2  0   0
20231107 032458.281 INFO             PET1       <<<MODEL: leaving Run (phase=RunPhase1) with current time:    0  1  1  0  2  0   0
20231107 032458.281 INFO             PET1     MODEL: Run extro.
20231107 032458.281 INFO             PET1     driver: RunSequence event loopLevel=   1  levelMember=   1  loopIteration=   5, current time:    0  1  1  0  2  0   0
20231107 032458.281 INFO             PET1     MODEL: Run intro.
20231107 032458.281 INFO             PET1       >>>MODEL: entered Run (phase=RunPhase1) with current time:    0  1  1  0  2  0   0
20231107 032458.281 INFO             PET1       MODEL: time step-loop starting, current time:    0  1  1  0  2  0   0
20231107 032458.282 INFO             PET1       thread_num=   2   currentSsiPe=   1   num_threads=   3   max_threads=   3   num_procs=   1
20231107 032458.284 INFO             PET1       thread_num=   0   currentSsiPe=   1   num_threads=   3   max_threads=   3   num_procs=   1
20231107 032458.286 INFO             PET1       thread_num=   1   currentSsiPe=   1   num_threads=   3   max_threads=   3   num_procs=   1
20231107 032458.287 INFO             PET1       ---->Advancing Model from:    0  1  1  0  2  0   0
20231107 032458.287 INFO             PET1       ---------------------> to:    0  1  1  0  2 30   0
20231107 032458.287 INFO             PET1       MODEL: time step-loop ending,   current time:    0  1  1  0  2 30   0
20231107 032458.287 INFO             PET1       <<<MODEL: leaving Run (phase=RunPhase1) with current time:    0  1  1  0  2 30   0
20231107 032458.287 INFO             PET1     MODEL: Run extro.
20231107 032458.287 INFO             PET1   driver: end <--------- RunSequence
20231107 032458.287 INFO             PET1   <<<driver - leaving Run with current time:    0  1  1  0  2 30   0
20231107 032458.287 INFO             PET1 driver: Run extro.
20231107 032458.287 INFO             PET1 driver: Finalize intro.
20231107 032458.287 INFO             PET1   Calling Finalize phase 1 for modelComp: MODEL
20231107 032458.288 INFO             PET1   MODEL: Finalize intro.
20231107 032458.288 INFO             PET1     >>>MODEL: entered Finalize (phase=FinalizePhase1) with current time:    0  1  1  0  2 30   0
20231107 032458.288 INFO             PET1     <<<MODEL: leaving Finalize (phase=FinalizePhase1) with current time:    0  1  1  0  2 30   0
20231107 032458.288 INFO             PET1   MODEL: Finalize extro.
20231107 032458.288 INFO             PET1   Delete modelComp: MODEL
20231107 032458.289 INFO             PET1   Delete Import-/Export State for modelComp: MODEL
20231107 032458.289 INFO             PET1 driver: Finalize extro.
20231107 032458.289 INFO             PET1 mainApp FINISHED
20231107 032458.289 INFO             PET1  Finalizing ESMF
20231107 032458.222 INFO             PET2 !!!!!!!!!!!!!!!!!!!!!!!!!!!!!!!!!!!!!!!!!!!!!!!!!!!!!!
20231107 032458.222 INFO             PET2 !!! THE ESMF_LOG IS SET TO OUTPUT ALL LOG MESSAGES !!!
20231107 032458.222 INFO             PET2 !!!     THIS MAY CAUSE SLOWDOWN IN PERFORMANCE     !!!
20231107 032458.222 INFO             PET2 !!! FOR PRODUCTION RUNS, USE:                      !!!
20231107 032458.222 INFO             PET2 !!!                   ESMF_LOGKIND_Multi_On_Error  !!!
20231107 032458.222 INFO             PET2 !!!!!!!!!!!!!!!!!!!!!!!!!!!!!!!!!!!!!!!!!!!!!!!!!!!!!!
20231107 032458.222 INFO             PET2 Running with ESMF Version   : v8.6.0b14-1-g93d64a266e
20231107 032458.222 INFO             PET2 ESMF library build date/time: "Nov  7 2023" "02:41:27"
20231107 032458.222 INFO             PET2 ESMF library build location : /glade/scratch/theurich/ESMF-Nightly-Testing/gfortran_13.1.0_mpt_g_release_8.6.0/esmf
20231107 032458.222 INFO             PET2 ESMF_COMM                   : mpt
20231107 032458.222 INFO             PET2 ESMF_MOAB                   : enabled
20231107 032458.222 INFO             PET2 ESMF_LAPACK                 : enabled
20231107 032458.222 INFO             PET2 ESMF_NETCDF                 : enabled
20231107 032458.222 INFO             PET2 ESMF_PNETCDF                : disabled
20231107 032458.222 INFO             PET2 ESMF_PIO                    : enabled
20231107 032458.222 INFO             PET2 ESMF_YAMLCPP                : enabled
20231107 032458.223 INFO             PET2 mainApp STARTING
20231107 032458.228 INFO             PET2 driver: InitializeGeneric intro.
20231107 032458.228 INFO             PET2   driver: InitializeP0 intro.
20231107 032458.228 INFO             PET2   driver: InitializeP0 extro.
20231107 032458.228 INFO             PET2   driver: InitializeIPDv02p1 intro.
20231107 032458.228 INFO             PET2     >>>driver: entered Initialize (phase=<none>) without valid internal Clock.
20231107 032458.228 INFO             PET2     driver - Creating model component MODEL without petList.
20231107 032458.231 INFO             PET2      GridCompIsPetLocal:  T
20231107 032458.231 INFO             PET2      VmIsCreated:  T
20231107 032458.231 INFO             PET2      valid MPI_COMM with size=           4
20231107 032458.231 INFO             PET2     driver - Creating state: modelComp 1 Import State
20231107 032458.231 INFO             PET2     driver - Creating state: modelComp 1 Export State
20231107 032458.232 INFO             PET2     MODEL: InitializeP0 intro.
20231107 032458.232 INFO             PET2       >>>MODEL: entered Initialize (phase=<none>) without valid internal Clock.
20231107 032458.233 INFO             PET2       <<<MODEL: leaving Initialize (phase=<none>) without valid internal Clock.
20231107 032458.233 INFO             PET2     MODEL: InitializeP0 extro.
20231107 032458.235 INFO             PET2     driver: IInitAdvertise intro.
20231107 032458.235 INFO             PET2     driver: IInitAdvertise extro.
20231107 032458.235 INFO             PET2     MODEL: InitializeIPDvXp01 intro.
20231107 032458.235 INFO             PET2       >>>MODEL: entered Initialize (phase=IPDvXp01) without valid internal Clock.
20231107 032458.237 INFO             PET2       <<<MODEL: leaving Initialize (phase=IPDvXp01) without valid internal Clock.
20231107 032458.237 INFO             PET2     MODEL: InitializeIPDvXp01 extro.
20231107 032458.238 INFO             PET2     driver: IInitAdvertiseFinish intro.
20231107 032458.238 INFO             PET2     driver: IInitAdvertiseFinish extro.
20231107 032458.238 INFO             PET2     driver: IInitModifyCplLists intro.
20231107 032458.238 INFO             PET2     driver: IInitModifyCplLists extro.
20231107 032458.238 INFO             PET2     <<<driver: leaving Initialize (phase=<none>) with current time:    0  1  1  0  0  0   0
20231107 032458.238 INFO             PET2   driver: InitializeIPDv02p1 extro.
20231107 032458.238 INFO             PET2   driver: InitializeIPDv02p3 intro.
20231107 032458.238 INFO             PET2     >>>driver: entered Initialize (phase=<none>) with current time:    0  1  1  0  0  0   0
20231107 032458.241 INFO             PET2     driver: IInitCheck intro.
20231107 032458.241 INFO             PET2     driver: IInitCheck extro.
20231107 032458.241 INFO             PET2     MODEL: InitializeIPDvXp04 intro.
20231107 032458.242 INFO             PET2       >>>MODEL: entered Initialize (phase=IPDvXp04) without valid internal Clock.
20231107 032458.244 INFO             PET2       After Realize: - MemInfo: [/proc/meminfo - SSI]	MemTotal:       131567260 kB
20231107 032458.244 INFO             PET2       After Realize: - MemInfo: [/proc/meminfo - SSI]	MemFree:        115842328 kB
20231107 032458.244 INFO             PET2       After Realize: - MemInfo: [/proc/meminfo - SSI]	MemAvailable:   115383748 kB
20231107 032458.244 INFO             PET2       After Realize: - MemInfo: [/proc/meminfo - SSI]	Committed_AS:   14020696 kB
20231107 032458.244 INFO             PET2       After Realize: - MemInfo: [/proc/meminfo - SSI]	CommittedPercent: 10.6567 %
20231107 032458.245 INFO             PET2       After Realize: - MemInfo: [/proc/self/status]	VmPeak:	  206964 kB
20231107 032458.245 INFO             PET2       After Realize: - MemInfo: [/proc/self/status]	VmSize:	  206964 kB
20231107 032458.245 INFO             PET2       After Realize: - MemInfo: [/proc/self/status]	VmLck:	       0 kB
20231107 032458.245 INFO             PET2       After Realize: - MemInfo: [/proc/self/status]	VmPin:	       0 kB
20231107 032458.245 INFO             PET2       After Realize: - MemInfo: [/proc/self/status]	VmHWM:	   20764 kB
20231107 032458.245 INFO             PET2       After Realize: - MemInfo: [/proc/self/status]	VmRSS:	   20764 kB
20231107 032458.245 INFO             PET2       After Realize: - MemInfo: [/proc/self/status]	VmData:	   23904 kB
20231107 032458.245 INFO             PET2       After Realize: - MemInfo: [/proc/self/status]	VmStk:	     144 kB
20231107 032458.245 INFO             PET2       After Realize: - MemInfo: [/proc/self/status]	VmExe:	     252 kB
20231107 032458.245 INFO             PET2       After Realize: - MemInfo: [/proc/self/status]	VmLib:	   76200 kB
20231107 032458.245 INFO             PET2       After Realize: - MemInfo: [/proc/self/status]	VmPTE:	     376 kB
20231107 032458.245 INFO             PET2       After Realize: - MemInfo: [/proc/self/status]	VmPMD:	      12 kB
20231107 032458.245 INFO             PET2       After Realize: - MemInfo: [/proc/self/status]	VmSwap:	       0 kB
20231107 032458.245 INFO             PET2       After Realize: - MemInfo: [/proc/self/status]	VmRSSPercent: 0.015782 %
20231107 032458.245 INFO             PET2       After Realize: - MemInfo: [malloc] Non-mmapped space allocated:                19812352 Byte
20231107 032458.245 INFO             PET2       After Realize: - MemInfo: [malloc] Space allocated in mmapped regions:                0 Byte
20231107 032458.245 INFO             PET2       After Realize: - MemInfo: [malloc] Maximum total allocated space:                     0 Byte
20231107 032458.245 INFO             PET2       After Realize: - MemInfo: [malloc] Space in freed fastbin blocks:                  2416 Byte
20231107 032458.245 INFO             PET2       After Realize: - MemInfo: [malloc] Total allocated space:                      19690896 Byte
20231107 032458.245 INFO             PET2       After Realize: - MemInfo: [malloc] Total free space:                             121456 Byte
20231107 032458.245 INFO             PET2       After Realize: - MemInfo: [malloc] Top-most, releasable space:                   118368 Byte
20231107 032458.245 INFO             PET2       After Realize: - MemInfo: [malloc] Total space in use, mmap + non-mmap:        19690896 Byte
20231107 032458.245 INFO             PET2       After Realize: - MemInfo: [malloc] Total space held (mmap + non-mmap):         19812352 Byte
20231107 032458.245 INFO             PET2       After Realize: - MemInfo: [malloc] Total space used (mmap + non-mmap):         19700080 Byte
20231107 032458.245 INFO             PET2       After Realize: - MemInfo: Wall-clock time since execution start:              0.0237899 seconds
20231107 032458.245 INFO             PET2       <<<MODEL: leaving Initialize (phase=IPDvXp04) without valid internal Clock.
20231107 032458.245 INFO             PET2     MODEL: InitializeIPDvXp04 extro.
20231107 032458.246 INFO             PET2     driver: IInitRealize intro.
20231107 032458.246 INFO             PET2     driver: IInitRealize extro.
20231107 032458.246 INFO             PET2     MODEL: InitializeIPDvXp07 intro.
20231107 032458.246 INFO             PET2       >>>MODEL: entered Initialize (phase=IPDvXp07) without valid internal Clock.
20231107 032458.246 INFO             PET2       <<<MODEL: leaving Initialize (phase=IPDvXp07) with current time:    0  1  1  0  0  0   0
20231107 032458.246 INFO             PET2     MODEL: InitializeIPDvXp07 extro.
20231107 032458.246 INFO             PET2     <<<driver: leaving Initialize (phase=<none>) with current time:    0  1  1  0  0  0   0
20231107 032458.246 INFO             PET2   driver: InitializeIPDv02p3 extro.
20231107 032458.246 INFO             PET2   driver: InitializeIPDv02p5 intro.
20231107 032458.246 INFO             PET2     >>>driver: entered Initialize (phase=<none>) with current time:    0  1  1  0  0  0   0
20231107 032458.246 INFO             PET2     driver: this is a top level driver, no 'Updated' and 'InitializeDataComplete' info on this level.
20231107 032458.246 INFO             PET2     driver: InitializeIPDv02p5Data intro.
20231107 032458.247 INFO             PET2       driver: InternalInitializeComplete intro.
20231107 032458.247 INFO             PET2         driver: InitializeDataComplete='true'
20231107 032458.247 INFO             PET2       driver: InternalInitializeComplete extro.
20231107 032458.247 INFO             PET2       MODEL: InitializeIPDvXp08 intro.
20231107 032458.247 INFO             PET2         >>>MODEL: entered Initialize (phase=IPDv05p8) with current time:    0  1  1  0  0  0   0
20231107 032458.247 INFO             PET2         MODEL: InitializeDataProgress='false', InitializeDataComplete='false'
20231107 032458.247 INFO             PET2         <<<MODEL: leaving Initialize (phase=IPDv05p8) with current time:    0  1  1  0  0  0   0
20231107 032458.247 INFO             PET2       MODEL: InitializeIPDvXp08 extro.
20231107 032458.248 INFO             PET2       driver: components present that trigger loopDataDependentInitialize().
20231107 032458.248 INFO             PET2       driver: loopDataDependentInitialize intro.
20231107 032458.248 INFO             PET2         driver: component    0=driver, dataComplete (local): true
20231107 032458.248 INFO             PET2         driver: component    0=driver, dataComplete (global): T
20231107 032458.248 INFO             PET2         driver: component    1=MODEL, dataComplete (local): false
20231107 032458.248 INFO             PET2         driver: component    1=MODEL, dataComplete (global): F
20231107 032458.248 INFO             PET2         MODEL: InitializeIPDvXp08 intro.
20231107 032458.249 INFO             PET2           >>>MODEL: entered Initialize (phase=IPDv05p8) with current time:    0  1  1  0  0  0   0
20231107 032458.249 INFO             PET2           MODEL: InitializeDataProgress='true', InitializeDataComplete='true'
20231107 032458.249 INFO             PET2           <<<MODEL: leaving Initialize (phase=IPDv05p8) with current time:    0  1  1  0  0  0   0
20231107 032458.249 INFO             PET2         MODEL: InitializeIPDvXp08 extro.
20231107 032458.250 INFO             PET2         driver: component    1=MODEL, someProgress (local): true
20231107 032458.250 INFO             PET2         driver: component    1=MODEL, someProgress (global): T
20231107 032458.250 INFO             PET2         driver: someProgress=T, allComplete=F, present(dataDepAllComplete)=T
20231107 032458.250 INFO             PET2         driver: component    0=driver, dataComplete (local): true
20231107 032458.250 INFO             PET2         driver: component    0=driver, dataComplete (global): T
20231107 032458.250 INFO             PET2         driver: component    1=MODEL, dataComplete (local): true
20231107 032458.250 INFO             PET2         driver: component    1=MODEL, dataComplete (global): T
20231107 032458.250 INFO             PET2         driver: someProgress=F, allComplete=T, present(dataDepAllComplete)=T
20231107 032458.250 INFO             PET2         driver: finished resolving initialize data dependencies on this level.
20231107 032458.250 INFO             PET2       driver: loopDataDependentInitialize extro.
20231107 032458.250 INFO             PET2       driver: loopDataDependentInitialize() returned with dataDepAllComplete: T
20231107 032458.250 INFO             PET2     driver: InitializeIPDv02p5Data extro.
20231107 032458.250 INFO             PET2     <<<driver: leaving Initialize (phase=<none>) with current time:    0  1  1  0  0  0   0
20231107 032458.250 INFO             PET2   driver: InitializeIPDv02p5 extro.
20231107 032458.250 INFO             PET2 driver: InitializeGeneric extro.
20231107 032458.250 INFO             PET2 driver: Run intro.
20231107 032458.250 INFO             PET2   >>>driver entered Run (phase=RunPhase1) with current time:    0  1  1  0  0  0   0
20231107 032458.250 INFO             PET2   driver: after lable_SetRunClock, current time:    0  1  1  0  0  0   0
20231107 032458.250 INFO             PET2   driver: begin -------> RunSequence.
20231107 032458.250 INFO             PET2     driver: RunSequence event loopLevel=   1  levelMember=   1  loopIteration=   1, current time:    0  1  1  0  0  0   0
20231107 032458.250 INFO             PET2     MODEL: Run intro.
20231107 032458.250 INFO             PET2       >>>MODEL: entered Run (phase=RunPhase1) with current time:    0  1  1  0  0  0   0
20231107 032458.250 INFO             PET2       MODEL: time step-loop starting, current time:    0  1  1  0  0  0   0
20231107 032458.255 INFO             PET2       thread_num=   0   currentSsiPe=   2   num_threads=   3   max_threads=   3   num_procs=   1
20231107 032458.257 INFO             PET2       thread_num=   2   currentSsiPe=   2   num_threads=   3   max_threads=   3   num_procs=   1
20231107 032458.259 INFO             PET2       thread_num=   1   currentSsiPe=   2   num_threads=   3   max_threads=   3   num_procs=   1
20231107 032458.260 INFO             PET2       ---->Advancing Model from:    0  1  1  0  0  0   0
20231107 032458.260 INFO             PET2       ---------------------> to:    0  1  1  0  0 30   0
20231107 032458.260 INFO             PET2       MODEL: time step-loop ending,   current time:    0  1  1  0  0 30   0
20231107 032458.260 INFO             PET2       <<<MODEL: leaving Run (phase=RunPhase1) with current time:    0  1  1  0  0 30   0
20231107 032458.260 INFO             PET2     MODEL: Run extro.
20231107 032458.260 INFO             PET2     driver: RunSequence event loopLevel=   1  levelMember=   1  loopIteration=   2, current time:    0  1  1  0  0 30   0
20231107 032458.260 INFO             PET2     MODEL: Run intro.
20231107 032458.261 INFO             PET2       >>>MODEL: entered Run (phase=RunPhase1) with current time:    0  1  1  0  0 30   0
20231107 032458.261 INFO             PET2       MODEL: time step-loop starting, current time:    0  1  1  0  0 30   0
20231107 032458.262 INFO             PET2       thread_num=   2   currentSsiPe=   2   num_threads=   3   max_threads=   3   num_procs=   1
20231107 032458.264 INFO             PET2       thread_num=   0   currentSsiPe=   2   num_threads=   3   max_threads=   3   num_procs=   1
20231107 032458.265 INFO             PET2       thread_num=   1   currentSsiPe=   2   num_threads=   3   max_threads=   3   num_procs=   1
20231107 032458.267 INFO             PET2       ---->Advancing Model from:    0  1  1  0  0 30   0
20231107 032458.267 INFO             PET2       ---------------------> to:    0  1  1  0  1  0   0
20231107 032458.267 INFO             PET2       MODEL: time step-loop ending,   current time:    0  1  1  0  1  0   0
20231107 032458.267 INFO             PET2       <<<MODEL: leaving Run (phase=RunPhase1) with current time:    0  1  1  0  1  0   0
20231107 032458.267 INFO             PET2     MODEL: Run extro.
20231107 032458.267 INFO             PET2     driver: RunSequence event loopLevel=   1  levelMember=   1  loopIteration=   3, current time:    0  1  1  0  1  0   0
20231107 032458.267 INFO             PET2     MODEL: Run intro.
20231107 032458.267 INFO             PET2       >>>MODEL: entered Run (phase=RunPhase1) with current time:    0  1  1  0  1  0   0
20231107 032458.267 INFO             PET2       MODEL: time step-loop starting, current time:    0  1  1  0  1  0   0
20231107 032458.269 INFO             PET2       thread_num=   2   currentSsiPe=   2   num_threads=   3   max_threads=   3   num_procs=   1
20231107 032458.271 INFO             PET2       thread_num=   0   currentSsiPe=   2   num_threads=   3   max_threads=   3   num_procs=   1
20231107 032458.272 INFO             PET2       thread_num=   1   currentSsiPe=   2   num_threads=   3   max_threads=   3   num_procs=   1
20231107 032458.274 INFO             PET2       ---->Advancing Model from:    0  1  1  0  1  0   0
20231107 032458.274 INFO             PET2       ---------------------> to:    0  1  1  0  1 30   0
20231107 032458.274 INFO             PET2       MODEL: time step-loop ending,   current time:    0  1  1  0  1 30   0
20231107 032458.274 INFO             PET2       <<<MODEL: leaving Run (phase=RunPhase1) with current time:    0  1  1  0  1 30   0
20231107 032458.274 INFO             PET2     MODEL: Run extro.
20231107 032458.274 INFO             PET2     driver: RunSequence event loopLevel=   1  levelMember=   1  loopIteration=   4, current time:    0  1  1  0  1 30   0
20231107 032458.274 INFO             PET2     MODEL: Run intro.
20231107 032458.274 INFO             PET2       >>>MODEL: entered Run (phase=RunPhase1) with current time:    0  1  1  0  1 30   0
20231107 032458.274 INFO             PET2       MODEL: time step-loop starting, current time:    0  1  1  0  1 30   0
20231107 032458.276 INFO             PET2       thread_num=   2   currentSsiPe=   2   num_threads=   3   max_threads=   3   num_procs=   1
20231107 032458.277 INFO             PET2       thread_num=   0   currentSsiPe=   2   num_threads=   3   max_threads=   3   num_procs=   1
20231107 032458.279 INFO             PET2       thread_num=   1   currentSsiPe=   2   num_threads=   3   max_threads=   3   num_procs=   1
20231107 032458.280 INFO             PET2       ---->Advancing Model from:    0  1  1  0  1 30   0
20231107 032458.280 INFO             PET2       ---------------------> to:    0  1  1  0  2  0   0
20231107 032458.281 INFO             PET2       MODEL: time step-loop ending,   current time:    0  1  1  0  2  0   0
20231107 032458.281 INFO             PET2       <<<MODEL: leaving Run (phase=RunPhase1) with current time:    0  1  1  0  2  0   0
20231107 032458.281 INFO             PET2     MODEL: Run extro.
20231107 032458.281 INFO             PET2     driver: RunSequence event loopLevel=   1  levelMember=   1  loopIteration=   5, current time:    0  1  1  0  2  0   0
20231107 032458.281 INFO             PET2     MODEL: Run intro.
20231107 032458.281 INFO             PET2       >>>MODEL: entered Run (phase=RunPhase1) with current time:    0  1  1  0  2  0   0
20231107 032458.281 INFO             PET2       MODEL: time step-loop starting, current time:    0  1  1  0  2  0   0
20231107 032458.282 INFO             PET2       thread_num=   2   currentSsiPe=   2   num_threads=   3   max_threads=   3   num_procs=   1
20231107 032458.284 INFO             PET2       thread_num=   0   currentSsiPe=   2   num_threads=   3   max_threads=   3   num_procs=   1
20231107 032458.286 INFO             PET2       thread_num=   1   currentSsiPe=   2   num_threads=   3   max_threads=   3   num_procs=   1
20231107 032458.287 INFO             PET2       ---->Advancing Model from:    0  1  1  0  2  0   0
20231107 032458.287 INFO             PET2       ---------------------> to:    0  1  1  0  2 30   0
20231107 032458.287 INFO             PET2       MODEL: time step-loop ending,   current time:    0  1  1  0  2 30   0
20231107 032458.287 INFO             PET2       <<<MODEL: leaving Run (phase=RunPhase1) with current time:    0  1  1  0  2 30   0
20231107 032458.287 INFO             PET2     MODEL: Run extro.
20231107 032458.287 INFO             PET2   driver: end <--------- RunSequence
20231107 032458.287 INFO             PET2   <<<driver - leaving Run with current time:    0  1  1  0  2 30   0
20231107 032458.287 INFO             PET2 driver: Run extro.
20231107 032458.287 INFO             PET2 driver: Finalize intro.
20231107 032458.287 INFO             PET2   Calling Finalize phase 1 for modelComp: MODEL
20231107 032458.288 INFO             PET2   MODEL: Finalize intro.
20231107 032458.288 INFO             PET2     >>>MODEL: entered Finalize (phase=FinalizePhase1) with current time:    0  1  1  0  2 30   0
20231107 032458.288 INFO             PET2     <<<MODEL: leaving Finalize (phase=FinalizePhase1) with current time:    0  1  1  0  2 30   0
20231107 032458.288 INFO             PET2   MODEL: Finalize extro.
20231107 032458.288 INFO             PET2   Delete modelComp: MODEL
20231107 032458.289 INFO             PET2   Delete Import-/Export State for modelComp: MODEL
20231107 032458.289 INFO             PET2 driver: Finalize extro.
20231107 032458.289 INFO             PET2 mainApp FINISHED
20231107 032458.289 INFO             PET2  Finalizing ESMF
20231107 032458.222 INFO             PET3 !!!!!!!!!!!!!!!!!!!!!!!!!!!!!!!!!!!!!!!!!!!!!!!!!!!!!!
20231107 032458.222 INFO             PET3 !!! THE ESMF_LOG IS SET TO OUTPUT ALL LOG MESSAGES !!!
20231107 032458.222 INFO             PET3 !!!     THIS MAY CAUSE SLOWDOWN IN PERFORMANCE     !!!
20231107 032458.222 INFO             PET3 !!! FOR PRODUCTION RUNS, USE:                      !!!
20231107 032458.222 INFO             PET3 !!!                   ESMF_LOGKIND_Multi_On_Error  !!!
20231107 032458.222 INFO             PET3 !!!!!!!!!!!!!!!!!!!!!!!!!!!!!!!!!!!!!!!!!!!!!!!!!!!!!!
20231107 032458.222 INFO             PET3 Running with ESMF Version   : v8.6.0b14-1-g93d64a266e
20231107 032458.222 INFO             PET3 ESMF library build date/time: "Nov  7 2023" "02:41:27"
20231107 032458.222 INFO             PET3 ESMF library build location : /glade/scratch/theurich/ESMF-Nightly-Testing/gfortran_13.1.0_mpt_g_release_8.6.0/esmf
20231107 032458.222 INFO             PET3 ESMF_COMM                   : mpt
20231107 032458.222 INFO             PET3 ESMF_MOAB                   : enabled
20231107 032458.222 INFO             PET3 ESMF_LAPACK                 : enabled
20231107 032458.222 INFO             PET3 ESMF_NETCDF                 : enabled
20231107 032458.222 INFO             PET3 ESMF_PNETCDF                : disabled
20231107 032458.222 INFO             PET3 ESMF_PIO                    : enabled
20231107 032458.222 INFO             PET3 ESMF_YAMLCPP                : enabled
20231107 032458.223 INFO             PET3 mainApp STARTING
20231107 032458.228 INFO             PET3 driver: InitializeGeneric intro.
20231107 032458.228 INFO             PET3   driver: InitializeP0 intro.
20231107 032458.228 INFO             PET3   driver: InitializeP0 extro.
20231107 032458.228 INFO             PET3   driver: InitializeIPDv02p1 intro.
20231107 032458.228 INFO             PET3     >>>driver: entered Initialize (phase=<none>) without valid internal Clock.
20231107 032458.228 INFO             PET3     driver - Creating model component MODEL without petList.
20231107 032458.231 INFO             PET3      GridCompIsPetLocal:  T
20231107 032458.231 INFO             PET3      VmIsCreated:  T
20231107 032458.231 INFO             PET3      valid MPI_COMM with size=           4
20231107 032458.231 INFO             PET3     driver - Creating state: modelComp 1 Import State
20231107 032458.231 INFO             PET3     driver - Creating state: modelComp 1 Export State
20231107 032458.232 INFO             PET3     MODEL: InitializeP0 intro.
20231107 032458.232 INFO             PET3       >>>MODEL: entered Initialize (phase=<none>) without valid internal Clock.
20231107 032458.233 INFO             PET3       <<<MODEL: leaving Initialize (phase=<none>) without valid internal Clock.
20231107 032458.233 INFO             PET3     MODEL: InitializeP0 extro.
20231107 032458.235 INFO             PET3     driver: IInitAdvertise intro.
20231107 032458.235 INFO             PET3     driver: IInitAdvertise extro.
20231107 032458.235 INFO             PET3     MODEL: InitializeIPDvXp01 intro.
20231107 032458.235 INFO             PET3       >>>MODEL: entered Initialize (phase=IPDvXp01) without valid internal Clock.
20231107 032458.237 INFO             PET3       <<<MODEL: leaving Initialize (phase=IPDvXp01) without valid internal Clock.
20231107 032458.237 INFO             PET3     MODEL: InitializeIPDvXp01 extro.
20231107 032458.238 INFO             PET3     driver: IInitAdvertiseFinish intro.
20231107 032458.238 INFO             PET3     driver: IInitAdvertiseFinish extro.
20231107 032458.238 INFO             PET3     driver: IInitModifyCplLists intro.
20231107 032458.238 INFO             PET3     driver: IInitModifyCplLists extro.
20231107 032458.238 INFO             PET3     <<<driver: leaving Initialize (phase=<none>) with current time:    0  1  1  0  0  0   0
20231107 032458.238 INFO             PET3   driver: InitializeIPDv02p1 extro.
20231107 032458.238 INFO             PET3   driver: InitializeIPDv02p3 intro.
20231107 032458.238 INFO             PET3     >>>driver: entered Initialize (phase=<none>) with current time:    0  1  1  0  0  0   0
20231107 032458.241 INFO             PET3     driver: IInitCheck intro.
20231107 032458.241 INFO             PET3     driver: IInitCheck extro.
20231107 032458.241 INFO             PET3     MODEL: InitializeIPDvXp04 intro.
20231107 032458.242 INFO             PET3       >>>MODEL: entered Initialize (phase=IPDvXp04) without valid internal Clock.
20231107 032458.245 INFO             PET3       After Realize: - MemInfo: [/proc/meminfo - SSI]	MemTotal:       131567260 kB
20231107 032458.245 INFO             PET3       After Realize: - MemInfo: [/proc/meminfo - SSI]	MemFree:        115842328 kB
20231107 032458.245 INFO             PET3       After Realize: - MemInfo: [/proc/meminfo - SSI]	MemAvailable:   115383748 kB
20231107 032458.245 INFO             PET3       After Realize: - MemInfo: [/proc/meminfo - SSI]	Committed_AS:   14020696 kB
20231107 032458.245 INFO             PET3       After Realize: - MemInfo: [/proc/meminfo - SSI]	CommittedPercent: 10.6567 %
20231107 032458.245 INFO             PET3       After Realize: - MemInfo: [/proc/self/status]	VmPeak:	  206960 kB
20231107 032458.245 INFO             PET3       After Realize: - MemInfo: [/proc/self/status]	VmSize:	  206960 kB
20231107 032458.245 INFO             PET3       After Realize: - MemInfo: [/proc/self/status]	VmLck:	       0 kB
20231107 032458.245 INFO             PET3       After Realize: - MemInfo: [/proc/self/status]	VmPin:	       0 kB
20231107 032458.245 INFO             PET3       After Realize: - MemInfo: [/proc/self/status]	VmHWM:	   20760 kB
20231107 032458.245 INFO             PET3       After Realize: - MemInfo: [/proc/self/status]	VmRSS:	   20760 kB
20231107 032458.245 INFO             PET3       After Realize: - MemInfo: [/proc/self/status]	VmData:	   23900 kB
20231107 032458.245 INFO             PET3       After Realize: - MemInfo: [/proc/self/status]	VmStk:	     144 kB
20231107 032458.245 INFO             PET3       After Realize: - MemInfo: [/proc/self/status]	VmExe:	     252 kB
20231107 032458.245 INFO             PET3       After Realize: - MemInfo: [/proc/self/status]	VmLib:	   76200 kB
20231107 032458.245 INFO             PET3       After Realize: - MemInfo: [/proc/self/status]	VmPTE:	     368 kB
20231107 032458.245 INFO             PET3       After Realize: - MemInfo: [/proc/self/status]	VmPMD:	      12 kB
20231107 032458.245 INFO             PET3       After Realize: - MemInfo: [/proc/self/status]	VmSwap:	       0 kB
20231107 032458.245 INFO             PET3       After Realize: - MemInfo: [/proc/self/status]	VmRSSPercent: 0.015779 %
20231107 032458.245 INFO             PET3       After Realize: - MemInfo: [malloc] Non-mmapped space allocated:                19808256 Byte
20231107 032458.245 INFO             PET3       After Realize: - MemInfo: [malloc] Space allocated in mmapped regions:                0 Byte
20231107 032458.245 INFO             PET3       After Realize: - MemInfo: [malloc] Maximum total allocated space:                     0 Byte
20231107 032458.245 INFO             PET3       After Realize: - MemInfo: [malloc] Space in freed fastbin blocks:                  2416 Byte
20231107 032458.245 INFO             PET3       After Realize: - MemInfo: [malloc] Total allocated space:                      19691184 Byte
20231107 032458.245 INFO             PET3       After Realize: - MemInfo: [malloc] Total free space:                             117072 Byte
20231107 032458.245 INFO             PET3       After Realize: - MemInfo: [malloc] Top-most, releasable space:                   113984 Byte
20231107 032458.245 INFO             PET3       After Realize: - MemInfo: [malloc] Total space in use, mmap + non-mmap:        19691184 Byte
20231107 032458.245 INFO             PET3       After Realize: - MemInfo: [malloc] Total space held (mmap + non-mmap):         19808256 Byte
20231107 032458.245 INFO             PET3       After Realize: - MemInfo: [malloc] Total space used (mmap + non-mmap):         19700368 Byte
20231107 032458.245 INFO             PET3       After Realize: - MemInfo: Wall-clock time since execution start:              0.0239222 seconds
20231107 032458.245 INFO             PET3       <<<MODEL: leaving Initialize (phase=IPDvXp04) without valid internal Clock.
20231107 032458.245 INFO             PET3     MODEL: InitializeIPDvXp04 extro.
20231107 032458.246 INFO             PET3     driver: IInitRealize intro.
20231107 032458.246 INFO             PET3     driver: IInitRealize extro.
20231107 032458.246 INFO             PET3     MODEL: InitializeIPDvXp07 intro.
20231107 032458.246 INFO             PET3       >>>MODEL: entered Initialize (phase=IPDvXp07) without valid internal Clock.
20231107 032458.246 INFO             PET3       <<<MODEL: leaving Initialize (phase=IPDvXp07) with current time:    0  1  1  0  0  0   0
20231107 032458.246 INFO             PET3     MODEL: InitializeIPDvXp07 extro.
20231107 032458.246 INFO             PET3     <<<driver: leaving Initialize (phase=<none>) with current time:    0  1  1  0  0  0   0
20231107 032458.246 INFO             PET3   driver: InitializeIPDv02p3 extro.
20231107 032458.246 INFO             PET3   driver: InitializeIPDv02p5 intro.
20231107 032458.246 INFO             PET3     >>>driver: entered Initialize (phase=<none>) with current time:    0  1  1  0  0  0   0
20231107 032458.246 INFO             PET3     driver: this is a top level driver, no 'Updated' and 'InitializeDataComplete' info on this level.
20231107 032458.247 INFO             PET3     driver: InitializeIPDv02p5Data intro.
20231107 032458.247 INFO             PET3       driver: InternalInitializeComplete intro.
20231107 032458.247 INFO             PET3         driver: InitializeDataComplete='true'
20231107 032458.247 INFO             PET3       driver: InternalInitializeComplete extro.
20231107 032458.247 INFO             PET3       MODEL: InitializeIPDvXp08 intro.
20231107 032458.247 INFO             PET3         >>>MODEL: entered Initialize (phase=IPDv05p8) with current time:    0  1  1  0  0  0   0
20231107 032458.247 INFO             PET3         MODEL: InitializeDataProgress='false', InitializeDataComplete='false'
20231107 032458.247 INFO             PET3         <<<MODEL: leaving Initialize (phase=IPDv05p8) with current time:    0  1  1  0  0  0   0
20231107 032458.247 INFO             PET3       MODEL: InitializeIPDvXp08 extro.
20231107 032458.248 INFO             PET3       driver: components present that trigger loopDataDependentInitialize().
20231107 032458.248 INFO             PET3       driver: loopDataDependentInitialize intro.
20231107 032458.248 INFO             PET3         driver: component    0=driver, dataComplete (local): true
20231107 032458.248 INFO             PET3         driver: component    0=driver, dataComplete (global): T
20231107 032458.248 INFO             PET3         driver: component    1=MODEL, dataComplete (local): false
20231107 032458.248 INFO             PET3         driver: component    1=MODEL, dataComplete (global): F
20231107 032458.248 INFO             PET3         MODEL: InitializeIPDvXp08 intro.
20231107 032458.249 INFO             PET3           >>>MODEL: entered Initialize (phase=IPDv05p8) with current time:    0  1  1  0  0  0   0
20231107 032458.249 INFO             PET3           MODEL: InitializeDataProgress='true', InitializeDataComplete='true'
20231107 032458.249 INFO             PET3           <<<MODEL: leaving Initialize (phase=IPDv05p8) with current time:    0  1  1  0  0  0   0
20231107 032458.249 INFO             PET3         MODEL: InitializeIPDvXp08 extro.
20231107 032458.250 INFO             PET3         driver: component    1=MODEL, someProgress (local): true
20231107 032458.250 INFO             PET3         driver: component    1=MODEL, someProgress (global): T
20231107 032458.250 INFO             PET3         driver: someProgress=T, allComplete=F, present(dataDepAllComplete)=T
20231107 032458.250 INFO             PET3         driver: component    0=driver, dataComplete (local): true
20231107 032458.250 INFO             PET3         driver: component    0=driver, dataComplete (global): T
20231107 032458.250 INFO             PET3         driver: component    1=MODEL, dataComplete (local): true
20231107 032458.250 INFO             PET3         driver: component    1=MODEL, dataComplete (global): T
20231107 032458.250 INFO             PET3         driver: someProgress=F, allComplete=T, present(dataDepAllComplete)=T
20231107 032458.250 INFO             PET3         driver: finished resolving initialize data dependencies on this level.
20231107 032458.250 INFO             PET3       driver: loopDataDependentInitialize extro.
20231107 032458.250 INFO             PET3       driver: loopDataDependentInitialize() returned with dataDepAllComplete: T
20231107 032458.250 INFO             PET3     driver: InitializeIPDv02p5Data extro.
20231107 032458.250 INFO             PET3     <<<driver: leaving Initialize (phase=<none>) with current time:    0  1  1  0  0  0   0
20231107 032458.250 INFO             PET3   driver: InitializeIPDv02p5 extro.
20231107 032458.250 INFO             PET3 driver: InitializeGeneric extro.
20231107 032458.250 INFO             PET3 driver: Run intro.
20231107 032458.250 INFO             PET3   >>>driver entered Run (phase=RunPhase1) with current time:    0  1  1  0  0  0   0
20231107 032458.250 INFO             PET3   driver: after lable_SetRunClock, current time:    0  1  1  0  0  0   0
20231107 032458.250 INFO             PET3   driver: begin -------> RunSequence.
20231107 032458.250 INFO             PET3     driver: RunSequence event loopLevel=   1  levelMember=   1  loopIteration=   1, current time:    0  1  1  0  0  0   0
20231107 032458.250 INFO             PET3     MODEL: Run intro.
20231107 032458.250 INFO             PET3       >>>MODEL: entered Run (phase=RunPhase1) with current time:    0  1  1  0  0  0   0
20231107 032458.250 INFO             PET3       MODEL: time step-loop starting, current time:    0  1  1  0  0  0   0
20231107 032458.255 INFO             PET3       thread_num=   0   currentSsiPe=   3   num_threads=   3   max_threads=   3   num_procs=   1
20231107 032458.257 INFO             PET3       thread_num=   2   currentSsiPe=   3   num_threads=   3   max_threads=   3   num_procs=   1
20231107 032458.259 INFO             PET3       thread_num=   1   currentSsiPe=   3   num_threads=   3   max_threads=   3   num_procs=   1
20231107 032458.260 INFO             PET3       ---->Advancing Model from:    0  1  1  0  0  0   0
20231107 032458.260 INFO             PET3       ---------------------> to:    0  1  1  0  0 30   0
20231107 032458.260 INFO             PET3       MODEL: time step-loop ending,   current time:    0  1  1  0  0 30   0
20231107 032458.260 INFO             PET3       <<<MODEL: leaving Run (phase=RunPhase1) with current time:    0  1  1  0  0 30   0
20231107 032458.260 INFO             PET3     MODEL: Run extro.
20231107 032458.260 INFO             PET3     driver: RunSequence event loopLevel=   1  levelMember=   1  loopIteration=   2, current time:    0  1  1  0  0 30   0
20231107 032458.260 INFO             PET3     MODEL: Run intro.
20231107 032458.261 INFO             PET3       >>>MODEL: entered Run (phase=RunPhase1) with current time:    0  1  1  0  0 30   0
20231107 032458.261 INFO             PET3       MODEL: time step-loop starting, current time:    0  1  1  0  0 30   0
20231107 032458.262 INFO             PET3       thread_num=   2   currentSsiPe=   3   num_threads=   3   max_threads=   3   num_procs=   1
20231107 032458.264 INFO             PET3       thread_num=   0   currentSsiPe=   3   num_threads=   3   max_threads=   3   num_procs=   1
20231107 032458.265 INFO             PET3       thread_num=   1   currentSsiPe=   3   num_threads=   3   max_threads=   3   num_procs=   1
20231107 032458.267 INFO             PET3       ---->Advancing Model from:    0  1  1  0  0 30   0
20231107 032458.267 INFO             PET3       ---------------------> to:    0  1  1  0  1  0   0
20231107 032458.267 INFO             PET3       MODEL: time step-loop ending,   current time:    0  1  1  0  1  0   0
20231107 032458.267 INFO             PET3       <<<MODEL: leaving Run (phase=RunPhase1) with current time:    0  1  1  0  1  0   0
20231107 032458.267 INFO             PET3     MODEL: Run extro.
20231107 032458.267 INFO             PET3     driver: RunSequence event loopLevel=   1  levelMember=   1  loopIteration=   3, current time:    0  1  1  0  1  0   0
20231107 032458.267 INFO             PET3     MODEL: Run intro.
20231107 032458.267 INFO             PET3       >>>MODEL: entered Run (phase=RunPhase1) with current time:    0  1  1  0  1  0   0
20231107 032458.267 INFO             PET3       MODEL: time step-loop starting, current time:    0  1  1  0  1  0   0
20231107 032458.269 INFO             PET3       thread_num=   2   currentSsiPe=   3   num_threads=   3   max_threads=   3   num_procs=   1
20231107 032458.271 INFO             PET3       thread_num=   0   currentSsiPe=   3   num_threads=   3   max_threads=   3   num_procs=   1
20231107 032458.272 INFO             PET3       thread_num=   1   currentSsiPe=   3   num_threads=   3   max_threads=   3   num_procs=   1
20231107 032458.274 INFO             PET3       ---->Advancing Model from:    0  1  1  0  1  0   0
20231107 032458.274 INFO             PET3       ---------------------> to:    0  1  1  0  1 30   0
20231107 032458.274 INFO             PET3       MODEL: time step-loop ending,   current time:    0  1  1  0  1 30   0
20231107 032458.274 INFO             PET3       <<<MODEL: leaving Run (phase=RunPhase1) with current time:    0  1  1  0  1 30   0
20231107 032458.274 INFO             PET3     MODEL: Run extro.
20231107 032458.274 INFO             PET3     driver: RunSequence event loopLevel=   1  levelMember=   1  loopIteration=   4, current time:    0  1  1  0  1 30   0
20231107 032458.274 INFO             PET3     MODEL: Run intro.
20231107 032458.274 INFO             PET3       >>>MODEL: entered Run (phase=RunPhase1) with current time:    0  1  1  0  1 30   0
20231107 032458.274 INFO             PET3       MODEL: time step-loop starting, current time:    0  1  1  0  1 30   0
20231107 032458.276 INFO             PET3       thread_num=   2   currentSsiPe=   3   num_threads=   3   max_threads=   3   num_procs=   1
20231107 032458.277 INFO             PET3       thread_num=   0   currentSsiPe=   3   num_threads=   3   max_threads=   3   num_procs=   1
20231107 032458.279 INFO             PET3       thread_num=   1   currentSsiPe=   3   num_threads=   3   max_threads=   3   num_procs=   1
20231107 032458.280 INFO             PET3       ---->Advancing Model from:    0  1  1  0  1 30   0
20231107 032458.280 INFO             PET3       ---------------------> to:    0  1  1  0  2  0   0
20231107 032458.280 INFO             PET3       MODEL: time step-loop ending,   current time:    0  1  1  0  2  0   0
20231107 032458.281 INFO             PET3       <<<MODEL: leaving Run (phase=RunPhase1) with current time:    0  1  1  0  2  0   0
20231107 032458.281 INFO             PET3     MODEL: Run extro.
20231107 032458.281 INFO             PET3     driver: RunSequence event loopLevel=   1  levelMember=   1  loopIteration=   5, current time:    0  1  1  0  2  0   0
20231107 032458.281 INFO             PET3     MODEL: Run intro.
20231107 032458.281 INFO             PET3       >>>MODEL: entered Run (phase=RunPhase1) with current time:    0  1  1  0  2  0   0
20231107 032458.281 INFO             PET3       MODEL: time step-loop starting, current time:    0  1  1  0  2  0   0
20231107 032458.282 INFO             PET3       thread_num=   2   currentSsiPe=   3   num_threads=   3   max_threads=   3   num_procs=   1
20231107 032458.284 INFO             PET3       thread_num=   0   currentSsiPe=   3   num_threads=   3   max_threads=   3   num_procs=   1
20231107 032458.286 INFO             PET3       thread_num=   1   currentSsiPe=   3   num_threads=   3   max_threads=   3   num_procs=   1
20231107 032458.287 INFO             PET3       ---->Advancing Model from:    0  1  1  0  2  0   0
20231107 032458.287 INFO             PET3       ---------------------> to:    0  1  1  0  2 30   0
20231107 032458.287 INFO             PET3       MODEL: time step-loop ending,   current time:    0  1  1  0  2 30   0
20231107 032458.287 INFO             PET3       <<<MODEL: leaving Run (phase=RunPhase1) with current time:    0  1  1  0  2 30   0
20231107 032458.287 INFO             PET3     MODEL: Run extro.
20231107 032458.287 INFO             PET3   driver: end <--------- RunSequence
20231107 032458.287 INFO             PET3   <<<driver - leaving Run with current time:    0  1  1  0  2 30   0
20231107 032458.287 INFO             PET3 driver: Run extro.
20231107 032458.287 INFO             PET3 driver: Finalize intro.
20231107 032458.287 INFO             PET3   Calling Finalize phase 1 for modelComp: MODEL
20231107 032458.288 INFO             PET3   MODEL: Finalize intro.
20231107 032458.288 INFO             PET3     >>>MODEL: entered Finalize (phase=FinalizePhase1) with current time:    0  1  1  0  2 30   0
20231107 032458.288 INFO             PET3     <<<MODEL: leaving Finalize (phase=FinalizePhase1) with current time:    0  1  1  0  2 30   0
20231107 032458.288 INFO             PET3   MODEL: Finalize extro.
20231107 032458.288 INFO             PET3   Delete modelComp: MODEL
20231107 032458.288 INFO             PET3   Delete Import-/Export State for modelComp: MODEL
20231107 032458.288 INFO             PET3 driver: Finalize extro.
20231107 032458.288 INFO             PET3 mainApp FINISHED
20231107 032458.288 INFO             PET3  Finalizing ESMF
