2023-10-12 06:03:21
20231012 073215.350 INFO             PET0 !!!!!!!!!!!!!!!!!!!!!!!!!!!!!!!!!!!!!!!!!!!!!!!!!!!!!!
20231012 073215.351 INFO             PET0 !!! THE ESMF_LOG IS SET TO OUTPUT ALL LOG MESSAGES !!!
20231012 073215.351 INFO             PET0 !!!     THIS MAY CAUSE SLOWDOWN IN PERFORMANCE     !!!
20231012 073215.351 INFO             PET0 !!! FOR PRODUCTION RUNS, USE:                      !!!
20231012 073215.351 INFO             PET0 !!!                   ESMF_LOGKIND_Multi_On_Error  !!!
20231012 073215.351 INFO             PET0 !!!!!!!!!!!!!!!!!!!!!!!!!!!!!!!!!!!!!!!!!!!!!!!!!!!!!!
20231012 073215.351 INFO             PET0 Running with ESMF Version   : v8.6.0b08-5-gefca49259f
20231012 073215.351 INFO             PET0 ESMF library build date/time: "Oct 12 2023" "05:59:52"
20231012 073215.351 INFO             PET0 ESMF library build location : /glade/scratch/theurich/ESMF-Nightly-Testing/nvhpc_21.11_openmpi_g_develop/esmf
20231012 073215.351 INFO             PET0 ESMF_COMM                   : openmpi
20231012 073215.351 INFO             PET0 ESMF_MOAB                   : enabled
20231012 073215.351 INFO             PET0 ESMF_LAPACK                 : enabled
20231012 073215.351 INFO             PET0 ESMF_NETCDF                 : enabled
20231012 073215.351 INFO             PET0 ESMF_PNETCDF                : disabled
20231012 073215.351 INFO             PET0 ESMF_PIO                    : enabled
20231012 073215.351 INFO             PET0 ESMF_YAMLCPP                : enabled
20231012 073215.351 INFO             PET0 mainApp STARTING
20231012 073215.357 INFO             PET0 driver: InitializeGeneric intro.
20231012 073215.357 INFO             PET0   driver: InitializeP0 intro.
20231012 073215.357 INFO             PET0   driver: InitializeP0 extro.
20231012 073215.358 INFO             PET0   driver: InitializeIPDv02p1 intro.
20231012 073215.358 INFO             PET0     >>>driver: entered Initialize (phase=<none>) without valid internal Clock.
20231012 073215.359 INFO             PET0     driver - Creating model component MODEL without petList.
20231012 073215.359 DEBUG            PET0     Generic SetVM() is executing for: MODEL
20231012 073215.360 DEBUG            PET0     Generic SetVM() is calling ESMF_GridCompSetVMMaxPEs() for: MODEL with:
20231012 073215.360 DEBUG            PET0      -             MaxCount =          2
20231012 073215.360 DEBUG            PET0      -       OpenMpHandling =
20231012 073215.360 DEBUG            PET0      -     OpenMpNumThreads =         -1
20231012 073215.360 DEBUG            PET0      -   ForceChildPthreads =          F
20231012 073215.360 DEBUG            PET0      -  PthreadMinStackSize =         -1
20231012 073215.364 INFO             PET0      GridCompIsPetLocal:   T
20231012 073215.364 INFO             PET0      VmIsCreated:   T
20231012 073215.364 INFO             PET0      valid MPI_COMM with size=            2
20231012 073215.365 INFO             PET0     driver - Creating state: modelComp 1 Import State
20231012 073215.365 INFO             PET0     driver - Creating state: modelComp 1 Export State
20231012 073215.366 INFO             PET0     MODEL: InitializeP0 intro.
20231012 073215.367 INFO             PET0       >>>MODEL: entered Initialize (phase=<none>) without valid internal Clock.
20231012 073215.368 INFO             PET0       <<<MODEL: leaving Initialize (phase=<none>) without valid internal Clock.
20231012 073215.369 INFO             PET0     MODEL: InitializeP0 extro.
20231012 073215.371 INFO             PET0     driver: IInitAdvertise intro.
20231012 073215.371 INFO             PET0     driver: IInitAdvertise extro.
20231012 073215.372 INFO             PET0     MODEL: InitializeIPDvXp01 intro.
20231012 073215.372 INFO             PET0       >>>MODEL: entered Initialize (phase=IPDvXp01) without valid internal Clock.
20231012 073215.374 INFO             PET0       <<<MODEL: leaving Initialize (phase=IPDvXp01) without valid internal Clock.
20231012 073215.374 INFO             PET0     MODEL: InitializeIPDvXp01 extro.
20231012 073215.376 INFO             PET0     driver: IInitAdvertiseFinish intro.
20231012 073215.378 INFO             PET0     driver: IInitAdvertiseFinish extro.
20231012 073215.378 INFO             PET0     driver: IInitModifyCplLists intro.
20231012 073215.378 INFO             PET0     driver: IInitModifyCplLists extro.
20231012 073215.378 INFO             PET0     <<<driver: leaving Initialize (phase=<none>) with current time:    0  1  1  0  0  0   0
20231012 073215.378 INFO             PET0   driver: InitializeIPDv02p1 extro.
20231012 073215.378 INFO             PET0   driver: InitializeIPDv02p3 intro.
20231012 073215.378 INFO             PET0     >>>driver: entered Initialize (phase=<none>) with current time:    0  1  1  0  0  0   0
20231012 073215.379 INFO             PET0     driver: IInitCheck intro.
20231012 073215.379 INFO             PET0     driver: IInitCheck extro.
20231012 073215.380 INFO             PET0     MODEL: InitializeIPDvXp04 intro.
20231012 073215.380 INFO             PET0       >>>MODEL: entered Initialize (phase=IPDvXp04) without valid internal Clock.
20231012 073215.384 INFO             PET0       After Realize: - MemInfo: [/proc/meminfo - SSI]	MemTotal:       65507008 kB
20231012 073215.384 INFO             PET0       After Realize: - MemInfo: [/proc/meminfo - SSI]	MemFree:        49042672 kB
20231012 073215.384 INFO             PET0       After Realize: - MemInfo: [/proc/meminfo - SSI]	MemAvailable:   48850240 kB
20231012 073215.384 INFO             PET0       After Realize: - MemInfo: [/proc/meminfo - SSI]	Committed_AS:   14603148 kB
20231012 073215.384 INFO             PET0       After Realize: - MemInfo: [/proc/meminfo - SSI]	CommittedPercent: 22.2925 %
20231012 073215.384 INFO             PET0       After Realize: - MemInfo: [/proc/self/status]	VmPeak:	  715864 kB
20231012 073215.384 INFO             PET0       After Realize: - MemInfo: [/proc/self/status]	VmSize:	  715864 kB
20231012 073215.384 INFO             PET0       After Realize: - MemInfo: [/proc/self/status]	VmLck:	       0 kB
20231012 073215.384 INFO             PET0       After Realize: - MemInfo: [/proc/self/status]	VmPin:	   44660 kB
20231012 073215.384 INFO             PET0       After Realize: - MemInfo: [/proc/self/status]	VmHWM:	   82316 kB
20231012 073215.384 INFO             PET0       After Realize: - MemInfo: [/proc/self/status]	VmRSS:	   82316 kB
20231012 073215.384 INFO             PET0       After Realize: - MemInfo: [/proc/self/status]	VmData:	  162744 kB
20231012 073215.384 INFO             PET0       After Realize: - MemInfo: [/proc/self/status]	VmStk:	     220 kB
20231012 073215.384 INFO             PET0       After Realize: - MemInfo: [/proc/self/status]	VmExe:	     276 kB
20231012 073215.384 INFO             PET0       After Realize: - MemInfo: [/proc/self/status]	VmLib:	   89760 kB
20231012 073215.384 INFO             PET0       After Realize: - MemInfo: [/proc/self/status]	VmPTE:	     872 kB
20231012 073215.384 INFO             PET0       After Realize: - MemInfo: [/proc/self/status]	VmPMD:	      16 kB
20231012 073215.384 INFO             PET0       After Realize: - MemInfo: [/proc/self/status]	VmSwap:	       0 kB
20231012 073215.384 INFO             PET0       After Realize: - MemInfo: [/proc/self/status]	VmRSSPercent: 0.12566 %
20231012 073215.384 INFO             PET0       After Realize: - MemInfo: [malloc] Non-mmapped space allocated:                 4255744 Byte
20231012 073215.384 INFO             PET0       After Realize: - MemInfo: [malloc] Space allocated in mmapped regions:         11169792 Byte
20231012 073215.384 INFO             PET0       After Realize: - MemInfo: [malloc] Maximum total allocated space:                     0 Byte
20231012 073215.384 INFO             PET0       After Realize: - MemInfo: [malloc] Space in freed fastbin blocks:                  1152 Byte
20231012 073215.384 INFO             PET0       After Realize: - MemInfo: [malloc] Total allocated space:                       3789968 Byte
20231012 073215.384 INFO             PET0       After Realize: - MemInfo: [malloc] Total free space:                             465776 Byte
20231012 073215.384 INFO             PET0       After Realize: - MemInfo: [malloc] Top-most, releasable space:                   134192 Byte
20231012 073215.384 INFO             PET0       After Realize: - MemInfo: [malloc] Total space in use, mmap + non-mmap:        14959760 Byte
20231012 073215.384 INFO             PET0       After Realize: - MemInfo: [malloc] Total space held (mmap + non-mmap):         15425536 Byte
20231012 073215.384 INFO             PET0       After Realize: - MemInfo: [malloc] Total space used (mmap + non-mmap):         14970288 Byte
20231012 073215.385 INFO             PET0       After Realize: - MemInfo: Wall-clock time since execution start:              0.0382556 seconds
20231012 073215.385 INFO             PET0       <<<MODEL: leaving Initialize (phase=IPDvXp04) without valid internal Clock.
20231012 073215.385 INFO             PET0     MODEL: InitializeIPDvXp04 extro.
20231012 073215.386 INFO             PET0     driver: IInitRealize intro.
20231012 073215.386 INFO             PET0     driver: IInitRealize extro.
20231012 073215.387 INFO             PET0     MODEL: InitializeIPDvXp07 intro.
20231012 073215.387 INFO             PET0       >>>MODEL: entered Initialize (phase=IPDvXp07) without valid internal Clock.
20231012 073215.387 INFO             PET0       <<<MODEL: leaving Initialize (phase=IPDvXp07) with current time:    0  1  1  0  0  0   0
20231012 073215.387 INFO             PET0     MODEL: InitializeIPDvXp07 extro.
20231012 073215.387 INFO             PET0     <<<driver: leaving Initialize (phase=<none>) with current time:    0  1  1  0  0  0   0
20231012 073215.387 INFO             PET0   driver: InitializeIPDv02p3 extro.
20231012 073215.387 INFO             PET0   driver: InitializeIPDv02p5 intro.
20231012 073215.388 INFO             PET0     >>>driver: entered Initialize (phase=<none>) with current time:    0  1  1  0  0  0   0
20231012 073215.388 INFO             PET0     driver: this is a top level driver, no 'Updated' and 'InitializeDataComplete' info on this level.
20231012 073215.388 INFO             PET0     driver: InitializeIPDv02p5Data intro.
20231012 073215.388 INFO             PET0       driver: InternalInitializeComplete intro.
20231012 073215.388 INFO             PET0         driver: InitializeDataComplete='true'
20231012 073215.388 INFO             PET0       driver: InternalInitializeComplete extro.
20231012 073215.389 INFO             PET0       MODEL: InitializeIPDvXp08 intro.
20231012 073215.389 INFO             PET0         >>>MODEL: entered Initialize (phase=IPDv05p8) with current time:    0  1  1  0  0  0   0
20231012 073215.389 INFO             PET0         MODEL: InitializeDataProgress='false', InitializeDataComplete='false'
20231012 073215.389 INFO             PET0         <<<MODEL: leaving Initialize (phase=IPDv05p8) with current time:    0  1  1  0  0  0   0
20231012 073215.389 INFO             PET0       MODEL: InitializeIPDvXp08 extro.
20231012 073215.391 INFO             PET0       driver: components present that trigger loopDataDependentInitialize().
20231012 073215.391 INFO             PET0       driver: loopDataDependentInitialize intro.
20231012 073215.391 INFO             PET0         driver: component    0=driver, dataComplete (local): true
20231012 073215.391 INFO             PET0         driver: component    0=driver, dataComplete (global):  T
20231012 073215.391 INFO             PET0         driver: component    1=MODEL, dataComplete (local): false
20231012 073215.391 INFO             PET0         driver: component    1=MODEL, dataComplete (global):  F
20231012 073215.391 INFO             PET0         MODEL: InitializeIPDvXp08 intro.
20231012 073215.392 INFO             PET0           >>>MODEL: entered Initialize (phase=IPDv05p8) with current time:    0  1  1  0  0  0   0
20231012 073215.392 INFO             PET0           MODEL: InitializeDataProgress='true', InitializeDataComplete='true'
20231012 073215.392 INFO             PET0           <<<MODEL: leaving Initialize (phase=IPDv05p8) with current time:    0  1  1  0  0  0   0
20231012 073215.392 INFO             PET0         MODEL: InitializeIPDvXp08 extro.
20231012 073215.393 INFO             PET0         driver: component    1=MODEL, someProgress (local): true
20231012 073215.394 INFO             PET0         driver: component    1=MODEL, someProgress (global):  T
20231012 073215.394 INFO             PET0         driver: someProgress= T, allComplete= F, present(dataDepAllComplete)= T
20231012 073215.394 INFO             PET0         driver: component    0=driver, dataComplete (local): true
20231012 073215.394 INFO             PET0         driver: component    0=driver, dataComplete (global):  T
20231012 073215.394 INFO             PET0         driver: component    1=MODEL, dataComplete (local): true
20231012 073215.394 INFO             PET0         driver: component    1=MODEL, dataComplete (global):  T
20231012 073215.394 INFO             PET0         driver: someProgress= F, allComplete= T, present(dataDepAllComplete)= T
20231012 073215.394 INFO             PET0         driver: finished resolving initialize data dependencies on this level.
20231012 073215.394 INFO             PET0       driver: loopDataDependentInitialize extro.
20231012 073215.394 INFO             PET0       driver: loopDataDependentInitialize() returned with dataDepAllComplete:  T
20231012 073215.394 INFO             PET0     driver: InitializeIPDv02p5Data extro.
20231012 073215.394 INFO             PET0     <<<driver: leaving Initialize (phase=<none>) with current time:    0  1  1  0  0  0   0
20231012 073215.394 INFO             PET0   driver: InitializeIPDv02p5 extro.
20231012 073215.394 INFO             PET0 driver: InitializeGeneric extro.
20231012 073215.394 INFO             PET0 driver: Run intro.
20231012 073215.394 INFO             PET0   >>>driver entered Run (phase=RunPhase1) with current time:    0  1  1  0  0  0   0
20231012 073215.394 INFO             PET0   driver: after lable_SetRunClock, current time:    0  1  1  0  0  0   0
20231012 073215.394 INFO             PET0   driver: begin -------> RunSequence.
20231012 073215.394 INFO             PET0     driver: RunSequence event loopLevel=   1  levelMember=   1  loopIteration=   1, current time:    0  1  1  0  0  0   0
20231012 073215.395 INFO             PET0     MODEL: Run intro.
20231012 073215.395 INFO             PET0       >>>MODEL: entered Run (phase=RunPhase1) with current time:    0  1  1  0  0  0   0
20231012 073215.395 INFO             PET0       MODEL: time step-loop starting, current time:    0  1  1  0  0  0   0
20231012 073215.395 INFO             PET0       thread_num=   0   currentSsiPe=   0   num_threads=   2   max_threads=   2   num_procs=  36
20231012 073215.395 INFO             PET0       thread_num=   1   currentSsiPe=   1   num_threads=   2   max_threads=   2   num_procs=  36
20231012 073215.395 INFO             PET0       ---->Advancing Model from:    0  1  1  0  0  0   0
20231012 073215.395 INFO             PET0       ---------------------> to:    0  1  1  0  0 30   0
20231012 073215.395 INFO             PET0       MODEL: time step-loop ending,   current time:    0  1  1  0  0 30   0
20231012 073215.395 INFO             PET0       <<<MODEL: leaving Run (phase=RunPhase1) with current time:    0  1  1  0  0 30   0
20231012 073215.395 INFO             PET0     MODEL: Run extro.
20231012 073215.395 INFO             PET0     driver: RunSequence event loopLevel=   1  levelMember=   1  loopIteration=   2, current time:    0  1  1  0  0 30   0
20231012 073215.396 INFO             PET0     MODEL: Run intro.
20231012 073215.396 INFO             PET0       >>>MODEL: entered Run (phase=RunPhase1) with current time:    0  1  1  0  0 30   0
20231012 073215.396 INFO             PET0       MODEL: time step-loop starting, current time:    0  1  1  0  0 30   0
20231012 073215.396 INFO             PET0       thread_num=   1   currentSsiPe=   1   num_threads=   2   max_threads=   2   num_procs=  36
20231012 073215.396 INFO             PET0       thread_num=   0   currentSsiPe=   0   num_threads=   2   max_threads=   2   num_procs=  36
20231012 073215.396 INFO             PET0       ---->Advancing Model from:    0  1  1  0  0 30   0
20231012 073215.396 INFO             PET0       ---------------------> to:    0  1  1  0  1  0   0
20231012 073215.396 INFO             PET0       MODEL: time step-loop ending,   current time:    0  1  1  0  1  0   0
20231012 073215.396 INFO             PET0       <<<MODEL: leaving Run (phase=RunPhase1) with current time:    0  1  1  0  1  0   0
20231012 073215.396 INFO             PET0     MODEL: Run extro.
20231012 073215.396 INFO             PET0     driver: RunSequence event loopLevel=   1  levelMember=   1  loopIteration=   3, current time:    0  1  1  0  1  0   0
20231012 073215.396 INFO             PET0     MODEL: Run intro.
20231012 073215.396 INFO             PET0       >>>MODEL: entered Run (phase=RunPhase1) with current time:    0  1  1  0  1  0   0
20231012 073215.396 INFO             PET0       MODEL: time step-loop starting, current time:    0  1  1  0  1  0   0
20231012 073215.396 INFO             PET0       thread_num=   1   currentSsiPe=   1   num_threads=   2   max_threads=   2   num_procs=  36
20231012 073215.396 INFO             PET0       thread_num=   0   currentSsiPe=   0   num_threads=   2   max_threads=   2   num_procs=  36
20231012 073215.396 INFO             PET0       ---->Advancing Model from:    0  1  1  0  1  0   0
20231012 073215.396 INFO             PET0       ---------------------> to:    0  1  1  0  1 30   0
20231012 073215.396 INFO             PET0       MODEL: time step-loop ending,   current time:    0  1  1  0  1 30   0
20231012 073215.396 INFO             PET0       <<<MODEL: leaving Run (phase=RunPhase1) with current time:    0  1  1  0  1 30   0
20231012 073215.396 INFO             PET0     MODEL: Run extro.
20231012 073215.396 INFO             PET0     driver: RunSequence event loopLevel=   1  levelMember=   1  loopIteration=   4, current time:    0  1  1  0  1 30   0
20231012 073215.397 INFO             PET0     MODEL: Run intro.
20231012 073215.397 INFO             PET0       >>>MODEL: entered Run (phase=RunPhase1) with current time:    0  1  1  0  1 30   0
20231012 073215.397 INFO             PET0       MODEL: time step-loop starting, current time:    0  1  1  0  1 30   0
20231012 073215.397 INFO             PET0       thread_num=   1   currentSsiPe=   1   num_threads=   2   max_threads=   2   num_procs=  36
20231012 073215.397 INFO             PET0       thread_num=   0   currentSsiPe=   0   num_threads=   2   max_threads=   2   num_procs=  36
20231012 073215.397 INFO             PET0       ---->Advancing Model from:    0  1  1  0  1 30   0
20231012 073215.397 INFO             PET0       ---------------------> to:    0  1  1  0  2  0   0
20231012 073215.397 INFO             PET0       MODEL: time step-loop ending,   current time:    0  1  1  0  2  0   0
20231012 073215.397 INFO             PET0       <<<MODEL: leaving Run (phase=RunPhase1) with current time:    0  1  1  0  2  0   0
20231012 073215.397 INFO             PET0     MODEL: Run extro.
20231012 073215.397 INFO             PET0     driver: RunSequence event loopLevel=   1  levelMember=   1  loopIteration=   5, current time:    0  1  1  0  2  0   0
20231012 073215.397 INFO             PET0     MODEL: Run intro.
20231012 073215.397 INFO             PET0       >>>MODEL: entered Run (phase=RunPhase1) with current time:    0  1  1  0  2  0   0
20231012 073215.397 INFO             PET0       MODEL: time step-loop starting, current time:    0  1  1  0  2  0   0
20231012 073215.397 INFO             PET0       thread_num=   1   currentSsiPe=   1   num_threads=   2   max_threads=   2   num_procs=  36
20231012 073215.397 INFO             PET0       thread_num=   0   currentSsiPe=   0   num_threads=   2   max_threads=   2   num_procs=  36
20231012 073215.397 INFO             PET0       ---->Advancing Model from:    0  1  1  0  2  0   0
20231012 073215.397 INFO             PET0       ---------------------> to:    0  1  1  0  2 30   0
20231012 073215.397 INFO             PET0       MODEL: time step-loop ending,   current time:    0  1  1  0  2 30   0
20231012 073215.398 INFO             PET0       <<<MODEL: leaving Run (phase=RunPhase1) with current time:    0  1  1  0  2 30   0
20231012 073215.398 INFO             PET0     MODEL: Run extro.
20231012 073215.398 INFO             PET0   driver: end <--------- RunSequence
20231012 073215.398 INFO             PET0   <<<driver - leaving Run with current time:    0  1  1  0  2 30   0
20231012 073215.398 INFO             PET0 driver: Run extro.
20231012 073215.398 INFO             PET0 driver: Finalize intro.
20231012 073215.398 INFO             PET0   Calling Finalize phase 1 for modelComp: MODEL
20231012 073215.398 INFO             PET0   MODEL: Finalize intro.
20231012 073215.398 INFO             PET0     >>>MODEL: entered Finalize (phase=FinalizePhase1) with current time:    0  1  1  0  2 30   0
20231012 073215.398 INFO             PET0     <<<MODEL: leaving Finalize (phase=FinalizePhase1) with current time:    0  1  1  0  2 30   0
20231012 073215.398 INFO             PET0   MODEL: Finalize extro.
20231012 073215.398 INFO             PET0   Delete modelComp: MODEL
20231012 073215.398 INFO             PET0   Delete Import-/Export State for modelComp: MODEL
20231012 073215.398 INFO             PET0 driver: Finalize extro.
20231012 073215.398 INFO             PET0 mainApp FINISHED
20231012 073215.398 INFO             PET0  Finalizing ESMF
20231012 073215.349 INFO             PET1 !!!!!!!!!!!!!!!!!!!!!!!!!!!!!!!!!!!!!!!!!!!!!!!!!!!!!!
20231012 073215.349 INFO             PET1 !!! THE ESMF_LOG IS SET TO OUTPUT ALL LOG MESSAGES !!!
20231012 073215.349 INFO             PET1 !!!     THIS MAY CAUSE SLOWDOWN IN PERFORMANCE     !!!
20231012 073215.349 INFO             PET1 !!! FOR PRODUCTION RUNS, USE:                      !!!
20231012 073215.349 INFO             PET1 !!!                   ESMF_LOGKIND_Multi_On_Error  !!!
20231012 073215.349 INFO             PET1 !!!!!!!!!!!!!!!!!!!!!!!!!!!!!!!!!!!!!!!!!!!!!!!!!!!!!!
20231012 073215.349 INFO             PET1 Running with ESMF Version   : v8.6.0b08-5-gefca49259f
20231012 073215.349 INFO             PET1 ESMF library build date/time: "Oct 12 2023" "05:59:52"
20231012 073215.349 INFO             PET1 ESMF library build location : /glade/scratch/theurich/ESMF-Nightly-Testing/nvhpc_21.11_openmpi_g_develop/esmf
20231012 073215.349 INFO             PET1 ESMF_COMM                   : openmpi
20231012 073215.350 INFO             PET1 ESMF_MOAB                   : enabled
20231012 073215.350 INFO             PET1 ESMF_LAPACK                 : enabled
20231012 073215.350 INFO             PET1 ESMF_NETCDF                 : enabled
20231012 073215.350 INFO             PET1 ESMF_PNETCDF                : disabled
20231012 073215.350 INFO             PET1 ESMF_PIO                    : enabled
20231012 073215.350 INFO             PET1 ESMF_YAMLCPP                : enabled
20231012 073215.351 INFO             PET1 mainApp STARTING
20231012 073215.358 INFO             PET1 driver: InitializeGeneric intro.
20231012 073215.359 INFO             PET1   driver: InitializeP0 intro.
20231012 073215.359 INFO             PET1   driver: InitializeP0 extro.
20231012 073215.359 INFO             PET1   driver: InitializeIPDv02p1 intro.
20231012 073215.359 INFO             PET1     >>>driver: entered Initialize (phase=<none>) without valid internal Clock.
20231012 073215.359 INFO             PET1     driver - Creating model component MODEL without petList.
20231012 073215.360 DEBUG            PET1     Generic SetVM() is executing for: MODEL
20231012 073215.360 DEBUG            PET1     Generic SetVM() is calling ESMF_GridCompSetVMMaxPEs() for: MODEL with:
20231012 073215.360 DEBUG            PET1      -             MaxCount =          2
20231012 073215.360 DEBUG            PET1      -       OpenMpHandling =
20231012 073215.360 DEBUG            PET1      -     OpenMpNumThreads =         -1
20231012 073215.360 DEBUG            PET1      -   ForceChildPthreads =          F
20231012 073215.360 DEBUG            PET1      -  PthreadMinStackSize =         -1
20231012 073215.360 DEBUG            PET1     vmkt_create()#210 Pthread: service=1 (0: actual PET, 1: service thread) - PTHREAD_STACK_MIN: 16384 bytes stack_size: 4194304 bytes
20231012 073215.360 DEBUG            PET1     vmkt_create()#210 Pthread: service=1 (0: actual PET, 1: service thread) - PTHREAD_STACK_MIN: 16384 bytes stack_size: 4194304 bytes
20231012 073215.364 INFO             PET1      GridCompIsPetLocal:   T
20231012 073215.364 INFO             PET1      VmIsCreated:   T
20231012 073215.364 INFO             PET1      MPI_COMM_NULL
20231012 073215.365 INFO             PET1     driver - Creating state: modelComp 1 Import State
20231012 073215.365 INFO             PET1     driver - Creating state: modelComp 1 Export State
20231012 073215.372 INFO             PET1     driver: IInitAdvertise intro.
20231012 073215.372 INFO             PET1     driver: IInitAdvertise extro.
20231012 073215.376 INFO             PET1     driver: IInitAdvertiseFinish intro.
20231012 073215.376 INFO             PET1     driver: IInitAdvertiseFinish extro.
20231012 073215.377 INFO             PET1     driver: IInitModifyCplLists intro.
20231012 073215.377 INFO             PET1     driver: IInitModifyCplLists extro.
20231012 073215.377 INFO             PET1     <<<driver: leaving Initialize (phase=<none>) with current time:    0  1  1  0  0  0   0
20231012 073215.377 INFO             PET1   driver: InitializeIPDv02p1 extro.
20231012 073215.377 INFO             PET1   driver: InitializeIPDv02p3 intro.
20231012 073215.379 INFO             PET1     >>>driver: entered Initialize (phase=<none>) with current time:    0  1  1  0  0  0   0
20231012 073215.379 INFO             PET1     driver: IInitCheck intro.
20231012 073215.379 INFO             PET1     driver: IInitCheck extro.
20231012 073215.386 INFO             PET1     driver: IInitRealize intro.
20231012 073215.386 INFO             PET1     driver: IInitRealize extro.
20231012 073215.387 INFO             PET1     <<<driver: leaving Initialize (phase=<none>) with current time:    0  1  1  0  0  0   0
20231012 073215.387 INFO             PET1   driver: InitializeIPDv02p3 extro.
20231012 073215.387 INFO             PET1   driver: InitializeIPDv02p5 intro.
20231012 073215.388 INFO             PET1     >>>driver: entered Initialize (phase=<none>) with current time:    0  1  1  0  0  0   0
20231012 073215.388 INFO             PET1     driver: this is a top level driver, no 'Updated' and 'InitializeDataComplete' info on this level.
20231012 073215.388 INFO             PET1     driver: InitializeIPDv02p5Data intro.
20231012 073215.388 INFO             PET1       driver: InternalInitializeComplete intro.
20231012 073215.388 INFO             PET1         driver: InitializeDataComplete='true'
20231012 073215.388 INFO             PET1       driver: InternalInitializeComplete extro.
20231012 073215.391 INFO             PET1       driver: components present that trigger loopDataDependentInitialize().
20231012 073215.391 INFO             PET1       driver: loopDataDependentInitialize intro.
20231012 073215.391 INFO             PET1         driver: component    0=driver, dataComplete (local): true
20231012 073215.391 INFO             PET1         driver: component    0=driver, dataComplete (global):  T
20231012 073215.391 INFO             PET1         driver: component    1=MODEL, dataComplete (local): false
20231012 073215.391 INFO             PET1         driver: component    1=MODEL, dataComplete (global):  F
20231012 073215.394 INFO             PET1         driver: component    1=MODEL, someProgress (local): true
20231012 073215.394 INFO             PET1         driver: component    1=MODEL, someProgress (global):  T
20231012 073215.394 INFO             PET1         driver: someProgress= T, allComplete= F, present(dataDepAllComplete)= T
20231012 073215.394 INFO             PET1         driver: component    0=driver, dataComplete (local): true
20231012 073215.394 INFO             PET1         driver: component    0=driver, dataComplete (global):  T
20231012 073215.394 INFO             PET1         driver: component    1=MODEL, dataComplete (local): true
20231012 073215.394 INFO             PET1         driver: component    1=MODEL, dataComplete (global):  T
20231012 073215.394 INFO             PET1         driver: someProgress= F, allComplete= T, present(dataDepAllComplete)= T
20231012 073215.394 INFO             PET1         driver: finished resolving initialize data dependencies on this level.
20231012 073215.394 INFO             PET1       driver: loopDataDependentInitialize extro.
20231012 073215.394 INFO             PET1       driver: loopDataDependentInitialize() returned with dataDepAllComplete:  T
20231012 073215.394 INFO             PET1     driver: InitializeIPDv02p5Data extro.
20231012 073215.394 INFO             PET1     <<<driver: leaving Initialize (phase=<none>) with current time:    0  1  1  0  0  0   0
20231012 073215.394 INFO             PET1   driver: InitializeIPDv02p5 extro.
20231012 073215.394 INFO             PET1 driver: InitializeGeneric extro.
20231012 073215.394 INFO             PET1 driver: Run intro.
20231012 073215.394 INFO             PET1   >>>driver entered Run (phase=RunPhase1) with current time:    0  1  1  0  0  0   0
20231012 073215.394 INFO             PET1   driver: after lable_SetRunClock, current time:    0  1  1  0  0  0   0
20231012 073215.394 INFO             PET1   driver: begin -------> RunSequence.
20231012 073215.394 INFO             PET1     driver: RunSequence event loopLevel=   1  levelMember=   1  loopIteration=   1, current time:    0  1  1  0  0  0   0
20231012 073215.395 INFO             PET1     driver: RunSequence event loopLevel=   1  levelMember=   1  loopIteration=   2, current time:    0  1  1  0  0 30   0
20231012 073215.396 INFO             PET1     driver: RunSequence event loopLevel=   1  levelMember=   1  loopIteration=   3, current time:    0  1  1  0  1  0   0
20231012 073215.396 INFO             PET1     driver: RunSequence event loopLevel=   1  levelMember=   1  loopIteration=   4, current time:    0  1  1  0  1 30   0
20231012 073215.397 INFO             PET1     driver: RunSequence event loopLevel=   1  levelMember=   1  loopIteration=   5, current time:    0  1  1  0  2  0   0
20231012 073215.398 INFO             PET1   driver: end <--------- RunSequence
20231012 073215.398 INFO             PET1   <<<driver - leaving Run with current time:    0  1  1  0  2 30   0
20231012 073215.398 INFO             PET1 driver: Run extro.
20231012 073215.398 INFO             PET1 driver: Finalize intro.
20231012 073215.398 INFO             PET1   Calling Finalize phase 1 for modelComp: MODEL
20231012 073215.398 INFO             PET1   Delete modelComp: MODEL
20231012 073215.398 INFO             PET1   Delete Import-/Export State for modelComp: MODEL
20231012 073215.398 INFO             PET1 driver: Finalize extro.
20231012 073215.398 INFO             PET1 mainApp FINISHED
20231012 073215.398 INFO             PET1  Finalizing ESMF
20231012 073215.350 INFO             PET2 !!!!!!!!!!!!!!!!!!!!!!!!!!!!!!!!!!!!!!!!!!!!!!!!!!!!!!
20231012 073215.350 INFO             PET2 !!! THE ESMF_LOG IS SET TO OUTPUT ALL LOG MESSAGES !!!
20231012 073215.350 INFO             PET2 !!!     THIS MAY CAUSE SLOWDOWN IN PERFORMANCE     !!!
20231012 073215.350 INFO             PET2 !!! FOR PRODUCTION RUNS, USE:                      !!!
20231012 073215.350 INFO             PET2 !!!                   ESMF_LOGKIND_Multi_On_Error  !!!
20231012 073215.350 INFO             PET2 !!!!!!!!!!!!!!!!!!!!!!!!!!!!!!!!!!!!!!!!!!!!!!!!!!!!!!
20231012 073215.350 INFO             PET2 Running with ESMF Version   : v8.6.0b08-5-gefca49259f
20231012 073215.350 INFO             PET2 ESMF library build date/time: "Oct 12 2023" "05:59:52"
20231012 073215.350 INFO             PET2 ESMF library build location : /glade/scratch/theurich/ESMF-Nightly-Testing/nvhpc_21.11_openmpi_g_develop/esmf
20231012 073215.350 INFO             PET2 ESMF_COMM                   : openmpi
20231012 073215.350 INFO             PET2 ESMF_MOAB                   : enabled
20231012 073215.350 INFO             PET2 ESMF_LAPACK                 : enabled
20231012 073215.350 INFO             PET2 ESMF_NETCDF                 : enabled
20231012 073215.350 INFO             PET2 ESMF_PNETCDF                : disabled
20231012 073215.350 INFO             PET2 ESMF_PIO                    : enabled
20231012 073215.350 INFO             PET2 ESMF_YAMLCPP                : enabled
20231012 073215.351 INFO             PET2 mainApp STARTING
20231012 073215.357 INFO             PET2 driver: InitializeGeneric intro.
20231012 073215.357 INFO             PET2   driver: InitializeP0 intro.
20231012 073215.358 INFO             PET2   driver: InitializeP0 extro.
20231012 073215.358 INFO             PET2   driver: InitializeIPDv02p1 intro.
20231012 073215.358 INFO             PET2     >>>driver: entered Initialize (phase=<none>) without valid internal Clock.
20231012 073215.359 INFO             PET2     driver - Creating model component MODEL without petList.
20231012 073215.359 DEBUG            PET2     Generic SetVM() is executing for: MODEL
20231012 073215.360 DEBUG            PET2     Generic SetVM() is calling ESMF_GridCompSetVMMaxPEs() for: MODEL with:
20231012 073215.360 DEBUG            PET2      -             MaxCount =          2
20231012 073215.360 DEBUG            PET2      -       OpenMpHandling =
20231012 073215.360 DEBUG            PET2      -     OpenMpNumThreads =         -1
20231012 073215.360 DEBUG            PET2      -   ForceChildPthreads =          F
20231012 073215.360 DEBUG            PET2      -  PthreadMinStackSize =         -1
20231012 073215.364 INFO             PET2      GridCompIsPetLocal:   T
20231012 073215.364 INFO             PET2      VmIsCreated:   T
20231012 073215.364 INFO             PET2      valid MPI_COMM with size=            2
20231012 073215.365 INFO             PET2     driver - Creating state: modelComp 1 Import State
20231012 073215.365 INFO             PET2     driver - Creating state: modelComp 1 Export State
20231012 073215.366 INFO             PET2     MODEL: InitializeP0 intro.
20231012 073215.366 INFO             PET2       >>>MODEL: entered Initialize (phase=<none>) without valid internal Clock.
20231012 073215.368 INFO             PET2       <<<MODEL: leaving Initialize (phase=<none>) without valid internal Clock.
20231012 073215.368 INFO             PET2     MODEL: InitializeP0 extro.
20231012 073215.371 INFO             PET2     driver: IInitAdvertise intro.
20231012 073215.371 INFO             PET2     driver: IInitAdvertise extro.
20231012 073215.372 INFO             PET2     MODEL: InitializeIPDvXp01 intro.
20231012 073215.372 INFO             PET2       >>>MODEL: entered Initialize (phase=IPDvXp01) without valid internal Clock.
20231012 073215.374 INFO             PET2       <<<MODEL: leaving Initialize (phase=IPDvXp01) without valid internal Clock.
20231012 073215.374 INFO             PET2     MODEL: InitializeIPDvXp01 extro.
20231012 073215.376 INFO             PET2     driver: IInitAdvertiseFinish intro.
20231012 073215.378 INFO             PET2     driver: IInitAdvertiseFinish extro.
20231012 073215.379 INFO             PET2     driver: IInitModifyCplLists intro.
20231012 073215.379 INFO             PET2     driver: IInitModifyCplLists extro.
20231012 073215.379 INFO             PET2     <<<driver: leaving Initialize (phase=<none>) with current time:    0  1  1  0  0  0   0
20231012 073215.379 INFO             PET2   driver: InitializeIPDv02p1 extro.
20231012 073215.379 INFO             PET2   driver: InitializeIPDv02p3 intro.
20231012 073215.379 INFO             PET2     >>>driver: entered Initialize (phase=<none>) with current time:    0  1  1  0  0  0   0
20231012 073215.379 INFO             PET2     driver: IInitCheck intro.
20231012 073215.379 INFO             PET2     driver: IInitCheck extro.
20231012 073215.380 INFO             PET2     MODEL: InitializeIPDvXp04 intro.
20231012 073215.380 INFO             PET2       >>>MODEL: entered Initialize (phase=IPDvXp04) without valid internal Clock.
20231012 073215.384 INFO             PET2       After Realize: - MemInfo: [/proc/meminfo - SSI]	MemTotal:       65507008 kB
20231012 073215.384 INFO             PET2       After Realize: - MemInfo: [/proc/meminfo - SSI]	MemFree:        49042672 kB
20231012 073215.384 INFO             PET2       After Realize: - MemInfo: [/proc/meminfo - SSI]	MemAvailable:   48850240 kB
20231012 073215.384 INFO             PET2       After Realize: - MemInfo: [/proc/meminfo - SSI]	Committed_AS:   14603148 kB
20231012 073215.384 INFO             PET2       After Realize: - MemInfo: [/proc/meminfo - SSI]	CommittedPercent: 22.2925 %
20231012 073215.384 INFO             PET2       After Realize: - MemInfo: [/proc/self/status]	VmPeak:	  699256 kB
20231012 073215.384 INFO             PET2       After Realize: - MemInfo: [/proc/self/status]	VmSize:	  699256 kB
20231012 073215.384 INFO             PET2       After Realize: - MemInfo: [/proc/self/status]	VmLck:	       0 kB
20231012 073215.384 INFO             PET2       After Realize: - MemInfo: [/proc/self/status]	VmPin:	   44660 kB
20231012 073215.384 INFO             PET2       After Realize: - MemInfo: [/proc/self/status]	VmHWM:	   81724 kB
20231012 073215.384 INFO             PET2       After Realize: - MemInfo: [/proc/self/status]	VmRSS:	   81724 kB
20231012 073215.384 INFO             PET2       After Realize: - MemInfo: [/proc/self/status]	VmData:	  154532 kB
20231012 073215.384 INFO             PET2       After Realize: - MemInfo: [/proc/self/status]	VmStk:	     216 kB
20231012 073215.384 INFO             PET2       After Realize: - MemInfo: [/proc/self/status]	VmExe:	     276 kB
20231012 073215.384 INFO             PET2       After Realize: - MemInfo: [/proc/self/status]	VmLib:	   89760 kB
20231012 073215.384 INFO             PET2       After Realize: - MemInfo: [/proc/self/status]	VmPTE:	     848 kB
20231012 073215.384 INFO             PET2       After Realize: - MemInfo: [/proc/self/status]	VmPMD:	      16 kB
20231012 073215.384 INFO             PET2       After Realize: - MemInfo: [/proc/self/status]	VmSwap:	       0 kB
20231012 073215.384 INFO             PET2       After Realize: - MemInfo: [/proc/self/status]	VmRSSPercent: 0.124756 %
20231012 073215.384 INFO             PET2       After Realize: - MemInfo: [malloc] Non-mmapped space allocated:                 4255744 Byte
20231012 073215.384 INFO             PET2       After Realize: - MemInfo: [malloc] Space allocated in mmapped regions:          2760704 Byte
20231012 073215.384 INFO             PET2       After Realize: - MemInfo: [malloc] Maximum total allocated space:                     0 Byte
20231012 073215.384 INFO             PET2       After Realize: - MemInfo: [malloc] Space in freed fastbin blocks:                   944 Byte
20231012 073215.384 INFO             PET2       After Realize: - MemInfo: [malloc] Total allocated space:                       3790288 Byte
20231012 073215.384 INFO             PET2       After Realize: - MemInfo: [malloc] Total free space:                             465456 Byte
20231012 073215.384 INFO             PET2       After Realize: - MemInfo: [malloc] Top-most, releasable space:                   132432 Byte
20231012 073215.384 INFO             PET2       After Realize: - MemInfo: [malloc] Total space in use, mmap + non-mmap:         6550992 Byte
20231012 073215.384 INFO             PET2       After Realize: - MemInfo: [malloc] Total space held (mmap + non-mmap):          7016448 Byte
20231012 073215.384 INFO             PET2       After Realize: - MemInfo: [malloc] Total space used (mmap + non-mmap):          6561504 Byte
20231012 073215.384 INFO             PET2       After Realize: - MemInfo: Wall-clock time since execution start:              0.0382122 seconds
20231012 073215.385 INFO             PET2       <<<MODEL: leaving Initialize (phase=IPDvXp04) without valid internal Clock.
20231012 073215.385 INFO             PET2     MODEL: InitializeIPDvXp04 extro.
20231012 073215.386 INFO             PET2     driver: IInitRealize intro.
20231012 073215.386 INFO             PET2     driver: IInitRealize extro.
20231012 073215.387 INFO             PET2     MODEL: InitializeIPDvXp07 intro.
20231012 073215.387 INFO             PET2       >>>MODEL: entered Initialize (phase=IPDvXp07) without valid internal Clock.
20231012 073215.387 INFO             PET2       <<<MODEL: leaving Initialize (phase=IPDvXp07) with current time:    0  1  1  0  0  0   0
20231012 073215.387 INFO             PET2     MODEL: InitializeIPDvXp07 extro.
20231012 073215.387 INFO             PET2     <<<driver: leaving Initialize (phase=<none>) with current time:    0  1  1  0  0  0   0
20231012 073215.387 INFO             PET2   driver: InitializeIPDv02p3 extro.
20231012 073215.387 INFO             PET2   driver: InitializeIPDv02p5 intro.
20231012 073215.387 INFO             PET2     >>>driver: entered Initialize (phase=<none>) with current time:    0  1  1  0  0  0   0
20231012 073215.387 INFO             PET2     driver: this is a top level driver, no 'Updated' and 'InitializeDataComplete' info on this level.
20231012 073215.387 INFO             PET2     driver: InitializeIPDv02p5Data intro.
20231012 073215.388 INFO             PET2       driver: InternalInitializeComplete intro.
20231012 073215.388 INFO             PET2         driver: InitializeDataComplete='true'
20231012 073215.388 INFO             PET2       driver: InternalInitializeComplete extro.
20231012 073215.388 INFO             PET2       MODEL: InitializeIPDvXp08 intro.
20231012 073215.388 INFO             PET2         >>>MODEL: entered Initialize (phase=IPDv05p8) with current time:    0  1  1  0  0  0   0
20231012 073215.389 INFO             PET2         MODEL: InitializeDataProgress='false', InitializeDataComplete='false'
20231012 073215.389 INFO             PET2         <<<MODEL: leaving Initialize (phase=IPDv05p8) with current time:    0  1  1  0  0  0   0
20231012 073215.389 INFO             PET2       MODEL: InitializeIPDvXp08 extro.
20231012 073215.391 INFO             PET2       driver: components present that trigger loopDataDependentInitialize().
20231012 073215.391 INFO             PET2       driver: loopDataDependentInitialize intro.
20231012 073215.391 INFO             PET2         driver: component    0=driver, dataComplete (local): true
20231012 073215.391 INFO             PET2         driver: component    0=driver, dataComplete (global):  T
20231012 073215.391 INFO             PET2         driver: component    1=MODEL, dataComplete (local): false
20231012 073215.391 INFO             PET2         driver: component    1=MODEL, dataComplete (global):  F
20231012 073215.391 INFO             PET2         MODEL: InitializeIPDvXp08 intro.
20231012 073215.392 INFO             PET2           >>>MODEL: entered Initialize (phase=IPDv05p8) with current time:    0  1  1  0  0  0   0
20231012 073215.392 INFO             PET2           MODEL: InitializeDataProgress='true', InitializeDataComplete='true'
20231012 073215.392 INFO             PET2           <<<MODEL: leaving Initialize (phase=IPDv05p8) with current time:    0  1  1  0  0  0   0
20231012 073215.392 INFO             PET2         MODEL: InitializeIPDvXp08 extro.
20231012 073215.393 INFO             PET2         driver: component    1=MODEL, someProgress (local): true
20231012 073215.394 INFO             PET2         driver: component    1=MODEL, someProgress (global):  T
20231012 073215.394 INFO             PET2         driver: someProgress= T, allComplete= F, present(dataDepAllComplete)= T
20231012 073215.394 INFO             PET2         driver: component    0=driver, dataComplete (local): true
20231012 073215.394 INFO             PET2         driver: component    0=driver, dataComplete (global):  T
20231012 073215.394 INFO             PET2         driver: component    1=MODEL, dataComplete (local): true
20231012 073215.394 INFO             PET2         driver: component    1=MODEL, dataComplete (global):  T
20231012 073215.394 INFO             PET2         driver: someProgress= F, allComplete= T, present(dataDepAllComplete)= T
20231012 073215.394 INFO             PET2         driver: finished resolving initialize data dependencies on this level.
20231012 073215.394 INFO             PET2       driver: loopDataDependentInitialize extro.
20231012 073215.394 INFO             PET2       driver: loopDataDependentInitialize() returned with dataDepAllComplete:  T
20231012 073215.394 INFO             PET2     driver: InitializeIPDv02p5Data extro.
20231012 073215.394 INFO             PET2     <<<driver: leaving Initialize (phase=<none>) with current time:    0  1  1  0  0  0   0
20231012 073215.394 INFO             PET2   driver: InitializeIPDv02p5 extro.
20231012 073215.394 INFO             PET2 driver: InitializeGeneric extro.
20231012 073215.394 INFO             PET2 driver: Run intro.
20231012 073215.394 INFO             PET2   >>>driver entered Run (phase=RunPhase1) with current time:    0  1  1  0  0  0   0
20231012 073215.394 INFO             PET2   driver: after lable_SetRunClock, current time:    0  1  1  0  0  0   0
20231012 073215.394 INFO             PET2   driver: begin -------> RunSequence.
20231012 073215.394 INFO             PET2     driver: RunSequence event loopLevel=   1  levelMember=   1  loopIteration=   1, current time:    0  1  1  0  0  0   0
20231012 073215.395 INFO             PET2     MODEL: Run intro.
20231012 073215.395 INFO             PET2       >>>MODEL: entered Run (phase=RunPhase1) with current time:    0  1  1  0  0  0   0
20231012 073215.395 INFO             PET2       MODEL: time step-loop starting, current time:    0  1  1  0  0  0   0
20231012 073215.395 INFO             PET2       thread_num=   0   currentSsiPe=   2   num_threads=   2   max_threads=   2   num_procs=  36
20231012 073215.395 INFO             PET2       thread_num=   1   currentSsiPe=   3   num_threads=   2   max_threads=   2   num_procs=  36
20231012 073215.395 INFO             PET2       ---->Advancing Model from:    0  1  1  0  0  0   0
20231012 073215.395 INFO             PET2       ---------------------> to:    0  1  1  0  0 30   0
20231012 073215.395 INFO             PET2       MODEL: time step-loop ending,   current time:    0  1  1  0  0 30   0
20231012 073215.395 INFO             PET2       <<<MODEL: leaving Run (phase=RunPhase1) with current time:    0  1  1  0  0 30   0
20231012 073215.395 INFO             PET2     MODEL: Run extro.
20231012 073215.395 INFO             PET2     driver: RunSequence event loopLevel=   1  levelMember=   1  loopIteration=   2, current time:    0  1  1  0  0 30   0
20231012 073215.395 INFO             PET2     MODEL: Run intro.
20231012 073215.395 INFO             PET2       >>>MODEL: entered Run (phase=RunPhase1) with current time:    0  1  1  0  0 30   0
20231012 073215.395 INFO             PET2       MODEL: time step-loop starting, current time:    0  1  1  0  0 30   0
20231012 073215.396 INFO             PET2       thread_num=   1   currentSsiPe=   3   num_threads=   2   max_threads=   2   num_procs=  36
20231012 073215.396 INFO             PET2       thread_num=   0   currentSsiPe=   2   num_threads=   2   max_threads=   2   num_procs=  36
20231012 073215.396 INFO             PET2       ---->Advancing Model from:    0  1  1  0  0 30   0
20231012 073215.396 INFO             PET2       ---------------------> to:    0  1  1  0  1  0   0
20231012 073215.396 INFO             PET2       MODEL: time step-loop ending,   current time:    0  1  1  0  1  0   0
20231012 073215.396 INFO             PET2       <<<MODEL: leaving Run (phase=RunPhase1) with current time:    0  1  1  0  1  0   0
20231012 073215.396 INFO             PET2     MODEL: Run extro.
20231012 073215.396 INFO             PET2     driver: RunSequence event loopLevel=   1  levelMember=   1  loopIteration=   3, current time:    0  1  1  0  1  0   0
20231012 073215.396 INFO             PET2     MODEL: Run intro.
20231012 073215.396 INFO             PET2       >>>MODEL: entered Run (phase=RunPhase1) with current time:    0  1  1  0  1  0   0
20231012 073215.396 INFO             PET2       MODEL: time step-loop starting, current time:    0  1  1  0  1  0   0
20231012 073215.396 INFO             PET2       thread_num=   1   currentSsiPe=   3   num_threads=   2   max_threads=   2   num_procs=  36
20231012 073215.396 INFO             PET2       thread_num=   0   currentSsiPe=   2   num_threads=   2   max_threads=   2   num_procs=  36
20231012 073215.396 INFO             PET2       ---->Advancing Model from:    0  1  1  0  1  0   0
20231012 073215.396 INFO             PET2       ---------------------> to:    0  1  1  0  1 30   0
20231012 073215.396 INFO             PET2       MODEL: time step-loop ending,   current time:    0  1  1  0  1 30   0
20231012 073215.396 INFO             PET2       <<<MODEL: leaving Run (phase=RunPhase1) with current time:    0  1  1  0  1 30   0
20231012 073215.396 INFO             PET2     MODEL: Run extro.
20231012 073215.396 INFO             PET2     driver: RunSequence event loopLevel=   1  levelMember=   1  loopIteration=   4, current time:    0  1  1  0  1 30   0
20231012 073215.396 INFO             PET2     MODEL: Run intro.
20231012 073215.397 INFO             PET2       >>>MODEL: entered Run (phase=RunPhase1) with current time:    0  1  1  0  1 30   0
20231012 073215.397 INFO             PET2       MODEL: time step-loop starting, current time:    0  1  1  0  1 30   0
20231012 073215.397 INFO             PET2       thread_num=   1   currentSsiPe=   3   num_threads=   2   max_threads=   2   num_procs=  36
20231012 073215.397 INFO             PET2       thread_num=   0   currentSsiPe=   2   num_threads=   2   max_threads=   2   num_procs=  36
20231012 073215.397 INFO             PET2       ---->Advancing Model from:    0  1  1  0  1 30   0
20231012 073215.397 INFO             PET2       ---------------------> to:    0  1  1  0  2  0   0
20231012 073215.397 INFO             PET2       MODEL: time step-loop ending,   current time:    0  1  1  0  2  0   0
20231012 073215.397 INFO             PET2       <<<MODEL: leaving Run (phase=RunPhase1) with current time:    0  1  1  0  2  0   0
20231012 073215.397 INFO             PET2     MODEL: Run extro.
20231012 073215.397 INFO             PET2     driver: RunSequence event loopLevel=   1  levelMember=   1  loopIteration=   5, current time:    0  1  1  0  2  0   0
20231012 073215.397 INFO             PET2     MODEL: Run intro.
20231012 073215.397 INFO             PET2       >>>MODEL: entered Run (phase=RunPhase1) with current time:    0  1  1  0  2  0   0
20231012 073215.397 INFO             PET2       MODEL: time step-loop starting, current time:    0  1  1  0  2  0   0
20231012 073215.397 INFO             PET2       thread_num=   1   currentSsiPe=   3   num_threads=   2   max_threads=   2   num_procs=  36
20231012 073215.397 INFO             PET2       thread_num=   0   currentSsiPe=   2   num_threads=   2   max_threads=   2   num_procs=  36
20231012 073215.397 INFO             PET2       ---->Advancing Model from:    0  1  1  0  2  0   0
20231012 073215.397 INFO             PET2       ---------------------> to:    0  1  1  0  2 30   0
20231012 073215.397 INFO             PET2       MODEL: time step-loop ending,   current time:    0  1  1  0  2 30   0
20231012 073215.397 INFO             PET2       <<<MODEL: leaving Run (phase=RunPhase1) with current time:    0  1  1  0  2 30   0
20231012 073215.397 INFO             PET2     MODEL: Run extro.
20231012 073215.397 INFO             PET2   driver: end <--------- RunSequence
20231012 073215.397 INFO             PET2   <<<driver - leaving Run with current time:    0  1  1  0  2 30   0
20231012 073215.397 INFO             PET2 driver: Run extro.
20231012 073215.397 INFO             PET2 driver: Finalize intro.
20231012 073215.397 INFO             PET2   Calling Finalize phase 1 for modelComp: MODEL
20231012 073215.398 INFO             PET2   MODEL: Finalize intro.
20231012 073215.398 INFO             PET2     >>>MODEL: entered Finalize (phase=FinalizePhase1) with current time:    0  1  1  0  2 30   0
20231012 073215.398 INFO             PET2     <<<MODEL: leaving Finalize (phase=FinalizePhase1) with current time:    0  1  1  0  2 30   0
20231012 073215.398 INFO             PET2   MODEL: Finalize extro.
20231012 073215.398 INFO             PET2   Delete modelComp: MODEL
20231012 073215.398 INFO             PET2   Delete Import-/Export State for modelComp: MODEL
20231012 073215.398 INFO             PET2 driver: Finalize extro.
20231012 073215.398 INFO             PET2 mainApp FINISHED
20231012 073215.398 INFO             PET2  Finalizing ESMF
20231012 073215.350 INFO             PET3 !!!!!!!!!!!!!!!!!!!!!!!!!!!!!!!!!!!!!!!!!!!!!!!!!!!!!!
20231012 073215.350 INFO             PET3 !!! THE ESMF_LOG IS SET TO OUTPUT ALL LOG MESSAGES !!!
20231012 073215.350 INFO             PET3 !!!     THIS MAY CAUSE SLOWDOWN IN PERFORMANCE     !!!
20231012 073215.350 INFO             PET3 !!! FOR PRODUCTION RUNS, USE:                      !!!
20231012 073215.350 INFO             PET3 !!!                   ESMF_LOGKIND_Multi_On_Error  !!!
20231012 073215.350 INFO             PET3 !!!!!!!!!!!!!!!!!!!!!!!!!!!!!!!!!!!!!!!!!!!!!!!!!!!!!!
20231012 073215.350 INFO             PET3 Running with ESMF Version   : v8.6.0b08-5-gefca49259f
20231012 073215.350 INFO             PET3 ESMF library build date/time: "Oct 12 2023" "05:59:52"
20231012 073215.350 INFO             PET3 ESMF library build location : /glade/scratch/theurich/ESMF-Nightly-Testing/nvhpc_21.11_openmpi_g_develop/esmf
20231012 073215.350 INFO             PET3 ESMF_COMM                   : openmpi
20231012 073215.350 INFO             PET3 ESMF_MOAB                   : enabled
20231012 073215.350 INFO             PET3 ESMF_LAPACK                 : enabled
20231012 073215.350 INFO             PET3 ESMF_NETCDF                 : enabled
20231012 073215.350 INFO             PET3 ESMF_PNETCDF                : disabled
20231012 073215.350 INFO             PET3 ESMF_PIO                    : enabled
20231012 073215.350 INFO             PET3 ESMF_YAMLCPP                : enabled
20231012 073215.351 INFO             PET3 mainApp STARTING
20231012 073215.357 INFO             PET3 driver: InitializeGeneric intro.
20231012 073215.358 INFO             PET3   driver: InitializeP0 intro.
20231012 073215.358 INFO             PET3   driver: InitializeP0 extro.
20231012 073215.358 INFO             PET3   driver: InitializeIPDv02p1 intro.
20231012 073215.358 INFO             PET3     >>>driver: entered Initialize (phase=<none>) without valid internal Clock.
20231012 073215.359 INFO             PET3     driver - Creating model component MODEL without petList.
20231012 073215.360 DEBUG            PET3     Generic SetVM() is executing for: MODEL
20231012 073215.360 DEBUG            PET3     Generic SetVM() is calling ESMF_GridCompSetVMMaxPEs() for: MODEL with:
20231012 073215.360 DEBUG            PET3      -             MaxCount =          2
20231012 073215.360 DEBUG            PET3      -       OpenMpHandling =
20231012 073215.360 DEBUG            PET3      -     OpenMpNumThreads =         -1
20231012 073215.360 DEBUG            PET3      -   ForceChildPthreads =          F
20231012 073215.360 DEBUG            PET3      -  PthreadMinStackSize =         -1
20231012 073215.360 DEBUG            PET3     vmkt_create()#210 Pthread: service=1 (0: actual PET, 1: service thread) - PTHREAD_STACK_MIN: 16384 bytes stack_size: 4194304 bytes
20231012 073215.360 DEBUG            PET3     vmkt_create()#210 Pthread: service=1 (0: actual PET, 1: service thread) - PTHREAD_STACK_MIN: 16384 bytes stack_size: 4194304 bytes
20231012 073215.364 INFO             PET3      GridCompIsPetLocal:   T
20231012 073215.364 INFO             PET3      VmIsCreated:   T
20231012 073215.364 INFO             PET3      MPI_COMM_NULL
20231012 073215.365 INFO             PET3     driver - Creating state: modelComp 1 Import State
20231012 073215.365 INFO             PET3     driver - Creating state: modelComp 1 Export State
20231012 073215.371 INFO             PET3     driver: IInitAdvertise intro.
20231012 073215.371 INFO             PET3     driver: IInitAdvertise extro.
20231012 073215.376 INFO             PET3     driver: IInitAdvertiseFinish intro.
20231012 073215.376 INFO             PET3     driver: IInitAdvertiseFinish extro.
20231012 073215.376 INFO             PET3     driver: IInitModifyCplLists intro.
20231012 073215.376 INFO             PET3     driver: IInitModifyCplLists extro.
20231012 073215.376 INFO             PET3     <<<driver: leaving Initialize (phase=<none>) with current time:    0  1  1  0  0  0   0
20231012 073215.376 INFO             PET3   driver: InitializeIPDv02p1 extro.
20231012 073215.377 INFO             PET3   driver: InitializeIPDv02p3 intro.
20231012 073215.379 INFO             PET3     >>>driver: entered Initialize (phase=<none>) with current time:    0  1  1  0  0  0   0
20231012 073215.379 INFO             PET3     driver: IInitCheck intro.
20231012 073215.379 INFO             PET3     driver: IInitCheck extro.
20231012 073215.386 INFO             PET3     driver: IInitRealize intro.
20231012 073215.386 INFO             PET3     driver: IInitRealize extro.
20231012 073215.387 INFO             PET3     <<<driver: leaving Initialize (phase=<none>) with current time:    0  1  1  0  0  0   0
20231012 073215.387 INFO             PET3   driver: InitializeIPDv02p3 extro.
20231012 073215.387 INFO             PET3   driver: InitializeIPDv02p5 intro.
20231012 073215.387 INFO             PET3     >>>driver: entered Initialize (phase=<none>) with current time:    0  1  1  0  0  0   0
20231012 073215.387 INFO             PET3     driver: this is a top level driver, no 'Updated' and 'InitializeDataComplete' info on this level.
20231012 073215.387 INFO             PET3     driver: InitializeIPDv02p5Data intro.
20231012 073215.388 INFO             PET3       driver: InternalInitializeComplete intro.
20231012 073215.388 INFO             PET3         driver: InitializeDataComplete='true'
20231012 073215.388 INFO             PET3       driver: InternalInitializeComplete extro.
20231012 073215.391 INFO             PET3       driver: components present that trigger loopDataDependentInitialize().
20231012 073215.391 INFO             PET3       driver: loopDataDependentInitialize intro.
20231012 073215.391 INFO             PET3         driver: component    0=driver, dataComplete (local): true
20231012 073215.391 INFO             PET3         driver: component    0=driver, dataComplete (global):  T
20231012 073215.391 INFO             PET3         driver: component    1=MODEL, dataComplete (local): false
20231012 073215.391 INFO             PET3         driver: component    1=MODEL, dataComplete (global):  F
20231012 073215.393 INFO             PET3         driver: component    1=MODEL, someProgress (local): true
20231012 073215.394 INFO             PET3         driver: component    1=MODEL, someProgress (global):  T
20231012 073215.394 INFO             PET3         driver: someProgress= T, allComplete= F, present(dataDepAllComplete)= T
20231012 073215.394 INFO             PET3         driver: component    0=driver, dataComplete (local): true
20231012 073215.394 INFO             PET3         driver: component    0=driver, dataComplete (global):  T
20231012 073215.394 INFO             PET3         driver: component    1=MODEL, dataComplete (local): true
20231012 073215.394 INFO             PET3         driver: component    1=MODEL, dataComplete (global):  T
20231012 073215.394 INFO             PET3         driver: someProgress= F, allComplete= T, present(dataDepAllComplete)= T
20231012 073215.394 INFO             PET3         driver: finished resolving initialize data dependencies on this level.
20231012 073215.394 INFO             PET3       driver: loopDataDependentInitialize extro.
20231012 073215.394 INFO             PET3       driver: loopDataDependentInitialize() returned with dataDepAllComplete:  T
20231012 073215.394 INFO             PET3     driver: InitializeIPDv02p5Data extro.
20231012 073215.394 INFO             PET3     <<<driver: leaving Initialize (phase=<none>) with current time:    0  1  1  0  0  0   0
20231012 073215.394 INFO             PET3   driver: InitializeIPDv02p5 extro.
20231012 073215.394 INFO             PET3 driver: InitializeGeneric extro.
20231012 073215.394 INFO             PET3 driver: Run intro.
20231012 073215.394 INFO             PET3   >>>driver entered Run (phase=RunPhase1) with current time:    0  1  1  0  0  0   0
20231012 073215.394 INFO             PET3   driver: after lable_SetRunClock, current time:    0  1  1  0  0  0   0
20231012 073215.394 INFO             PET3   driver: begin -------> RunSequence.
20231012 073215.394 INFO             PET3     driver: RunSequence event loopLevel=   1  levelMember=   1  loopIteration=   1, current time:    0  1  1  0  0  0   0
20231012 073215.395 INFO             PET3     driver: RunSequence event loopLevel=   1  levelMember=   1  loopIteration=   2, current time:    0  1  1  0  0 30   0
20231012 073215.396 INFO             PET3     driver: RunSequence event loopLevel=   1  levelMember=   1  loopIteration=   3, current time:    0  1  1  0  1  0   0
20231012 073215.396 INFO             PET3     driver: RunSequence event loopLevel=   1  levelMember=   1  loopIteration=   4, current time:    0  1  1  0  1 30   0
20231012 073215.397 INFO             PET3     driver: RunSequence event loopLevel=   1  levelMember=   1  loopIteration=   5, current time:    0  1  1  0  2  0   0
20231012 073215.397 INFO             PET3   driver: end <--------- RunSequence
20231012 073215.397 INFO             PET3   <<<driver - leaving Run with current time:    0  1  1  0  2 30   0
20231012 073215.397 INFO             PET3 driver: Run extro.
20231012 073215.397 INFO             PET3 driver: Finalize intro.
20231012 073215.397 INFO             PET3   Calling Finalize phase 1 for modelComp: MODEL
20231012 073215.398 INFO             PET3   Delete modelComp: MODEL
20231012 073215.398 INFO             PET3   Delete Import-/Export State for modelComp: MODEL
20231012 073215.398 INFO             PET3 driver: Finalize extro.
20231012 073215.398 INFO             PET3 mainApp FINISHED
20231012 073215.398 INFO             PET3  Finalizing ESMF
