2023-10-05 11:47:36
20231005 122339.578 INFO             PET0 !!!!!!!!!!!!!!!!!!!!!!!!!!!!!!!!!!!!!!!!!!!!!!!!!!!!!!
20231005 122339.578 INFO             PET0 !!! THE ESMF_LOG IS SET TO OUTPUT ALL LOG MESSAGES !!!
20231005 122339.578 INFO             PET0 !!!     THIS MAY CAUSE SLOWDOWN IN PERFORMANCE     !!!
20231005 122339.578 INFO             PET0 !!! FOR PRODUCTION RUNS, USE:                      !!!
20231005 122339.578 INFO             PET0 !!!                   ESMF_LOGKIND_Multi_On_Error  !!!
20231005 122339.578 INFO             PET0 !!!!!!!!!!!!!!!!!!!!!!!!!!!!!!!!!!!!!!!!!!!!!!!!!!!!!!
20231005 122339.578 INFO             PET0 Running with ESMF Version   : v8.6.0b07-5-g1640c9c621
20231005 122339.578 INFO             PET0 ESMF library build date/time: "Oct  5 2023" "11:45:20"
20231005 122339.578 INFO             PET0 ESMF library build location : /scratch/cluster/theurich/ESMF-Nightly-Testing/intel_20.0.1_mpiuni_g_feature_impure_elemental_relations/esmf
20231005 122339.578 INFO             PET0 ESMF_COMM                   : mpiuni
20231005 122339.582 INFO             PET0 ESMF_MOAB                   : enabled
20231005 122339.582 INFO             PET0 ESMF_LAPACK                 : enabled
20231005 122339.582 INFO             PET0 ESMF_NETCDF                 : enabled
20231005 122339.582 INFO             PET0 ESMF_PNETCDF                : disabled
20231005 122339.582 INFO             PET0 ESMF_PIO                    : disabled
20231005 122339.582 INFO             PET0 ESMF_YAMLCPP                : enabled
20231005 122339.583 INFO             PET0 ESMF Tracing Enabled
20231005 122339.583 INFO             PET0 ESMF Profiling Enabled
20231005 122339.583 INFO             PET0 ESMF Trace/Profile clock: REALTIME
20231005 122339.593 INFO             PET0  NUMBER_OF_PROCESSORS           1
20231005 122339.593 INFO             PET0  PASS  Example ESMF_TraceUserEx, ESMF_TraceUserEx.F90, line 125
20231005 122339.593 INFO             PET0 Finalizing ESMF
20231005 122339.594 INFO             PET0 **************** Region Timings *******************
20231005 122339.594 INFO             PET0 Region                Count  Total (s)   Self (s)    Mean (s)    Min (s)     Max (s)
20231005 122339.594 INFO             PET0   [ESMF]              1      0.0041      0.0028      0.0041      0.0041      0.0041
20231005 122339.594 INFO             PET0     outer_region      1      0.0013      0.0001      0.0013      0.0013      0.0013
20231005 122339.594 INFO             PET0       inner_region_1  10     0.0008      0.0008      0.0001      0.0001      0.0001
20231005 122339.594 INFO             PET0       inner_region_2  10     0.0004      0.0004      0.0000      0.0000      0.0001
