2023-11-05 00:36:34
20231105 010230.361 INFO             PET0 !!!!!!!!!!!!!!!!!!!!!!!!!!!!!!!!!!!!!!!!!!!!!!!!!!!!!!
20231105 010230.361 INFO             PET0 !!! THE ESMF_LOG IS SET TO OUTPUT ALL LOG MESSAGES !!!
20231105 010230.361 INFO             PET0 !!!     THIS MAY CAUSE SLOWDOWN IN PERFORMANCE     !!!
20231105 010230.361 INFO             PET0 !!! FOR PRODUCTION RUNS, USE:                      !!!
20231105 010230.361 INFO             PET0 !!!                   ESMF_LOGKIND_Multi_On_Error  !!!
20231105 010230.361 INFO             PET0 !!!!!!!!!!!!!!!!!!!!!!!!!!!!!!!!!!!!!!!!!!!!!!!!!!!!!!
20231105 010230.361 INFO             PET0 Running with ESMF Version   : v8.6.0b13-7-g01b978c4a0
20231105 010230.361 INFO             PET0 ESMF library build date/time: "Nov  5 2023" "00:35:06"
20231105 010230.361 INFO             PET0 ESMF library build location : /project/esmf/theurich/ESMF-Nightly-Testing/gfortran_8.2.0_mpiuni_O_release_8.6.0/esmf
20231105 010230.361 INFO             PET0 ESMF_COMM                   : mpiuni
20231105 010230.361 INFO             PET0 ESMF_MOAB                   : enabled
20231105 010230.361 INFO             PET0 ESMF_LAPACK                 : enabled
20231105 010230.361 INFO             PET0 ESMF_NETCDF                 : enabled
20231105 010230.361 INFO             PET0 ESMF_PNETCDF                : disabled
20231105 010230.361 INFO             PET0 ESMF_PIO                    : disabled
20231105 010230.361 INFO             PET0 ESMF_YAMLCPP                : enabled
20231105 010230.361 INFO             PET0  NUMBER_OF_PROCESSORS           1
20231105 010230.361 INFO             PET0  PASS  Example ESMF_InternalStateModEx, ESMF_InternalStateModEx.F90, line 239
20231105 010230.361 INFO             PET0  Finalizing ESMF
