2023-11-05 03:51:18
20231105 041111.211 INFO             PET0 !!!!!!!!!!!!!!!!!!!!!!!!!!!!!!!!!!!!!!!!!!!!!!!!!!!!!!
20231105 041111.211 INFO             PET0 !!! THE ESMF_LOG IS SET TO OUTPUT ALL LOG MESSAGES !!!
20231105 041111.211 INFO             PET0 !!!     THIS MAY CAUSE SLOWDOWN IN PERFORMANCE     !!!
20231105 041111.211 INFO             PET0 !!! FOR PRODUCTION RUNS, USE:                      !!!
20231105 041111.211 INFO             PET0 !!!                   ESMF_LOGKIND_Multi_On_Error  !!!
20231105 041111.211 INFO             PET0 !!!!!!!!!!!!!!!!!!!!!!!!!!!!!!!!!!!!!!!!!!!!!!!!!!!!!!
20231105 041111.211 INFO             PET0 Running with ESMF Version   : v8.6.0b13-7-g01b978c4a0
20231105 041111.211 INFO             PET0 ESMF library build date/time: "Nov  5 2023" "03:50:15"
20231105 041111.211 INFO             PET0 ESMF library build location : /home/gerhard/ESMF-Nightly-Testing/gfortran_7.4.0_mpich_O_release_8.6.0/esmf
20231105 041111.211 INFO             PET0 ESMF_COMM                   : mpich
20231105 041111.211 INFO             PET0 ESMF_MOAB                   : enabled
20231105 041111.211 INFO             PET0 ESMF_LAPACK                 : enabled
20231105 041111.211 INFO             PET0 ESMF_NETCDF                 : enabled
20231105 041111.211 INFO             PET0 ESMF_PNETCDF                : disabled
20231105 041111.211 INFO             PET0 ESMF_PIO                    : enabled
20231105 041111.211 INFO             PET0 ESMF_YAMLCPP                : enabled
20231105 041111.240 DEBUG            PET0 about to destroy Grid: 0x188eee0
20231105 041111.242 DEBUG            PET0 about to destroy Grid: 0x1890a20
20231105 041111.249 INFO             PET0  NUMBER_OF_PROCESSORS           4
20231105 041111.249 INFO             PET0  PASS  Example ESMF_NUOPCAtmModelEx, ESMF_NUOPCAtmModelEx.F90, line 806
20231105 041111.249 INFO             PET0  Finalizing ESMF
20231105 041111.211 INFO             PET1 !!!!!!!!!!!!!!!!!!!!!!!!!!!!!!!!!!!!!!!!!!!!!!!!!!!!!!
20231105 041111.211 INFO             PET1 !!! THE ESMF_LOG IS SET TO OUTPUT ALL LOG MESSAGES !!!
20231105 041111.211 INFO             PET1 !!!     THIS MAY CAUSE SLOWDOWN IN PERFORMANCE     !!!
20231105 041111.211 INFO             PET1 !!! FOR PRODUCTION RUNS, USE:                      !!!
20231105 041111.211 INFO             PET1 !!!                   ESMF_LOGKIND_Multi_On_Error  !!!
20231105 041111.211 INFO             PET1 !!!!!!!!!!!!!!!!!!!!!!!!!!!!!!!!!!!!!!!!!!!!!!!!!!!!!!
20231105 041111.211 INFO             PET1 Running with ESMF Version   : v8.6.0b13-7-g01b978c4a0
20231105 041111.211 INFO             PET1 ESMF library build date/time: "Nov  5 2023" "03:50:15"
20231105 041111.211 INFO             PET1 ESMF library build location : /home/gerhard/ESMF-Nightly-Testing/gfortran_7.4.0_mpich_O_release_8.6.0/esmf
20231105 041111.211 INFO             PET1 ESMF_COMM                   : mpich
20231105 041111.211 INFO             PET1 ESMF_MOAB                   : enabled
20231105 041111.211 INFO             PET1 ESMF_LAPACK                 : enabled
20231105 041111.211 INFO             PET1 ESMF_NETCDF                 : enabled
20231105 041111.211 INFO             PET1 ESMF_PNETCDF                : disabled
20231105 041111.211 INFO             PET1 ESMF_PIO                    : enabled
20231105 041111.211 INFO             PET1 ESMF_YAMLCPP                : enabled
20231105 041111.240 DEBUG            PET1 about to destroy Grid: 0x17e4a90
20231105 041111.242 DEBUG            PET1 about to destroy Grid: 0x17e6480
20231105 041111.249 INFO             PET1  NUMBER_OF_PROCESSORS           4
20231105 041111.249 INFO             PET1  PASS  Example ESMF_NUOPCAtmModelEx, ESMF_NUOPCAtmModelEx.F90, line 806
20231105 041111.249 INFO             PET1  Finalizing ESMF
20231105 041111.211 INFO             PET2 !!!!!!!!!!!!!!!!!!!!!!!!!!!!!!!!!!!!!!!!!!!!!!!!!!!!!!
20231105 041111.211 INFO             PET2 !!! THE ESMF_LOG IS SET TO OUTPUT ALL LOG MESSAGES !!!
20231105 041111.211 INFO             PET2 !!!     THIS MAY CAUSE SLOWDOWN IN PERFORMANCE     !!!
20231105 041111.211 INFO             PET2 !!! FOR PRODUCTION RUNS, USE:                      !!!
20231105 041111.211 INFO             PET2 !!!                   ESMF_LOGKIND_Multi_On_Error  !!!
20231105 041111.211 INFO             PET2 !!!!!!!!!!!!!!!!!!!!!!!!!!!!!!!!!!!!!!!!!!!!!!!!!!!!!!
20231105 041111.211 INFO             PET2 Running with ESMF Version   : v8.6.0b13-7-g01b978c4a0
20231105 041111.211 INFO             PET2 ESMF library build date/time: "Nov  5 2023" "03:50:15"
20231105 041111.211 INFO             PET2 ESMF library build location : /home/gerhard/ESMF-Nightly-Testing/gfortran_7.4.0_mpich_O_release_8.6.0/esmf
20231105 041111.211 INFO             PET2 ESMF_COMM                   : mpich
20231105 041111.211 INFO             PET2 ESMF_MOAB                   : enabled
20231105 041111.211 INFO             PET2 ESMF_LAPACK                 : enabled
20231105 041111.211 INFO             PET2 ESMF_NETCDF                 : enabled
20231105 041111.211 INFO             PET2 ESMF_PNETCDF                : disabled
20231105 041111.211 INFO             PET2 ESMF_PIO                    : enabled
20231105 041111.211 INFO             PET2 ESMF_YAMLCPP                : enabled
20231105 041111.240 DEBUG            PET2 about to destroy Grid: 0x8bdf40
20231105 041111.242 DEBUG            PET2 about to destroy Grid: 0x8bf9f0
20231105 041111.249 INFO             PET2  NUMBER_OF_PROCESSORS           4
20231105 041111.249 INFO             PET2  PASS  Example ESMF_NUOPCAtmModelEx, ESMF_NUOPCAtmModelEx.F90, line 806
20231105 041111.249 INFO             PET2  Finalizing ESMF
20231105 041111.211 INFO             PET3 !!!!!!!!!!!!!!!!!!!!!!!!!!!!!!!!!!!!!!!!!!!!!!!!!!!!!!
20231105 041111.211 INFO             PET3 !!! THE ESMF_LOG IS SET TO OUTPUT ALL LOG MESSAGES !!!
20231105 041111.211 INFO             PET3 !!!     THIS MAY CAUSE SLOWDOWN IN PERFORMANCE     !!!
20231105 041111.211 INFO             PET3 !!! FOR PRODUCTION RUNS, USE:                      !!!
20231105 041111.211 INFO             PET3 !!!                   ESMF_LOGKIND_Multi_On_Error  !!!
20231105 041111.211 INFO             PET3 !!!!!!!!!!!!!!!!!!!!!!!!!!!!!!!!!!!!!!!!!!!!!!!!!!!!!!
20231105 041111.211 INFO             PET3 Running with ESMF Version   : v8.6.0b13-7-g01b978c4a0
20231105 041111.211 INFO             PET3 ESMF library build date/time: "Nov  5 2023" "03:50:15"
20231105 041111.211 INFO             PET3 ESMF library build location : /home/gerhard/ESMF-Nightly-Testing/gfortran_7.4.0_mpich_O_release_8.6.0/esmf
20231105 041111.211 INFO             PET3 ESMF_COMM                   : mpich
20231105 041111.211 INFO             PET3 ESMF_MOAB                   : enabled
20231105 041111.211 INFO             PET3 ESMF_LAPACK                 : enabled
20231105 041111.211 INFO             PET3 ESMF_NETCDF                 : enabled
20231105 041111.211 INFO             PET3 ESMF_PNETCDF                : disabled
20231105 041111.211 INFO             PET3 ESMF_PIO                    : enabled
20231105 041111.211 INFO             PET3 ESMF_YAMLCPP                : enabled
20231105 041111.240 DEBUG            PET3 about to destroy Grid: 0x23fee30
20231105 041111.242 DEBUG            PET3 about to destroy Grid: 0x2400790
20231105 041111.249 INFO             PET3  NUMBER_OF_PROCESSORS           4
20231105 041111.249 INFO             PET3  PASS  Example ESMF_NUOPCAtmModelEx, ESMF_NUOPCAtmModelEx.F90, line 806
20231105 041111.249 INFO             PET3  Finalizing ESMF
