2023-11-08 00:59:31
20231108 011818.837 INFO             PET0 !!!!!!!!!!!!!!!!!!!!!!!!!!!!!!!!!!!!!!!!!!!!!!!!!!!!!!
20231108 011818.837 INFO             PET0 !!! THE ESMF_LOG IS SET TO OUTPUT ALL LOG MESSAGES !!!
20231108 011818.837 INFO             PET0 !!!     THIS MAY CAUSE SLOWDOWN IN PERFORMANCE     !!!
20231108 011818.837 INFO             PET0 !!! FOR PRODUCTION RUNS, USE:                      !!!
20231108 011818.837 INFO             PET0 !!!                   ESMF_LOGKIND_Multi_On_Error  !!!
20231108 011818.837 INFO             PET0 !!!!!!!!!!!!!!!!!!!!!!!!!!!!!!!!!!!!!!!!!!!!!!!!!!!!!!
20231108 011818.837 INFO             PET0 Running with ESMF Version   : v8.6.0b14-1-g93d64a266e
20231108 011818.837 INFO             PET0 ESMF library build date/time: "Nov  8 2023" "00:58:28"
20231108 011818.837 INFO             PET0 ESMF library build location : /home/gerhard/ESMF-Nightly-Testing/gfortran_7.4.0_mpich_O_release_8.6.0/esmf
20231108 011818.837 INFO             PET0 ESMF_COMM                   : mpich
20231108 011818.837 INFO             PET0 ESMF_MOAB                   : enabled
20231108 011818.837 INFO             PET0 ESMF_LAPACK                 : enabled
20231108 011818.837 INFO             PET0 ESMF_NETCDF                 : enabled
20231108 011818.837 INFO             PET0 ESMF_PNETCDF                : disabled
20231108 011818.837 INFO             PET0 ESMF_PIO                    : enabled
20231108 011818.837 INFO             PET0 ESMF_YAMLCPP                : enabled
20231108 011818.837 INFO             PET0  NUMBER_OF_PROCESSORS           1
20231108 011818.837 INFO             PET0  PASS  Example ESMF_TimeEx, ESMF_TimeEx.F90, line 141
20231108 011818.837 INFO             PET0  Finalizing ESMF
