2023-10-23 07:42:59
20231023 081028.762 INFO             PET0 !!!!!!!!!!!!!!!!!!!!!!!!!!!!!!!!!!!!!!!!!!!!!!!!!!!!!!
20231023 081028.762 INFO             PET0 !!! THE ESMF_LOG IS SET TO OUTPUT ALL LOG MESSAGES !!!
20231023 081028.762 INFO             PET0 !!!     THIS MAY CAUSE SLOWDOWN IN PERFORMANCE     !!!
20231023 081028.762 INFO             PET0 !!! FOR PRODUCTION RUNS, USE:                      !!!
20231023 081028.762 INFO             PET0 !!!                   ESMF_LOGKIND_Multi_On_Error  !!!
20231023 081028.762 INFO             PET0 !!!!!!!!!!!!!!!!!!!!!!!!!!!!!!!!!!!!!!!!!!!!!!!!!!!!!!
20231023 081028.762 INFO             PET0 Running with ESMF Version   : v8.6.0b10-17-g1bed7e4d49
20231023 081028.762 INFO             PET0 ESMF library build date/time: "Oct 23 2023" "07:40:44"
20231023 081028.762 INFO             PET0 ESMF library build location : /scratch2/NCEPDEV/stmp1/Gerhard.Theurich/ESMF-Nightly-Testing/intel_18.0.5_mpiuni_O_develop/esmf
20231023 081028.762 INFO             PET0 ESMF_COMM                   : mpiuni
20231023 081028.763 INFO             PET0 ESMF_MOAB                   : enabled
20231023 081028.763 INFO             PET0 ESMF_LAPACK                 : enabled
20231023 081028.763 INFO             PET0 ESMF_NETCDF                 : enabled
20231023 081028.763 INFO             PET0 ESMF_PNETCDF                : disabled
20231023 081028.763 INFO             PET0 ESMF_PIO                    : disabled
20231023 081028.763 INFO             PET0 ESMF_YAMLCPP                : enabled
20231023 081028.766 INFO             PET0  NUMBER_OF_PROCESSORS           1
20231023 081028.766 INFO             PET0  PASS  Example ESMF_GCompEx, ESMF_GCompEx.F90, line 465
20231023 081028.766 INFO             PET0  Finalizing ESMF
