2023-11-16 03:00:16
20231116 035532.021 INFO             PET0 !!!!!!!!!!!!!!!!!!!!!!!!!!!!!!!!!!!!!!!!!!!!!!!!!!!!!!
20231116 035532.021 INFO             PET0 !!! THE ESMF_LOG IS SET TO OUTPUT ALL LOG MESSAGES !!!
20231116 035532.021 INFO             PET0 !!!     THIS MAY CAUSE SLOWDOWN IN PERFORMANCE     !!!
20231116 035532.021 INFO             PET0 !!! FOR PRODUCTION RUNS, USE:                      !!!
20231116 035532.021 INFO             PET0 !!!                   ESMF_LOGKIND_Multi_On_Error  !!!
20231116 035532.021 INFO             PET0 !!!!!!!!!!!!!!!!!!!!!!!!!!!!!!!!!!!!!!!!!!!!!!!!!!!!!!
20231116 035532.021 INFO             PET0 Running with ESMF Version   : v8.7.0b01-5-gf664797301
20231116 035532.021 INFO             PET0 ESMF library build date/time: "Nov 16 2023" "02:55:40"
20231116 035532.021 INFO             PET0 ESMF library build location : /glade/scratch/theurich/ESMF-Nightly-Testing/intel_18.0.5_mpiuni_O_develop/esmf
20231116 035532.021 INFO             PET0 ESMF_COMM                   : mpiuni
20231116 035532.021 INFO             PET0 ESMF_MOAB                   : enabled
20231116 035532.021 INFO             PET0 ESMF_LAPACK                 : enabled
20231116 035532.021 INFO             PET0 ESMF_NETCDF                 : enabled
20231116 035532.021 INFO             PET0 ESMF_PNETCDF                : disabled
20231116 035532.021 INFO             PET0 ESMF_PIO                    : disabled
20231116 035532.021 INFO             PET0 ESMF_YAMLCPP                : enabled
20231116 035532.051 DEBUG            PET0 about to destroy Grid: 0x14b5200
20231116 035532.054 DEBUG            PET0 about to destroy Grid: 0x14b7480
20231116 035532.065 INFO             PET0  NUMBER_OF_PROCESSORS           1
20231116 035532.065 INFO             PET0  PASS  Example ESMF_NUOPCAtmModelEx, ESMF_NUOPCAtmModelEx.F90, line 806
20231116 035532.065 INFO             PET0  Finalizing ESMF
