2023-10-21 03:10:36
20231021 044425.206 INFO             PET0 !!!!!!!!!!!!!!!!!!!!!!!!!!!!!!!!!!!!!!!!!!!!!!!!!!!!!!
20231021 044425.206 INFO             PET0 !!! THE ESMF_LOG IS SET TO OUTPUT ALL LOG MESSAGES !!!
20231021 044425.206 INFO             PET0 !!!     THIS MAY CAUSE SLOWDOWN IN PERFORMANCE     !!!
20231021 044425.206 INFO             PET0 !!! FOR PRODUCTION RUNS, USE:                      !!!
20231021 044425.206 INFO             PET0 !!!                   ESMF_LOGKIND_Multi_On_Error  !!!
20231021 044425.206 INFO             PET0 !!!!!!!!!!!!!!!!!!!!!!!!!!!!!!!!!!!!!!!!!!!!!!!!!!!!!!
20231021 044425.206 INFO             PET0 Running with ESMF Version   : v8.6.0b10-15-g69098dfbff
20231021 044425.206 INFO             PET0 ESMF library build date/time: "Oct 21 2023" "03:02:38"
20231021 044425.206 INFO             PET0 ESMF library build location : /glade/scratch/theurich/ESMF-Nightly-Testing/intel_18.0.5_mpt_g_develop/esmf
20231021 044425.206 INFO             PET0 ESMF_COMM                   : mpt
20231021 044425.206 INFO             PET0 ESMF_MOAB                   : enabled
20231021 044425.206 INFO             PET0 ESMF_LAPACK                 : enabled
20231021 044425.206 INFO             PET0 ESMF_NETCDF                 : enabled
20231021 044425.206 INFO             PET0 ESMF_PNETCDF                : disabled
20231021 044425.206 INFO             PET0 ESMF_PIO                    : enabled
20231021 044425.206 INFO             PET0 ESMF_YAMLCPP                : enabled
20231021 044425.206 INFO             PET0 mainApp STARTING
20231021 044425.212 INFO             PET0 driver: InitializeGeneric intro.
20231021 044425.212 INFO             PET0   driver: InitializeP0 intro.
20231021 044425.212 INFO             PET0   driver: InitializeP0 extro.
20231021 044425.213 INFO             PET0   driver: InitializeIPDv02p1 intro.
20231021 044425.213 INFO             PET0     >>>driver: entered Initialize (phase=<none>) without valid internal Clock.
20231021 044425.213 INFO             PET0     driver - Creating model component MODEL without petList.
20231021 044425.213 DEBUG            PET0     Generic SetVM() is executing for: MODEL
20231021 044425.213 DEBUG            PET0     Generic SetVM() is calling ESMF_GridCompSetVMMaxPEs() for: MODEL with:
20231021 044425.213 DEBUG            PET0      -             MaxCount =          2
20231021 044425.214 DEBUG            PET0      -       OpenMpHandling =
20231021 044425.214 DEBUG            PET0      -     OpenMpNumThreads =         -1
20231021 044425.214 DEBUG            PET0      -   ForceChildPthreads =          F
20231021 044425.214 DEBUG            PET0      -  PthreadMinStackSize =         -1
20231021 044425.217 INFO             PET0      GridCompIsPetLocal:  T
20231021 044425.217 INFO             PET0      VmIsCreated:  T
20231021 044425.217 INFO             PET0      valid MPI_COMM with size=           2
20231021 044425.218 INFO             PET0     driver - Creating state: modelComp 1 Import State
20231021 044425.218 INFO             PET0     driver - Creating state: modelComp 1 Export State
20231021 044425.219 INFO             PET0     MODEL: InitializeP0 intro.
20231021 044425.219 INFO             PET0       >>>MODEL: entered Initialize (phase=<none>) without valid internal Clock.
20231021 044425.221 INFO             PET0       <<<MODEL: leaving Initialize (phase=<none>) without valid internal Clock.
20231021 044425.221 INFO             PET0     MODEL: InitializeP0 extro.
20231021 044425.223 INFO             PET0     driver: IInitAdvertise intro.
20231021 044425.223 INFO             PET0     driver: IInitAdvertise extro.
20231021 044425.224 INFO             PET0     MODEL: InitializeIPDvXp01 intro.
20231021 044425.224 INFO             PET0       >>>MODEL: entered Initialize (phase=IPDvXp01) without valid internal Clock.
20231021 044425.226 INFO             PET0       <<<MODEL: leaving Initialize (phase=IPDvXp01) without valid internal Clock.
20231021 044425.226 INFO             PET0     MODEL: InitializeIPDvXp01 extro.
20231021 044425.227 INFO             PET0     driver: IInitAdvertiseFinish intro.
20231021 044425.230 INFO             PET0     driver: IInitAdvertiseFinish extro.
20231021 044425.231 INFO             PET0     driver: IInitModifyCplLists intro.
20231021 044425.231 INFO             PET0     driver: IInitModifyCplLists extro.
20231021 044425.231 INFO             PET0     <<<driver: leaving Initialize (phase=<none>) with current time:    0  1  1  0  0  0   0
20231021 044425.231 INFO             PET0   driver: InitializeIPDv02p1 extro.
20231021 044425.231 INFO             PET0   driver: InitializeIPDv02p3 intro.
20231021 044425.231 INFO             PET0     >>>driver: entered Initialize (phase=<none>) with current time:    0  1  1  0  0  0   0
20231021 044425.232 INFO             PET0     driver: IInitCheck intro.
20231021 044425.232 INFO             PET0     driver: IInitCheck extro.
20231021 044425.232 INFO             PET0     MODEL: InitializeIPDvXp04 intro.
20231021 044425.232 INFO             PET0       >>>MODEL: entered Initialize (phase=IPDvXp04) without valid internal Clock.
20231021 044425.237 INFO             PET0       After Realize: - MemInfo: [/proc/meminfo - SSI]	MemTotal:       65507008 kB
20231021 044425.237 INFO             PET0       After Realize: - MemInfo: [/proc/meminfo - SSI]	MemFree:        47447136 kB
20231021 044425.237 INFO             PET0       After Realize: - MemInfo: [/proc/meminfo - SSI]	MemAvailable:   47660404 kB
20231021 044425.237 INFO             PET0       After Realize: - MemInfo: [/proc/meminfo - SSI]	Committed_AS:   14924288 kB
20231021 044425.238 INFO             PET0       After Realize: - MemInfo: [/proc/meminfo - SSI]	CommittedPercent: 22.7827 %
20231021 044425.238 INFO             PET0       After Realize: - MemInfo: [/proc/self/status]	VmPeak:	66194444 kB
20231021 044425.238 INFO             PET0       After Realize: - MemInfo: [/proc/self/status]	VmSize:	66128956 kB
20231021 044425.238 INFO             PET0       After Realize: - MemInfo: [/proc/self/status]	VmLck:	       0 kB
20231021 044425.238 INFO             PET0       After Realize: - MemInfo: [/proc/self/status]	VmPin:	       0 kB
20231021 044425.238 INFO             PET0       After Realize: - MemInfo: [/proc/self/status]	VmHWM:	   43060 kB
20231021 044425.238 INFO             PET0       After Realize: - MemInfo: [/proc/self/status]	VmRSS:	   43060 kB
20231021 044425.238 INFO             PET0       After Realize: - MemInfo: [/proc/self/status]	VmData:	   93768 kB
20231021 044425.238 INFO             PET0       After Realize: - MemInfo: [/proc/self/status]	VmStk:	     192 kB
20231021 044425.238 INFO             PET0       After Realize: - MemInfo: [/proc/self/status]	VmExe:	    1476 kB
20231021 044425.238 INFO             PET0       After Realize: - MemInfo: [/proc/self/status]	VmLib:	  129100 kB
20231021 044425.238 INFO             PET0       After Realize: - MemInfo: [/proc/self/status]	VmPTE:	     384 kB
20231021 044425.238 INFO             PET0       After Realize: - MemInfo: [/proc/self/status]	VmPMD:	      20 kB
20231021 044425.238 INFO             PET0       After Realize: - MemInfo: [/proc/self/status]	VmSwap:	       0 kB
20231021 044425.238 INFO             PET0       After Realize: - MemInfo: [/proc/self/status]	VmRSSPercent: 0.0657334 %
20231021 044425.238 INFO             PET0       After Realize: - MemInfo: [malloc] Non-mmapped space allocated:                19775488 Byte
20231021 044425.238 INFO             PET0       After Realize: - MemInfo: [malloc] Space allocated in mmapped regions:                0 Byte
20231021 044425.238 INFO             PET0       After Realize: - MemInfo: [malloc] Maximum total allocated space:                     0 Byte
20231021 044425.238 INFO             PET0       After Realize: - MemInfo: [malloc] Space in freed fastbin blocks:                  1072 Byte
20231021 044425.238 INFO             PET0       After Realize: - MemInfo: [malloc] Total allocated space:                      19582384 Byte
20231021 044425.238 INFO             PET0       After Realize: - MemInfo: [malloc] Total free space:                             193104 Byte
20231021 044425.238 INFO             PET0       After Realize: - MemInfo: [malloc] Top-most, releasable space:                    59136 Byte
20231021 044425.238 INFO             PET0       After Realize: - MemInfo: [malloc] Total space in use, mmap + non-mmap:        19582384 Byte
20231021 044425.238 INFO             PET0       After Realize: - MemInfo: [malloc] Total space held (mmap + non-mmap):         19775488 Byte
20231021 044425.238 INFO             PET0       After Realize: - MemInfo: [malloc] Total space used (mmap + non-mmap):         19591744 Byte
20231021 044425.238 INFO             PET0       After Realize: - MemInfo: Wall-clock time since execution start:              0.0345719 seconds
20231021 044425.238 INFO             PET0       <<<MODEL: leaving Initialize (phase=IPDvXp04) without valid internal Clock.
20231021 044425.238 INFO             PET0     MODEL: InitializeIPDvXp04 extro.
20231021 044425.239 INFO             PET0     driver: IInitRealize intro.
20231021 044425.239 INFO             PET0     driver: IInitRealize extro.
20231021 044425.240 INFO             PET0     MODEL: InitializeIPDvXp07 intro.
20231021 044425.240 INFO             PET0       >>>MODEL: entered Initialize (phase=IPDvXp07) without valid internal Clock.
20231021 044425.240 INFO             PET0       <<<MODEL: leaving Initialize (phase=IPDvXp07) with current time:    0  1  1  0  0  0   0
20231021 044425.240 INFO             PET0     MODEL: InitializeIPDvXp07 extro.
20231021 044425.241 INFO             PET0     <<<driver: leaving Initialize (phase=<none>) with current time:    0  1  1  0  0  0   0
20231021 044425.241 INFO             PET0   driver: InitializeIPDv02p3 extro.
20231021 044425.241 INFO             PET0   driver: InitializeIPDv02p5 intro.
20231021 044425.241 INFO             PET0     >>>driver: entered Initialize (phase=<none>) with current time:    0  1  1  0  0  0   0
20231021 044425.241 INFO             PET0     driver: this is a top level driver, no 'Updated' and 'InitializeDataComplete' info on this level.
20231021 044425.241 INFO             PET0     driver: InitializeIPDv02p5Data intro.
20231021 044425.241 INFO             PET0       driver: InternalInitializeComplete intro.
20231021 044425.241 INFO             PET0         driver: InitializeDataComplete='true'
20231021 044425.241 INFO             PET0       driver: InternalInitializeComplete extro.
20231021 044425.242 INFO             PET0       MODEL: InitializeIPDvXp08 intro.
20231021 044425.242 INFO             PET0         >>>MODEL: entered Initialize (phase=IPDv05p8) with current time:    0  1  1  0  0  0   0
20231021 044425.242 INFO             PET0         MODEL: InitializeDataProgress='false', InitializeDataComplete='false'
20231021 044425.242 INFO             PET0         <<<MODEL: leaving Initialize (phase=IPDv05p8) with current time:    0  1  1  0  0  0   0
20231021 044425.242 INFO             PET0       MODEL: InitializeIPDvXp08 extro.
20231021 044425.244 INFO             PET0       driver: components present that trigger loopDataDependentInitialize().
20231021 044425.244 INFO             PET0       driver: loopDataDependentInitialize intro.
20231021 044425.244 INFO             PET0         driver: component    0=driver, dataComplete (local): true
20231021 044425.244 INFO             PET0         driver: component    0=driver, dataComplete (global):  T
20231021 044425.244 INFO             PET0         driver: component    1=MODEL, dataComplete (local): false
20231021 044425.244 INFO             PET0         driver: component    1=MODEL, dataComplete (global):  F
20231021 044425.244 INFO             PET0         MODEL: InitializeIPDvXp08 intro.
20231021 044425.244 INFO             PET0           >>>MODEL: entered Initialize (phase=IPDv05p8) with current time:    0  1  1  0  0  0   0
20231021 044425.245 INFO             PET0           MODEL: InitializeDataProgress='true', InitializeDataComplete='true'
20231021 044425.245 INFO             PET0           <<<MODEL: leaving Initialize (phase=IPDv05p8) with current time:    0  1  1  0  0  0   0
20231021 044425.245 INFO             PET0         MODEL: InitializeIPDvXp08 extro.
20231021 044425.246 INFO             PET0         driver: component    1=MODEL, someProgress (local): true
20231021 044425.246 INFO             PET0         driver: component    1=MODEL, someProgress (global):  T
20231021 044425.246 INFO             PET0         driver: someProgress= T, allComplete= F, present(dataDepAllComplete)= T
20231021 044425.246 INFO             PET0         driver: component    0=driver, dataComplete (local): true
20231021 044425.246 INFO             PET0         driver: component    0=driver, dataComplete (global):  T
20231021 044425.246 INFO             PET0         driver: component    1=MODEL, dataComplete (local): true
20231021 044425.246 INFO             PET0         driver: component    1=MODEL, dataComplete (global):  T
20231021 044425.246 INFO             PET0         driver: someProgress= F, allComplete= T, present(dataDepAllComplete)= T
20231021 044425.246 INFO             PET0         driver: finished resolving initialize data dependencies on this level.
20231021 044425.246 INFO             PET0       driver: loopDataDependentInitialize extro.
20231021 044425.246 INFO             PET0       driver: loopDataDependentInitialize() returned with dataDepAllComplete:  T
20231021 044425.246 INFO             PET0     driver: InitializeIPDv02p5Data extro.
20231021 044425.246 INFO             PET0     <<<driver: leaving Initialize (phase=<none>) with current time:    0  1  1  0  0  0   0
20231021 044425.247 INFO             PET0   driver: InitializeIPDv02p5 extro.
20231021 044425.247 INFO             PET0 driver: InitializeGeneric extro.
20231021 044425.247 INFO             PET0 driver: Run intro.
20231021 044425.247 INFO             PET0   >>>driver entered Run (phase=RunPhase1) with current time:    0  1  1  0  0  0   0
20231021 044425.247 INFO             PET0   driver: after lable_SetRunClock, current time:    0  1  1  0  0  0   0
20231021 044425.247 INFO             PET0   driver: begin -------> RunSequence.
20231021 044425.247 INFO             PET0     driver: RunSequence event loopLevel=   1  levelMember=   1  loopIteration=   1, current time:    0  1  1  0  0  0   0
20231021 044425.247 INFO             PET0     MODEL: Run intro.
20231021 044425.248 INFO             PET0       >>>MODEL: entered Run (phase=RunPhase1) with current time:    0  1  1  0  0  0   0
20231021 044425.248 INFO             PET0       MODEL: time step-loop starting, current time:    0  1  1  0  0  0   0
20231021 044425.248 INFO             PET0       thread_num=   1   currentSsiPe=   1   num_threads=   2   max_threads=   2   num_procs=   2
20231021 044425.248 INFO             PET0       thread_num=   0   currentSsiPe=   0   num_threads=   2   max_threads=   2   num_procs=   2
20231021 044425.248 INFO             PET0       ---->Advancing Model from:    0  1  1  0  0  0   0
20231021 044425.248 INFO             PET0       ---------------------> to:    0  1  1  0  0 30   0
20231021 044425.248 INFO             PET0       MODEL: time step-loop ending,   current time:    0  1  1  0  0 30   0
20231021 044425.248 INFO             PET0       <<<MODEL: leaving Run (phase=RunPhase1) with current time:    0  1  1  0  0 30   0
20231021 044425.248 INFO             PET0     MODEL: Run extro.
20231021 044425.248 INFO             PET0     driver: RunSequence event loopLevel=   1  levelMember=   1  loopIteration=   2, current time:    0  1  1  0  0 30   0
20231021 044425.248 INFO             PET0     MODEL: Run intro.
20231021 044425.248 INFO             PET0       >>>MODEL: entered Run (phase=RunPhase1) with current time:    0  1  1  0  0 30   0
20231021 044425.248 INFO             PET0       MODEL: time step-loop starting, current time:    0  1  1  0  0 30   0
20231021 044425.248 INFO             PET0       thread_num=   0   currentSsiPe=   0   num_threads=   2   max_threads=   2   num_procs=   2
20231021 044425.248 INFO             PET0       thread_num=   1   currentSsiPe=   1   num_threads=   2   max_threads=   2   num_procs=   2
20231021 044425.249 INFO             PET0       ---->Advancing Model from:    0  1  1  0  0 30   0
20231021 044425.249 INFO             PET0       ---------------------> to:    0  1  1  0  1  0   0
20231021 044425.249 INFO             PET0       MODEL: time step-loop ending,   current time:    0  1  1  0  1  0   0
20231021 044425.249 INFO             PET0       <<<MODEL: leaving Run (phase=RunPhase1) with current time:    0  1  1  0  1  0   0
20231021 044425.249 INFO             PET0     MODEL: Run extro.
20231021 044425.249 INFO             PET0     driver: RunSequence event loopLevel=   1  levelMember=   1  loopIteration=   3, current time:    0  1  1  0  1  0   0
20231021 044425.249 INFO             PET0     MODEL: Run intro.
20231021 044425.249 INFO             PET0       >>>MODEL: entered Run (phase=RunPhase1) with current time:    0  1  1  0  1  0   0
20231021 044425.249 INFO             PET0       MODEL: time step-loop starting, current time:    0  1  1  0  1  0   0
20231021 044425.249 INFO             PET0       thread_num=   1   currentSsiPe=   1   num_threads=   2   max_threads=   2   num_procs=   2
20231021 044425.249 INFO             PET0       thread_num=   0   currentSsiPe=   0   num_threads=   2   max_threads=   2   num_procs=   2
20231021 044425.249 INFO             PET0       ---->Advancing Model from:    0  1  1  0  1  0   0
20231021 044425.249 INFO             PET0       ---------------------> to:    0  1  1  0  1 30   0
20231021 044425.249 INFO             PET0       MODEL: time step-loop ending,   current time:    0  1  1  0  1 30   0
20231021 044425.249 INFO             PET0       <<<MODEL: leaving Run (phase=RunPhase1) with current time:    0  1  1  0  1 30   0
20231021 044425.249 INFO             PET0     MODEL: Run extro.
20231021 044425.249 INFO             PET0     driver: RunSequence event loopLevel=   1  levelMember=   1  loopIteration=   4, current time:    0  1  1  0  1 30   0
20231021 044425.250 INFO             PET0     MODEL: Run intro.
20231021 044425.250 INFO             PET0       >>>MODEL: entered Run (phase=RunPhase1) with current time:    0  1  1  0  1 30   0
20231021 044425.250 INFO             PET0       MODEL: time step-loop starting, current time:    0  1  1  0  1 30   0
20231021 044425.250 INFO             PET0       thread_num=   0   currentSsiPe=   0   num_threads=   2   max_threads=   2   num_procs=   2
20231021 044425.250 INFO             PET0       thread_num=   1   currentSsiPe=   1   num_threads=   2   max_threads=   2   num_procs=   2
20231021 044425.250 INFO             PET0       ---->Advancing Model from:    0  1  1  0  1 30   0
20231021 044425.250 INFO             PET0       ---------------------> to:    0  1  1  0  2  0   0
20231021 044425.250 INFO             PET0       MODEL: time step-loop ending,   current time:    0  1  1  0  2  0   0
20231021 044425.250 INFO             PET0       <<<MODEL: leaving Run (phase=RunPhase1) with current time:    0  1  1  0  2  0   0
20231021 044425.250 INFO             PET0     MODEL: Run extro.
20231021 044425.250 INFO             PET0     driver: RunSequence event loopLevel=   1  levelMember=   1  loopIteration=   5, current time:    0  1  1  0  2  0   0
20231021 044425.250 INFO             PET0     MODEL: Run intro.
20231021 044425.250 INFO             PET0       >>>MODEL: entered Run (phase=RunPhase1) with current time:    0  1  1  0  2  0   0
20231021 044425.250 INFO             PET0       MODEL: time step-loop starting, current time:    0  1  1  0  2  0   0
20231021 044425.250 INFO             PET0       thread_num=   0   currentSsiPe=   0   num_threads=   2   max_threads=   2   num_procs=   2
20231021 044425.250 INFO             PET0       thread_num=   1   currentSsiPe=   1   num_threads=   2   max_threads=   2   num_procs=   2
20231021 044425.251 INFO             PET0       ---->Advancing Model from:    0  1  1  0  2  0   0
20231021 044425.251 INFO             PET0       ---------------------> to:    0  1  1  0  2 30   0
20231021 044425.251 INFO             PET0       MODEL: time step-loop ending,   current time:    0  1  1  0  2 30   0
20231021 044425.251 INFO             PET0       <<<MODEL: leaving Run (phase=RunPhase1) with current time:    0  1  1  0  2 30   0
20231021 044425.251 INFO             PET0     MODEL: Run extro.
20231021 044425.251 INFO             PET0   driver: end <--------- RunSequence
20231021 044425.251 INFO             PET0   <<<driver - leaving Run with current time:    0  1  1  0  2 30   0
20231021 044425.251 INFO             PET0 driver: Run extro.
20231021 044425.251 INFO             PET0 driver: Finalize intro.
20231021 044425.251 INFO             PET0   Calling Finalize phase 1 for modelComp: MODEL
20231021 044425.251 INFO             PET0   MODEL: Finalize intro.
20231021 044425.251 INFO             PET0     >>>MODEL: entered Finalize (phase=FinalizePhase1) with current time:    0  1  1  0  2 30   0
20231021 044425.251 INFO             PET0     <<<MODEL: leaving Finalize (phase=FinalizePhase1) with current time:    0  1  1  0  2 30   0
20231021 044425.251 INFO             PET0   MODEL: Finalize extro.
20231021 044425.251 INFO             PET0   Delete modelComp: MODEL
20231021 044425.251 INFO             PET0   Delete Import-/Export State for modelComp: MODEL
20231021 044425.251 INFO             PET0 driver: Finalize extro.
20231021 044425.251 INFO             PET0 mainApp FINISHED
20231021 044425.252 INFO             PET0  Finalizing ESMF
20231021 044425.206 INFO             PET1 !!!!!!!!!!!!!!!!!!!!!!!!!!!!!!!!!!!!!!!!!!!!!!!!!!!!!!
20231021 044425.206 INFO             PET1 !!! THE ESMF_LOG IS SET TO OUTPUT ALL LOG MESSAGES !!!
20231021 044425.206 INFO             PET1 !!!     THIS MAY CAUSE SLOWDOWN IN PERFORMANCE     !!!
20231021 044425.206 INFO             PET1 !!! FOR PRODUCTION RUNS, USE:                      !!!
20231021 044425.206 INFO             PET1 !!!                   ESMF_LOGKIND_Multi_On_Error  !!!
20231021 044425.206 INFO             PET1 !!!!!!!!!!!!!!!!!!!!!!!!!!!!!!!!!!!!!!!!!!!!!!!!!!!!!!
20231021 044425.206 INFO             PET1 Running with ESMF Version   : v8.6.0b10-15-g69098dfbff
20231021 044425.206 INFO             PET1 ESMF library build date/time: "Oct 21 2023" "03:02:38"
20231021 044425.206 INFO             PET1 ESMF library build location : /glade/scratch/theurich/ESMF-Nightly-Testing/intel_18.0.5_mpt_g_develop/esmf
20231021 044425.206 INFO             PET1 ESMF_COMM                   : mpt
20231021 044425.206 INFO             PET1 ESMF_MOAB                   : enabled
20231021 044425.206 INFO             PET1 ESMF_LAPACK                 : enabled
20231021 044425.206 INFO             PET1 ESMF_NETCDF                 : enabled
20231021 044425.206 INFO             PET1 ESMF_PNETCDF                : disabled
20231021 044425.206 INFO             PET1 ESMF_PIO                    : enabled
20231021 044425.206 INFO             PET1 ESMF_YAMLCPP                : enabled
20231021 044425.206 INFO             PET1 mainApp STARTING
20231021 044425.212 INFO             PET1 driver: InitializeGeneric intro.
20231021 044425.212 INFO             PET1   driver: InitializeP0 intro.
20231021 044425.212 INFO             PET1   driver: InitializeP0 extro.
20231021 044425.213 INFO             PET1   driver: InitializeIPDv02p1 intro.
20231021 044425.213 INFO             PET1     >>>driver: entered Initialize (phase=<none>) without valid internal Clock.
20231021 044425.213 INFO             PET1     driver - Creating model component MODEL without petList.
20231021 044425.213 DEBUG            PET1     Generic SetVM() is executing for: MODEL
20231021 044425.213 DEBUG            PET1     Generic SetVM() is calling ESMF_GridCompSetVMMaxPEs() for: MODEL with:
20231021 044425.213 DEBUG            PET1      -             MaxCount =          2
20231021 044425.214 DEBUG            PET1      -       OpenMpHandling =
20231021 044425.214 DEBUG            PET1      -     OpenMpNumThreads =         -1
20231021 044425.214 DEBUG            PET1      -   ForceChildPthreads =          F
20231021 044425.214 DEBUG            PET1      -  PthreadMinStackSize =         -1
20231021 044425.214 DEBUG            PET1     vmkt_create()#218 Pthread: service=1 (0: actual PET, 1: service thread) - PTHREAD_STACK_MIN: 16384 bytes stack_size: 4194304 bytes
20231021 044425.214 DEBUG            PET1     vmkt_create()#218 Pthread: service=1 (0: actual PET, 1: service thread) - PTHREAD_STACK_MIN: 16384 bytes stack_size: 4194304 bytes
20231021 044425.217 INFO             PET1      GridCompIsPetLocal:  T
20231021 044425.217 INFO             PET1      VmIsCreated:  T
20231021 044425.217 INFO             PET1      MPI_COMM_NULL
20231021 044425.218 INFO             PET1     driver - Creating state: modelComp 1 Import State
20231021 044425.218 INFO             PET1     driver - Creating state: modelComp 1 Export State
20231021 044425.223 INFO             PET1     driver: IInitAdvertise intro.
20231021 044425.223 INFO             PET1     driver: IInitAdvertise extro.
20231021 044425.227 INFO             PET1     driver: IInitAdvertiseFinish intro.
20231021 044425.227 INFO             PET1     driver: IInitAdvertiseFinish extro.
20231021 044425.228 INFO             PET1     driver: IInitModifyCplLists intro.
20231021 044425.228 INFO             PET1     driver: IInitModifyCplLists extro.
20231021 044425.228 INFO             PET1     <<<driver: leaving Initialize (phase=<none>) with current time:    0  1  1  0  0  0   0
20231021 044425.228 INFO             PET1   driver: InitializeIPDv02p1 extro.
20231021 044425.228 INFO             PET1   driver: InitializeIPDv02p3 intro.
20231021 044425.231 INFO             PET1     >>>driver: entered Initialize (phase=<none>) with current time:    0  1  1  0  0  0   0
20231021 044425.231 INFO             PET1     driver: IInitCheck intro.
20231021 044425.231 INFO             PET1     driver: IInitCheck extro.
20231021 044425.240 INFO             PET1     driver: IInitRealize intro.
20231021 044425.240 INFO             PET1     driver: IInitRealize extro.
20231021 044425.241 INFO             PET1     <<<driver: leaving Initialize (phase=<none>) with current time:    0  1  1  0  0  0   0
20231021 044425.241 INFO             PET1   driver: InitializeIPDv02p3 extro.
20231021 044425.241 INFO             PET1   driver: InitializeIPDv02p5 intro.
20231021 044425.241 INFO             PET1     >>>driver: entered Initialize (phase=<none>) with current time:    0  1  1  0  0  0   0
20231021 044425.241 INFO             PET1     driver: this is a top level driver, no 'Updated' and 'InitializeDataComplete' info on this level.
20231021 044425.241 INFO             PET1     driver: InitializeIPDv02p5Data intro.
20231021 044425.241 INFO             PET1       driver: InternalInitializeComplete intro.
20231021 044425.241 INFO             PET1         driver: InitializeDataComplete='true'
20231021 044425.241 INFO             PET1       driver: InternalInitializeComplete extro.
20231021 044425.244 INFO             PET1       driver: components present that trigger loopDataDependentInitialize().
20231021 044425.244 INFO             PET1       driver: loopDataDependentInitialize intro.
20231021 044425.244 INFO             PET1         driver: component    0=driver, dataComplete (local): true
20231021 044425.244 INFO             PET1         driver: component    0=driver, dataComplete (global):  T
20231021 044425.244 INFO             PET1         driver: component    1=MODEL, dataComplete (local): false
20231021 044425.244 INFO             PET1         driver: component    1=MODEL, dataComplete (global):  F
20231021 044425.246 INFO             PET1         driver: component    1=MODEL, someProgress (local): true
20231021 044425.246 INFO             PET1         driver: component    1=MODEL, someProgress (global):  T
20231021 044425.246 INFO             PET1         driver: someProgress= T, allComplete= F, present(dataDepAllComplete)= T
20231021 044425.246 INFO             PET1         driver: component    0=driver, dataComplete (local): true
20231021 044425.246 INFO             PET1         driver: component    0=driver, dataComplete (global):  T
20231021 044425.246 INFO             PET1         driver: component    1=MODEL, dataComplete (local): true
20231021 044425.246 INFO             PET1         driver: component    1=MODEL, dataComplete (global):  T
20231021 044425.246 INFO             PET1         driver: someProgress= F, allComplete= T, present(dataDepAllComplete)= T
20231021 044425.246 INFO             PET1         driver: finished resolving initialize data dependencies on this level.
20231021 044425.246 INFO             PET1       driver: loopDataDependentInitialize extro.
20231021 044425.246 INFO             PET1       driver: loopDataDependentInitialize() returned with dataDepAllComplete:  T
20231021 044425.247 INFO             PET1     driver: InitializeIPDv02p5Data extro.
20231021 044425.247 INFO             PET1     <<<driver: leaving Initialize (phase=<none>) with current time:    0  1  1  0  0  0   0
20231021 044425.247 INFO             PET1   driver: InitializeIPDv02p5 extro.
20231021 044425.247 INFO             PET1 driver: InitializeGeneric extro.
20231021 044425.247 INFO             PET1 driver: Run intro.
20231021 044425.247 INFO             PET1   >>>driver entered Run (phase=RunPhase1) with current time:    0  1  1  0  0  0   0
20231021 044425.247 INFO             PET1   driver: after lable_SetRunClock, current time:    0  1  1  0  0  0   0
20231021 044425.247 INFO             PET1   driver: begin -------> RunSequence.
20231021 044425.247 INFO             PET1     driver: RunSequence event loopLevel=   1  levelMember=   1  loopIteration=   1, current time:    0  1  1  0  0  0   0
20231021 044425.248 INFO             PET1     driver: RunSequence event loopLevel=   1  levelMember=   1  loopIteration=   2, current time:    0  1  1  0  0 30   0
20231021 044425.249 INFO             PET1     driver: RunSequence event loopLevel=   1  levelMember=   1  loopIteration=   3, current time:    0  1  1  0  1  0   0
20231021 044425.249 INFO             PET1     driver: RunSequence event loopLevel=   1  levelMember=   1  loopIteration=   4, current time:    0  1  1  0  1 30   0
20231021 044425.250 INFO             PET1     driver: RunSequence event loopLevel=   1  levelMember=   1  loopIteration=   5, current time:    0  1  1  0  2  0   0
20231021 044425.251 INFO             PET1   driver: end <--------- RunSequence
20231021 044425.251 INFO             PET1   <<<driver - leaving Run with current time:    0  1  1  0  2 30   0
20231021 044425.251 INFO             PET1 driver: Run extro.
20231021 044425.251 INFO             PET1 driver: Finalize intro.
20231021 044425.251 INFO             PET1   Calling Finalize phase 1 for modelComp: MODEL
20231021 044425.251 INFO             PET1   Delete modelComp: MODEL
20231021 044425.251 INFO             PET1   Delete Import-/Export State for modelComp: MODEL
20231021 044425.251 INFO             PET1 driver: Finalize extro.
20231021 044425.252 INFO             PET1 mainApp FINISHED
20231021 044425.252 INFO             PET1  Finalizing ESMF
20231021 044425.206 INFO             PET2 !!!!!!!!!!!!!!!!!!!!!!!!!!!!!!!!!!!!!!!!!!!!!!!!!!!!!!
20231021 044425.206 INFO             PET2 !!! THE ESMF_LOG IS SET TO OUTPUT ALL LOG MESSAGES !!!
20231021 044425.206 INFO             PET2 !!!     THIS MAY CAUSE SLOWDOWN IN PERFORMANCE     !!!
20231021 044425.206 INFO             PET2 !!! FOR PRODUCTION RUNS, USE:                      !!!
20231021 044425.206 INFO             PET2 !!!                   ESMF_LOGKIND_Multi_On_Error  !!!
20231021 044425.206 INFO             PET2 !!!!!!!!!!!!!!!!!!!!!!!!!!!!!!!!!!!!!!!!!!!!!!!!!!!!!!
20231021 044425.206 INFO             PET2 Running with ESMF Version   : v8.6.0b10-15-g69098dfbff
20231021 044425.206 INFO             PET2 ESMF library build date/time: "Oct 21 2023" "03:02:38"
20231021 044425.206 INFO             PET2 ESMF library build location : /glade/scratch/theurich/ESMF-Nightly-Testing/intel_18.0.5_mpt_g_develop/esmf
20231021 044425.206 INFO             PET2 ESMF_COMM                   : mpt
20231021 044425.206 INFO             PET2 ESMF_MOAB                   : enabled
20231021 044425.206 INFO             PET2 ESMF_LAPACK                 : enabled
20231021 044425.206 INFO             PET2 ESMF_NETCDF                 : enabled
20231021 044425.206 INFO             PET2 ESMF_PNETCDF                : disabled
20231021 044425.206 INFO             PET2 ESMF_PIO                    : enabled
20231021 044425.206 INFO             PET2 ESMF_YAMLCPP                : enabled
20231021 044425.206 INFO             PET2 mainApp STARTING
20231021 044425.212 INFO             PET2 driver: InitializeGeneric intro.
20231021 044425.212 INFO             PET2   driver: InitializeP0 intro.
20231021 044425.212 INFO             PET2   driver: InitializeP0 extro.
20231021 044425.213 INFO             PET2   driver: InitializeIPDv02p1 intro.
20231021 044425.213 INFO             PET2     >>>driver: entered Initialize (phase=<none>) without valid internal Clock.
20231021 044425.213 INFO             PET2     driver - Creating model component MODEL without petList.
20231021 044425.213 DEBUG            PET2     Generic SetVM() is executing for: MODEL
20231021 044425.213 DEBUG            PET2     Generic SetVM() is calling ESMF_GridCompSetVMMaxPEs() for: MODEL with:
20231021 044425.213 DEBUG            PET2      -             MaxCount =          2
20231021 044425.214 DEBUG            PET2      -       OpenMpHandling =
20231021 044425.214 DEBUG            PET2      -     OpenMpNumThreads =         -1
20231021 044425.214 DEBUG            PET2      -   ForceChildPthreads =          F
20231021 044425.214 DEBUG            PET2      -  PthreadMinStackSize =         -1
20231021 044425.217 INFO             PET2      GridCompIsPetLocal:  T
20231021 044425.217 INFO             PET2      VmIsCreated:  T
20231021 044425.217 INFO             PET2      valid MPI_COMM with size=           2
20231021 044425.218 INFO             PET2     driver - Creating state: modelComp 1 Import State
20231021 044425.218 INFO             PET2     driver - Creating state: modelComp 1 Export State
20231021 044425.219 INFO             PET2     MODEL: InitializeP0 intro.
20231021 044425.219 INFO             PET2       >>>MODEL: entered Initialize (phase=<none>) without valid internal Clock.
20231021 044425.221 INFO             PET2       <<<MODEL: leaving Initialize (phase=<none>) without valid internal Clock.
20231021 044425.221 INFO             PET2     MODEL: InitializeP0 extro.
20231021 044425.223 INFO             PET2     driver: IInitAdvertise intro.
20231021 044425.223 INFO             PET2     driver: IInitAdvertise extro.
20231021 044425.224 INFO             PET2     MODEL: InitializeIPDvXp01 intro.
20231021 044425.224 INFO             PET2       >>>MODEL: entered Initialize (phase=IPDvXp01) without valid internal Clock.
20231021 044425.226 INFO             PET2       <<<MODEL: leaving Initialize (phase=IPDvXp01) without valid internal Clock.
20231021 044425.226 INFO             PET2     MODEL: InitializeIPDvXp01 extro.
20231021 044425.227 INFO             PET2     driver: IInitAdvertiseFinish intro.
20231021 044425.230 INFO             PET2     driver: IInitAdvertiseFinish extro.
20231021 044425.231 INFO             PET2     driver: IInitModifyCplLists intro.
20231021 044425.231 INFO             PET2     driver: IInitModifyCplLists extro.
20231021 044425.231 INFO             PET2     <<<driver: leaving Initialize (phase=<none>) with current time:    0  1  1  0  0  0   0
20231021 044425.231 INFO             PET2   driver: InitializeIPDv02p1 extro.
20231021 044425.231 INFO             PET2   driver: InitializeIPDv02p3 intro.
20231021 044425.231 INFO             PET2     >>>driver: entered Initialize (phase=<none>) with current time:    0  1  1  0  0  0   0
20231021 044425.232 INFO             PET2     driver: IInitCheck intro.
20231021 044425.232 INFO             PET2     driver: IInitCheck extro.
20231021 044425.232 INFO             PET2     MODEL: InitializeIPDvXp04 intro.
20231021 044425.232 INFO             PET2       >>>MODEL: entered Initialize (phase=IPDvXp04) without valid internal Clock.
20231021 044425.237 INFO             PET2       After Realize: - MemInfo: [/proc/meminfo - SSI]	MemTotal:       65507008 kB
20231021 044425.237 INFO             PET2       After Realize: - MemInfo: [/proc/meminfo - SSI]	MemFree:        47447136 kB
20231021 044425.237 INFO             PET2       After Realize: - MemInfo: [/proc/meminfo - SSI]	MemAvailable:   47660404 kB
20231021 044425.237 INFO             PET2       After Realize: - MemInfo: [/proc/meminfo - SSI]	Committed_AS:   14924288 kB
20231021 044425.238 INFO             PET2       After Realize: - MemInfo: [/proc/meminfo - SSI]	CommittedPercent: 22.7827 %
20231021 044425.238 INFO             PET2       After Realize: - MemInfo: [/proc/self/status]	VmPeak:	66194444 kB
20231021 044425.238 INFO             PET2       After Realize: - MemInfo: [/proc/self/status]	VmSize:	66128956 kB
20231021 044425.238 INFO             PET2       After Realize: - MemInfo: [/proc/self/status]	VmLck:	       0 kB
20231021 044425.238 INFO             PET2       After Realize: - MemInfo: [/proc/self/status]	VmPin:	       0 kB
20231021 044425.238 INFO             PET2       After Realize: - MemInfo: [/proc/self/status]	VmHWM:	   43036 kB
20231021 044425.238 INFO             PET2       After Realize: - MemInfo: [/proc/self/status]	VmRSS:	   43036 kB
20231021 044425.238 INFO             PET2       After Realize: - MemInfo: [/proc/self/status]	VmData:	   93768 kB
20231021 044425.238 INFO             PET2       After Realize: - MemInfo: [/proc/self/status]	VmStk:	     192 kB
20231021 044425.238 INFO             PET2       After Realize: - MemInfo: [/proc/self/status]	VmExe:	    1476 kB
20231021 044425.238 INFO             PET2       After Realize: - MemInfo: [/proc/self/status]	VmLib:	  129100 kB
20231021 044425.238 INFO             PET2       After Realize: - MemInfo: [/proc/self/status]	VmPTE:	     396 kB
20231021 044425.238 INFO             PET2       After Realize: - MemInfo: [/proc/self/status]	VmPMD:	      24 kB
20231021 044425.238 INFO             PET2       After Realize: - MemInfo: [/proc/self/status]	VmSwap:	       0 kB
20231021 044425.238 INFO             PET2       After Realize: - MemInfo: [/proc/self/status]	VmRSSPercent: 0.0656968 %
20231021 044425.238 INFO             PET2       After Realize: - MemInfo: [malloc] Non-mmapped space allocated:                19775488 Byte
20231021 044425.238 INFO             PET2       After Realize: - MemInfo: [malloc] Space allocated in mmapped regions:                0 Byte
20231021 044425.238 INFO             PET2       After Realize: - MemInfo: [malloc] Maximum total allocated space:                     0 Byte
20231021 044425.238 INFO             PET2       After Realize: - MemInfo: [malloc] Space in freed fastbin blocks:                  1072 Byte
20231021 044425.238 INFO             PET2       After Realize: - MemInfo: [malloc] Total allocated space:                      19583824 Byte
20231021 044425.238 INFO             PET2       After Realize: - MemInfo: [malloc] Total free space:                             191664 Byte
20231021 044425.238 INFO             PET2       After Realize: - MemInfo: [malloc] Top-most, releasable space:                    57696 Byte
20231021 044425.238 INFO             PET2       After Realize: - MemInfo: [malloc] Total space in use, mmap + non-mmap:        19583824 Byte
20231021 044425.238 INFO             PET2       After Realize: - MemInfo: [malloc] Total space held (mmap + non-mmap):         19775488 Byte
20231021 044425.238 INFO             PET2       After Realize: - MemInfo: [malloc] Total space used (mmap + non-mmap):         19593184 Byte
20231021 044425.238 INFO             PET2       After Realize: - MemInfo: Wall-clock time since execution start:              0.0345805 seconds
20231021 044425.238 INFO             PET2       <<<MODEL: leaving Initialize (phase=IPDvXp04) without valid internal Clock.
20231021 044425.238 INFO             PET2     MODEL: InitializeIPDvXp04 extro.
20231021 044425.240 INFO             PET2     driver: IInitRealize intro.
20231021 044425.240 INFO             PET2     driver: IInitRealize extro.
20231021 044425.240 INFO             PET2     MODEL: InitializeIPDvXp07 intro.
20231021 044425.240 INFO             PET2       >>>MODEL: entered Initialize (phase=IPDvXp07) without valid internal Clock.
20231021 044425.240 INFO             PET2       <<<MODEL: leaving Initialize (phase=IPDvXp07) with current time:    0  1  1  0  0  0   0
20231021 044425.240 INFO             PET2     MODEL: InitializeIPDvXp07 extro.
20231021 044425.241 INFO             PET2     <<<driver: leaving Initialize (phase=<none>) with current time:    0  1  1  0  0  0   0
20231021 044425.241 INFO             PET2   driver: InitializeIPDv02p3 extro.
20231021 044425.241 INFO             PET2   driver: InitializeIPDv02p5 intro.
20231021 044425.241 INFO             PET2     >>>driver: entered Initialize (phase=<none>) with current time:    0  1  1  0  0  0   0
20231021 044425.241 INFO             PET2     driver: this is a top level driver, no 'Updated' and 'InitializeDataComplete' info on this level.
20231021 044425.241 INFO             PET2     driver: InitializeIPDv02p5Data intro.
20231021 044425.241 INFO             PET2       driver: InternalInitializeComplete intro.
20231021 044425.241 INFO             PET2         driver: InitializeDataComplete='true'
20231021 044425.241 INFO             PET2       driver: InternalInitializeComplete extro.
20231021 044425.242 INFO             PET2       MODEL: InitializeIPDvXp08 intro.
20231021 044425.242 INFO             PET2         >>>MODEL: entered Initialize (phase=IPDv05p8) with current time:    0  1  1  0  0  0   0
20231021 044425.242 INFO             PET2         MODEL: InitializeDataProgress='false', InitializeDataComplete='false'
20231021 044425.242 INFO             PET2         <<<MODEL: leaving Initialize (phase=IPDv05p8) with current time:    0  1  1  0  0  0   0
20231021 044425.242 INFO             PET2       MODEL: InitializeIPDvXp08 extro.
20231021 044425.244 INFO             PET2       driver: components present that trigger loopDataDependentInitialize().
20231021 044425.244 INFO             PET2       driver: loopDataDependentInitialize intro.
20231021 044425.244 INFO             PET2         driver: component    0=driver, dataComplete (local): true
20231021 044425.244 INFO             PET2         driver: component    0=driver, dataComplete (global):  T
20231021 044425.244 INFO             PET2         driver: component    1=MODEL, dataComplete (local): false
20231021 044425.244 INFO             PET2         driver: component    1=MODEL, dataComplete (global):  F
20231021 044425.244 INFO             PET2         MODEL: InitializeIPDvXp08 intro.
20231021 044425.244 INFO             PET2           >>>MODEL: entered Initialize (phase=IPDv05p8) with current time:    0  1  1  0  0  0   0
20231021 044425.245 INFO             PET2           MODEL: InitializeDataProgress='true', InitializeDataComplete='true'
20231021 044425.245 INFO             PET2           <<<MODEL: leaving Initialize (phase=IPDv05p8) with current time:    0  1  1  0  0  0   0
20231021 044425.245 INFO             PET2         MODEL: InitializeIPDvXp08 extro.
20231021 044425.246 INFO             PET2         driver: component    1=MODEL, someProgress (local): true
20231021 044425.246 INFO             PET2         driver: component    1=MODEL, someProgress (global):  T
20231021 044425.246 INFO             PET2         driver: someProgress= T, allComplete= F, present(dataDepAllComplete)= T
20231021 044425.246 INFO             PET2         driver: component    0=driver, dataComplete (local): true
20231021 044425.246 INFO             PET2         driver: component    0=driver, dataComplete (global):  T
20231021 044425.246 INFO             PET2         driver: component    1=MODEL, dataComplete (local): true
20231021 044425.246 INFO             PET2         driver: component    1=MODEL, dataComplete (global):  T
20231021 044425.246 INFO             PET2         driver: someProgress= F, allComplete= T, present(dataDepAllComplete)= T
20231021 044425.246 INFO             PET2         driver: finished resolving initialize data dependencies on this level.
20231021 044425.246 INFO             PET2       driver: loopDataDependentInitialize extro.
20231021 044425.246 INFO             PET2       driver: loopDataDependentInitialize() returned with dataDepAllComplete:  T
20231021 044425.246 INFO             PET2     driver: InitializeIPDv02p5Data extro.
20231021 044425.246 INFO             PET2     <<<driver: leaving Initialize (phase=<none>) with current time:    0  1  1  0  0  0   0
20231021 044425.246 INFO             PET2   driver: InitializeIPDv02p5 extro.
20231021 044425.247 INFO             PET2 driver: InitializeGeneric extro.
20231021 044425.247 INFO             PET2 driver: Run intro.
20231021 044425.247 INFO             PET2   >>>driver entered Run (phase=RunPhase1) with current time:    0  1  1  0  0  0   0
20231021 044425.247 INFO             PET2   driver: after lable_SetRunClock, current time:    0  1  1  0  0  0   0
20231021 044425.247 INFO             PET2   driver: begin -------> RunSequence.
20231021 044425.247 INFO             PET2     driver: RunSequence event loopLevel=   1  levelMember=   1  loopIteration=   1, current time:    0  1  1  0  0  0   0
20231021 044425.247 INFO             PET2     MODEL: Run intro.
20231021 044425.248 INFO             PET2       >>>MODEL: entered Run (phase=RunPhase1) with current time:    0  1  1  0  0  0   0
20231021 044425.248 INFO             PET2       MODEL: time step-loop starting, current time:    0  1  1  0  0  0   0
20231021 044425.248 INFO             PET2       thread_num=   0   currentSsiPe=   2   num_threads=   2   max_threads=   2   num_procs=   2
20231021 044425.248 INFO             PET2       thread_num=   1   currentSsiPe=   3   num_threads=   2   max_threads=   2   num_procs=   2
20231021 044425.248 INFO             PET2       ---->Advancing Model from:    0  1  1  0  0  0   0
20231021 044425.248 INFO             PET2       ---------------------> to:    0  1  1  0  0 30   0
20231021 044425.248 INFO             PET2       MODEL: time step-loop ending,   current time:    0  1  1  0  0 30   0
20231021 044425.248 INFO             PET2       <<<MODEL: leaving Run (phase=RunPhase1) with current time:    0  1  1  0  0 30   0
20231021 044425.248 INFO             PET2     MODEL: Run extro.
20231021 044425.248 INFO             PET2     driver: RunSequence event loopLevel=   1  levelMember=   1  loopIteration=   2, current time:    0  1  1  0  0 30   0
20231021 044425.248 INFO             PET2     MODEL: Run intro.
20231021 044425.248 INFO             PET2       >>>MODEL: entered Run (phase=RunPhase1) with current time:    0  1  1  0  0 30   0
20231021 044425.248 INFO             PET2       MODEL: time step-loop starting, current time:    0  1  1  0  0 30   0
20231021 044425.248 INFO             PET2       thread_num=   0   currentSsiPe=   2   num_threads=   2   max_threads=   2   num_procs=   2
20231021 044425.248 INFO             PET2       thread_num=   1   currentSsiPe=   3   num_threads=   2   max_threads=   2   num_procs=   2
20231021 044425.249 INFO             PET2       ---->Advancing Model from:    0  1  1  0  0 30   0
20231021 044425.249 INFO             PET2       ---------------------> to:    0  1  1  0  1  0   0
20231021 044425.249 INFO             PET2       MODEL: time step-loop ending,   current time:    0  1  1  0  1  0   0
20231021 044425.249 INFO             PET2       <<<MODEL: leaving Run (phase=RunPhase1) with current time:    0  1  1  0  1  0   0
20231021 044425.249 INFO             PET2     MODEL: Run extro.
20231021 044425.249 INFO             PET2     driver: RunSequence event loopLevel=   1  levelMember=   1  loopIteration=   3, current time:    0  1  1  0  1  0   0
20231021 044425.249 INFO             PET2     MODEL: Run intro.
20231021 044425.249 INFO             PET2       >>>MODEL: entered Run (phase=RunPhase1) with current time:    0  1  1  0  1  0   0
20231021 044425.249 INFO             PET2       MODEL: time step-loop starting, current time:    0  1  1  0  1  0   0
20231021 044425.249 INFO             PET2       thread_num=   0   currentSsiPe=   2   num_threads=   2   max_threads=   2   num_procs=   2
20231021 044425.249 INFO             PET2       thread_num=   1   currentSsiPe=   3   num_threads=   2   max_threads=   2   num_procs=   2
20231021 044425.249 INFO             PET2       ---->Advancing Model from:    0  1  1  0  1  0   0
20231021 044425.249 INFO             PET2       ---------------------> to:    0  1  1  0  1 30   0
20231021 044425.249 INFO             PET2       MODEL: time step-loop ending,   current time:    0  1  1  0  1 30   0
20231021 044425.249 INFO             PET2       <<<MODEL: leaving Run (phase=RunPhase1) with current time:    0  1  1  0  1 30   0
20231021 044425.249 INFO             PET2     MODEL: Run extro.
20231021 044425.249 INFO             PET2     driver: RunSequence event loopLevel=   1  levelMember=   1  loopIteration=   4, current time:    0  1  1  0  1 30   0
20231021 044425.250 INFO             PET2     MODEL: Run intro.
20231021 044425.250 INFO             PET2       >>>MODEL: entered Run (phase=RunPhase1) with current time:    0  1  1  0  1 30   0
20231021 044425.250 INFO             PET2       MODEL: time step-loop starting, current time:    0  1  1  0  1 30   0
20231021 044425.250 INFO             PET2       thread_num=   0   currentSsiPe=   2   num_threads=   2   max_threads=   2   num_procs=   2
20231021 044425.250 INFO             PET2       thread_num=   1   currentSsiPe=   3   num_threads=   2   max_threads=   2   num_procs=   2
20231021 044425.250 INFO             PET2       ---->Advancing Model from:    0  1  1  0  1 30   0
20231021 044425.250 INFO             PET2       ---------------------> to:    0  1  1  0  2  0   0
20231021 044425.250 INFO             PET2       MODEL: time step-loop ending,   current time:    0  1  1  0  2  0   0
20231021 044425.250 INFO             PET2       <<<MODEL: leaving Run (phase=RunPhase1) with current time:    0  1  1  0  2  0   0
20231021 044425.250 INFO             PET2     MODEL: Run extro.
20231021 044425.250 INFO             PET2     driver: RunSequence event loopLevel=   1  levelMember=   1  loopIteration=   5, current time:    0  1  1  0  2  0   0
20231021 044425.250 INFO             PET2     MODEL: Run intro.
20231021 044425.250 INFO             PET2       >>>MODEL: entered Run (phase=RunPhase1) with current time:    0  1  1  0  2  0   0
20231021 044425.250 INFO             PET2       MODEL: time step-loop starting, current time:    0  1  1  0  2  0   0
20231021 044425.250 INFO             PET2       thread_num=   0   currentSsiPe=   2   num_threads=   2   max_threads=   2   num_procs=   2
20231021 044425.250 INFO             PET2       thread_num=   1   currentSsiPe=   3   num_threads=   2   max_threads=   2   num_procs=   2
20231021 044425.250 INFO             PET2       ---->Advancing Model from:    0  1  1  0  2  0   0
20231021 044425.250 INFO             PET2       ---------------------> to:    0  1  1  0  2 30   0
20231021 044425.250 INFO             PET2       MODEL: time step-loop ending,   current time:    0  1  1  0  2 30   0
20231021 044425.251 INFO             PET2       <<<MODEL: leaving Run (phase=RunPhase1) with current time:    0  1  1  0  2 30   0
20231021 044425.251 INFO             PET2     MODEL: Run extro.
20231021 044425.251 INFO             PET2   driver: end <--------- RunSequence
20231021 044425.251 INFO             PET2   <<<driver - leaving Run with current time:    0  1  1  0  2 30   0
20231021 044425.251 INFO             PET2 driver: Run extro.
20231021 044425.251 INFO             PET2 driver: Finalize intro.
20231021 044425.251 INFO             PET2   Calling Finalize phase 1 for modelComp: MODEL
20231021 044425.251 INFO             PET2   MODEL: Finalize intro.
20231021 044425.251 INFO             PET2     >>>MODEL: entered Finalize (phase=FinalizePhase1) with current time:    0  1  1  0  2 30   0
20231021 044425.251 INFO             PET2     <<<MODEL: leaving Finalize (phase=FinalizePhase1) with current time:    0  1  1  0  2 30   0
20231021 044425.251 INFO             PET2   MODEL: Finalize extro.
20231021 044425.251 INFO             PET2   Delete modelComp: MODEL
20231021 044425.251 INFO             PET2   Delete Import-/Export State for modelComp: MODEL
20231021 044425.251 INFO             PET2 driver: Finalize extro.
20231021 044425.251 INFO             PET2 mainApp FINISHED
20231021 044425.251 INFO             PET2  Finalizing ESMF
20231021 044425.206 INFO             PET3 !!!!!!!!!!!!!!!!!!!!!!!!!!!!!!!!!!!!!!!!!!!!!!!!!!!!!!
20231021 044425.206 INFO             PET3 !!! THE ESMF_LOG IS SET TO OUTPUT ALL LOG MESSAGES !!!
20231021 044425.206 INFO             PET3 !!!     THIS MAY CAUSE SLOWDOWN IN PERFORMANCE     !!!
20231021 044425.206 INFO             PET3 !!! FOR PRODUCTION RUNS, USE:                      !!!
20231021 044425.206 INFO             PET3 !!!                   ESMF_LOGKIND_Multi_On_Error  !!!
20231021 044425.206 INFO             PET3 !!!!!!!!!!!!!!!!!!!!!!!!!!!!!!!!!!!!!!!!!!!!!!!!!!!!!!
20231021 044425.206 INFO             PET3 Running with ESMF Version   : v8.6.0b10-15-g69098dfbff
20231021 044425.206 INFO             PET3 ESMF library build date/time: "Oct 21 2023" "03:02:38"
20231021 044425.206 INFO             PET3 ESMF library build location : /glade/scratch/theurich/ESMF-Nightly-Testing/intel_18.0.5_mpt_g_develop/esmf
20231021 044425.206 INFO             PET3 ESMF_COMM                   : mpt
20231021 044425.206 INFO             PET3 ESMF_MOAB                   : enabled
20231021 044425.206 INFO             PET3 ESMF_LAPACK                 : enabled
20231021 044425.206 INFO             PET3 ESMF_NETCDF                 : enabled
20231021 044425.206 INFO             PET3 ESMF_PNETCDF                : disabled
20231021 044425.206 INFO             PET3 ESMF_PIO                    : enabled
20231021 044425.206 INFO             PET3 ESMF_YAMLCPP                : enabled
20231021 044425.206 INFO             PET3 mainApp STARTING
20231021 044425.212 INFO             PET3 driver: InitializeGeneric intro.
20231021 044425.212 INFO             PET3   driver: InitializeP0 intro.
20231021 044425.212 INFO             PET3   driver: InitializeP0 extro.
20231021 044425.213 INFO             PET3   driver: InitializeIPDv02p1 intro.
20231021 044425.213 INFO             PET3     >>>driver: entered Initialize (phase=<none>) without valid internal Clock.
20231021 044425.213 INFO             PET3     driver - Creating model component MODEL without petList.
20231021 044425.213 DEBUG            PET3     Generic SetVM() is executing for: MODEL
20231021 044425.213 DEBUG            PET3     Generic SetVM() is calling ESMF_GridCompSetVMMaxPEs() for: MODEL with:
20231021 044425.213 DEBUG            PET3      -             MaxCount =          2
20231021 044425.214 DEBUG            PET3      -       OpenMpHandling =
20231021 044425.214 DEBUG            PET3      -     OpenMpNumThreads =         -1
20231021 044425.214 DEBUG            PET3      -   ForceChildPthreads =          F
20231021 044425.214 DEBUG            PET3      -  PthreadMinStackSize =         -1
20231021 044425.214 DEBUG            PET3     vmkt_create()#218 Pthread: service=1 (0: actual PET, 1: service thread) - PTHREAD_STACK_MIN: 16384 bytes stack_size: 4194304 bytes
20231021 044425.214 DEBUG            PET3     vmkt_create()#218 Pthread: service=1 (0: actual PET, 1: service thread) - PTHREAD_STACK_MIN: 16384 bytes stack_size: 4194304 bytes
20231021 044425.217 INFO             PET3      GridCompIsPetLocal:  T
20231021 044425.217 INFO             PET3      VmIsCreated:  T
20231021 044425.217 INFO             PET3      MPI_COMM_NULL
20231021 044425.218 INFO             PET3     driver - Creating state: modelComp 1 Import State
20231021 044425.218 INFO             PET3     driver - Creating state: modelComp 1 Export State
20231021 044425.223 INFO             PET3     driver: IInitAdvertise intro.
20231021 044425.223 INFO             PET3     driver: IInitAdvertise extro.
20231021 044425.227 INFO             PET3     driver: IInitAdvertiseFinish intro.
20231021 044425.227 INFO             PET3     driver: IInitAdvertiseFinish extro.
20231021 044425.228 INFO             PET3     driver: IInitModifyCplLists intro.
20231021 044425.228 INFO             PET3     driver: IInitModifyCplLists extro.
20231021 044425.228 INFO             PET3     <<<driver: leaving Initialize (phase=<none>) with current time:    0  1  1  0  0  0   0
20231021 044425.228 INFO             PET3   driver: InitializeIPDv02p1 extro.
20231021 044425.228 INFO             PET3   driver: InitializeIPDv02p3 intro.
20231021 044425.230 INFO             PET3     >>>driver: entered Initialize (phase=<none>) with current time:    0  1  1  0  0  0   0
20231021 044425.230 INFO             PET3     driver: IInitCheck intro.
20231021 044425.230 INFO             PET3     driver: IInitCheck extro.
20231021 044425.240 INFO             PET3     driver: IInitRealize intro.
20231021 044425.240 INFO             PET3     driver: IInitRealize extro.
20231021 044425.241 INFO             PET3     <<<driver: leaving Initialize (phase=<none>) with current time:    0  1  1  0  0  0   0
20231021 044425.241 INFO             PET3   driver: InitializeIPDv02p3 extro.
20231021 044425.241 INFO             PET3   driver: InitializeIPDv02p5 intro.
20231021 044425.241 INFO             PET3     >>>driver: entered Initialize (phase=<none>) with current time:    0  1  1  0  0  0   0
20231021 044425.241 INFO             PET3     driver: this is a top level driver, no 'Updated' and 'InitializeDataComplete' info on this level.
20231021 044425.241 INFO             PET3     driver: InitializeIPDv02p5Data intro.
20231021 044425.241 INFO             PET3       driver: InternalInitializeComplete intro.
20231021 044425.241 INFO             PET3         driver: InitializeDataComplete='true'
20231021 044425.241 INFO             PET3       driver: InternalInitializeComplete extro.
20231021 044425.244 INFO             PET3       driver: components present that trigger loopDataDependentInitialize().
20231021 044425.244 INFO             PET3       driver: loopDataDependentInitialize intro.
20231021 044425.244 INFO             PET3         driver: component    0=driver, dataComplete (local): true
20231021 044425.244 INFO             PET3         driver: component    0=driver, dataComplete (global):  T
20231021 044425.244 INFO             PET3         driver: component    1=MODEL, dataComplete (local): false
20231021 044425.244 INFO             PET3         driver: component    1=MODEL, dataComplete (global):  F
20231021 044425.246 INFO             PET3         driver: component    1=MODEL, someProgress (local): true
20231021 044425.246 INFO             PET3         driver: component    1=MODEL, someProgress (global):  T
20231021 044425.246 INFO             PET3         driver: someProgress= T, allComplete= F, present(dataDepAllComplete)= T
20231021 044425.246 INFO             PET3         driver: component    0=driver, dataComplete (local): true
20231021 044425.246 INFO             PET3         driver: component    0=driver, dataComplete (global):  T
20231021 044425.246 INFO             PET3         driver: component    1=MODEL, dataComplete (local): true
20231021 044425.246 INFO             PET3         driver: component    1=MODEL, dataComplete (global):  T
20231021 044425.246 INFO             PET3         driver: someProgress= F, allComplete= T, present(dataDepAllComplete)= T
20231021 044425.246 INFO             PET3         driver: finished resolving initialize data dependencies on this level.
20231021 044425.246 INFO             PET3       driver: loopDataDependentInitialize extro.
20231021 044425.246 INFO             PET3       driver: loopDataDependentInitialize() returned with dataDepAllComplete:  T
20231021 044425.247 INFO             PET3     driver: InitializeIPDv02p5Data extro.
20231021 044425.247 INFO             PET3     <<<driver: leaving Initialize (phase=<none>) with current time:    0  1  1  0  0  0   0
20231021 044425.247 INFO             PET3   driver: InitializeIPDv02p5 extro.
20231021 044425.247 INFO             PET3 driver: InitializeGeneric extro.
20231021 044425.247 INFO             PET3 driver: Run intro.
20231021 044425.247 INFO             PET3   >>>driver entered Run (phase=RunPhase1) with current time:    0  1  1  0  0  0   0
20231021 044425.247 INFO             PET3   driver: after lable_SetRunClock, current time:    0  1  1  0  0  0   0
20231021 044425.247 INFO             PET3   driver: begin -------> RunSequence.
20231021 044425.247 INFO             PET3     driver: RunSequence event loopLevel=   1  levelMember=   1  loopIteration=   1, current time:    0  1  1  0  0  0   0
20231021 044425.248 INFO             PET3     driver: RunSequence event loopLevel=   1  levelMember=   1  loopIteration=   2, current time:    0  1  1  0  0 30   0
20231021 044425.249 INFO             PET3     driver: RunSequence event loopLevel=   1  levelMember=   1  loopIteration=   3, current time:    0  1  1  0  1  0   0
20231021 044425.249 INFO             PET3     driver: RunSequence event loopLevel=   1  levelMember=   1  loopIteration=   4, current time:    0  1  1  0  1 30   0
20231021 044425.250 INFO             PET3     driver: RunSequence event loopLevel=   1  levelMember=   1  loopIteration=   5, current time:    0  1  1  0  2  0   0
20231021 044425.251 INFO             PET3   driver: end <--------- RunSequence
20231021 044425.251 INFO             PET3   <<<driver - leaving Run with current time:    0  1  1  0  2 30   0
20231021 044425.251 INFO             PET3 driver: Run extro.
20231021 044425.251 INFO             PET3 driver: Finalize intro.
20231021 044425.251 INFO             PET3   Calling Finalize phase 1 for modelComp: MODEL
20231021 044425.251 INFO             PET3   Delete modelComp: MODEL
20231021 044425.251 INFO             PET3   Delete Import-/Export State for modelComp: MODEL
20231021 044425.251 INFO             PET3 driver: Finalize extro.
20231021 044425.251 INFO             PET3 mainApp FINISHED
20231021 044425.251 INFO             PET3  Finalizing ESMF
