2023-11-06 02:25:29
forrtl: severe (174): SIGSEGV, segmentation fault occurred
Image              PC                Routine            Line        Source             
libpthread-2.31.s  000014C284FAF8C0  Unknown               Unknown  Unknown
mainApp            000000000043EFD3  Unknown               Unknown  Unknown
mainApp            000000000043F8D0  Unknown               Unknown  Unknown
mainApp            000000000043F164  Unknown               Unknown  Unknown
libesmf.so         000014C28759B752  f_esmf_compcollec     Unknown  Unknown
libesmf.so         000014C2873F35CD  _ZN5ESMCI2VM8fina     Unknown  Unknown
libesmf.so         000014C2873D1885  c_esmc_vmfinalize     Unknown  Unknown
libesmf.so         000014C287AF0F6C  esmf_vmmod_mp_esm     Unknown  Unknown
libesmf.so         000014C2878FDAA5  esmf_initmod_mp_e     Unknown  Unknown
mainApp            0000000000416CA5  Unknown               Unknown  Unknown
mainApp            000000000041668D  Unknown               Unknown  Unknown
libc-2.31.so       000014C28112529D  __libc_start_main     Unknown  Unknown
mainApp            00000000004165BA  Unknown               Unknown  Unknown
forrtl: severe (174): SIGSEGV, segmentation fault occurred
Image              PC                Routine            Line        Source             
libpthread-2.31.s  000014EBDEE3A8C0  Unknown               Unknown  Unknown
mainApp            000000000043EFB3  Unknown               Unknown  Unknown
mainApp            000000000043F8D0  Unknown               Unknown  Unknown
mainApp            000000000043F164  Unknown               Unknown  Unknown
libesmf.so         000014EBE1426752  f_esmf_compcollec     Unknown  Unknown
libesmf.so         000014EBE127E5CD  _ZN5ESMCI2VM8fina     Unknown  Unknown
libesmf.so         000014EBE125C885  c_esmc_vmfinalize     Unknown  Unknown
libesmf.so         000014EBE197BF6C  esmf_vmmod_mp_esm     Unknown  Unknown
libesmf.so         000014EBE1788AA5  esmf_initmod_mp_e     Unknown  Unknown
mainApp            0000000000416CA5  Unknown               Unknown  Unknown
mainApp            000000000041668D  Unknown               Unknown  Unknown
libc-2.31.so       000014EBDAFB029D  __libc_start_main     Unknown  Unknown
mainApp            00000000004165BA  Unknown               Unknown  Unknown
forrtl: severe (174): SIGSEGV, segmentation fault occurred
Image              PC                Routine            Line        Source             
libpthread-2.31.s  000014C3B9E9A8C0  Unknown               Unknown  Unknown
mainApp            000000000043EF80  Unknown               Unknown  Unknown
mainApp            000000000043F8D0  Unknown               Unknown  Unknown
mainApp            000000000043F164  Unknown               Unknown  Unknown
libesmf.so         000014C3BC486752  f_esmf_compcollec     Unknown  Unknown
libesmf.so         000014C3BC2DE5CD  _ZN5ESMCI2VM8fina     Unknown  Unknown
libesmf.so         000014C3BC2BC885  c_esmc_vmfinalize     Unknown  Unknown
libesmf.so         000014C3BC9DBF6C  esmf_vmmod_mp_esm     Unknown  Unknown
libesmf.so         000014C3BC7E8AA5  esmf_initmod_mp_e     Unknown  Unknown
mainApp            0000000000416CA5  Unknown               Unknown  Unknown
mainApp            000000000041668D  Unknown               Unknown  Unknown
libc-2.31.so       000014C3B601029D  __libc_start_main     Unknown  Unknown
mainApp            00000000004165BA  Unknown               Unknown  Unknown
dec2454.hsn.de.hpc.ucar.edu: rank 2 exited with code 174
forrtl: error (78): process killed (SIGTERM)
Image              PC                Routine            Line        Source             
libpthread-2.31.s  00001461802428C0  Unknown               Unknown  Unknown
libc-2.31.so       000014617C47F527  __sched_yield         Unknown  Unknown
libmpi_intel.so.1  000014617E0F6ADE  Unknown               Unknown  Unknown
libmpi_intel.so.1  000014617EE92A16  Unknown               Unknown  Unknown
libmpi_intel.so.1  000014617EEA5169  Unknown               Unknown  Unknown
libmpi_intel.so.1  000014617EDB4C82  Unknown               Unknown  Unknown
libmpi_intel.so.1  000014617D486011  Unknown               Unknown  Unknown
libmpi_intel.so.1  000014617D486138  Unknown               Unknown  Unknown
libmpi_intel.so.1  000014617F0934CB  Unknown               Unknown  Unknown
libmpi_intel.so.1  000014617D486200  Unknown               Unknown  Unknown
libmpi_intel.so.1  000014617F5A1E96  Unknown               Unknown  Unknown
libmpi_intel.so.1  000014617F63F766  Unknown               Unknown  Unknown
libmpi_intel.so.1  000014617F21CE80  Unknown               Unknown  Unknown
libmpi_intel.so.1  000014617D9285BC  MPI_Finalize          Unknown  Unknown
libesmf.so         0000146182669C60  _ZN5ESMCI3VMK8fin     Unknown  Unknown
libesmf.so         00001461826866C0  _ZN5ESMCI2VM8fina     Unknown  Unknown
libesmf.so         0000146182664885  c_esmc_vmfinalize     Unknown  Unknown
libesmf.so         0000146182D83F6C  esmf_vmmod_mp_esm     Unknown  Unknown
libesmf.so         0000146182B90AA5  esmf_initmod_mp_e     Unknown  Unknown
mainApp            0000000000416CA5  Unknown               Unknown  Unknown
mainApp            000000000041668D  Unknown               Unknown  Unknown
libc-2.31.so       000014617C3B829D  __libc_start_main     Unknown  Unknown
mainApp            00000000004165BA  Unknown               Unknown  Unknown
dec2454.hsn.de.hpc.ucar.edu: rank 0 exited with code 1
