2023-11-07 02:26:35
forrtl: severe (174): SIGSEGV, segmentation fault occurred
Image              PC                Routine            Line        Source             
libpthread-2.31.s  000014A05C46F8C0  Unknown               Unknown  Unknown
mainApp            0000000000441E90  Unknown               Unknown  Unknown
mainApp            00000000004427E0  Unknown               Unknown  Unknown
mainApp            0000000000442074  Unknown               Unknown  Unknown
libesmf.so         000014A05EA5B752  f_esmf_compcollec     Unknown  Unknown
libesmf.so         000014A05E8B35CD  _ZN5ESMCI2VM8fina     Unknown  Unknown
libesmf.so         000014A05E891885  c_esmc_vmfinalize     Unknown  Unknown
libesmf.so         000014A05EFB0F6C  esmf_vmmod_mp_esm     Unknown  Unknown
libesmf.so         000014A05EDBDAA5  esmf_initmod_mp_e     Unknown  Unknown
mainApp            00000000004173DD  Unknown               Unknown  Unknown
mainApp            0000000000416D4D  Unknown               Unknown  Unknown
libc-2.31.so       000014A0585E529D  __libc_start_main     Unknown  Unknown
mainApp            0000000000416C7A  Unknown               Unknown  Unknown
forrtl: severe (174): SIGSEGV, segmentation fault occurred
Image              PC                Routine            Line        Source             
libpthread-2.31.s  000014E6A07928C0  Unknown               Unknown  Unknown
mainApp            0000000000441E90  Unknown               Unknown  Unknown
mainApp            00000000004427E0  Unknown               Unknown  Unknown
mainApp            0000000000442074  Unknown               Unknown  Unknown
libesmf.so         000014E6A2D7E752  f_esmf_compcollec     Unknown  Unknown
libesmf.so         000014E6A2BD65CD  _ZN5ESMCI2VM8fina     Unknown  Unknown
libesmf.so         000014E6A2BB4885  c_esmc_vmfinalize     Unknown  Unknown
libesmf.so         000014E6A32D3F6C  esmf_vmmod_mp_esm     Unknown  Unknown
libesmf.so         000014E6A30E0AA5  esmf_initmod_mp_e     Unknown  Unknown
mainApp            00000000004173DD  Unknown               Unknown  Unknown
mainApp            0000000000416D4D  Unknown               Unknown  Unknown
libc-2.31.so       000014E69C90829D  __libc_start_main     Unknown  Unknown
mainApp            0000000000416C7A  Unknown               Unknown  Unknown
forrtl: severe (174): SIGSEGV, segmentation fault occurred
Image              PC                Routine            Line        Source             
libpthread-2.31.s  00001516917658C0  Unknown               Unknown  Unknown
mainApp            0000000000441EC3  Unknown               Unknown  Unknown
mainApp            00000000004427E0  Unknown               Unknown  Unknown
mainApp            0000000000442074  Unknown               Unknown  Unknown
libesmf.so         0000151693D51752  f_esmf_compcollec     Unknown  Unknown
libesmf.so         0000151693BA95CD  _ZN5ESMCI2VM8fina     Unknown  Unknown
libesmf.so         0000151693B87885  c_esmc_vmfinalize     Unknown  Unknown
libesmf.so         00001516942A6F6C  esmf_vmmod_mp_esm     Unknown  Unknown
libesmf.so         00001516940B3AA5  esmf_initmod_mp_e     Unknown  Unknown
mainApp            00000000004173DD  Unknown               Unknown  Unknown
mainApp            0000000000416D4D  Unknown               Unknown  Unknown
libc-2.31.so       000015168D8DB29D  __libc_start_main     Unknown  Unknown
mainApp            0000000000416C7A  Unknown               Unknown  Unknown
dec2438.hsn.de.hpc.ucar.edu: rank 1 exited with code 174
forrtl: error (78): process killed (SIGTERM)
Image              PC                Routine            Line        Source             
libpthread-2.31.s  0000154E7CFDE8C0  Unknown               Unknown  Unknown
libc-2.31.so       0000154E7921B527  __sched_yield         Unknown  Unknown
libmpi_intel.so.1  0000154E7AE92ADE  Unknown               Unknown  Unknown
libmpi_intel.so.1  0000154E7BC2EA16  Unknown               Unknown  Unknown
libmpi_intel.so.1  0000154E7BC41169  Unknown               Unknown  Unknown
libmpi_intel.so.1  0000154E7BB50C82  Unknown               Unknown  Unknown
libmpi_intel.so.1  0000154E7A222011  Unknown               Unknown  Unknown
libmpi_intel.so.1  0000154E7A222138  Unknown               Unknown  Unknown
libmpi_intel.so.1  0000154E7BE2F4CB  Unknown               Unknown  Unknown
libmpi_intel.so.1  0000154E7A222200  Unknown               Unknown  Unknown
libmpi_intel.so.1  0000154E7C33DE96  Unknown               Unknown  Unknown
libmpi_intel.so.1  0000154E7C3DB766  Unknown               Unknown  Unknown
libmpi_intel.so.1  0000154E7BFB8E80  Unknown               Unknown  Unknown
libmpi_intel.so.1  0000154E7A6C45BC  MPI_Finalize          Unknown  Unknown
libesmf.so         0000154E7F405C60  _ZN5ESMCI3VMK8fin     Unknown  Unknown
libesmf.so         0000154E7F4226C0  _ZN5ESMCI2VM8fina     Unknown  Unknown
libesmf.so         0000154E7F400885  c_esmc_vmfinalize     Unknown  Unknown
libesmf.so         0000154E7FB1FF6C  esmf_vmmod_mp_esm     Unknown  Unknown
libesmf.so         0000154E7F92CAA5  esmf_initmod_mp_e     Unknown  Unknown
mainApp            00000000004173DD  Unknown               Unknown  Unknown
mainApp            0000000000416D4D  Unknown               Unknown  Unknown
libc-2.31.so       0000154E7915429D  __libc_start_main     Unknown  Unknown
mainApp            0000000000416C7A  Unknown               Unknown  Unknown
dec2438.hsn.de.hpc.ucar.edu: rank 0 exited with code 1
