2023-10-05 03:59:57
20231005 042828.312 INFO             PET0 !!!!!!!!!!!!!!!!!!!!!!!!!!!!!!!!!!!!!!!!!!!!!!!!!!!!!!
20231005 042828.312 INFO             PET0 !!! THE ESMF_LOG IS SET TO OUTPUT ALL LOG MESSAGES !!!
20231005 042828.312 INFO             PET0 !!!     THIS MAY CAUSE SLOWDOWN IN PERFORMANCE     !!!
20231005 042828.312 INFO             PET0 !!! FOR PRODUCTION RUNS, USE:                      !!!
20231005 042828.312 INFO             PET0 !!!                   ESMF_LOGKIND_Multi_On_Error  !!!
20231005 042828.312 INFO             PET0 !!!!!!!!!!!!!!!!!!!!!!!!!!!!!!!!!!!!!!!!!!!!!!!!!!!!!!
20231005 042828.312 INFO             PET0 Running with ESMF Version   : v8.6.0b07-59-g89013280a7
20231005 042828.312 INFO             PET0 ESMF library build date/time: "Oct  5 2023" "03:58:49"
20231005 042828.312 INFO             PET0 ESMF library build location : /tmp/gfortran_12.2.0_mpi_g_develop/esmf
20231005 042828.312 INFO             PET0 ESMF_COMM                   : mpi
20231005 042828.312 INFO             PET0 ESMF_MOAB                   : enabled
20231005 042828.312 INFO             PET0 ESMF_LAPACK                 : enabled
20231005 042828.312 INFO             PET0 ESMF_NETCDF                 : enabled
20231005 042828.312 INFO             PET0 ESMF_PNETCDF                : disabled
20231005 042828.312 INFO             PET0 ESMF_PIO                    : enabled
20231005 042828.312 INFO             PET0 ESMF_YAMLCPP                : enabled
20231005 042828.313 INFO             PET0  NUMBER_OF_PROCESSORS           1
20231005 042828.313 INFO             PET0  PASS  Example ESMF_ClockEx, ESMF_ClockEx.F90, line 220
20231005 042828.313 INFO             PET0 Finalizing ESMF
