2023-10-05 13:16:46
20231005 135049.995 INFO             PET0 !!!!!!!!!!!!!!!!!!!!!!!!!!!!!!!!!!!!!!!!!!!!!!!!!!!!!!
20231005 135049.995 INFO             PET0 !!! THE ESMF_LOG IS SET TO OUTPUT ALL LOG MESSAGES !!!
20231005 135049.995 INFO             PET0 !!!     THIS MAY CAUSE SLOWDOWN IN PERFORMANCE     !!!
20231005 135049.995 INFO             PET0 !!! FOR PRODUCTION RUNS, USE:                      !!!
20231005 135049.995 INFO             PET0 !!!                   ESMF_LOGKIND_Multi_On_Error  !!!
20231005 135049.995 INFO             PET0 !!!!!!!!!!!!!!!!!!!!!!!!!!!!!!!!!!!!!!!!!!!!!!!!!!!!!!
20231005 135049.995 INFO             PET0 Running with ESMF Version   : v8.6.0b07-5-g1640c9c621
20231005 135049.995 INFO             PET0 ESMF library build date/time: "Oct  5 2023" "13:14:13"
20231005 135049.995 INFO             PET0 ESMF library build location : /glade/scratch/theurich/ESMF-Nightly-Testing/gfortran_13.1.0_openmpi_O_feature_impure_elemental_relations/esmf
20231005 135049.995 INFO             PET0 ESMF_COMM                   : openmpi
20231005 135049.995 INFO             PET0 ESMF_MOAB                   : enabled
20231005 135049.995 INFO             PET0 ESMF_LAPACK                 : enabled
20231005 135049.995 INFO             PET0 ESMF_NETCDF                 : enabled
20231005 135049.995 INFO             PET0 ESMF_PNETCDF                : disabled
20231005 135049.995 INFO             PET0 ESMF_PIO                    : enabled
20231005 135049.995 INFO             PET0 ESMF_YAMLCPP                : enabled
20231005 135049.995 INFO             PET0  NUMBER_OF_PROCESSORS           1
20231005 135049.995 INFO             PET0  PASS  Example CalendarEx, ESMF_CalendarEx.F90, line 217
20231005 135049.995 INFO             PET0 Finalizing ESMF
