2023-11-10 02:36:00
20231110 032838.265 INFO             PET0 !!!!!!!!!!!!!!!!!!!!!!!!!!!!!!!!!!!!!!!!!!!!!!!!!!!!!!
20231110 032838.265 INFO             PET0 !!! THE ESMF_LOG IS SET TO OUTPUT ALL LOG MESSAGES !!!
20231110 032838.265 INFO             PET0 !!!     THIS MAY CAUSE SLOWDOWN IN PERFORMANCE     !!!
20231110 032838.265 INFO             PET0 !!! FOR PRODUCTION RUNS, USE:                      !!!
20231110 032838.265 INFO             PET0 !!!                   ESMF_LOGKIND_Multi_On_Error  !!!
20231110 032838.265 INFO             PET0 !!!!!!!!!!!!!!!!!!!!!!!!!!!!!!!!!!!!!!!!!!!!!!!!!!!!!!
20231110 032838.265 INFO             PET0 Running with ESMF Version   : v8.6.0
20231110 032838.265 INFO             PET0 ESMF library build date/time: "Nov 10 2023" "02:33:47"
20231110 032838.265 INFO             PET0 ESMF library build location : /Users/sacks/projects/scratch/esmf-testing/gfortranclang_12.2.0_14.0.0_openmpi_g_v8.6.0/esmf
20231110 032838.265 INFO             PET0 ESMF_COMM                   : openmpi
20231110 032838.266 INFO             PET0 ESMF_MOAB                   : enabled
20231110 032838.266 INFO             PET0 ESMF_LAPACK                 : enabled
20231110 032838.266 INFO             PET0 ESMF_NETCDF                 : enabled
20231110 032838.266 INFO             PET0 ESMF_PNETCDF                : disabled
20231110 032838.266 INFO             PET0 ESMF_PIO                    : enabled
20231110 032838.266 INFO             PET0 ESMF_YAMLCPP                : enabled
20231110 032838.266 INFO             PET0 esmApp STARTING
20231110 032838.268 INFO             PET0 esm: InitializeGeneric intro.
20231110 032838.268 INFO             PET0   esm: InitializeP0 intro.
20231110 032838.269 INFO             PET0   esm: InitializeP0 extro.
20231110 032838.269 INFO             PET0   esm: InitializeIPDv02p1 intro.
20231110 032838.269 INFO             PET0     >>>esm: entered Initialize (phase=<none>) without valid internal Clock.
20231110 032838.269 INFO             PET0     esm - Creating model component ATM with petList of size 2 :
20231110 032838.269 INFO             PET0           0      1
20231110 032838.272 INFO             PET0     esm - Creating model component OCN with petList of size 2 :
20231110 032838.272 INFO             PET0           2      3
20231110 032838.272 INFO             PET0     esm - Creating connector component ATM-TO-OCN with petList of size 4 :
20231110 032838.272 INFO             PET0           0      1      2      3
20231110 032838.284 INFO             PET0     esm - Creating connector component OCN-TO-ATM with petList of size 4 :
20231110 032838.284 INFO             PET0           2      3      0      1
20231110 032838.293 INFO             PET0     esm - Creating state: modelComp 1 Import State
20231110 032838.293 INFO             PET0     esm - Creating state: modelComp 1 Export State
20231110 032838.293 INFO             PET0     esm - Creating state: modelComp 2 Import State
20231110 032838.293 INFO             PET0     esm - Creating state: modelComp 2 Export State
20231110 032838.295 INFO             PET0     ATM: InitializeP0 intro.
20231110 032838.297 INFO             PET0     ATM: InitializeP0 extro.
20231110 032838.299 INFO             PET0     ATM-TO-OCN: InitializeP0 intro.
20231110 032838.300 INFO             PET0     ATM-TO-OCN: InitializeP0 extro.
20231110 032838.301 INFO             PET0     OCN-TO-ATM: InitializeP0 intro.
20231110 032838.302 INFO             PET0     OCN-TO-ATM: InitializeP0 extro.
20231110 032838.305 INFO             PET0     esm: IInitAdvertise intro.
20231110 032838.305 INFO             PET0     esm: IInitAdvertise extro.
20231110 032838.305 INFO             PET0     ATM: InitializeIPDvXp01 intro.
20231110 032838.310 INFO             PET0     ATM: InitializeIPDvXp01 extro.
20231110 032838.312 INFO             PET0     ATM-TO-OCN: InitializeIPDv05p1 intro.
20231110 032838.319 INFO             PET0     ATM-TO-OCN: InitializeIPDv05p1 extro.
20231110 032838.319 INFO             PET0     OCN-TO-ATM: InitializeIPDv05p1 intro.
20231110 032838.324 INFO             PET0     OCN-TO-ATM: InitializeIPDv05p1 extro.
20231110 032838.325 INFO             PET0     esm: IInitAdvertiseFinish intro.
20231110 032838.325 INFO             PET0     esm: IInitAdvertiseFinish extro.
20231110 032838.325 INFO             PET0     ATM-TO-OCN: InitializeIPDv05p2a intro.
20231110 032838.333 INFO             PET0     ATM-TO-OCN: InitializeIPDv05p2a extro.
20231110 032838.333 INFO             PET0     OCN-TO-ATM: InitializeIPDv05p2a intro.
20231110 032838.339 INFO             PET0     OCN-TO-ATM: InitializeIPDv05p2a extro.
20231110 032838.340 INFO             PET0     ATM-TO-OCN: InitializeIPDv05p2b intro.
20231110 032838.347 INFO             PET0     ATM-TO-OCN: InitializeIPDv05p2b extro.
20231110 032838.348 INFO             PET0     OCN-TO-ATM: InitializeIPDv05p2b intro.
20231110 032838.352 INFO             PET0     OCN-TO-ATM: InitializeIPDv05p2b extro.
20231110 032838.353 INFO             PET0     esm: IInitModifyCplLists intro.
20231110 032838.353 INFO             PET0     esm: IInitModifyCplLists extro.
20231110 032838.353 INFO             PET0     ATM-TO-OCN: InitializeIPDv05p3 intro.
20231110 032838.361 INFO             PET0       ATM-TO-OCN: handle cplList(1): air_pressure_at_sea_level, cplSetList(1): __UNSPECIFIED__
20231110 032838.361 INFO             PET0       ATM-TO-OCN: - connected.
20231110 032838.361 INFO             PET0       ATM-TO-OCN: handle cplList(2): surface_net_downward_shortwave_flux, cplSetList(2): __UNSPECIFIED__
20231110 032838.361 INFO             PET0       ATM-TO-OCN: - connected.
20231110 032838.361 INFO             PET0     ATM-TO-OCN: InitializeIPDv05p3 extro.
20231110 032838.362 INFO             PET0     OCN-TO-ATM: InitializeIPDv05p3 intro.
20231110 032838.366 INFO             PET0       OCN-TO-ATM: handle cplList(1): sea_surface_temperature, cplSetList(1): __UNSPECIFIED__
20231110 032838.366 INFO             PET0       OCN-TO-ATM: - connected.
20231110 032838.366 INFO             PET0     OCN-TO-ATM: InitializeIPDv05p3 extro.
20231110 032838.367 INFO             PET0     <<<esm: leaving Initialize (phase=<none>) with current time: 2010  6  1  0  0  0   0
20231110 032838.367 INFO             PET0   esm: InitializeIPDv02p1 extro.
20231110 032838.367 INFO             PET0   esm: InitializeIPDv02p3 intro.
20231110 032838.367 INFO             PET0     >>>esm: entered Initialize (phase=<none>) with current time: 2010  6  1  0  0  0   0
20231110 032838.367 INFO             PET0     esm: IInitCheck intro.
20231110 032838.367 INFO             PET0     esm: IInitCheck extro.
20231110 032838.368 INFO             PET0     ATM: InitializeIPDvXp04 intro.
20231110 032838.373 INFO             PET0     ATM: InitializeIPDvXp04 extro.
20231110 032838.376 INFO             PET0     ATM-TO-OCN: InitializeIPDv05p4 intro.
20231110 032838.389 INFO             PET0       ATM-TO-OCN: handle cplList(1): air_pressure_at_sea_level, cplSetList(1): __UNSPECIFIED__
20231110 032838.389 INFO             PET0       ATM-TO-OCN: - nothing shared or transferred
20231110 032838.389 INFO             PET0       ATM-TO-OCN: handle cplList(2): surface_net_downward_shortwave_flux, cplSetList(2): __UNSPECIFIED__
20231110 032838.390 INFO             PET0       ATM-TO-OCN: - nothing shared or transferred
20231110 032838.390 INFO             PET0     ATM-TO-OCN: InitializeIPDv05p4 extro.
20231110 032838.390 INFO             PET0     OCN-TO-ATM: InitializeIPDv05p4 intro.
20231110 032838.397 INFO             PET0       OCN-TO-ATM: handle cplList(1): sea_surface_temperature, cplSetList(1): __UNSPECIFIED__
20231110 032838.397 INFO             PET0       OCN-TO-ATM: - nothing shared or transferred
20231110 032838.397 INFO             PET0     OCN-TO-ATM: InitializeIPDv05p4 extro.
20231110 032838.397 INFO             PET0     ATM-TO-OCN: InitializeIPDv05p5 intro.
20231110 032838.408 INFO             PET0       ATM-TO-OCN: handle cplList(1): air_pressure_at_sea_level, cplSetList(1): __UNSPECIFIED__
20231110 032838.408 INFO             PET0       ATM-TO-OCN: - nothing shared or transferred, or may already be handled
20231110 032838.408 INFO             PET0       ATM-TO-OCN: handle cplList(2): surface_net_downward_shortwave_flux, cplSetList(2): __UNSPECIFIED__
20231110 032838.408 INFO             PET0       ATM-TO-OCN: - nothing shared or transferred, or may already be handled
20231110 032838.408 INFO             PET0     ATM-TO-OCN: InitializeIPDv05p5 extro.
20231110 032838.409 INFO             PET0     OCN-TO-ATM: InitializeIPDv05p5 intro.
20231110 032838.415 INFO             PET0       OCN-TO-ATM: handle cplList(1): sea_surface_temperature, cplSetList(1): __UNSPECIFIED__
20231110 032838.416 INFO             PET0       OCN-TO-ATM: - nothing shared or transferred, or may already be handled
20231110 032838.416 INFO             PET0     OCN-TO-ATM: InitializeIPDv05p5 extro.
20231110 032838.416 INFO             PET0     esm: IInitRealize intro.
20231110 032838.416 INFO             PET0     esm: IInitRealize extro.
20231110 032838.416 INFO             PET0     ATM-TO-OCN: InitializeIPDv05p6a intro.
20231110 032838.427 INFO             PET0     ATM-TO-OCN: InitializeIPDv05p6a extro.
20231110 032838.428 INFO             PET0     OCN-TO-ATM: InitializeIPDv05p6a intro.
20231110 032838.528 INFO             PET0     OCN-TO-ATM: InitializeIPDv05p6a extro.
20231110 032838.529 INFO             PET0     ATM-TO-OCN: InitializeIPDv05p6b intro.
20231110 032838.529 INFO             PET0       ATM-TO-OCN: handle cplList(1): air_pressure_at_sea_level, cplSetList(1): __UNSPECIFIED__
20231110 032838.529 INFO             PET0       ATM-TO-OCN: - no Field sharing between import and export side: remap.
20231110 032838.530 INFO             PET0       ATM-TO-OCN: handle cplList(2): surface_net_downward_shortwave_flux, cplSetList(2): __UNSPECIFIED__
20231110 032838.530 INFO             PET0       ATM-TO-OCN: - no Field sharing between import and export side: remap.
20231110 032838.670 INFO             PET0       ATM-TO-OCN: called specialized label_ComputeRouteHandle
20231110 032838.670 INFO             PET0        DetermineSrcDstOverlap: pmsl, srcLocalPet=           0
20231110 032838.670 INFO             PET0        DetermineSrcDstOverlap: pmsl, dstLocalPet=          -1
20231110 032838.670 INFO             PET0        DetermineSrcDstOverlap: rsns, srcLocalPet=           0
20231110 032838.670 INFO             PET0        DetermineSrcDstOverlap: rsns, dstLocalPet=          -1
20231110 032838.670 INFO             PET0        DetermineSrcDstOverlap: srcDstOverlap= F
20231110 032838.670 INFO             PET0        BuildUpdatePackets: pmsl, srcLocalPet=           0
20231110 032838.670 INFO             PET0        BuildUpdatePackets: pmsl, dstLocalPet=          -1
20231110 032838.670 INFO             PET0        creating new UpdatePacket for srcPetCount=           2  dstPetCount=           2
20231110 032838.670 INFO             PET0        upE%sendToPets list of size 1 :
20231110 032838.670 INFO             PET0             2
20231110 032838.670 INFO             PET0        upE%recvFromPet=          -1
20231110 032838.670 INFO             PET0        after field add, now upE%fieldCount=           1
20231110 032838.670 INFO             PET0        BuildUpdatePackets: rsns, srcLocalPet=           0
20231110 032838.670 INFO             PET0        BuildUpdatePackets: rsns, dstLocalPet=          -1
20231110 032838.670 INFO             PET0        after field add, now upE%fieldCount=           2
20231110 032838.670 INFO             PET0        BuildUpdatePackets: final UpdatePacket count=           1
20231110 032838.670 INFO             PET0     ATM-TO-OCN: InitializeIPDv05p6b extro.
20231110 032838.671 INFO             PET0     OCN-TO-ATM: InitializeIPDv05p6b intro.
20231110 032838.671 INFO             PET0       OCN-TO-ATM: handle cplList(1): sea_surface_temperature, cplSetList(1): __UNSPECIFIED__
20231110 032838.671 INFO             PET0       OCN-TO-ATM: - no Field sharing between import and export side: remap.
20231110 032838.806 INFO             PET0       OCN-TO-ATM: called specialized label_ComputeRouteHandle
20231110 032838.806 INFO             PET0        DetermineSrcDstOverlap: sst, srcLocalPet=          -1
20231110 032838.806 INFO             PET0        DetermineSrcDstOverlap: sst, dstLocalPet=           0
20231110 032838.806 INFO             PET0        DetermineSrcDstOverlap: srcDstOverlap= F
20231110 032838.806 INFO             PET0        BuildUpdatePackets: sst, srcLocalPet=          -1
20231110 032838.806 INFO             PET0        BuildUpdatePackets: sst, dstLocalPet=           0
20231110 032838.806 INFO             PET0        creating new UpdatePacket for srcPetCount=           2  dstPetCount=           2
20231110 032838.806 INFO             PET0        upE%sendToPets list of size 0 :
20231110 032838.806 INFO             PET0        upE%recvFromPet=           0
20231110 032838.806 INFO             PET0        after field add, now upE%fieldCount=           1
20231110 032838.806 INFO             PET0        BuildUpdatePackets: final UpdatePacket count=           1
20231110 032838.806 INFO             PET0     OCN-TO-ATM: InitializeIPDv05p6b extro.
20231110 032838.806 INFO             PET0     ATM: InitializeIPDvXp07 intro.
20231110 032838.807 INFO             PET0     ATM: InitializeIPDvXp07 extro.
20231110 032838.807 INFO             PET0     <<<esm: leaving Initialize (phase=<none>) with current time: 2010  6  1  0  0  0   0
20231110 032838.807 INFO             PET0   esm: InitializeIPDv02p3 extro.
20231110 032838.807 INFO             PET0   esm: InitializeIPDv02p5 intro.
20231110 032838.807 INFO             PET0     >>>esm: entered Initialize (phase=<none>) with current time: 2010  6  1  0  0  0   0
20231110 032838.807 INFO             PET0     esm: this is a top level driver, no 'Updated' and 'InitializeDataComplete' info on this level.
20231110 032838.807 INFO             PET0     esm: InitializeIPDv02p5Data intro.
20231110 032838.808 INFO             PET0       esm: InternalInitializeComplete intro.
20231110 032838.808 INFO             PET0         esm: InitializeDataComplete='true'
20231110 032838.808 INFO             PET0       esm: InternalInitializeComplete extro.
20231110 032838.808 INFO             PET0       ATM: InitializeIPDv01p5 intro.
20231110 032838.808 INFO             PET0       ATM: InitializeIPDv01p5 extro.
20231110 032838.811 INFO             PET0       esm: components present that trigger loopDataDependentInitialize().
20231110 032838.811 INFO             PET0       esm: loopDataDependentInitialize intro.
20231110 032838.812 INFO             PET0         esm: component    0=esm, dataComplete (local): true
20231110 032838.812 INFO             PET0         esm: component    0=esm, dataComplete (global): T
20231110 032838.812 INFO             PET0         esm: component    1=ATM, dataComplete (local): true
20231110 032838.812 INFO             PET0         esm: component    1=ATM, dataComplete (global): T
20231110 032838.812 INFO             PET0         esm: component    2=OCN, dataComplete (local): true
20231110 032838.812 INFO             PET0         esm: component    2=OCN, dataComplete (global): T
20231110 032838.812 INFO             PET0         esm: someProgress=F, allComplete=T, present(dataDepAllComplete)=T
20231110 032838.812 INFO             PET0         esm: finished resolving initialize data dependencies on this level.
20231110 032838.812 INFO             PET0       esm: loopDataDependentInitialize extro.
20231110 032838.812 INFO             PET0       esm: loopDataDependentInitialize() returned with dataDepAllComplete: T
20231110 032838.812 INFO             PET0     esm: InitializeIPDv02p5Data extro.
20231110 032838.812 INFO             PET0     <<<esm: leaving Initialize (phase=<none>) with current time: 2010  6  1  0  0  0   0
20231110 032838.812 INFO             PET0   esm: InitializeIPDv02p5 extro.
20231110 032838.812 INFO             PET0 esm: InitializeGeneric extro.
20231110 032838.813 INFO             PET0 esm: Run intro.
20231110 032838.813 INFO             PET0   >>>esm entered Run (phase=RunPhase1) with current time: 2010  6  1  0  0  0   0
20231110 032838.813 INFO             PET0   esm: after lable_SetRunClock, current time: 2010  6  1  0  0  0   0
20231110 032838.813 INFO             PET0   esm: begin -------> RunSequence.
20231110 032838.813 INFO             PET0     esm: RunSequence event loopLevel=   1  levelMember=   1  loopIteration=   1, current time: 2010  6  1  0  0  0   0
20231110 032838.814 INFO             PET0     ATM-TO-OCN: Run intro.
20231110 032838.814 INFO             PET0       Testing parentClock from conn.F90 ExecuteRH(): 2010  6  1  0  0  0   0
20231110 032838.816 INFO             PET0     ATM-TO-OCN: Run extro.
20231110 032838.820 INFO             PET0     OCN-TO-ATM: Run intro.
20231110 032838.820 INFO             PET0       Testing parentClock from conn.F90 ExecuteRH(): 2010  6  1  0  0  0   0
20231110 032838.829 INFO             PET0     OCN-TO-ATM: Run extro.
20231110 032838.830 INFO             PET0     ATM: Run intro.
20231110 032838.830 INFO             PET0       ------>Advancing ATM from: 2010  6  1  0  0  0   0
20231110 032838.830 INFO             PET0       ---------------------> to: 2010  6  1  0 15  0   0
20231110 032838.830 INFO             PET0     ATM: Run extro.
20231110 032838.830 INFO             PET0     esm: RunSequence event loopLevel=   1  levelMember=   1  loopIteration=   2, current time: 2010  6  1  0 15  0   0
20231110 032838.830 INFO             PET0     ATM-TO-OCN: Run intro.
20231110 032838.830 INFO             PET0       Testing parentClock from conn.F90 ExecuteRH(): 2010  6  1  0 15  0   0
20231110 032838.840 INFO             PET0     ATM-TO-OCN: Run extro.
20231110 032838.840 INFO             PET0     OCN-TO-ATM: Run intro.
20231110 032838.840 INFO             PET0       Testing parentClock from conn.F90 ExecuteRH(): 2010  6  1  0 15  0   0
20231110 032838.861 INFO             PET0     OCN-TO-ATM: Run extro.
20231110 032838.861 INFO             PET0     ATM: Run intro.
20231110 032838.861 INFO             PET0       ------>Advancing ATM from: 2010  6  1  0 15  0   0
20231110 032838.861 INFO             PET0       ---------------------> to: 2010  6  1  0 30  0   0
20231110 032838.861 INFO             PET0     ATM: Run extro.
20231110 032838.862 INFO             PET0     esm: RunSequence event loopLevel=   1  levelMember=   1  loopIteration=   3, current time: 2010  6  1  0 30  0   0
20231110 032838.862 INFO             PET0     ATM-TO-OCN: Run intro.
20231110 032838.862 INFO             PET0       Testing parentClock from conn.F90 ExecuteRH(): 2010  6  1  0 30  0   0
20231110 032838.863 INFO             PET0     ATM-TO-OCN: Run extro.
20231110 032838.863 INFO             PET0     OCN-TO-ATM: Run intro.
20231110 032838.863 INFO             PET0       Testing parentClock from conn.F90 ExecuteRH(): 2010  6  1  0 30  0   0
20231110 032838.863 INFO             PET0     OCN-TO-ATM: Run extro.
20231110 032838.864 INFO             PET0     ATM: Run intro.
20231110 032838.864 INFO             PET0       ------>Advancing ATM from: 2010  6  1  0 30  0   0
20231110 032838.864 INFO             PET0       ---------------------> to: 2010  6  1  0 45  0   0
20231110 032838.864 INFO             PET0     ATM: Run extro.
20231110 032838.864 INFO             PET0     esm: RunSequence event loopLevel=   1  levelMember=   1  loopIteration=   4, current time: 2010  6  1  0 45  0   0
20231110 032838.864 INFO             PET0     ATM-TO-OCN: Run intro.
20231110 032838.864 INFO             PET0       Testing parentClock from conn.F90 ExecuteRH(): 2010  6  1  0 45  0   0
20231110 032838.864 INFO             PET0     ATM-TO-OCN: Run extro.
20231110 032838.865 INFO             PET0     OCN-TO-ATM: Run intro.
20231110 032838.865 INFO             PET0       Testing parentClock from conn.F90 ExecuteRH(): 2010  6  1  0 45  0   0
20231110 032838.865 INFO             PET0     OCN-TO-ATM: Run extro.
20231110 032838.865 INFO             PET0     ATM: Run intro.
20231110 032838.865 INFO             PET0       ------>Advancing ATM from: 2010  6  1  0 45  0   0
20231110 032838.865 INFO             PET0       ---------------------> to: 2010  6  1  1  0  0   0
20231110 032838.866 INFO             PET0     ATM: Run extro.
20231110 032838.866 INFO             PET0   esm: end <--------- RunSequence
20231110 032838.866 INFO             PET0   <<<esm - leaving Run with current time: 2010  6  1  1  0  0   0
20231110 032838.866 INFO             PET0 esm: Run extro.
20231110 032838.866 INFO             PET0 esm: Finalize intro.
20231110 032838.866 INFO             PET0   Calling Finalize phase 1 for connectorComp: ATM-TO-OCN
20231110 032838.866 INFO             PET0   ATM-TO-OCN: Finalize intro.
20231110 032838.866 INFO             PET0   ATM-TO-OCN: Finalize extro.
20231110 032838.866 INFO             PET0   Calling Finalize phase 1 for connectorComp: OCN-TO-ATM
20231110 032838.866 INFO             PET0   OCN-TO-ATM: Finalize intro.
20231110 032838.867 INFO             PET0   OCN-TO-ATM: Finalize extro.
20231110 032838.867 INFO             PET0   Calling Finalize phase 1 for modelComp: ATM
20231110 032838.867 INFO             PET0   ATM: Finalize intro.
20231110 032838.867 INFO             PET0   ATM: Finalize extro.
20231110 032838.867 INFO             PET0   Calling Finalize phase 1 for modelComp: OCN
20231110 032838.867 INFO             PET0   Delete modelComp: ATM
20231110 032838.867 INFO             PET0   Delete Import-/Export State for modelComp: ATM
20231110 032838.867 INFO             PET0   Delete modelComp: OCN
20231110 032838.867 INFO             PET0   Delete Import-/Export State for modelComp: OCN
20231110 032838.867 INFO             PET0   Delete connectorComp: ATM-TO-OCN
20231110 032838.867 INFO             PET0   Delete connectorComp: OCN-TO-ATM
20231110 032838.867 INFO             PET0 esm: Finalize extro.
20231110 032838.867 INFO             PET0 esmApp FINISHED
20231110 032838.867 INFO             PET0  Finalizing ESMF
20231110 032838.265 INFO             PET1 !!!!!!!!!!!!!!!!!!!!!!!!!!!!!!!!!!!!!!!!!!!!!!!!!!!!!!
20231110 032838.265 INFO             PET1 !!! THE ESMF_LOG IS SET TO OUTPUT ALL LOG MESSAGES !!!
20231110 032838.265 INFO             PET1 !!!     THIS MAY CAUSE SLOWDOWN IN PERFORMANCE     !!!
20231110 032838.265 INFO             PET1 !!! FOR PRODUCTION RUNS, USE:                      !!!
20231110 032838.265 INFO             PET1 !!!                   ESMF_LOGKIND_Multi_On_Error  !!!
20231110 032838.265 INFO             PET1 !!!!!!!!!!!!!!!!!!!!!!!!!!!!!!!!!!!!!!!!!!!!!!!!!!!!!!
20231110 032838.265 INFO             PET1 Running with ESMF Version   : v8.6.0
20231110 032838.265 INFO             PET1 ESMF library build date/time: "Nov 10 2023" "02:33:47"
20231110 032838.265 INFO             PET1 ESMF library build location : /Users/sacks/projects/scratch/esmf-testing/gfortranclang_12.2.0_14.0.0_openmpi_g_v8.6.0/esmf
20231110 032838.265 INFO             PET1 ESMF_COMM                   : openmpi
20231110 032838.265 INFO             PET1 ESMF_MOAB                   : enabled
20231110 032838.265 INFO             PET1 ESMF_LAPACK                 : enabled
20231110 032838.265 INFO             PET1 ESMF_NETCDF                 : enabled
20231110 032838.265 INFO             PET1 ESMF_PNETCDF                : disabled
20231110 032838.265 INFO             PET1 ESMF_PIO                    : enabled
20231110 032838.265 INFO             PET1 ESMF_YAMLCPP                : enabled
20231110 032838.266 INFO             PET1 esmApp STARTING
20231110 032838.269 INFO             PET1 esm: InitializeGeneric intro.
20231110 032838.269 INFO             PET1   esm: InitializeP0 intro.
20231110 032838.269 INFO             PET1   esm: InitializeP0 extro.
20231110 032838.269 INFO             PET1   esm: InitializeIPDv02p1 intro.
20231110 032838.269 INFO             PET1     >>>esm: entered Initialize (phase=<none>) without valid internal Clock.
20231110 032838.269 INFO             PET1     esm - Creating model component ATM with petList of size 2 :
20231110 032838.269 INFO             PET1           0      1
20231110 032838.272 INFO             PET1     esm - Creating model component OCN with petList of size 2 :
20231110 032838.272 INFO             PET1           2      3
20231110 032838.272 INFO             PET1     esm - Creating connector component ATM-TO-OCN with petList of size 4 :
20231110 032838.272 INFO             PET1           0      1      2      3
20231110 032838.284 INFO             PET1     esm - Creating connector component OCN-TO-ATM with petList of size 4 :
20231110 032838.284 INFO             PET1           2      3      0      1
20231110 032838.293 INFO             PET1     esm - Creating state: modelComp 1 Import State
20231110 032838.293 INFO             PET1     esm - Creating state: modelComp 1 Export State
20231110 032838.293 INFO             PET1     esm - Creating state: modelComp 2 Import State
20231110 032838.293 INFO             PET1     esm - Creating state: modelComp 2 Export State
20231110 032838.295 INFO             PET1     ATM: InitializeP0 intro.
20231110 032838.297 INFO             PET1     ATM: InitializeP0 extro.
20231110 032838.299 INFO             PET1     ATM-TO-OCN: InitializeP0 intro.
20231110 032838.300 INFO             PET1     ATM-TO-OCN: InitializeP0 extro.
20231110 032838.301 INFO             PET1     OCN-TO-ATM: InitializeP0 intro.
20231110 032838.302 INFO             PET1     OCN-TO-ATM: InitializeP0 extro.
20231110 032838.305 INFO             PET1     esm: IInitAdvertise intro.
20231110 032838.305 INFO             PET1     esm: IInitAdvertise extro.
20231110 032838.305 INFO             PET1     ATM: InitializeIPDvXp01 intro.
20231110 032838.310 INFO             PET1     ATM: InitializeIPDvXp01 extro.
20231110 032838.312 INFO             PET1     ATM-TO-OCN: InitializeIPDv05p1 intro.
20231110 032838.319 INFO             PET1     ATM-TO-OCN: InitializeIPDv05p1 extro.
20231110 032838.319 INFO             PET1     OCN-TO-ATM: InitializeIPDv05p1 intro.
20231110 032838.324 INFO             PET1     OCN-TO-ATM: InitializeIPDv05p1 extro.
20231110 032838.325 INFO             PET1     esm: IInitAdvertiseFinish intro.
20231110 032838.325 INFO             PET1     esm: IInitAdvertiseFinish extro.
20231110 032838.325 INFO             PET1     ATM-TO-OCN: InitializeIPDv05p2a intro.
20231110 032838.333 INFO             PET1     ATM-TO-OCN: InitializeIPDv05p2a extro.
20231110 032838.333 INFO             PET1     OCN-TO-ATM: InitializeIPDv05p2a intro.
20231110 032838.339 INFO             PET1     OCN-TO-ATM: InitializeIPDv05p2a extro.
20231110 032838.340 INFO             PET1     ATM-TO-OCN: InitializeIPDv05p2b intro.
20231110 032838.348 INFO             PET1     ATM-TO-OCN: InitializeIPDv05p2b extro.
20231110 032838.348 INFO             PET1     OCN-TO-ATM: InitializeIPDv05p2b intro.
20231110 032838.352 INFO             PET1     OCN-TO-ATM: InitializeIPDv05p2b extro.
20231110 032838.353 INFO             PET1     esm: IInitModifyCplLists intro.
20231110 032838.353 INFO             PET1     esm: IInitModifyCplLists extro.
20231110 032838.353 INFO             PET1     ATM-TO-OCN: InitializeIPDv05p3 intro.
20231110 032838.361 INFO             PET1       ATM-TO-OCN: handle cplList(1): air_pressure_at_sea_level, cplSetList(1): __UNSPECIFIED__
20231110 032838.361 INFO             PET1       ATM-TO-OCN: - connected.
20231110 032838.361 INFO             PET1       ATM-TO-OCN: handle cplList(2): surface_net_downward_shortwave_flux, cplSetList(2): __UNSPECIFIED__
20231110 032838.361 INFO             PET1       ATM-TO-OCN: - connected.
20231110 032838.361 INFO             PET1     ATM-TO-OCN: InitializeIPDv05p3 extro.
20231110 032838.362 INFO             PET1     OCN-TO-ATM: InitializeIPDv05p3 intro.
20231110 032838.366 INFO             PET1       OCN-TO-ATM: handle cplList(1): sea_surface_temperature, cplSetList(1): __UNSPECIFIED__
20231110 032838.366 INFO             PET1       OCN-TO-ATM: - connected.
20231110 032838.366 INFO             PET1     OCN-TO-ATM: InitializeIPDv05p3 extro.
20231110 032838.367 INFO             PET1     <<<esm: leaving Initialize (phase=<none>) with current time: 2010  6  1  0  0  0   0
20231110 032838.367 INFO             PET1   esm: InitializeIPDv02p1 extro.
20231110 032838.367 INFO             PET1   esm: InitializeIPDv02p3 intro.
20231110 032838.367 INFO             PET1     >>>esm: entered Initialize (phase=<none>) with current time: 2010  6  1  0  0  0   0
20231110 032838.367 INFO             PET1     esm: IInitCheck intro.
20231110 032838.367 INFO             PET1     esm: IInitCheck extro.
20231110 032838.368 INFO             PET1     ATM: InitializeIPDvXp04 intro.
20231110 032838.373 INFO             PET1     ATM: InitializeIPDvXp04 extro.
20231110 032838.376 INFO             PET1     ATM-TO-OCN: InitializeIPDv05p4 intro.
20231110 032838.389 INFO             PET1       ATM-TO-OCN: handle cplList(1): air_pressure_at_sea_level, cplSetList(1): __UNSPECIFIED__
20231110 032838.389 INFO             PET1       ATM-TO-OCN: - nothing shared or transferred
20231110 032838.389 INFO             PET1       ATM-TO-OCN: handle cplList(2): surface_net_downward_shortwave_flux, cplSetList(2): __UNSPECIFIED__
20231110 032838.390 INFO             PET1       ATM-TO-OCN: - nothing shared or transferred
20231110 032838.390 INFO             PET1     ATM-TO-OCN: InitializeIPDv05p4 extro.
20231110 032838.390 INFO             PET1     OCN-TO-ATM: InitializeIPDv05p4 intro.
20231110 032838.397 INFO             PET1       OCN-TO-ATM: handle cplList(1): sea_surface_temperature, cplSetList(1): __UNSPECIFIED__
20231110 032838.397 INFO             PET1       OCN-TO-ATM: - nothing shared or transferred
20231110 032838.397 INFO             PET1     OCN-TO-ATM: InitializeIPDv05p4 extro.
20231110 032838.398 INFO             PET1     ATM-TO-OCN: InitializeIPDv05p5 intro.
20231110 032838.408 INFO             PET1       ATM-TO-OCN: handle cplList(1): air_pressure_at_sea_level, cplSetList(1): __UNSPECIFIED__
20231110 032838.408 INFO             PET1       ATM-TO-OCN: - nothing shared or transferred, or may already be handled
20231110 032838.408 INFO             PET1       ATM-TO-OCN: handle cplList(2): surface_net_downward_shortwave_flux, cplSetList(2): __UNSPECIFIED__
20231110 032838.408 INFO             PET1       ATM-TO-OCN: - nothing shared or transferred, or may already be handled
20231110 032838.408 INFO             PET1     ATM-TO-OCN: InitializeIPDv05p5 extro.
20231110 032838.409 INFO             PET1     OCN-TO-ATM: InitializeIPDv05p5 intro.
20231110 032838.415 INFO             PET1       OCN-TO-ATM: handle cplList(1): sea_surface_temperature, cplSetList(1): __UNSPECIFIED__
20231110 032838.416 INFO             PET1       OCN-TO-ATM: - nothing shared or transferred, or may already be handled
20231110 032838.416 INFO             PET1     OCN-TO-ATM: InitializeIPDv05p5 extro.
20231110 032838.416 INFO             PET1     esm: IInitRealize intro.
20231110 032838.416 INFO             PET1     esm: IInitRealize extro.
20231110 032838.416 INFO             PET1     ATM-TO-OCN: InitializeIPDv05p6a intro.
20231110 032838.427 INFO             PET1     ATM-TO-OCN: InitializeIPDv05p6a extro.
20231110 032838.427 INFO             PET1     OCN-TO-ATM: InitializeIPDv05p6a intro.
20231110 032838.528 INFO             PET1     OCN-TO-ATM: InitializeIPDv05p6a extro.
20231110 032838.529 INFO             PET1     ATM-TO-OCN: InitializeIPDv05p6b intro.
20231110 032838.529 INFO             PET1       ATM-TO-OCN: handle cplList(1): air_pressure_at_sea_level, cplSetList(1): __UNSPECIFIED__
20231110 032838.529 INFO             PET1       ATM-TO-OCN: - no Field sharing between import and export side: remap.
20231110 032838.529 INFO             PET1       ATM-TO-OCN: handle cplList(2): surface_net_downward_shortwave_flux, cplSetList(2): __UNSPECIFIED__
20231110 032838.530 INFO             PET1       ATM-TO-OCN: - no Field sharing between import and export side: remap.
20231110 032838.670 INFO             PET1       ATM-TO-OCN: called specialized label_ComputeRouteHandle
20231110 032838.670 INFO             PET1        DetermineSrcDstOverlap: pmsl, srcLocalPet=           1
20231110 032838.670 INFO             PET1        DetermineSrcDstOverlap: pmsl, dstLocalPet=          -1
20231110 032838.670 INFO             PET1        DetermineSrcDstOverlap: rsns, srcLocalPet=           1
20231110 032838.670 INFO             PET1        DetermineSrcDstOverlap: rsns, dstLocalPet=          -1
20231110 032838.670 INFO             PET1        DetermineSrcDstOverlap: srcDstOverlap= F
20231110 032838.670 INFO             PET1        BuildUpdatePackets: pmsl, srcLocalPet=           1
20231110 032838.670 INFO             PET1        BuildUpdatePackets: pmsl, dstLocalPet=          -1
20231110 032838.670 INFO             PET1        creating new UpdatePacket for srcPetCount=           2  dstPetCount=           2
20231110 032838.670 INFO             PET1        upE%sendToPets list of size 1 :
20231110 032838.670 INFO             PET1             3
20231110 032838.670 INFO             PET1        upE%recvFromPet=          -1
20231110 032838.670 INFO             PET1        after field add, now upE%fieldCount=           1
20231110 032838.670 INFO             PET1        BuildUpdatePackets: rsns, srcLocalPet=           1
20231110 032838.670 INFO             PET1        BuildUpdatePackets: rsns, dstLocalPet=          -1
20231110 032838.670 INFO             PET1        after field add, now upE%fieldCount=           2
20231110 032838.670 INFO             PET1        BuildUpdatePackets: final UpdatePacket count=           1
20231110 032838.670 INFO             PET1     ATM-TO-OCN: InitializeIPDv05p6b extro.
20231110 032838.671 INFO             PET1     OCN-TO-ATM: InitializeIPDv05p6b intro.
20231110 032838.671 INFO             PET1       OCN-TO-ATM: handle cplList(1): sea_surface_temperature, cplSetList(1): __UNSPECIFIED__
20231110 032838.671 INFO             PET1       OCN-TO-ATM: - no Field sharing between import and export side: remap.
20231110 032838.806 INFO             PET1       OCN-TO-ATM: called specialized label_ComputeRouteHandle
20231110 032838.806 INFO             PET1        DetermineSrcDstOverlap: sst, srcLocalPet=          -1
20231110 032838.806 INFO             PET1        DetermineSrcDstOverlap: sst, dstLocalPet=           1
20231110 032838.806 INFO             PET1        DetermineSrcDstOverlap: srcDstOverlap= F
20231110 032838.806 INFO             PET1        BuildUpdatePackets: sst, srcLocalPet=          -1
20231110 032838.806 INFO             PET1        BuildUpdatePackets: sst, dstLocalPet=           1
20231110 032838.806 INFO             PET1        creating new UpdatePacket for srcPetCount=           2  dstPetCount=           2
20231110 032838.806 INFO             PET1        upE%sendToPets list of size 0 :
20231110 032838.806 INFO             PET1        upE%recvFromPet=           1
20231110 032838.806 INFO             PET1        after field add, now upE%fieldCount=           1
20231110 032838.806 INFO             PET1        BuildUpdatePackets: final UpdatePacket count=           1
20231110 032838.806 INFO             PET1     OCN-TO-ATM: InitializeIPDv05p6b extro.
20231110 032838.806 INFO             PET1     ATM: InitializeIPDvXp07 intro.
20231110 032838.807 INFO             PET1     ATM: InitializeIPDvXp07 extro.
20231110 032838.807 INFO             PET1     <<<esm: leaving Initialize (phase=<none>) with current time: 2010  6  1  0  0  0   0
20231110 032838.807 INFO             PET1   esm: InitializeIPDv02p3 extro.
20231110 032838.807 INFO             PET1   esm: InitializeIPDv02p5 intro.
20231110 032838.807 INFO             PET1     >>>esm: entered Initialize (phase=<none>) with current time: 2010  6  1  0  0  0   0
20231110 032838.807 INFO             PET1     esm: this is a top level driver, no 'Updated' and 'InitializeDataComplete' info on this level.
20231110 032838.807 INFO             PET1     esm: InitializeIPDv02p5Data intro.
20231110 032838.808 INFO             PET1       esm: InternalInitializeComplete intro.
20231110 032838.808 INFO             PET1         esm: InitializeDataComplete='true'
20231110 032838.808 INFO             PET1       esm: InternalInitializeComplete extro.
20231110 032838.808 INFO             PET1       ATM: InitializeIPDv01p5 intro.
20231110 032838.808 INFO             PET1       ATM: InitializeIPDv01p5 extro.
20231110 032838.811 INFO             PET1       esm: components present that trigger loopDataDependentInitialize().
20231110 032838.811 INFO             PET1       esm: loopDataDependentInitialize intro.
20231110 032838.812 INFO             PET1         esm: component    0=esm, dataComplete (local): true
20231110 032838.812 INFO             PET1         esm: component    0=esm, dataComplete (global): T
20231110 032838.812 INFO             PET1         esm: component    1=ATM, dataComplete (local): true
20231110 032838.812 INFO             PET1         esm: component    1=ATM, dataComplete (global): T
20231110 032838.812 INFO             PET1         esm: component    2=OCN, dataComplete (local): true
20231110 032838.812 INFO             PET1         esm: component    2=OCN, dataComplete (global): T
20231110 032838.812 INFO             PET1         esm: someProgress=F, allComplete=T, present(dataDepAllComplete)=T
20231110 032838.812 INFO             PET1         esm: finished resolving initialize data dependencies on this level.
20231110 032838.812 INFO             PET1       esm: loopDataDependentInitialize extro.
20231110 032838.812 INFO             PET1       esm: loopDataDependentInitialize() returned with dataDepAllComplete: T
20231110 032838.812 INFO             PET1     esm: InitializeIPDv02p5Data extro.
20231110 032838.812 INFO             PET1     <<<esm: leaving Initialize (phase=<none>) with current time: 2010  6  1  0  0  0   0
20231110 032838.812 INFO             PET1   esm: InitializeIPDv02p5 extro.
20231110 032838.812 INFO             PET1 esm: InitializeGeneric extro.
20231110 032838.813 INFO             PET1 esm: Run intro.
20231110 032838.813 INFO             PET1   >>>esm entered Run (phase=RunPhase1) with current time: 2010  6  1  0  0  0   0
20231110 032838.813 INFO             PET1   esm: after lable_SetRunClock, current time: 2010  6  1  0  0  0   0
20231110 032838.813 INFO             PET1   esm: begin -------> RunSequence.
20231110 032838.813 INFO             PET1     esm: RunSequence event loopLevel=   1  levelMember=   1  loopIteration=   1, current time: 2010  6  1  0  0  0   0
20231110 032838.814 INFO             PET1     ATM-TO-OCN: Run intro.
20231110 032838.814 INFO             PET1       Testing parentClock from conn.F90 ExecuteRH(): 2010  6  1  0  0  0   0
20231110 032838.824 INFO             PET1     ATM-TO-OCN: Run extro.
20231110 032838.825 INFO             PET1     OCN-TO-ATM: Run intro.
20231110 032838.825 INFO             PET1       Testing parentClock from conn.F90 ExecuteRH(): 2010  6  1  0  0  0   0
20231110 032838.843 INFO             PET1     OCN-TO-ATM: Run extro.
20231110 032838.843 INFO             PET1     ATM: Run intro.
20231110 032838.844 INFO             PET1       ------>Advancing ATM from: 2010  6  1  0  0  0   0
20231110 032838.844 INFO             PET1       ---------------------> to: 2010  6  1  0 15  0   0
20231110 032838.844 INFO             PET1     ATM: Run extro.
20231110 032838.844 INFO             PET1     esm: RunSequence event loopLevel=   1  levelMember=   1  loopIteration=   2, current time: 2010  6  1  0 15  0   0
20231110 032838.845 INFO             PET1     ATM-TO-OCN: Run intro.
20231110 032838.845 INFO             PET1       Testing parentClock from conn.F90 ExecuteRH(): 2010  6  1  0 15  0   0
20231110 032838.861 INFO             PET1     ATM-TO-OCN: Run extro.
20231110 032838.861 INFO             PET1     OCN-TO-ATM: Run intro.
20231110 032838.861 INFO             PET1       Testing parentClock from conn.F90 ExecuteRH(): 2010  6  1  0 15  0   0
20231110 032838.862 INFO             PET1     OCN-TO-ATM: Run extro.
20231110 032838.862 INFO             PET1     ATM: Run intro.
20231110 032838.862 INFO             PET1       ------>Advancing ATM from: 2010  6  1  0 15  0   0
20231110 032838.862 INFO             PET1       ---------------------> to: 2010  6  1  0 30  0   0
20231110 032838.862 INFO             PET1     ATM: Run extro.
20231110 032838.862 INFO             PET1     esm: RunSequence event loopLevel=   1  levelMember=   1  loopIteration=   3, current time: 2010  6  1  0 30  0   0
20231110 032838.863 INFO             PET1     ATM-TO-OCN: Run intro.
20231110 032838.863 INFO             PET1       Testing parentClock from conn.F90 ExecuteRH(): 2010  6  1  0 30  0   0
20231110 032838.863 INFO             PET1     ATM-TO-OCN: Run extro.
20231110 032838.863 INFO             PET1     OCN-TO-ATM: Run intro.
20231110 032838.863 INFO             PET1       Testing parentClock from conn.F90 ExecuteRH(): 2010  6  1  0 30  0   0
20231110 032838.863 INFO             PET1     OCN-TO-ATM: Run extro.
20231110 032838.864 INFO             PET1     ATM: Run intro.
20231110 032838.864 INFO             PET1       ------>Advancing ATM from: 2010  6  1  0 30  0   0
20231110 032838.864 INFO             PET1       ---------------------> to: 2010  6  1  0 45  0   0
20231110 032838.864 INFO             PET1     ATM: Run extro.
20231110 032838.864 INFO             PET1     esm: RunSequence event loopLevel=   1  levelMember=   1  loopIteration=   4, current time: 2010  6  1  0 45  0   0
20231110 032838.864 INFO             PET1     ATM-TO-OCN: Run intro.
20231110 032838.864 INFO             PET1       Testing parentClock from conn.F90 ExecuteRH(): 2010  6  1  0 45  0   0
20231110 032838.864 INFO             PET1     ATM-TO-OCN: Run extro.
20231110 032838.865 INFO             PET1     OCN-TO-ATM: Run intro.
20231110 032838.865 INFO             PET1       Testing parentClock from conn.F90 ExecuteRH(): 2010  6  1  0 45  0   0
20231110 032838.865 INFO             PET1     OCN-TO-ATM: Run extro.
20231110 032838.865 INFO             PET1     ATM: Run intro.
20231110 032838.865 INFO             PET1       ------>Advancing ATM from: 2010  6  1  0 45  0   0
20231110 032838.866 INFO             PET1       ---------------------> to: 2010  6  1  1  0  0   0
20231110 032838.866 INFO             PET1     ATM: Run extro.
20231110 032838.866 INFO             PET1   esm: end <--------- RunSequence
20231110 032838.866 INFO             PET1   <<<esm - leaving Run with current time: 2010  6  1  1  0  0   0
20231110 032838.866 INFO             PET1 esm: Run extro.
20231110 032838.866 INFO             PET1 esm: Finalize intro.
20231110 032838.866 INFO             PET1   Calling Finalize phase 1 for connectorComp: ATM-TO-OCN
20231110 032838.866 INFO             PET1   ATM-TO-OCN: Finalize intro.
20231110 032838.866 INFO             PET1   ATM-TO-OCN: Finalize extro.
20231110 032838.866 INFO             PET1   Calling Finalize phase 1 for connectorComp: OCN-TO-ATM
20231110 032838.866 INFO             PET1   OCN-TO-ATM: Finalize intro.
20231110 032838.867 INFO             PET1   OCN-TO-ATM: Finalize extro.
20231110 032838.867 INFO             PET1   Calling Finalize phase 1 for modelComp: ATM
20231110 032838.867 INFO             PET1   ATM: Finalize intro.
20231110 032838.867 INFO             PET1   ATM: Finalize extro.
20231110 032838.867 INFO             PET1   Calling Finalize phase 1 for modelComp: OCN
20231110 032838.867 INFO             PET1   Delete modelComp: ATM
20231110 032838.867 INFO             PET1   Delete Import-/Export State for modelComp: ATM
20231110 032838.867 INFO             PET1   Delete modelComp: OCN
20231110 032838.867 INFO             PET1   Delete Import-/Export State for modelComp: OCN
20231110 032838.867 INFO             PET1   Delete connectorComp: ATM-TO-OCN
20231110 032838.867 INFO             PET1   Delete connectorComp: OCN-TO-ATM
20231110 032838.867 INFO             PET1 esm: Finalize extro.
20231110 032838.867 INFO             PET1 esmApp FINISHED
20231110 032838.867 INFO             PET1  Finalizing ESMF
20231110 032838.265 INFO             PET2 !!!!!!!!!!!!!!!!!!!!!!!!!!!!!!!!!!!!!!!!!!!!!!!!!!!!!!
20231110 032838.265 INFO             PET2 !!! THE ESMF_LOG IS SET TO OUTPUT ALL LOG MESSAGES !!!
20231110 032838.265 INFO             PET2 !!!     THIS MAY CAUSE SLOWDOWN IN PERFORMANCE     !!!
20231110 032838.265 INFO             PET2 !!! FOR PRODUCTION RUNS, USE:                      !!!
20231110 032838.265 INFO             PET2 !!!                   ESMF_LOGKIND_Multi_On_Error  !!!
20231110 032838.265 INFO             PET2 !!!!!!!!!!!!!!!!!!!!!!!!!!!!!!!!!!!!!!!!!!!!!!!!!!!!!!
20231110 032838.265 INFO             PET2 Running with ESMF Version   : v8.6.0
20231110 032838.265 INFO             PET2 ESMF library build date/time: "Nov 10 2023" "02:33:47"
20231110 032838.265 INFO             PET2 ESMF library build location : /Users/sacks/projects/scratch/esmf-testing/gfortranclang_12.2.0_14.0.0_openmpi_g_v8.6.0/esmf
20231110 032838.265 INFO             PET2 ESMF_COMM                   : openmpi
20231110 032838.265 INFO             PET2 ESMF_MOAB                   : enabled
20231110 032838.265 INFO             PET2 ESMF_LAPACK                 : enabled
20231110 032838.265 INFO             PET2 ESMF_NETCDF                 : enabled
20231110 032838.265 INFO             PET2 ESMF_PNETCDF                : disabled
20231110 032838.265 INFO             PET2 ESMF_PIO                    : enabled
20231110 032838.265 INFO             PET2 ESMF_YAMLCPP                : enabled
20231110 032838.266 INFO             PET2 esmApp STARTING
20231110 032838.268 INFO             PET2 esm: InitializeGeneric intro.
20231110 032838.268 INFO             PET2   esm: InitializeP0 intro.
20231110 032838.269 INFO             PET2   esm: InitializeP0 extro.
20231110 032838.269 INFO             PET2   esm: InitializeIPDv02p1 intro.
20231110 032838.269 INFO             PET2     >>>esm: entered Initialize (phase=<none>) without valid internal Clock.
20231110 032838.269 INFO             PET2     esm - Creating model component ATM with petList of size 2 :
20231110 032838.269 INFO             PET2           0      1
20231110 032838.272 INFO             PET2     esm - Creating model component OCN with petList of size 2 :
20231110 032838.272 INFO             PET2           2      3
20231110 032838.275 INFO             PET2     esm - Creating connector component ATM-TO-OCN with petList of size 4 :
20231110 032838.275 INFO             PET2           0      1      2      3
20231110 032838.284 INFO             PET2     esm - Creating connector component OCN-TO-ATM with petList of size 4 :
20231110 032838.284 INFO             PET2           2      3      0      1
20231110 032838.293 INFO             PET2     esm - Creating state: modelComp 1 Import State
20231110 032838.293 INFO             PET2     esm - Creating state: modelComp 1 Export State
20231110 032838.293 INFO             PET2     esm - Creating state: modelComp 2 Import State
20231110 032838.293 INFO             PET2     esm - Creating state: modelComp 2 Export State
20231110 032838.295 INFO             PET2     OCN: InitializeP0 intro.
20231110 032838.297 INFO             PET2     OCN: InitializeP0 extro.
20231110 032838.299 INFO             PET2     ATM-TO-OCN: InitializeP0 intro.
20231110 032838.300 INFO             PET2     ATM-TO-OCN: InitializeP0 extro.
20231110 032838.301 INFO             PET2     OCN-TO-ATM: InitializeP0 intro.
20231110 032838.302 INFO             PET2     OCN-TO-ATM: InitializeP0 extro.
20231110 032838.305 INFO             PET2     esm: IInitAdvertise intro.
20231110 032838.305 INFO             PET2     esm: IInitAdvertise extro.
20231110 032838.305 INFO             PET2     OCN: InitializeIPDvXp01 intro.
20231110 032838.310 INFO             PET2     OCN: InitializeIPDvXp01 extro.
20231110 032838.312 INFO             PET2     ATM-TO-OCN: InitializeIPDv05p1 intro.
20231110 032838.319 INFO             PET2     ATM-TO-OCN: InitializeIPDv05p1 extro.
20231110 032838.319 INFO             PET2     OCN-TO-ATM: InitializeIPDv05p1 intro.
20231110 032838.324 INFO             PET2     OCN-TO-ATM: InitializeIPDv05p1 extro.
20231110 032838.325 INFO             PET2     esm: IInitAdvertiseFinish intro.
20231110 032838.325 INFO             PET2     esm: IInitAdvertiseFinish extro.
20231110 032838.325 INFO             PET2     ATM-TO-OCN: InitializeIPDv05p2a intro.
20231110 032838.333 INFO             PET2     ATM-TO-OCN: InitializeIPDv05p2a extro.
20231110 032838.333 INFO             PET2     OCN-TO-ATM: InitializeIPDv05p2a intro.
20231110 032838.339 INFO             PET2     OCN-TO-ATM: InitializeIPDv05p2a extro.
20231110 032838.340 INFO             PET2     ATM-TO-OCN: InitializeIPDv05p2b intro.
20231110 032838.348 INFO             PET2     ATM-TO-OCN: InitializeIPDv05p2b extro.
20231110 032838.348 INFO             PET2     OCN-TO-ATM: InitializeIPDv05p2b intro.
20231110 032838.352 INFO             PET2     OCN-TO-ATM: InitializeIPDv05p2b extro.
20231110 032838.353 INFO             PET2     esm: IInitModifyCplLists intro.
20231110 032838.353 INFO             PET2     esm: IInitModifyCplLists extro.
20231110 032838.353 INFO             PET2     ATM-TO-OCN: InitializeIPDv05p3 intro.
20231110 032838.361 INFO             PET2       ATM-TO-OCN: handle cplList(1): air_pressure_at_sea_level, cplSetList(1): __UNSPECIFIED__
20231110 032838.361 INFO             PET2       ATM-TO-OCN: - connected.
20231110 032838.361 INFO             PET2       ATM-TO-OCN: handle cplList(2): surface_net_downward_shortwave_flux, cplSetList(2): __UNSPECIFIED__
20231110 032838.361 INFO             PET2       ATM-TO-OCN: - connected.
20231110 032838.361 INFO             PET2     ATM-TO-OCN: InitializeIPDv05p3 extro.
20231110 032838.362 INFO             PET2     OCN-TO-ATM: InitializeIPDv05p3 intro.
20231110 032838.366 INFO             PET2       OCN-TO-ATM: handle cplList(1): sea_surface_temperature, cplSetList(1): __UNSPECIFIED__
20231110 032838.366 INFO             PET2       OCN-TO-ATM: - connected.
20231110 032838.367 INFO             PET2     OCN-TO-ATM: InitializeIPDv05p3 extro.
20231110 032838.367 INFO             PET2     <<<esm: leaving Initialize (phase=<none>) with current time: 2010  6  1  0  0  0   0
20231110 032838.367 INFO             PET2   esm: InitializeIPDv02p1 extro.
20231110 032838.367 INFO             PET2   esm: InitializeIPDv02p3 intro.
20231110 032838.367 INFO             PET2     >>>esm: entered Initialize (phase=<none>) with current time: 2010  6  1  0  0  0   0
20231110 032838.367 INFO             PET2     esm: IInitCheck intro.
20231110 032838.367 INFO             PET2     esm: IInitCheck extro.
20231110 032838.368 INFO             PET2     OCN: InitializeIPDvXp04 intro.
20231110 032838.373 INFO             PET2     OCN: InitializeIPDvXp04 extro.
20231110 032838.376 INFO             PET2     ATM-TO-OCN: InitializeIPDv05p4 intro.
20231110 032838.389 INFO             PET2       ATM-TO-OCN: handle cplList(1): air_pressure_at_sea_level, cplSetList(1): __UNSPECIFIED__
20231110 032838.389 INFO             PET2       ATM-TO-OCN: - nothing shared or transferred
20231110 032838.390 INFO             PET2       ATM-TO-OCN: handle cplList(2): surface_net_downward_shortwave_flux, cplSetList(2): __UNSPECIFIED__
20231110 032838.390 INFO             PET2       ATM-TO-OCN: - nothing shared or transferred
20231110 032838.390 INFO             PET2     ATM-TO-OCN: InitializeIPDv05p4 extro.
20231110 032838.390 INFO             PET2     OCN-TO-ATM: InitializeIPDv05p4 intro.
20231110 032838.397 INFO             PET2       OCN-TO-ATM: handle cplList(1): sea_surface_temperature, cplSetList(1): __UNSPECIFIED__
20231110 032838.397 INFO             PET2       OCN-TO-ATM: - nothing shared or transferred
20231110 032838.397 INFO             PET2     OCN-TO-ATM: InitializeIPDv05p4 extro.
20231110 032838.397 INFO             PET2     ATM-TO-OCN: InitializeIPDv05p5 intro.
20231110 032838.408 INFO             PET2       ATM-TO-OCN: handle cplList(1): air_pressure_at_sea_level, cplSetList(1): __UNSPECIFIED__
20231110 032838.408 INFO             PET2       ATM-TO-OCN: - nothing shared or transferred, or may already be handled
20231110 032838.408 INFO             PET2       ATM-TO-OCN: handle cplList(2): surface_net_downward_shortwave_flux, cplSetList(2): __UNSPECIFIED__
20231110 032838.408 INFO             PET2       ATM-TO-OCN: - nothing shared or transferred, or may already be handled
20231110 032838.408 INFO             PET2     ATM-TO-OCN: InitializeIPDv05p5 extro.
20231110 032838.409 INFO             PET2     OCN-TO-ATM: InitializeIPDv05p5 intro.
20231110 032838.415 INFO             PET2       OCN-TO-ATM: handle cplList(1): sea_surface_temperature, cplSetList(1): __UNSPECIFIED__
20231110 032838.416 INFO             PET2       OCN-TO-ATM: - nothing shared or transferred, or may already be handled
20231110 032838.416 INFO             PET2     OCN-TO-ATM: InitializeIPDv05p5 extro.
20231110 032838.416 INFO             PET2     esm: IInitRealize intro.
20231110 032838.416 INFO             PET2     esm: IInitRealize extro.
20231110 032838.416 INFO             PET2     ATM-TO-OCN: InitializeIPDv05p6a intro.
20231110 032838.427 INFO             PET2     ATM-TO-OCN: InitializeIPDv05p6a extro.
20231110 032838.428 INFO             PET2     OCN-TO-ATM: InitializeIPDv05p6a intro.
20231110 032838.528 INFO             PET2     OCN-TO-ATM: InitializeIPDv05p6a extro.
20231110 032838.529 INFO             PET2     ATM-TO-OCN: InitializeIPDv05p6b intro.
20231110 032838.529 INFO             PET2       ATM-TO-OCN: handle cplList(1): air_pressure_at_sea_level, cplSetList(1): __UNSPECIFIED__
20231110 032838.529 INFO             PET2       ATM-TO-OCN: - no Field sharing between import and export side: remap.
20231110 032838.529 INFO             PET2       ATM-TO-OCN: handle cplList(2): surface_net_downward_shortwave_flux, cplSetList(2): __UNSPECIFIED__
20231110 032838.530 INFO             PET2       ATM-TO-OCN: - no Field sharing between import and export side: remap.
20231110 032838.670 INFO             PET2       ATM-TO-OCN: called specialized label_ComputeRouteHandle
20231110 032838.670 INFO             PET2        DetermineSrcDstOverlap: pmsl, srcLocalPet=          -1
20231110 032838.670 INFO             PET2        DetermineSrcDstOverlap: pmsl, dstLocalPet=           0
20231110 032838.670 INFO             PET2        DetermineSrcDstOverlap: rsns, srcLocalPet=          -1
20231110 032838.670 INFO             PET2        DetermineSrcDstOverlap: rsns, dstLocalPet=           0
20231110 032838.670 INFO             PET2        DetermineSrcDstOverlap: srcDstOverlap= F
20231110 032838.670 INFO             PET2        BuildUpdatePackets: pmsl, srcLocalPet=          -1
20231110 032838.670 INFO             PET2        BuildUpdatePackets: pmsl, dstLocalPet=           0
20231110 032838.670 INFO             PET2        creating new UpdatePacket for srcPetCount=           2  dstPetCount=           2
20231110 032838.670 INFO             PET2        upE%sendToPets list of size 0 :
20231110 032838.670 INFO             PET2        upE%recvFromPet=           0
20231110 032838.670 INFO             PET2        after field add, now upE%fieldCount=           1
20231110 032838.670 INFO             PET2        BuildUpdatePackets: rsns, srcLocalPet=          -1
20231110 032838.670 INFO             PET2        BuildUpdatePackets: rsns, dstLocalPet=           0
20231110 032838.670 INFO             PET2        after field add, now upE%fieldCount=           2
20231110 032838.670 INFO             PET2        BuildUpdatePackets: final UpdatePacket count=           1
20231110 032838.670 INFO             PET2     ATM-TO-OCN: InitializeIPDv05p6b extro.
20231110 032838.671 INFO             PET2     OCN-TO-ATM: InitializeIPDv05p6b intro.
20231110 032838.671 INFO             PET2       OCN-TO-ATM: handle cplList(1): sea_surface_temperature, cplSetList(1): __UNSPECIFIED__
20231110 032838.671 INFO             PET2       OCN-TO-ATM: - no Field sharing between import and export side: remap.
20231110 032838.806 INFO             PET2       OCN-TO-ATM: called specialized label_ComputeRouteHandle
20231110 032838.806 INFO             PET2        DetermineSrcDstOverlap: sst, srcLocalPet=           0
20231110 032838.806 INFO             PET2        DetermineSrcDstOverlap: sst, dstLocalPet=          -1
20231110 032838.806 INFO             PET2        DetermineSrcDstOverlap: srcDstOverlap= F
20231110 032838.806 INFO             PET2        BuildUpdatePackets: sst, srcLocalPet=           0
20231110 032838.806 INFO             PET2        BuildUpdatePackets: sst, dstLocalPet=          -1
20231110 032838.806 INFO             PET2        creating new UpdatePacket for srcPetCount=           2  dstPetCount=           2
20231110 032838.806 INFO             PET2        upE%sendToPets list of size 1 :
20231110 032838.806 INFO             PET2             2
20231110 032838.806 INFO             PET2        upE%recvFromPet=          -1
20231110 032838.806 INFO             PET2        after field add, now upE%fieldCount=           1
20231110 032838.806 INFO             PET2        BuildUpdatePackets: final UpdatePacket count=           1
20231110 032838.806 INFO             PET2     OCN-TO-ATM: InitializeIPDv05p6b extro.
20231110 032838.807 INFO             PET2     OCN: InitializeIPDvXp07 intro.
20231110 032838.807 INFO             PET2     OCN: InitializeIPDvXp07 extro.
20231110 032838.807 INFO             PET2     <<<esm: leaving Initialize (phase=<none>) with current time: 2010  6  1  0  0  0   0
20231110 032838.807 INFO             PET2   esm: InitializeIPDv02p3 extro.
20231110 032838.807 INFO             PET2   esm: InitializeIPDv02p5 intro.
20231110 032838.807 INFO             PET2     >>>esm: entered Initialize (phase=<none>) with current time: 2010  6  1  0  0  0   0
20231110 032838.807 INFO             PET2     esm: this is a top level driver, no 'Updated' and 'InitializeDataComplete' info on this level.
20231110 032838.807 INFO             PET2     esm: InitializeIPDv02p5Data intro.
20231110 032838.808 INFO             PET2       esm: InternalInitializeComplete intro.
20231110 032838.808 INFO             PET2         esm: InitializeDataComplete='true'
20231110 032838.808 INFO             PET2       esm: InternalInitializeComplete extro.
20231110 032838.808 INFO             PET2       OCN: InitializeIPDv01p5 intro.
20231110 032838.808 INFO             PET2       OCN: InitializeIPDv01p5 extro.
20231110 032838.811 INFO             PET2       esm: components present that trigger loopDataDependentInitialize().
20231110 032838.811 INFO             PET2       esm: loopDataDependentInitialize intro.
20231110 032838.812 INFO             PET2         esm: component    0=esm, dataComplete (local): true
20231110 032838.812 INFO             PET2         esm: component    0=esm, dataComplete (global): T
20231110 032838.812 INFO             PET2         esm: component    1=ATM, dataComplete (local): true
20231110 032838.812 INFO             PET2         esm: component    1=ATM, dataComplete (global): T
20231110 032838.812 INFO             PET2         esm: component    2=OCN, dataComplete (local): true
20231110 032838.812 INFO             PET2         esm: component    2=OCN, dataComplete (global): T
20231110 032838.812 INFO             PET2         esm: someProgress=F, allComplete=T, present(dataDepAllComplete)=T
20231110 032838.812 INFO             PET2         esm: finished resolving initialize data dependencies on this level.
20231110 032838.812 INFO             PET2       esm: loopDataDependentInitialize extro.
20231110 032838.812 INFO             PET2       esm: loopDataDependentInitialize() returned with dataDepAllComplete: T
20231110 032838.812 INFO             PET2     esm: InitializeIPDv02p5Data extro.
20231110 032838.812 INFO             PET2     <<<esm: leaving Initialize (phase=<none>) with current time: 2010  6  1  0  0  0   0
20231110 032838.812 INFO             PET2   esm: InitializeIPDv02p5 extro.
20231110 032838.812 INFO             PET2 esm: InitializeGeneric extro.
20231110 032838.813 INFO             PET2 esm: Run intro.
20231110 032838.813 INFO             PET2   >>>esm entered Run (phase=RunPhase1) with current time: 2010  6  1  0  0  0   0
20231110 032838.813 INFO             PET2   esm: after lable_SetRunClock, current time: 2010  6  1  0  0  0   0
20231110 032838.813 INFO             PET2   esm: begin -------> RunSequence.
20231110 032838.813 INFO             PET2     esm: RunSequence event loopLevel=   1  levelMember=   1  loopIteration=   1, current time: 2010  6  1  0  0  0   0
20231110 032838.814 INFO             PET2     ATM-TO-OCN: Run intro.
20231110 032838.814 INFO             PET2       Testing parentClock from conn.F90 ExecuteRH(): 2010  6  1  0  0  0   0
20231110 032838.817 INFO             PET2     ATM-TO-OCN: Run extro.
20231110 032838.817 INFO             PET2     OCN-TO-ATM: Run intro.
20231110 032838.817 INFO             PET2       Testing parentClock from conn.F90 ExecuteRH(): 2010  6  1  0  0  0   0
20231110 032838.823 INFO             PET2     OCN-TO-ATM: Run extro.
20231110 032838.824 INFO             PET2     OCN: Run intro.
20231110 032838.824 INFO             PET2       ------>Advancing OCN from: 2010  6  1  0  0  0   0
20231110 032838.824 INFO             PET2       ---------------------> to: 2010  6  1  0  5  0   0
20231110 032838.824 INFO             PET2       ------>Advancing OCN from: 2010  6  1  0  5  0   0
20231110 032838.824 INFO             PET2       ---------------------> to: 2010  6  1  0 10  0   0
20231110 032838.824 INFO             PET2       ------>Advancing OCN from: 2010  6  1  0 10  0   0
20231110 032838.824 INFO             PET2       ---------------------> to: 2010  6  1  0 15  0   0
20231110 032838.825 INFO             PET2     OCN: Run extro.
20231110 032838.825 INFO             PET2     esm: RunSequence event loopLevel=   1  levelMember=   1  loopIteration=   2, current time: 2010  6  1  0 15  0   0
20231110 032838.825 INFO             PET2     ATM-TO-OCN: Run intro.
20231110 032838.825 INFO             PET2       Testing parentClock from conn.F90 ExecuteRH(): 2010  6  1  0 15  0   0
20231110 032838.856 INFO             PET2     ATM-TO-OCN: Run extro.
20231110 032838.859 INFO             PET2     OCN-TO-ATM: Run intro.
20231110 032838.859 INFO             PET2       Testing parentClock from conn.F90 ExecuteRH(): 2010  6  1  0 15  0   0
20231110 032838.861 INFO             PET2     OCN-TO-ATM: Run extro.
20231110 032838.861 INFO             PET2     OCN: Run intro.
20231110 032838.861 INFO             PET2       ------>Advancing OCN from: 2010  6  1  0 15  0   0
20231110 032838.861 INFO             PET2       ---------------------> to: 2010  6  1  0 20  0   0
20231110 032838.861 INFO             PET2       ------>Advancing OCN from: 2010  6  1  0 20  0   0
20231110 032838.861 INFO             PET2       ---------------------> to: 2010  6  1  0 25  0   0
20231110 032838.861 INFO             PET2       ------>Advancing OCN from: 2010  6  1  0 25  0   0
20231110 032838.861 INFO             PET2       ---------------------> to: 2010  6  1  0 30  0   0
20231110 032838.862 INFO             PET2     OCN: Run extro.
20231110 032838.862 INFO             PET2     esm: RunSequence event loopLevel=   1  levelMember=   1  loopIteration=   3, current time: 2010  6  1  0 30  0   0
20231110 032838.862 INFO             PET2     ATM-TO-OCN: Run intro.
20231110 032838.862 INFO             PET2       Testing parentClock from conn.F90 ExecuteRH(): 2010  6  1  0 30  0   0
20231110 032838.863 INFO             PET2     ATM-TO-OCN: Run extro.
20231110 032838.863 INFO             PET2     OCN-TO-ATM: Run intro.
20231110 032838.863 INFO             PET2       Testing parentClock from conn.F90 ExecuteRH(): 2010  6  1  0 30  0   0
20231110 032838.863 INFO             PET2     OCN-TO-ATM: Run extro.
20231110 032838.864 INFO             PET2     OCN: Run intro.
20231110 032838.864 INFO             PET2       ------>Advancing OCN from: 2010  6  1  0 30  0   0
20231110 032838.864 INFO             PET2       ---------------------> to: 2010  6  1  0 35  0   0
20231110 032838.864 INFO             PET2       ------>Advancing OCN from: 2010  6  1  0 35  0   0
20231110 032838.864 INFO             PET2       ---------------------> to: 2010  6  1  0 40  0   0
20231110 032838.864 INFO             PET2       ------>Advancing OCN from: 2010  6  1  0 40  0   0
20231110 032838.864 INFO             PET2       ---------------------> to: 2010  6  1  0 45  0   0
20231110 032838.864 INFO             PET2     OCN: Run extro.
20231110 032838.864 INFO             PET2     esm: RunSequence event loopLevel=   1  levelMember=   1  loopIteration=   4, current time: 2010  6  1  0 45  0   0
20231110 032838.864 INFO             PET2     ATM-TO-OCN: Run intro.
20231110 032838.864 INFO             PET2       Testing parentClock from conn.F90 ExecuteRH(): 2010  6  1  0 45  0   0
20231110 032838.864 INFO             PET2     ATM-TO-OCN: Run extro.
20231110 032838.865 INFO             PET2     OCN-TO-ATM: Run intro.
20231110 032838.865 INFO             PET2       Testing parentClock from conn.F90 ExecuteRH(): 2010  6  1  0 45  0   0
20231110 032838.865 INFO             PET2     OCN-TO-ATM: Run extro.
20231110 032838.865 INFO             PET2     OCN: Run intro.
20231110 032838.865 INFO             PET2       ------>Advancing OCN from: 2010  6  1  0 45  0   0
20231110 032838.865 INFO             PET2       ---------------------> to: 2010  6  1  0 50  0   0
20231110 032838.866 INFO             PET2       ------>Advancing OCN from: 2010  6  1  0 50  0   0
20231110 032838.866 INFO             PET2       ---------------------> to: 2010  6  1  0 55  0   0
20231110 032838.866 INFO             PET2       ------>Advancing OCN from: 2010  6  1  0 55  0   0
20231110 032838.866 INFO             PET2       ---------------------> to: 2010  6  1  1  0  0   0
20231110 032838.866 INFO             PET2     OCN: Run extro.
20231110 032838.866 INFO             PET2   esm: end <--------- RunSequence
20231110 032838.866 INFO             PET2   <<<esm - leaving Run with current time: 2010  6  1  1  0  0   0
20231110 032838.866 INFO             PET2 esm: Run extro.
20231110 032838.866 INFO             PET2 esm: Finalize intro.
20231110 032838.866 INFO             PET2   Calling Finalize phase 1 for connectorComp: ATM-TO-OCN
20231110 032838.866 INFO             PET2   ATM-TO-OCN: Finalize intro.
20231110 032838.866 INFO             PET2   ATM-TO-OCN: Finalize extro.
20231110 032838.866 INFO             PET2   Calling Finalize phase 1 for connectorComp: OCN-TO-ATM
20231110 032838.866 INFO             PET2   OCN-TO-ATM: Finalize intro.
20231110 032838.867 INFO             PET2   OCN-TO-ATM: Finalize extro.
20231110 032838.867 INFO             PET2   Calling Finalize phase 1 for modelComp: ATM
20231110 032838.867 INFO             PET2   Calling Finalize phase 1 for modelComp: OCN
20231110 032838.867 INFO             PET2   OCN: Finalize intro.
20231110 032838.867 INFO             PET2   OCN: Finalize extro.
20231110 032838.867 INFO             PET2   Delete modelComp: ATM
20231110 032838.867 INFO             PET2   Delete Import-/Export State for modelComp: ATM
20231110 032838.867 INFO             PET2   Delete modelComp: OCN
20231110 032838.867 INFO             PET2   Delete Import-/Export State for modelComp: OCN
20231110 032838.867 INFO             PET2   Delete connectorComp: ATM-TO-OCN
20231110 032838.867 INFO             PET2   Delete connectorComp: OCN-TO-ATM
20231110 032838.867 INFO             PET2 esm: Finalize extro.
20231110 032838.867 INFO             PET2 esmApp FINISHED
20231110 032838.867 INFO             PET2  Finalizing ESMF
20231110 032838.265 INFO             PET3 !!!!!!!!!!!!!!!!!!!!!!!!!!!!!!!!!!!!!!!!!!!!!!!!!!!!!!
20231110 032838.265 INFO             PET3 !!! THE ESMF_LOG IS SET TO OUTPUT ALL LOG MESSAGES !!!
20231110 032838.265 INFO             PET3 !!!     THIS MAY CAUSE SLOWDOWN IN PERFORMANCE     !!!
20231110 032838.265 INFO             PET3 !!! FOR PRODUCTION RUNS, USE:                      !!!
20231110 032838.265 INFO             PET3 !!!                   ESMF_LOGKIND_Multi_On_Error  !!!
20231110 032838.265 INFO             PET3 !!!!!!!!!!!!!!!!!!!!!!!!!!!!!!!!!!!!!!!!!!!!!!!!!!!!!!
20231110 032838.265 INFO             PET3 Running with ESMF Version   : v8.6.0
20231110 032838.265 INFO             PET3 ESMF library build date/time: "Nov 10 2023" "02:33:47"
20231110 032838.265 INFO             PET3 ESMF library build location : /Users/sacks/projects/scratch/esmf-testing/gfortranclang_12.2.0_14.0.0_openmpi_g_v8.6.0/esmf
20231110 032838.265 INFO             PET3 ESMF_COMM                   : openmpi
20231110 032838.265 INFO             PET3 ESMF_MOAB                   : enabled
20231110 032838.265 INFO             PET3 ESMF_LAPACK                 : enabled
20231110 032838.265 INFO             PET3 ESMF_NETCDF                 : enabled
20231110 032838.265 INFO             PET3 ESMF_PNETCDF                : disabled
20231110 032838.265 INFO             PET3 ESMF_PIO                    : enabled
20231110 032838.265 INFO             PET3 ESMF_YAMLCPP                : enabled
20231110 032838.266 INFO             PET3 esmApp STARTING
20231110 032838.268 INFO             PET3 esm: InitializeGeneric intro.
20231110 032838.268 INFO             PET3   esm: InitializeP0 intro.
20231110 032838.269 INFO             PET3   esm: InitializeP0 extro.
20231110 032838.269 INFO             PET3   esm: InitializeIPDv02p1 intro.
20231110 032838.269 INFO             PET3     >>>esm: entered Initialize (phase=<none>) without valid internal Clock.
20231110 032838.269 INFO             PET3     esm - Creating model component ATM with petList of size 2 :
20231110 032838.269 INFO             PET3           0      1
20231110 032838.272 INFO             PET3     esm - Creating model component OCN with petList of size 2 :
20231110 032838.272 INFO             PET3           2      3
20231110 032838.275 INFO             PET3     esm - Creating connector component ATM-TO-OCN with petList of size 4 :
20231110 032838.275 INFO             PET3           0      1      2      3
20231110 032838.284 INFO             PET3     esm - Creating connector component OCN-TO-ATM with petList of size 4 :
20231110 032838.284 INFO             PET3           2      3      0      1
20231110 032838.293 INFO             PET3     esm - Creating state: modelComp 1 Import State
20231110 032838.293 INFO             PET3     esm - Creating state: modelComp 1 Export State
20231110 032838.293 INFO             PET3     esm - Creating state: modelComp 2 Import State
20231110 032838.293 INFO             PET3     esm - Creating state: modelComp 2 Export State
20231110 032838.295 INFO             PET3     OCN: InitializeP0 intro.
20231110 032838.297 INFO             PET3     OCN: InitializeP0 extro.
20231110 032838.299 INFO             PET3     ATM-TO-OCN: InitializeP0 intro.
20231110 032838.300 INFO             PET3     ATM-TO-OCN: InitializeP0 extro.
20231110 032838.301 INFO             PET3     OCN-TO-ATM: InitializeP0 intro.
20231110 032838.302 INFO             PET3     OCN-TO-ATM: InitializeP0 extro.
20231110 032838.305 INFO             PET3     esm: IInitAdvertise intro.
20231110 032838.305 INFO             PET3     esm: IInitAdvertise extro.
20231110 032838.305 INFO             PET3     OCN: InitializeIPDvXp01 intro.
20231110 032838.310 INFO             PET3     OCN: InitializeIPDvXp01 extro.
20231110 032838.312 INFO             PET3     ATM-TO-OCN: InitializeIPDv05p1 intro.
20231110 032838.319 INFO             PET3     ATM-TO-OCN: InitializeIPDv05p1 extro.
20231110 032838.319 INFO             PET3     OCN-TO-ATM: InitializeIPDv05p1 intro.
20231110 032838.324 INFO             PET3     OCN-TO-ATM: InitializeIPDv05p1 extro.
20231110 032838.325 INFO             PET3     esm: IInitAdvertiseFinish intro.
20231110 032838.325 INFO             PET3     esm: IInitAdvertiseFinish extro.
20231110 032838.325 INFO             PET3     ATM-TO-OCN: InitializeIPDv05p2a intro.
20231110 032838.333 INFO             PET3     ATM-TO-OCN: InitializeIPDv05p2a extro.
20231110 032838.333 INFO             PET3     OCN-TO-ATM: InitializeIPDv05p2a intro.
20231110 032838.339 INFO             PET3     OCN-TO-ATM: InitializeIPDv05p2a extro.
20231110 032838.340 INFO             PET3     ATM-TO-OCN: InitializeIPDv05p2b intro.
20231110 032838.347 INFO             PET3     ATM-TO-OCN: InitializeIPDv05p2b extro.
20231110 032838.348 INFO             PET3     OCN-TO-ATM: InitializeIPDv05p2b intro.
20231110 032838.353 INFO             PET3     OCN-TO-ATM: InitializeIPDv05p2b extro.
20231110 032838.353 INFO             PET3     esm: IInitModifyCplLists intro.
20231110 032838.353 INFO             PET3     esm: IInitModifyCplLists extro.
20231110 032838.354 INFO             PET3     ATM-TO-OCN: InitializeIPDv05p3 intro.
20231110 032838.361 INFO             PET3       ATM-TO-OCN: handle cplList(1): air_pressure_at_sea_level, cplSetList(1): __UNSPECIFIED__
20231110 032838.361 INFO             PET3       ATM-TO-OCN: - connected.
20231110 032838.361 INFO             PET3       ATM-TO-OCN: handle cplList(2): surface_net_downward_shortwave_flux, cplSetList(2): __UNSPECIFIED__
20231110 032838.361 INFO             PET3       ATM-TO-OCN: - connected.
20231110 032838.361 INFO             PET3     ATM-TO-OCN: InitializeIPDv05p3 extro.
20231110 032838.362 INFO             PET3     OCN-TO-ATM: InitializeIPDv05p3 intro.
20231110 032838.366 INFO             PET3       OCN-TO-ATM: handle cplList(1): sea_surface_temperature, cplSetList(1): __UNSPECIFIED__
20231110 032838.366 INFO             PET3       OCN-TO-ATM: - connected.
20231110 032838.366 INFO             PET3     OCN-TO-ATM: InitializeIPDv05p3 extro.
20231110 032838.367 INFO             PET3     <<<esm: leaving Initialize (phase=<none>) with current time: 2010  6  1  0  0  0   0
20231110 032838.367 INFO             PET3   esm: InitializeIPDv02p1 extro.
20231110 032838.367 INFO             PET3   esm: InitializeIPDv02p3 intro.
20231110 032838.367 INFO             PET3     >>>esm: entered Initialize (phase=<none>) with current time: 2010  6  1  0  0  0   0
20231110 032838.367 INFO             PET3     esm: IInitCheck intro.
20231110 032838.367 INFO             PET3     esm: IInitCheck extro.
20231110 032838.368 INFO             PET3     OCN: InitializeIPDvXp04 intro.
20231110 032838.373 INFO             PET3     OCN: InitializeIPDvXp04 extro.
20231110 032838.376 INFO             PET3     ATM-TO-OCN: InitializeIPDv05p4 intro.
20231110 032838.389 INFO             PET3       ATM-TO-OCN: handle cplList(1): air_pressure_at_sea_level, cplSetList(1): __UNSPECIFIED__
20231110 032838.390 INFO             PET3       ATM-TO-OCN: - nothing shared or transferred
20231110 032838.390 INFO             PET3       ATM-TO-OCN: handle cplList(2): surface_net_downward_shortwave_flux, cplSetList(2): __UNSPECIFIED__
20231110 032838.390 INFO             PET3       ATM-TO-OCN: - nothing shared or transferred
20231110 032838.390 INFO             PET3     ATM-TO-OCN: InitializeIPDv05p4 extro.
20231110 032838.390 INFO             PET3     OCN-TO-ATM: InitializeIPDv05p4 intro.
20231110 032838.397 INFO             PET3       OCN-TO-ATM: handle cplList(1): sea_surface_temperature, cplSetList(1): __UNSPECIFIED__
20231110 032838.397 INFO             PET3       OCN-TO-ATM: - nothing shared or transferred
20231110 032838.397 INFO             PET3     OCN-TO-ATM: InitializeIPDv05p4 extro.
20231110 032838.397 INFO             PET3     ATM-TO-OCN: InitializeIPDv05p5 intro.
20231110 032838.408 INFO             PET3       ATM-TO-OCN: handle cplList(1): air_pressure_at_sea_level, cplSetList(1): __UNSPECIFIED__
20231110 032838.408 INFO             PET3       ATM-TO-OCN: - nothing shared or transferred, or may already be handled
20231110 032838.408 INFO             PET3       ATM-TO-OCN: handle cplList(2): surface_net_downward_shortwave_flux, cplSetList(2): __UNSPECIFIED__
20231110 032838.408 INFO             PET3       ATM-TO-OCN: - nothing shared or transferred, or may already be handled
20231110 032838.408 INFO             PET3     ATM-TO-OCN: InitializeIPDv05p5 extro.
20231110 032838.409 INFO             PET3     OCN-TO-ATM: InitializeIPDv05p5 intro.
20231110 032838.415 INFO             PET3       OCN-TO-ATM: handle cplList(1): sea_surface_temperature, cplSetList(1): __UNSPECIFIED__
20231110 032838.416 INFO             PET3       OCN-TO-ATM: - nothing shared or transferred, or may already be handled
20231110 032838.416 INFO             PET3     OCN-TO-ATM: InitializeIPDv05p5 extro.
20231110 032838.416 INFO             PET3     esm: IInitRealize intro.
20231110 032838.416 INFO             PET3     esm: IInitRealize extro.
20231110 032838.416 INFO             PET3     ATM-TO-OCN: InitializeIPDv05p6a intro.
20231110 032838.427 INFO             PET3     ATM-TO-OCN: InitializeIPDv05p6a extro.
20231110 032838.427 INFO             PET3     OCN-TO-ATM: InitializeIPDv05p6a intro.
20231110 032838.528 INFO             PET3     OCN-TO-ATM: InitializeIPDv05p6a extro.
20231110 032838.529 INFO             PET3     ATM-TO-OCN: InitializeIPDv05p6b intro.
20231110 032838.529 INFO             PET3       ATM-TO-OCN: handle cplList(1): air_pressure_at_sea_level, cplSetList(1): __UNSPECIFIED__
20231110 032838.529 INFO             PET3       ATM-TO-OCN: - no Field sharing between import and export side: remap.
20231110 032838.529 INFO             PET3       ATM-TO-OCN: handle cplList(2): surface_net_downward_shortwave_flux, cplSetList(2): __UNSPECIFIED__
20231110 032838.530 INFO             PET3       ATM-TO-OCN: - no Field sharing between import and export side: remap.
20231110 032838.670 INFO             PET3       ATM-TO-OCN: called specialized label_ComputeRouteHandle
20231110 032838.670 INFO             PET3        DetermineSrcDstOverlap: pmsl, srcLocalPet=          -1
20231110 032838.670 INFO             PET3        DetermineSrcDstOverlap: pmsl, dstLocalPet=           1
20231110 032838.670 INFO             PET3        DetermineSrcDstOverlap: rsns, srcLocalPet=          -1
20231110 032838.670 INFO             PET3        DetermineSrcDstOverlap: rsns, dstLocalPet=           1
20231110 032838.670 INFO             PET3        DetermineSrcDstOverlap: srcDstOverlap= F
20231110 032838.670 INFO             PET3        BuildUpdatePackets: pmsl, srcLocalPet=          -1
20231110 032838.670 INFO             PET3        BuildUpdatePackets: pmsl, dstLocalPet=           1
20231110 032838.670 INFO             PET3        creating new UpdatePacket for srcPetCount=           2  dstPetCount=           2
20231110 032838.670 INFO             PET3        upE%sendToPets list of size 0 :
20231110 032838.670 INFO             PET3        upE%recvFromPet=           1
20231110 032838.670 INFO             PET3        after field add, now upE%fieldCount=           1
20231110 032838.670 INFO             PET3        BuildUpdatePackets: rsns, srcLocalPet=          -1
20231110 032838.670 INFO             PET3        BuildUpdatePackets: rsns, dstLocalPet=           1
20231110 032838.670 INFO             PET3        after field add, now upE%fieldCount=           2
20231110 032838.670 INFO             PET3        BuildUpdatePackets: final UpdatePacket count=           1
20231110 032838.670 INFO             PET3     ATM-TO-OCN: InitializeIPDv05p6b extro.
20231110 032838.671 INFO             PET3     OCN-TO-ATM: InitializeIPDv05p6b intro.
20231110 032838.671 INFO             PET3       OCN-TO-ATM: handle cplList(1): sea_surface_temperature, cplSetList(1): __UNSPECIFIED__
20231110 032838.671 INFO             PET3       OCN-TO-ATM: - no Field sharing between import and export side: remap.
20231110 032838.806 INFO             PET3       OCN-TO-ATM: called specialized label_ComputeRouteHandle
20231110 032838.806 INFO             PET3        DetermineSrcDstOverlap: sst, srcLocalPet=           1
20231110 032838.806 INFO             PET3        DetermineSrcDstOverlap: sst, dstLocalPet=          -1
20231110 032838.806 INFO             PET3        DetermineSrcDstOverlap: srcDstOverlap= F
20231110 032838.806 INFO             PET3        BuildUpdatePackets: sst, srcLocalPet=           1
20231110 032838.806 INFO             PET3        BuildUpdatePackets: sst, dstLocalPet=          -1
20231110 032838.806 INFO             PET3        creating new UpdatePacket for srcPetCount=           2  dstPetCount=           2
20231110 032838.806 INFO             PET3        upE%sendToPets list of size 1 :
20231110 032838.806 INFO             PET3             3
20231110 032838.806 INFO             PET3        upE%recvFromPet=          -1
20231110 032838.806 INFO             PET3        after field add, now upE%fieldCount=           1
20231110 032838.806 INFO             PET3        BuildUpdatePackets: final UpdatePacket count=           1
20231110 032838.806 INFO             PET3     OCN-TO-ATM: InitializeIPDv05p6b extro.
20231110 032838.807 INFO             PET3     OCN: InitializeIPDvXp07 intro.
20231110 032838.807 INFO             PET3     OCN: InitializeIPDvXp07 extro.
20231110 032838.807 INFO             PET3     <<<esm: leaving Initialize (phase=<none>) with current time: 2010  6  1  0  0  0   0
20231110 032838.807 INFO             PET3   esm: InitializeIPDv02p3 extro.
20231110 032838.807 INFO             PET3   esm: InitializeIPDv02p5 intro.
20231110 032838.807 INFO             PET3     >>>esm: entered Initialize (phase=<none>) with current time: 2010  6  1  0  0  0   0
20231110 032838.807 INFO             PET3     esm: this is a top level driver, no 'Updated' and 'InitializeDataComplete' info on this level.
20231110 032838.807 INFO             PET3     esm: InitializeIPDv02p5Data intro.
20231110 032838.808 INFO             PET3       esm: InternalInitializeComplete intro.
20231110 032838.808 INFO             PET3         esm: InitializeDataComplete='true'
20231110 032838.808 INFO             PET3       esm: InternalInitializeComplete extro.
20231110 032838.808 INFO             PET3       OCN: InitializeIPDv01p5 intro.
20231110 032838.808 INFO             PET3       OCN: InitializeIPDv01p5 extro.
20231110 032838.811 INFO             PET3       esm: components present that trigger loopDataDependentInitialize().
20231110 032838.811 INFO             PET3       esm: loopDataDependentInitialize intro.
20231110 032838.812 INFO             PET3         esm: component    0=esm, dataComplete (local): true
20231110 032838.812 INFO             PET3         esm: component    0=esm, dataComplete (global): T
20231110 032838.812 INFO             PET3         esm: component    1=ATM, dataComplete (local): true
20231110 032838.812 INFO             PET3         esm: component    1=ATM, dataComplete (global): T
20231110 032838.812 INFO             PET3         esm: component    2=OCN, dataComplete (local): true
20231110 032838.812 INFO             PET3         esm: component    2=OCN, dataComplete (global): T
20231110 032838.812 INFO             PET3         esm: someProgress=F, allComplete=T, present(dataDepAllComplete)=T
20231110 032838.812 INFO             PET3         esm: finished resolving initialize data dependencies on this level.
20231110 032838.812 INFO             PET3       esm: loopDataDependentInitialize extro.
20231110 032838.812 INFO             PET3       esm: loopDataDependentInitialize() returned with dataDepAllComplete: T
20231110 032838.812 INFO             PET3     esm: InitializeIPDv02p5Data extro.
20231110 032838.812 INFO             PET3     <<<esm: leaving Initialize (phase=<none>) with current time: 2010  6  1  0  0  0   0
20231110 032838.812 INFO             PET3   esm: InitializeIPDv02p5 extro.
20231110 032838.812 INFO             PET3 esm: InitializeGeneric extro.
20231110 032838.813 INFO             PET3 esm: Run intro.
20231110 032838.813 INFO             PET3   >>>esm entered Run (phase=RunPhase1) with current time: 2010  6  1  0  0  0   0
20231110 032838.813 INFO             PET3   esm: after lable_SetRunClock, current time: 2010  6  1  0  0  0   0
20231110 032838.813 INFO             PET3   esm: begin -------> RunSequence.
20231110 032838.813 INFO             PET3     esm: RunSequence event loopLevel=   1  levelMember=   1  loopIteration=   1, current time: 2010  6  1  0  0  0   0
20231110 032838.814 INFO             PET3     ATM-TO-OCN: Run intro.
20231110 032838.814 INFO             PET3       Testing parentClock from conn.F90 ExecuteRH(): 2010  6  1  0  0  0   0
20231110 032838.829 INFO             PET3     ATM-TO-OCN: Run extro.
20231110 032838.830 INFO             PET3     OCN-TO-ATM: Run intro.
20231110 032838.830 INFO             PET3       Testing parentClock from conn.F90 ExecuteRH(): 2010  6  1  0  0  0   0
20231110 032838.838 INFO             PET3     OCN-TO-ATM: Run extro.
20231110 032838.839 INFO             PET3     OCN: Run intro.
20231110 032838.839 INFO             PET3       ------>Advancing OCN from: 2010  6  1  0  0  0   0
20231110 032838.839 INFO             PET3       ---------------------> to: 2010  6  1  0  5  0   0
20231110 032838.839 INFO             PET3       ------>Advancing OCN from: 2010  6  1  0  5  0   0
20231110 032838.839 INFO             PET3       ---------------------> to: 2010  6  1  0 10  0   0
20231110 032838.839 INFO             PET3       ------>Advancing OCN from: 2010  6  1  0 10  0   0
20231110 032838.839 INFO             PET3       ---------------------> to: 2010  6  1  0 15  0   0
20231110 032838.839 INFO             PET3     OCN: Run extro.
20231110 032838.839 INFO             PET3     esm: RunSequence event loopLevel=   1  levelMember=   1  loopIteration=   2, current time: 2010  6  1  0 15  0   0
20231110 032838.840 INFO             PET3     ATM-TO-OCN: Run intro.
20231110 032838.840 INFO             PET3       Testing parentClock from conn.F90 ExecuteRH(): 2010  6  1  0 15  0   0
20231110 032838.861 INFO             PET3     ATM-TO-OCN: Run extro.
20231110 032838.861 INFO             PET3     OCN-TO-ATM: Run intro.
20231110 032838.861 INFO             PET3       Testing parentClock from conn.F90 ExecuteRH(): 2010  6  1  0 15  0   0
20231110 032838.862 INFO             PET3     OCN-TO-ATM: Run extro.
20231110 032838.862 INFO             PET3     OCN: Run intro.
20231110 032838.862 INFO             PET3       ------>Advancing OCN from: 2010  6  1  0 15  0   0
20231110 032838.862 INFO             PET3       ---------------------> to: 2010  6  1  0 20  0   0
20231110 032838.862 INFO             PET3       ------>Advancing OCN from: 2010  6  1  0 20  0   0
20231110 032838.862 INFO             PET3       ---------------------> to: 2010  6  1  0 25  0   0
20231110 032838.862 INFO             PET3       ------>Advancing OCN from: 2010  6  1  0 25  0   0
20231110 032838.862 INFO             PET3       ---------------------> to: 2010  6  1  0 30  0   0
20231110 032838.862 INFO             PET3     OCN: Run extro.
20231110 032838.862 INFO             PET3     esm: RunSequence event loopLevel=   1  levelMember=   1  loopIteration=   3, current time: 2010  6  1  0 30  0   0
20231110 032838.863 INFO             PET3     ATM-TO-OCN: Run intro.
20231110 032838.863 INFO             PET3       Testing parentClock from conn.F90 ExecuteRH(): 2010  6  1  0 30  0   0
20231110 032838.863 INFO             PET3     ATM-TO-OCN: Run extro.
20231110 032838.863 INFO             PET3     OCN-TO-ATM: Run intro.
20231110 032838.863 INFO             PET3       Testing parentClock from conn.F90 ExecuteRH(): 2010  6  1  0 30  0   0
20231110 032838.863 INFO             PET3     OCN-TO-ATM: Run extro.
20231110 032838.864 INFO             PET3     OCN: Run intro.
20231110 032838.864 INFO             PET3       ------>Advancing OCN from: 2010  6  1  0 30  0   0
20231110 032838.864 INFO             PET3       ---------------------> to: 2010  6  1  0 35  0   0
20231110 032838.864 INFO             PET3       ------>Advancing OCN from: 2010  6  1  0 35  0   0
20231110 032838.864 INFO             PET3       ---------------------> to: 2010  6  1  0 40  0   0
20231110 032838.864 INFO             PET3       ------>Advancing OCN from: 2010  6  1  0 40  0   0
20231110 032838.864 INFO             PET3       ---------------------> to: 2010  6  1  0 45  0   0
20231110 032838.864 INFO             PET3     OCN: Run extro.
20231110 032838.864 INFO             PET3     esm: RunSequence event loopLevel=   1  levelMember=   1  loopIteration=   4, current time: 2010  6  1  0 45  0   0
20231110 032838.864 INFO             PET3     ATM-TO-OCN: Run intro.
20231110 032838.864 INFO             PET3       Testing parentClock from conn.F90 ExecuteRH(): 2010  6  1  0 45  0   0
20231110 032838.865 INFO             PET3     ATM-TO-OCN: Run extro.
20231110 032838.865 INFO             PET3     OCN-TO-ATM: Run intro.
20231110 032838.865 INFO             PET3       Testing parentClock from conn.F90 ExecuteRH(): 2010  6  1  0 45  0   0
20231110 032838.865 INFO             PET3     OCN-TO-ATM: Run extro.
20231110 032838.865 INFO             PET3     OCN: Run intro.
20231110 032838.865 INFO             PET3       ------>Advancing OCN from: 2010  6  1  0 45  0   0
20231110 032838.865 INFO             PET3       ---------------------> to: 2010  6  1  0 50  0   0
20231110 032838.866 INFO             PET3       ------>Advancing OCN from: 2010  6  1  0 50  0   0
20231110 032838.866 INFO             PET3       ---------------------> to: 2010  6  1  0 55  0   0
20231110 032838.866 INFO             PET3       ------>Advancing OCN from: 2010  6  1  0 55  0   0
20231110 032838.866 INFO             PET3       ---------------------> to: 2010  6  1  1  0  0   0
20231110 032838.866 INFO             PET3     OCN: Run extro.
20231110 032838.866 INFO             PET3   esm: end <--------- RunSequence
20231110 032838.866 INFO             PET3   <<<esm - leaving Run with current time: 2010  6  1  1  0  0   0
20231110 032838.866 INFO             PET3 esm: Run extro.
20231110 032838.866 INFO             PET3 esm: Finalize intro.
20231110 032838.866 INFO             PET3   Calling Finalize phase 1 for connectorComp: ATM-TO-OCN
20231110 032838.866 INFO             PET3   ATM-TO-OCN: Finalize intro.
20231110 032838.866 INFO             PET3   ATM-TO-OCN: Finalize extro.
20231110 032838.866 INFO             PET3   Calling Finalize phase 1 for connectorComp: OCN-TO-ATM
20231110 032838.866 INFO             PET3   OCN-TO-ATM: Finalize intro.
20231110 032838.867 INFO             PET3   OCN-TO-ATM: Finalize extro.
20231110 032838.867 INFO             PET3   Calling Finalize phase 1 for modelComp: ATM
20231110 032838.867 INFO             PET3   Calling Finalize phase 1 for modelComp: OCN
20231110 032838.867 INFO             PET3   OCN: Finalize intro.
20231110 032838.867 INFO             PET3   OCN: Finalize extro.
20231110 032838.867 INFO             PET3   Delete modelComp: ATM
20231110 032838.867 INFO             PET3   Delete Import-/Export State for modelComp: ATM
20231110 032838.867 INFO             PET3   Delete modelComp: OCN
20231110 032838.867 INFO             PET3   Delete Import-/Export State for modelComp: OCN
20231110 032838.867 INFO             PET3   Delete connectorComp: ATM-TO-OCN
20231110 032838.867 INFO             PET3   Delete connectorComp: OCN-TO-ATM
20231110 032838.867 INFO             PET3 esm: Finalize extro.
20231110 032838.867 INFO             PET3 esmApp FINISHED
20231110 032838.867 INFO             PET3  Finalizing ESMF
