2023-11-18 02:24:09
20231118 025115.257 INFO             PET0 !!!!!!!!!!!!!!!!!!!!!!!!!!!!!!!!!!!!!!!!!!!!!!!!!!!!!!
20231118 025115.257 INFO             PET0 !!! THE ESMF_LOG IS SET TO OUTPUT ALL LOG MESSAGES !!!
20231118 025115.257 INFO             PET0 !!!     THIS MAY CAUSE SLOWDOWN IN PERFORMANCE     !!!
20231118 025115.257 INFO             PET0 !!! FOR PRODUCTION RUNS, USE:                      !!!
20231118 025115.257 INFO             PET0 !!!                   ESMF_LOGKIND_Multi_On_Error  !!!
20231118 025115.257 INFO             PET0 !!!!!!!!!!!!!!!!!!!!!!!!!!!!!!!!!!!!!!!!!!!!!!!!!!!!!!
20231118 025115.257 INFO             PET0 Running with ESMF Version   : v8.7.0b01-5-gf664797301
20231118 025115.257 INFO             PET0 ESMF library build date/time: "Nov 18 2023" "02:22:18"
20231118 025115.257 INFO             PET0 ESMF library build location : /glade/derecho/scratch/theurich/ESMF-Nightly-Testing/intel_2023.0.0-classic_mpi_g_develop/esmf
20231118 025115.257 INFO             PET0 ESMF_COMM                   : mpi
20231118 025115.258 INFO             PET0 ESMF_MOAB                   : enabled
20231118 025115.258 INFO             PET0 ESMF_LAPACK                 : enabled
20231118 025115.258 INFO             PET0 ESMF_NETCDF                 : enabled
20231118 025115.258 INFO             PET0 ESMF_PNETCDF                : disabled
20231118 025115.258 INFO             PET0 ESMF_PIO                    : enabled
20231118 025115.258 INFO             PET0 ESMF_YAMLCPP                : enabled
20231118 025115.258 INFO             PET0  NUMBER_OF_PROCESSORS           1
20231118 025115.258 INFO             PET0  PASS  Example ESMF_TimeIntervalEx, ESMF_TimeIntervalEx.F90, line 176
20231118 025115.258 INFO             PET0  Finalizing ESMF
