2023-10-14 02:55:49
20231014 032433.806 INFO             PET0 !!!!!!!!!!!!!!!!!!!!!!!!!!!!!!!!!!!!!!!!!!!!!!!!!!!!!!
20231014 032433.806 INFO             PET0 !!! THE ESMF_LOG IS SET TO OUTPUT ALL LOG MESSAGES !!!
20231014 032433.806 INFO             PET0 !!!     THIS MAY CAUSE SLOWDOWN IN PERFORMANCE     !!!
20231014 032433.806 INFO             PET0 !!! FOR PRODUCTION RUNS, USE:                      !!!
20231014 032433.806 INFO             PET0 !!!                   ESMF_LOGKIND_Multi_On_Error  !!!
20231014 032433.806 INFO             PET0 !!!!!!!!!!!!!!!!!!!!!!!!!!!!!!!!!!!!!!!!!!!!!!!!!!!!!!
20231014 032433.806 INFO             PET0 Running with ESMF Version   : v8.6.0b08-33-g8592d0bc9f
20231014 032433.806 INFO             PET0 ESMF library build date/time: "Oct 14 2023" "02:54:30"
20231014 032433.806 INFO             PET0 ESMF library build location : /glade/derecho/scratch/theurich/ESMF-Nightly-Testing/cce_15.0.1_mpi_g_develop/esmf
20231014 032433.806 INFO             PET0 ESMF_COMM                   : mpi
20231014 032433.806 INFO             PET0 ESMF_MOAB                   : enabled
20231014 032433.806 INFO             PET0 ESMF_LAPACK                 : enabled
20231014 032433.806 INFO             PET0 ESMF_NETCDF                 : enabled
20231014 032433.806 INFO             PET0 ESMF_PNETCDF                : disabled
20231014 032433.806 INFO             PET0 ESMF_PIO                    : enabled
20231014 032433.806 INFO             PET0 ESMF_YAMLCPP                : enabled
20231014 032433.807 INFO             PET0 esmApp STARTING
20231014 032433.811 INFO             PET0 esm: InitializeGeneric intro.
20231014 032433.811 INFO             PET0   esm: InitializeP0 intro.
20231014 032433.811 INFO             PET0   esm: InitializeP0 extro.
20231014 032433.812 INFO             PET0   esm: InitializeIPDv02p1 intro.
20231014 032433.812 INFO             PET0     >>>esm: entered Initialize (phase=<none>) without valid internal Clock.
20231014 032433.812 INFO             PET0     esm - Creating model component ATM with petList of size 2 :
20231014 032433.812 INFO             PET0           0      1
20231014 032433.814 INFO             PET0     esm - Creating model component OCN with petList of size 2 :
20231014 032433.814 INFO             PET0           2      3
20231014 032433.814 INFO             PET0     esm - Creating connector component ATM-TO-OCN with petList of size 4 :
20231014 032433.814 INFO             PET0           0      1      2      3
20231014 032433.820 INFO             PET0     esm - Creating connector component OCN-TO-ATM with petList of size 4 :
20231014 032433.820 INFO             PET0           2      3      0      1
20231014 032433.823 INFO             PET0     esm - Creating state: modelComp 1 Import State
20231014 032433.823 INFO             PET0     esm - Creating state: modelComp 1 Export State
20231014 032433.824 INFO             PET0     esm - Creating state: modelComp 2 Import State
20231014 032433.824 INFO             PET0     esm - Creating state: modelComp 2 Export State
20231014 032433.825 INFO             PET0     ATM: InitializeP0 intro.
20231014 032433.826 INFO             PET0     ATM: InitializeP0 extro.
20231014 032433.828 INFO             PET0     ATM-TO-OCN: InitializeP0 intro.
20231014 032433.828 INFO             PET0     ATM-TO-OCN: InitializeP0 extro.
20231014 032433.829 INFO             PET0     OCN-TO-ATM: InitializeP0 intro.
20231014 032433.829 INFO             PET0     OCN-TO-ATM: InitializeP0 extro.
20231014 032433.830 INFO             PET0     esm: IInitAdvertise intro.
20231014 032433.830 INFO             PET0     esm: IInitAdvertise extro.
20231014 032433.831 INFO             PET0     ATM: InitializeIPDvXp01 intro.
20231014 032433.833 INFO             PET0     ATM: InitializeIPDvXp01 extro.
20231014 032433.835 INFO             PET0     ATM-TO-OCN: InitializeIPDv05p1 intro.
20231014 032433.841 INFO             PET0     ATM-TO-OCN: InitializeIPDv05p1 extro.
20231014 032433.841 INFO             PET0     OCN-TO-ATM: InitializeIPDv05p1 intro.
20231014 032433.844 INFO             PET0     OCN-TO-ATM: InitializeIPDv05p1 extro.
20231014 032433.845 INFO             PET0     esm: IInitAdvertiseFinish intro.
20231014 032433.845 INFO             PET0     esm: IInitAdvertiseFinish extro.
20231014 032433.845 INFO             PET0     ATM-TO-OCN: InitializeIPDv05p2a intro.
20231014 032433.851 INFO             PET0     ATM-TO-OCN: InitializeIPDv05p2a extro.
20231014 032433.851 INFO             PET0     OCN-TO-ATM: InitializeIPDv05p2a intro.
20231014 032433.854 INFO             PET0     OCN-TO-ATM: InitializeIPDv05p2a extro.
20231014 032433.854 INFO             PET0     ATM-TO-OCN: InitializeIPDv05p2b intro.
20231014 032433.860 INFO             PET0     ATM-TO-OCN: InitializeIPDv05p2b extro.
20231014 032433.860 INFO             PET0     OCN-TO-ATM: InitializeIPDv05p2b intro.
20231014 032433.864 INFO             PET0     OCN-TO-ATM: InitializeIPDv05p2b extro.
20231014 032433.864 INFO             PET0     esm: IInitModifyCplLists intro.
20231014 032433.864 INFO             PET0       Driver is in ModifyCplLists()
20231014 032433.864 INFO             PET0        Found  2  Connectors. Modifying CplList Attribute....
20231014 032433.864 INFO             PET0     esm: IInitModifyCplLists extro.
20231014 032433.865 INFO             PET0     ATM-TO-OCN: InitializeIPDv05p3 intro.
20231014 032433.871 INFO             PET0     ATM-TO-OCN: InitializeIPDv05p3 extro.
20231014 032433.871 INFO             PET0     OCN-TO-ATM: InitializeIPDv05p3 intro.
20231014 032433.874 INFO             PET0     OCN-TO-ATM: InitializeIPDv05p3 extro.
20231014 032433.874 INFO             PET0     <<<esm: leaving Initialize (phase=<none>) with current time: 2010  6  1  0  0  0   0
20231014 032433.874 INFO             PET0   esm: InitializeIPDv02p1 extro.
20231014 032433.874 INFO             PET0   esm: InitializeIPDv02p3 intro.
20231014 032433.875 INFO             PET0     >>>esm: entered Initialize (phase=<none>) with current time: 2010  6  1  0  0  0   0
20231014 032433.875 INFO             PET0     esm: IInitCheck intro.
20231014 032433.875 INFO             PET0     esm: IInitCheck extro.
20231014 032433.875 INFO             PET0     ATM: InitializeIPDvXp04 intro.
20231014 032433.881 INFO             PET0     ATM: InitializeIPDvXp04 extro.
20231014 032433.882 INFO             PET0     ATM-TO-OCN: InitializeIPDv05p4 intro.
20231014 032433.892 INFO             PET0     ATM-TO-OCN: InitializeIPDv05p4 extro.
20231014 032433.892 INFO             PET0     OCN-TO-ATM: InitializeIPDv05p4 intro.
20231014 032433.897 INFO             PET0     OCN-TO-ATM: InitializeIPDv05p4 extro.
20231014 032433.897 INFO             PET0     ATM-TO-OCN: InitializeIPDv05p5 intro.
20231014 032433.906 INFO             PET0     ATM-TO-OCN: InitializeIPDv05p5 extro.
20231014 032433.907 INFO             PET0     OCN-TO-ATM: InitializeIPDv05p5 intro.
20231014 032433.912 INFO             PET0     OCN-TO-ATM: InitializeIPDv05p5 extro.
20231014 032433.912 INFO             PET0     esm: IInitRealize intro.
20231014 032433.912 INFO             PET0     esm: IInitRealize extro.
20231014 032433.912 INFO             PET0     ATM-TO-OCN: InitializeIPDv05p6a intro.
20231014 032433.921 INFO             PET0     ATM-TO-OCN: InitializeIPDv05p6a extro.
20231014 032433.922 INFO             PET0     OCN-TO-ATM: InitializeIPDv05p6a intro.
20231014 032433.926 INFO             PET0     OCN-TO-ATM: InitializeIPDv05p6a extro.
20231014 032433.926 INFO             PET0     ATM-TO-OCN: InitializeIPDv05p6b intro.
20231014 032434.008 INFO             PET0     ATM-TO-OCN: InitializeIPDv05p6b extro.
20231014 032434.008 INFO             PET0     OCN-TO-ATM: InitializeIPDv05p6b intro.
20231014 032434.066 INFO             PET0     OCN-TO-ATM: InitializeIPDv05p6b extro.
20231014 032434.066 INFO             PET0     ATM: InitializeIPDvXp07 intro.
20231014 032434.067 INFO             PET0     ATM: InitializeIPDvXp07 extro.
20231014 032434.067 INFO             PET0     <<<esm: leaving Initialize (phase=<none>) with current time: 2010  6  1  0  0  0   0
20231014 032434.067 INFO             PET0   esm: InitializeIPDv02p3 extro.
20231014 032434.067 INFO             PET0   esm: InitializeIPDv02p5 intro.
20231014 032434.067 INFO             PET0     >>>esm: entered Initialize (phase=<none>) with current time: 2010  6  1  0  0  0   0
20231014 032434.067 INFO             PET0     esm: this is a top level driver, no 'Updated' and 'InitializeDataComplete' info on this level.
20231014 032434.067 INFO             PET0     esm: InitializeIPDv02p5Data intro.
20231014 032434.067 INFO             PET0       esm: InternalInitializeComplete intro.
20231014 032434.067 INFO             PET0         esm: InitializeDataComplete='true'
20231014 032434.067 INFO             PET0       esm: InternalInitializeComplete extro.
20231014 032434.068 INFO             PET0       ATM: InitializeIPDv01p5 intro.
20231014 032434.068 INFO             PET0       ATM: InitializeIPDv01p5 extro.
20231014 032434.069 INFO             PET0       esm: components present that trigger loopDataDependentInitialize().
20231014 032434.069 INFO             PET0       esm: loopDataDependentInitialize intro.
20231014 032434.069 INFO             PET0         esm: component    0=esm, dataComplete (local): true
20231014 032434.069 INFO             PET0         esm: component    0=esm, dataComplete (global):  T
20231014 032434.069 INFO             PET0         esm: component    1=ATM, dataComplete (local): true
20231014 032434.069 INFO             PET0         esm: component    1=ATM, dataComplete (global):  T
20231014 032434.069 INFO             PET0         esm: component    2=OCN, dataComplete (local): true
20231014 032434.069 INFO             PET0         esm: component    2=OCN, dataComplete (global):  T
20231014 032434.069 INFO             PET0         esm: someProgress= F, allComplete= T, present(dataDepAllComplete)= T
20231014 032434.069 INFO             PET0         esm: finished resolving initialize data dependencies on this level.
20231014 032434.069 INFO             PET0       esm: loopDataDependentInitialize extro.
20231014 032434.069 INFO             PET0       esm: loopDataDependentInitialize() returned with dataDepAllComplete:  T
20231014 032434.069 INFO             PET0     esm: InitializeIPDv02p5Data extro.
20231014 032434.069 INFO             PET0     <<<esm: leaving Initialize (phase=<none>) with current time: 2010  6  1  0  0  0   0
20231014 032434.069 INFO             PET0   esm: InitializeIPDv02p5 extro.
20231014 032434.069 INFO             PET0 esm: InitializeGeneric extro.
20231014 032434.069 INFO             PET0 esm: Run intro.
20231014 032434.070 INFO             PET0   >>>esm entered Run (phase=RunPhase1) with current time: 2010  6  1  0  0  0   0
20231014 032434.070 INFO             PET0   esm: after lable_SetRunClock, current time: 2010  6  1  0  0  0   0
20231014 032434.070 INFO             PET0   esm: begin -------> RunSequence.
20231014 032434.070 INFO             PET0     esm: RunSequence event loopLevel=   1  levelMember=   1  loopIteration=   1, current time: 2010  6  1  0  0  0   0
20231014 032434.070 INFO             PET0     ATM-TO-OCN: Run intro.
20231014 032434.070 INFO             PET0     ATM-TO-OCN: Run extro.
20231014 032434.070 INFO             PET0     OCN-TO-ATM: Run intro.
20231014 032434.071 INFO             PET0     OCN-TO-ATM: Run extro.
20231014 032434.071 INFO             PET0     ATM: Run intro.
20231014 032434.071 INFO             PET0       ------>Advancing ATM from: 2010  6  1  0  0  0   0
20231014 032434.071 INFO             PET0       ---------------------> to: 2010  6  1  0 15  0   0
20231014 032434.071 INFO             PET0     ATM: Run extro.
20231014 032434.071 INFO             PET0     esm: RunSequence event loopLevel=   1  levelMember=   1  loopIteration=   2, current time: 2010  6  1  0 15  0   0
20231014 032434.071 INFO             PET0     ATM-TO-OCN: Run intro.
20231014 032434.072 INFO             PET0     ATM-TO-OCN: Run extro.
20231014 032434.072 INFO             PET0     OCN-TO-ATM: Run intro.
20231014 032434.083 INFO             PET0     OCN-TO-ATM: Run extro.
20231014 032434.083 INFO             PET0     ATM: Run intro.
20231014 032434.083 INFO             PET0       ------>Advancing ATM from: 2010  6  1  0 15  0   0
20231014 032434.083 INFO             PET0       ---------------------> to: 2010  6  1  0 30  0   0
20231014 032434.083 INFO             PET0     ATM: Run extro.
20231014 032434.083 INFO             PET0     esm: RunSequence event loopLevel=   1  levelMember=   1  loopIteration=   3, current time: 2010  6  1  0 30  0   0
20231014 032434.083 INFO             PET0     ATM-TO-OCN: Run intro.
20231014 032434.083 INFO             PET0     ATM-TO-OCN: Run extro.
20231014 032434.084 INFO             PET0     OCN-TO-ATM: Run intro.
20231014 032434.092 INFO             PET0     OCN-TO-ATM: Run extro.
20231014 032434.092 INFO             PET0     ATM: Run intro.
20231014 032434.092 INFO             PET0       ------>Advancing ATM from: 2010  6  1  0 30  0   0
20231014 032434.092 INFO             PET0       ---------------------> to: 2010  6  1  0 45  0   0
20231014 032434.092 INFO             PET0     ATM: Run extro.
20231014 032434.092 INFO             PET0     esm: RunSequence event loopLevel=   1  levelMember=   1  loopIteration=   4, current time: 2010  6  1  0 45  0   0
20231014 032434.092 INFO             PET0     ATM-TO-OCN: Run intro.
20231014 032434.093 INFO             PET0     ATM-TO-OCN: Run extro.
20231014 032434.093 INFO             PET0     OCN-TO-ATM: Run intro.
20231014 032434.101 INFO             PET0     OCN-TO-ATM: Run extro.
20231014 032434.101 INFO             PET0     ATM: Run intro.
20231014 032434.101 INFO             PET0       ------>Advancing ATM from: 2010  6  1  0 45  0   0
20231014 032434.101 INFO             PET0       ---------------------> to: 2010  6  1  1  0  0   0
20231014 032434.101 INFO             PET0     ATM: Run extro.
20231014 032434.101 INFO             PET0   esm: end <--------- RunSequence
20231014 032434.101 INFO             PET0   <<<esm - leaving Run with current time: 2010  6  1  1  0  0   0
20231014 032434.101 INFO             PET0 esm: Run extro.
20231014 032434.101 INFO             PET0 esm: Finalize intro.
20231014 032434.101 INFO             PET0   Calling Finalize phase 1 for connectorComp: ATM-TO-OCN
20231014 032434.102 INFO             PET0   ATM-TO-OCN: Finalize intro.
20231014 032434.102 INFO             PET0   ATM-TO-OCN: Finalize extro.
20231014 032434.102 INFO             PET0   Calling Finalize phase 1 for connectorComp: OCN-TO-ATM
20231014 032434.102 INFO             PET0   OCN-TO-ATM: Finalize intro.
20231014 032434.102 INFO             PET0   OCN-TO-ATM: Finalize extro.
20231014 032434.102 INFO             PET0   Calling Finalize phase 1 for modelComp: ATM
20231014 032434.102 INFO             PET0   ATM: Finalize intro.
20231014 032434.102 INFO             PET0   ATM: Finalize extro.
20231014 032434.102 INFO             PET0   Calling Finalize phase 1 for modelComp: OCN
20231014 032434.102 INFO             PET0   Delete modelComp: ATM
20231014 032434.102 INFO             PET0   Delete Import-/Export State for modelComp: ATM
20231014 032434.102 INFO             PET0   Delete modelComp: OCN
20231014 032434.102 INFO             PET0   Delete Import-/Export State for modelComp: OCN
20231014 032434.102 INFO             PET0   Delete connectorComp: ATM-TO-OCN
20231014 032434.102 INFO             PET0   Delete connectorComp: OCN-TO-ATM
20231014 032434.102 INFO             PET0 esm: Finalize extro.
20231014 032434.102 INFO             PET0 esmApp FINISHED
20231014 032434.102 INFO             PET0  Finalizing ESMF
20231014 032433.806 INFO             PET1 !!!!!!!!!!!!!!!!!!!!!!!!!!!!!!!!!!!!!!!!!!!!!!!!!!!!!!
20231014 032433.806 INFO             PET1 !!! THE ESMF_LOG IS SET TO OUTPUT ALL LOG MESSAGES !!!
20231014 032433.806 INFO             PET1 !!!     THIS MAY CAUSE SLOWDOWN IN PERFORMANCE     !!!
20231014 032433.806 INFO             PET1 !!! FOR PRODUCTION RUNS, USE:                      !!!
20231014 032433.806 INFO             PET1 !!!                   ESMF_LOGKIND_Multi_On_Error  !!!
20231014 032433.806 INFO             PET1 !!!!!!!!!!!!!!!!!!!!!!!!!!!!!!!!!!!!!!!!!!!!!!!!!!!!!!
20231014 032433.806 INFO             PET1 Running with ESMF Version   : v8.6.0b08-33-g8592d0bc9f
20231014 032433.806 INFO             PET1 ESMF library build date/time: "Oct 14 2023" "02:54:30"
20231014 032433.806 INFO             PET1 ESMF library build location : /glade/derecho/scratch/theurich/ESMF-Nightly-Testing/cce_15.0.1_mpi_g_develop/esmf
20231014 032433.806 INFO             PET1 ESMF_COMM                   : mpi
20231014 032433.806 INFO             PET1 ESMF_MOAB                   : enabled
20231014 032433.806 INFO             PET1 ESMF_LAPACK                 : enabled
20231014 032433.806 INFO             PET1 ESMF_NETCDF                 : enabled
20231014 032433.806 INFO             PET1 ESMF_PNETCDF                : disabled
20231014 032433.806 INFO             PET1 ESMF_PIO                    : enabled
20231014 032433.806 INFO             PET1 ESMF_YAMLCPP                : enabled
20231014 032433.807 INFO             PET1 esmApp STARTING
20231014 032433.811 INFO             PET1 esm: InitializeGeneric intro.
20231014 032433.811 INFO             PET1   esm: InitializeP0 intro.
20231014 032433.811 INFO             PET1   esm: InitializeP0 extro.
20231014 032433.812 INFO             PET1   esm: InitializeIPDv02p1 intro.
20231014 032433.812 INFO             PET1     >>>esm: entered Initialize (phase=<none>) without valid internal Clock.
20231014 032433.812 INFO             PET1     esm - Creating model component ATM with petList of size 2 :
20231014 032433.812 INFO             PET1           0      1
20231014 032433.814 INFO             PET1     esm - Creating model component OCN with petList of size 2 :
20231014 032433.814 INFO             PET1           2      3
20231014 032433.814 INFO             PET1     esm - Creating connector component ATM-TO-OCN with petList of size 4 :
20231014 032433.814 INFO             PET1           0      1      2      3
20231014 032433.819 INFO             PET1     esm - Creating connector component OCN-TO-ATM with petList of size 4 :
20231014 032433.820 INFO             PET1           2      3      0      1
20231014 032433.824 INFO             PET1     esm - Creating state: modelComp 1 Import State
20231014 032433.824 INFO             PET1     esm - Creating state: modelComp 1 Export State
20231014 032433.824 INFO             PET1     esm - Creating state: modelComp 2 Import State
20231014 032433.824 INFO             PET1     esm - Creating state: modelComp 2 Export State
20231014 032433.825 INFO             PET1     ATM: InitializeP0 intro.
20231014 032433.826 INFO             PET1     ATM: InitializeP0 extro.
20231014 032433.828 INFO             PET1     ATM-TO-OCN: InitializeP0 intro.
20231014 032433.828 INFO             PET1     ATM-TO-OCN: InitializeP0 extro.
20231014 032433.829 INFO             PET1     OCN-TO-ATM: InitializeP0 intro.
20231014 032433.829 INFO             PET1     OCN-TO-ATM: InitializeP0 extro.
20231014 032433.830 INFO             PET1     esm: IInitAdvertise intro.
20231014 032433.830 INFO             PET1     esm: IInitAdvertise extro.
20231014 032433.831 INFO             PET1     ATM: InitializeIPDvXp01 intro.
20231014 032433.833 INFO             PET1     ATM: InitializeIPDvXp01 extro.
20231014 032433.835 INFO             PET1     ATM-TO-OCN: InitializeIPDv05p1 intro.
20231014 032433.841 INFO             PET1     ATM-TO-OCN: InitializeIPDv05p1 extro.
20231014 032433.841 INFO             PET1     OCN-TO-ATM: InitializeIPDv05p1 intro.
20231014 032433.844 INFO             PET1     OCN-TO-ATM: InitializeIPDv05p1 extro.
20231014 032433.845 INFO             PET1     esm: IInitAdvertiseFinish intro.
20231014 032433.845 INFO             PET1     esm: IInitAdvertiseFinish extro.
20231014 032433.845 INFO             PET1     ATM-TO-OCN: InitializeIPDv05p2a intro.
20231014 032433.851 INFO             PET1     ATM-TO-OCN: InitializeIPDv05p2a extro.
20231014 032433.851 INFO             PET1     OCN-TO-ATM: InitializeIPDv05p2a intro.
20231014 032433.854 INFO             PET1     OCN-TO-ATM: InitializeIPDv05p2a extro.
20231014 032433.854 INFO             PET1     ATM-TO-OCN: InitializeIPDv05p2b intro.
20231014 032433.860 INFO             PET1     ATM-TO-OCN: InitializeIPDv05p2b extro.
20231014 032433.860 INFO             PET1     OCN-TO-ATM: InitializeIPDv05p2b intro.
20231014 032433.864 INFO             PET1     OCN-TO-ATM: InitializeIPDv05p2b extro.
20231014 032433.864 INFO             PET1     esm: IInitModifyCplLists intro.
20231014 032433.864 INFO             PET1       Driver is in ModifyCplLists()
20231014 032433.864 INFO             PET1        Found  2  Connectors. Modifying CplList Attribute....
20231014 032433.864 INFO             PET1     esm: IInitModifyCplLists extro.
20231014 032433.865 INFO             PET1     ATM-TO-OCN: InitializeIPDv05p3 intro.
20231014 032433.871 INFO             PET1     ATM-TO-OCN: InitializeIPDv05p3 extro.
20231014 032433.871 INFO             PET1     OCN-TO-ATM: InitializeIPDv05p3 intro.
20231014 032433.874 INFO             PET1     OCN-TO-ATM: InitializeIPDv05p3 extro.
20231014 032433.874 INFO             PET1     <<<esm: leaving Initialize (phase=<none>) with current time: 2010  6  1  0  0  0   0
20231014 032433.874 INFO             PET1   esm: InitializeIPDv02p1 extro.
20231014 032433.874 INFO             PET1   esm: InitializeIPDv02p3 intro.
20231014 032433.875 INFO             PET1     >>>esm: entered Initialize (phase=<none>) with current time: 2010  6  1  0  0  0   0
20231014 032433.875 INFO             PET1     esm: IInitCheck intro.
20231014 032433.875 INFO             PET1     esm: IInitCheck extro.
20231014 032433.875 INFO             PET1     ATM: InitializeIPDvXp04 intro.
20231014 032433.880 INFO             PET1     ATM: InitializeIPDvXp04 extro.
20231014 032433.882 INFO             PET1     ATM-TO-OCN: InitializeIPDv05p4 intro.
20231014 032433.892 INFO             PET1     ATM-TO-OCN: InitializeIPDv05p4 extro.
20231014 032433.892 INFO             PET1     OCN-TO-ATM: InitializeIPDv05p4 intro.
20231014 032433.897 INFO             PET1     OCN-TO-ATM: InitializeIPDv05p4 extro.
20231014 032433.897 INFO             PET1     ATM-TO-OCN: InitializeIPDv05p5 intro.
20231014 032433.907 INFO             PET1     ATM-TO-OCN: InitializeIPDv05p5 extro.
20231014 032433.907 INFO             PET1     OCN-TO-ATM: InitializeIPDv05p5 intro.
20231014 032433.912 INFO             PET1     OCN-TO-ATM: InitializeIPDv05p5 extro.
20231014 032433.912 INFO             PET1     esm: IInitRealize intro.
20231014 032433.912 INFO             PET1     esm: IInitRealize extro.
20231014 032433.912 INFO             PET1     ATM-TO-OCN: InitializeIPDv05p6a intro.
20231014 032433.921 INFO             PET1     ATM-TO-OCN: InitializeIPDv05p6a extro.
20231014 032433.922 INFO             PET1     OCN-TO-ATM: InitializeIPDv05p6a intro.
20231014 032433.926 INFO             PET1     OCN-TO-ATM: InitializeIPDv05p6a extro.
20231014 032433.926 INFO             PET1     ATM-TO-OCN: InitializeIPDv05p6b intro.
20231014 032434.008 INFO             PET1     ATM-TO-OCN: InitializeIPDv05p6b extro.
20231014 032434.008 INFO             PET1     OCN-TO-ATM: InitializeIPDv05p6b intro.
20231014 032434.066 INFO             PET1     OCN-TO-ATM: InitializeIPDv05p6b extro.
20231014 032434.066 INFO             PET1     ATM: InitializeIPDvXp07 intro.
20231014 032434.067 INFO             PET1     ATM: InitializeIPDvXp07 extro.
20231014 032434.067 INFO             PET1     <<<esm: leaving Initialize (phase=<none>) with current time: 2010  6  1  0  0  0   0
20231014 032434.067 INFO             PET1   esm: InitializeIPDv02p3 extro.
20231014 032434.067 INFO             PET1   esm: InitializeIPDv02p5 intro.
20231014 032434.067 INFO             PET1     >>>esm: entered Initialize (phase=<none>) with current time: 2010  6  1  0  0  0   0
20231014 032434.067 INFO             PET1     esm: this is a top level driver, no 'Updated' and 'InitializeDataComplete' info on this level.
20231014 032434.067 INFO             PET1     esm: InitializeIPDv02p5Data intro.
20231014 032434.067 INFO             PET1       esm: InternalInitializeComplete intro.
20231014 032434.067 INFO             PET1         esm: InitializeDataComplete='true'
20231014 032434.067 INFO             PET1       esm: InternalInitializeComplete extro.
20231014 032434.068 INFO             PET1       ATM: InitializeIPDv01p5 intro.
20231014 032434.068 INFO             PET1       ATM: InitializeIPDv01p5 extro.
20231014 032434.069 INFO             PET1       esm: components present that trigger loopDataDependentInitialize().
20231014 032434.069 INFO             PET1       esm: loopDataDependentInitialize intro.
20231014 032434.069 INFO             PET1         esm: component    0=esm, dataComplete (local): true
20231014 032434.069 INFO             PET1         esm: component    0=esm, dataComplete (global):  T
20231014 032434.069 INFO             PET1         esm: component    1=ATM, dataComplete (local): true
20231014 032434.069 INFO             PET1         esm: component    1=ATM, dataComplete (global):  T
20231014 032434.069 INFO             PET1         esm: component    2=OCN, dataComplete (local): true
20231014 032434.069 INFO             PET1         esm: component    2=OCN, dataComplete (global):  T
20231014 032434.069 INFO             PET1         esm: someProgress= F, allComplete= T, present(dataDepAllComplete)= T
20231014 032434.069 INFO             PET1         esm: finished resolving initialize data dependencies on this level.
20231014 032434.069 INFO             PET1       esm: loopDataDependentInitialize extro.
20231014 032434.069 INFO             PET1       esm: loopDataDependentInitialize() returned with dataDepAllComplete:  T
20231014 032434.069 INFO             PET1     esm: InitializeIPDv02p5Data extro.
20231014 032434.069 INFO             PET1     <<<esm: leaving Initialize (phase=<none>) with current time: 2010  6  1  0  0  0   0
20231014 032434.069 INFO             PET1   esm: InitializeIPDv02p5 extro.
20231014 032434.069 INFO             PET1 esm: InitializeGeneric extro.
20231014 032434.069 INFO             PET1 esm: Run intro.
20231014 032434.070 INFO             PET1   >>>esm entered Run (phase=RunPhase1) with current time: 2010  6  1  0  0  0   0
20231014 032434.070 INFO             PET1   esm: after lable_SetRunClock, current time: 2010  6  1  0  0  0   0
20231014 032434.070 INFO             PET1   esm: begin -------> RunSequence.
20231014 032434.070 INFO             PET1     esm: RunSequence event loopLevel=   1  levelMember=   1  loopIteration=   1, current time: 2010  6  1  0  0  0   0
20231014 032434.070 INFO             PET1     ATM-TO-OCN: Run intro.
20231014 032434.070 INFO             PET1     ATM-TO-OCN: Run extro.
20231014 032434.070 INFO             PET1     OCN-TO-ATM: Run intro.
20231014 032434.071 INFO             PET1     OCN-TO-ATM: Run extro.
20231014 032434.071 INFO             PET1     ATM: Run intro.
20231014 032434.071 INFO             PET1       ------>Advancing ATM from: 2010  6  1  0  0  0   0
20231014 032434.071 INFO             PET1       ---------------------> to: 2010  6  1  0 15  0   0
20231014 032434.071 INFO             PET1     ATM: Run extro.
20231014 032434.071 INFO             PET1     esm: RunSequence event loopLevel=   1  levelMember=   1  loopIteration=   2, current time: 2010  6  1  0 15  0   0
20231014 032434.071 INFO             PET1     ATM-TO-OCN: Run intro.
20231014 032434.072 INFO             PET1     ATM-TO-OCN: Run extro.
20231014 032434.072 INFO             PET1     OCN-TO-ATM: Run intro.
20231014 032434.083 INFO             PET1     OCN-TO-ATM: Run extro.
20231014 032434.083 INFO             PET1     ATM: Run intro.
20231014 032434.083 INFO             PET1       ------>Advancing ATM from: 2010  6  1  0 15  0   0
20231014 032434.083 INFO             PET1       ---------------------> to: 2010  6  1  0 30  0   0
20231014 032434.083 INFO             PET1     ATM: Run extro.
20231014 032434.083 INFO             PET1     esm: RunSequence event loopLevel=   1  levelMember=   1  loopIteration=   3, current time: 2010  6  1  0 30  0   0
20231014 032434.083 INFO             PET1     ATM-TO-OCN: Run intro.
20231014 032434.083 INFO             PET1     ATM-TO-OCN: Run extro.
20231014 032434.084 INFO             PET1     OCN-TO-ATM: Run intro.
20231014 032434.092 INFO             PET1     OCN-TO-ATM: Run extro.
20231014 032434.092 INFO             PET1     ATM: Run intro.
20231014 032434.092 INFO             PET1       ------>Advancing ATM from: 2010  6  1  0 30  0   0
20231014 032434.092 INFO             PET1       ---------------------> to: 2010  6  1  0 45  0   0
20231014 032434.092 INFO             PET1     ATM: Run extro.
20231014 032434.092 INFO             PET1     esm: RunSequence event loopLevel=   1  levelMember=   1  loopIteration=   4, current time: 2010  6  1  0 45  0   0
20231014 032434.092 INFO             PET1     ATM-TO-OCN: Run intro.
20231014 032434.092 INFO             PET1     ATM-TO-OCN: Run extro.
20231014 032434.093 INFO             PET1     OCN-TO-ATM: Run intro.
20231014 032434.101 INFO             PET1     OCN-TO-ATM: Run extro.
20231014 032434.101 INFO             PET1     ATM: Run intro.
20231014 032434.101 INFO             PET1       ------>Advancing ATM from: 2010  6  1  0 45  0   0
20231014 032434.101 INFO             PET1       ---------------------> to: 2010  6  1  1  0  0   0
20231014 032434.101 INFO             PET1     ATM: Run extro.
20231014 032434.101 INFO             PET1   esm: end <--------- RunSequence
20231014 032434.101 INFO             PET1   <<<esm - leaving Run with current time: 2010  6  1  1  0  0   0
20231014 032434.101 INFO             PET1 esm: Run extro.
20231014 032434.101 INFO             PET1 esm: Finalize intro.
20231014 032434.101 INFO             PET1   Calling Finalize phase 1 for connectorComp: ATM-TO-OCN
20231014 032434.102 INFO             PET1   ATM-TO-OCN: Finalize intro.
20231014 032434.102 INFO             PET1   ATM-TO-OCN: Finalize extro.
20231014 032434.102 INFO             PET1   Calling Finalize phase 1 for connectorComp: OCN-TO-ATM
20231014 032434.102 INFO             PET1   OCN-TO-ATM: Finalize intro.
20231014 032434.102 INFO             PET1   OCN-TO-ATM: Finalize extro.
20231014 032434.102 INFO             PET1   Calling Finalize phase 1 for modelComp: ATM
20231014 032434.102 INFO             PET1   ATM: Finalize intro.
20231014 032434.102 INFO             PET1   ATM: Finalize extro.
20231014 032434.102 INFO             PET1   Calling Finalize phase 1 for modelComp: OCN
20231014 032434.102 INFO             PET1   Delete modelComp: ATM
20231014 032434.102 INFO             PET1   Delete Import-/Export State for modelComp: ATM
20231014 032434.102 INFO             PET1   Delete modelComp: OCN
20231014 032434.102 INFO             PET1   Delete Import-/Export State for modelComp: OCN
20231014 032434.102 INFO             PET1   Delete connectorComp: ATM-TO-OCN
20231014 032434.102 INFO             PET1   Delete connectorComp: OCN-TO-ATM
20231014 032434.102 INFO             PET1 esm: Finalize extro.
20231014 032434.102 INFO             PET1 esmApp FINISHED
20231014 032434.102 INFO             PET1  Finalizing ESMF
20231014 032433.805 INFO             PET2 !!!!!!!!!!!!!!!!!!!!!!!!!!!!!!!!!!!!!!!!!!!!!!!!!!!!!!
20231014 032433.805 INFO             PET2 !!! THE ESMF_LOG IS SET TO OUTPUT ALL LOG MESSAGES !!!
20231014 032433.805 INFO             PET2 !!!     THIS MAY CAUSE SLOWDOWN IN PERFORMANCE     !!!
20231014 032433.805 INFO             PET2 !!! FOR PRODUCTION RUNS, USE:                      !!!
20231014 032433.805 INFO             PET2 !!!                   ESMF_LOGKIND_Multi_On_Error  !!!
20231014 032433.805 INFO             PET2 !!!!!!!!!!!!!!!!!!!!!!!!!!!!!!!!!!!!!!!!!!!!!!!!!!!!!!
20231014 032433.805 INFO             PET2 Running with ESMF Version   : v8.6.0b08-33-g8592d0bc9f
20231014 032433.805 INFO             PET2 ESMF library build date/time: "Oct 14 2023" "02:54:30"
20231014 032433.805 INFO             PET2 ESMF library build location : /glade/derecho/scratch/theurich/ESMF-Nightly-Testing/cce_15.0.1_mpi_g_develop/esmf
20231014 032433.805 INFO             PET2 ESMF_COMM                   : mpi
20231014 032433.806 INFO             PET2 ESMF_MOAB                   : enabled
20231014 032433.806 INFO             PET2 ESMF_LAPACK                 : enabled
20231014 032433.806 INFO             PET2 ESMF_NETCDF                 : enabled
20231014 032433.806 INFO             PET2 ESMF_PNETCDF                : disabled
20231014 032433.806 INFO             PET2 ESMF_PIO                    : enabled
20231014 032433.806 INFO             PET2 ESMF_YAMLCPP                : enabled
20231014 032433.807 INFO             PET2 esmApp STARTING
20231014 032433.811 INFO             PET2 esm: InitializeGeneric intro.
20231014 032433.811 INFO             PET2   esm: InitializeP0 intro.
20231014 032433.811 INFO             PET2   esm: InitializeP0 extro.
20231014 032433.812 INFO             PET2   esm: InitializeIPDv02p1 intro.
20231014 032433.812 INFO             PET2     >>>esm: entered Initialize (phase=<none>) without valid internal Clock.
20231014 032433.812 INFO             PET2     esm - Creating model component ATM with petList of size 2 :
20231014 032433.812 INFO             PET2           0      1
20231014 032433.814 INFO             PET2     esm - Creating model component OCN with petList of size 2 :
20231014 032433.814 INFO             PET2           2      3
20231014 032433.816 INFO             PET2     esm - Creating connector component ATM-TO-OCN with petList of size 4 :
20231014 032433.816 INFO             PET2           0      1      2      3
20231014 032433.819 INFO             PET2     esm - Creating connector component OCN-TO-ATM with petList of size 4 :
20231014 032433.819 INFO             PET2           2      3      0      1
20231014 032433.823 INFO             PET2     esm - Creating state: modelComp 1 Import State
20231014 032433.823 INFO             PET2     esm - Creating state: modelComp 1 Export State
20231014 032433.824 INFO             PET2     esm - Creating state: modelComp 2 Import State
20231014 032433.824 INFO             PET2     esm - Creating state: modelComp 2 Export State
20231014 032433.825 INFO             PET2     OCN: InitializeP0 intro.
20231014 032433.826 INFO             PET2     OCN: InitializeP0 extro.
20231014 032433.828 INFO             PET2     ATM-TO-OCN: InitializeP0 intro.
20231014 032433.828 INFO             PET2     ATM-TO-OCN: InitializeP0 extro.
20231014 032433.829 INFO             PET2     OCN-TO-ATM: InitializeP0 intro.
20231014 032433.829 INFO             PET2     OCN-TO-ATM: InitializeP0 extro.
20231014 032433.830 INFO             PET2     esm: IInitAdvertise intro.
20231014 032433.830 INFO             PET2     esm: IInitAdvertise extro.
20231014 032433.830 INFO             PET2     OCN: InitializeIPDvXp01 intro.
20231014 032433.833 INFO             PET2     OCN: InitializeIPDvXp01 extro.
20231014 032433.834 INFO             PET2     ATM-TO-OCN: InitializeIPDv05p1 intro.
20231014 032433.841 INFO             PET2     ATM-TO-OCN: InitializeIPDv05p1 extro.
20231014 032433.841 INFO             PET2     OCN-TO-ATM: InitializeIPDv05p1 intro.
20231014 032433.844 INFO             PET2     OCN-TO-ATM: InitializeIPDv05p1 extro.
20231014 032433.845 INFO             PET2     esm: IInitAdvertiseFinish intro.
20231014 032433.845 INFO             PET2     esm: IInitAdvertiseFinish extro.
20231014 032433.845 INFO             PET2     ATM-TO-OCN: InitializeIPDv05p2a intro.
20231014 032433.851 INFO             PET2     ATM-TO-OCN: InitializeIPDv05p2a extro.
20231014 032433.851 INFO             PET2     OCN-TO-ATM: InitializeIPDv05p2a intro.
20231014 032433.854 INFO             PET2     OCN-TO-ATM: InitializeIPDv05p2a extro.
20231014 032433.854 INFO             PET2     ATM-TO-OCN: InitializeIPDv05p2b intro.
20231014 032433.860 INFO             PET2     ATM-TO-OCN: InitializeIPDv05p2b extro.
20231014 032433.860 INFO             PET2     OCN-TO-ATM: InitializeIPDv05p2b intro.
20231014 032433.864 INFO             PET2     OCN-TO-ATM: InitializeIPDv05p2b extro.
20231014 032433.864 INFO             PET2     esm: IInitModifyCplLists intro.
20231014 032433.864 INFO             PET2       Driver is in ModifyCplLists()
20231014 032433.864 INFO             PET2        Found  2  Connectors. Modifying CplList Attribute....
20231014 032433.864 INFO             PET2     esm: IInitModifyCplLists extro.
20231014 032433.865 INFO             PET2     ATM-TO-OCN: InitializeIPDv05p3 intro.
20231014 032433.870 INFO             PET2     ATM-TO-OCN: InitializeIPDv05p3 extro.
20231014 032433.871 INFO             PET2     OCN-TO-ATM: InitializeIPDv05p3 intro.
20231014 032433.874 INFO             PET2     OCN-TO-ATM: InitializeIPDv05p3 extro.
20231014 032433.874 INFO             PET2     <<<esm: leaving Initialize (phase=<none>) with current time: 2010  6  1  0  0  0   0
20231014 032433.874 INFO             PET2   esm: InitializeIPDv02p1 extro.
20231014 032433.874 INFO             PET2   esm: InitializeIPDv02p3 intro.
20231014 032433.875 INFO             PET2     >>>esm: entered Initialize (phase=<none>) with current time: 2010  6  1  0  0  0   0
20231014 032433.875 INFO             PET2     esm: IInitCheck intro.
20231014 032433.875 INFO             PET2     esm: IInitCheck extro.
20231014 032433.875 INFO             PET2     OCN: InitializeIPDvXp04 intro.
20231014 032433.880 INFO             PET2     OCN: InitializeIPDvXp04 extro.
20231014 032433.882 INFO             PET2     ATM-TO-OCN: InitializeIPDv05p4 intro.
20231014 032433.892 INFO             PET2     ATM-TO-OCN: InitializeIPDv05p4 extro.
20231014 032433.892 INFO             PET2     OCN-TO-ATM: InitializeIPDv05p4 intro.
20231014 032433.897 INFO             PET2     OCN-TO-ATM: InitializeIPDv05p4 extro.
20231014 032433.897 INFO             PET2     ATM-TO-OCN: InitializeIPDv05p5 intro.
20231014 032433.906 INFO             PET2     ATM-TO-OCN: InitializeIPDv05p5 extro.
20231014 032433.907 INFO             PET2     OCN-TO-ATM: InitializeIPDv05p5 intro.
20231014 032433.912 INFO             PET2     OCN-TO-ATM: InitializeIPDv05p5 extro.
20231014 032433.912 INFO             PET2     esm: IInitRealize intro.
20231014 032433.912 INFO             PET2     esm: IInitRealize extro.
20231014 032433.912 INFO             PET2     ATM-TO-OCN: InitializeIPDv05p6a intro.
20231014 032433.921 INFO             PET2     ATM-TO-OCN: InitializeIPDv05p6a extro.
20231014 032433.922 INFO             PET2     OCN-TO-ATM: InitializeIPDv05p6a intro.
20231014 032433.926 INFO             PET2     OCN-TO-ATM: InitializeIPDv05p6a extro.
20231014 032433.927 INFO             PET2     ATM-TO-OCN: InitializeIPDv05p6b intro.
20231014 032434.008 INFO             PET2     ATM-TO-OCN: InitializeIPDv05p6b extro.
20231014 032434.008 INFO             PET2     OCN-TO-ATM: InitializeIPDv05p6b intro.
20231014 032434.066 INFO             PET2     OCN-TO-ATM: InitializeIPDv05p6b extro.
20231014 032434.067 INFO             PET2     OCN: InitializeIPDvXp07 intro.
20231014 032434.067 INFO             PET2     OCN: InitializeIPDvXp07 extro.
20231014 032434.067 INFO             PET2     <<<esm: leaving Initialize (phase=<none>) with current time: 2010  6  1  0  0  0   0
20231014 032434.067 INFO             PET2   esm: InitializeIPDv02p3 extro.
20231014 032434.067 INFO             PET2   esm: InitializeIPDv02p5 intro.
20231014 032434.067 INFO             PET2     >>>esm: entered Initialize (phase=<none>) with current time: 2010  6  1  0  0  0   0
20231014 032434.067 INFO             PET2     esm: this is a top level driver, no 'Updated' and 'InitializeDataComplete' info on this level.
20231014 032434.067 INFO             PET2     esm: InitializeIPDv02p5Data intro.
20231014 032434.067 INFO             PET2       esm: InternalInitializeComplete intro.
20231014 032434.067 INFO             PET2         esm: InitializeDataComplete='true'
20231014 032434.067 INFO             PET2       esm: InternalInitializeComplete extro.
20231014 032434.068 INFO             PET2       OCN: InitializeIPDv01p5 intro.
20231014 032434.068 INFO             PET2       OCN: InitializeIPDv01p5 extro.
20231014 032434.069 INFO             PET2       esm: components present that trigger loopDataDependentInitialize().
20231014 032434.069 INFO             PET2       esm: loopDataDependentInitialize intro.
20231014 032434.069 INFO             PET2         esm: component    0=esm, dataComplete (local): true
20231014 032434.069 INFO             PET2         esm: component    0=esm, dataComplete (global):  T
20231014 032434.069 INFO             PET2         esm: component    1=ATM, dataComplete (local): true
20231014 032434.069 INFO             PET2         esm: component    1=ATM, dataComplete (global):  T
20231014 032434.069 INFO             PET2         esm: component    2=OCN, dataComplete (local): true
20231014 032434.069 INFO             PET2         esm: component    2=OCN, dataComplete (global):  T
20231014 032434.069 INFO             PET2         esm: someProgress= F, allComplete= T, present(dataDepAllComplete)= T
20231014 032434.069 INFO             PET2         esm: finished resolving initialize data dependencies on this level.
20231014 032434.069 INFO             PET2       esm: loopDataDependentInitialize extro.
20231014 032434.069 INFO             PET2       esm: loopDataDependentInitialize() returned with dataDepAllComplete:  T
20231014 032434.069 INFO             PET2     esm: InitializeIPDv02p5Data extro.
20231014 032434.069 INFO             PET2     <<<esm: leaving Initialize (phase=<none>) with current time: 2010  6  1  0  0  0   0
20231014 032434.069 INFO             PET2   esm: InitializeIPDv02p5 extro.
20231014 032434.069 INFO             PET2 esm: InitializeGeneric extro.
20231014 032434.069 INFO             PET2 esm: Run intro.
20231014 032434.070 INFO             PET2   >>>esm entered Run (phase=RunPhase1) with current time: 2010  6  1  0  0  0   0
20231014 032434.070 INFO             PET2   esm: after lable_SetRunClock, current time: 2010  6  1  0  0  0   0
20231014 032434.070 INFO             PET2   esm: begin -------> RunSequence.
20231014 032434.070 INFO             PET2     esm: RunSequence event loopLevel=   1  levelMember=   1  loopIteration=   1, current time: 2010  6  1  0  0  0   0
20231014 032434.070 INFO             PET2     ATM-TO-OCN: Run intro.
20231014 032434.070 INFO             PET2     ATM-TO-OCN: Run extro.
20231014 032434.071 INFO             PET2     OCN-TO-ATM: Run intro.
20231014 032434.071 INFO             PET2     OCN-TO-ATM: Run extro.
20231014 032434.071 INFO             PET2     OCN: Run intro.
20231014 032434.071 INFO             PET2       ------>Advancing OCN from: 2010  6  1  0  0  0   0
20231014 032434.071 INFO             PET2       ---------------------> to: 2010  6  1  0  5  0   0
20231014 032434.076 INFO             PET2       ------>Advancing OCN from: 2010  6  1  0  5  0   0
20231014 032434.076 INFO             PET2       ---------------------> to: 2010  6  1  0 10  0   0
20231014 032434.079 INFO             PET2       ------>Advancing OCN from: 2010  6  1  0 10  0   0
20231014 032434.079 INFO             PET2       ---------------------> to: 2010  6  1  0 15  0   0
20231014 032434.082 INFO             PET2     OCN: Run extro.
20231014 032434.082 INFO             PET2     esm: RunSequence event loopLevel=   1  levelMember=   1  loopIteration=   2, current time: 2010  6  1  0 15  0   0
20231014 032434.082 INFO             PET2     ATM-TO-OCN: Run intro.
20231014 032434.083 INFO             PET2     ATM-TO-OCN: Run extro.
20231014 032434.083 INFO             PET2     OCN-TO-ATM: Run intro.
20231014 032434.083 INFO             PET2     OCN-TO-ATM: Run extro.
20231014 032434.083 INFO             PET2     OCN: Run intro.
20231014 032434.083 INFO             PET2       ------>Advancing OCN from: 2010  6  1  0 15  0   0
20231014 032434.083 INFO             PET2       ---------------------> to: 2010  6  1  0 20  0   0
20231014 032434.086 INFO             PET2       ------>Advancing OCN from: 2010  6  1  0 20  0   0
20231014 032434.086 INFO             PET2       ---------------------> to: 2010  6  1  0 25  0   0
20231014 032434.089 INFO             PET2       ------>Advancing OCN from: 2010  6  1  0 25  0   0
20231014 032434.089 INFO             PET2       ---------------------> to: 2010  6  1  0 30  0   0
20231014 032434.091 INFO             PET2     OCN: Run extro.
20231014 032434.091 INFO             PET2     esm: RunSequence event loopLevel=   1  levelMember=   1  loopIteration=   3, current time: 2010  6  1  0 30  0   0
20231014 032434.091 INFO             PET2     ATM-TO-OCN: Run intro.
20231014 032434.092 INFO             PET2     ATM-TO-OCN: Run extro.
20231014 032434.092 INFO             PET2     OCN-TO-ATM: Run intro.
20231014 032434.092 INFO             PET2     OCN-TO-ATM: Run extro.
20231014 032434.092 INFO             PET2     OCN: Run intro.
20231014 032434.092 INFO             PET2       ------>Advancing OCN from: 2010  6  1  0 30  0   0
20231014 032434.092 INFO             PET2       ---------------------> to: 2010  6  1  0 35  0   0
20231014 032434.095 INFO             PET2       ------>Advancing OCN from: 2010  6  1  0 35  0   0
20231014 032434.095 INFO             PET2       ---------------------> to: 2010  6  1  0 40  0   0
20231014 032434.098 INFO             PET2       ------>Advancing OCN from: 2010  6  1  0 40  0   0
20231014 032434.098 INFO             PET2       ---------------------> to: 2010  6  1  0 45  0   0
20231014 032434.100 INFO             PET2     OCN: Run extro.
20231014 032434.100 INFO             PET2     esm: RunSequence event loopLevel=   1  levelMember=   1  loopIteration=   4, current time: 2010  6  1  0 45  0   0
20231014 032434.100 INFO             PET2     ATM-TO-OCN: Run intro.
20231014 032434.101 INFO             PET2     ATM-TO-OCN: Run extro.
20231014 032434.101 INFO             PET2     OCN-TO-ATM: Run intro.
20231014 032434.101 INFO             PET2     OCN-TO-ATM: Run extro.
20231014 032434.101 INFO             PET2     OCN: Run intro.
20231014 032434.101 INFO             PET2       ------>Advancing OCN from: 2010  6  1  0 45  0   0
20231014 032434.101 INFO             PET2       ---------------------> to: 2010  6  1  0 50  0   0
20231014 032434.104 INFO             PET2       ------>Advancing OCN from: 2010  6  1  0 50  0   0
20231014 032434.104 INFO             PET2       ---------------------> to: 2010  6  1  0 55  0   0
20231014 032434.107 INFO             PET2       ------>Advancing OCN from: 2010  6  1  0 55  0   0
20231014 032434.107 INFO             PET2       ---------------------> to: 2010  6  1  1  0  0   0
20231014 032434.109 INFO             PET2     OCN: Run extro.
20231014 032434.109 INFO             PET2   esm: end <--------- RunSequence
20231014 032434.109 INFO             PET2   <<<esm - leaving Run with current time: 2010  6  1  1  0  0   0
20231014 032434.109 INFO             PET2 esm: Run extro.
20231014 032434.110 INFO             PET2 esm: Finalize intro.
20231014 032434.110 INFO             PET2   Calling Finalize phase 1 for connectorComp: ATM-TO-OCN
20231014 032434.110 INFO             PET2   ATM-TO-OCN: Finalize intro.
20231014 032434.110 INFO             PET2   ATM-TO-OCN: Finalize extro.
20231014 032434.110 INFO             PET2   Calling Finalize phase 1 for connectorComp: OCN-TO-ATM
20231014 032434.110 INFO             PET2   OCN-TO-ATM: Finalize intro.
20231014 032434.110 INFO             PET2   OCN-TO-ATM: Finalize extro.
20231014 032434.110 INFO             PET2   Calling Finalize phase 1 for modelComp: ATM
20231014 032434.110 INFO             PET2   Calling Finalize phase 1 for modelComp: OCN
20231014 032434.110 INFO             PET2   OCN: Finalize intro.
20231014 032434.110 INFO             PET2   OCN: Finalize extro.
20231014 032434.110 INFO             PET2   Delete modelComp: ATM
20231014 032434.110 INFO             PET2   Delete Import-/Export State for modelComp: ATM
20231014 032434.110 INFO             PET2   Delete modelComp: OCN
20231014 032434.110 INFO             PET2   Delete Import-/Export State for modelComp: OCN
20231014 032434.110 INFO             PET2   Delete connectorComp: ATM-TO-OCN
20231014 032434.111 INFO             PET2   Delete connectorComp: OCN-TO-ATM
20231014 032434.111 INFO             PET2 esm: Finalize extro.
20231014 032434.111 INFO             PET2 esmApp FINISHED
20231014 032434.111 INFO             PET2  Finalizing ESMF
20231014 032433.805 INFO             PET3 !!!!!!!!!!!!!!!!!!!!!!!!!!!!!!!!!!!!!!!!!!!!!!!!!!!!!!
20231014 032433.806 INFO             PET3 !!! THE ESMF_LOG IS SET TO OUTPUT ALL LOG MESSAGES !!!
20231014 032433.806 INFO             PET3 !!!     THIS MAY CAUSE SLOWDOWN IN PERFORMANCE     !!!
20231014 032433.806 INFO             PET3 !!! FOR PRODUCTION RUNS, USE:                      !!!
20231014 032433.806 INFO             PET3 !!!                   ESMF_LOGKIND_Multi_On_Error  !!!
20231014 032433.806 INFO             PET3 !!!!!!!!!!!!!!!!!!!!!!!!!!!!!!!!!!!!!!!!!!!!!!!!!!!!!!
20231014 032433.806 INFO             PET3 Running with ESMF Version   : v8.6.0b08-33-g8592d0bc9f
20231014 032433.806 INFO             PET3 ESMF library build date/time: "Oct 14 2023" "02:54:30"
20231014 032433.806 INFO             PET3 ESMF library build location : /glade/derecho/scratch/theurich/ESMF-Nightly-Testing/cce_15.0.1_mpi_g_develop/esmf
20231014 032433.806 INFO             PET3 ESMF_COMM                   : mpi
20231014 032433.806 INFO             PET3 ESMF_MOAB                   : enabled
20231014 032433.806 INFO             PET3 ESMF_LAPACK                 : enabled
20231014 032433.806 INFO             PET3 ESMF_NETCDF                 : enabled
20231014 032433.806 INFO             PET3 ESMF_PNETCDF                : disabled
20231014 032433.806 INFO             PET3 ESMF_PIO                    : enabled
20231014 032433.806 INFO             PET3 ESMF_YAMLCPP                : enabled
20231014 032433.807 INFO             PET3 esmApp STARTING
20231014 032433.811 INFO             PET3 esm: InitializeGeneric intro.
20231014 032433.811 INFO             PET3   esm: InitializeP0 intro.
20231014 032433.811 INFO             PET3   esm: InitializeP0 extro.
20231014 032433.812 INFO             PET3   esm: InitializeIPDv02p1 intro.
20231014 032433.812 INFO             PET3     >>>esm: entered Initialize (phase=<none>) without valid internal Clock.
20231014 032433.812 INFO             PET3     esm - Creating model component ATM with petList of size 2 :
20231014 032433.812 INFO             PET3           0      1
20231014 032433.814 INFO             PET3     esm - Creating model component OCN with petList of size 2 :
20231014 032433.814 INFO             PET3           2      3
20231014 032433.816 INFO             PET3     esm - Creating connector component ATM-TO-OCN with petList of size 4 :
20231014 032433.816 INFO             PET3           0      1      2      3
20231014 032433.819 INFO             PET3     esm - Creating connector component OCN-TO-ATM with petList of size 4 :
20231014 032433.820 INFO             PET3           2      3      0      1
20231014 032433.824 INFO             PET3     esm - Creating state: modelComp 1 Import State
20231014 032433.824 INFO             PET3     esm - Creating state: modelComp 1 Export State
20231014 032433.824 INFO             PET3     esm - Creating state: modelComp 2 Import State
20231014 032433.824 INFO             PET3     esm - Creating state: modelComp 2 Export State
20231014 032433.825 INFO             PET3     OCN: InitializeP0 intro.
20231014 032433.826 INFO             PET3     OCN: InitializeP0 extro.
20231014 032433.828 INFO             PET3     ATM-TO-OCN: InitializeP0 intro.
20231014 032433.828 INFO             PET3     ATM-TO-OCN: InitializeP0 extro.
20231014 032433.829 INFO             PET3     OCN-TO-ATM: InitializeP0 intro.
20231014 032433.829 INFO             PET3     OCN-TO-ATM: InitializeP0 extro.
20231014 032433.830 INFO             PET3     esm: IInitAdvertise intro.
20231014 032433.830 INFO             PET3     esm: IInitAdvertise extro.
20231014 032433.831 INFO             PET3     OCN: InitializeIPDvXp01 intro.
20231014 032433.833 INFO             PET3     OCN: InitializeIPDvXp01 extro.
20231014 032433.835 INFO             PET3     ATM-TO-OCN: InitializeIPDv05p1 intro.
20231014 032433.841 INFO             PET3     ATM-TO-OCN: InitializeIPDv05p1 extro.
20231014 032433.841 INFO             PET3     OCN-TO-ATM: InitializeIPDv05p1 intro.
20231014 032433.844 INFO             PET3     OCN-TO-ATM: InitializeIPDv05p1 extro.
20231014 032433.845 INFO             PET3     esm: IInitAdvertiseFinish intro.
20231014 032433.845 INFO             PET3     esm: IInitAdvertiseFinish extro.
20231014 032433.845 INFO             PET3     ATM-TO-OCN: InitializeIPDv05p2a intro.
20231014 032433.851 INFO             PET3     ATM-TO-OCN: InitializeIPDv05p2a extro.
20231014 032433.851 INFO             PET3     OCN-TO-ATM: InitializeIPDv05p2a intro.
20231014 032433.854 INFO             PET3     OCN-TO-ATM: InitializeIPDv05p2a extro.
20231014 032433.854 INFO             PET3     ATM-TO-OCN: InitializeIPDv05p2b intro.
20231014 032433.860 INFO             PET3     ATM-TO-OCN: InitializeIPDv05p2b extro.
20231014 032433.860 INFO             PET3     OCN-TO-ATM: InitializeIPDv05p2b intro.
20231014 032433.864 INFO             PET3     OCN-TO-ATM: InitializeIPDv05p2b extro.
20231014 032433.864 INFO             PET3     esm: IInitModifyCplLists intro.
20231014 032433.864 INFO             PET3       Driver is in ModifyCplLists()
20231014 032433.864 INFO             PET3        Found  2  Connectors. Modifying CplList Attribute....
20231014 032433.864 INFO             PET3     esm: IInitModifyCplLists extro.
20231014 032433.865 INFO             PET3     ATM-TO-OCN: InitializeIPDv05p3 intro.
20231014 032433.870 INFO             PET3     ATM-TO-OCN: InitializeIPDv05p3 extro.
20231014 032433.871 INFO             PET3     OCN-TO-ATM: InitializeIPDv05p3 intro.
20231014 032433.874 INFO             PET3     OCN-TO-ATM: InitializeIPDv05p3 extro.
20231014 032433.874 INFO             PET3     <<<esm: leaving Initialize (phase=<none>) with current time: 2010  6  1  0  0  0   0
20231014 032433.874 INFO             PET3   esm: InitializeIPDv02p1 extro.
20231014 032433.874 INFO             PET3   esm: InitializeIPDv02p3 intro.
20231014 032433.875 INFO             PET3     >>>esm: entered Initialize (phase=<none>) with current time: 2010  6  1  0  0  0   0
20231014 032433.875 INFO             PET3     esm: IInitCheck intro.
20231014 032433.875 INFO             PET3     esm: IInitCheck extro.
20231014 032433.875 INFO             PET3     OCN: InitializeIPDvXp04 intro.
20231014 032433.880 INFO             PET3     OCN: InitializeIPDvXp04 extro.
20231014 032433.882 INFO             PET3     ATM-TO-OCN: InitializeIPDv05p4 intro.
20231014 032433.892 INFO             PET3     ATM-TO-OCN: InitializeIPDv05p4 extro.
20231014 032433.892 INFO             PET3     OCN-TO-ATM: InitializeIPDv05p4 intro.
20231014 032433.897 INFO             PET3     OCN-TO-ATM: InitializeIPDv05p4 extro.
20231014 032433.897 INFO             PET3     ATM-TO-OCN: InitializeIPDv05p5 intro.
20231014 032433.906 INFO             PET3     ATM-TO-OCN: InitializeIPDv05p5 extro.
20231014 032433.907 INFO             PET3     OCN-TO-ATM: InitializeIPDv05p5 intro.
20231014 032433.912 INFO             PET3     OCN-TO-ATM: InitializeIPDv05p5 extro.
20231014 032433.912 INFO             PET3     esm: IInitRealize intro.
20231014 032433.912 INFO             PET3     esm: IInitRealize extro.
20231014 032433.912 INFO             PET3     ATM-TO-OCN: InitializeIPDv05p6a intro.
20231014 032433.921 INFO             PET3     ATM-TO-OCN: InitializeIPDv05p6a extro.
20231014 032433.922 INFO             PET3     OCN-TO-ATM: InitializeIPDv05p6a intro.
20231014 032433.926 INFO             PET3     OCN-TO-ATM: InitializeIPDv05p6a extro.
20231014 032433.926 INFO             PET3     ATM-TO-OCN: InitializeIPDv05p6b intro.
20231014 032434.008 INFO             PET3     ATM-TO-OCN: InitializeIPDv05p6b extro.
20231014 032434.008 INFO             PET3     OCN-TO-ATM: InitializeIPDv05p6b intro.
20231014 032434.066 INFO             PET3     OCN-TO-ATM: InitializeIPDv05p6b extro.
20231014 032434.067 INFO             PET3     OCN: InitializeIPDvXp07 intro.
20231014 032434.067 INFO             PET3     OCN: InitializeIPDvXp07 extro.
20231014 032434.067 INFO             PET3     <<<esm: leaving Initialize (phase=<none>) with current time: 2010  6  1  0  0  0   0
20231014 032434.067 INFO             PET3   esm: InitializeIPDv02p3 extro.
20231014 032434.067 INFO             PET3   esm: InitializeIPDv02p5 intro.
20231014 032434.067 INFO             PET3     >>>esm: entered Initialize (phase=<none>) with current time: 2010  6  1  0  0  0   0
20231014 032434.067 INFO             PET3     esm: this is a top level driver, no 'Updated' and 'InitializeDataComplete' info on this level.
20231014 032434.067 INFO             PET3     esm: InitializeIPDv02p5Data intro.
20231014 032434.067 INFO             PET3       esm: InternalInitializeComplete intro.
20231014 032434.067 INFO             PET3         esm: InitializeDataComplete='true'
20231014 032434.067 INFO             PET3       esm: InternalInitializeComplete extro.
20231014 032434.068 INFO             PET3       OCN: InitializeIPDv01p5 intro.
20231014 032434.068 INFO             PET3       OCN: InitializeIPDv01p5 extro.
20231014 032434.069 INFO             PET3       esm: components present that trigger loopDataDependentInitialize().
20231014 032434.069 INFO             PET3       esm: loopDataDependentInitialize intro.
20231014 032434.069 INFO             PET3         esm: component    0=esm, dataComplete (local): true
20231014 032434.069 INFO             PET3         esm: component    0=esm, dataComplete (global):  T
20231014 032434.069 INFO             PET3         esm: component    1=ATM, dataComplete (local): true
20231014 032434.069 INFO             PET3         esm: component    1=ATM, dataComplete (global):  T
20231014 032434.069 INFO             PET3         esm: component    2=OCN, dataComplete (local): true
20231014 032434.069 INFO             PET3         esm: component    2=OCN, dataComplete (global):  T
20231014 032434.069 INFO             PET3         esm: someProgress= F, allComplete= T, present(dataDepAllComplete)= T
20231014 032434.069 INFO             PET3         esm: finished resolving initialize data dependencies on this level.
20231014 032434.069 INFO             PET3       esm: loopDataDependentInitialize extro.
20231014 032434.069 INFO             PET3       esm: loopDataDependentInitialize() returned with dataDepAllComplete:  T
20231014 032434.069 INFO             PET3     esm: InitializeIPDv02p5Data extro.
20231014 032434.069 INFO             PET3     <<<esm: leaving Initialize (phase=<none>) with current time: 2010  6  1  0  0  0   0
20231014 032434.069 INFO             PET3   esm: InitializeIPDv02p5 extro.
20231014 032434.069 INFO             PET3 esm: InitializeGeneric extro.
20231014 032434.069 INFO             PET3 esm: Run intro.
20231014 032434.070 INFO             PET3   >>>esm entered Run (phase=RunPhase1) with current time: 2010  6  1  0  0  0   0
20231014 032434.070 INFO             PET3   esm: after lable_SetRunClock, current time: 2010  6  1  0  0  0   0
20231014 032434.070 INFO             PET3   esm: begin -------> RunSequence.
20231014 032434.070 INFO             PET3     esm: RunSequence event loopLevel=   1  levelMember=   1  loopIteration=   1, current time: 2010  6  1  0  0  0   0
20231014 032434.070 INFO             PET3     ATM-TO-OCN: Run intro.
20231014 032434.070 INFO             PET3     ATM-TO-OCN: Run extro.
20231014 032434.071 INFO             PET3     OCN-TO-ATM: Run intro.
20231014 032434.071 INFO             PET3     OCN-TO-ATM: Run extro.
20231014 032434.071 INFO             PET3     OCN: Run intro.
20231014 032434.071 INFO             PET3       ------>Advancing OCN from: 2010  6  1  0  0  0   0
20231014 032434.071 INFO             PET3       ---------------------> to: 2010  6  1  0  5  0   0
20231014 032434.076 INFO             PET3       ------>Advancing OCN from: 2010  6  1  0  5  0   0
20231014 032434.076 INFO             PET3       ---------------------> to: 2010  6  1  0 10  0   0
20231014 032434.079 INFO             PET3       ------>Advancing OCN from: 2010  6  1  0 10  0   0
20231014 032434.079 INFO             PET3       ---------------------> to: 2010  6  1  0 15  0   0
20231014 032434.082 INFO             PET3     OCN: Run extro.
20231014 032434.082 INFO             PET3     esm: RunSequence event loopLevel=   1  levelMember=   1  loopIteration=   2, current time: 2010  6  1  0 15  0   0
20231014 032434.082 INFO             PET3     ATM-TO-OCN: Run intro.
20231014 032434.082 INFO             PET3     ATM-TO-OCN: Run extro.
20231014 032434.083 INFO             PET3     OCN-TO-ATM: Run intro.
20231014 032434.083 INFO             PET3     OCN-TO-ATM: Run extro.
20231014 032434.083 INFO             PET3     OCN: Run intro.
20231014 032434.083 INFO             PET3       ------>Advancing OCN from: 2010  6  1  0 15  0   0
20231014 032434.083 INFO             PET3       ---------------------> to: 2010  6  1  0 20  0   0
20231014 032434.086 INFO             PET3       ------>Advancing OCN from: 2010  6  1  0 20  0   0
20231014 032434.086 INFO             PET3       ---------------------> to: 2010  6  1  0 25  0   0
20231014 032434.089 INFO             PET3       ------>Advancing OCN from: 2010  6  1  0 25  0   0
20231014 032434.089 INFO             PET3       ---------------------> to: 2010  6  1  0 30  0   0
20231014 032434.091 INFO             PET3     OCN: Run extro.
20231014 032434.091 INFO             PET3     esm: RunSequence event loopLevel=   1  levelMember=   1  loopIteration=   3, current time: 2010  6  1  0 30  0   0
20231014 032434.091 INFO             PET3     ATM-TO-OCN: Run intro.
20231014 032434.092 INFO             PET3     ATM-TO-OCN: Run extro.
20231014 032434.092 INFO             PET3     OCN-TO-ATM: Run intro.
20231014 032434.092 INFO             PET3     OCN-TO-ATM: Run extro.
20231014 032434.092 INFO             PET3     OCN: Run intro.
20231014 032434.092 INFO             PET3       ------>Advancing OCN from: 2010  6  1  0 30  0   0
20231014 032434.092 INFO             PET3       ---------------------> to: 2010  6  1  0 35  0   0
20231014 032434.095 INFO             PET3       ------>Advancing OCN from: 2010  6  1  0 35  0   0
20231014 032434.095 INFO             PET3       ---------------------> to: 2010  6  1  0 40  0   0
20231014 032434.098 INFO             PET3       ------>Advancing OCN from: 2010  6  1  0 40  0   0
20231014 032434.098 INFO             PET3       ---------------------> to: 2010  6  1  0 45  0   0
20231014 032434.100 INFO             PET3     OCN: Run extro.
20231014 032434.100 INFO             PET3     esm: RunSequence event loopLevel=   1  levelMember=   1  loopIteration=   4, current time: 2010  6  1  0 45  0   0
20231014 032434.100 INFO             PET3     ATM-TO-OCN: Run intro.
20231014 032434.101 INFO             PET3     ATM-TO-OCN: Run extro.
20231014 032434.101 INFO             PET3     OCN-TO-ATM: Run intro.
20231014 032434.101 INFO             PET3     OCN-TO-ATM: Run extro.
20231014 032434.101 INFO             PET3     OCN: Run intro.
20231014 032434.101 INFO             PET3       ------>Advancing OCN from: 2010  6  1  0 45  0   0
20231014 032434.101 INFO             PET3       ---------------------> to: 2010  6  1  0 50  0   0
20231014 032434.104 INFO             PET3       ------>Advancing OCN from: 2010  6  1  0 50  0   0
20231014 032434.104 INFO             PET3       ---------------------> to: 2010  6  1  0 55  0   0
20231014 032434.107 INFO             PET3       ------>Advancing OCN from: 2010  6  1  0 55  0   0
20231014 032434.107 INFO             PET3       ---------------------> to: 2010  6  1  1  0  0   0
20231014 032434.109 INFO             PET3     OCN: Run extro.
20231014 032434.109 INFO             PET3   esm: end <--------- RunSequence
20231014 032434.109 INFO             PET3   <<<esm - leaving Run with current time: 2010  6  1  1  0  0   0
20231014 032434.109 INFO             PET3 esm: Run extro.
20231014 032434.110 INFO             PET3 esm: Finalize intro.
20231014 032434.110 INFO             PET3   Calling Finalize phase 1 for connectorComp: ATM-TO-OCN
20231014 032434.110 INFO             PET3   ATM-TO-OCN: Finalize intro.
20231014 032434.110 INFO             PET3   ATM-TO-OCN: Finalize extro.
20231014 032434.110 INFO             PET3   Calling Finalize phase 1 for connectorComp: OCN-TO-ATM
20231014 032434.110 INFO             PET3   OCN-TO-ATM: Finalize intro.
20231014 032434.110 INFO             PET3   OCN-TO-ATM: Finalize extro.
20231014 032434.110 INFO             PET3   Calling Finalize phase 1 for modelComp: ATM
20231014 032434.110 INFO             PET3   Calling Finalize phase 1 for modelComp: OCN
20231014 032434.110 INFO             PET3   OCN: Finalize intro.
20231014 032434.110 INFO             PET3   OCN: Finalize extro.
20231014 032434.110 INFO             PET3   Delete modelComp: ATM
20231014 032434.110 INFO             PET3   Delete Import-/Export State for modelComp: ATM
20231014 032434.110 INFO             PET3   Delete modelComp: OCN
20231014 032434.110 INFO             PET3   Delete Import-/Export State for modelComp: OCN
20231014 032434.110 INFO             PET3   Delete connectorComp: ATM-TO-OCN
20231014 032434.110 INFO             PET3   Delete connectorComp: OCN-TO-ATM
20231014 032434.111 INFO             PET3 esm: Finalize extro.
20231014 032434.111 INFO             PET3 esmApp FINISHED
20231014 032434.111 INFO             PET3  Finalizing ESMF
