2023-11-20 02:21:19
20231120 025145.647 INFO             PET0 !!!!!!!!!!!!!!!!!!!!!!!!!!!!!!!!!!!!!!!!!!!!!!!!!!!!!!
20231120 025145.647 INFO             PET0 !!! THE ESMF_LOG IS SET TO OUTPUT ALL LOG MESSAGES !!!
20231120 025145.647 INFO             PET0 !!!     THIS MAY CAUSE SLOWDOWN IN PERFORMANCE     !!!
20231120 025145.647 INFO             PET0 !!! FOR PRODUCTION RUNS, USE:                      !!!
20231120 025145.647 INFO             PET0 !!!                   ESMF_LOGKIND_Multi_On_Error  !!!
20231120 025145.647 INFO             PET0 !!!!!!!!!!!!!!!!!!!!!!!!!!!!!!!!!!!!!!!!!!!!!!!!!!!!!!
20231120 025145.647 INFO             PET0 Running with ESMF Version   : v8.7.0b01-5-gf664797301
20231120 025145.647 INFO             PET0 ESMF library build date/time: "Nov 20 2023" "02:19:38"
20231120 025145.647 INFO             PET0 ESMF library build location : /glade/derecho/scratch/theurich/ESMF-Nightly-Testing/intel_2023.0.0-classic_mpi_O_develop/esmf
20231120 025145.647 INFO             PET0 ESMF_COMM                   : mpi
20231120 025145.648 INFO             PET0 ESMF_MOAB                   : enabled
20231120 025145.648 INFO             PET0 ESMF_LAPACK                 : enabled
20231120 025145.648 INFO             PET0 ESMF_NETCDF                 : enabled
20231120 025145.648 INFO             PET0 ESMF_PNETCDF                : disabled
20231120 025145.648 INFO             PET0 ESMF_PIO                    : enabled
20231120 025145.648 INFO             PET0 ESMF_YAMLCPP                : enabled
20231120 025145.677 DEBUG            PET0 about to destroy Grid: 0x944060
20231120 025145.680 DEBUG            PET0 about to destroy Grid: 0x947b00
20231120 025145.688 INFO             PET0  NUMBER_OF_PROCESSORS           4
20231120 025145.688 INFO             PET0  PASS  Example ESMF_NUOPCAtmModelEx, ESMF_NUOPCAtmModelEx.F90, line 806
20231120 025145.688 INFO             PET0  Finalizing ESMF
20231120 025145.647 INFO             PET1 !!!!!!!!!!!!!!!!!!!!!!!!!!!!!!!!!!!!!!!!!!!!!!!!!!!!!!
20231120 025145.647 INFO             PET1 !!! THE ESMF_LOG IS SET TO OUTPUT ALL LOG MESSAGES !!!
20231120 025145.647 INFO             PET1 !!!     THIS MAY CAUSE SLOWDOWN IN PERFORMANCE     !!!
20231120 025145.647 INFO             PET1 !!! FOR PRODUCTION RUNS, USE:                      !!!
20231120 025145.647 INFO             PET1 !!!                   ESMF_LOGKIND_Multi_On_Error  !!!
20231120 025145.647 INFO             PET1 !!!!!!!!!!!!!!!!!!!!!!!!!!!!!!!!!!!!!!!!!!!!!!!!!!!!!!
20231120 025145.647 INFO             PET1 Running with ESMF Version   : v8.7.0b01-5-gf664797301
20231120 025145.647 INFO             PET1 ESMF library build date/time: "Nov 20 2023" "02:19:38"
20231120 025145.647 INFO             PET1 ESMF library build location : /glade/derecho/scratch/theurich/ESMF-Nightly-Testing/intel_2023.0.0-classic_mpi_O_develop/esmf
20231120 025145.647 INFO             PET1 ESMF_COMM                   : mpi
20231120 025145.648 INFO             PET1 ESMF_MOAB                   : enabled
20231120 025145.648 INFO             PET1 ESMF_LAPACK                 : enabled
20231120 025145.648 INFO             PET1 ESMF_NETCDF                 : enabled
20231120 025145.648 INFO             PET1 ESMF_PNETCDF                : disabled
20231120 025145.648 INFO             PET1 ESMF_PIO                    : enabled
20231120 025145.648 INFO             PET1 ESMF_YAMLCPP                : enabled
20231120 025145.677 DEBUG            PET1 about to destroy Grid: 0x940320
20231120 025145.680 DEBUG            PET1 about to destroy Grid: 0x941000
20231120 025145.688 INFO             PET1  NUMBER_OF_PROCESSORS           4
20231120 025145.688 INFO             PET1  PASS  Example ESMF_NUOPCAtmModelEx, ESMF_NUOPCAtmModelEx.F90, line 806
20231120 025145.688 INFO             PET1  Finalizing ESMF
20231120 025145.648 INFO             PET2 !!!!!!!!!!!!!!!!!!!!!!!!!!!!!!!!!!!!!!!!!!!!!!!!!!!!!!
20231120 025145.648 INFO             PET2 !!! THE ESMF_LOG IS SET TO OUTPUT ALL LOG MESSAGES !!!
20231120 025145.648 INFO             PET2 !!!     THIS MAY CAUSE SLOWDOWN IN PERFORMANCE     !!!
20231120 025145.648 INFO             PET2 !!! FOR PRODUCTION RUNS, USE:                      !!!
20231120 025145.648 INFO             PET2 !!!                   ESMF_LOGKIND_Multi_On_Error  !!!
20231120 025145.648 INFO             PET2 !!!!!!!!!!!!!!!!!!!!!!!!!!!!!!!!!!!!!!!!!!!!!!!!!!!!!!
20231120 025145.648 INFO             PET2 Running with ESMF Version   : v8.7.0b01-5-gf664797301
20231120 025145.648 INFO             PET2 ESMF library build date/time: "Nov 20 2023" "02:19:38"
20231120 025145.648 INFO             PET2 ESMF library build location : /glade/derecho/scratch/theurich/ESMF-Nightly-Testing/intel_2023.0.0-classic_mpi_O_develop/esmf
20231120 025145.648 INFO             PET2 ESMF_COMM                   : mpi
20231120 025145.648 INFO             PET2 ESMF_MOAB                   : enabled
20231120 025145.648 INFO             PET2 ESMF_LAPACK                 : enabled
20231120 025145.648 INFO             PET2 ESMF_NETCDF                 : enabled
20231120 025145.648 INFO             PET2 ESMF_PNETCDF                : disabled
20231120 025145.648 INFO             PET2 ESMF_PIO                    : enabled
20231120 025145.648 INFO             PET2 ESMF_YAMLCPP                : enabled
20231120 025145.677 DEBUG            PET2 about to destroy Grid: 0x9402f0
20231120 025145.680 DEBUG            PET2 about to destroy Grid: 0x940fd0
20231120 025145.688 INFO             PET2  NUMBER_OF_PROCESSORS           4
20231120 025145.688 INFO             PET2  PASS  Example ESMF_NUOPCAtmModelEx, ESMF_NUOPCAtmModelEx.F90, line 806
20231120 025145.688 INFO             PET2  Finalizing ESMF
20231120 025145.648 INFO             PET3 !!!!!!!!!!!!!!!!!!!!!!!!!!!!!!!!!!!!!!!!!!!!!!!!!!!!!!
20231120 025145.648 INFO             PET3 !!! THE ESMF_LOG IS SET TO OUTPUT ALL LOG MESSAGES !!!
20231120 025145.648 INFO             PET3 !!!     THIS MAY CAUSE SLOWDOWN IN PERFORMANCE     !!!
20231120 025145.648 INFO             PET3 !!! FOR PRODUCTION RUNS, USE:                      !!!
20231120 025145.648 INFO             PET3 !!!                   ESMF_LOGKIND_Multi_On_Error  !!!
20231120 025145.648 INFO             PET3 !!!!!!!!!!!!!!!!!!!!!!!!!!!!!!!!!!!!!!!!!!!!!!!!!!!!!!
20231120 025145.648 INFO             PET3 Running with ESMF Version   : v8.7.0b01-5-gf664797301
20231120 025145.648 INFO             PET3 ESMF library build date/time: "Nov 20 2023" "02:19:38"
20231120 025145.648 INFO             PET3 ESMF library build location : /glade/derecho/scratch/theurich/ESMF-Nightly-Testing/intel_2023.0.0-classic_mpi_O_develop/esmf
20231120 025145.648 INFO             PET3 ESMF_COMM                   : mpi
20231120 025145.648 INFO             PET3 ESMF_MOAB                   : enabled
20231120 025145.648 INFO             PET3 ESMF_LAPACK                 : enabled
20231120 025145.648 INFO             PET3 ESMF_NETCDF                 : enabled
20231120 025145.648 INFO             PET3 ESMF_PNETCDF                : disabled
20231120 025145.648 INFO             PET3 ESMF_PIO                    : enabled
20231120 025145.648 INFO             PET3 ESMF_YAMLCPP                : enabled
20231120 025145.677 DEBUG            PET3 about to destroy Grid: 0x9404d0
20231120 025145.680 DEBUG            PET3 about to destroy Grid: 0x9413c0
20231120 025145.688 INFO             PET3  NUMBER_OF_PROCESSORS           4
20231120 025145.688 INFO             PET3  PASS  Example ESMF_NUOPCAtmModelEx, ESMF_NUOPCAtmModelEx.F90, line 806
20231120 025145.688 INFO             PET3  Finalizing ESMF
