2023-10-05 02:39:33

Program received signal SIGSEGV: Segmentation fault - invalid memory reference.

Backtrace for this error:

Program received signal SIGSEGV: Segmentation fault - invalid memory reference.

Backtrace for this error:

Program received signal SIGSEGV: Segmentation fault - invalid memory reference.

Backtrace for this error:

Program received signal SIGSEGV: Segmentation fault - invalid memory reference.

Backtrace for this error:
#0  0x2aca02f88bff in ???
#0  0x2aca02f88bff in ???
#1  0x2aca00b58a43 in ???
#1  0x2aca00b58a43 in ???
#2  0x2aca00b5a5ca in ???
#2  0x2aca00b5a5ca in ???
#3  0x2aca0090d257 in ???
#3  0x2aca0090d257 in ???
#4  0x2aca00912a59 in ???
#4  0x2aca00912967 in ???
#5  0x2aca0073280e in ???
#5  0x2aca0073280e in ???
#6  0x2aca00d64160 in ???
#6  0x2aca00d64160 in ???
#7  0x2aca00d6b88e in ???
#7  0x2aca00d6b88e in ???
#0  0x2aca02f88bff in ???
#8  0x2aca002078db in ???
#9  0x2aca00207c4f in ???
#8  0x2aca002078db in ???
#9  0x2aca00207c4f in ???
#1  0x2aca00b58a43 in ???
#2  0x2aca00b5a5ca in ???
#3  0x2aca0090d257 in ???
#10  0x2aca004ef7ed in ???
#4  0x2aca00912a59 in ???
#10  0x2aca004ef7ed in ???
#11  0x2aca0050406e in ???
#11  0x2aca0050406e in ???
#12  0x2aca00205c18 in ???
#13  0x2aca00706bc1 in ???
#5  0x2aca0073280e in ???
#6  0x2aca00d64160 in ???
#7  0x2aca00d6b88e in ???
#12  0x2aca00205c18 in ???
#13  0x2aca00706bc1 in ???
#14  0x2aca00714841 in ???
#14  0x2aca00714841 in ???
#15  0x2aca00dac113 in ???
#8  0x2aca002078db in ???
#9  0x2aca00207c4f in ???
#10  0x2aca004ef7ed in ???
#11  0x2aca0050406e in ???
#12  0x2aca00205c18 in ???
#13  0x2aca00706bc1 in ???
#0  0x2aca02f88bff in ???
#15  0x2aca00dac113 in ???
#16  0x2aca00dbc0e5 in ???
#16  0x2aca00dbc0e5 in ???
#17  0x2aca00deee07 in ???
#18  0x2aca002078db in ???
#19  0x2aca00207c4f in ???
#20  0x2aca004ef7ed in ???
#14  0x2aca00714841 in ???
#15  0x2aca00dac113 in ???
#16  0x2aca00dbc0e5 in ???
#17  0x2aca00deee07 in ???
#18  0x2aca002078db in ???
#1  0x2aca00b58a43 in ???
#2  0x2aca00b5a5ca in ???
#3  0x2aca0090d257 in ???
#17  0x2aca00deee07 in ???
#18  0x2aca002078db in ???
#19  0x2aca00207c4f in ???
#20  0x2aca004ef7ed in ???
#21  0x2aca0050406e in ???
#22  0x2aca00205c18 in ???
#23  0x2aca00706bc1 in ???
#21  0x2aca0050406e in ???
#22  0x2aca00205c18 in ???
#23  0x2aca00706bc1 in ???
#24  0x2aca00951f7e in ???
#19  0x2aca00207c4f in ???
#20  0x2aca004ef7ed in ???
#21  0x2aca0050406e in ???
#22  0x2aca00205c18 in ???
#23  0x2aca00706bc1 in ???
#24  0x2aca00951f7e in ???
#4  0x2aca00912967 in ???
#5  0x2aca0073280e in ???
#6  0x2aca00d64160 in ???
#24  0x2aca00951f7e in ???
#25  0x406466 in ???
#25  0x406466 in ???
#25  0x406466 in ???
#7  0x2aca00d6b88e in ???
#8  0x2aca002078db in ???
#9  0x2aca00207c4f in ???
#10  0x2aca004ef7ed in ???
#26  0x2aca03c8fa34 in ???
#27  0x405f88 in ???
	at ../sysdeps/x86_64/start.S:118
#28  0xffffffffffffffff in ???
#26  0x2aca03c8fa34 in ???
#27  0x405f88 in ???
	at ../sysdeps/x86_64/start.S:118
#28  0xffffffffffffffff in ???
#11  0x2aca0050406e in ???
#12  0x2aca00205c18 in ???
#13  0x2aca00706bc1 in ???
#14  0x2aca00714841 in ???
#15  0x2aca00dac113 in ???
#26  0x2aca03c8fa34 in ???
#27  0x405f88 in ???
	at ../sysdeps/x86_64/start.S:118
#28  0xffffffffffffffff in ???
#16  0x2aca00dbc0e5 in ???
#17  0x2aca00deee07 in ???
#18  0x2aca002078db in ???
#19  0x2aca00207c4f in ???
#20  0x2aca004ef7ed in ???
#21  0x2aca0050406e in ???
#22  0x2aca00205c18 in ???
#23  0x2aca00706bc1 in ???
#24  0x2aca00951f7e in ???
#25  0x406466 in ???
#26  0x2aca03c8fa34 in ???
#27  0x405f88 in ???
	at ../sysdeps/x86_64/start.S:118
#28  0xffffffffffffffff in ???
MPT ERROR: MPI_COMM_WORLD rank 3 has terminated without calling MPI_Finalize()
	aborting job
MPT: Received signal 11
