2023-11-13 00:40:00
20231113 011255.722 INFO             PET0 !!!!!!!!!!!!!!!!!!!!!!!!!!!!!!!!!!!!!!!!!!!!!!!!!!!!!!
20231113 011255.722 INFO             PET0 !!! THE ESMF_LOG IS SET TO OUTPUT ALL LOG MESSAGES !!!
20231113 011255.722 INFO             PET0 !!!     THIS MAY CAUSE SLOWDOWN IN PERFORMANCE     !!!
20231113 011255.722 INFO             PET0 !!! FOR PRODUCTION RUNS, USE:                      !!!
20231113 011255.722 INFO             PET0 !!!                   ESMF_LOGKIND_Multi_On_Error  !!!
20231113 011255.722 INFO             PET0 !!!!!!!!!!!!!!!!!!!!!!!!!!!!!!!!!!!!!!!!!!!!!!!!!!!!!!
20231113 011255.722 INFO             PET0 Running with ESMF Version   : v8.6.0
20231113 011255.722 INFO             PET0 ESMF library build date/time: "Nov 13 2023" "00:38:00"
20231113 011255.722 INFO             PET0 ESMF library build location : /home/gerhard/ESMF-Nightly-Testing/aocc_4.1.0_mpiuni_g_v8.6.0/esmf
20231113 011255.722 INFO             PET0 ESMF_COMM                   : mpiuni
20231113 011255.722 INFO             PET0 ESMF_MOAB                   : enabled
20231113 011255.722 INFO             PET0 ESMF_LAPACK                 : enabled
20231113 011255.722 INFO             PET0 ESMF_NETCDF                 : disabled
20231113 011255.722 INFO             PET0 ESMF_PNETCDF                : disabled
20231113 011255.722 INFO             PET0 ESMF_PIO                    : disabled
20231113 011255.722 INFO             PET0 ESMF_YAMLCPP                : enabled
20231113 011255.724 INFO             PET0 ESMF_FieldRedistStoreNF(): Just entered routine.
20231113 011255.799 INFO             PET0 ESMF_FieldRedistStoreNF(): Leaving routine.
20231113 011255.802 INFO             PET0  NUMBER_OF_PROCESSORS            1
20231113 011255.802 INFO             PET0  PASS  Example ESMF_RHandleFromFileEx, ESMF_RHandleFromFileEx.F90, line 192
20231113 011255.802 INFO             PET0  Finalizing ESMF
