2023-11-12 07:31:41
20231112 075752.822 INFO             PET0 !!!!!!!!!!!!!!!!!!!!!!!!!!!!!!!!!!!!!!!!!!!!!!!!!!!!!!
20231112 075752.822 INFO             PET0 !!! THE ESMF_LOG IS SET TO OUTPUT ALL LOG MESSAGES !!!
20231112 075752.822 INFO             PET0 !!!     THIS MAY CAUSE SLOWDOWN IN PERFORMANCE     !!!
20231112 075752.822 INFO             PET0 !!! FOR PRODUCTION RUNS, USE:                      !!!
20231112 075752.822 INFO             PET0 !!!                   ESMF_LOGKIND_Multi_On_Error  !!!
20231112 075752.822 INFO             PET0 !!!!!!!!!!!!!!!!!!!!!!!!!!!!!!!!!!!!!!!!!!!!!!!!!!!!!!
20231112 075752.822 INFO             PET0 Running with ESMF Version   : v8.6.0
20231112 075752.822 INFO             PET0 ESMF library build date/time: "Nov 12 2023" "07:30:07"
20231112 075752.822 INFO             PET0 ESMF library build location : /scratch2/NCEPDEV/stmp1/Gerhard.Theurich/ESMF-Nightly-Testing/gfortran_9.2.0_mpiuni_g_v8.6.0/esmf
20231112 075752.822 INFO             PET0 ESMF_COMM                   : mpiuni
20231112 075752.822 INFO             PET0 ESMF_MOAB                   : enabled
20231112 075752.822 INFO             PET0 ESMF_LAPACK                 : enabled
20231112 075752.822 INFO             PET0 ESMF_NETCDF                 : enabled
20231112 075752.822 INFO             PET0 ESMF_PNETCDF                : disabled
20231112 075752.822 INFO             PET0 ESMF_PIO                    : disabled
20231112 075752.822 INFO             PET0 ESMF_YAMLCPP                : enabled
20231112 075752.827 INFO             PET0  NUMBER_OF_PROCESSORS           1
20231112 075752.827 INFO             PET0  PASS  Example ESMF_FieldArbGridEx, ESMF_FieldArbGridEx.F90, line 243
20231112 075752.827 INFO             PET0  Finalizing ESMF
