2023-10-07 07:40:06
20231007 082558.042 INFO             PET0 !!!!!!!!!!!!!!!!!!!!!!!!!!!!!!!!!!!!!!!!!!!!!!!!!!!!!!
20231007 082558.042 INFO             PET0 !!! THE ESMF_LOG IS SET TO OUTPUT ALL LOG MESSAGES !!!
20231007 082558.042 INFO             PET0 !!!     THIS MAY CAUSE SLOWDOWN IN PERFORMANCE     !!!
20231007 082558.042 INFO             PET0 !!! FOR PRODUCTION RUNS, USE:                      !!!
20231007 082558.042 INFO             PET0 !!!                   ESMF_LOGKIND_Multi_On_Error  !!!
20231007 082558.042 INFO             PET0 !!!!!!!!!!!!!!!!!!!!!!!!!!!!!!!!!!!!!!!!!!!!!!!!!!!!!!
20231007 082558.042 INFO             PET0 Running with ESMF Version   : v8.6.0b07-67-gb347190ad6
20231007 082558.042 INFO             PET0 ESMF library build date/time: "Oct  7 2023" "07:38:02"
20231007 082558.042 INFO             PET0 ESMF library build location : /scratch2/NCEPDEV/stmp1/Gerhard.Theurich/ESMF-Nightly-Testing/intel_2023.1.0-oneAPI_intelmpi_g_develop/esmf
20231007 082558.042 INFO             PET0 ESMF_COMM                   : intelmpi
20231007 082558.042 INFO             PET0 ESMF_MOAB                   : enabled
20231007 082558.042 INFO             PET0 ESMF_LAPACK                 : enabled
20231007 082558.042 INFO             PET0 ESMF_NETCDF                 : enabled
20231007 082558.042 INFO             PET0 ESMF_PNETCDF                : disabled
20231007 082558.042 INFO             PET0 ESMF_PIO                    : enabled
20231007 082558.042 INFO             PET0 ESMF_YAMLCPP                : enabled
20231007 082558.121 DEBUG            PET0 about to destroy Grid: 0x142e5b0
20231007 082558.130 DEBUG            PET0 about to destroy Grid: 0x142fdf0
20231007 082558.157 INFO             PET0  NUMBER_OF_PROCESSORS           4
20231007 082558.157 INFO             PET0  PASS  Example ESMF_NUOPCAtmModelEx, ESMF_NUOPCAtmModelEx.F90, line 806
20231007 082558.157 INFO             PET0 Finalizing ESMF
20231007 082558.041 INFO             PET1 !!!!!!!!!!!!!!!!!!!!!!!!!!!!!!!!!!!!!!!!!!!!!!!!!!!!!!
20231007 082558.042 INFO             PET1 !!! THE ESMF_LOG IS SET TO OUTPUT ALL LOG MESSAGES !!!
20231007 082558.042 INFO             PET1 !!!     THIS MAY CAUSE SLOWDOWN IN PERFORMANCE     !!!
20231007 082558.042 INFO             PET1 !!! FOR PRODUCTION RUNS, USE:                      !!!
20231007 082558.042 INFO             PET1 !!!                   ESMF_LOGKIND_Multi_On_Error  !!!
20231007 082558.042 INFO             PET1 !!!!!!!!!!!!!!!!!!!!!!!!!!!!!!!!!!!!!!!!!!!!!!!!!!!!!!
20231007 082558.042 INFO             PET1 Running with ESMF Version   : v8.6.0b07-67-gb347190ad6
20231007 082558.042 INFO             PET1 ESMF library build date/time: "Oct  7 2023" "07:38:02"
20231007 082558.042 INFO             PET1 ESMF library build location : /scratch2/NCEPDEV/stmp1/Gerhard.Theurich/ESMF-Nightly-Testing/intel_2023.1.0-oneAPI_intelmpi_g_develop/esmf
20231007 082558.042 INFO             PET1 ESMF_COMM                   : intelmpi
20231007 082558.042 INFO             PET1 ESMF_MOAB                   : enabled
20231007 082558.042 INFO             PET1 ESMF_LAPACK                 : enabled
20231007 082558.042 INFO             PET1 ESMF_NETCDF                 : enabled
20231007 082558.042 INFO             PET1 ESMF_PNETCDF                : disabled
20231007 082558.042 INFO             PET1 ESMF_PIO                    : enabled
20231007 082558.042 INFO             PET1 ESMF_YAMLCPP                : enabled
20231007 082558.121 DEBUG            PET1 about to destroy Grid: 0x22a1620
20231007 082558.130 DEBUG            PET1 about to destroy Grid: 0x22b2cd0
20231007 082558.158 INFO             PET1  NUMBER_OF_PROCESSORS           4
20231007 082558.158 INFO             PET1  PASS  Example ESMF_NUOPCAtmModelEx, ESMF_NUOPCAtmModelEx.F90, line 806
20231007 082558.158 INFO             PET1 Finalizing ESMF
20231007 082558.041 INFO             PET2 !!!!!!!!!!!!!!!!!!!!!!!!!!!!!!!!!!!!!!!!!!!!!!!!!!!!!!
20231007 082558.041 INFO             PET2 !!! THE ESMF_LOG IS SET TO OUTPUT ALL LOG MESSAGES !!!
20231007 082558.041 INFO             PET2 !!!     THIS MAY CAUSE SLOWDOWN IN PERFORMANCE     !!!
20231007 082558.041 INFO             PET2 !!! FOR PRODUCTION RUNS, USE:                      !!!
20231007 082558.041 INFO             PET2 !!!                   ESMF_LOGKIND_Multi_On_Error  !!!
20231007 082558.041 INFO             PET2 !!!!!!!!!!!!!!!!!!!!!!!!!!!!!!!!!!!!!!!!!!!!!!!!!!!!!!
20231007 082558.041 INFO             PET2 Running with ESMF Version   : v8.6.0b07-67-gb347190ad6
20231007 082558.041 INFO             PET2 ESMF library build date/time: "Oct  7 2023" "07:38:02"
20231007 082558.041 INFO             PET2 ESMF library build location : /scratch2/NCEPDEV/stmp1/Gerhard.Theurich/ESMF-Nightly-Testing/intel_2023.1.0-oneAPI_intelmpi_g_develop/esmf
20231007 082558.041 INFO             PET2 ESMF_COMM                   : intelmpi
20231007 082558.042 INFO             PET2 ESMF_MOAB                   : enabled
20231007 082558.042 INFO             PET2 ESMF_LAPACK                 : enabled
20231007 082558.042 INFO             PET2 ESMF_NETCDF                 : enabled
20231007 082558.042 INFO             PET2 ESMF_PNETCDF                : disabled
20231007 082558.042 INFO             PET2 ESMF_PIO                    : enabled
20231007 082558.042 INFO             PET2 ESMF_YAMLCPP                : enabled
20231007 082558.121 DEBUG            PET2 about to destroy Grid: 0xadbbb0
20231007 082558.130 DEBUG            PET2 about to destroy Grid: 0xaecb10
20231007 082558.157 INFO             PET2  NUMBER_OF_PROCESSORS           4
20231007 082558.157 INFO             PET2  PASS  Example ESMF_NUOPCAtmModelEx, ESMF_NUOPCAtmModelEx.F90, line 806
20231007 082558.157 INFO             PET2 Finalizing ESMF
20231007 082558.041 INFO             PET3 !!!!!!!!!!!!!!!!!!!!!!!!!!!!!!!!!!!!!!!!!!!!!!!!!!!!!!
20231007 082558.041 INFO             PET3 !!! THE ESMF_LOG IS SET TO OUTPUT ALL LOG MESSAGES !!!
20231007 082558.041 INFO             PET3 !!!     THIS MAY CAUSE SLOWDOWN IN PERFORMANCE     !!!
20231007 082558.041 INFO             PET3 !!! FOR PRODUCTION RUNS, USE:                      !!!
20231007 082558.041 INFO             PET3 !!!                   ESMF_LOGKIND_Multi_On_Error  !!!
20231007 082558.041 INFO             PET3 !!!!!!!!!!!!!!!!!!!!!!!!!!!!!!!!!!!!!!!!!!!!!!!!!!!!!!
20231007 082558.041 INFO             PET3 Running with ESMF Version   : v8.6.0b07-67-gb347190ad6
20231007 082558.041 INFO             PET3 ESMF library build date/time: "Oct  7 2023" "07:38:02"
20231007 082558.041 INFO             PET3 ESMF library build location : /scratch2/NCEPDEV/stmp1/Gerhard.Theurich/ESMF-Nightly-Testing/intel_2023.1.0-oneAPI_intelmpi_g_develop/esmf
20231007 082558.041 INFO             PET3 ESMF_COMM                   : intelmpi
20231007 082558.042 INFO             PET3 ESMF_MOAB                   : enabled
20231007 082558.042 INFO             PET3 ESMF_LAPACK                 : enabled
20231007 082558.042 INFO             PET3 ESMF_NETCDF                 : enabled
20231007 082558.042 INFO             PET3 ESMF_PNETCDF                : disabled
20231007 082558.042 INFO             PET3 ESMF_PIO                    : enabled
20231007 082558.042 INFO             PET3 ESMF_YAMLCPP                : enabled
20231007 082558.121 DEBUG            PET3 about to destroy Grid: 0x259a360
20231007 082558.130 DEBUG            PET3 about to destroy Grid: 0x25aba10
20231007 082558.157 INFO             PET3  NUMBER_OF_PROCESSORS           4
20231007 082558.157 INFO             PET3  PASS  Example ESMF_NUOPCAtmModelEx, ESMF_NUOPCAtmModelEx.F90, line 806
20231007 082558.157 INFO             PET3 Finalizing ESMF
