2023-10-13 07:42:30
20231013 082937.600 INFO             PET0 !!!!!!!!!!!!!!!!!!!!!!!!!!!!!!!!!!!!!!!!!!!!!!!!!!!!!!
20231013 082937.600 INFO             PET0 !!! THE ESMF_LOG IS SET TO OUTPUT ALL LOG MESSAGES !!!
20231013 082937.600 INFO             PET0 !!!     THIS MAY CAUSE SLOWDOWN IN PERFORMANCE     !!!
20231013 082937.600 INFO             PET0 !!! FOR PRODUCTION RUNS, USE:                      !!!
20231013 082937.600 INFO             PET0 !!!                   ESMF_LOGKIND_Multi_On_Error  !!!
20231013 082937.600 INFO             PET0 !!!!!!!!!!!!!!!!!!!!!!!!!!!!!!!!!!!!!!!!!!!!!!!!!!!!!!
20231013 082937.600 INFO             PET0 Running with ESMF Version   : v8.6.0b08-19-gea64eb3ef0
20231013 082937.600 INFO             PET0 ESMF library build date/time: "Oct 13 2023" "07:40:28"
20231013 082937.600 INFO             PET0 ESMF library build location : /scratch2/NCEPDEV/stmp1/Gerhard.Theurich/ESMF-Nightly-Testing/intel_2023.1.0-oneAPI_intelmpi_g_develop/esmf
20231013 082937.600 INFO             PET0 ESMF_COMM                   : intelmpi
20231013 082937.600 INFO             PET0 ESMF_MOAB                   : enabled
20231013 082937.600 INFO             PET0 ESMF_LAPACK                 : enabled
20231013 082937.600 INFO             PET0 ESMF_NETCDF                 : enabled
20231013 082937.600 INFO             PET0 ESMF_PNETCDF                : disabled
20231013 082937.600 INFO             PET0 ESMF_PIO                    : enabled
20231013 082937.600 INFO             PET0 ESMF_YAMLCPP                : enabled
20231013 082937.601 INFO             PET0 mainApp STARTING
20231013 082937.605 INFO             PET0 driver: InitializeGeneric intro.
20231013 082937.605 INFO             PET0   driver: InitializeP0 intro.
20231013 082937.605 INFO             PET0   driver: InitializeP0 extro.
20231013 082937.606 INFO             PET0   driver: InitializeIPDv02p1 intro.
20231013 082937.606 INFO             PET0     >>>driver: entered Initialize (phase=<none>) without valid internal Clock.
20231013 082937.606 INFO             PET0     driver - Creating model component MODEL without petList.
20231013 082937.606 DEBUG            PET0     Generic SetVM() is executing for: MODEL
20231013 082937.607 DEBUG            PET0     Generic SetVM() is calling ESMF_GridCompSetVMMaxPEs() for: MODEL with:
20231013 082937.607 DEBUG            PET0      -             MaxCount =          2
20231013 082937.607 DEBUG            PET0      -       OpenMpHandling =
20231013 082937.607 DEBUG            PET0      -     OpenMpNumThreads =         -1
20231013 082937.607 DEBUG            PET0      -   ForceChildPthreads =          F
20231013 082937.607 DEBUG            PET0      -  PthreadMinStackSize =         -1
20231013 082937.609 INFO             PET0      GridCompIsPetLocal:  T
20231013 082937.609 INFO             PET0      VmIsCreated:  T
20231013 082937.609 INFO             PET0      valid MPI_COMM with size=           2
20231013 082937.610 INFO             PET0     driver - Creating state: modelComp 1 Import State
20231013 082937.610 INFO             PET0     driver - Creating state: modelComp 1 Export State
20231013 082937.611 INFO             PET0     MODEL: InitializeP0 intro.
20231013 082937.611 INFO             PET0       >>>MODEL: entered Initialize (phase=<none>) without valid internal Clock.
20231013 082937.612 INFO             PET0       <<<MODEL: leaving Initialize (phase=<none>) without valid internal Clock.
20231013 082937.612 INFO             PET0     MODEL: InitializeP0 extro.
20231013 082937.613 INFO             PET0     driver: IInitAdvertise intro.
20231013 082937.614 INFO             PET0     driver: IInitAdvertise extro.
20231013 082937.614 INFO             PET0     MODEL: InitializeIPDvXp01 intro.
20231013 082937.614 INFO             PET0       >>>MODEL: entered Initialize (phase=IPDvXp01) without valid internal Clock.
20231013 082937.615 INFO             PET0       <<<MODEL: leaving Initialize (phase=IPDvXp01) without valid internal Clock.
20231013 082937.615 INFO             PET0     MODEL: InitializeIPDvXp01 extro.
20231013 082937.616 INFO             PET0     driver: IInitAdvertiseFinish intro.
20231013 082937.616 INFO             PET0     driver: IInitAdvertiseFinish extro.
20231013 082937.616 INFO             PET0     driver: IInitModifyCplLists intro.
20231013 082937.616 INFO             PET0     driver: IInitModifyCplLists extro.
20231013 082937.616 INFO             PET0     <<<driver: leaving Initialize (phase=<none>) with current time:    0  1  1  0  0  0   0
20231013 082937.616 INFO             PET0   driver: InitializeIPDv02p1 extro.
20231013 082937.616 INFO             PET0   driver: InitializeIPDv02p3 intro.
20231013 082937.617 INFO             PET0     >>>driver: entered Initialize (phase=<none>) with current time:    0  1  1  0  0  0   0
20231013 082937.617 INFO             PET0     driver: IInitCheck intro.
20231013 082937.617 INFO             PET0     driver: IInitCheck extro.
20231013 082937.617 INFO             PET0     MODEL: InitializeIPDvXp04 intro.
20231013 082937.617 INFO             PET0       >>>MODEL: entered Initialize (phase=IPDvXp04) without valid internal Clock.
20231013 082937.620 INFO             PET0       After Realize: - MemInfo: [/proc/meminfo - SSI]	MemTotal:       97470520 kB
20231013 082937.620 INFO             PET0       After Realize: - MemInfo: [/proc/meminfo - SSI]	MemFree:        77684048 kB
20231013 082937.620 INFO             PET0       After Realize: - MemInfo: [/proc/meminfo - SSI]	MemAvailable:   88312976 kB
20231013 082937.620 INFO             PET0       After Realize: - MemInfo: [/proc/meminfo - SSI]	Committed_AS:    1808204 kB
20231013 082937.620 INFO             PET0       After Realize: - MemInfo: [/proc/meminfo - SSI]	CommittedPercent: 1.85513 %
20231013 082937.620 INFO             PET0       After Realize: - MemInfo: [/proc/self/status]	VmPeak:	 2875716 kB
20231013 082937.620 INFO             PET0       After Realize: - MemInfo: [/proc/self/status]	VmSize:	 2810216 kB
20231013 082937.620 INFO             PET0       After Realize: - MemInfo: [/proc/self/status]	VmLck:	       0 kB
20231013 082937.620 INFO             PET0       After Realize: - MemInfo: [/proc/self/status]	VmPin:	   71804 kB
20231013 082937.620 INFO             PET0       After Realize: - MemInfo: [/proc/self/status]	VmHWM:	  157800 kB
20231013 082937.620 INFO             PET0       After Realize: - MemInfo: [/proc/self/status]	VmRSS:	  157800 kB
20231013 082937.620 INFO             PET0       After Realize: - MemInfo: [/proc/self/status]	VmData:	  278728 kB
20231013 082937.620 INFO             PET0       After Realize: - MemInfo: [/proc/self/status]	VmStk:	     200 kB
20231013 082937.620 INFO             PET0       After Realize: - MemInfo: [/proc/self/status]	VmExe:	    1100 kB
20231013 082937.620 INFO             PET0       After Realize: - MemInfo: [/proc/self/status]	VmLib:	  117224 kB
20231013 082937.620 INFO             PET0       After Realize: - MemInfo: [/proc/self/status]	VmPTE:	     800 kB
20231013 082937.620 INFO             PET0       After Realize: - MemInfo: [/proc/self/status]	VmSwap:	       0 kB
20231013 082937.620 INFO             PET0       After Realize: - MemInfo: [/proc/self/status]	VmRSSPercent: 0.161895 %
20231013 082937.620 INFO             PET0       After Realize: - MemInfo: [malloc] Non-mmapped space allocated:                 1433600 Byte
20231013 082937.620 INFO             PET0       After Realize: - MemInfo: [malloc] Space allocated in mmapped regions:         75493376 Byte
20231013 082937.620 INFO             PET0       After Realize: - MemInfo: [malloc] Maximum total allocated space:                     0 Byte
20231013 082937.620 INFO             PET0       After Realize: - MemInfo: [malloc] Space in freed fastbin blocks:                  1232 Byte
20231013 082937.620 INFO             PET0       After Realize: - MemInfo: [malloc] Total allocated space:                       1284640 Byte
20231013 082937.620 INFO             PET0       After Realize: - MemInfo: [malloc] Total free space:                             148960 Byte
20231013 082937.620 INFO             PET0       After Realize: - MemInfo: [malloc] Top-most, releasable space:                    14672 Byte
20231013 082937.620 INFO             PET0       After Realize: - MemInfo: [malloc] Total space in use, mmap + non-mmap:        76778016 Byte
20231013 082937.621 INFO             PET0       After Realize: - MemInfo: [malloc] Total space held (mmap + non-mmap):         76926976 Byte
20231013 082937.621 INFO             PET0       After Realize: - MemInfo: [malloc] Total space used (mmap + non-mmap):         76787360 Byte
20231013 082937.621 INFO             PET0       After Realize: - MemInfo: Wall-clock time since execution start:              0.0373946 seconds
20231013 082937.621 INFO             PET0       <<<MODEL: leaving Initialize (phase=IPDvXp04) without valid internal Clock.
20231013 082937.621 INFO             PET0     MODEL: InitializeIPDvXp04 extro.
20231013 082937.621 INFO             PET0     driver: IInitRealize intro.
20231013 082937.621 INFO             PET0     driver: IInitRealize extro.
20231013 082937.622 INFO             PET0     MODEL: InitializeIPDvXp07 intro.
20231013 082937.622 INFO             PET0       >>>MODEL: entered Initialize (phase=IPDvXp07) without valid internal Clock.
20231013 082937.622 INFO             PET0       <<<MODEL: leaving Initialize (phase=IPDvXp07) with current time:    0  1  1  0  0  0   0
20231013 082937.622 INFO             PET0     MODEL: InitializeIPDvXp07 extro.
20231013 082937.622 INFO             PET0     <<<driver: leaving Initialize (phase=<none>) with current time:    0  1  1  0  0  0   0
20231013 082937.623 INFO             PET0   driver: InitializeIPDv02p3 extro.
20231013 082937.623 INFO             PET0   driver: InitializeIPDv02p5 intro.
20231013 082937.623 INFO             PET0     >>>driver: entered Initialize (phase=<none>) with current time:    0  1  1  0  0  0   0
20231013 082937.623 INFO             PET0     driver: this is a top level driver, no 'Updated' and 'InitializeDataComplete' info on this level.
20231013 082937.623 INFO             PET0     driver: InitializeIPDv02p5Data intro.
20231013 082937.623 INFO             PET0       driver: InternalInitializeComplete intro.
20231013 082937.623 INFO             PET0         driver: InitializeDataComplete='true'
20231013 082937.623 INFO             PET0       driver: InternalInitializeComplete extro.
20231013 082937.623 INFO             PET0       MODEL: InitializeIPDvXp08 intro.
20231013 082937.623 INFO             PET0         >>>MODEL: entered Initialize (phase=IPDv05p8) with current time:    0  1  1  0  0  0   0
20231013 082937.624 INFO             PET0         MODEL: InitializeDataProgress='false', InitializeDataComplete='false'
20231013 082937.624 INFO             PET0         <<<MODEL: leaving Initialize (phase=IPDv05p8) with current time:    0  1  1  0  0  0   0
20231013 082937.624 INFO             PET0       MODEL: InitializeIPDvXp08 extro.
20231013 082937.625 INFO             PET0       driver: components present that trigger loopDataDependentInitialize().
20231013 082937.625 INFO             PET0       driver: loopDataDependentInitialize intro.
20231013 082937.625 INFO             PET0         driver: component    0=driver, dataComplete (local): true
20231013 082937.625 INFO             PET0         driver: component    0=driver, dataComplete (global):  T
20231013 082937.625 INFO             PET0         driver: component    1=MODEL, dataComplete (local): false
20231013 082937.625 INFO             PET0         driver: component    1=MODEL, dataComplete (global):  F
20231013 082937.625 INFO             PET0         MODEL: InitializeIPDvXp08 intro.
20231013 082937.625 INFO             PET0           >>>MODEL: entered Initialize (phase=IPDv05p8) with current time:    0  1  1  0  0  0   0
20231013 082937.625 INFO             PET0           MODEL: InitializeDataProgress='true', InitializeDataComplete='true'
20231013 082937.625 INFO             PET0           <<<MODEL: leaving Initialize (phase=IPDv05p8) with current time:    0  1  1  0  0  0   0
20231013 082937.625 INFO             PET0         MODEL: InitializeIPDvXp08 extro.
20231013 082937.626 INFO             PET0         driver: component    1=MODEL, someProgress (local): true
20231013 082937.626 INFO             PET0         driver: component    1=MODEL, someProgress (global):  T
20231013 082937.626 INFO             PET0         driver: someProgress= T, allComplete= F, present(dataDepAllComplete)= T
20231013 082937.626 INFO             PET0         driver: component    0=driver, dataComplete (local): true
20231013 082937.626 INFO             PET0         driver: component    0=driver, dataComplete (global):  T
20231013 082937.627 INFO             PET0         driver: component    1=MODEL, dataComplete (local): true
20231013 082937.627 INFO             PET0         driver: component    1=MODEL, dataComplete (global):  T
20231013 082937.627 INFO             PET0         driver: someProgress= F, allComplete= T, present(dataDepAllComplete)= T
20231013 082937.627 INFO             PET0         driver: finished resolving initialize data dependencies on this level.
20231013 082937.627 INFO             PET0       driver: loopDataDependentInitialize extro.
20231013 082937.627 INFO             PET0       driver: loopDataDependentInitialize() returned with dataDepAllComplete:  T
20231013 082937.627 INFO             PET0     driver: InitializeIPDv02p5Data extro.
20231013 082937.627 INFO             PET0     <<<driver: leaving Initialize (phase=<none>) with current time:    0  1  1  0  0  0   0
20231013 082937.627 INFO             PET0   driver: InitializeIPDv02p5 extro.
20231013 082937.627 INFO             PET0 driver: InitializeGeneric extro.
20231013 082937.627 INFO             PET0 driver: Run intro.
20231013 082937.627 INFO             PET0   >>>driver entered Run (phase=RunPhase1) with current time:    0  1  1  0  0  0   0
20231013 082937.627 INFO             PET0   driver: after lable_SetRunClock, current time:    0  1  1  0  0  0   0
20231013 082937.627 INFO             PET0   driver: begin -------> RunSequence.
20231013 082937.627 INFO             PET0     driver: RunSequence event loopLevel=   1  levelMember=   1  loopIteration=   1, current time:    0  1  1  0  0  0   0
20231013 082937.627 INFO             PET0     MODEL: Run intro.
20231013 082937.627 INFO             PET0       >>>MODEL: entered Run (phase=RunPhase1) with current time:    0  1  1  0  0  0   0
20231013 082937.627 INFO             PET0       MODEL: time step-loop starting, current time:    0  1  1  0  0  0   0
20231013 082937.627 INFO             PET0       thread_num=   0   currentSsiPe=   0   num_threads=   2   max_threads=   2   num_procs=   2
20231013 082937.627 INFO             PET0       thread_num=   1   currentSsiPe=   1   num_threads=   2   max_threads=   2   num_procs=   2
20231013 082937.627 INFO             PET0       ---->Advancing Model from:    0  1  1  0  0  0   0
20231013 082937.627 INFO             PET0       ---------------------> to:    0  1  1  0  0 30   0
20231013 082937.627 INFO             PET0       MODEL: time step-loop ending,   current time:    0  1  1  0  0 30   0
20231013 082937.627 INFO             PET0       <<<MODEL: leaving Run (phase=RunPhase1) with current time:    0  1  1  0  0 30   0
20231013 082937.627 INFO             PET0     MODEL: Run extro.
20231013 082937.627 INFO             PET0     driver: RunSequence event loopLevel=   1  levelMember=   1  loopIteration=   2, current time:    0  1  1  0  0 30   0
20231013 082937.628 INFO             PET0     MODEL: Run intro.
20231013 082937.628 INFO             PET0       >>>MODEL: entered Run (phase=RunPhase1) with current time:    0  1  1  0  0 30   0
20231013 082937.628 INFO             PET0       MODEL: time step-loop starting, current time:    0  1  1  0  0 30   0
20231013 082937.628 INFO             PET0       thread_num=   1   currentSsiPe=   1   num_threads=   2   max_threads=   2   num_procs=   2
20231013 082937.628 INFO             PET0       thread_num=   0   currentSsiPe=   0   num_threads=   2   max_threads=   2   num_procs=   2
20231013 082937.628 INFO             PET0       ---->Advancing Model from:    0  1  1  0  0 30   0
20231013 082937.628 INFO             PET0       ---------------------> to:    0  1  1  0  1  0   0
20231013 082937.628 INFO             PET0       MODEL: time step-loop ending,   current time:    0  1  1  0  1  0   0
20231013 082937.628 INFO             PET0       <<<MODEL: leaving Run (phase=RunPhase1) with current time:    0  1  1  0  1  0   0
20231013 082937.628 INFO             PET0     MODEL: Run extro.
20231013 082937.628 INFO             PET0     driver: RunSequence event loopLevel=   1  levelMember=   1  loopIteration=   3, current time:    0  1  1  0  1  0   0
20231013 082937.628 INFO             PET0     MODEL: Run intro.
20231013 082937.628 INFO             PET0       >>>MODEL: entered Run (phase=RunPhase1) with current time:    0  1  1  0  1  0   0
20231013 082937.629 INFO             PET0       MODEL: time step-loop starting, current time:    0  1  1  0  1  0   0
20231013 082937.629 INFO             PET0       thread_num=   0   currentSsiPe=   0   num_threads=   2   max_threads=   2   num_procs=   2
20231013 082937.629 INFO             PET0       thread_num=   1   currentSsiPe=   1   num_threads=   2   max_threads=   2   num_procs=   2
20231013 082937.629 INFO             PET0       ---->Advancing Model from:    0  1  1  0  1  0   0
20231013 082937.629 INFO             PET0       ---------------------> to:    0  1  1  0  1 30   0
20231013 082937.629 INFO             PET0       MODEL: time step-loop ending,   current time:    0  1  1  0  1 30   0
20231013 082937.629 INFO             PET0       <<<MODEL: leaving Run (phase=RunPhase1) with current time:    0  1  1  0  1 30   0
20231013 082937.629 INFO             PET0     MODEL: Run extro.
20231013 082937.629 INFO             PET0     driver: RunSequence event loopLevel=   1  levelMember=   1  loopIteration=   4, current time:    0  1  1  0  1 30   0
20231013 082937.629 INFO             PET0     MODEL: Run intro.
20231013 082937.629 INFO             PET0       >>>MODEL: entered Run (phase=RunPhase1) with current time:    0  1  1  0  1 30   0
20231013 082937.629 INFO             PET0       MODEL: time step-loop starting, current time:    0  1  1  0  1 30   0
20231013 082937.629 INFO             PET0       thread_num=   0   currentSsiPe=   0   num_threads=   2   max_threads=   2   num_procs=   2
20231013 082937.629 INFO             PET0       thread_num=   1   currentSsiPe=   1   num_threads=   2   max_threads=   2   num_procs=   2
20231013 082937.629 INFO             PET0       ---->Advancing Model from:    0  1  1  0  1 30   0
20231013 082937.629 INFO             PET0       ---------------------> to:    0  1  1  0  2  0   0
20231013 082937.629 INFO             PET0       MODEL: time step-loop ending,   current time:    0  1  1  0  2  0   0
20231013 082937.629 INFO             PET0       <<<MODEL: leaving Run (phase=RunPhase1) with current time:    0  1  1  0  2  0   0
20231013 082937.629 INFO             PET0     MODEL: Run extro.
20231013 082937.629 INFO             PET0     driver: RunSequence event loopLevel=   1  levelMember=   1  loopIteration=   5, current time:    0  1  1  0  2  0   0
20231013 082937.630 INFO             PET0     MODEL: Run intro.
20231013 082937.630 INFO             PET0       >>>MODEL: entered Run (phase=RunPhase1) with current time:    0  1  1  0  2  0   0
20231013 082937.630 INFO             PET0       MODEL: time step-loop starting, current time:    0  1  1  0  2  0   0
20231013 082937.630 INFO             PET0       thread_num=   0   currentSsiPe=   0   num_threads=   2   max_threads=   2   num_procs=   2
20231013 082937.630 INFO             PET0       thread_num=   1   currentSsiPe=   1   num_threads=   2   max_threads=   2   num_procs=   2
20231013 082937.630 INFO             PET0       ---->Advancing Model from:    0  1  1  0  2  0   0
20231013 082937.630 INFO             PET0       ---------------------> to:    0  1  1  0  2 30   0
20231013 082937.630 INFO             PET0       MODEL: time step-loop ending,   current time:    0  1  1  0  2 30   0
20231013 082937.630 INFO             PET0       <<<MODEL: leaving Run (phase=RunPhase1) with current time:    0  1  1  0  2 30   0
20231013 082937.630 INFO             PET0     MODEL: Run extro.
20231013 082937.630 INFO             PET0   driver: end <--------- RunSequence
20231013 082937.630 INFO             PET0   <<<driver - leaving Run with current time:    0  1  1  0  2 30   0
20231013 082937.630 INFO             PET0 driver: Run extro.
20231013 082937.630 INFO             PET0 driver: Finalize intro.
20231013 082937.630 INFO             PET0   Calling Finalize phase 1 for modelComp: MODEL
20231013 082937.631 INFO             PET0   MODEL: Finalize intro.
20231013 082937.631 INFO             PET0     >>>MODEL: entered Finalize (phase=FinalizePhase1) with current time:    0  1  1  0  2 30   0
20231013 082937.631 INFO             PET0     <<<MODEL: leaving Finalize (phase=FinalizePhase1) with current time:    0  1  1  0  2 30   0
20231013 082937.631 INFO             PET0   MODEL: Finalize extro.
20231013 082937.631 INFO             PET0   Delete modelComp: MODEL
20231013 082937.631 INFO             PET0   Delete Import-/Export State for modelComp: MODEL
20231013 082937.632 INFO             PET0 driver: Finalize extro.
20231013 082937.632 INFO             PET0 mainApp FINISHED
20231013 082937.632 INFO             PET0  Finalizing ESMF
20231013 082937.600 INFO             PET1 !!!!!!!!!!!!!!!!!!!!!!!!!!!!!!!!!!!!!!!!!!!!!!!!!!!!!!
20231013 082937.600 INFO             PET1 !!! THE ESMF_LOG IS SET TO OUTPUT ALL LOG MESSAGES !!!
20231013 082937.600 INFO             PET1 !!!     THIS MAY CAUSE SLOWDOWN IN PERFORMANCE     !!!
20231013 082937.600 INFO             PET1 !!! FOR PRODUCTION RUNS, USE:                      !!!
20231013 082937.600 INFO             PET1 !!!                   ESMF_LOGKIND_Multi_On_Error  !!!
20231013 082937.600 INFO             PET1 !!!!!!!!!!!!!!!!!!!!!!!!!!!!!!!!!!!!!!!!!!!!!!!!!!!!!!
20231013 082937.600 INFO             PET1 Running with ESMF Version   : v8.6.0b08-19-gea64eb3ef0
20231013 082937.600 INFO             PET1 ESMF library build date/time: "Oct 13 2023" "07:40:28"
20231013 082937.600 INFO             PET1 ESMF library build location : /scratch2/NCEPDEV/stmp1/Gerhard.Theurich/ESMF-Nightly-Testing/intel_2023.1.0-oneAPI_intelmpi_g_develop/esmf
20231013 082937.600 INFO             PET1 ESMF_COMM                   : intelmpi
20231013 082937.601 INFO             PET1 ESMF_MOAB                   : enabled
20231013 082937.601 INFO             PET1 ESMF_LAPACK                 : enabled
20231013 082937.601 INFO             PET1 ESMF_NETCDF                 : enabled
20231013 082937.601 INFO             PET1 ESMF_PNETCDF                : disabled
20231013 082937.601 INFO             PET1 ESMF_PIO                    : enabled
20231013 082937.601 INFO             PET1 ESMF_YAMLCPP                : enabled
20231013 082937.601 INFO             PET1 mainApp STARTING
20231013 082937.606 INFO             PET1 driver: InitializeGeneric intro.
20231013 082937.606 INFO             PET1   driver: InitializeP0 intro.
20231013 082937.606 INFO             PET1   driver: InitializeP0 extro.
20231013 082937.606 INFO             PET1   driver: InitializeIPDv02p1 intro.
20231013 082937.606 INFO             PET1     >>>driver: entered Initialize (phase=<none>) without valid internal Clock.
20231013 082937.606 INFO             PET1     driver - Creating model component MODEL without petList.
20231013 082937.606 DEBUG            PET1     Generic SetVM() is executing for: MODEL
20231013 082937.607 DEBUG            PET1     Generic SetVM() is calling ESMF_GridCompSetVMMaxPEs() for: MODEL with:
20231013 082937.607 DEBUG            PET1      -             MaxCount =          2
20231013 082937.607 DEBUG            PET1      -       OpenMpHandling =
20231013 082937.607 DEBUG            PET1      -     OpenMpNumThreads =         -1
20231013 082937.607 DEBUG            PET1      -   ForceChildPthreads =          F
20231013 082937.607 DEBUG            PET1      -  PthreadMinStackSize =         -1
20231013 082937.607 DEBUG            PET1     vmkt_create()#210 Pthread: service=1 (0: actual PET, 1: service thread) - PTHREAD_STACK_MIN: 16384 bytes stack_size: 4194304 bytes
20231013 082937.607 DEBUG            PET1     vmkt_create()#210 Pthread: service=1 (0: actual PET, 1: service thread) - PTHREAD_STACK_MIN: 16384 bytes stack_size: 4194304 bytes
20231013 082937.609 INFO             PET1      GridCompIsPetLocal:  T
20231013 082937.609 INFO             PET1      VmIsCreated:  T
20231013 082937.609 INFO             PET1      MPI_COMM_NULL
20231013 082937.610 INFO             PET1     driver - Creating state: modelComp 1 Import State
20231013 082937.610 INFO             PET1     driver - Creating state: modelComp 1 Export State
20231013 082937.614 INFO             PET1     driver: IInitAdvertise intro.
20231013 082937.614 INFO             PET1     driver: IInitAdvertise extro.
20231013 082937.616 INFO             PET1     driver: IInitAdvertiseFinish intro.
20231013 082937.616 INFO             PET1     driver: IInitAdvertiseFinish extro.
20231013 082937.616 INFO             PET1     driver: IInitModifyCplLists intro.
20231013 082937.616 INFO             PET1     driver: IInitModifyCplLists extro.
20231013 082937.617 INFO             PET1     <<<driver: leaving Initialize (phase=<none>) with current time:    0  1  1  0  0  0   0
20231013 082937.617 INFO             PET1   driver: InitializeIPDv02p1 extro.
20231013 082937.617 INFO             PET1   driver: InitializeIPDv02p3 intro.
20231013 082937.617 INFO             PET1     >>>driver: entered Initialize (phase=<none>) with current time:    0  1  1  0  0  0   0
20231013 082937.617 INFO             PET1     driver: IInitCheck intro.
20231013 082937.617 INFO             PET1     driver: IInitCheck extro.
20231013 082937.622 INFO             PET1     driver: IInitRealize intro.
20231013 082937.622 INFO             PET1     driver: IInitRealize extro.
20231013 082937.623 INFO             PET1     <<<driver: leaving Initialize (phase=<none>) with current time:    0  1  1  0  0  0   0
20231013 082937.623 INFO             PET1   driver: InitializeIPDv02p3 extro.
20231013 082937.623 INFO             PET1   driver: InitializeIPDv02p5 intro.
20231013 082937.623 INFO             PET1     >>>driver: entered Initialize (phase=<none>) with current time:    0  1  1  0  0  0   0
20231013 082937.623 INFO             PET1     driver: this is a top level driver, no 'Updated' and 'InitializeDataComplete' info on this level.
20231013 082937.623 INFO             PET1     driver: InitializeIPDv02p5Data intro.
20231013 082937.623 INFO             PET1       driver: InternalInitializeComplete intro.
20231013 082937.623 INFO             PET1         driver: InitializeDataComplete='true'
20231013 082937.623 INFO             PET1       driver: InternalInitializeComplete extro.
20231013 082937.625 INFO             PET1       driver: components present that trigger loopDataDependentInitialize().
20231013 082937.625 INFO             PET1       driver: loopDataDependentInitialize intro.
20231013 082937.625 INFO             PET1         driver: component    0=driver, dataComplete (local): true
20231013 082937.625 INFO             PET1         driver: component    0=driver, dataComplete (global):  T
20231013 082937.625 INFO             PET1         driver: component    1=MODEL, dataComplete (local): false
20231013 082937.625 INFO             PET1         driver: component    1=MODEL, dataComplete (global):  F
20231013 082937.626 INFO             PET1         driver: component    1=MODEL, someProgress (local): true
20231013 082937.626 INFO             PET1         driver: component    1=MODEL, someProgress (global):  T
20231013 082937.626 INFO             PET1         driver: someProgress= T, allComplete= F, present(dataDepAllComplete)= T
20231013 082937.626 INFO             PET1         driver: component    0=driver, dataComplete (local): true
20231013 082937.626 INFO             PET1         driver: component    0=driver, dataComplete (global):  T
20231013 082937.627 INFO             PET1         driver: component    1=MODEL, dataComplete (local): true
20231013 082937.627 INFO             PET1         driver: component    1=MODEL, dataComplete (global):  T
20231013 082937.627 INFO             PET1         driver: someProgress= F, allComplete= T, present(dataDepAllComplete)= T
20231013 082937.627 INFO             PET1         driver: finished resolving initialize data dependencies on this level.
20231013 082937.627 INFO             PET1       driver: loopDataDependentInitialize extro.
20231013 082937.627 INFO             PET1       driver: loopDataDependentInitialize() returned with dataDepAllComplete:  T
20231013 082937.627 INFO             PET1     driver: InitializeIPDv02p5Data extro.
20231013 082937.627 INFO             PET1     <<<driver: leaving Initialize (phase=<none>) with current time:    0  1  1  0  0  0   0
20231013 082937.627 INFO             PET1   driver: InitializeIPDv02p5 extro.
20231013 082937.627 INFO             PET1 driver: InitializeGeneric extro.
20231013 082937.627 INFO             PET1 driver: Run intro.
20231013 082937.627 INFO             PET1   >>>driver entered Run (phase=RunPhase1) with current time:    0  1  1  0  0  0   0
20231013 082937.627 INFO             PET1   driver: after lable_SetRunClock, current time:    0  1  1  0  0  0   0
20231013 082937.627 INFO             PET1   driver: begin -------> RunSequence.
20231013 082937.627 INFO             PET1     driver: RunSequence event loopLevel=   1  levelMember=   1  loopIteration=   1, current time:    0  1  1  0  0  0   0
20231013 082937.628 INFO             PET1     driver: RunSequence event loopLevel=   1  levelMember=   1  loopIteration=   2, current time:    0  1  1  0  0 30   0
20231013 082937.628 INFO             PET1     driver: RunSequence event loopLevel=   1  levelMember=   1  loopIteration=   3, current time:    0  1  1  0  1  0   0
20231013 082937.629 INFO             PET1     driver: RunSequence event loopLevel=   1  levelMember=   1  loopIteration=   4, current time:    0  1  1  0  1 30   0
20231013 082937.630 INFO             PET1     driver: RunSequence event loopLevel=   1  levelMember=   1  loopIteration=   5, current time:    0  1  1  0  2  0   0
20231013 082937.630 INFO             PET1   driver: end <--------- RunSequence
20231013 082937.630 INFO             PET1   <<<driver - leaving Run with current time:    0  1  1  0  2 30   0
20231013 082937.630 INFO             PET1 driver: Run extro.
20231013 082937.631 INFO             PET1 driver: Finalize intro.
20231013 082937.631 INFO             PET1   Calling Finalize phase 1 for modelComp: MODEL
20231013 082937.631 INFO             PET1   Delete modelComp: MODEL
20231013 082937.632 INFO             PET1   Delete Import-/Export State for modelComp: MODEL
20231013 082937.632 INFO             PET1 driver: Finalize extro.
20231013 082937.632 INFO             PET1 mainApp FINISHED
20231013 082937.632 INFO             PET1  Finalizing ESMF
20231013 082937.599 INFO             PET2 !!!!!!!!!!!!!!!!!!!!!!!!!!!!!!!!!!!!!!!!!!!!!!!!!!!!!!
20231013 082937.599 INFO             PET2 !!! THE ESMF_LOG IS SET TO OUTPUT ALL LOG MESSAGES !!!
20231013 082937.599 INFO             PET2 !!!     THIS MAY CAUSE SLOWDOWN IN PERFORMANCE     !!!
20231013 082937.599 INFO             PET2 !!! FOR PRODUCTION RUNS, USE:                      !!!
20231013 082937.600 INFO             PET2 !!!                   ESMF_LOGKIND_Multi_On_Error  !!!
20231013 082937.600 INFO             PET2 !!!!!!!!!!!!!!!!!!!!!!!!!!!!!!!!!!!!!!!!!!!!!!!!!!!!!!
20231013 082937.600 INFO             PET2 Running with ESMF Version   : v8.6.0b08-19-gea64eb3ef0
20231013 082937.600 INFO             PET2 ESMF library build date/time: "Oct 13 2023" "07:40:28"
20231013 082937.600 INFO             PET2 ESMF library build location : /scratch2/NCEPDEV/stmp1/Gerhard.Theurich/ESMF-Nightly-Testing/intel_2023.1.0-oneAPI_intelmpi_g_develop/esmf
20231013 082937.600 INFO             PET2 ESMF_COMM                   : intelmpi
20231013 082937.600 INFO             PET2 ESMF_MOAB                   : enabled
20231013 082937.600 INFO             PET2 ESMF_LAPACK                 : enabled
20231013 082937.600 INFO             PET2 ESMF_NETCDF                 : enabled
20231013 082937.600 INFO             PET2 ESMF_PNETCDF                : disabled
20231013 082937.600 INFO             PET2 ESMF_PIO                    : enabled
20231013 082937.600 INFO             PET2 ESMF_YAMLCPP                : enabled
20231013 082937.601 INFO             PET2 mainApp STARTING
20231013 082937.605 INFO             PET2 driver: InitializeGeneric intro.
20231013 082937.605 INFO             PET2   driver: InitializeP0 intro.
20231013 082937.605 INFO             PET2   driver: InitializeP0 extro.
20231013 082937.606 INFO             PET2   driver: InitializeIPDv02p1 intro.
20231013 082937.606 INFO             PET2     >>>driver: entered Initialize (phase=<none>) without valid internal Clock.
20231013 082937.606 INFO             PET2     driver - Creating model component MODEL without petList.
20231013 082937.606 DEBUG            PET2     Generic SetVM() is executing for: MODEL
20231013 082937.607 DEBUG            PET2     Generic SetVM() is calling ESMF_GridCompSetVMMaxPEs() for: MODEL with:
20231013 082937.607 DEBUG            PET2      -             MaxCount =          2
20231013 082937.607 DEBUG            PET2      -       OpenMpHandling =
20231013 082937.607 DEBUG            PET2      -     OpenMpNumThreads =         -1
20231013 082937.607 DEBUG            PET2      -   ForceChildPthreads =          F
20231013 082937.607 DEBUG            PET2      -  PthreadMinStackSize =         -1
20231013 082937.609 INFO             PET2      GridCompIsPetLocal:  T
20231013 082937.609 INFO             PET2      VmIsCreated:  T
20231013 082937.609 INFO             PET2      valid MPI_COMM with size=           2
20231013 082937.610 INFO             PET2     driver - Creating state: modelComp 1 Import State
20231013 082937.610 INFO             PET2     driver - Creating state: modelComp 1 Export State
20231013 082937.611 INFO             PET2     MODEL: InitializeP0 intro.
20231013 082937.611 INFO             PET2       >>>MODEL: entered Initialize (phase=<none>) without valid internal Clock.
20231013 082937.612 INFO             PET2       <<<MODEL: leaving Initialize (phase=<none>) without valid internal Clock.
20231013 082937.612 INFO             PET2     MODEL: InitializeP0 extro.
20231013 082937.614 INFO             PET2     driver: IInitAdvertise intro.
20231013 082937.614 INFO             PET2     driver: IInitAdvertise extro.
20231013 082937.614 INFO             PET2     MODEL: InitializeIPDvXp01 intro.
20231013 082937.614 INFO             PET2       >>>MODEL: entered Initialize (phase=IPDvXp01) without valid internal Clock.
20231013 082937.615 INFO             PET2       <<<MODEL: leaving Initialize (phase=IPDvXp01) without valid internal Clock.
20231013 082937.615 INFO             PET2     MODEL: InitializeIPDvXp01 extro.
20231013 082937.616 INFO             PET2     driver: IInitAdvertiseFinish intro.
20231013 082937.616 INFO             PET2     driver: IInitAdvertiseFinish extro.
20231013 082937.616 INFO             PET2     driver: IInitModifyCplLists intro.
20231013 082937.616 INFO             PET2     driver: IInitModifyCplLists extro.
20231013 082937.617 INFO             PET2     <<<driver: leaving Initialize (phase=<none>) with current time:    0  1  1  0  0  0   0
20231013 082937.617 INFO             PET2   driver: InitializeIPDv02p1 extro.
20231013 082937.617 INFO             PET2   driver: InitializeIPDv02p3 intro.
20231013 082937.617 INFO             PET2     >>>driver: entered Initialize (phase=<none>) with current time:    0  1  1  0  0  0   0
20231013 082937.617 INFO             PET2     driver: IInitCheck intro.
20231013 082937.617 INFO             PET2     driver: IInitCheck extro.
20231013 082937.617 INFO             PET2     MODEL: InitializeIPDvXp04 intro.
20231013 082937.617 INFO             PET2       >>>MODEL: entered Initialize (phase=IPDvXp04) without valid internal Clock.
20231013 082937.620 INFO             PET2       After Realize: - MemInfo: [/proc/meminfo - SSI]	MemTotal:       97470520 kB
20231013 082937.620 INFO             PET2       After Realize: - MemInfo: [/proc/meminfo - SSI]	MemFree:        77684048 kB
20231013 082937.620 INFO             PET2       After Realize: - MemInfo: [/proc/meminfo - SSI]	MemAvailable:   88312976 kB
20231013 082937.620 INFO             PET2       After Realize: - MemInfo: [/proc/meminfo - SSI]	Committed_AS:    1808204 kB
20231013 082937.620 INFO             PET2       After Realize: - MemInfo: [/proc/meminfo - SSI]	CommittedPercent: 1.85513 %
20231013 082937.620 INFO             PET2       After Realize: - MemInfo: [/proc/self/status]	VmPeak:	 2885956 kB
20231013 082937.620 INFO             PET2       After Realize: - MemInfo: [/proc/self/status]	VmSize:	 2820456 kB
20231013 082937.620 INFO             PET2       After Realize: - MemInfo: [/proc/self/status]	VmLck:	       0 kB
20231013 082937.620 INFO             PET2       After Realize: - MemInfo: [/proc/self/status]	VmPin:	   82044 kB
20231013 082937.620 INFO             PET2       After Realize: - MemInfo: [/proc/self/status]	VmHWM:	  168172 kB
20231013 082937.620 INFO             PET2       After Realize: - MemInfo: [/proc/self/status]	VmRSS:	  168172 kB
20231013 082937.620 INFO             PET2       After Realize: - MemInfo: [/proc/self/status]	VmData:	  288972 kB
20231013 082937.620 INFO             PET2       After Realize: - MemInfo: [/proc/self/status]	VmStk:	     196 kB
20231013 082937.620 INFO             PET2       After Realize: - MemInfo: [/proc/self/status]	VmExe:	    1100 kB
20231013 082937.620 INFO             PET2       After Realize: - MemInfo: [/proc/self/status]	VmLib:	  117224 kB
20231013 082937.620 INFO             PET2       After Realize: - MemInfo: [/proc/self/status]	VmPTE:	     840 kB
20231013 082937.620 INFO             PET2       After Realize: - MemInfo: [/proc/self/status]	VmSwap:	       0 kB
20231013 082937.620 INFO             PET2       After Realize: - MemInfo: [/proc/self/status]	VmRSSPercent: 0.172536 %
20231013 082937.620 INFO             PET2       After Realize: - MemInfo: [malloc] Non-mmapped space allocated:                 1433600 Byte
20231013 082937.620 INFO             PET2       After Realize: - MemInfo: [malloc] Space allocated in mmapped regions:         88080384 Byte
20231013 082937.620 INFO             PET2       After Realize: - MemInfo: [malloc] Maximum total allocated space:                     0 Byte
20231013 082937.620 INFO             PET2       After Realize: - MemInfo: [malloc] Space in freed fastbin blocks:                  1232 Byte
20231013 082937.620 INFO             PET2       After Realize: - MemInfo: [malloc] Total allocated space:                       1284448 Byte
20231013 082937.620 INFO             PET2       After Realize: - MemInfo: [malloc] Total free space:                             149152 Byte
20231013 082937.620 INFO             PET2       After Realize: - MemInfo: [malloc] Top-most, releasable space:                    14864 Byte
20231013 082937.620 INFO             PET2       After Realize: - MemInfo: [malloc] Total space in use, mmap + non-mmap:        89364832 Byte
20231013 082937.620 INFO             PET2       After Realize: - MemInfo: [malloc] Total space held (mmap + non-mmap):         89513984 Byte
20231013 082937.620 INFO             PET2       After Realize: - MemInfo: [malloc] Total space used (mmap + non-mmap):         89374176 Byte
20231013 082937.620 INFO             PET2       After Realize: - MemInfo: Wall-clock time since execution start:              0.0379013 seconds
20231013 082937.621 INFO             PET2       <<<MODEL: leaving Initialize (phase=IPDvXp04) without valid internal Clock.
20231013 082937.621 INFO             PET2     MODEL: InitializeIPDvXp04 extro.
20231013 082937.621 INFO             PET2     driver: IInitRealize intro.
20231013 082937.621 INFO             PET2     driver: IInitRealize extro.
20231013 082937.622 INFO             PET2     MODEL: InitializeIPDvXp07 intro.
20231013 082937.622 INFO             PET2       >>>MODEL: entered Initialize (phase=IPDvXp07) without valid internal Clock.
20231013 082937.622 INFO             PET2       <<<MODEL: leaving Initialize (phase=IPDvXp07) with current time:    0  1  1  0  0  0   0
20231013 082937.622 INFO             PET2     MODEL: InitializeIPDvXp07 extro.
20231013 082937.622 INFO             PET2     <<<driver: leaving Initialize (phase=<none>) with current time:    0  1  1  0  0  0   0
20231013 082937.622 INFO             PET2   driver: InitializeIPDv02p3 extro.
20231013 082937.623 INFO             PET2   driver: InitializeIPDv02p5 intro.
20231013 082937.623 INFO             PET2     >>>driver: entered Initialize (phase=<none>) with current time:    0  1  1  0  0  0   0
20231013 082937.623 INFO             PET2     driver: this is a top level driver, no 'Updated' and 'InitializeDataComplete' info on this level.
20231013 082937.623 INFO             PET2     driver: InitializeIPDv02p5Data intro.
20231013 082937.623 INFO             PET2       driver: InternalInitializeComplete intro.
20231013 082937.623 INFO             PET2         driver: InitializeDataComplete='true'
20231013 082937.623 INFO             PET2       driver: InternalInitializeComplete extro.
20231013 082937.623 INFO             PET2       MODEL: InitializeIPDvXp08 intro.
20231013 082937.623 INFO             PET2         >>>MODEL: entered Initialize (phase=IPDv05p8) with current time:    0  1  1  0  0  0   0
20231013 082937.623 INFO             PET2         MODEL: InitializeDataProgress='false', InitializeDataComplete='false'
20231013 082937.623 INFO             PET2         <<<MODEL: leaving Initialize (phase=IPDv05p8) with current time:    0  1  1  0  0  0   0
20231013 082937.623 INFO             PET2       MODEL: InitializeIPDvXp08 extro.
20231013 082937.625 INFO             PET2       driver: components present that trigger loopDataDependentInitialize().
20231013 082937.625 INFO             PET2       driver: loopDataDependentInitialize intro.
20231013 082937.625 INFO             PET2         driver: component    0=driver, dataComplete (local): true
20231013 082937.625 INFO             PET2         driver: component    0=driver, dataComplete (global):  T
20231013 082937.625 INFO             PET2         driver: component    1=MODEL, dataComplete (local): false
20231013 082937.625 INFO             PET2         driver: component    1=MODEL, dataComplete (global):  F
20231013 082937.625 INFO             PET2         MODEL: InitializeIPDvXp08 intro.
20231013 082937.625 INFO             PET2           >>>MODEL: entered Initialize (phase=IPDv05p8) with current time:    0  1  1  0  0  0   0
20231013 082937.625 INFO             PET2           MODEL: InitializeDataProgress='true', InitializeDataComplete='true'
20231013 082937.625 INFO             PET2           <<<MODEL: leaving Initialize (phase=IPDv05p8) with current time:    0  1  1  0  0  0   0
20231013 082937.625 INFO             PET2         MODEL: InitializeIPDvXp08 extro.
20231013 082937.626 INFO             PET2         driver: component    1=MODEL, someProgress (local): true
20231013 082937.626 INFO             PET2         driver: component    1=MODEL, someProgress (global):  T
20231013 082937.626 INFO             PET2         driver: someProgress= T, allComplete= F, present(dataDepAllComplete)= T
20231013 082937.626 INFO             PET2         driver: component    0=driver, dataComplete (local): true
20231013 082937.626 INFO             PET2         driver: component    0=driver, dataComplete (global):  T
20231013 082937.627 INFO             PET2         driver: component    1=MODEL, dataComplete (local): true
20231013 082937.627 INFO             PET2         driver: component    1=MODEL, dataComplete (global):  T
20231013 082937.627 INFO             PET2         driver: someProgress= F, allComplete= T, present(dataDepAllComplete)= T
20231013 082937.627 INFO             PET2         driver: finished resolving initialize data dependencies on this level.
20231013 082937.627 INFO             PET2       driver: loopDataDependentInitialize extro.
20231013 082937.627 INFO             PET2       driver: loopDataDependentInitialize() returned with dataDepAllComplete:  T
20231013 082937.627 INFO             PET2     driver: InitializeIPDv02p5Data extro.
20231013 082937.627 INFO             PET2     <<<driver: leaving Initialize (phase=<none>) with current time:    0  1  1  0  0  0   0
20231013 082937.627 INFO             PET2   driver: InitializeIPDv02p5 extro.
20231013 082937.627 INFO             PET2 driver: InitializeGeneric extro.
20231013 082937.627 INFO             PET2 driver: Run intro.
20231013 082937.627 INFO             PET2   >>>driver entered Run (phase=RunPhase1) with current time:    0  1  1  0  0  0   0
20231013 082937.627 INFO             PET2   driver: after lable_SetRunClock, current time:    0  1  1  0  0  0   0
20231013 082937.627 INFO             PET2   driver: begin -------> RunSequence.
20231013 082937.627 INFO             PET2     driver: RunSequence event loopLevel=   1  levelMember=   1  loopIteration=   1, current time:    0  1  1  0  0  0   0
20231013 082937.627 INFO             PET2     MODEL: Run intro.
20231013 082937.627 INFO             PET2       >>>MODEL: entered Run (phase=RunPhase1) with current time:    0  1  1  0  0  0   0
20231013 082937.627 INFO             PET2       MODEL: time step-loop starting, current time:    0  1  1  0  0  0   0
20231013 082937.627 INFO             PET2       thread_num=   0   currentSsiPe=   2   num_threads=   2   max_threads=   2   num_procs=   2
20231013 082937.627 INFO             PET2       thread_num=   1   currentSsiPe=   3   num_threads=   2   max_threads=   2   num_procs=   2
20231013 082937.627 INFO             PET2       ---->Advancing Model from:    0  1  1  0  0  0   0
20231013 082937.627 INFO             PET2       ---------------------> to:    0  1  1  0  0 30   0
20231013 082937.627 INFO             PET2       MODEL: time step-loop ending,   current time:    0  1  1  0  0 30   0
20231013 082937.627 INFO             PET2       <<<MODEL: leaving Run (phase=RunPhase1) with current time:    0  1  1  0  0 30   0
20231013 082937.627 INFO             PET2     MODEL: Run extro.
20231013 082937.629 INFO             PET2     driver: RunSequence event loopLevel=   1  levelMember=   1  loopIteration=   2, current time:    0  1  1  0  0 30   0
20231013 082937.629 INFO             PET2     MODEL: Run intro.
20231013 082937.629 INFO             PET2       >>>MODEL: entered Run (phase=RunPhase1) with current time:    0  1  1  0  0 30   0
20231013 082937.629 INFO             PET2       MODEL: time step-loop starting, current time:    0  1  1  0  0 30   0
20231013 082937.629 INFO             PET2       thread_num=   1   currentSsiPe=   3   num_threads=   2   max_threads=   2   num_procs=   2
20231013 082937.629 INFO             PET2       thread_num=   0   currentSsiPe=   2   num_threads=   2   max_threads=   2   num_procs=   2
20231013 082937.629 INFO             PET2       ---->Advancing Model from:    0  1  1  0  0 30   0
20231013 082937.629 INFO             PET2       ---------------------> to:    0  1  1  0  1  0   0
20231013 082937.629 INFO             PET2       MODEL: time step-loop ending,   current time:    0  1  1  0  1  0   0
20231013 082937.629 INFO             PET2       <<<MODEL: leaving Run (phase=RunPhase1) with current time:    0  1  1  0  1  0   0
20231013 082937.629 INFO             PET2     MODEL: Run extro.
20231013 082937.629 INFO             PET2     driver: RunSequence event loopLevel=   1  levelMember=   1  loopIteration=   3, current time:    0  1  1  0  1  0   0
20231013 082937.629 INFO             PET2     MODEL: Run intro.
20231013 082937.629 INFO             PET2       >>>MODEL: entered Run (phase=RunPhase1) with current time:    0  1  1  0  1  0   0
20231013 082937.629 INFO             PET2       MODEL: time step-loop starting, current time:    0  1  1  0  1  0   0
20231013 082937.629 INFO             PET2       thread_num=   1   currentSsiPe=   3   num_threads=   2   max_threads=   2   num_procs=   2
20231013 082937.629 INFO             PET2       thread_num=   0   currentSsiPe=   2   num_threads=   2   max_threads=   2   num_procs=   2
20231013 082937.629 INFO             PET2       ---->Advancing Model from:    0  1  1  0  1  0   0
20231013 082937.629 INFO             PET2       ---------------------> to:    0  1  1  0  1 30   0
20231013 082937.629 INFO             PET2       MODEL: time step-loop ending,   current time:    0  1  1  0  1 30   0
20231013 082937.630 INFO             PET2       <<<MODEL: leaving Run (phase=RunPhase1) with current time:    0  1  1  0  1 30   0
20231013 082937.630 INFO             PET2     MODEL: Run extro.
20231013 082937.630 INFO             PET2     driver: RunSequence event loopLevel=   1  levelMember=   1  loopIteration=   4, current time:    0  1  1  0  1 30   0
20231013 082937.630 INFO             PET2     MODEL: Run intro.
20231013 082937.630 INFO             PET2       >>>MODEL: entered Run (phase=RunPhase1) with current time:    0  1  1  0  1 30   0
20231013 082937.630 INFO             PET2       MODEL: time step-loop starting, current time:    0  1  1  0  1 30   0
20231013 082937.630 INFO             PET2       thread_num=   1   currentSsiPe=   3   num_threads=   2   max_threads=   2   num_procs=   2
20231013 082937.630 INFO             PET2       thread_num=   0   currentSsiPe=   2   num_threads=   2   max_threads=   2   num_procs=   2
20231013 082937.630 INFO             PET2       ---->Advancing Model from:    0  1  1  0  1 30   0
20231013 082937.630 INFO             PET2       ---------------------> to:    0  1  1  0  2  0   0
20231013 082937.630 INFO             PET2       MODEL: time step-loop ending,   current time:    0  1  1  0  2  0   0
20231013 082937.630 INFO             PET2       <<<MODEL: leaving Run (phase=RunPhase1) with current time:    0  1  1  0  2  0   0
20231013 082937.630 INFO             PET2     MODEL: Run extro.
20231013 082937.630 INFO             PET2     driver: RunSequence event loopLevel=   1  levelMember=   1  loopIteration=   5, current time:    0  1  1  0  2  0   0
20231013 082937.630 INFO             PET2     MODEL: Run intro.
20231013 082937.630 INFO             PET2       >>>MODEL: entered Run (phase=RunPhase1) with current time:    0  1  1  0  2  0   0
20231013 082937.630 INFO             PET2       MODEL: time step-loop starting, current time:    0  1  1  0  2  0   0
20231013 082937.631 INFO             PET2       thread_num=   1   currentSsiPe=   3   num_threads=   2   max_threads=   2   num_procs=   2
20231013 082937.631 INFO             PET2       thread_num=   0   currentSsiPe=   2   num_threads=   2   max_threads=   2   num_procs=   2
20231013 082937.631 INFO             PET2       ---->Advancing Model from:    0  1  1  0  2  0   0
20231013 082937.631 INFO             PET2       ---------------------> to:    0  1  1  0  2 30   0
20231013 082937.631 INFO             PET2       MODEL: time step-loop ending,   current time:    0  1  1  0  2 30   0
20231013 082937.631 INFO             PET2       <<<MODEL: leaving Run (phase=RunPhase1) with current time:    0  1  1  0  2 30   0
20231013 082937.631 INFO             PET2     MODEL: Run extro.
20231013 082937.631 INFO             PET2   driver: end <--------- RunSequence
20231013 082937.631 INFO             PET2   <<<driver - leaving Run with current time:    0  1  1  0  2 30   0
20231013 082937.631 INFO             PET2 driver: Run extro.
20231013 082937.631 INFO             PET2 driver: Finalize intro.
20231013 082937.631 INFO             PET2   Calling Finalize phase 1 for modelComp: MODEL
20231013 082937.631 INFO             PET2   MODEL: Finalize intro.
20231013 082937.631 INFO             PET2     >>>MODEL: entered Finalize (phase=FinalizePhase1) with current time:    0  1  1  0  2 30   0
20231013 082937.631 INFO             PET2     <<<MODEL: leaving Finalize (phase=FinalizePhase1) with current time:    0  1  1  0  2 30   0
20231013 082937.631 INFO             PET2   MODEL: Finalize extro.
20231013 082937.632 INFO             PET2   Delete modelComp: MODEL
20231013 082937.632 INFO             PET2   Delete Import-/Export State for modelComp: MODEL
20231013 082937.632 INFO             PET2 driver: Finalize extro.
20231013 082937.632 INFO             PET2 mainApp FINISHED
20231013 082937.632 INFO             PET2  Finalizing ESMF
20231013 082937.600 INFO             PET3 !!!!!!!!!!!!!!!!!!!!!!!!!!!!!!!!!!!!!!!!!!!!!!!!!!!!!!
20231013 082937.600 INFO             PET3 !!! THE ESMF_LOG IS SET TO OUTPUT ALL LOG MESSAGES !!!
20231013 082937.600 INFO             PET3 !!!     THIS MAY CAUSE SLOWDOWN IN PERFORMANCE     !!!
20231013 082937.600 INFO             PET3 !!! FOR PRODUCTION RUNS, USE:                      !!!
20231013 082937.600 INFO             PET3 !!!                   ESMF_LOGKIND_Multi_On_Error  !!!
20231013 082937.600 INFO             PET3 !!!!!!!!!!!!!!!!!!!!!!!!!!!!!!!!!!!!!!!!!!!!!!!!!!!!!!
20231013 082937.600 INFO             PET3 Running with ESMF Version   : v8.6.0b08-19-gea64eb3ef0
20231013 082937.600 INFO             PET3 ESMF library build date/time: "Oct 13 2023" "07:40:28"
20231013 082937.600 INFO             PET3 ESMF library build location : /scratch2/NCEPDEV/stmp1/Gerhard.Theurich/ESMF-Nightly-Testing/intel_2023.1.0-oneAPI_intelmpi_g_develop/esmf
20231013 082937.600 INFO             PET3 ESMF_COMM                   : intelmpi
20231013 082937.601 INFO             PET3 ESMF_MOAB                   : enabled
20231013 082937.601 INFO             PET3 ESMF_LAPACK                 : enabled
20231013 082937.601 INFO             PET3 ESMF_NETCDF                 : enabled
20231013 082937.601 INFO             PET3 ESMF_PNETCDF                : disabled
20231013 082937.601 INFO             PET3 ESMF_PIO                    : enabled
20231013 082937.601 INFO             PET3 ESMF_YAMLCPP                : enabled
20231013 082937.601 INFO             PET3 mainApp STARTING
20231013 082937.605 INFO             PET3 driver: InitializeGeneric intro.
20231013 082937.605 INFO             PET3   driver: InitializeP0 intro.
20231013 082937.605 INFO             PET3   driver: InitializeP0 extro.
20231013 082937.605 INFO             PET3   driver: InitializeIPDv02p1 intro.
20231013 082937.606 INFO             PET3     >>>driver: entered Initialize (phase=<none>) without valid internal Clock.
20231013 082937.606 INFO             PET3     driver - Creating model component MODEL without petList.
20231013 082937.606 DEBUG            PET3     Generic SetVM() is executing for: MODEL
20231013 082937.607 DEBUG            PET3     Generic SetVM() is calling ESMF_GridCompSetVMMaxPEs() for: MODEL with:
20231013 082937.607 DEBUG            PET3      -             MaxCount =          2
20231013 082937.607 DEBUG            PET3      -       OpenMpHandling =
20231013 082937.607 DEBUG            PET3      -     OpenMpNumThreads =         -1
20231013 082937.607 DEBUG            PET3      -   ForceChildPthreads =          F
20231013 082937.607 DEBUG            PET3      -  PthreadMinStackSize =         -1
20231013 082937.607 DEBUG            PET3     vmkt_create()#210 Pthread: service=1 (0: actual PET, 1: service thread) - PTHREAD_STACK_MIN: 16384 bytes stack_size: 4194304 bytes
20231013 082937.607 DEBUG            PET3     vmkt_create()#210 Pthread: service=1 (0: actual PET, 1: service thread) - PTHREAD_STACK_MIN: 16384 bytes stack_size: 4194304 bytes
20231013 082937.609 INFO             PET3      GridCompIsPetLocal:  T
20231013 082937.609 INFO             PET3      VmIsCreated:  T
20231013 082937.609 INFO             PET3      MPI_COMM_NULL
20231013 082937.610 INFO             PET3     driver - Creating state: modelComp 1 Import State
20231013 082937.610 INFO             PET3     driver - Creating state: modelComp 1 Export State
20231013 082937.614 INFO             PET3     driver: IInitAdvertise intro.
20231013 082937.614 INFO             PET3     driver: IInitAdvertise extro.
20231013 082937.616 INFO             PET3     driver: IInitAdvertiseFinish intro.
20231013 082937.616 INFO             PET3     driver: IInitAdvertiseFinish extro.
20231013 082937.616 INFO             PET3     driver: IInitModifyCplLists intro.
20231013 082937.616 INFO             PET3     driver: IInitModifyCplLists extro.
20231013 082937.616 INFO             PET3     <<<driver: leaving Initialize (phase=<none>) with current time:    0  1  1  0  0  0   0
20231013 082937.616 INFO             PET3   driver: InitializeIPDv02p1 extro.
20231013 082937.616 INFO             PET3   driver: InitializeIPDv02p3 intro.
20231013 082937.617 INFO             PET3     >>>driver: entered Initialize (phase=<none>) with current time:    0  1  1  0  0  0   0
20231013 082937.617 INFO             PET3     driver: IInitCheck intro.
20231013 082937.617 INFO             PET3     driver: IInitCheck extro.
20231013 082937.622 INFO             PET3     driver: IInitRealize intro.
20231013 082937.622 INFO             PET3     driver: IInitRealize extro.
20231013 082937.622 INFO             PET3     <<<driver: leaving Initialize (phase=<none>) with current time:    0  1  1  0  0  0   0
20231013 082937.622 INFO             PET3   driver: InitializeIPDv02p3 extro.
20231013 082937.622 INFO             PET3   driver: InitializeIPDv02p5 intro.
20231013 082937.623 INFO             PET3     >>>driver: entered Initialize (phase=<none>) with current time:    0  1  1  0  0  0   0
20231013 082937.623 INFO             PET3     driver: this is a top level driver, no 'Updated' and 'InitializeDataComplete' info on this level.
20231013 082937.623 INFO             PET3     driver: InitializeIPDv02p5Data intro.
20231013 082937.623 INFO             PET3       driver: InternalInitializeComplete intro.
20231013 082937.623 INFO             PET3         driver: InitializeDataComplete='true'
20231013 082937.623 INFO             PET3       driver: InternalInitializeComplete extro.
20231013 082937.625 INFO             PET3       driver: components present that trigger loopDataDependentInitialize().
20231013 082937.625 INFO             PET3       driver: loopDataDependentInitialize intro.
20231013 082937.625 INFO             PET3         driver: component    0=driver, dataComplete (local): true
20231013 082937.625 INFO             PET3         driver: component    0=driver, dataComplete (global):  T
20231013 082937.625 INFO             PET3         driver: component    1=MODEL, dataComplete (local): false
20231013 082937.625 INFO             PET3         driver: component    1=MODEL, dataComplete (global):  F
20231013 082937.626 INFO             PET3         driver: component    1=MODEL, someProgress (local): true
20231013 082937.626 INFO             PET3         driver: component    1=MODEL, someProgress (global):  T
20231013 082937.626 INFO             PET3         driver: someProgress= T, allComplete= F, present(dataDepAllComplete)= T
20231013 082937.626 INFO             PET3         driver: component    0=driver, dataComplete (local): true
20231013 082937.626 INFO             PET3         driver: component    0=driver, dataComplete (global):  T
20231013 082937.627 INFO             PET3         driver: component    1=MODEL, dataComplete (local): true
20231013 082937.627 INFO             PET3         driver: component    1=MODEL, dataComplete (global):  T
20231013 082937.627 INFO             PET3         driver: someProgress= F, allComplete= T, present(dataDepAllComplete)= T
20231013 082937.627 INFO             PET3         driver: finished resolving initialize data dependencies on this level.
20231013 082937.627 INFO             PET3       driver: loopDataDependentInitialize extro.
20231013 082937.627 INFO             PET3       driver: loopDataDependentInitialize() returned with dataDepAllComplete:  T
20231013 082937.627 INFO             PET3     driver: InitializeIPDv02p5Data extro.
20231013 082937.627 INFO             PET3     <<<driver: leaving Initialize (phase=<none>) with current time:    0  1  1  0  0  0   0
20231013 082937.627 INFO             PET3   driver: InitializeIPDv02p5 extro.
20231013 082937.627 INFO             PET3 driver: InitializeGeneric extro.
20231013 082937.627 INFO             PET3 driver: Run intro.
20231013 082937.627 INFO             PET3   >>>driver entered Run (phase=RunPhase1) with current time:    0  1  1  0  0  0   0
20231013 082937.627 INFO             PET3   driver: after lable_SetRunClock, current time:    0  1  1  0  0  0   0
20231013 082937.627 INFO             PET3   driver: begin -------> RunSequence.
20231013 082937.627 INFO             PET3     driver: RunSequence event loopLevel=   1  levelMember=   1  loopIteration=   1, current time:    0  1  1  0  0  0   0
20231013 082937.628 INFO             PET3     driver: RunSequence event loopLevel=   1  levelMember=   1  loopIteration=   2, current time:    0  1  1  0  0 30   0
20231013 082937.629 INFO             PET3     driver: RunSequence event loopLevel=   1  levelMember=   1  loopIteration=   3, current time:    0  1  1  0  1  0   0
20231013 082937.630 INFO             PET3     driver: RunSequence event loopLevel=   1  levelMember=   1  loopIteration=   4, current time:    0  1  1  0  1 30   0
20231013 082937.630 INFO             PET3     driver: RunSequence event loopLevel=   1  levelMember=   1  loopIteration=   5, current time:    0  1  1  0  2  0   0
20231013 082937.631 INFO             PET3   driver: end <--------- RunSequence
20231013 082937.631 INFO             PET3   <<<driver - leaving Run with current time:    0  1  1  0  2 30   0
20231013 082937.631 INFO             PET3 driver: Run extro.
20231013 082937.631 INFO             PET3 driver: Finalize intro.
20231013 082937.631 INFO             PET3   Calling Finalize phase 1 for modelComp: MODEL
20231013 082937.631 INFO             PET3   Delete modelComp: MODEL
20231013 082937.632 INFO             PET3   Delete Import-/Export State for modelComp: MODEL
20231013 082937.632 INFO             PET3 driver: Finalize extro.
20231013 082937.632 INFO             PET3 mainApp FINISHED
20231013 082937.632 INFO             PET3  Finalizing ESMF
