2023-10-18 02:14:13
20231018 023444.820 INFO             PET0 !!!!!!!!!!!!!!!!!!!!!!!!!!!!!!!!!!!!!!!!!!!!!!!!!!!!!!
20231018 023444.820 INFO             PET0 !!! THE ESMF_LOG IS SET TO OUTPUT ALL LOG MESSAGES !!!
20231018 023444.820 INFO             PET0 !!!     THIS MAY CAUSE SLOWDOWN IN PERFORMANCE     !!!
20231018 023444.820 INFO             PET0 !!! FOR PRODUCTION RUNS, USE:                      !!!
20231018 023444.820 INFO             PET0 !!!                   ESMF_LOGKIND_Multi_On_Error  !!!
20231018 023444.820 INFO             PET0 !!!!!!!!!!!!!!!!!!!!!!!!!!!!!!!!!!!!!!!!!!!!!!!!!!!!!!
20231018 023444.820 INFO             PET0 Running with ESMF Version   : v8.6.0b09-2-g5cd9f55d8a
20231018 023444.820 INFO             PET0 ESMF library build date/time: "Oct 18 2023" "02:13:06"
20231018 023444.820 INFO             PET0 ESMF library build location : /glade/derecho/scratch/theurich/ESMF-Nightly-Testing/intel_2023.0.0-oneAPI_mpi_O_develop/esmf
20231018 023444.820 INFO             PET0 ESMF_COMM                   : mpi
20231018 023444.821 INFO             PET0 ESMF_MOAB                   : enabled
20231018 023444.821 INFO             PET0 ESMF_LAPACK                 : enabled
20231018 023444.821 INFO             PET0 ESMF_NETCDF                 : enabled
20231018 023444.821 INFO             PET0 ESMF_PNETCDF                : disabled
20231018 023444.821 INFO             PET0 ESMF_PIO                    : enabled
20231018 023444.821 INFO             PET0 ESMF_YAMLCPP                : enabled
20231018 023444.825 INFO             PET0  NUMBER_OF_PROCESSORS           4
20231018 023444.825 INFO             PET0  PASS  Example ESMF_FieldCreateEx, ESMF_FieldCreateEx.F90, line 1058
20231018 023444.825 INFO             PET0  Finalizing ESMF
20231018 023444.821 INFO             PET1 !!!!!!!!!!!!!!!!!!!!!!!!!!!!!!!!!!!!!!!!!!!!!!!!!!!!!!
20231018 023444.821 INFO             PET1 !!! THE ESMF_LOG IS SET TO OUTPUT ALL LOG MESSAGES !!!
20231018 023444.821 INFO             PET1 !!!     THIS MAY CAUSE SLOWDOWN IN PERFORMANCE     !!!
20231018 023444.821 INFO             PET1 !!! FOR PRODUCTION RUNS, USE:                      !!!
20231018 023444.821 INFO             PET1 !!!                   ESMF_LOGKIND_Multi_On_Error  !!!
20231018 023444.821 INFO             PET1 !!!!!!!!!!!!!!!!!!!!!!!!!!!!!!!!!!!!!!!!!!!!!!!!!!!!!!
20231018 023444.821 INFO             PET1 Running with ESMF Version   : v8.6.0b09-2-g5cd9f55d8a
20231018 023444.821 INFO             PET1 ESMF library build date/time: "Oct 18 2023" "02:13:06"
20231018 023444.821 INFO             PET1 ESMF library build location : /glade/derecho/scratch/theurich/ESMF-Nightly-Testing/intel_2023.0.0-oneAPI_mpi_O_develop/esmf
20231018 023444.821 INFO             PET1 ESMF_COMM                   : mpi
20231018 023444.821 INFO             PET1 ESMF_MOAB                   : enabled
20231018 023444.821 INFO             PET1 ESMF_LAPACK                 : enabled
20231018 023444.821 INFO             PET1 ESMF_NETCDF                 : enabled
20231018 023444.821 INFO             PET1 ESMF_PNETCDF                : disabled
20231018 023444.821 INFO             PET1 ESMF_PIO                    : enabled
20231018 023444.821 INFO             PET1 ESMF_YAMLCPP                : enabled
20231018 023444.825 INFO             PET1  NUMBER_OF_PROCESSORS           4
20231018 023444.825 INFO             PET1  PASS  Example ESMF_FieldCreateEx, ESMF_FieldCreateEx.F90, line 1058
20231018 023444.825 INFO             PET1  Finalizing ESMF
20231018 023444.820 INFO             PET2 !!!!!!!!!!!!!!!!!!!!!!!!!!!!!!!!!!!!!!!!!!!!!!!!!!!!!!
20231018 023444.820 INFO             PET2 !!! THE ESMF_LOG IS SET TO OUTPUT ALL LOG MESSAGES !!!
20231018 023444.820 INFO             PET2 !!!     THIS MAY CAUSE SLOWDOWN IN PERFORMANCE     !!!
20231018 023444.820 INFO             PET2 !!! FOR PRODUCTION RUNS, USE:                      !!!
20231018 023444.820 INFO             PET2 !!!                   ESMF_LOGKIND_Multi_On_Error  !!!
20231018 023444.820 INFO             PET2 !!!!!!!!!!!!!!!!!!!!!!!!!!!!!!!!!!!!!!!!!!!!!!!!!!!!!!
20231018 023444.820 INFO             PET2 Running with ESMF Version   : v8.6.0b09-2-g5cd9f55d8a
20231018 023444.820 INFO             PET2 ESMF library build date/time: "Oct 18 2023" "02:13:06"
20231018 023444.820 INFO             PET2 ESMF library build location : /glade/derecho/scratch/theurich/ESMF-Nightly-Testing/intel_2023.0.0-oneAPI_mpi_O_develop/esmf
20231018 023444.820 INFO             PET2 ESMF_COMM                   : mpi
20231018 023444.821 INFO             PET2 ESMF_MOAB                   : enabled
20231018 023444.821 INFO             PET2 ESMF_LAPACK                 : enabled
20231018 023444.821 INFO             PET2 ESMF_NETCDF                 : enabled
20231018 023444.821 INFO             PET2 ESMF_PNETCDF                : disabled
20231018 023444.821 INFO             PET2 ESMF_PIO                    : enabled
20231018 023444.821 INFO             PET2 ESMF_YAMLCPP                : enabled
20231018 023444.825 INFO             PET2  NUMBER_OF_PROCESSORS           4
20231018 023444.825 INFO             PET2  PASS  Example ESMF_FieldCreateEx, ESMF_FieldCreateEx.F90, line 1058
20231018 023444.825 INFO             PET2  Finalizing ESMF
20231018 023444.820 INFO             PET3 !!!!!!!!!!!!!!!!!!!!!!!!!!!!!!!!!!!!!!!!!!!!!!!!!!!!!!
20231018 023444.820 INFO             PET3 !!! THE ESMF_LOG IS SET TO OUTPUT ALL LOG MESSAGES !!!
20231018 023444.820 INFO             PET3 !!!     THIS MAY CAUSE SLOWDOWN IN PERFORMANCE     !!!
20231018 023444.820 INFO             PET3 !!! FOR PRODUCTION RUNS, USE:                      !!!
20231018 023444.820 INFO             PET3 !!!                   ESMF_LOGKIND_Multi_On_Error  !!!
20231018 023444.820 INFO             PET3 !!!!!!!!!!!!!!!!!!!!!!!!!!!!!!!!!!!!!!!!!!!!!!!!!!!!!!
20231018 023444.820 INFO             PET3 Running with ESMF Version   : v8.6.0b09-2-g5cd9f55d8a
20231018 023444.820 INFO             PET3 ESMF library build date/time: "Oct 18 2023" "02:13:06"
20231018 023444.820 INFO             PET3 ESMF library build location : /glade/derecho/scratch/theurich/ESMF-Nightly-Testing/intel_2023.0.0-oneAPI_mpi_O_develop/esmf
20231018 023444.820 INFO             PET3 ESMF_COMM                   : mpi
20231018 023444.821 INFO             PET3 ESMF_MOAB                   : enabled
20231018 023444.821 INFO             PET3 ESMF_LAPACK                 : enabled
20231018 023444.821 INFO             PET3 ESMF_NETCDF                 : enabled
20231018 023444.821 INFO             PET3 ESMF_PNETCDF                : disabled
20231018 023444.821 INFO             PET3 ESMF_PIO                    : enabled
20231018 023444.821 INFO             PET3 ESMF_YAMLCPP                : enabled
20231018 023444.825 INFO             PET3  NUMBER_OF_PROCESSORS           4
20231018 023444.825 INFO             PET3  PASS  Example ESMF_FieldCreateEx, ESMF_FieldCreateEx.F90, line 1058
20231018 023444.825 INFO             PET3  Finalizing ESMF
