2023-11-14 02:27:28
forrtl: severe (174): SIGSEGV, segmentation fault occurred
Image              PC                Routine            Line        Source             
libpthread-2.31.s  000014A14F5788C0  Unknown               Unknown  Unknown
mainApp            000000000044B2F2  Unknown               Unknown  Unknown
mainApp            000000000044BC40  Unknown               Unknown  Unknown
mainApp            000000000044B4D4  Unknown               Unknown  Unknown
libesmf.so         000014A152F73A1F  f_esmf_compcollec         516  ESMF_Comp_C.F90
libesmf.so         000014A152B17852  finalize                 3515  ESMCI_VM.C
libesmf.so         000014A152AE2367  c_esmc_vmfinalize        1241  ESMCI_VM_F.C
libesmf.so         000014A153B90B2B  c_esmc_vmfinalize           0  ESMF_VM.F90
libesmf.so         000014A153B88702  esmf_vmfinalize          9474  ESMF_VM.F90
libesmf.so         000014A1536AC5B5  esmf_finalize            1693  ESMF_Init.F90
mainApp            00000000004175DE  mainapp                   149  mainApp.F90
mainApp            000000000041688D  Unknown               Unknown  Unknown
libc-2.31.so       000014A14B6EE29D  __libc_start_main     Unknown  Unknown
mainApp            00000000004167BA  Unknown               Unknown  Unknown
forrtl: severe (174): SIGSEGV, segmentation fault occurred
Image              PC                Routine            Line        Source             
libpthread-2.31.s  00001540A03B88C0  Unknown               Unknown  Unknown
mainApp            000000000044B343  Unknown               Unknown  Unknown
mainApp            000000000044BC40  Unknown               Unknown  Unknown
mainApp            000000000044B4D4  Unknown               Unknown  Unknown
libesmf.so         00001540A3DB3A1F  f_esmf_compcollec         516  ESMF_Comp_C.F90
libesmf.so         00001540A3957852  finalize                 3515  ESMCI_VM.C
libesmf.so         00001540A3922367  c_esmc_vmfinalize        1241  ESMCI_VM_F.C
libesmf.so         00001540A49D0B2B  c_esmc_vmfinalize           0  ESMF_VM.F90
libesmf.so         00001540A49C8702  esmf_vmfinalize          9474  ESMF_VM.F90
libesmf.so         00001540A44EC5B5  esmf_finalize            1693  ESMF_Init.F90
mainApp            00000000004175DE  mainapp                   149  mainApp.F90
mainApp            000000000041688D  Unknown               Unknown  Unknown
libc-2.31.so       000015409C52E29D  __libc_start_main     Unknown  Unknown
mainApp            00000000004167BA  Unknown               Unknown  Unknown
forrtl: severe (174): SIGSEGV, segmentation fault occurred
Image              PC                Routine            Line        Source             
libpthread-2.31.s  0000148161AF48C0  Unknown               Unknown  Unknown
mainApp            000000000044B319  Unknown               Unknown  Unknown
mainApp            000000000044BC40  Unknown               Unknown  Unknown
mainApp            000000000044B4D4  Unknown               Unknown  Unknown
libesmf.so         00001481654EFA1F  f_esmf_compcollec         516  ESMF_Comp_C.F90
libesmf.so         0000148165093852  finalize                 3515  ESMCI_VM.C
libesmf.so         000014816505E367  c_esmc_vmfinalize        1241  ESMCI_VM_F.C
libesmf.so         000014816610CB2B  c_esmc_vmfinalize           0  ESMF_VM.F90
libesmf.so         0000148166104702  esmf_vmfinalize          9474  ESMF_VM.F90
libesmf.so         0000148165C285B5  esmf_finalize            1693  ESMF_Init.F90
mainApp            00000000004175DE  mainapp                   149  mainApp.F90
mainApp            000000000041688D  Unknown               Unknown  Unknown
libc-2.31.so       000014815DC6A29D  __libc_start_main     Unknown  Unknown
mainApp            00000000004167BA  Unknown               Unknown  Unknown
forrtl: severe (174): SIGSEGV, segmentation fault occurred
Image              PC                Routine            Line        Source             
libpthread-2.31.s  0000152ECF6088C0  Unknown               Unknown  Unknown
mainApp            000000000044B323  Unknown               Unknown  Unknown
mainApp            000000000044BC40  Unknown               Unknown  Unknown
mainApp            000000000044B4D4  Unknown               Unknown  Unknown
libesmf.so         0000152ED3003A1F  f_esmf_compcollec         516  ESMF_Comp_C.F90
libesmf.so         0000152ED2BA7852  finalize                 3515  ESMCI_VM.C
libesmf.so         0000152ED2B72367  c_esmc_vmfinalize        1241  ESMCI_VM_F.C
libesmf.so         0000152ED3C20B2B  c_esmc_vmfinalize           0  ESMF_VM.F90
libesmf.so         0000152ED3C18702  esmf_vmfinalize          9474  ESMF_VM.F90
libesmf.so         0000152ED373C5B5  esmf_finalize            1693  ESMF_Init.F90
mainApp            00000000004175DE  mainapp                   149  mainApp.F90
mainApp            000000000041688D  Unknown               Unknown  Unknown
libc-2.31.so       0000152ECB77E29D  __libc_start_main     Unknown  Unknown
mainApp            00000000004167BA  Unknown               Unknown  Unknown
dec2462.hsn.de.hpc.ucar.edu: rank 2 exited with code 174
