2023-11-10 02:24:09
20231110 025159.285 INFO             PET0 !!!!!!!!!!!!!!!!!!!!!!!!!!!!!!!!!!!!!!!!!!!!!!!!!!!!!!
20231110 025159.285 INFO             PET0 !!! THE ESMF_LOG IS SET TO OUTPUT ALL LOG MESSAGES !!!
20231110 025159.285 INFO             PET0 !!!     THIS MAY CAUSE SLOWDOWN IN PERFORMANCE     !!!
20231110 025159.285 INFO             PET0 !!! FOR PRODUCTION RUNS, USE:                      !!!
20231110 025159.285 INFO             PET0 !!!                   ESMF_LOGKIND_Multi_On_Error  !!!
20231110 025159.285 INFO             PET0 !!!!!!!!!!!!!!!!!!!!!!!!!!!!!!!!!!!!!!!!!!!!!!!!!!!!!!
20231110 025159.285 INFO             PET0 Running with ESMF Version   : v8.6.0
20231110 025159.285 INFO             PET0 ESMF library build date/time: "Nov 10 2023" "02:22:39"
20231110 025159.285 INFO             PET0 ESMF library build location : /glade/derecho/scratch/theurich/ESMF-Nightly-Testing/intel_2023.0.0-oneAPI_mpi_g_v8.6.0/esmf
20231110 025159.285 INFO             PET0 ESMF_COMM                   : mpi
20231110 025159.286 INFO             PET0 ESMF_MOAB                   : enabled
20231110 025159.286 INFO             PET0 ESMF_LAPACK                 : enabled
20231110 025159.286 INFO             PET0 ESMF_NETCDF                 : enabled
20231110 025159.286 INFO             PET0 ESMF_PNETCDF                : disabled
20231110 025159.286 INFO             PET0 ESMF_PIO                    : enabled
20231110 025159.286 INFO             PET0 ESMF_YAMLCPP                : enabled
20231110 025159.356 DEBUG            PET0 about to destroy Grid: 0x8baab0
20231110 025159.365 DEBUG            PET0 about to destroy Grid: 0x8bc060
20231110 025159.391 INFO             PET0  NUMBER_OF_PROCESSORS           4
20231110 025159.391 INFO             PET0  PASS  Example ESMF_NUOPCAtmModelEx, ESMF_NUOPCAtmModelEx.F90, line 806
20231110 025159.391 INFO             PET0  Finalizing ESMF
20231110 025159.285 INFO             PET1 !!!!!!!!!!!!!!!!!!!!!!!!!!!!!!!!!!!!!!!!!!!!!!!!!!!!!!
20231110 025159.285 INFO             PET1 !!! THE ESMF_LOG IS SET TO OUTPUT ALL LOG MESSAGES !!!
20231110 025159.285 INFO             PET1 !!!     THIS MAY CAUSE SLOWDOWN IN PERFORMANCE     !!!
20231110 025159.285 INFO             PET1 !!! FOR PRODUCTION RUNS, USE:                      !!!
20231110 025159.285 INFO             PET1 !!!                   ESMF_LOGKIND_Multi_On_Error  !!!
20231110 025159.285 INFO             PET1 !!!!!!!!!!!!!!!!!!!!!!!!!!!!!!!!!!!!!!!!!!!!!!!!!!!!!!
20231110 025159.285 INFO             PET1 Running with ESMF Version   : v8.6.0
20231110 025159.285 INFO             PET1 ESMF library build date/time: "Nov 10 2023" "02:22:39"
20231110 025159.285 INFO             PET1 ESMF library build location : /glade/derecho/scratch/theurich/ESMF-Nightly-Testing/intel_2023.0.0-oneAPI_mpi_g_v8.6.0/esmf
20231110 025159.285 INFO             PET1 ESMF_COMM                   : mpi
20231110 025159.286 INFO             PET1 ESMF_MOAB                   : enabled
20231110 025159.286 INFO             PET1 ESMF_LAPACK                 : enabled
20231110 025159.286 INFO             PET1 ESMF_NETCDF                 : enabled
20231110 025159.286 INFO             PET1 ESMF_PNETCDF                : disabled
20231110 025159.286 INFO             PET1 ESMF_PIO                    : enabled
20231110 025159.286 INFO             PET1 ESMF_YAMLCPP                : enabled
20231110 025159.356 DEBUG            PET1 about to destroy Grid: 0x8b4350
20231110 025159.365 DEBUG            PET1 about to destroy Grid: 0x8b5030
20231110 025159.391 INFO             PET1  NUMBER_OF_PROCESSORS           4
20231110 025159.391 INFO             PET1  PASS  Example ESMF_NUOPCAtmModelEx, ESMF_NUOPCAtmModelEx.F90, line 806
20231110 025159.391 INFO             PET1  Finalizing ESMF
20231110 025159.285 INFO             PET2 !!!!!!!!!!!!!!!!!!!!!!!!!!!!!!!!!!!!!!!!!!!!!!!!!!!!!!
20231110 025159.285 INFO             PET2 !!! THE ESMF_LOG IS SET TO OUTPUT ALL LOG MESSAGES !!!
20231110 025159.285 INFO             PET2 !!!     THIS MAY CAUSE SLOWDOWN IN PERFORMANCE     !!!
20231110 025159.285 INFO             PET2 !!! FOR PRODUCTION RUNS, USE:                      !!!
20231110 025159.285 INFO             PET2 !!!                   ESMF_LOGKIND_Multi_On_Error  !!!
20231110 025159.285 INFO             PET2 !!!!!!!!!!!!!!!!!!!!!!!!!!!!!!!!!!!!!!!!!!!!!!!!!!!!!!
20231110 025159.285 INFO             PET2 Running with ESMF Version   : v8.6.0
20231110 025159.286 INFO             PET2 ESMF library build date/time: "Nov 10 2023" "02:22:39"
20231110 025159.286 INFO             PET2 ESMF library build location : /glade/derecho/scratch/theurich/ESMF-Nightly-Testing/intel_2023.0.0-oneAPI_mpi_g_v8.6.0/esmf
20231110 025159.286 INFO             PET2 ESMF_COMM                   : mpi
20231110 025159.286 INFO             PET2 ESMF_MOAB                   : enabled
20231110 025159.286 INFO             PET2 ESMF_LAPACK                 : enabled
20231110 025159.286 INFO             PET2 ESMF_NETCDF                 : enabled
20231110 025159.286 INFO             PET2 ESMF_PNETCDF                : disabled
20231110 025159.286 INFO             PET2 ESMF_PIO                    : enabled
20231110 025159.286 INFO             PET2 ESMF_YAMLCPP                : enabled
20231110 025159.356 DEBUG            PET2 about to destroy Grid: 0x8b4a20
20231110 025159.365 DEBUG            PET2 about to destroy Grid: 0x8b5700
20231110 025159.391 INFO             PET2  NUMBER_OF_PROCESSORS           4
20231110 025159.391 INFO             PET2  PASS  Example ESMF_NUOPCAtmModelEx, ESMF_NUOPCAtmModelEx.F90, line 806
20231110 025159.391 INFO             PET2  Finalizing ESMF
20231110 025159.286 INFO             PET3 !!!!!!!!!!!!!!!!!!!!!!!!!!!!!!!!!!!!!!!!!!!!!!!!!!!!!!
20231110 025159.286 INFO             PET3 !!! THE ESMF_LOG IS SET TO OUTPUT ALL LOG MESSAGES !!!
20231110 025159.286 INFO             PET3 !!!     THIS MAY CAUSE SLOWDOWN IN PERFORMANCE     !!!
20231110 025159.286 INFO             PET3 !!! FOR PRODUCTION RUNS, USE:                      !!!
20231110 025159.286 INFO             PET3 !!!                   ESMF_LOGKIND_Multi_On_Error  !!!
20231110 025159.286 INFO             PET3 !!!!!!!!!!!!!!!!!!!!!!!!!!!!!!!!!!!!!!!!!!!!!!!!!!!!!!
20231110 025159.286 INFO             PET3 Running with ESMF Version   : v8.6.0
20231110 025159.286 INFO             PET3 ESMF library build date/time: "Nov 10 2023" "02:22:39"
20231110 025159.286 INFO             PET3 ESMF library build location : /glade/derecho/scratch/theurich/ESMF-Nightly-Testing/intel_2023.0.0-oneAPI_mpi_g_v8.6.0/esmf
20231110 025159.286 INFO             PET3 ESMF_COMM                   : mpi
20231110 025159.286 INFO             PET3 ESMF_MOAB                   : enabled
20231110 025159.286 INFO             PET3 ESMF_LAPACK                 : enabled
20231110 025159.286 INFO             PET3 ESMF_NETCDF                 : enabled
20231110 025159.286 INFO             PET3 ESMF_PNETCDF                : disabled
20231110 025159.286 INFO             PET3 ESMF_PIO                    : enabled
20231110 025159.286 INFO             PET3 ESMF_YAMLCPP                : enabled
20231110 025159.356 DEBUG            PET3 about to destroy Grid: 0x8b4320
20231110 025159.365 DEBUG            PET3 about to destroy Grid: 0x8b5000
20231110 025159.391 INFO             PET3  NUMBER_OF_PROCESSORS           4
20231110 025159.391 INFO             PET3  PASS  Example ESMF_NUOPCAtmModelEx, ESMF_NUOPCAtmModelEx.F90, line 806
20231110 025159.391 INFO             PET3  Finalizing ESMF
