2023-11-10 07:37:25
20231110 080235.230 INFO             PET0 !!!!!!!!!!!!!!!!!!!!!!!!!!!!!!!!!!!!!!!!!!!!!!!!!!!!!!
20231110 080235.230 INFO             PET0 !!! THE ESMF_LOG IS SET TO OUTPUT ALL LOG MESSAGES !!!
20231110 080235.230 INFO             PET0 !!!     THIS MAY CAUSE SLOWDOWN IN PERFORMANCE     !!!
20231110 080235.230 INFO             PET0 !!! FOR PRODUCTION RUNS, USE:                      !!!
20231110 080235.230 INFO             PET0 !!!                   ESMF_LOGKIND_Multi_On_Error  !!!
20231110 080235.230 INFO             PET0 !!!!!!!!!!!!!!!!!!!!!!!!!!!!!!!!!!!!!!!!!!!!!!!!!!!!!!
20231110 080235.230 INFO             PET0 Running with ESMF Version   : v8.6.0
20231110 080235.230 INFO             PET0 ESMF library build date/time: "Nov 10 2023" "07:35:31"
20231110 080235.230 INFO             PET0 ESMF library build location : /scratch2/NCEPDEV/stmp1/Gerhard.Theurich/ESMF-Nightly-Testing/intel_18.0.5_mpiuni_O_v8.6.0/esmf
20231110 080235.230 INFO             PET0 ESMF_COMM                   : mpiuni
20231110 080235.231 INFO             PET0 ESMF_MOAB                   : enabled
20231110 080235.231 INFO             PET0 ESMF_LAPACK                 : enabled
20231110 080235.231 INFO             PET0 ESMF_NETCDF                 : enabled
20231110 080235.231 INFO             PET0 ESMF_PNETCDF                : disabled
20231110 080235.231 INFO             PET0 ESMF_PIO                    : disabled
20231110 080235.231 INFO             PET0 ESMF_YAMLCPP                : enabled
20231110 080235.234 INFO             PET0 ESMF_FieldRedistStoreNF(): Just entered routine.
20231110 080235.323 INFO             PET0 ESMF_FieldRedistStoreNF(): Leaving routine.
20231110 080235.335 INFO             PET0  NUMBER_OF_PROCESSORS           1
20231110 080235.336 INFO             PET0  PASS  Example ESMF_RHandleFromFileEx, ESMF_RHandleFromFileEx.F90, line 192
20231110 080235.336 INFO             PET0  Finalizing ESMF
