2023-11-12 07:39:11
20231112 080301.153 INFO             PET0 !!!!!!!!!!!!!!!!!!!!!!!!!!!!!!!!!!!!!!!!!!!!!!!!!!!!!!
20231112 080301.153 INFO             PET0 !!! THE ESMF_LOG IS SET TO OUTPUT ALL LOG MESSAGES !!!
20231112 080301.153 INFO             PET0 !!!     THIS MAY CAUSE SLOWDOWN IN PERFORMANCE     !!!
20231112 080301.153 INFO             PET0 !!! FOR PRODUCTION RUNS, USE:                      !!!
20231112 080301.153 INFO             PET0 !!!                   ESMF_LOGKIND_Multi_On_Error  !!!
20231112 080301.153 INFO             PET0 !!!!!!!!!!!!!!!!!!!!!!!!!!!!!!!!!!!!!!!!!!!!!!!!!!!!!!
20231112 080301.153 INFO             PET0 Running with ESMF Version   : v8.6.0
20231112 080301.153 INFO             PET0 ESMF library build date/time: "Nov 12 2023" "07:37:18"
20231112 080301.153 INFO             PET0 ESMF library build location : /scratch2/NCEPDEV/stmp1/Gerhard.Theurich/ESMF-Nightly-Testing/intel_18.0.5_mpiuni_O_v8.6.0/esmf
20231112 080301.153 INFO             PET0 ESMF_COMM                   : mpiuni
20231112 080301.154 INFO             PET0 ESMF_MOAB                   : enabled
20231112 080301.154 INFO             PET0 ESMF_LAPACK                 : enabled
20231112 080301.154 INFO             PET0 ESMF_NETCDF                 : enabled
20231112 080301.154 INFO             PET0 ESMF_PNETCDF                : disabled
20231112 080301.154 INFO             PET0 ESMF_PIO                    : disabled
20231112 080301.154 INFO             PET0 ESMF_YAMLCPP                : enabled
20231112 080301.156 INFO             PET0  NUMBER_OF_PROCESSORS           1
20231112 080301.156 INFO             PET0  PASS  Example ESMF_SCompEx, ESMF_SCompEx.F90, line 385
20231112 080301.156 INFO             PET0  Finalizing ESMF
