2023-11-04 07:36:11
20231104 081453.597 INFO             PET0 !!!!!!!!!!!!!!!!!!!!!!!!!!!!!!!!!!!!!!!!!!!!!!!!!!!!!!
20231104 081453.597 INFO             PET0 !!! THE ESMF_LOG IS SET TO OUTPUT ALL LOG MESSAGES !!!
20231104 081453.597 INFO             PET0 !!!     THIS MAY CAUSE SLOWDOWN IN PERFORMANCE     !!!
20231104 081453.597 INFO             PET0 !!! FOR PRODUCTION RUNS, USE:                      !!!
20231104 081453.597 INFO             PET0 !!!                   ESMF_LOGKIND_Multi_On_Error  !!!
20231104 081453.597 INFO             PET0 !!!!!!!!!!!!!!!!!!!!!!!!!!!!!!!!!!!!!!!!!!!!!!!!!!!!!!
20231104 081453.597 INFO             PET0 Running with ESMF Version   : v8.6.0b13-7-g01b978c4a0
20231104 081453.597 INFO             PET0 ESMF library build date/time: "Nov  4 2023" "07:33:54"
20231104 081453.597 INFO             PET0 ESMF library build location : /scratch2/NCEPDEV/stmp1/Gerhard.Theurich/ESMF-Nightly-Testing/gfortran_9.2.0_openmpi_g_release_8.6.0/esmf
20231104 081453.597 INFO             PET0 ESMF_COMM                   : openmpi
20231104 081453.598 INFO             PET0 ESMF_MOAB                   : enabled
20231104 081453.598 INFO             PET0 ESMF_LAPACK                 : enabled
20231104 081453.598 INFO             PET0 ESMF_NETCDF                 : disabled
20231104 081453.598 INFO             PET0 ESMF_PNETCDF                : disabled
20231104 081453.598 INFO             PET0 ESMF_PIO                    : disabled
20231104 081453.598 INFO             PET0 ESMF_YAMLCPP                : enabled
20231104 081453.598 INFO             PET0 mainApp STARTING
20231104 081453.603 INFO             PET0 driver: InitializeGeneric intro.
20231104 081453.603 INFO             PET0   driver: InitializeP0 intro.
20231104 081453.603 INFO             PET0   driver: InitializeP0 extro.
20231104 081453.603 INFO             PET0   driver: InitializeIPDv02p1 intro.
20231104 081453.603 INFO             PET0     >>>driver: entered Initialize (phase=<none>) without valid internal Clock.
20231104 081453.604 INFO             PET0     driver - Creating model component MODEL without petList.
20231104 081453.606 INFO             PET0      GridCompIsPetLocal:  T
20231104 081453.606 INFO             PET0      VmIsCreated:  T
20231104 081453.606 INFO             PET0      valid MPI_COMM with size=           4
20231104 081453.607 INFO             PET0     driver - Creating state: modelComp 1 Import State
20231104 081453.607 INFO             PET0     driver - Creating state: modelComp 1 Export State
20231104 081453.607 INFO             PET0     MODEL: InitializeP0 intro.
20231104 081453.608 INFO             PET0       >>>MODEL: entered Initialize (phase=<none>) without valid internal Clock.
20231104 081453.608 INFO             PET0       <<<MODEL: leaving Initialize (phase=<none>) without valid internal Clock.
20231104 081453.608 INFO             PET0     MODEL: InitializeP0 extro.
20231104 081453.610 INFO             PET0     driver: IInitAdvertise intro.
20231104 081453.610 INFO             PET0     driver: IInitAdvertise extro.
20231104 081453.610 INFO             PET0     MODEL: InitializeIPDvXp01 intro.
20231104 081453.610 INFO             PET0       >>>MODEL: entered Initialize (phase=IPDvXp01) without valid internal Clock.
20231104 081453.612 INFO             PET0       <<<MODEL: leaving Initialize (phase=IPDvXp01) without valid internal Clock.
20231104 081453.612 INFO             PET0     MODEL: InitializeIPDvXp01 extro.
20231104 081453.613 INFO             PET0     driver: IInitAdvertiseFinish intro.
20231104 081453.613 INFO             PET0     driver: IInitAdvertiseFinish extro.
20231104 081453.613 INFO             PET0     driver: IInitModifyCplLists intro.
20231104 081453.613 INFO             PET0     driver: IInitModifyCplLists extro.
20231104 081453.613 INFO             PET0     <<<driver: leaving Initialize (phase=<none>) with current time:    0  1  1  0  0  0   0
20231104 081453.613 INFO             PET0   driver: InitializeIPDv02p1 extro.
20231104 081453.613 INFO             PET0   driver: InitializeIPDv02p3 intro.
20231104 081453.613 INFO             PET0     >>>driver: entered Initialize (phase=<none>) with current time:    0  1  1  0  0  0   0
20231104 081453.613 INFO             PET0     driver: IInitCheck intro.
20231104 081453.613 INFO             PET0     driver: IInitCheck extro.
20231104 081453.614 INFO             PET0     MODEL: InitializeIPDvXp04 intro.
20231104 081453.614 INFO             PET0       >>>MODEL: entered Initialize (phase=IPDvXp04) without valid internal Clock.
20231104 081453.617 INFO             PET0       After Realize: - MemInfo: [/proc/meminfo - SSI]	MemTotal:       97470516 kB
20231104 081453.617 INFO             PET0       After Realize: - MemInfo: [/proc/meminfo - SSI]	MemFree:        89521428 kB
20231104 081453.617 INFO             PET0       After Realize: - MemInfo: [/proc/meminfo - SSI]	MemAvailable:   91799328 kB
20231104 081453.617 INFO             PET0       After Realize: - MemInfo: [/proc/meminfo - SSI]	Committed_AS:     921904 kB
20231104 081453.617 INFO             PET0       After Realize: - MemInfo: [/proc/meminfo - SSI]	CommittedPercent: 0.945829 %
20231104 081453.617 INFO             PET0       After Realize: - MemInfo: [/proc/self/status]	VmPeak:	  399304 kB
20231104 081453.617 INFO             PET0       After Realize: - MemInfo: [/proc/self/status]	VmSize:	  358116 kB
20231104 081453.617 INFO             PET0       After Realize: - MemInfo: [/proc/self/status]	VmLck:	       0 kB
20231104 081453.617 INFO             PET0       After Realize: - MemInfo: [/proc/self/status]	VmPin:	   68020 kB
20231104 081453.617 INFO             PET0       After Realize: - MemInfo: [/proc/self/status]	VmHWM:	  113504 kB
20231104 081453.617 INFO             PET0       After Realize: - MemInfo: [/proc/self/status]	VmRSS:	   74576 kB
20231104 081453.617 INFO             PET0       After Realize: - MemInfo: [/proc/self/status]	VmData:	  147124 kB
20231104 081453.617 INFO             PET0       After Realize: - MemInfo: [/proc/self/status]	VmStk:	     140 kB
20231104 081453.617 INFO             PET0       After Realize: - MemInfo: [/proc/self/status]	VmExe:	      24 kB
20231104 081453.617 INFO             PET0       After Realize: - MemInfo: [/proc/self/status]	VmLib:	   72064 kB
20231104 081453.617 INFO             PET0       After Realize: - MemInfo: [/proc/self/status]	VmPTE:	     456 kB
20231104 081453.617 INFO             PET0       After Realize: - MemInfo: [/proc/self/status]	VmSwap:	       0 kB
20231104 081453.617 INFO             PET0       After Realize: - MemInfo: [/proc/self/status]	VmRSSPercent: 0.0765113 %
20231104 081453.617 INFO             PET0       After Realize: - MemInfo: [malloc] Non-mmapped space allocated:                 4923392 Byte
20231104 081453.617 INFO             PET0       After Realize: - MemInfo: [malloc] Space allocated in mmapped regions:          5914624 Byte
20231104 081453.617 INFO             PET0       After Realize: - MemInfo: [malloc] Maximum total allocated space:                     0 Byte
20231104 081453.617 INFO             PET0       After Realize: - MemInfo: [malloc] Space in freed fastbin blocks:                  3392 Byte
20231104 081453.617 INFO             PET0       After Realize: - MemInfo: [malloc] Total allocated space:                       4549760 Byte
20231104 081453.617 INFO             PET0       After Realize: - MemInfo: [malloc] Total free space:                             373632 Byte
20231104 081453.617 INFO             PET0       After Realize: - MemInfo: [malloc] Top-most, releasable space:                   111696 Byte
20231104 081453.617 INFO             PET0       After Realize: - MemInfo: [malloc] Total space in use, mmap + non-mmap:        10464384 Byte
20231104 081453.617 INFO             PET0       After Realize: - MemInfo: [malloc] Total space held (mmap + non-mmap):         10838016 Byte
20231104 081453.617 INFO             PET0       After Realize: - MemInfo: [malloc] Total space used (mmap + non-mmap):         10473552 Byte
20231104 081453.617 INFO             PET0       After Realize: - MemInfo: Wall-clock time since execution start:              0.0272735 seconds
20231104 081453.617 INFO             PET0       <<<MODEL: leaving Initialize (phase=IPDvXp04) without valid internal Clock.
20231104 081453.617 INFO             PET0     MODEL: InitializeIPDvXp04 extro.
20231104 081453.618 INFO             PET0     driver: IInitRealize intro.
20231104 081453.618 INFO             PET0     driver: IInitRealize extro.
20231104 081453.618 INFO             PET0     MODEL: InitializeIPDvXp07 intro.
20231104 081453.618 INFO             PET0       >>>MODEL: entered Initialize (phase=IPDvXp07) without valid internal Clock.
20231104 081453.618 INFO             PET0       <<<MODEL: leaving Initialize (phase=IPDvXp07) with current time:    0  1  1  0  0  0   0
20231104 081453.618 INFO             PET0     MODEL: InitializeIPDvXp07 extro.
20231104 081453.618 INFO             PET0     <<<driver: leaving Initialize (phase=<none>) with current time:    0  1  1  0  0  0   0
20231104 081453.618 INFO             PET0   driver: InitializeIPDv02p3 extro.
20231104 081453.618 INFO             PET0   driver: InitializeIPDv02p5 intro.
20231104 081453.618 INFO             PET0     >>>driver: entered Initialize (phase=<none>) with current time:    0  1  1  0  0  0   0
20231104 081453.618 INFO             PET0     driver: this is a top level driver, no 'Updated' and 'InitializeDataComplete' info on this level.
20231104 081453.619 INFO             PET0     driver: InitializeIPDv02p5Data intro.
20231104 081453.619 INFO             PET0       driver: InternalInitializeComplete intro.
20231104 081453.619 INFO             PET0         driver: InitializeDataComplete='true'
20231104 081453.619 INFO             PET0       driver: InternalInitializeComplete extro.
20231104 081453.619 INFO             PET0       MODEL: InitializeIPDvXp08 intro.
20231104 081453.619 INFO             PET0         >>>MODEL: entered Initialize (phase=IPDv05p8) with current time:    0  1  1  0  0  0   0
20231104 081453.619 INFO             PET0         MODEL: InitializeDataProgress='false', InitializeDataComplete='false'
20231104 081453.619 INFO             PET0         <<<MODEL: leaving Initialize (phase=IPDv05p8) with current time:    0  1  1  0  0  0   0
20231104 081453.619 INFO             PET0       MODEL: InitializeIPDvXp08 extro.
20231104 081453.623 INFO             PET0       driver: components present that trigger loopDataDependentInitialize().
20231104 081453.623 INFO             PET0       driver: loopDataDependentInitialize intro.
20231104 081453.623 INFO             PET0         driver: component    0=driver, dataComplete (local): true
20231104 081453.623 INFO             PET0         driver: component    0=driver, dataComplete (global): T
20231104 081453.623 INFO             PET0         driver: component    1=MODEL, dataComplete (local): false
20231104 081453.623 INFO             PET0         driver: component    1=MODEL, dataComplete (global): F
20231104 081453.623 INFO             PET0         MODEL: InitializeIPDvXp08 intro.
20231104 081453.623 INFO             PET0           >>>MODEL: entered Initialize (phase=IPDv05p8) with current time:    0  1  1  0  0  0   0
20231104 081453.623 INFO             PET0           MODEL: InitializeDataProgress='true', InitializeDataComplete='true'
20231104 081453.623 INFO             PET0           <<<MODEL: leaving Initialize (phase=IPDv05p8) with current time:    0  1  1  0  0  0   0
20231104 081453.623 INFO             PET0         MODEL: InitializeIPDvXp08 extro.
20231104 081453.624 INFO             PET0         driver: component    1=MODEL, someProgress (local): true
20231104 081453.624 INFO             PET0         driver: component    1=MODEL, someProgress (global): T
20231104 081453.624 INFO             PET0         driver: someProgress=T, allComplete=F, present(dataDepAllComplete)=T
20231104 081453.624 INFO             PET0         driver: component    0=driver, dataComplete (local): true
20231104 081453.624 INFO             PET0         driver: component    0=driver, dataComplete (global): T
20231104 081453.624 INFO             PET0         driver: component    1=MODEL, dataComplete (local): true
20231104 081453.624 INFO             PET0         driver: component    1=MODEL, dataComplete (global): T
20231104 081453.624 INFO             PET0         driver: someProgress=F, allComplete=T, present(dataDepAllComplete)=T
20231104 081453.624 INFO             PET0         driver: finished resolving initialize data dependencies on this level.
20231104 081453.624 INFO             PET0       driver: loopDataDependentInitialize extro.
20231104 081453.624 INFO             PET0       driver: loopDataDependentInitialize() returned with dataDepAllComplete: T
20231104 081453.624 INFO             PET0     driver: InitializeIPDv02p5Data extro.
20231104 081453.624 INFO             PET0     <<<driver: leaving Initialize (phase=<none>) with current time:    0  1  1  0  0  0   0
20231104 081453.624 INFO             PET0   driver: InitializeIPDv02p5 extro.
20231104 081453.624 INFO             PET0 driver: InitializeGeneric extro.
20231104 081453.625 INFO             PET0 driver: Run intro.
20231104 081453.625 INFO             PET0   >>>driver entered Run (phase=RunPhase1) with current time:    0  1  1  0  0  0   0
20231104 081453.625 INFO             PET0   driver: after lable_SetRunClock, current time:    0  1  1  0  0  0   0
20231104 081453.625 INFO             PET0   driver: begin -------> RunSequence.
20231104 081453.625 INFO             PET0     driver: RunSequence event loopLevel=   1  levelMember=   1  loopIteration=   1, current time:    0  1  1  0  0  0   0
20231104 081453.625 INFO             PET0     MODEL: Run intro.
20231104 081453.625 INFO             PET0       >>>MODEL: entered Run (phase=RunPhase1) with current time:    0  1  1  0  0  0   0
20231104 081453.625 INFO             PET0       MODEL: time step-loop starting, current time:    0  1  1  0  0  0   0
20231104 081453.625 INFO             PET0       thread_num=   0   currentSsiPe=  40   num_threads=   3   max_threads=   3   num_procs=   2
20231104 081453.625 INFO             PET0       thread_num=   1   currentSsiPe=   0   num_threads=   3   max_threads=   3   num_procs=   2
20231104 081453.625 INFO             PET0       thread_num=   2   currentSsiPe=  40   num_threads=   3   max_threads=   3   num_procs=   2
20231104 081453.625 INFO             PET0       ---->Advancing Model from:    0  1  1  0  0  0   0
20231104 081453.625 INFO             PET0       ---------------------> to:    0  1  1  0  0 30   0
20231104 081453.625 INFO             PET0       MODEL: time step-loop ending,   current time:    0  1  1  0  0 30   0
20231104 081453.625 INFO             PET0       <<<MODEL: leaving Run (phase=RunPhase1) with current time:    0  1  1  0  0 30   0
20231104 081453.625 INFO             PET0     MODEL: Run extro.
20231104 081453.625 INFO             PET0     driver: RunSequence event loopLevel=   1  levelMember=   1  loopIteration=   2, current time:    0  1  1  0  0 30   0
20231104 081453.625 INFO             PET0     MODEL: Run intro.
20231104 081453.625 INFO             PET0       >>>MODEL: entered Run (phase=RunPhase1) with current time:    0  1  1  0  0 30   0
20231104 081453.625 INFO             PET0       MODEL: time step-loop starting, current time:    0  1  1  0  0 30   0
20231104 081453.625 INFO             PET0       thread_num=   2   currentSsiPe=  40   num_threads=   3   max_threads=   3   num_procs=   2
20231104 081453.626 INFO             PET0       thread_num=   0   currentSsiPe=   0   num_threads=   3   max_threads=   3   num_procs=   2
20231104 081453.626 INFO             PET0       thread_num=   1   currentSsiPe=  40   num_threads=   3   max_threads=   3   num_procs=   2
20231104 081453.626 INFO             PET0       ---->Advancing Model from:    0  1  1  0  0 30   0
20231104 081453.626 INFO             PET0       ---------------------> to:    0  1  1  0  1  0   0
20231104 081453.626 INFO             PET0       MODEL: time step-loop ending,   current time:    0  1  1  0  1  0   0
20231104 081453.626 INFO             PET0       <<<MODEL: leaving Run (phase=RunPhase1) with current time:    0  1  1  0  1  0   0
20231104 081453.626 INFO             PET0     MODEL: Run extro.
20231104 081453.626 INFO             PET0     driver: RunSequence event loopLevel=   1  levelMember=   1  loopIteration=   3, current time:    0  1  1  0  1  0   0
20231104 081453.626 INFO             PET0     MODEL: Run intro.
20231104 081453.626 INFO             PET0       >>>MODEL: entered Run (phase=RunPhase1) with current time:    0  1  1  0  1  0   0
20231104 081453.626 INFO             PET0       MODEL: time step-loop starting, current time:    0  1  1  0  1  0   0
20231104 081453.626 INFO             PET0       thread_num=   0   currentSsiPe=   0   num_threads=   3   max_threads=   3   num_procs=   2
20231104 081453.626 INFO             PET0       thread_num=   2   currentSsiPe=  40   num_threads=   3   max_threads=   3   num_procs=   2
20231104 081453.626 INFO             PET0       thread_num=   1   currentSsiPe=   0   num_threads=   3   max_threads=   3   num_procs=   2
20231104 081453.626 INFO             PET0       ---->Advancing Model from:    0  1  1  0  1  0   0
20231104 081453.626 INFO             PET0       ---------------------> to:    0  1  1  0  1 30   0
20231104 081453.626 INFO             PET0       MODEL: time step-loop ending,   current time:    0  1  1  0  1 30   0
20231104 081453.626 INFO             PET0       <<<MODEL: leaving Run (phase=RunPhase1) with current time:    0  1  1  0  1 30   0
20231104 081453.626 INFO             PET0     MODEL: Run extro.
20231104 081453.626 INFO             PET0     driver: RunSequence event loopLevel=   1  levelMember=   1  loopIteration=   4, current time:    0  1  1  0  1 30   0
20231104 081453.626 INFO             PET0     MODEL: Run intro.
20231104 081453.626 INFO             PET0       >>>MODEL: entered Run (phase=RunPhase1) with current time:    0  1  1  0  1 30   0
20231104 081453.626 INFO             PET0       MODEL: time step-loop starting, current time:    0  1  1  0  1 30   0
20231104 081453.626 INFO             PET0       thread_num=   2   currentSsiPe=  40   num_threads=   3   max_threads=   3   num_procs=   2
20231104 081453.626 INFO             PET0       thread_num=   1   currentSsiPe=   0   num_threads=   3   max_threads=   3   num_procs=   2
20231104 081453.626 INFO             PET0       thread_num=   0   currentSsiPe=  40   num_threads=   3   max_threads=   3   num_procs=   2
20231104 081453.626 INFO             PET0       ---->Advancing Model from:    0  1  1  0  1 30   0
20231104 081453.626 INFO             PET0       ---------------------> to:    0  1  1  0  2  0   0
20231104 081453.626 INFO             PET0       MODEL: time step-loop ending,   current time:    0  1  1  0  2  0   0
20231104 081453.626 INFO             PET0       <<<MODEL: leaving Run (phase=RunPhase1) with current time:    0  1  1  0  2  0   0
20231104 081453.626 INFO             PET0     MODEL: Run extro.
20231104 081453.626 INFO             PET0     driver: RunSequence event loopLevel=   1  levelMember=   1  loopIteration=   5, current time:    0  1  1  0  2  0   0
20231104 081453.627 INFO             PET0     MODEL: Run intro.
20231104 081453.627 INFO             PET0       >>>MODEL: entered Run (phase=RunPhase1) with current time:    0  1  1  0  2  0   0
20231104 081453.627 INFO             PET0       MODEL: time step-loop starting, current time:    0  1  1  0  2  0   0
20231104 081453.627 INFO             PET0       thread_num=   0   currentSsiPe=  40   num_threads=   3   max_threads=   3   num_procs=   2
20231104 081453.627 INFO             PET0       thread_num=   2   currentSsiPe=   0   num_threads=   3   max_threads=   3   num_procs=   2
20231104 081453.627 INFO             PET0       thread_num=   1   currentSsiPe=  40   num_threads=   3   max_threads=   3   num_procs=   2
20231104 081453.627 INFO             PET0       ---->Advancing Model from:    0  1  1  0  2  0   0
20231104 081453.627 INFO             PET0       ---------------------> to:    0  1  1  0  2 30   0
20231104 081453.627 INFO             PET0       MODEL: time step-loop ending,   current time:    0  1  1  0  2 30   0
20231104 081453.627 INFO             PET0       <<<MODEL: leaving Run (phase=RunPhase1) with current time:    0  1  1  0  2 30   0
20231104 081453.627 INFO             PET0     MODEL: Run extro.
20231104 081453.627 INFO             PET0   driver: end <--------- RunSequence
20231104 081453.627 INFO             PET0   <<<driver - leaving Run with current time:    0  1  1  0  2 30   0
20231104 081453.627 INFO             PET0 driver: Run extro.
20231104 081453.627 INFO             PET0 driver: Finalize intro.
20231104 081453.627 INFO             PET0   Calling Finalize phase 1 for modelComp: MODEL
20231104 081453.627 INFO             PET0   MODEL: Finalize intro.
20231104 081453.627 INFO             PET0     >>>MODEL: entered Finalize (phase=FinalizePhase1) with current time:    0  1  1  0  2 30   0
20231104 081453.627 INFO             PET0     <<<MODEL: leaving Finalize (phase=FinalizePhase1) with current time:    0  1  1  0  2 30   0
20231104 081453.627 INFO             PET0   MODEL: Finalize extro.
20231104 081453.627 INFO             PET0   Delete modelComp: MODEL
20231104 081453.627 INFO             PET0   Delete Import-/Export State for modelComp: MODEL
20231104 081453.627 INFO             PET0 driver: Finalize extro.
20231104 081453.627 INFO             PET0 mainApp FINISHED
20231104 081453.627 INFO             PET0  Finalizing ESMF
20231104 081453.598 INFO             PET1 !!!!!!!!!!!!!!!!!!!!!!!!!!!!!!!!!!!!!!!!!!!!!!!!!!!!!!
20231104 081453.598 INFO             PET1 !!! THE ESMF_LOG IS SET TO OUTPUT ALL LOG MESSAGES !!!
20231104 081453.598 INFO             PET1 !!!     THIS MAY CAUSE SLOWDOWN IN PERFORMANCE     !!!
20231104 081453.598 INFO             PET1 !!! FOR PRODUCTION RUNS, USE:                      !!!
20231104 081453.598 INFO             PET1 !!!                   ESMF_LOGKIND_Multi_On_Error  !!!
20231104 081453.598 INFO             PET1 !!!!!!!!!!!!!!!!!!!!!!!!!!!!!!!!!!!!!!!!!!!!!!!!!!!!!!
20231104 081453.598 INFO             PET1 Running with ESMF Version   : v8.6.0b13-7-g01b978c4a0
20231104 081453.598 INFO             PET1 ESMF library build date/time: "Nov  4 2023" "07:33:54"
20231104 081453.598 INFO             PET1 ESMF library build location : /scratch2/NCEPDEV/stmp1/Gerhard.Theurich/ESMF-Nightly-Testing/gfortran_9.2.0_openmpi_g_release_8.6.0/esmf
20231104 081453.598 INFO             PET1 ESMF_COMM                   : openmpi
20231104 081453.598 INFO             PET1 ESMF_MOAB                   : enabled
20231104 081453.598 INFO             PET1 ESMF_LAPACK                 : enabled
20231104 081453.598 INFO             PET1 ESMF_NETCDF                 : disabled
20231104 081453.598 INFO             PET1 ESMF_PNETCDF                : disabled
20231104 081453.598 INFO             PET1 ESMF_PIO                    : disabled
20231104 081453.598 INFO             PET1 ESMF_YAMLCPP                : enabled
20231104 081453.598 INFO             PET1 mainApp STARTING
20231104 081453.604 INFO             PET1 driver: InitializeGeneric intro.
20231104 081453.604 INFO             PET1   driver: InitializeP0 intro.
20231104 081453.604 INFO             PET1   driver: InitializeP0 extro.
20231104 081453.604 INFO             PET1   driver: InitializeIPDv02p1 intro.
20231104 081453.604 INFO             PET1     >>>driver: entered Initialize (phase=<none>) without valid internal Clock.
20231104 081453.604 INFO             PET1     driver - Creating model component MODEL without petList.
20231104 081453.607 INFO             PET1      GridCompIsPetLocal:  T
20231104 081453.607 INFO             PET1      VmIsCreated:  T
20231104 081453.607 INFO             PET1      valid MPI_COMM with size=           4
20231104 081453.607 INFO             PET1     driver - Creating state: modelComp 1 Import State
20231104 081453.607 INFO             PET1     driver - Creating state: modelComp 1 Export State
20231104 081453.608 INFO             PET1     MODEL: InitializeP0 intro.
20231104 081453.608 INFO             PET1       >>>MODEL: entered Initialize (phase=<none>) without valid internal Clock.
20231104 081453.610 INFO             PET1       <<<MODEL: leaving Initialize (phase=<none>) without valid internal Clock.
20231104 081453.610 INFO             PET1     MODEL: InitializeP0 extro.
20231104 081453.611 INFO             PET1     driver: IInitAdvertise intro.
20231104 081453.612 INFO             PET1     driver: IInitAdvertise extro.
20231104 081453.612 INFO             PET1     MODEL: InitializeIPDvXp01 intro.
20231104 081453.612 INFO             PET1       >>>MODEL: entered Initialize (phase=IPDvXp01) without valid internal Clock.
20231104 081453.614 INFO             PET1       <<<MODEL: leaving Initialize (phase=IPDvXp01) without valid internal Clock.
20231104 081453.614 INFO             PET1     MODEL: InitializeIPDvXp01 extro.
20231104 081453.614 INFO             PET1     driver: IInitAdvertiseFinish intro.
20231104 081453.614 INFO             PET1     driver: IInitAdvertiseFinish extro.
20231104 081453.615 INFO             PET1     driver: IInitModifyCplLists intro.
20231104 081453.615 INFO             PET1     driver: IInitModifyCplLists extro.
20231104 081453.615 INFO             PET1     <<<driver: leaving Initialize (phase=<none>) with current time:    0  1  1  0  0  0   0
20231104 081453.615 INFO             PET1   driver: InitializeIPDv02p1 extro.
20231104 081453.615 INFO             PET1   driver: InitializeIPDv02p3 intro.
20231104 081453.615 INFO             PET1     >>>driver: entered Initialize (phase=<none>) with current time:    0  1  1  0  0  0   0
20231104 081453.615 INFO             PET1     driver: IInitCheck intro.
20231104 081453.615 INFO             PET1     driver: IInitCheck extro.
20231104 081453.616 INFO             PET1     MODEL: InitializeIPDvXp04 intro.
20231104 081453.616 INFO             PET1       >>>MODEL: entered Initialize (phase=IPDvXp04) without valid internal Clock.
20231104 081453.619 INFO             PET1       After Realize: - MemInfo: [/proc/meminfo - SSI]	MemTotal:       97470516 kB
20231104 081453.619 INFO             PET1       After Realize: - MemInfo: [/proc/meminfo - SSI]	MemFree:        89521428 kB
20231104 081453.619 INFO             PET1       After Realize: - MemInfo: [/proc/meminfo - SSI]	MemAvailable:   91799328 kB
20231104 081453.619 INFO             PET1       After Realize: - MemInfo: [/proc/meminfo - SSI]	Committed_AS:     921904 kB
20231104 081453.619 INFO             PET1       After Realize: - MemInfo: [/proc/meminfo - SSI]	CommittedPercent: 0.945829 %
20231104 081453.619 INFO             PET1       After Realize: - MemInfo: [/proc/self/status]	VmPeak:	  411724 kB
20231104 081453.619 INFO             PET1       After Realize: - MemInfo: [/proc/self/status]	VmSize:	  358104 kB
20231104 081453.619 INFO             PET1       After Realize: - MemInfo: [/proc/self/status]	VmLck:	       0 kB
20231104 081453.619 INFO             PET1       After Realize: - MemInfo: [/proc/self/status]	VmPin:	   68020 kB
20231104 081453.619 INFO             PET1       After Realize: - MemInfo: [/proc/self/status]	VmHWM:	  115552 kB
20231104 081453.619 INFO             PET1       After Realize: - MemInfo: [/proc/self/status]	VmRSS:	   76608 kB
20231104 081453.619 INFO             PET1       After Realize: - MemInfo: [/proc/self/status]	VmData:	  147112 kB
20231104 081453.619 INFO             PET1       After Realize: - MemInfo: [/proc/self/status]	VmStk:	     140 kB
20231104 081453.619 INFO             PET1       After Realize: - MemInfo: [/proc/self/status]	VmExe:	      24 kB
20231104 081453.619 INFO             PET1       After Realize: - MemInfo: [/proc/self/status]	VmLib:	   72064 kB
20231104 081453.619 INFO             PET1       After Realize: - MemInfo: [/proc/self/status]	VmPTE:	     428 kB
20231104 081453.619 INFO             PET1       After Realize: - MemInfo: [/proc/self/status]	VmSwap:	       0 kB
20231104 081453.619 INFO             PET1       After Realize: - MemInfo: [/proc/self/status]	VmRSSPercent: 0.0785961 %
20231104 081453.619 INFO             PET1       After Realize: - MemInfo: [malloc] Non-mmapped space allocated:                 4911104 Byte
20231104 081453.619 INFO             PET1       After Realize: - MemInfo: [malloc] Space allocated in mmapped regions:          5914624 Byte
20231104 081453.619 INFO             PET1       After Realize: - MemInfo: [malloc] Maximum total allocated space:                     0 Byte
20231104 081453.619 INFO             PET1       After Realize: - MemInfo: [malloc] Space in freed fastbin blocks:                  3136 Byte
20231104 081453.619 INFO             PET1       After Realize: - MemInfo: [malloc] Total allocated space:                       4539264 Byte
20231104 081453.619 INFO             PET1       After Realize: - MemInfo: [malloc] Total free space:                             371840 Byte
20231104 081453.619 INFO             PET1       After Realize: - MemInfo: [malloc] Top-most, releasable space:                   109456 Byte
20231104 081453.619 INFO             PET1       After Realize: - MemInfo: [malloc] Total space in use, mmap + non-mmap:        10453888 Byte
20231104 081453.619 INFO             PET1       After Realize: - MemInfo: [malloc] Total space held (mmap + non-mmap):         10825728 Byte
20231104 081453.619 INFO             PET1       After Realize: - MemInfo: [malloc] Total space used (mmap + non-mmap):         10463056 Byte
20231104 081453.619 INFO             PET1       After Realize: - MemInfo: Wall-clock time since execution start:              0.0294485 seconds
20231104 081453.619 INFO             PET1       <<<MODEL: leaving Initialize (phase=IPDvXp04) without valid internal Clock.
20231104 081453.619 INFO             PET1     MODEL: InitializeIPDvXp04 extro.
20231104 081453.620 INFO             PET1     driver: IInitRealize intro.
20231104 081453.620 INFO             PET1     driver: IInitRealize extro.
20231104 081453.621 INFO             PET1     MODEL: InitializeIPDvXp07 intro.
20231104 081453.621 INFO             PET1       >>>MODEL: entered Initialize (phase=IPDvXp07) without valid internal Clock.
20231104 081453.621 INFO             PET1       <<<MODEL: leaving Initialize (phase=IPDvXp07) with current time:    0  1  1  0  0  0   0
20231104 081453.621 INFO             PET1     MODEL: InitializeIPDvXp07 extro.
20231104 081453.621 INFO             PET1     <<<driver: leaving Initialize (phase=<none>) with current time:    0  1  1  0  0  0   0
20231104 081453.621 INFO             PET1   driver: InitializeIPDv02p3 extro.
20231104 081453.621 INFO             PET1   driver: InitializeIPDv02p5 intro.
20231104 081453.621 INFO             PET1     >>>driver: entered Initialize (phase=<none>) with current time:    0  1  1  0  0  0   0
20231104 081453.621 INFO             PET1     driver: this is a top level driver, no 'Updated' and 'InitializeDataComplete' info on this level.
20231104 081453.621 INFO             PET1     driver: InitializeIPDv02p5Data intro.
20231104 081453.621 INFO             PET1       driver: InternalInitializeComplete intro.
20231104 081453.621 INFO             PET1         driver: InitializeDataComplete='true'
20231104 081453.621 INFO             PET1       driver: InternalInitializeComplete extro.
20231104 081453.621 INFO             PET1       MODEL: InitializeIPDvXp08 intro.
20231104 081453.622 INFO             PET1         >>>MODEL: entered Initialize (phase=IPDv05p8) with current time:    0  1  1  0  0  0   0
20231104 081453.622 INFO             PET1         MODEL: InitializeDataProgress='false', InitializeDataComplete='false'
20231104 081453.622 INFO             PET1         <<<MODEL: leaving Initialize (phase=IPDv05p8) with current time:    0  1  1  0  0  0   0
20231104 081453.622 INFO             PET1       MODEL: InitializeIPDvXp08 extro.
20231104 081453.623 INFO             PET1       driver: components present that trigger loopDataDependentInitialize().
20231104 081453.623 INFO             PET1       driver: loopDataDependentInitialize intro.
20231104 081453.623 INFO             PET1         driver: component    0=driver, dataComplete (local): true
20231104 081453.623 INFO             PET1         driver: component    0=driver, dataComplete (global): T
20231104 081453.623 INFO             PET1         driver: component    1=MODEL, dataComplete (local): false
20231104 081453.623 INFO             PET1         driver: component    1=MODEL, dataComplete (global): F
20231104 081453.623 INFO             PET1         MODEL: InitializeIPDvXp08 intro.
20231104 081453.623 INFO             PET1           >>>MODEL: entered Initialize (phase=IPDv05p8) with current time:    0  1  1  0  0  0   0
20231104 081453.623 INFO             PET1           MODEL: InitializeDataProgress='true', InitializeDataComplete='true'
20231104 081453.623 INFO             PET1           <<<MODEL: leaving Initialize (phase=IPDv05p8) with current time:    0  1  1  0  0  0   0
20231104 081453.623 INFO             PET1         MODEL: InitializeIPDvXp08 extro.
20231104 081453.624 INFO             PET1         driver: component    1=MODEL, someProgress (local): true
20231104 081453.624 INFO             PET1         driver: component    1=MODEL, someProgress (global): T
20231104 081453.624 INFO             PET1         driver: someProgress=T, allComplete=F, present(dataDepAllComplete)=T
20231104 081453.624 INFO             PET1         driver: component    0=driver, dataComplete (local): true
20231104 081453.624 INFO             PET1         driver: component    0=driver, dataComplete (global): T
20231104 081453.624 INFO             PET1         driver: component    1=MODEL, dataComplete (local): true
20231104 081453.624 INFO             PET1         driver: component    1=MODEL, dataComplete (global): T
20231104 081453.624 INFO             PET1         driver: someProgress=F, allComplete=T, present(dataDepAllComplete)=T
20231104 081453.624 INFO             PET1         driver: finished resolving initialize data dependencies on this level.
20231104 081453.624 INFO             PET1       driver: loopDataDependentInitialize extro.
20231104 081453.624 INFO             PET1       driver: loopDataDependentInitialize() returned with dataDepAllComplete: T
20231104 081453.624 INFO             PET1     driver: InitializeIPDv02p5Data extro.
20231104 081453.624 INFO             PET1     <<<driver: leaving Initialize (phase=<none>) with current time:    0  1  1  0  0  0   0
20231104 081453.624 INFO             PET1   driver: InitializeIPDv02p5 extro.
20231104 081453.624 INFO             PET1 driver: InitializeGeneric extro.
20231104 081453.625 INFO             PET1 driver: Run intro.
20231104 081453.625 INFO             PET1   >>>driver entered Run (phase=RunPhase1) with current time:    0  1  1  0  0  0   0
20231104 081453.625 INFO             PET1   driver: after lable_SetRunClock, current time:    0  1  1  0  0  0   0
20231104 081453.625 INFO             PET1   driver: begin -------> RunSequence.
20231104 081453.625 INFO             PET1     driver: RunSequence event loopLevel=   1  levelMember=   1  loopIteration=   1, current time:    0  1  1  0  0  0   0
20231104 081453.625 INFO             PET1     MODEL: Run intro.
20231104 081453.625 INFO             PET1       >>>MODEL: entered Run (phase=RunPhase1) with current time:    0  1  1  0  0  0   0
20231104 081453.625 INFO             PET1       MODEL: time step-loop starting, current time:    0  1  1  0  0  0   0
20231104 081453.625 INFO             PET1       thread_num=   0   currentSsiPe=  60   num_threads=   3   max_threads=   3   num_procs=   2
20231104 081453.625 INFO             PET1       thread_num=   1   currentSsiPe=  20   num_threads=   3   max_threads=   3   num_procs=   2
20231104 081453.625 INFO             PET1       thread_num=   2   currentSsiPe=  60   num_threads=   3   max_threads=   3   num_procs=   2
20231104 081453.625 INFO             PET1       ---->Advancing Model from:    0  1  1  0  0  0   0
20231104 081453.625 INFO             PET1       ---------------------> to:    0  1  1  0  0 30   0
20231104 081453.625 INFO             PET1       MODEL: time step-loop ending,   current time:    0  1  1  0  0 30   0
20231104 081453.625 INFO             PET1       <<<MODEL: leaving Run (phase=RunPhase1) with current time:    0  1  1  0  0 30   0
20231104 081453.625 INFO             PET1     MODEL: Run extro.
20231104 081453.625 INFO             PET1     driver: RunSequence event loopLevel=   1  levelMember=   1  loopIteration=   2, current time:    0  1  1  0  0 30   0
20231104 081453.625 INFO             PET1     MODEL: Run intro.
20231104 081453.626 INFO             PET1       >>>MODEL: entered Run (phase=RunPhase1) with current time:    0  1  1  0  0 30   0
20231104 081453.626 INFO             PET1       MODEL: time step-loop starting, current time:    0  1  1  0  0 30   0
20231104 081453.626 INFO             PET1       thread_num=   2   currentSsiPe=  60   num_threads=   3   max_threads=   3   num_procs=   2
20231104 081453.626 INFO             PET1       thread_num=   0   currentSsiPe=  20   num_threads=   3   max_threads=   3   num_procs=   2
20231104 081453.626 INFO             PET1       thread_num=   1   currentSsiPe=  60   num_threads=   3   max_threads=   3   num_procs=   2
20231104 081453.626 INFO             PET1       ---->Advancing Model from:    0  1  1  0  0 30   0
20231104 081453.626 INFO             PET1       ---------------------> to:    0  1  1  0  1  0   0
20231104 081453.626 INFO             PET1       MODEL: time step-loop ending,   current time:    0  1  1  0  1  0   0
20231104 081453.626 INFO             PET1       <<<MODEL: leaving Run (phase=RunPhase1) with current time:    0  1  1  0  1  0   0
20231104 081453.626 INFO             PET1     MODEL: Run extro.
20231104 081453.626 INFO             PET1     driver: RunSequence event loopLevel=   1  levelMember=   1  loopIteration=   3, current time:    0  1  1  0  1  0   0
20231104 081453.626 INFO             PET1     MODEL: Run intro.
20231104 081453.626 INFO             PET1       >>>MODEL: entered Run (phase=RunPhase1) with current time:    0  1  1  0  1  0   0
20231104 081453.626 INFO             PET1       MODEL: time step-loop starting, current time:    0  1  1  0  1  0   0
20231104 081453.626 INFO             PET1       thread_num=   1   currentSsiPe=  60   num_threads=   3   max_threads=   3   num_procs=   2
20231104 081453.626 INFO             PET1       thread_num=   2   currentSsiPe=  20   num_threads=   3   max_threads=   3   num_procs=   2
20231104 081453.626 INFO             PET1       thread_num=   0   currentSsiPe=  20   num_threads=   3   max_threads=   3   num_procs=   2
20231104 081453.626 INFO             PET1       ---->Advancing Model from:    0  1  1  0  1  0   0
20231104 081453.626 INFO             PET1       ---------------------> to:    0  1  1  0  1 30   0
20231104 081453.626 INFO             PET1       MODEL: time step-loop ending,   current time:    0  1  1  0  1 30   0
20231104 081453.626 INFO             PET1       <<<MODEL: leaving Run (phase=RunPhase1) with current time:    0  1  1  0  1 30   0
20231104 081453.626 INFO             PET1     MODEL: Run extro.
20231104 081453.626 INFO             PET1     driver: RunSequence event loopLevel=   1  levelMember=   1  loopIteration=   4, current time:    0  1  1  0  1 30   0
20231104 081453.626 INFO             PET1     MODEL: Run intro.
20231104 081453.626 INFO             PET1       >>>MODEL: entered Run (phase=RunPhase1) with current time:    0  1  1  0  1 30   0
20231104 081453.626 INFO             PET1       MODEL: time step-loop starting, current time:    0  1  1  0  1 30   0
20231104 081453.626 INFO             PET1       thread_num=   2   currentSsiPe=  20   num_threads=   3   max_threads=   3   num_procs=   2
20231104 081453.626 INFO             PET1       thread_num=   1   currentSsiPe=  60   num_threads=   3   max_threads=   3   num_procs=   2
20231104 081453.626 INFO             PET1       thread_num=   0   currentSsiPe=  20   num_threads=   3   max_threads=   3   num_procs=   2
20231104 081453.626 INFO             PET1       ---->Advancing Model from:    0  1  1  0  1 30   0
20231104 081453.626 INFO             PET1       ---------------------> to:    0  1  1  0  2  0   0
20231104 081453.627 INFO             PET1       MODEL: time step-loop ending,   current time:    0  1  1  0  2  0   0
20231104 081453.627 INFO             PET1       <<<MODEL: leaving Run (phase=RunPhase1) with current time:    0  1  1  0  2  0   0
20231104 081453.627 INFO             PET1     MODEL: Run extro.
20231104 081453.627 INFO             PET1     driver: RunSequence event loopLevel=   1  levelMember=   1  loopIteration=   5, current time:    0  1  1  0  2  0   0
20231104 081453.627 INFO             PET1     MODEL: Run intro.
20231104 081453.627 INFO             PET1       >>>MODEL: entered Run (phase=RunPhase1) with current time:    0  1  1  0  2  0   0
20231104 081453.627 INFO             PET1       MODEL: time step-loop starting, current time:    0  1  1  0  2  0   0
20231104 081453.627 INFO             PET1       thread_num=   0   currentSsiPe=  20   num_threads=   3   max_threads=   3   num_procs=   2
20231104 081453.627 INFO             PET1       thread_num=   2   currentSsiPe=  60   num_threads=   3   max_threads=   3   num_procs=   2
20231104 081453.627 INFO             PET1       thread_num=   1   currentSsiPe=  20   num_threads=   3   max_threads=   3   num_procs=   2
20231104 081453.627 INFO             PET1       ---->Advancing Model from:    0  1  1  0  2  0   0
20231104 081453.627 INFO             PET1       ---------------------> to:    0  1  1  0  2 30   0
20231104 081453.627 INFO             PET1       MODEL: time step-loop ending,   current time:    0  1  1  0  2 30   0
20231104 081453.627 INFO             PET1       <<<MODEL: leaving Run (phase=RunPhase1) with current time:    0  1  1  0  2 30   0
20231104 081453.627 INFO             PET1     MODEL: Run extro.
20231104 081453.627 INFO             PET1   driver: end <--------- RunSequence
20231104 081453.627 INFO             PET1   <<<driver - leaving Run with current time:    0  1  1  0  2 30   0
20231104 081453.627 INFO             PET1 driver: Run extro.
20231104 081453.627 INFO             PET1 driver: Finalize intro.
20231104 081453.627 INFO             PET1   Calling Finalize phase 1 for modelComp: MODEL
20231104 081453.627 INFO             PET1   MODEL: Finalize intro.
20231104 081453.627 INFO             PET1     >>>MODEL: entered Finalize (phase=FinalizePhase1) with current time:    0  1  1  0  2 30   0
20231104 081453.627 INFO             PET1     <<<MODEL: leaving Finalize (phase=FinalizePhase1) with current time:    0  1  1  0  2 30   0
20231104 081453.627 INFO             PET1   MODEL: Finalize extro.
20231104 081453.627 INFO             PET1   Delete modelComp: MODEL
20231104 081453.627 INFO             PET1   Delete Import-/Export State for modelComp: MODEL
20231104 081453.628 INFO             PET1 driver: Finalize extro.
20231104 081453.628 INFO             PET1 mainApp FINISHED
20231104 081453.628 INFO             PET1  Finalizing ESMF
20231104 081453.597 INFO             PET2 !!!!!!!!!!!!!!!!!!!!!!!!!!!!!!!!!!!!!!!!!!!!!!!!!!!!!!
20231104 081453.597 INFO             PET2 !!! THE ESMF_LOG IS SET TO OUTPUT ALL LOG MESSAGES !!!
20231104 081453.597 INFO             PET2 !!!     THIS MAY CAUSE SLOWDOWN IN PERFORMANCE     !!!
20231104 081453.597 INFO             PET2 !!! FOR PRODUCTION RUNS, USE:                      !!!
20231104 081453.597 INFO             PET2 !!!                   ESMF_LOGKIND_Multi_On_Error  !!!
20231104 081453.597 INFO             PET2 !!!!!!!!!!!!!!!!!!!!!!!!!!!!!!!!!!!!!!!!!!!!!!!!!!!!!!
20231104 081453.597 INFO             PET2 Running with ESMF Version   : v8.6.0b13-7-g01b978c4a0
20231104 081453.597 INFO             PET2 ESMF library build date/time: "Nov  4 2023" "07:33:54"
20231104 081453.597 INFO             PET2 ESMF library build location : /scratch2/NCEPDEV/stmp1/Gerhard.Theurich/ESMF-Nightly-Testing/gfortran_9.2.0_openmpi_g_release_8.6.0/esmf
20231104 081453.597 INFO             PET2 ESMF_COMM                   : openmpi
20231104 081453.598 INFO             PET2 ESMF_MOAB                   : enabled
20231104 081453.598 INFO             PET2 ESMF_LAPACK                 : enabled
20231104 081453.598 INFO             PET2 ESMF_NETCDF                 : disabled
20231104 081453.598 INFO             PET2 ESMF_PNETCDF                : disabled
20231104 081453.598 INFO             PET2 ESMF_PIO                    : disabled
20231104 081453.598 INFO             PET2 ESMF_YAMLCPP                : enabled
20231104 081453.598 INFO             PET2 mainApp STARTING
20231104 081453.603 INFO             PET2 driver: InitializeGeneric intro.
20231104 081453.603 INFO             PET2   driver: InitializeP0 intro.
20231104 081453.603 INFO             PET2   driver: InitializeP0 extro.
20231104 081453.603 INFO             PET2   driver: InitializeIPDv02p1 intro.
20231104 081453.603 INFO             PET2     >>>driver: entered Initialize (phase=<none>) without valid internal Clock.
20231104 081453.604 INFO             PET2     driver - Creating model component MODEL without petList.
20231104 081453.606 INFO             PET2      GridCompIsPetLocal:  T
20231104 081453.606 INFO             PET2      VmIsCreated:  T
20231104 081453.606 INFO             PET2      valid MPI_COMM with size=           4
20231104 081453.607 INFO             PET2     driver - Creating state: modelComp 1 Import State
20231104 081453.607 INFO             PET2     driver - Creating state: modelComp 1 Export State
20231104 081453.607 INFO             PET2     MODEL: InitializeP0 intro.
20231104 081453.608 INFO             PET2       >>>MODEL: entered Initialize (phase=<none>) without valid internal Clock.
20231104 081453.608 INFO             PET2       <<<MODEL: leaving Initialize (phase=<none>) without valid internal Clock.
20231104 081453.608 INFO             PET2     MODEL: InitializeP0 extro.
20231104 081453.610 INFO             PET2     driver: IInitAdvertise intro.
20231104 081453.610 INFO             PET2     driver: IInitAdvertise extro.
20231104 081453.611 INFO             PET2     MODEL: InitializeIPDvXp01 intro.
20231104 081453.611 INFO             PET2       >>>MODEL: entered Initialize (phase=IPDvXp01) without valid internal Clock.
20231104 081453.612 INFO             PET2       <<<MODEL: leaving Initialize (phase=IPDvXp01) without valid internal Clock.
20231104 081453.612 INFO             PET2     MODEL: InitializeIPDvXp01 extro.
20231104 081453.613 INFO             PET2     driver: IInitAdvertiseFinish intro.
20231104 081453.613 INFO             PET2     driver: IInitAdvertiseFinish extro.
20231104 081453.613 INFO             PET2     driver: IInitModifyCplLists intro.
20231104 081453.613 INFO             PET2     driver: IInitModifyCplLists extro.
20231104 081453.613 INFO             PET2     <<<driver: leaving Initialize (phase=<none>) with current time:    0  1  1  0  0  0   0
20231104 081453.613 INFO             PET2   driver: InitializeIPDv02p1 extro.
20231104 081453.613 INFO             PET2   driver: InitializeIPDv02p3 intro.
20231104 081453.613 INFO             PET2     >>>driver: entered Initialize (phase=<none>) with current time:    0  1  1  0  0  0   0
20231104 081453.613 INFO             PET2     driver: IInitCheck intro.
20231104 081453.613 INFO             PET2     driver: IInitCheck extro.
20231104 081453.614 INFO             PET2     MODEL: InitializeIPDvXp04 intro.
20231104 081453.614 INFO             PET2       >>>MODEL: entered Initialize (phase=IPDvXp04) without valid internal Clock.
20231104 081453.617 INFO             PET2       After Realize: - MemInfo: [/proc/meminfo - SSI]	MemTotal:       97470516 kB
20231104 081453.617 INFO             PET2       After Realize: - MemInfo: [/proc/meminfo - SSI]	MemFree:        89521428 kB
20231104 081453.617 INFO             PET2       After Realize: - MemInfo: [/proc/meminfo - SSI]	MemAvailable:   91799328 kB
20231104 081453.617 INFO             PET2       After Realize: - MemInfo: [/proc/meminfo - SSI]	Committed_AS:     921904 kB
20231104 081453.617 INFO             PET2       After Realize: - MemInfo: [/proc/meminfo - SSI]	CommittedPercent: 0.945829 %
20231104 081453.617 INFO             PET2       After Realize: - MemInfo: [/proc/self/status]	VmPeak:	  401352 kB
20231104 081453.617 INFO             PET2       After Realize: - MemInfo: [/proc/self/status]	VmSize:	  358104 kB
20231104 081453.617 INFO             PET2       After Realize: - MemInfo: [/proc/self/status]	VmLck:	       0 kB
20231104 081453.617 INFO             PET2       After Realize: - MemInfo: [/proc/self/status]	VmPin:	   68020 kB
20231104 081453.617 INFO             PET2       After Realize: - MemInfo: [/proc/self/status]	VmHWM:	  113508 kB
20231104 081453.617 INFO             PET2       After Realize: - MemInfo: [/proc/self/status]	VmRSS:	   74612 kB
20231104 081453.617 INFO             PET2       After Realize: - MemInfo: [/proc/self/status]	VmData:	  147112 kB
20231104 081453.617 INFO             PET2       After Realize: - MemInfo: [/proc/self/status]	VmStk:	     140 kB
20231104 081453.617 INFO             PET2       After Realize: - MemInfo: [/proc/self/status]	VmExe:	      24 kB
20231104 081453.617 INFO             PET2       After Realize: - MemInfo: [/proc/self/status]	VmLib:	   72064 kB
20231104 081453.617 INFO             PET2       After Realize: - MemInfo: [/proc/self/status]	VmPTE:	     444 kB
20231104 081453.617 INFO             PET2       After Realize: - MemInfo: [/proc/self/status]	VmSwap:	       0 kB
20231104 081453.617 INFO             PET2       After Realize: - MemInfo: [/proc/self/status]	VmRSSPercent: 0.0765483 %
20231104 081453.617 INFO             PET2       After Realize: - MemInfo: [malloc] Non-mmapped space allocated:                 4911104 Byte
20231104 081453.617 INFO             PET2       After Realize: - MemInfo: [malloc] Space allocated in mmapped regions:          5914624 Byte
20231104 081453.617 INFO             PET2       After Realize: - MemInfo: [malloc] Maximum total allocated space:                     0 Byte
20231104 081453.617 INFO             PET2       After Realize: - MemInfo: [malloc] Space in freed fastbin blocks:                  3520 Byte
20231104 081453.617 INFO             PET2       After Realize: - MemInfo: [malloc] Total allocated space:                       4536560 Byte
20231104 081453.617 INFO             PET2       After Realize: - MemInfo: [malloc] Total free space:                             374544 Byte
20231104 081453.617 INFO             PET2       After Realize: - MemInfo: [malloc] Top-most, releasable space:                   112784 Byte
20231104 081453.617 INFO             PET2       After Realize: - MemInfo: [malloc] Total space in use, mmap + non-mmap:        10451184 Byte
20231104 081453.617 INFO             PET2       After Realize: - MemInfo: [malloc] Total space held (mmap + non-mmap):         10825728 Byte
20231104 081453.617 INFO             PET2       After Realize: - MemInfo: [malloc] Total space used (mmap + non-mmap):         10460352 Byte
20231104 081453.617 INFO             PET2       After Realize: - MemInfo: Wall-clock time since execution start:              0.0271413 seconds
20231104 081453.617 INFO             PET2       <<<MODEL: leaving Initialize (phase=IPDvXp04) without valid internal Clock.
20231104 081453.617 INFO             PET2     MODEL: InitializeIPDvXp04 extro.
20231104 081453.618 INFO             PET2     driver: IInitRealize intro.
20231104 081453.618 INFO             PET2     driver: IInitRealize extro.
20231104 081453.618 INFO             PET2     MODEL: InitializeIPDvXp07 intro.
20231104 081453.618 INFO             PET2       >>>MODEL: entered Initialize (phase=IPDvXp07) without valid internal Clock.
20231104 081453.618 INFO             PET2       <<<MODEL: leaving Initialize (phase=IPDvXp07) with current time:    0  1  1  0  0  0   0
20231104 081453.618 INFO             PET2     MODEL: InitializeIPDvXp07 extro.
20231104 081453.618 INFO             PET2     <<<driver: leaving Initialize (phase=<none>) with current time:    0  1  1  0  0  0   0
20231104 081453.618 INFO             PET2   driver: InitializeIPDv02p3 extro.
20231104 081453.618 INFO             PET2   driver: InitializeIPDv02p5 intro.
20231104 081453.618 INFO             PET2     >>>driver: entered Initialize (phase=<none>) with current time:    0  1  1  0  0  0   0
20231104 081453.618 INFO             PET2     driver: this is a top level driver, no 'Updated' and 'InitializeDataComplete' info on this level.
20231104 081453.619 INFO             PET2     driver: InitializeIPDv02p5Data intro.
20231104 081453.619 INFO             PET2       driver: InternalInitializeComplete intro.
20231104 081453.619 INFO             PET2         driver: InitializeDataComplete='true'
20231104 081453.619 INFO             PET2       driver: InternalInitializeComplete extro.
20231104 081453.619 INFO             PET2       MODEL: InitializeIPDvXp08 intro.
20231104 081453.619 INFO             PET2         >>>MODEL: entered Initialize (phase=IPDv05p8) with current time:    0  1  1  0  0  0   0
20231104 081453.619 INFO             PET2         MODEL: InitializeDataProgress='false', InitializeDataComplete='false'
20231104 081453.619 INFO             PET2         <<<MODEL: leaving Initialize (phase=IPDv05p8) with current time:    0  1  1  0  0  0   0
20231104 081453.619 INFO             PET2       MODEL: InitializeIPDvXp08 extro.
20231104 081453.623 INFO             PET2       driver: components present that trigger loopDataDependentInitialize().
20231104 081453.623 INFO             PET2       driver: loopDataDependentInitialize intro.
20231104 081453.623 INFO             PET2         driver: component    0=driver, dataComplete (local): true
20231104 081453.623 INFO             PET2         driver: component    0=driver, dataComplete (global): T
20231104 081453.623 INFO             PET2         driver: component    1=MODEL, dataComplete (local): false
20231104 081453.623 INFO             PET2         driver: component    1=MODEL, dataComplete (global): F
20231104 081453.623 INFO             PET2         MODEL: InitializeIPDvXp08 intro.
20231104 081453.623 INFO             PET2           >>>MODEL: entered Initialize (phase=IPDv05p8) with current time:    0  1  1  0  0  0   0
20231104 081453.623 INFO             PET2           MODEL: InitializeDataProgress='true', InitializeDataComplete='true'
20231104 081453.623 INFO             PET2           <<<MODEL: leaving Initialize (phase=IPDv05p8) with current time:    0  1  1  0  0  0   0
20231104 081453.623 INFO             PET2         MODEL: InitializeIPDvXp08 extro.
20231104 081453.624 INFO             PET2         driver: component    1=MODEL, someProgress (local): true
20231104 081453.624 INFO             PET2         driver: component    1=MODEL, someProgress (global): T
20231104 081453.624 INFO             PET2         driver: someProgress=T, allComplete=F, present(dataDepAllComplete)=T
20231104 081453.624 INFO             PET2         driver: component    0=driver, dataComplete (local): true
20231104 081453.624 INFO             PET2         driver: component    0=driver, dataComplete (global): T
20231104 081453.624 INFO             PET2         driver: component    1=MODEL, dataComplete (local): true
20231104 081453.624 INFO             PET2         driver: component    1=MODEL, dataComplete (global): T
20231104 081453.624 INFO             PET2         driver: someProgress=F, allComplete=T, present(dataDepAllComplete)=T
20231104 081453.624 INFO             PET2         driver: finished resolving initialize data dependencies on this level.
20231104 081453.624 INFO             PET2       driver: loopDataDependentInitialize extro.
20231104 081453.624 INFO             PET2       driver: loopDataDependentInitialize() returned with dataDepAllComplete: T
20231104 081453.624 INFO             PET2     driver: InitializeIPDv02p5Data extro.
20231104 081453.624 INFO             PET2     <<<driver: leaving Initialize (phase=<none>) with current time:    0  1  1  0  0  0   0
20231104 081453.624 INFO             PET2   driver: InitializeIPDv02p5 extro.
20231104 081453.624 INFO             PET2 driver: InitializeGeneric extro.
20231104 081453.625 INFO             PET2 driver: Run intro.
20231104 081453.625 INFO             PET2   >>>driver entered Run (phase=RunPhase1) with current time:    0  1  1  0  0  0   0
20231104 081453.625 INFO             PET2   driver: after lable_SetRunClock, current time:    0  1  1  0  0  0   0
20231104 081453.625 INFO             PET2   driver: begin -------> RunSequence.
20231104 081453.625 INFO             PET2     driver: RunSequence event loopLevel=   1  levelMember=   1  loopIteration=   1, current time:    0  1  1  0  0  0   0
20231104 081453.625 INFO             PET2     MODEL: Run intro.
20231104 081453.625 INFO             PET2       >>>MODEL: entered Run (phase=RunPhase1) with current time:    0  1  1  0  0  0   0
20231104 081453.625 INFO             PET2       MODEL: time step-loop starting, current time:    0  1  1  0  0  0   0
20231104 081453.625 INFO             PET2       thread_num=   0   currentSsiPe=   1   num_threads=   3   max_threads=   3   num_procs=   2
20231104 081453.625 INFO             PET2       thread_num=   1   currentSsiPe=  41   num_threads=   3   max_threads=   3   num_procs=   2
20231104 081453.625 INFO             PET2       thread_num=   2   currentSsiPe=   1   num_threads=   3   max_threads=   3   num_procs=   2
20231104 081453.625 INFO             PET2       ---->Advancing Model from:    0  1  1  0  0  0   0
20231104 081453.625 INFO             PET2       ---------------------> to:    0  1  1  0  0 30   0
20231104 081453.625 INFO             PET2       MODEL: time step-loop ending,   current time:    0  1  1  0  0 30   0
20231104 081453.625 INFO             PET2       <<<MODEL: leaving Run (phase=RunPhase1) with current time:    0  1  1  0  0 30   0
20231104 081453.625 INFO             PET2     MODEL: Run extro.
20231104 081453.625 INFO             PET2     driver: RunSequence event loopLevel=   1  levelMember=   1  loopIteration=   2, current time:    0  1  1  0  0 30   0
20231104 081453.625 INFO             PET2     MODEL: Run intro.
20231104 081453.625 INFO             PET2       >>>MODEL: entered Run (phase=RunPhase1) with current time:    0  1  1  0  0 30   0
20231104 081453.625 INFO             PET2       MODEL: time step-loop starting, current time:    0  1  1  0  0 30   0
20231104 081453.626 INFO             PET2       thread_num=   2   currentSsiPe=   1   num_threads=   3   max_threads=   3   num_procs=   2
20231104 081453.626 INFO             PET2       thread_num=   0   currentSsiPe=  41   num_threads=   3   max_threads=   3   num_procs=   2
20231104 081453.626 INFO             PET2       thread_num=   1   currentSsiPe=   1   num_threads=   3   max_threads=   3   num_procs=   2
20231104 081453.626 INFO             PET2       ---->Advancing Model from:    0  1  1  0  0 30   0
20231104 081453.626 INFO             PET2       ---------------------> to:    0  1  1  0  1  0   0
20231104 081453.626 INFO             PET2       MODEL: time step-loop ending,   current time:    0  1  1  0  1  0   0
20231104 081453.626 INFO             PET2       <<<MODEL: leaving Run (phase=RunPhase1) with current time:    0  1  1  0  1  0   0
20231104 081453.626 INFO             PET2     MODEL: Run extro.
20231104 081453.626 INFO             PET2     driver: RunSequence event loopLevel=   1  levelMember=   1  loopIteration=   3, current time:    0  1  1  0  1  0   0
20231104 081453.626 INFO             PET2     MODEL: Run intro.
20231104 081453.626 INFO             PET2       >>>MODEL: entered Run (phase=RunPhase1) with current time:    0  1  1  0  1  0   0
20231104 081453.626 INFO             PET2       MODEL: time step-loop starting, current time:    0  1  1  0  1  0   0
20231104 081453.626 INFO             PET2       thread_num=   0   currentSsiPe=  41   num_threads=   3   max_threads=   3   num_procs=   2
20231104 081453.626 INFO             PET2       thread_num=   2   currentSsiPe=   1   num_threads=   3   max_threads=   3   num_procs=   2
20231104 081453.626 INFO             PET2       thread_num=   1   currentSsiPe=  41   num_threads=   3   max_threads=   3   num_procs=   2
20231104 081453.626 INFO             PET2       ---->Advancing Model from:    0  1  1  0  1  0   0
20231104 081453.626 INFO             PET2       ---------------------> to:    0  1  1  0  1 30   0
20231104 081453.626 INFO             PET2       MODEL: time step-loop ending,   current time:    0  1  1  0  1 30   0
20231104 081453.626 INFO             PET2       <<<MODEL: leaving Run (phase=RunPhase1) with current time:    0  1  1  0  1 30   0
20231104 081453.626 INFO             PET2     MODEL: Run extro.
20231104 081453.626 INFO             PET2     driver: RunSequence event loopLevel=   1  levelMember=   1  loopIteration=   4, current time:    0  1  1  0  1 30   0
20231104 081453.626 INFO             PET2     MODEL: Run intro.
20231104 081453.626 INFO             PET2       >>>MODEL: entered Run (phase=RunPhase1) with current time:    0  1  1  0  1 30   0
20231104 081453.626 INFO             PET2       MODEL: time step-loop starting, current time:    0  1  1  0  1 30   0
20231104 081453.626 INFO             PET2       thread_num=   2   currentSsiPe=   1   num_threads=   3   max_threads=   3   num_procs=   2
20231104 081453.626 INFO             PET2       thread_num=   1   currentSsiPe=  41   num_threads=   3   max_threads=   3   num_procs=   2
20231104 081453.626 INFO             PET2       thread_num=   0   currentSsiPe=   1   num_threads=   3   max_threads=   3   num_procs=   2
20231104 081453.626 INFO             PET2       ---->Advancing Model from:    0  1  1  0  1 30   0
20231104 081453.626 INFO             PET2       ---------------------> to:    0  1  1  0  2  0   0
20231104 081453.626 INFO             PET2       MODEL: time step-loop ending,   current time:    0  1  1  0  2  0   0
20231104 081453.626 INFO             PET2       <<<MODEL: leaving Run (phase=RunPhase1) with current time:    0  1  1  0  2  0   0
20231104 081453.626 INFO             PET2     MODEL: Run extro.
20231104 081453.626 INFO             PET2     driver: RunSequence event loopLevel=   1  levelMember=   1  loopIteration=   5, current time:    0  1  1  0  2  0   0
20231104 081453.626 INFO             PET2     MODEL: Run intro.
20231104 081453.627 INFO             PET2       >>>MODEL: entered Run (phase=RunPhase1) with current time:    0  1  1  0  2  0   0
20231104 081453.627 INFO             PET2       MODEL: time step-loop starting, current time:    0  1  1  0  2  0   0
20231104 081453.627 INFO             PET2       thread_num=   0   currentSsiPe=   1   num_threads=   3   max_threads=   3   num_procs=   2
20231104 081453.627 INFO             PET2       thread_num=   2   currentSsiPe=  41   num_threads=   3   max_threads=   3   num_procs=   2
20231104 081453.627 INFO             PET2       thread_num=   1   currentSsiPe=   1   num_threads=   3   max_threads=   3   num_procs=   2
20231104 081453.627 INFO             PET2       ---->Advancing Model from:    0  1  1  0  2  0   0
20231104 081453.627 INFO             PET2       ---------------------> to:    0  1  1  0  2 30   0
20231104 081453.627 INFO             PET2       MODEL: time step-loop ending,   current time:    0  1  1  0  2 30   0
20231104 081453.627 INFO             PET2       <<<MODEL: leaving Run (phase=RunPhase1) with current time:    0  1  1  0  2 30   0
20231104 081453.627 INFO             PET2     MODEL: Run extro.
20231104 081453.627 INFO             PET2   driver: end <--------- RunSequence
20231104 081453.627 INFO             PET2   <<<driver - leaving Run with current time:    0  1  1  0  2 30   0
20231104 081453.627 INFO             PET2 driver: Run extro.
20231104 081453.627 INFO             PET2 driver: Finalize intro.
20231104 081453.627 INFO             PET2   Calling Finalize phase 1 for modelComp: MODEL
20231104 081453.627 INFO             PET2   MODEL: Finalize intro.
20231104 081453.627 INFO             PET2     >>>MODEL: entered Finalize (phase=FinalizePhase1) with current time:    0  1  1  0  2 30   0
20231104 081453.627 INFO             PET2     <<<MODEL: leaving Finalize (phase=FinalizePhase1) with current time:    0  1  1  0  2 30   0
20231104 081453.627 INFO             PET2   MODEL: Finalize extro.
20231104 081453.627 INFO             PET2   Delete modelComp: MODEL
20231104 081453.627 INFO             PET2   Delete Import-/Export State for modelComp: MODEL
20231104 081453.627 INFO             PET2 driver: Finalize extro.
20231104 081453.627 INFO             PET2 mainApp FINISHED
20231104 081453.627 INFO             PET2  Finalizing ESMF
20231104 081453.597 INFO             PET3 !!!!!!!!!!!!!!!!!!!!!!!!!!!!!!!!!!!!!!!!!!!!!!!!!!!!!!
20231104 081453.597 INFO             PET3 !!! THE ESMF_LOG IS SET TO OUTPUT ALL LOG MESSAGES !!!
20231104 081453.597 INFO             PET3 !!!     THIS MAY CAUSE SLOWDOWN IN PERFORMANCE     !!!
20231104 081453.597 INFO             PET3 !!! FOR PRODUCTION RUNS, USE:                      !!!
20231104 081453.597 INFO             PET3 !!!                   ESMF_LOGKIND_Multi_On_Error  !!!
20231104 081453.597 INFO             PET3 !!!!!!!!!!!!!!!!!!!!!!!!!!!!!!!!!!!!!!!!!!!!!!!!!!!!!!
20231104 081453.597 INFO             PET3 Running with ESMF Version   : v8.6.0b13-7-g01b978c4a0
20231104 081453.597 INFO             PET3 ESMF library build date/time: "Nov  4 2023" "07:33:54"
20231104 081453.597 INFO             PET3 ESMF library build location : /scratch2/NCEPDEV/stmp1/Gerhard.Theurich/ESMF-Nightly-Testing/gfortran_9.2.0_openmpi_g_release_8.6.0/esmf
20231104 081453.597 INFO             PET3 ESMF_COMM                   : openmpi
20231104 081453.598 INFO             PET3 ESMF_MOAB                   : enabled
20231104 081453.598 INFO             PET3 ESMF_LAPACK                 : enabled
20231104 081453.598 INFO             PET3 ESMF_NETCDF                 : disabled
20231104 081453.598 INFO             PET3 ESMF_PNETCDF                : disabled
20231104 081453.598 INFO             PET3 ESMF_PIO                    : disabled
20231104 081453.598 INFO             PET3 ESMF_YAMLCPP                : enabled
20231104 081453.598 INFO             PET3 mainApp STARTING
20231104 081453.603 INFO             PET3 driver: InitializeGeneric intro.
20231104 081453.603 INFO             PET3   driver: InitializeP0 intro.
20231104 081453.603 INFO             PET3   driver: InitializeP0 extro.
20231104 081453.603 INFO             PET3   driver: InitializeIPDv02p1 intro.
20231104 081453.603 INFO             PET3     >>>driver: entered Initialize (phase=<none>) without valid internal Clock.
20231104 081453.604 INFO             PET3     driver - Creating model component MODEL without petList.
20231104 081453.606 INFO             PET3      GridCompIsPetLocal:  T
20231104 081453.606 INFO             PET3      VmIsCreated:  T
20231104 081453.606 INFO             PET3      valid MPI_COMM with size=           4
20231104 081453.607 INFO             PET3     driver - Creating state: modelComp 1 Import State
20231104 081453.607 INFO             PET3     driver - Creating state: modelComp 1 Export State
20231104 081453.607 INFO             PET3     MODEL: InitializeP0 intro.
20231104 081453.608 INFO             PET3       >>>MODEL: entered Initialize (phase=<none>) without valid internal Clock.
20231104 081453.609 INFO             PET3       <<<MODEL: leaving Initialize (phase=<none>) without valid internal Clock.
20231104 081453.609 INFO             PET3     MODEL: InitializeP0 extro.
20231104 081453.611 INFO             PET3     driver: IInitAdvertise intro.
20231104 081453.611 INFO             PET3     driver: IInitAdvertise extro.
20231104 081453.611 INFO             PET3     MODEL: InitializeIPDvXp01 intro.
20231104 081453.611 INFO             PET3       >>>MODEL: entered Initialize (phase=IPDvXp01) without valid internal Clock.
20231104 081453.613 INFO             PET3       <<<MODEL: leaving Initialize (phase=IPDvXp01) without valid internal Clock.
20231104 081453.613 INFO             PET3     MODEL: InitializeIPDvXp01 extro.
20231104 081453.614 INFO             PET3     driver: IInitAdvertiseFinish intro.
20231104 081453.614 INFO             PET3     driver: IInitAdvertiseFinish extro.
20231104 081453.615 INFO             PET3     driver: IInitModifyCplLists intro.
20231104 081453.615 INFO             PET3     driver: IInitModifyCplLists extro.
20231104 081453.615 INFO             PET3     <<<driver: leaving Initialize (phase=<none>) with current time:    0  1  1  0  0  0   0
20231104 081453.615 INFO             PET3   driver: InitializeIPDv02p1 extro.
20231104 081453.615 INFO             PET3   driver: InitializeIPDv02p3 intro.
20231104 081453.615 INFO             PET3     >>>driver: entered Initialize (phase=<none>) with current time:    0  1  1  0  0  0   0
20231104 081453.615 INFO             PET3     driver: IInitCheck intro.
20231104 081453.615 INFO             PET3     driver: IInitCheck extro.
20231104 081453.615 INFO             PET3     MODEL: InitializeIPDvXp04 intro.
20231104 081453.615 INFO             PET3       >>>MODEL: entered Initialize (phase=IPDvXp04) without valid internal Clock.
20231104 081453.618 INFO             PET3       After Realize: - MemInfo: [/proc/meminfo - SSI]	MemTotal:       97470516 kB
20231104 081453.618 INFO             PET3       After Realize: - MemInfo: [/proc/meminfo - SSI]	MemFree:        89521428 kB
20231104 081453.618 INFO             PET3       After Realize: - MemInfo: [/proc/meminfo - SSI]	MemAvailable:   91799328 kB
20231104 081453.618 INFO             PET3       After Realize: - MemInfo: [/proc/meminfo - SSI]	Committed_AS:     921904 kB
20231104 081453.618 INFO             PET3       After Realize: - MemInfo: [/proc/meminfo - SSI]	CommittedPercent: 0.945829 %
20231104 081453.618 INFO             PET3       After Realize: - MemInfo: [/proc/self/status]	VmPeak:	  411724 kB
20231104 081453.618 INFO             PET3       After Realize: - MemInfo: [/proc/self/status]	VmSize:	  358104 kB
20231104 081453.618 INFO             PET3       After Realize: - MemInfo: [/proc/self/status]	VmLck:	       0 kB
20231104 081453.618 INFO             PET3       After Realize: - MemInfo: [/proc/self/status]	VmPin:	   68020 kB
20231104 081453.618 INFO             PET3       After Realize: - MemInfo: [/proc/self/status]	VmHWM:	  113516 kB
20231104 081453.618 INFO             PET3       After Realize: - MemInfo: [/proc/self/status]	VmRSS:	   74564 kB
20231104 081453.618 INFO             PET3       After Realize: - MemInfo: [/proc/self/status]	VmData:	  147112 kB
20231104 081453.618 INFO             PET3       After Realize: - MemInfo: [/proc/self/status]	VmStk:	     140 kB
20231104 081453.618 INFO             PET3       After Realize: - MemInfo: [/proc/self/status]	VmExe:	      24 kB
20231104 081453.618 INFO             PET3       After Realize: - MemInfo: [/proc/self/status]	VmLib:	   72064 kB
20231104 081453.618 INFO             PET3       After Realize: - MemInfo: [/proc/self/status]	VmPTE:	     436 kB
20231104 081453.618 INFO             PET3       After Realize: - MemInfo: [/proc/self/status]	VmSwap:	       0 kB
20231104 081453.618 INFO             PET3       After Realize: - MemInfo: [/proc/self/status]	VmRSSPercent: 0.076499 %
20231104 081453.618 INFO             PET3       After Realize: - MemInfo: [malloc] Non-mmapped space allocated:                 4911104 Byte
20231104 081453.618 INFO             PET3       After Realize: - MemInfo: [malloc] Space allocated in mmapped regions:          5914624 Byte
20231104 081453.618 INFO             PET3       After Realize: - MemInfo: [malloc] Maximum total allocated space:                     0 Byte
20231104 081453.618 INFO             PET3       After Realize: - MemInfo: [malloc] Space in freed fastbin blocks:                  3168 Byte
20231104 081453.618 INFO             PET3       After Realize: - MemInfo: [malloc] Total allocated space:                       4537728 Byte
20231104 081453.618 INFO             PET3       After Realize: - MemInfo: [malloc] Total free space:                             373376 Byte
20231104 081453.618 INFO             PET3       After Realize: - MemInfo: [malloc] Top-most, releasable space:                   110992 Byte
20231104 081453.618 INFO             PET3       After Realize: - MemInfo: [malloc] Total space in use, mmap + non-mmap:        10452352 Byte
20231104 081453.619 INFO             PET3       After Realize: - MemInfo: [malloc] Total space held (mmap + non-mmap):         10825728 Byte
20231104 081453.619 INFO             PET3       After Realize: - MemInfo: [malloc] Total space used (mmap + non-mmap):         10461520 Byte
20231104 081453.619 INFO             PET3       After Realize: - MemInfo: Wall-clock time since execution start:              0.0287366 seconds
20231104 081453.619 INFO             PET3       <<<MODEL: leaving Initialize (phase=IPDvXp04) without valid internal Clock.
20231104 081453.619 INFO             PET3     MODEL: InitializeIPDvXp04 extro.
20231104 081453.620 INFO             PET3     driver: IInitRealize intro.
20231104 081453.620 INFO             PET3     driver: IInitRealize extro.
20231104 081453.620 INFO             PET3     MODEL: InitializeIPDvXp07 intro.
20231104 081453.620 INFO             PET3       >>>MODEL: entered Initialize (phase=IPDvXp07) without valid internal Clock.
20231104 081453.620 INFO             PET3       <<<MODEL: leaving Initialize (phase=IPDvXp07) with current time:    0  1  1  0  0  0   0
20231104 081453.621 INFO             PET3     MODEL: InitializeIPDvXp07 extro.
20231104 081453.621 INFO             PET3     <<<driver: leaving Initialize (phase=<none>) with current time:    0  1  1  0  0  0   0
20231104 081453.621 INFO             PET3   driver: InitializeIPDv02p3 extro.
20231104 081453.621 INFO             PET3   driver: InitializeIPDv02p5 intro.
20231104 081453.621 INFO             PET3     >>>driver: entered Initialize (phase=<none>) with current time:    0  1  1  0  0  0   0
20231104 081453.621 INFO             PET3     driver: this is a top level driver, no 'Updated' and 'InitializeDataComplete' info on this level.
20231104 081453.621 INFO             PET3     driver: InitializeIPDv02p5Data intro.
20231104 081453.621 INFO             PET3       driver: InternalInitializeComplete intro.
20231104 081453.621 INFO             PET3         driver: InitializeDataComplete='true'
20231104 081453.621 INFO             PET3       driver: InternalInitializeComplete extro.
20231104 081453.621 INFO             PET3       MODEL: InitializeIPDvXp08 intro.
20231104 081453.621 INFO             PET3         >>>MODEL: entered Initialize (phase=IPDv05p8) with current time:    0  1  1  0  0  0   0
20231104 081453.621 INFO             PET3         MODEL: InitializeDataProgress='false', InitializeDataComplete='false'
20231104 081453.621 INFO             PET3         <<<MODEL: leaving Initialize (phase=IPDv05p8) with current time:    0  1  1  0  0  0   0
20231104 081453.621 INFO             PET3       MODEL: InitializeIPDvXp08 extro.
20231104 081453.623 INFO             PET3       driver: components present that trigger loopDataDependentInitialize().
20231104 081453.623 INFO             PET3       driver: loopDataDependentInitialize intro.
20231104 081453.623 INFO             PET3         driver: component    0=driver, dataComplete (local): true
20231104 081453.623 INFO             PET3         driver: component    0=driver, dataComplete (global): T
20231104 081453.623 INFO             PET3         driver: component    1=MODEL, dataComplete (local): false
20231104 081453.623 INFO             PET3         driver: component    1=MODEL, dataComplete (global): F
20231104 081453.623 INFO             PET3         MODEL: InitializeIPDvXp08 intro.
20231104 081453.623 INFO             PET3           >>>MODEL: entered Initialize (phase=IPDv05p8) with current time:    0  1  1  0  0  0   0
20231104 081453.623 INFO             PET3           MODEL: InitializeDataProgress='true', InitializeDataComplete='true'
20231104 081453.623 INFO             PET3           <<<MODEL: leaving Initialize (phase=IPDv05p8) with current time:    0  1  1  0  0  0   0
20231104 081453.623 INFO             PET3         MODEL: InitializeIPDvXp08 extro.
20231104 081453.624 INFO             PET3         driver: component    1=MODEL, someProgress (local): true
20231104 081453.624 INFO             PET3         driver: component    1=MODEL, someProgress (global): T
20231104 081453.624 INFO             PET3         driver: someProgress=T, allComplete=F, present(dataDepAllComplete)=T
20231104 081453.624 INFO             PET3         driver: component    0=driver, dataComplete (local): true
20231104 081453.624 INFO             PET3         driver: component    0=driver, dataComplete (global): T
20231104 081453.624 INFO             PET3         driver: component    1=MODEL, dataComplete (local): true
20231104 081453.624 INFO             PET3         driver: component    1=MODEL, dataComplete (global): T
20231104 081453.624 INFO             PET3         driver: someProgress=F, allComplete=T, present(dataDepAllComplete)=T
20231104 081453.624 INFO             PET3         driver: finished resolving initialize data dependencies on this level.
20231104 081453.624 INFO             PET3       driver: loopDataDependentInitialize extro.
20231104 081453.624 INFO             PET3       driver: loopDataDependentInitialize() returned with dataDepAllComplete: T
20231104 081453.624 INFO             PET3     driver: InitializeIPDv02p5Data extro.
20231104 081453.624 INFO             PET3     <<<driver: leaving Initialize (phase=<none>) with current time:    0  1  1  0  0  0   0
20231104 081453.624 INFO             PET3   driver: InitializeIPDv02p5 extro.
20231104 081453.624 INFO             PET3 driver: InitializeGeneric extro.
20231104 081453.625 INFO             PET3 driver: Run intro.
20231104 081453.625 INFO             PET3   >>>driver entered Run (phase=RunPhase1) with current time:    0  1  1  0  0  0   0
20231104 081453.625 INFO             PET3   driver: after lable_SetRunClock, current time:    0  1  1  0  0  0   0
20231104 081453.625 INFO             PET3   driver: begin -------> RunSequence.
20231104 081453.625 INFO             PET3     driver: RunSequence event loopLevel=   1  levelMember=   1  loopIteration=   1, current time:    0  1  1  0  0  0   0
20231104 081453.625 INFO             PET3     MODEL: Run intro.
20231104 081453.625 INFO             PET3       >>>MODEL: entered Run (phase=RunPhase1) with current time:    0  1  1  0  0  0   0
20231104 081453.625 INFO             PET3       MODEL: time step-loop starting, current time:    0  1  1  0  0  0   0
20231104 081453.625 INFO             PET3       thread_num=   0   currentSsiPe=  21   num_threads=   3   max_threads=   3   num_procs=   2
20231104 081453.625 INFO             PET3       thread_num=   1   currentSsiPe=  61   num_threads=   3   max_threads=   3   num_procs=   2
20231104 081453.625 INFO             PET3       thread_num=   2   currentSsiPe=  21   num_threads=   3   max_threads=   3   num_procs=   2
20231104 081453.625 INFO             PET3       ---->Advancing Model from:    0  1  1  0  0  0   0
20231104 081453.625 INFO             PET3       ---------------------> to:    0  1  1  0  0 30   0
20231104 081453.625 INFO             PET3       MODEL: time step-loop ending,   current time:    0  1  1  0  0 30   0
20231104 081453.625 INFO             PET3       <<<MODEL: leaving Run (phase=RunPhase1) with current time:    0  1  1  0  0 30   0
20231104 081453.625 INFO             PET3     MODEL: Run extro.
20231104 081453.625 INFO             PET3     driver: RunSequence event loopLevel=   1  levelMember=   1  loopIteration=   2, current time:    0  1  1  0  0 30   0
20231104 081453.625 INFO             PET3     MODEL: Run intro.
20231104 081453.625 INFO             PET3       >>>MODEL: entered Run (phase=RunPhase1) with current time:    0  1  1  0  0 30   0
20231104 081453.625 INFO             PET3       MODEL: time step-loop starting, current time:    0  1  1  0  0 30   0
20231104 081453.626 INFO             PET3       thread_num=   2   currentSsiPe=  21   num_threads=   3   max_threads=   3   num_procs=   2
20231104 081453.626 INFO             PET3       thread_num=   0   currentSsiPe=  61   num_threads=   3   max_threads=   3   num_procs=   2
20231104 081453.626 INFO             PET3       thread_num=   1   currentSsiPe=  21   num_threads=   3   max_threads=   3   num_procs=   2
20231104 081453.626 INFO             PET3       ---->Advancing Model from:    0  1  1  0  0 30   0
20231104 081453.626 INFO             PET3       ---------------------> to:    0  1  1  0  1  0   0
20231104 081453.626 INFO             PET3       MODEL: time step-loop ending,   current time:    0  1  1  0  1  0   0
20231104 081453.626 INFO             PET3       <<<MODEL: leaving Run (phase=RunPhase1) with current time:    0  1  1  0  1  0   0
20231104 081453.626 INFO             PET3     MODEL: Run extro.
20231104 081453.626 INFO             PET3     driver: RunSequence event loopLevel=   1  levelMember=   1  loopIteration=   3, current time:    0  1  1  0  1  0   0
20231104 081453.626 INFO             PET3     MODEL: Run intro.
20231104 081453.626 INFO             PET3       >>>MODEL: entered Run (phase=RunPhase1) with current time:    0  1  1  0  1  0   0
20231104 081453.626 INFO             PET3       MODEL: time step-loop starting, current time:    0  1  1  0  1  0   0
20231104 081453.626 INFO             PET3       thread_num=   0   currentSsiPe=  61   num_threads=   3   max_threads=   3   num_procs=   2
20231104 081453.626 INFO             PET3       thread_num=   2   currentSsiPe=  21   num_threads=   3   max_threads=   3   num_procs=   2
20231104 081453.626 INFO             PET3       thread_num=   1   currentSsiPe=  61   num_threads=   3   max_threads=   3   num_procs=   2
20231104 081453.626 INFO             PET3       ---->Advancing Model from:    0  1  1  0  1  0   0
20231104 081453.626 INFO             PET3       ---------------------> to:    0  1  1  0  1 30   0
20231104 081453.626 INFO             PET3       MODEL: time step-loop ending,   current time:    0  1  1  0  1 30   0
20231104 081453.626 INFO             PET3       <<<MODEL: leaving Run (phase=RunPhase1) with current time:    0  1  1  0  1 30   0
20231104 081453.626 INFO             PET3     MODEL: Run extro.
20231104 081453.626 INFO             PET3     driver: RunSequence event loopLevel=   1  levelMember=   1  loopIteration=   4, current time:    0  1  1  0  1 30   0
20231104 081453.626 INFO             PET3     MODEL: Run intro.
20231104 081453.626 INFO             PET3       >>>MODEL: entered Run (phase=RunPhase1) with current time:    0  1  1  0  1 30   0
20231104 081453.626 INFO             PET3       MODEL: time step-loop starting, current time:    0  1  1  0  1 30   0
20231104 081453.626 INFO             PET3       thread_num=   2   currentSsiPe=  21   num_threads=   3   max_threads=   3   num_procs=   2
20231104 081453.626 INFO             PET3       thread_num=   1   currentSsiPe=  61   num_threads=   3   max_threads=   3   num_procs=   2
20231104 081453.626 INFO             PET3       thread_num=   0   currentSsiPe=  21   num_threads=   3   max_threads=   3   num_procs=   2
20231104 081453.626 INFO             PET3       ---->Advancing Model from:    0  1  1  0  1 30   0
20231104 081453.626 INFO             PET3       ---------------------> to:    0  1  1  0  2  0   0
20231104 081453.626 INFO             PET3       MODEL: time step-loop ending,   current time:    0  1  1  0  2  0   0
20231104 081453.626 INFO             PET3       <<<MODEL: leaving Run (phase=RunPhase1) with current time:    0  1  1  0  2  0   0
20231104 081453.626 INFO             PET3     MODEL: Run extro.
20231104 081453.626 INFO             PET3     driver: RunSequence event loopLevel=   1  levelMember=   1  loopIteration=   5, current time:    0  1  1  0  2  0   0
20231104 081453.626 INFO             PET3     MODEL: Run intro.
20231104 081453.627 INFO             PET3       >>>MODEL: entered Run (phase=RunPhase1) with current time:    0  1  1  0  2  0   0
20231104 081453.627 INFO             PET3       MODEL: time step-loop starting, current time:    0  1  1  0  2  0   0
20231104 081453.627 INFO             PET3       thread_num=   0   currentSsiPe=  21   num_threads=   3   max_threads=   3   num_procs=   2
20231104 081453.627 INFO             PET3       thread_num=   2   currentSsiPe=  61   num_threads=   3   max_threads=   3   num_procs=   2
20231104 081453.627 INFO             PET3       thread_num=   1   currentSsiPe=  21   num_threads=   3   max_threads=   3   num_procs=   2
20231104 081453.627 INFO             PET3       ---->Advancing Model from:    0  1  1  0  2  0   0
20231104 081453.627 INFO             PET3       ---------------------> to:    0  1  1  0  2 30   0
20231104 081453.627 INFO             PET3       MODEL: time step-loop ending,   current time:    0  1  1  0  2 30   0
20231104 081453.627 INFO             PET3       <<<MODEL: leaving Run (phase=RunPhase1) with current time:    0  1  1  0  2 30   0
20231104 081453.627 INFO             PET3     MODEL: Run extro.
20231104 081453.627 INFO             PET3   driver: end <--------- RunSequence
20231104 081453.627 INFO             PET3   <<<driver - leaving Run with current time:    0  1  1  0  2 30   0
20231104 081453.627 INFO             PET3 driver: Run extro.
20231104 081453.627 INFO             PET3 driver: Finalize intro.
20231104 081453.627 INFO             PET3   Calling Finalize phase 1 for modelComp: MODEL
20231104 081453.627 INFO             PET3   MODEL: Finalize intro.
20231104 081453.627 INFO             PET3     >>>MODEL: entered Finalize (phase=FinalizePhase1) with current time:    0  1  1  0  2 30   0
20231104 081453.627 INFO             PET3     <<<MODEL: leaving Finalize (phase=FinalizePhase1) with current time:    0  1  1  0  2 30   0
20231104 081453.627 INFO             PET3   MODEL: Finalize extro.
20231104 081453.627 INFO             PET3   Delete modelComp: MODEL
20231104 081453.627 INFO             PET3   Delete Import-/Export State for modelComp: MODEL
20231104 081453.627 INFO             PET3 driver: Finalize extro.
20231104 081453.627 INFO             PET3 mainApp FINISHED
20231104 081453.627 INFO             PET3  Finalizing ESMF
