2023-10-05 01:47:18
Operating system error: Operating system error: Operating system error: Cannot allocate memory
Memory allocation failed in xmallocarray

Error termination. Backtrace:
Cannot allocate memory
Memory allocation failed in xmallocarray

Error termination. Backtrace:
Cannot allocate memory
Memory allocation failed in xmallocarray

Error termination. Backtrace:
#0  0x2b9397713593 in ???
#1  0x2b9397715015 in ???
#2  0x2b93974e6cb3 in ???
#3  0x2b93974eb603 in ???
#4  0x407444 in ???
#5  0x407f2c in ???
#6  0x2b939ac84a34 in ???
#7  0x405138 in ???
	at ../sysdeps/x86_64/start.S:118
#8  0xffffffffffffffff in ???
--------------------------------------------------------------------------
Primary job  terminated normally, but 1 process returned
a non-zero exit code. Per user-direction, the job has been aborted.
--------------------------------------------------------------------------
#0  0x2b5c7820c593 in ???
#1  0x2b5c7820e015 in ???
#2  0x2b5c77fdfcb3 in ???
#3  0x2b5c77fe4603 in ???
#4  0x407444 in ???
#5  0x407f2c in ???
#6  0x2b5c7b77da34 in ???
#7  0x405138 in ???
	at ../sysdeps/x86_64/start.S:118
#8  0xffffffffffffffff in ???
#0  0x2ad0ce3b0593 in ???
#1  0x2ad0ce3b2015 in ???
#2  0x2ad0ce183cb3 in ???
#3  0x2ad0ce188603 in ???
#4  0x407444 in ???
#5  0x407f2c in ???
#6  0x2ad0d1921a34 in ???
#7  0x405138 in ???
	at ../sysdeps/x86_64/start.S:118
#8  0xffffffffffffffff in ???
--------------------------------------------------------------------------
mpirun detected that one or more processes exited with non-zero status, thus causing
the job to be terminated. The first process to do so was:

  Process name: [[54842,1],1]
  Exit code:    1
--------------------------------------------------------------------------
