2023-10-21 07:58:23
--------------------------------------------------------------------------
WARNING: No preset parameters were found for the device that Open MPI
detected:

  Local host:            h5c19
  Device name:           mlx5_0
  Device vendor ID:      0x02c9
  Device vendor part ID: 4123

Default device parameters will be used, which may result in lower
performance.  You can edit any of the files specified by the
btl_openib_device_param_files MCA parameter to set values for your
device.

NOTE: You can turn off this warning by setting the MCA parameter
      btl_openib_warn_no_device_params_found to 0.
--------------------------------------------------------------------------
--------------------------------------------------------------------------
WARNING: There was an error initializing an OpenFabrics device.

  Local host:   h5c19
  Local device: mlx5_0
--------------------------------------------------------------------------
[h5c19:15318] 3 more processes have sent help message help-mpi-btl-openib.txt / no device params found
[h5c19:15318] Set MCA parameter "orte_base_help_aggregate" to 0 to see all help / error messages
[h5c19:15318] 3 more processes have sent help message help-mpi-btl-openib.txt / error in device init
