2023-10-12 07:55:51
20231012 090143.707 INFO             PET0 !!!!!!!!!!!!!!!!!!!!!!!!!!!!!!!!!!!!!!!!!!!!!!!!!!!!!!
20231012 090143.707 INFO             PET0 !!! THE ESMF_LOG IS SET TO OUTPUT ALL LOG MESSAGES !!!
20231012 090143.707 INFO             PET0 !!!     THIS MAY CAUSE SLOWDOWN IN PERFORMANCE     !!!
20231012 090143.707 INFO             PET0 !!! FOR PRODUCTION RUNS, USE:                      !!!
20231012 090143.707 INFO             PET0 !!!                   ESMF_LOGKIND_Multi_On_Error  !!!
20231012 090143.707 INFO             PET0 !!!!!!!!!!!!!!!!!!!!!!!!!!!!!!!!!!!!!!!!!!!!!!!!!!!!!!
20231012 090143.707 INFO             PET0 Running with ESMF Version   : v8.6.0b08-5-gefca49259f
20231012 090143.707 INFO             PET0 ESMF library build date/time: "Oct 12 2023" "07:53:06"
20231012 090143.707 INFO             PET0 ESMF library build location : /scratch2/NCEPDEV/stmp1/Gerhard.Theurich/ESMF-Nightly-Testing/nvhpc_23.3_openmpi_O_develop/esmf
20231012 090143.707 INFO             PET0 ESMF_COMM                   : openmpi
20231012 090143.707 INFO             PET0 ESMF_MOAB                   : enabled
20231012 090143.707 INFO             PET0 ESMF_LAPACK                 : enabled
20231012 090143.707 INFO             PET0 ESMF_NETCDF                 : disabled
20231012 090143.707 INFO             PET0 ESMF_PNETCDF                : disabled
20231012 090143.707 INFO             PET0 ESMF_PIO                    : disabled
20231012 090143.707 INFO             PET0 ESMF_YAMLCPP                : enabled
20231012 090143.709 INFO             PET0 mainApp STARTING
20231012 090143.711 INFO             PET0 driver: InitializeGeneric intro.
20231012 090143.711 INFO             PET0   driver: InitializeP0 intro.
20231012 090143.711 INFO             PET0   driver: InitializeP0 extro.
20231012 090143.711 INFO             PET0   driver: InitializeIPDv02p1 intro.
20231012 090143.711 INFO             PET0     >>>driver: entered Initialize (phase=<none>) without valid internal Clock.
20231012 090143.712 INFO             PET0     driver - Creating model component MODEL without petList.
20231012 090143.714 INFO             PET0      GridCompIsPetLocal:   T
20231012 090143.714 INFO             PET0      VmIsCreated:   T
20231012 090143.714 INFO             PET0      valid MPI_COMM with size=            4
20231012 090143.714 INFO             PET0     driver - Creating state: modelComp 1 Import State
20231012 090143.714 INFO             PET0     driver - Creating state: modelComp 1 Export State
20231012 090143.714 INFO             PET0     MODEL: InitializeP0 intro.
20231012 090143.715 INFO             PET0       >>>MODEL: entered Initialize (phase=<none>) without valid internal Clock.
20231012 090143.715 INFO             PET0       <<<MODEL: leaving Initialize (phase=<none>) without valid internal Clock.
20231012 090143.715 INFO             PET0     MODEL: InitializeP0 extro.
20231012 090143.716 INFO             PET0     driver: IInitAdvertise intro.
20231012 090143.716 INFO             PET0     driver: IInitAdvertise extro.
20231012 090143.716 INFO             PET0     MODEL: InitializeIPDvXp01 intro.
20231012 090143.716 INFO             PET0       >>>MODEL: entered Initialize (phase=IPDvXp01) without valid internal Clock.
20231012 090143.717 INFO             PET0       <<<MODEL: leaving Initialize (phase=IPDvXp01) without valid internal Clock.
20231012 090143.717 INFO             PET0     MODEL: InitializeIPDvXp01 extro.
20231012 090143.717 INFO             PET0     driver: IInitAdvertiseFinish intro.
20231012 090143.717 INFO             PET0     driver: IInitAdvertiseFinish extro.
20231012 090143.717 INFO             PET0     driver: IInitModifyCplLists intro.
20231012 090143.717 INFO             PET0     driver: IInitModifyCplLists extro.
20231012 090143.717 INFO             PET0     <<<driver: leaving Initialize (phase=<none>) with current time:    0  1  1  0  0  0   0
20231012 090143.717 INFO             PET0   driver: InitializeIPDv02p1 extro.
20231012 090143.717 INFO             PET0   driver: InitializeIPDv02p3 intro.
20231012 090143.717 INFO             PET0     >>>driver: entered Initialize (phase=<none>) with current time:    0  1  1  0  0  0   0
20231012 090143.718 INFO             PET0     driver: IInitCheck intro.
20231012 090143.718 INFO             PET0     driver: IInitCheck extro.
20231012 090143.718 INFO             PET0     MODEL: InitializeIPDvXp04 intro.
20231012 090143.718 INFO             PET0       >>>MODEL: entered Initialize (phase=IPDvXp04) without valid internal Clock.
20231012 090143.720 INFO             PET0       After Realize: - MemInfo: [/proc/meminfo - SSI]	MemTotal:       97470520 kB
20231012 090143.720 INFO             PET0       After Realize: - MemInfo: [/proc/meminfo - SSI]	MemFree:        88009496 kB
20231012 090143.720 INFO             PET0       After Realize: - MemInfo: [/proc/meminfo - SSI]	MemAvailable:   90347240 kB
20231012 090143.720 INFO             PET0       After Realize: - MemInfo: [/proc/meminfo - SSI]	Committed_AS:     993232 kB
20231012 090143.720 INFO             PET0       After Realize: - MemInfo: [/proc/meminfo - SSI]	CommittedPercent: 1.01901 %
20231012 090143.720 INFO             PET0       After Realize: - MemInfo: [/proc/self/status]	VmPeak:	  468620 kB
20231012 090143.720 INFO             PET0       After Realize: - MemInfo: [/proc/self/status]	VmSize:	  460208 kB
20231012 090143.720 INFO             PET0       After Realize: - MemInfo: [/proc/self/status]	VmLck:	       0 kB
20231012 090143.720 INFO             PET0       After Realize: - MemInfo: [/proc/self/status]	VmPin:	   13592 kB
20231012 090143.720 INFO             PET0       After Realize: - MemInfo: [/proc/self/status]	VmHWM:	   37548 kB
20231012 090143.720 INFO             PET0       After Realize: - MemInfo: [/proc/self/status]	VmRSS:	   37548 kB
20231012 090143.720 INFO             PET0       After Realize: - MemInfo: [/proc/self/status]	VmData:	  160732 kB
20231012 090143.720 INFO             PET0       After Realize: - MemInfo: [/proc/self/status]	VmStk:	     192 kB
20231012 090143.720 INFO             PET0       After Realize: - MemInfo: [/proc/self/status]	VmExe:	      24 kB
20231012 090143.720 INFO             PET0       After Realize: - MemInfo: [/proc/self/status]	VmLib:	   56520 kB
20231012 090143.720 INFO             PET0       After Realize: - MemInfo: [/proc/self/status]	VmPTE:	     360 kB
20231012 090143.720 INFO             PET0       After Realize: - MemInfo: [/proc/self/status]	VmSwap:	       0 kB
20231012 090143.720 INFO             PET0       After Realize: - MemInfo: [/proc/self/status]	VmRSSPercent: 0.0385224 %
20231012 090143.720 INFO             PET0       After Realize: - MemInfo: [malloc] Non-mmapped space allocated:                 2670592 Byte
20231012 090143.720 INFO             PET0       After Realize: - MemInfo: [malloc] Space allocated in mmapped regions:          7639040 Byte
20231012 090143.720 INFO             PET0       After Realize: - MemInfo: [malloc] Maximum total allocated space:                     0 Byte
20231012 090143.720 INFO             PET0       After Realize: - MemInfo: [malloc] Space in freed fastbin blocks:                   848 Byte
20231012 090143.720 INFO             PET0       After Realize: - MemInfo: [malloc] Total allocated space:                       2418640 Byte
20231012 090143.720 INFO             PET0       After Realize: - MemInfo: [malloc] Total free space:                             251952 Byte
20231012 090143.720 INFO             PET0       After Realize: - MemInfo: [malloc] Top-most, releasable space:                    55504 Byte
20231012 090143.720 INFO             PET0       After Realize: - MemInfo: [malloc] Total space in use, mmap + non-mmap:        10057680 Byte
20231012 090143.720 INFO             PET0       After Realize: - MemInfo: [malloc] Total space held (mmap + non-mmap):         10309632 Byte
20231012 090143.720 INFO             PET0       After Realize: - MemInfo: [malloc] Total space used (mmap + non-mmap):         10066816 Byte
20231012 090143.720 INFO             PET0       After Realize: - MemInfo: Wall-clock time since execution start:              0.0209649 seconds
20231012 090143.720 INFO             PET0       <<<MODEL: leaving Initialize (phase=IPDvXp04) without valid internal Clock.
20231012 090143.720 INFO             PET0     MODEL: InitializeIPDvXp04 extro.
20231012 090143.721 INFO             PET0     driver: IInitRealize intro.
20231012 090143.721 INFO             PET0     driver: IInitRealize extro.
20231012 090143.721 INFO             PET0     MODEL: InitializeIPDvXp07 intro.
20231012 090143.721 INFO             PET0       >>>MODEL: entered Initialize (phase=IPDvXp07) without valid internal Clock.
20231012 090143.721 INFO             PET0       <<<MODEL: leaving Initialize (phase=IPDvXp07) with current time:    0  1  1  0  0  0   0
20231012 090143.721 INFO             PET0     MODEL: InitializeIPDvXp07 extro.
20231012 090143.721 INFO             PET0     <<<driver: leaving Initialize (phase=<none>) with current time:    0  1  1  0  0  0   0
20231012 090143.721 INFO             PET0   driver: InitializeIPDv02p3 extro.
20231012 090143.721 INFO             PET0   driver: InitializeIPDv02p5 intro.
20231012 090143.721 INFO             PET0     >>>driver: entered Initialize (phase=<none>) with current time:    0  1  1  0  0  0   0
20231012 090143.721 INFO             PET0     driver: this is a top level driver, no 'Updated' and 'InitializeDataComplete' info on this level.
20231012 090143.721 INFO             PET0     driver: InitializeIPDv02p5Data intro.
20231012 090143.721 INFO             PET0       driver: InternalInitializeComplete intro.
20231012 090143.721 INFO             PET0         driver: InitializeDataComplete='true'
20231012 090143.721 INFO             PET0       driver: InternalInitializeComplete extro.
20231012 090143.721 INFO             PET0       MODEL: InitializeIPDvXp08 intro.
20231012 090143.721 INFO             PET0         >>>MODEL: entered Initialize (phase=IPDv05p8) with current time:    0  1  1  0  0  0   0
20231012 090143.722 INFO             PET0         MODEL: InitializeDataProgress='false', InitializeDataComplete='false'
20231012 090143.722 INFO             PET0         <<<MODEL: leaving Initialize (phase=IPDv05p8) with current time:    0  1  1  0  0  0   0
20231012 090143.722 INFO             PET0       MODEL: InitializeIPDvXp08 extro.
20231012 090143.728 INFO             PET0       driver: components present that trigger loopDataDependentInitialize().
20231012 090143.728 INFO             PET0       driver: loopDataDependentInitialize intro.
20231012 090143.728 INFO             PET0         driver: component    0=driver, dataComplete (local): true
20231012 090143.728 INFO             PET0         driver: component    0=driver, dataComplete (global):  T
20231012 090143.728 INFO             PET0         driver: component    1=MODEL, dataComplete (local): false
20231012 090143.728 INFO             PET0         driver: component    1=MODEL, dataComplete (global):  F
20231012 090143.728 INFO             PET0         MODEL: InitializeIPDvXp08 intro.
20231012 090143.728 INFO             PET0           >>>MODEL: entered Initialize (phase=IPDv05p8) with current time:    0  1  1  0  0  0   0
20231012 090143.728 INFO             PET0           MODEL: InitializeDataProgress='true', InitializeDataComplete='true'
20231012 090143.728 INFO             PET0           <<<MODEL: leaving Initialize (phase=IPDv05p8) with current time:    0  1  1  0  0  0   0
20231012 090143.728 INFO             PET0         MODEL: InitializeIPDvXp08 extro.
20231012 090143.729 INFO             PET0         driver: component    1=MODEL, someProgress (local): true
20231012 090143.729 INFO             PET0         driver: component    1=MODEL, someProgress (global):  T
20231012 090143.729 INFO             PET0         driver: someProgress= T, allComplete= F, present(dataDepAllComplete)= T
20231012 090143.729 INFO             PET0         driver: component    0=driver, dataComplete (local): true
20231012 090143.729 INFO             PET0         driver: component    0=driver, dataComplete (global):  T
20231012 090143.729 INFO             PET0         driver: component    1=MODEL, dataComplete (local): true
20231012 090143.729 INFO             PET0         driver: component    1=MODEL, dataComplete (global):  T
20231012 090143.729 INFO             PET0         driver: someProgress= F, allComplete= T, present(dataDepAllComplete)= T
20231012 090143.729 INFO             PET0         driver: finished resolving initialize data dependencies on this level.
20231012 090143.729 INFO             PET0       driver: loopDataDependentInitialize extro.
20231012 090143.729 INFO             PET0       driver: loopDataDependentInitialize() returned with dataDepAllComplete:  T
20231012 090143.729 INFO             PET0     driver: InitializeIPDv02p5Data extro.
20231012 090143.729 INFO             PET0     <<<driver: leaving Initialize (phase=<none>) with current time:    0  1  1  0  0  0   0
20231012 090143.729 INFO             PET0   driver: InitializeIPDv02p5 extro.
20231012 090143.729 INFO             PET0 driver: InitializeGeneric extro.
20231012 090143.729 INFO             PET0 driver: Run intro.
20231012 090143.729 INFO             PET0   >>>driver entered Run (phase=RunPhase1) with current time:    0  1  1  0  0  0   0
20231012 090143.729 INFO             PET0   driver: after lable_SetRunClock, current time:    0  1  1  0  0  0   0
20231012 090143.729 INFO             PET0   driver: begin -------> RunSequence.
20231012 090143.729 INFO             PET0     driver: RunSequence event loopLevel=   1  levelMember=   1  loopIteration=   1, current time:    0  1  1  0  0  0   0
20231012 090143.730 INFO             PET0     MODEL: Run intro.
20231012 090143.730 INFO             PET0       >>>MODEL: entered Run (phase=RunPhase1) with current time:    0  1  1  0  0  0   0
20231012 090143.730 INFO             PET0       MODEL: time step-loop starting, current time:    0  1  1  0  0  0   0
20231012 090143.731 INFO             PET0       thread_num=   1   currentSsiPe=  56   num_threads=   3   max_threads=   3   num_procs=  40
20231012 090143.731 INFO             PET0       thread_num=   0   currentSsiPe=  14   num_threads=   3   max_threads=   3   num_procs=  40
20231012 090143.731 INFO             PET0       thread_num=   2   currentSsiPe=  58   num_threads=   3   max_threads=   3   num_procs=  40
20231012 090143.731 INFO             PET0       ---->Advancing Model from:    0  1  1  0  0  0   0
20231012 090143.731 INFO             PET0       ---------------------> to:    0  1  1  0  0 30   0
20231012 090143.731 INFO             PET0       MODEL: time step-loop ending,   current time:    0  1  1  0  0 30   0
20231012 090143.731 INFO             PET0       <<<MODEL: leaving Run (phase=RunPhase1) with current time:    0  1  1  0  0 30   0
20231012 090143.731 INFO             PET0     MODEL: Run extro.
20231012 090143.731 INFO             PET0     driver: RunSequence event loopLevel=   1  levelMember=   1  loopIteration=   2, current time:    0  1  1  0  0 30   0
20231012 090143.731 INFO             PET0     MODEL: Run intro.
20231012 090143.731 INFO             PET0       >>>MODEL: entered Run (phase=RunPhase1) with current time:    0  1  1  0  0 30   0
20231012 090143.731 INFO             PET0       MODEL: time step-loop starting, current time:    0  1  1  0  0 30   0
20231012 090143.732 INFO             PET0       thread_num=   1   currentSsiPe=  56   num_threads=   3   max_threads=   3   num_procs=  40
20231012 090143.732 INFO             PET0       thread_num=   0   currentSsiPe=  14   num_threads=   3   max_threads=   3   num_procs=  40
20231012 090143.732 INFO             PET0       thread_num=   2   currentSsiPe=  58   num_threads=   3   max_threads=   3   num_procs=  40
20231012 090143.732 INFO             PET0       ---->Advancing Model from:    0  1  1  0  0 30   0
20231012 090143.732 INFO             PET0       ---------------------> to:    0  1  1  0  1  0   0
20231012 090143.732 INFO             PET0       MODEL: time step-loop ending,   current time:    0  1  1  0  1  0   0
20231012 090143.732 INFO             PET0       <<<MODEL: leaving Run (phase=RunPhase1) with current time:    0  1  1  0  1  0   0
20231012 090143.732 INFO             PET0     MODEL: Run extro.
20231012 090143.732 INFO             PET0     driver: RunSequence event loopLevel=   1  levelMember=   1  loopIteration=   3, current time:    0  1  1  0  1  0   0
20231012 090143.732 INFO             PET0     MODEL: Run intro.
20231012 090143.732 INFO             PET0       >>>MODEL: entered Run (phase=RunPhase1) with current time:    0  1  1  0  1  0   0
20231012 090143.732 INFO             PET0       MODEL: time step-loop starting, current time:    0  1  1  0  1  0   0
20231012 090143.732 INFO             PET0       thread_num=   1   currentSsiPe=  56   num_threads=   3   max_threads=   3   num_procs=  40
20231012 090143.732 INFO             PET0       thread_num=   0   currentSsiPe=  14   num_threads=   3   max_threads=   3   num_procs=  40
20231012 090143.732 INFO             PET0       thread_num=   2   currentSsiPe=  58   num_threads=   3   max_threads=   3   num_procs=  40
20231012 090143.732 INFO             PET0       ---->Advancing Model from:    0  1  1  0  1  0   0
20231012 090143.732 INFO             PET0       ---------------------> to:    0  1  1  0  1 30   0
20231012 090143.732 INFO             PET0       MODEL: time step-loop ending,   current time:    0  1  1  0  1 30   0
20231012 090143.732 INFO             PET0       <<<MODEL: leaving Run (phase=RunPhase1) with current time:    0  1  1  0  1 30   0
20231012 090143.732 INFO             PET0     MODEL: Run extro.
20231012 090143.732 INFO             PET0     driver: RunSequence event loopLevel=   1  levelMember=   1  loopIteration=   4, current time:    0  1  1  0  1 30   0
20231012 090143.732 INFO             PET0     MODEL: Run intro.
20231012 090143.732 INFO             PET0       >>>MODEL: entered Run (phase=RunPhase1) with current time:    0  1  1  0  1 30   0
20231012 090143.732 INFO             PET0       MODEL: time step-loop starting, current time:    0  1  1  0  1 30   0
20231012 090143.732 INFO             PET0       thread_num=   1   currentSsiPe=  56   num_threads=   3   max_threads=   3   num_procs=  40
20231012 090143.732 INFO             PET0       thread_num=   0   currentSsiPe=  14   num_threads=   3   max_threads=   3   num_procs=  40
20231012 090143.732 INFO             PET0       thread_num=   2   currentSsiPe=  58   num_threads=   3   max_threads=   3   num_procs=  40
20231012 090143.732 INFO             PET0       ---->Advancing Model from:    0  1  1  0  1 30   0
20231012 090143.732 INFO             PET0       ---------------------> to:    0  1  1  0  2  0   0
20231012 090143.732 INFO             PET0       MODEL: time step-loop ending,   current time:    0  1  1  0  2  0   0
20231012 090143.732 INFO             PET0       <<<MODEL: leaving Run (phase=RunPhase1) with current time:    0  1  1  0  2  0   0
20231012 090143.732 INFO             PET0     MODEL: Run extro.
20231012 090143.732 INFO             PET0     driver: RunSequence event loopLevel=   1  levelMember=   1  loopIteration=   5, current time:    0  1  1  0  2  0   0
20231012 090143.732 INFO             PET0     MODEL: Run intro.
20231012 090143.732 INFO             PET0       >>>MODEL: entered Run (phase=RunPhase1) with current time:    0  1  1  0  2  0   0
20231012 090143.732 INFO             PET0       MODEL: time step-loop starting, current time:    0  1  1  0  2  0   0
20231012 090143.732 INFO             PET0       thread_num=   2   currentSsiPe=  58   num_threads=   3   max_threads=   3   num_procs=  40
20231012 090143.732 INFO             PET0       thread_num=   1   currentSsiPe=  56   num_threads=   3   max_threads=   3   num_procs=  40
20231012 090143.732 INFO             PET0       thread_num=   0   currentSsiPe=  14   num_threads=   3   max_threads=   3   num_procs=  40
20231012 090143.733 INFO             PET0       ---->Advancing Model from:    0  1  1  0  2  0   0
20231012 090143.733 INFO             PET0       ---------------------> to:    0  1  1  0  2 30   0
20231012 090143.733 INFO             PET0       MODEL: time step-loop ending,   current time:    0  1  1  0  2 30   0
20231012 090143.733 INFO             PET0       <<<MODEL: leaving Run (phase=RunPhase1) with current time:    0  1  1  0  2 30   0
20231012 090143.733 INFO             PET0     MODEL: Run extro.
20231012 090143.733 INFO             PET0   driver: end <--------- RunSequence
20231012 090143.733 INFO             PET0   <<<driver - leaving Run with current time:    0  1  1  0  2 30   0
20231012 090143.733 INFO             PET0 driver: Run extro.
20231012 090143.733 INFO             PET0 driver: Finalize intro.
20231012 090143.733 INFO             PET0   Calling Finalize phase 1 for modelComp: MODEL
20231012 090143.733 INFO             PET0   MODEL: Finalize intro.
20231012 090143.733 INFO             PET0     >>>MODEL: entered Finalize (phase=FinalizePhase1) with current time:    0  1  1  0  2 30   0
20231012 090143.733 INFO             PET0     <<<MODEL: leaving Finalize (phase=FinalizePhase1) with current time:    0  1  1  0  2 30   0
20231012 090143.733 INFO             PET0   MODEL: Finalize extro.
20231012 090143.733 INFO             PET0   Delete modelComp: MODEL
20231012 090143.733 INFO             PET0   Delete Import-/Export State for modelComp: MODEL
20231012 090143.733 INFO             PET0 driver: Finalize extro.
20231012 090143.733 INFO             PET0 mainApp FINISHED
20231012 090143.733 INFO             PET0  Finalizing ESMF
20231012 090143.706 INFO             PET1 !!!!!!!!!!!!!!!!!!!!!!!!!!!!!!!!!!!!!!!!!!!!!!!!!!!!!!
20231012 090143.706 INFO             PET1 !!! THE ESMF_LOG IS SET TO OUTPUT ALL LOG MESSAGES !!!
20231012 090143.706 INFO             PET1 !!!     THIS MAY CAUSE SLOWDOWN IN PERFORMANCE     !!!
20231012 090143.706 INFO             PET1 !!! FOR PRODUCTION RUNS, USE:                      !!!
20231012 090143.706 INFO             PET1 !!!                   ESMF_LOGKIND_Multi_On_Error  !!!
20231012 090143.706 INFO             PET1 !!!!!!!!!!!!!!!!!!!!!!!!!!!!!!!!!!!!!!!!!!!!!!!!!!!!!!
20231012 090143.706 INFO             PET1 Running with ESMF Version   : v8.6.0b08-5-gefca49259f
20231012 090143.706 INFO             PET1 ESMF library build date/time: "Oct 12 2023" "07:53:06"
20231012 090143.707 INFO             PET1 ESMF library build location : /scratch2/NCEPDEV/stmp1/Gerhard.Theurich/ESMF-Nightly-Testing/nvhpc_23.3_openmpi_O_develop/esmf
20231012 090143.707 INFO             PET1 ESMF_COMM                   : openmpi
20231012 090143.708 INFO             PET1 ESMF_MOAB                   : enabled
20231012 090143.708 INFO             PET1 ESMF_LAPACK                 : enabled
20231012 090143.708 INFO             PET1 ESMF_NETCDF                 : disabled
20231012 090143.708 INFO             PET1 ESMF_PNETCDF                : disabled
20231012 090143.708 INFO             PET1 ESMF_PIO                    : disabled
20231012 090143.708 INFO             PET1 ESMF_YAMLCPP                : enabled
20231012 090143.709 INFO             PET1 mainApp STARTING
20231012 090143.712 INFO             PET1 driver: InitializeGeneric intro.
20231012 090143.712 INFO             PET1   driver: InitializeP0 intro.
20231012 090143.712 INFO             PET1   driver: InitializeP0 extro.
20231012 090143.712 INFO             PET1   driver: InitializeIPDv02p1 intro.
20231012 090143.712 INFO             PET1     >>>driver: entered Initialize (phase=<none>) without valid internal Clock.
20231012 090143.712 INFO             PET1     driver - Creating model component MODEL without petList.
20231012 090143.714 INFO             PET1      GridCompIsPetLocal:   T
20231012 090143.714 INFO             PET1      VmIsCreated:   T
20231012 090143.714 INFO             PET1      valid MPI_COMM with size=            4
20231012 090143.715 INFO             PET1     driver - Creating state: modelComp 1 Import State
20231012 090143.715 INFO             PET1     driver - Creating state: modelComp 1 Export State
20231012 090143.716 INFO             PET1     MODEL: InitializeP0 intro.
20231012 090143.716 INFO             PET1       >>>MODEL: entered Initialize (phase=<none>) without valid internal Clock.
20231012 090143.717 INFO             PET1       <<<MODEL: leaving Initialize (phase=<none>) without valid internal Clock.
20231012 090143.717 INFO             PET1     MODEL: InitializeP0 extro.
20231012 090143.718 INFO             PET1     driver: IInitAdvertise intro.
20231012 090143.718 INFO             PET1     driver: IInitAdvertise extro.
20231012 090143.718 INFO             PET1     MODEL: InitializeIPDvXp01 intro.
20231012 090143.718 INFO             PET1       >>>MODEL: entered Initialize (phase=IPDvXp01) without valid internal Clock.
20231012 090143.720 INFO             PET1       <<<MODEL: leaving Initialize (phase=IPDvXp01) without valid internal Clock.
20231012 090143.720 INFO             PET1     MODEL: InitializeIPDvXp01 extro.
20231012 090143.720 INFO             PET1     driver: IInitAdvertiseFinish intro.
20231012 090143.720 INFO             PET1     driver: IInitAdvertiseFinish extro.
20231012 090143.720 INFO             PET1     driver: IInitModifyCplLists intro.
20231012 090143.720 INFO             PET1     driver: IInitModifyCplLists extro.
20231012 090143.721 INFO             PET1     <<<driver: leaving Initialize (phase=<none>) with current time:    0  1  1  0  0  0   0
20231012 090143.721 INFO             PET1   driver: InitializeIPDv02p1 extro.
20231012 090143.721 INFO             PET1   driver: InitializeIPDv02p3 intro.
20231012 090143.721 INFO             PET1     >>>driver: entered Initialize (phase=<none>) with current time:    0  1  1  0  0  0   0
20231012 090143.721 INFO             PET1     driver: IInitCheck intro.
20231012 090143.721 INFO             PET1     driver: IInitCheck extro.
20231012 090143.721 INFO             PET1     MODEL: InitializeIPDvXp04 intro.
20231012 090143.721 INFO             PET1       >>>MODEL: entered Initialize (phase=IPDvXp04) without valid internal Clock.
20231012 090143.724 INFO             PET1       After Realize: - MemInfo: [/proc/meminfo - SSI]	MemTotal:       97470520 kB
20231012 090143.724 INFO             PET1       After Realize: - MemInfo: [/proc/meminfo - SSI]	MemFree:        88008256 kB
20231012 090143.724 INFO             PET1       After Realize: - MemInfo: [/proc/meminfo - SSI]	MemAvailable:   90346000 kB
20231012 090143.724 INFO             PET1       After Realize: - MemInfo: [/proc/meminfo - SSI]	Committed_AS:     993232 kB
20231012 090143.724 INFO             PET1       After Realize: - MemInfo: [/proc/meminfo - SSI]	CommittedPercent: 1.01901 %
20231012 090143.724 INFO             PET1       After Realize: - MemInfo: [/proc/self/status]	VmPeak:	  468752 kB
20231012 090143.725 INFO             PET1       After Realize: - MemInfo: [/proc/self/status]	VmSize:	  460216 kB
20231012 090143.725 INFO             PET1       After Realize: - MemInfo: [/proc/self/status]	VmLck:	       0 kB
20231012 090143.725 INFO             PET1       After Realize: - MemInfo: [/proc/self/status]	VmPin:	   13592 kB
20231012 090143.725 INFO             PET1       After Realize: - MemInfo: [/proc/self/status]	VmHWM:	   39576 kB
20231012 090143.725 INFO             PET1       After Realize: - MemInfo: [/proc/self/status]	VmRSS:	   39576 kB
20231012 090143.725 INFO             PET1       After Realize: - MemInfo: [/proc/self/status]	VmData:	  160736 kB
20231012 090143.725 INFO             PET1       After Realize: - MemInfo: [/proc/self/status]	VmStk:	     196 kB
20231012 090143.725 INFO             PET1       After Realize: - MemInfo: [/proc/self/status]	VmExe:	      24 kB
20231012 090143.725 INFO             PET1       After Realize: - MemInfo: [/proc/self/status]	VmLib:	   56520 kB
20231012 090143.725 INFO             PET1       After Realize: - MemInfo: [/proc/self/status]	VmPTE:	     352 kB
20231012 090143.725 INFO             PET1       After Realize: - MemInfo: [/proc/self/status]	VmSwap:	       0 kB
20231012 090143.725 INFO             PET1       After Realize: - MemInfo: [/proc/self/status]	VmRSSPercent: 0.040603 %
20231012 090143.725 INFO             PET1       After Realize: - MemInfo: [malloc] Non-mmapped space allocated:                 2674688 Byte
20231012 090143.725 INFO             PET1       After Realize: - MemInfo: [malloc] Space allocated in mmapped regions:          7639040 Byte
20231012 090143.725 INFO             PET1       After Realize: - MemInfo: [malloc] Maximum total allocated space:                     0 Byte
20231012 090143.725 INFO             PET1       After Realize: - MemInfo: [malloc] Space in freed fastbin blocks:                   848 Byte
20231012 090143.725 INFO             PET1       After Realize: - MemInfo: [malloc] Total allocated space:                       2420368 Byte
20231012 090143.725 INFO             PET1       After Realize: - MemInfo: [malloc] Total free space:                             254320 Byte
20231012 090143.725 INFO             PET1       After Realize: - MemInfo: [malloc] Top-most, releasable space:                    57632 Byte
20231012 090143.725 INFO             PET1       After Realize: - MemInfo: [malloc] Total space in use, mmap + non-mmap:        10059408 Byte
20231012 090143.725 INFO             PET1       After Realize: - MemInfo: [malloc] Total space held (mmap + non-mmap):         10313728 Byte
20231012 090143.725 INFO             PET1       After Realize: - MemInfo: [malloc] Total space used (mmap + non-mmap):         10068544 Byte
20231012 090143.725 INFO             PET1       After Realize: - MemInfo: Wall-clock time since execution start:              0.0246006 seconds
20231012 090143.725 INFO             PET1       <<<MODEL: leaving Initialize (phase=IPDvXp04) without valid internal Clock.
20231012 090143.725 INFO             PET1     MODEL: InitializeIPDvXp04 extro.
20231012 090143.726 INFO             PET1     driver: IInitRealize intro.
20231012 090143.726 INFO             PET1     driver: IInitRealize extro.
20231012 090143.726 INFO             PET1     MODEL: InitializeIPDvXp07 intro.
20231012 090143.726 INFO             PET1       >>>MODEL: entered Initialize (phase=IPDvXp07) without valid internal Clock.
20231012 090143.726 INFO             PET1       <<<MODEL: leaving Initialize (phase=IPDvXp07) with current time:    0  1  1  0  0  0   0
20231012 090143.726 INFO             PET1     MODEL: InitializeIPDvXp07 extro.
20231012 090143.726 INFO             PET1     <<<driver: leaving Initialize (phase=<none>) with current time:    0  1  1  0  0  0   0
20231012 090143.726 INFO             PET1   driver: InitializeIPDv02p3 extro.
20231012 090143.726 INFO             PET1   driver: InitializeIPDv02p5 intro.
20231012 090143.726 INFO             PET1     >>>driver: entered Initialize (phase=<none>) with current time:    0  1  1  0  0  0   0
20231012 090143.726 INFO             PET1     driver: this is a top level driver, no 'Updated' and 'InitializeDataComplete' info on this level.
20231012 090143.726 INFO             PET1     driver: InitializeIPDv02p5Data intro.
20231012 090143.727 INFO             PET1       driver: InternalInitializeComplete intro.
20231012 090143.727 INFO             PET1         driver: InitializeDataComplete='true'
20231012 090143.727 INFO             PET1       driver: InternalInitializeComplete extro.
20231012 090143.727 INFO             PET1       MODEL: InitializeIPDvXp08 intro.
20231012 090143.727 INFO             PET1         >>>MODEL: entered Initialize (phase=IPDv05p8) with current time:    0  1  1  0  0  0   0
20231012 090143.727 INFO             PET1         MODEL: InitializeDataProgress='false', InitializeDataComplete='false'
20231012 090143.727 INFO             PET1         <<<MODEL: leaving Initialize (phase=IPDv05p8) with current time:    0  1  1  0  0  0   0
20231012 090143.727 INFO             PET1       MODEL: InitializeIPDvXp08 extro.
20231012 090143.728 INFO             PET1       driver: components present that trigger loopDataDependentInitialize().
20231012 090143.728 INFO             PET1       driver: loopDataDependentInitialize intro.
20231012 090143.728 INFO             PET1         driver: component    0=driver, dataComplete (local): true
20231012 090143.728 INFO             PET1         driver: component    0=driver, dataComplete (global):  T
20231012 090143.728 INFO             PET1         driver: component    1=MODEL, dataComplete (local): false
20231012 090143.728 INFO             PET1         driver: component    1=MODEL, dataComplete (global):  F
20231012 090143.728 INFO             PET1         MODEL: InitializeIPDvXp08 intro.
20231012 090143.728 INFO             PET1           >>>MODEL: entered Initialize (phase=IPDv05p8) with current time:    0  1  1  0  0  0   0
20231012 090143.728 INFO             PET1           MODEL: InitializeDataProgress='true', InitializeDataComplete='true'
20231012 090143.728 INFO             PET1           <<<MODEL: leaving Initialize (phase=IPDv05p8) with current time:    0  1  1  0  0  0   0
20231012 090143.728 INFO             PET1         MODEL: InitializeIPDvXp08 extro.
20231012 090143.729 INFO             PET1         driver: component    1=MODEL, someProgress (local): true
20231012 090143.729 INFO             PET1         driver: component    1=MODEL, someProgress (global):  T
20231012 090143.729 INFO             PET1         driver: someProgress= T, allComplete= F, present(dataDepAllComplete)= T
20231012 090143.729 INFO             PET1         driver: component    0=driver, dataComplete (local): true
20231012 090143.729 INFO             PET1         driver: component    0=driver, dataComplete (global):  T
20231012 090143.729 INFO             PET1         driver: component    1=MODEL, dataComplete (local): true
20231012 090143.729 INFO             PET1         driver: component    1=MODEL, dataComplete (global):  T
20231012 090143.729 INFO             PET1         driver: someProgress= F, allComplete= T, present(dataDepAllComplete)= T
20231012 090143.729 INFO             PET1         driver: finished resolving initialize data dependencies on this level.
20231012 090143.729 INFO             PET1       driver: loopDataDependentInitialize extro.
20231012 090143.729 INFO             PET1       driver: loopDataDependentInitialize() returned with dataDepAllComplete:  T
20231012 090143.729 INFO             PET1     driver: InitializeIPDv02p5Data extro.
20231012 090143.729 INFO             PET1     <<<driver: leaving Initialize (phase=<none>) with current time:    0  1  1  0  0  0   0
20231012 090143.729 INFO             PET1   driver: InitializeIPDv02p5 extro.
20231012 090143.729 INFO             PET1 driver: InitializeGeneric extro.
20231012 090143.729 INFO             PET1 driver: Run intro.
20231012 090143.729 INFO             PET1   >>>driver entered Run (phase=RunPhase1) with current time:    0  1  1  0  0  0   0
20231012 090143.730 INFO             PET1   driver: after lable_SetRunClock, current time:    0  1  1  0  0  0   0
20231012 090143.730 INFO             PET1   driver: begin -------> RunSequence.
20231012 090143.730 INFO             PET1     driver: RunSequence event loopLevel=   1  levelMember=   1  loopIteration=   1, current time:    0  1  1  0  0  0   0
20231012 090143.730 INFO             PET1     MODEL: Run intro.
20231012 090143.730 INFO             PET1       >>>MODEL: entered Run (phase=RunPhase1) with current time:    0  1  1  0  0  0   0
20231012 090143.730 INFO             PET1       MODEL: time step-loop starting, current time:    0  1  1  0  0  0   0
20231012 090143.732 INFO             PET1       thread_num=   0   currentSsiPe=  22   num_threads=   3   max_threads=   3   num_procs=  40
20231012 090143.732 INFO             PET1       thread_num=   1   currentSsiPe=  63   num_threads=   3   max_threads=   3   num_procs=  40
20231012 090143.732 INFO             PET1       thread_num=   2   currentSsiPe=  65   num_threads=   3   max_threads=   3   num_procs=  40
20231012 090143.732 INFO             PET1       ---->Advancing Model from:    0  1  1  0  0  0   0
20231012 090143.732 INFO             PET1       ---------------------> to:    0  1  1  0  0 30   0
20231012 090143.732 INFO             PET1       MODEL: time step-loop ending,   current time:    0  1  1  0  0 30   0
20231012 090143.732 INFO             PET1       <<<MODEL: leaving Run (phase=RunPhase1) with current time:    0  1  1  0  0 30   0
20231012 090143.732 INFO             PET1     MODEL: Run extro.
20231012 090143.732 INFO             PET1     driver: RunSequence event loopLevel=   1  levelMember=   1  loopIteration=   2, current time:    0  1  1  0  0 30   0
20231012 090143.732 INFO             PET1     MODEL: Run intro.
20231012 090143.732 INFO             PET1       >>>MODEL: entered Run (phase=RunPhase1) with current time:    0  1  1  0  0 30   0
20231012 090143.733 INFO             PET1       MODEL: time step-loop starting, current time:    0  1  1  0  0 30   0
20231012 090143.733 INFO             PET1       thread_num=   2   currentSsiPe=  65   num_threads=   3   max_threads=   3   num_procs=  40
20231012 090143.733 INFO             PET1       thread_num=   0   currentSsiPe=  22   num_threads=   3   max_threads=   3   num_procs=  40
20231012 090143.733 INFO             PET1       thread_num=   1   currentSsiPe=  63   num_threads=   3   max_threads=   3   num_procs=  40
20231012 090143.733 INFO             PET1       ---->Advancing Model from:    0  1  1  0  0 30   0
20231012 090143.733 INFO             PET1       ---------------------> to:    0  1  1  0  1  0   0
20231012 090143.733 INFO             PET1       MODEL: time step-loop ending,   current time:    0  1  1  0  1  0   0
20231012 090143.733 INFO             PET1       <<<MODEL: leaving Run (phase=RunPhase1) with current time:    0  1  1  0  1  0   0
20231012 090143.733 INFO             PET1     MODEL: Run extro.
20231012 090143.733 INFO             PET1     driver: RunSequence event loopLevel=   1  levelMember=   1  loopIteration=   3, current time:    0  1  1  0  1  0   0
20231012 090143.733 INFO             PET1     MODEL: Run intro.
20231012 090143.733 INFO             PET1       >>>MODEL: entered Run (phase=RunPhase1) with current time:    0  1  1  0  1  0   0
20231012 090143.733 INFO             PET1       MODEL: time step-loop starting, current time:    0  1  1  0  1  0   0
20231012 090143.733 INFO             PET1       thread_num=   2   currentSsiPe=  65   num_threads=   3   max_threads=   3   num_procs=  40
20231012 090143.733 INFO             PET1       thread_num=   0   currentSsiPe=  22   num_threads=   3   max_threads=   3   num_procs=  40
20231012 090143.733 INFO             PET1       thread_num=   1   currentSsiPe=  63   num_threads=   3   max_threads=   3   num_procs=  40
20231012 090143.733 INFO             PET1       ---->Advancing Model from:    0  1  1  0  1  0   0
20231012 090143.733 INFO             PET1       ---------------------> to:    0  1  1  0  1 30   0
20231012 090143.733 INFO             PET1       MODEL: time step-loop ending,   current time:    0  1  1  0  1 30   0
20231012 090143.733 INFO             PET1       <<<MODEL: leaving Run (phase=RunPhase1) with current time:    0  1  1  0  1 30   0
20231012 090143.733 INFO             PET1     MODEL: Run extro.
20231012 090143.733 INFO             PET1     driver: RunSequence event loopLevel=   1  levelMember=   1  loopIteration=   4, current time:    0  1  1  0  1 30   0
20231012 090143.733 INFO             PET1     MODEL: Run intro.
20231012 090143.734 INFO             PET1       >>>MODEL: entered Run (phase=RunPhase1) with current time:    0  1  1  0  1 30   0
20231012 090143.734 INFO             PET1       MODEL: time step-loop starting, current time:    0  1  1  0  1 30   0
20231012 090143.734 INFO             PET1       thread_num=   2   currentSsiPe=  65   num_threads=   3   max_threads=   3   num_procs=  40
20231012 090143.734 INFO             PET1       thread_num=   0   currentSsiPe=  22   num_threads=   3   max_threads=   3   num_procs=  40
20231012 090143.734 INFO             PET1       thread_num=   1   currentSsiPe=  63   num_threads=   3   max_threads=   3   num_procs=  40
20231012 090143.734 INFO             PET1       ---->Advancing Model from:    0  1  1  0  1 30   0
20231012 090143.734 INFO             PET1       ---------------------> to:    0  1  1  0  2  0   0
20231012 090143.734 INFO             PET1       MODEL: time step-loop ending,   current time:    0  1  1  0  2  0   0
20231012 090143.734 INFO             PET1       <<<MODEL: leaving Run (phase=RunPhase1) with current time:    0  1  1  0  2  0   0
20231012 090143.734 INFO             PET1     MODEL: Run extro.
20231012 090143.734 INFO             PET1     driver: RunSequence event loopLevel=   1  levelMember=   1  loopIteration=   5, current time:    0  1  1  0  2  0   0
20231012 090143.734 INFO             PET1     MODEL: Run intro.
20231012 090143.734 INFO             PET1       >>>MODEL: entered Run (phase=RunPhase1) with current time:    0  1  1  0  2  0   0
20231012 090143.734 INFO             PET1       MODEL: time step-loop starting, current time:    0  1  1  0  2  0   0
20231012 090143.734 INFO             PET1       thread_num=   2   currentSsiPe=  65   num_threads=   3   max_threads=   3   num_procs=  40
20231012 090143.734 INFO             PET1       thread_num=   0   currentSsiPe=  22   num_threads=   3   max_threads=   3   num_procs=  40
20231012 090143.734 INFO             PET1       thread_num=   1   currentSsiPe=  63   num_threads=   3   max_threads=   3   num_procs=  40
20231012 090143.734 INFO             PET1       ---->Advancing Model from:    0  1  1  0  2  0   0
20231012 090143.734 INFO             PET1       ---------------------> to:    0  1  1  0  2 30   0
20231012 090143.734 INFO             PET1       MODEL: time step-loop ending,   current time:    0  1  1  0  2 30   0
20231012 090143.734 INFO             PET1       <<<MODEL: leaving Run (phase=RunPhase1) with current time:    0  1  1  0  2 30   0
20231012 090143.734 INFO             PET1     MODEL: Run extro.
20231012 090143.734 INFO             PET1   driver: end <--------- RunSequence
20231012 090143.734 INFO             PET1   <<<driver - leaving Run with current time:    0  1  1  0  2 30   0
20231012 090143.734 INFO             PET1 driver: Run extro.
20231012 090143.734 INFO             PET1 driver: Finalize intro.
20231012 090143.734 INFO             PET1   Calling Finalize phase 1 for modelComp: MODEL
20231012 090143.735 INFO             PET1   MODEL: Finalize intro.
20231012 090143.735 INFO             PET1     >>>MODEL: entered Finalize (phase=FinalizePhase1) with current time:    0  1  1  0  2 30   0
20231012 090143.735 INFO             PET1     <<<MODEL: leaving Finalize (phase=FinalizePhase1) with current time:    0  1  1  0  2 30   0
20231012 090143.735 INFO             PET1   MODEL: Finalize extro.
20231012 090143.735 INFO             PET1   Delete modelComp: MODEL
20231012 090143.735 INFO             PET1   Delete Import-/Export State for modelComp: MODEL
20231012 090143.735 INFO             PET1 driver: Finalize extro.
20231012 090143.735 INFO             PET1 mainApp FINISHED
20231012 090143.735 INFO             PET1  Finalizing ESMF
20231012 090143.707 INFO             PET2 !!!!!!!!!!!!!!!!!!!!!!!!!!!!!!!!!!!!!!!!!!!!!!!!!!!!!!
20231012 090143.707 INFO             PET2 !!! THE ESMF_LOG IS SET TO OUTPUT ALL LOG MESSAGES !!!
20231012 090143.707 INFO             PET2 !!!     THIS MAY CAUSE SLOWDOWN IN PERFORMANCE     !!!
20231012 090143.707 INFO             PET2 !!! FOR PRODUCTION RUNS, USE:                      !!!
20231012 090143.707 INFO             PET2 !!!                   ESMF_LOGKIND_Multi_On_Error  !!!
20231012 090143.707 INFO             PET2 !!!!!!!!!!!!!!!!!!!!!!!!!!!!!!!!!!!!!!!!!!!!!!!!!!!!!!
20231012 090143.707 INFO             PET2 Running with ESMF Version   : v8.6.0b08-5-gefca49259f
20231012 090143.707 INFO             PET2 ESMF library build date/time: "Oct 12 2023" "07:53:06"
20231012 090143.707 INFO             PET2 ESMF library build location : /scratch2/NCEPDEV/stmp1/Gerhard.Theurich/ESMF-Nightly-Testing/nvhpc_23.3_openmpi_O_develop/esmf
20231012 090143.707 INFO             PET2 ESMF_COMM                   : openmpi
20231012 090143.708 INFO             PET2 ESMF_MOAB                   : enabled
20231012 090143.708 INFO             PET2 ESMF_LAPACK                 : enabled
20231012 090143.708 INFO             PET2 ESMF_NETCDF                 : disabled
20231012 090143.708 INFO             PET2 ESMF_PNETCDF                : disabled
20231012 090143.708 INFO             PET2 ESMF_PIO                    : disabled
20231012 090143.708 INFO             PET2 ESMF_YAMLCPP                : enabled
20231012 090143.709 INFO             PET2 mainApp STARTING
20231012 090143.711 INFO             PET2 driver: InitializeGeneric intro.
20231012 090143.711 INFO             PET2   driver: InitializeP0 intro.
20231012 090143.711 INFO             PET2   driver: InitializeP0 extro.
20231012 090143.711 INFO             PET2   driver: InitializeIPDv02p1 intro.
20231012 090143.711 INFO             PET2     >>>driver: entered Initialize (phase=<none>) without valid internal Clock.
20231012 090143.712 INFO             PET2     driver - Creating model component MODEL without petList.
20231012 090143.714 INFO             PET2      GridCompIsPetLocal:   T
20231012 090143.714 INFO             PET2      VmIsCreated:   T
20231012 090143.714 INFO             PET2      valid MPI_COMM with size=            4
20231012 090143.714 INFO             PET2     driver - Creating state: modelComp 1 Import State
20231012 090143.714 INFO             PET2     driver - Creating state: modelComp 1 Export State
20231012 090143.714 INFO             PET2     MODEL: InitializeP0 intro.
20231012 090143.715 INFO             PET2       >>>MODEL: entered Initialize (phase=<none>) without valid internal Clock.
20231012 090143.715 INFO             PET2       <<<MODEL: leaving Initialize (phase=<none>) without valid internal Clock.
20231012 090143.715 INFO             PET2     MODEL: InitializeP0 extro.
20231012 090143.716 INFO             PET2     driver: IInitAdvertise intro.
20231012 090143.716 INFO             PET2     driver: IInitAdvertise extro.
20231012 090143.716 INFO             PET2     MODEL: InitializeIPDvXp01 intro.
20231012 090143.716 INFO             PET2       >>>MODEL: entered Initialize (phase=IPDvXp01) without valid internal Clock.
20231012 090143.717 INFO             PET2       <<<MODEL: leaving Initialize (phase=IPDvXp01) without valid internal Clock.
20231012 090143.717 INFO             PET2     MODEL: InitializeIPDvXp01 extro.
20231012 090143.717 INFO             PET2     driver: IInitAdvertiseFinish intro.
20231012 090143.717 INFO             PET2     driver: IInitAdvertiseFinish extro.
20231012 090143.717 INFO             PET2     driver: IInitModifyCplLists intro.
20231012 090143.717 INFO             PET2     driver: IInitModifyCplLists extro.
20231012 090143.717 INFO             PET2     <<<driver: leaving Initialize (phase=<none>) with current time:    0  1  1  0  0  0   0
20231012 090143.717 INFO             PET2   driver: InitializeIPDv02p1 extro.
20231012 090143.717 INFO             PET2   driver: InitializeIPDv02p3 intro.
20231012 090143.717 INFO             PET2     >>>driver: entered Initialize (phase=<none>) with current time:    0  1  1  0  0  0   0
20231012 090143.718 INFO             PET2     driver: IInitCheck intro.
20231012 090143.718 INFO             PET2     driver: IInitCheck extro.
20231012 090143.718 INFO             PET2     MODEL: InitializeIPDvXp04 intro.
20231012 090143.718 INFO             PET2       >>>MODEL: entered Initialize (phase=IPDvXp04) without valid internal Clock.
20231012 090143.720 INFO             PET2       After Realize: - MemInfo: [/proc/meminfo - SSI]	MemTotal:       97470520 kB
20231012 090143.720 INFO             PET2       After Realize: - MemInfo: [/proc/meminfo - SSI]	MemFree:        88009496 kB
20231012 090143.720 INFO             PET2       After Realize: - MemInfo: [/proc/meminfo - SSI]	MemAvailable:   90347240 kB
20231012 090143.720 INFO             PET2       After Realize: - MemInfo: [/proc/meminfo - SSI]	Committed_AS:     993232 kB
20231012 090143.720 INFO             PET2       After Realize: - MemInfo: [/proc/meminfo - SSI]	CommittedPercent: 1.01901 %
20231012 090143.720 INFO             PET2       After Realize: - MemInfo: [/proc/self/status]	VmPeak:	  468748 kB
20231012 090143.720 INFO             PET2       After Realize: - MemInfo: [/proc/self/status]	VmSize:	  460216 kB
20231012 090143.720 INFO             PET2       After Realize: - MemInfo: [/proc/self/status]	VmLck:	       0 kB
20231012 090143.720 INFO             PET2       After Realize: - MemInfo: [/proc/self/status]	VmPin:	   13592 kB
20231012 090143.720 INFO             PET2       After Realize: - MemInfo: [/proc/self/status]	VmHWM:	   37536 kB
20231012 090143.720 INFO             PET2       After Realize: - MemInfo: [/proc/self/status]	VmRSS:	   37536 kB
20231012 090143.720 INFO             PET2       After Realize: - MemInfo: [/proc/self/status]	VmData:	  160736 kB
20231012 090143.720 INFO             PET2       After Realize: - MemInfo: [/proc/self/status]	VmStk:	     196 kB
20231012 090143.720 INFO             PET2       After Realize: - MemInfo: [/proc/self/status]	VmExe:	      24 kB
20231012 090143.720 INFO             PET2       After Realize: - MemInfo: [/proc/self/status]	VmLib:	   56520 kB
20231012 090143.720 INFO             PET2       After Realize: - MemInfo: [/proc/self/status]	VmPTE:	     352 kB
20231012 090143.720 INFO             PET2       After Realize: - MemInfo: [/proc/self/status]	VmSwap:	       0 kB
20231012 090143.720 INFO             PET2       After Realize: - MemInfo: [/proc/self/status]	VmRSSPercent: 0.0385101 %
20231012 090143.720 INFO             PET2       After Realize: - MemInfo: [malloc] Non-mmapped space allocated:                 2674688 Byte
20231012 090143.720 INFO             PET2       After Realize: - MemInfo: [malloc] Space allocated in mmapped regions:          7639040 Byte
20231012 090143.720 INFO             PET2       After Realize: - MemInfo: [malloc] Maximum total allocated space:                     0 Byte
20231012 090143.720 INFO             PET2       After Realize: - MemInfo: [malloc] Space in freed fastbin blocks:                   848 Byte
20231012 090143.720 INFO             PET2       After Realize: - MemInfo: [malloc] Total allocated space:                       2418032 Byte
20231012 090143.720 INFO             PET2       After Realize: - MemInfo: [malloc] Total free space:                             256656 Byte
20231012 090143.720 INFO             PET2       After Realize: - MemInfo: [malloc] Top-most, releasable space:                    60160 Byte
20231012 090143.720 INFO             PET2       After Realize: - MemInfo: [malloc] Total space in use, mmap + non-mmap:        10057072 Byte
20231012 090143.720 INFO             PET2       After Realize: - MemInfo: [malloc] Total space held (mmap + non-mmap):         10313728 Byte
20231012 090143.720 INFO             PET2       After Realize: - MemInfo: [malloc] Total space used (mmap + non-mmap):         10066208 Byte
20231012 090143.720 INFO             PET2       After Realize: - MemInfo: Wall-clock time since execution start:              0.0210183 seconds
20231012 090143.720 INFO             PET2       <<<MODEL: leaving Initialize (phase=IPDvXp04) without valid internal Clock.
20231012 090143.720 INFO             PET2     MODEL: InitializeIPDvXp04 extro.
20231012 090143.721 INFO             PET2     driver: IInitRealize intro.
20231012 090143.721 INFO             PET2     driver: IInitRealize extro.
20231012 090143.721 INFO             PET2     MODEL: InitializeIPDvXp07 intro.
20231012 090143.721 INFO             PET2       >>>MODEL: entered Initialize (phase=IPDvXp07) without valid internal Clock.
20231012 090143.721 INFO             PET2       <<<MODEL: leaving Initialize (phase=IPDvXp07) with current time:    0  1  1  0  0  0   0
20231012 090143.721 INFO             PET2     MODEL: InitializeIPDvXp07 extro.
20231012 090143.721 INFO             PET2     <<<driver: leaving Initialize (phase=<none>) with current time:    0  1  1  0  0  0   0
20231012 090143.721 INFO             PET2   driver: InitializeIPDv02p3 extro.
20231012 090143.721 INFO             PET2   driver: InitializeIPDv02p5 intro.
20231012 090143.721 INFO             PET2     >>>driver: entered Initialize (phase=<none>) with current time:    0  1  1  0  0  0   0
20231012 090143.721 INFO             PET2     driver: this is a top level driver, no 'Updated' and 'InitializeDataComplete' info on this level.
20231012 090143.721 INFO             PET2     driver: InitializeIPDv02p5Data intro.
20231012 090143.721 INFO             PET2       driver: InternalInitializeComplete intro.
20231012 090143.721 INFO             PET2         driver: InitializeDataComplete='true'
20231012 090143.721 INFO             PET2       driver: InternalInitializeComplete extro.
20231012 090143.721 INFO             PET2       MODEL: InitializeIPDvXp08 intro.
20231012 090143.721 INFO             PET2         >>>MODEL: entered Initialize (phase=IPDv05p8) with current time:    0  1  1  0  0  0   0
20231012 090143.722 INFO             PET2         MODEL: InitializeDataProgress='false', InitializeDataComplete='false'
20231012 090143.722 INFO             PET2         <<<MODEL: leaving Initialize (phase=IPDv05p8) with current time:    0  1  1  0  0  0   0
20231012 090143.722 INFO             PET2       MODEL: InitializeIPDvXp08 extro.
20231012 090143.728 INFO             PET2       driver: components present that trigger loopDataDependentInitialize().
20231012 090143.728 INFO             PET2       driver: loopDataDependentInitialize intro.
20231012 090143.728 INFO             PET2         driver: component    0=driver, dataComplete (local): true
20231012 090143.728 INFO             PET2         driver: component    0=driver, dataComplete (global):  T
20231012 090143.728 INFO             PET2         driver: component    1=MODEL, dataComplete (local): false
20231012 090143.728 INFO             PET2         driver: component    1=MODEL, dataComplete (global):  F
20231012 090143.728 INFO             PET2         MODEL: InitializeIPDvXp08 intro.
20231012 090143.728 INFO             PET2           >>>MODEL: entered Initialize (phase=IPDv05p8) with current time:    0  1  1  0  0  0   0
20231012 090143.728 INFO             PET2           MODEL: InitializeDataProgress='true', InitializeDataComplete='true'
20231012 090143.728 INFO             PET2           <<<MODEL: leaving Initialize (phase=IPDv05p8) with current time:    0  1  1  0  0  0   0
20231012 090143.728 INFO             PET2         MODEL: InitializeIPDvXp08 extro.
20231012 090143.729 INFO             PET2         driver: component    1=MODEL, someProgress (local): true
20231012 090143.729 INFO             PET2         driver: component    1=MODEL, someProgress (global):  T
20231012 090143.729 INFO             PET2         driver: someProgress= T, allComplete= F, present(dataDepAllComplete)= T
20231012 090143.729 INFO             PET2         driver: component    0=driver, dataComplete (local): true
20231012 090143.729 INFO             PET2         driver: component    0=driver, dataComplete (global):  T
20231012 090143.729 INFO             PET2         driver: component    1=MODEL, dataComplete (local): true
20231012 090143.729 INFO             PET2         driver: component    1=MODEL, dataComplete (global):  T
20231012 090143.729 INFO             PET2         driver: someProgress= F, allComplete= T, present(dataDepAllComplete)= T
20231012 090143.729 INFO             PET2         driver: finished resolving initialize data dependencies on this level.
20231012 090143.729 INFO             PET2       driver: loopDataDependentInitialize extro.
20231012 090143.729 INFO             PET2       driver: loopDataDependentInitialize() returned with dataDepAllComplete:  T
20231012 090143.729 INFO             PET2     driver: InitializeIPDv02p5Data extro.
20231012 090143.729 INFO             PET2     <<<driver: leaving Initialize (phase=<none>) with current time:    0  1  1  0  0  0   0
20231012 090143.729 INFO             PET2   driver: InitializeIPDv02p5 extro.
20231012 090143.729 INFO             PET2 driver: InitializeGeneric extro.
20231012 090143.729 INFO             PET2 driver: Run intro.
20231012 090143.729 INFO             PET2   >>>driver entered Run (phase=RunPhase1) with current time:    0  1  1  0  0  0   0
20231012 090143.729 INFO             PET2   driver: after lable_SetRunClock, current time:    0  1  1  0  0  0   0
20231012 090143.729 INFO             PET2   driver: begin -------> RunSequence.
20231012 090143.729 INFO             PET2     driver: RunSequence event loopLevel=   1  levelMember=   1  loopIteration=   1, current time:    0  1  1  0  0  0   0
20231012 090143.730 INFO             PET2     MODEL: Run intro.
20231012 090143.730 INFO             PET2       >>>MODEL: entered Run (phase=RunPhase1) with current time:    0  1  1  0  0  0   0
20231012 090143.730 INFO             PET2       MODEL: time step-loop starting, current time:    0  1  1  0  0  0   0
20231012 090143.731 INFO             PET2       thread_num=   1   currentSsiPe=  57   num_threads=   3   max_threads=   3   num_procs=  40
20231012 090143.731 INFO             PET2       thread_num=   2   currentSsiPe=  18   num_threads=   3   max_threads=   3   num_procs=  40
20231012 090143.731 INFO             PET2       thread_num=   0   currentSsiPe=  15   num_threads=   3   max_threads=   3   num_procs=  40
20231012 090143.731 INFO             PET2       ---->Advancing Model from:    0  1  1  0  0  0   0
20231012 090143.731 INFO             PET2       ---------------------> to:    0  1  1  0  0 30   0
20231012 090143.731 INFO             PET2       MODEL: time step-loop ending,   current time:    0  1  1  0  0 30   0
20231012 090143.731 INFO             PET2       <<<MODEL: leaving Run (phase=RunPhase1) with current time:    0  1  1  0  0 30   0
20231012 090143.731 INFO             PET2     MODEL: Run extro.
20231012 090143.731 INFO             PET2     driver: RunSequence event loopLevel=   1  levelMember=   1  loopIteration=   2, current time:    0  1  1  0  0 30   0
20231012 090143.731 INFO             PET2     MODEL: Run intro.
20231012 090143.731 INFO             PET2       >>>MODEL: entered Run (phase=RunPhase1) with current time:    0  1  1  0  0 30   0
20231012 090143.731 INFO             PET2       MODEL: time step-loop starting, current time:    0  1  1  0  0 30   0
20231012 090143.731 INFO             PET2       thread_num=   2   currentSsiPe=  18   num_threads=   3   max_threads=   3   num_procs=  40
20231012 090143.732 INFO             PET2       thread_num=   0   currentSsiPe=  15   num_threads=   3   max_threads=   3   num_procs=  40
20231012 090143.732 INFO             PET2       thread_num=   1   currentSsiPe=  57   num_threads=   3   max_threads=   3   num_procs=  40
20231012 090143.732 INFO             PET2       ---->Advancing Model from:    0  1  1  0  0 30   0
20231012 090143.732 INFO             PET2       ---------------------> to:    0  1  1  0  1  0   0
20231012 090143.732 INFO             PET2       MODEL: time step-loop ending,   current time:    0  1  1  0  1  0   0
20231012 090143.732 INFO             PET2       <<<MODEL: leaving Run (phase=RunPhase1) with current time:    0  1  1  0  1  0   0
20231012 090143.732 INFO             PET2     MODEL: Run extro.
20231012 090143.732 INFO             PET2     driver: RunSequence event loopLevel=   1  levelMember=   1  loopIteration=   3, current time:    0  1  1  0  1  0   0
20231012 090143.732 INFO             PET2     MODEL: Run intro.
20231012 090143.732 INFO             PET2       >>>MODEL: entered Run (phase=RunPhase1) with current time:    0  1  1  0  1  0   0
20231012 090143.732 INFO             PET2       MODEL: time step-loop starting, current time:    0  1  1  0  1  0   0
20231012 090143.732 INFO             PET2       thread_num=   1   currentSsiPe=  57   num_threads=   3   max_threads=   3   num_procs=  40
20231012 090143.732 INFO             PET2       thread_num=   2   currentSsiPe=  18   num_threads=   3   max_threads=   3   num_procs=  40
20231012 090143.732 INFO             PET2       thread_num=   0   currentSsiPe=  15   num_threads=   3   max_threads=   3   num_procs=  40
20231012 090143.732 INFO             PET2       ---->Advancing Model from:    0  1  1  0  1  0   0
20231012 090143.732 INFO             PET2       ---------------------> to:    0  1  1  0  1 30   0
20231012 090143.732 INFO             PET2       MODEL: time step-loop ending,   current time:    0  1  1  0  1 30   0
20231012 090143.732 INFO             PET2       <<<MODEL: leaving Run (phase=RunPhase1) with current time:    0  1  1  0  1 30   0
20231012 090143.732 INFO             PET2     MODEL: Run extro.
20231012 090143.732 INFO             PET2     driver: RunSequence event loopLevel=   1  levelMember=   1  loopIteration=   4, current time:    0  1  1  0  1 30   0
20231012 090143.732 INFO             PET2     MODEL: Run intro.
20231012 090143.732 INFO             PET2       >>>MODEL: entered Run (phase=RunPhase1) with current time:    0  1  1  0  1 30   0
20231012 090143.732 INFO             PET2       MODEL: time step-loop starting, current time:    0  1  1  0  1 30   0
20231012 090143.732 INFO             PET2       thread_num=   2   currentSsiPe=  18   num_threads=   3   max_threads=   3   num_procs=  40
20231012 090143.732 INFO             PET2       thread_num=   1   currentSsiPe=  57   num_threads=   3   max_threads=   3   num_procs=  40
20231012 090143.732 INFO             PET2       thread_num=   0   currentSsiPe=  15   num_threads=   3   max_threads=   3   num_procs=  40
20231012 090143.732 INFO             PET2       ---->Advancing Model from:    0  1  1  0  1 30   0
20231012 090143.732 INFO             PET2       ---------------------> to:    0  1  1  0  2  0   0
20231012 090143.732 INFO             PET2       MODEL: time step-loop ending,   current time:    0  1  1  0  2  0   0
20231012 090143.732 INFO             PET2       <<<MODEL: leaving Run (phase=RunPhase1) with current time:    0  1  1  0  2  0   0
20231012 090143.732 INFO             PET2     MODEL: Run extro.
20231012 090143.732 INFO             PET2     driver: RunSequence event loopLevel=   1  levelMember=   1  loopIteration=   5, current time:    0  1  1  0  2  0   0
20231012 090143.732 INFO             PET2     MODEL: Run intro.
20231012 090143.732 INFO             PET2       >>>MODEL: entered Run (phase=RunPhase1) with current time:    0  1  1  0  2  0   0
20231012 090143.732 INFO             PET2       MODEL: time step-loop starting, current time:    0  1  1  0  2  0   0
20231012 090143.732 INFO             PET2       thread_num=   2   currentSsiPe=  18   num_threads=   3   max_threads=   3   num_procs=  40
20231012 090143.732 INFO             PET2       thread_num=   1   currentSsiPe=  57   num_threads=   3   max_threads=   3   num_procs=  40
20231012 090143.732 INFO             PET2       thread_num=   0   currentSsiPe=  15   num_threads=   3   max_threads=   3   num_procs=  40
20231012 090143.732 INFO             PET2       ---->Advancing Model from:    0  1  1  0  2  0   0
20231012 090143.732 INFO             PET2       ---------------------> to:    0  1  1  0  2 30   0
20231012 090143.733 INFO             PET2       MODEL: time step-loop ending,   current time:    0  1  1  0  2 30   0
20231012 090143.733 INFO             PET2       <<<MODEL: leaving Run (phase=RunPhase1) with current time:    0  1  1  0  2 30   0
20231012 090143.733 INFO             PET2     MODEL: Run extro.
20231012 090143.733 INFO             PET2   driver: end <--------- RunSequence
20231012 090143.733 INFO             PET2   <<<driver - leaving Run with current time:    0  1  1  0  2 30   0
20231012 090143.733 INFO             PET2 driver: Run extro.
20231012 090143.733 INFO             PET2 driver: Finalize intro.
20231012 090143.733 INFO             PET2   Calling Finalize phase 1 for modelComp: MODEL
20231012 090143.733 INFO             PET2   MODEL: Finalize intro.
20231012 090143.733 INFO             PET2     >>>MODEL: entered Finalize (phase=FinalizePhase1) with current time:    0  1  1  0  2 30   0
20231012 090143.733 INFO             PET2     <<<MODEL: leaving Finalize (phase=FinalizePhase1) with current time:    0  1  1  0  2 30   0
20231012 090143.733 INFO             PET2   MODEL: Finalize extro.
20231012 090143.733 INFO             PET2   Delete modelComp: MODEL
20231012 090143.733 INFO             PET2   Delete Import-/Export State for modelComp: MODEL
20231012 090143.733 INFO             PET2 driver: Finalize extro.
20231012 090143.733 INFO             PET2 mainApp FINISHED
20231012 090143.733 INFO             PET2  Finalizing ESMF
20231012 090143.707 INFO             PET3 !!!!!!!!!!!!!!!!!!!!!!!!!!!!!!!!!!!!!!!!!!!!!!!!!!!!!!
20231012 090143.707 INFO             PET3 !!! THE ESMF_LOG IS SET TO OUTPUT ALL LOG MESSAGES !!!
20231012 090143.707 INFO             PET3 !!!     THIS MAY CAUSE SLOWDOWN IN PERFORMANCE     !!!
20231012 090143.708 INFO             PET3 !!! FOR PRODUCTION RUNS, USE:                      !!!
20231012 090143.708 INFO             PET3 !!!                   ESMF_LOGKIND_Multi_On_Error  !!!
20231012 090143.708 INFO             PET3 !!!!!!!!!!!!!!!!!!!!!!!!!!!!!!!!!!!!!!!!!!!!!!!!!!!!!!
20231012 090143.708 INFO             PET3 Running with ESMF Version   : v8.6.0b08-5-gefca49259f
20231012 090143.708 INFO             PET3 ESMF library build date/time: "Oct 12 2023" "07:53:06"
20231012 090143.708 INFO             PET3 ESMF library build location : /scratch2/NCEPDEV/stmp1/Gerhard.Theurich/ESMF-Nightly-Testing/nvhpc_23.3_openmpi_O_develop/esmf
20231012 090143.708 INFO             PET3 ESMF_COMM                   : openmpi
20231012 090143.708 INFO             PET3 ESMF_MOAB                   : enabled
20231012 090143.708 INFO             PET3 ESMF_LAPACK                 : enabled
20231012 090143.708 INFO             PET3 ESMF_NETCDF                 : disabled
20231012 090143.708 INFO             PET3 ESMF_PNETCDF                : disabled
20231012 090143.708 INFO             PET3 ESMF_PIO                    : disabled
20231012 090143.708 INFO             PET3 ESMF_YAMLCPP                : enabled
20231012 090143.709 INFO             PET3 mainApp STARTING
20231012 090143.712 INFO             PET3 driver: InitializeGeneric intro.
20231012 090143.712 INFO             PET3   driver: InitializeP0 intro.
20231012 090143.712 INFO             PET3   driver: InitializeP0 extro.
20231012 090143.712 INFO             PET3   driver: InitializeIPDv02p1 intro.
20231012 090143.712 INFO             PET3     >>>driver: entered Initialize (phase=<none>) without valid internal Clock.
20231012 090143.712 INFO             PET3     driver - Creating model component MODEL without petList.
20231012 090143.714 INFO             PET3      GridCompIsPetLocal:   T
20231012 090143.714 INFO             PET3      VmIsCreated:   T
20231012 090143.714 INFO             PET3      valid MPI_COMM with size=            4
20231012 090143.715 INFO             PET3     driver - Creating state: modelComp 1 Import State
20231012 090143.715 INFO             PET3     driver - Creating state: modelComp 1 Export State
20231012 090143.716 INFO             PET3     MODEL: InitializeP0 intro.
20231012 090143.716 INFO             PET3       >>>MODEL: entered Initialize (phase=<none>) without valid internal Clock.
20231012 090143.717 INFO             PET3       <<<MODEL: leaving Initialize (phase=<none>) without valid internal Clock.
20231012 090143.717 INFO             PET3     MODEL: InitializeP0 extro.
20231012 090143.718 INFO             PET3     driver: IInitAdvertise intro.
20231012 090143.718 INFO             PET3     driver: IInitAdvertise extro.
20231012 090143.718 INFO             PET3     MODEL: InitializeIPDvXp01 intro.
20231012 090143.718 INFO             PET3       >>>MODEL: entered Initialize (phase=IPDvXp01) without valid internal Clock.
20231012 090143.720 INFO             PET3       <<<MODEL: leaving Initialize (phase=IPDvXp01) without valid internal Clock.
20231012 090143.720 INFO             PET3     MODEL: InitializeIPDvXp01 extro.
20231012 090143.720 INFO             PET3     driver: IInitAdvertiseFinish intro.
20231012 090143.720 INFO             PET3     driver: IInitAdvertiseFinish extro.
20231012 090143.720 INFO             PET3     driver: IInitModifyCplLists intro.
20231012 090143.720 INFO             PET3     driver: IInitModifyCplLists extro.
20231012 090143.721 INFO             PET3     <<<driver: leaving Initialize (phase=<none>) with current time:    0  1  1  0  0  0   0
20231012 090143.721 INFO             PET3   driver: InitializeIPDv02p1 extro.
20231012 090143.721 INFO             PET3   driver: InitializeIPDv02p3 intro.
20231012 090143.721 INFO             PET3     >>>driver: entered Initialize (phase=<none>) with current time:    0  1  1  0  0  0   0
20231012 090143.721 INFO             PET3     driver: IInitCheck intro.
20231012 090143.721 INFO             PET3     driver: IInitCheck extro.
20231012 090143.721 INFO             PET3     MODEL: InitializeIPDvXp04 intro.
20231012 090143.721 INFO             PET3       >>>MODEL: entered Initialize (phase=IPDvXp04) without valid internal Clock.
20231012 090143.724 INFO             PET3       After Realize: - MemInfo: [/proc/meminfo - SSI]	MemTotal:       97470520 kB
20231012 090143.724 INFO             PET3       After Realize: - MemInfo: [/proc/meminfo - SSI]	MemFree:        88008256 kB
20231012 090143.724 INFO             PET3       After Realize: - MemInfo: [/proc/meminfo - SSI]	MemAvailable:   90346000 kB
20231012 090143.724 INFO             PET3       After Realize: - MemInfo: [/proc/meminfo - SSI]	Committed_AS:     993232 kB
20231012 090143.724 INFO             PET3       After Realize: - MemInfo: [/proc/meminfo - SSI]	CommittedPercent: 1.01901 %
20231012 090143.724 INFO             PET3       After Realize: - MemInfo: [/proc/self/status]	VmPeak:	  468752 kB
20231012 090143.725 INFO             PET3       After Realize: - MemInfo: [/proc/self/status]	VmSize:	  460212 kB
20231012 090143.725 INFO             PET3       After Realize: - MemInfo: [/proc/self/status]	VmLck:	       0 kB
20231012 090143.725 INFO             PET3       After Realize: - MemInfo: [/proc/self/status]	VmPin:	   13592 kB
20231012 090143.725 INFO             PET3       After Realize: - MemInfo: [/proc/self/status]	VmHWM:	   39536 kB
20231012 090143.725 INFO             PET3       After Realize: - MemInfo: [/proc/self/status]	VmRSS:	   39536 kB
20231012 090143.725 INFO             PET3       After Realize: - MemInfo: [/proc/self/status]	VmData:	  160736 kB
20231012 090143.725 INFO             PET3       After Realize: - MemInfo: [/proc/self/status]	VmStk:	     192 kB
20231012 090143.725 INFO             PET3       After Realize: - MemInfo: [/proc/self/status]	VmExe:	      24 kB
20231012 090143.725 INFO             PET3       After Realize: - MemInfo: [/proc/self/status]	VmLib:	   56520 kB
20231012 090143.725 INFO             PET3       After Realize: - MemInfo: [/proc/self/status]	VmPTE:	     356 kB
20231012 090143.725 INFO             PET3       After Realize: - MemInfo: [/proc/self/status]	VmSwap:	       0 kB
20231012 090143.725 INFO             PET3       After Realize: - MemInfo: [/proc/self/status]	VmRSSPercent: 0.040562 %
20231012 090143.725 INFO             PET3       After Realize: - MemInfo: [malloc] Non-mmapped space allocated:                 2674688 Byte
20231012 090143.725 INFO             PET3       After Realize: - MemInfo: [malloc] Space allocated in mmapped regions:          7639040 Byte
20231012 090143.725 INFO             PET3       After Realize: - MemInfo: [malloc] Maximum total allocated space:                     0 Byte
20231012 090143.725 INFO             PET3       After Realize: - MemInfo: [malloc] Space in freed fastbin blocks:                   848 Byte
20231012 090143.725 INFO             PET3       After Realize: - MemInfo: [malloc] Total allocated space:                       2418672 Byte
20231012 090143.725 INFO             PET3       After Realize: - MemInfo: [malloc] Total free space:                             256016 Byte
20231012 090143.725 INFO             PET3       After Realize: - MemInfo: [malloc] Top-most, releasable space:                    59408 Byte
20231012 090143.725 INFO             PET3       After Realize: - MemInfo: [malloc] Total space in use, mmap + non-mmap:        10057712 Byte
20231012 090143.725 INFO             PET3       After Realize: - MemInfo: [malloc] Total space held (mmap + non-mmap):         10313728 Byte
20231012 090143.725 INFO             PET3       After Realize: - MemInfo: [malloc] Total space used (mmap + non-mmap):         10066848 Byte
20231012 090143.725 INFO             PET3       After Realize: - MemInfo: Wall-clock time since execution start:              0.0245991 seconds
20231012 090143.725 INFO             PET3       <<<MODEL: leaving Initialize (phase=IPDvXp04) without valid internal Clock.
20231012 090143.725 INFO             PET3     MODEL: InitializeIPDvXp04 extro.
20231012 090143.726 INFO             PET3     driver: IInitRealize intro.
20231012 090143.726 INFO             PET3     driver: IInitRealize extro.
20231012 090143.726 INFO             PET3     MODEL: InitializeIPDvXp07 intro.
20231012 090143.726 INFO             PET3       >>>MODEL: entered Initialize (phase=IPDvXp07) without valid internal Clock.
20231012 090143.726 INFO             PET3       <<<MODEL: leaving Initialize (phase=IPDvXp07) with current time:    0  1  1  0  0  0   0
20231012 090143.726 INFO             PET3     MODEL: InitializeIPDvXp07 extro.
20231012 090143.726 INFO             PET3     <<<driver: leaving Initialize (phase=<none>) with current time:    0  1  1  0  0  0   0
20231012 090143.726 INFO             PET3   driver: InitializeIPDv02p3 extro.
20231012 090143.726 INFO             PET3   driver: InitializeIPDv02p5 intro.
20231012 090143.726 INFO             PET3     >>>driver: entered Initialize (phase=<none>) with current time:    0  1  1  0  0  0   0
20231012 090143.726 INFO             PET3     driver: this is a top level driver, no 'Updated' and 'InitializeDataComplete' info on this level.
20231012 090143.726 INFO             PET3     driver: InitializeIPDv02p5Data intro.
20231012 090143.727 INFO             PET3       driver: InternalInitializeComplete intro.
20231012 090143.727 INFO             PET3         driver: InitializeDataComplete='true'
20231012 090143.727 INFO             PET3       driver: InternalInitializeComplete extro.
20231012 090143.727 INFO             PET3       MODEL: InitializeIPDvXp08 intro.
20231012 090143.727 INFO             PET3         >>>MODEL: entered Initialize (phase=IPDv05p8) with current time:    0  1  1  0  0  0   0
20231012 090143.727 INFO             PET3         MODEL: InitializeDataProgress='false', InitializeDataComplete='false'
20231012 090143.727 INFO             PET3         <<<MODEL: leaving Initialize (phase=IPDv05p8) with current time:    0  1  1  0  0  0   0
20231012 090143.727 INFO             PET3       MODEL: InitializeIPDvXp08 extro.
20231012 090143.728 INFO             PET3       driver: components present that trigger loopDataDependentInitialize().
20231012 090143.728 INFO             PET3       driver: loopDataDependentInitialize intro.
20231012 090143.728 INFO             PET3         driver: component    0=driver, dataComplete (local): true
20231012 090143.728 INFO             PET3         driver: component    0=driver, dataComplete (global):  T
20231012 090143.728 INFO             PET3         driver: component    1=MODEL, dataComplete (local): false
20231012 090143.728 INFO             PET3         driver: component    1=MODEL, dataComplete (global):  F
20231012 090143.728 INFO             PET3         MODEL: InitializeIPDvXp08 intro.
20231012 090143.728 INFO             PET3           >>>MODEL: entered Initialize (phase=IPDv05p8) with current time:    0  1  1  0  0  0   0
20231012 090143.728 INFO             PET3           MODEL: InitializeDataProgress='true', InitializeDataComplete='true'
20231012 090143.728 INFO             PET3           <<<MODEL: leaving Initialize (phase=IPDv05p8) with current time:    0  1  1  0  0  0   0
20231012 090143.728 INFO             PET3         MODEL: InitializeIPDvXp08 extro.
20231012 090143.729 INFO             PET3         driver: component    1=MODEL, someProgress (local): true
20231012 090143.729 INFO             PET3         driver: component    1=MODEL, someProgress (global):  T
20231012 090143.729 INFO             PET3         driver: someProgress= T, allComplete= F, present(dataDepAllComplete)= T
20231012 090143.729 INFO             PET3         driver: component    0=driver, dataComplete (local): true
20231012 090143.729 INFO             PET3         driver: component    0=driver, dataComplete (global):  T
20231012 090143.729 INFO             PET3         driver: component    1=MODEL, dataComplete (local): true
20231012 090143.729 INFO             PET3         driver: component    1=MODEL, dataComplete (global):  T
20231012 090143.729 INFO             PET3         driver: someProgress= F, allComplete= T, present(dataDepAllComplete)= T
20231012 090143.729 INFO             PET3         driver: finished resolving initialize data dependencies on this level.
20231012 090143.729 INFO             PET3       driver: loopDataDependentInitialize extro.
20231012 090143.729 INFO             PET3       driver: loopDataDependentInitialize() returned with dataDepAllComplete:  T
20231012 090143.729 INFO             PET3     driver: InitializeIPDv02p5Data extro.
20231012 090143.729 INFO             PET3     <<<driver: leaving Initialize (phase=<none>) with current time:    0  1  1  0  0  0   0
20231012 090143.729 INFO             PET3   driver: InitializeIPDv02p5 extro.
20231012 090143.729 INFO             PET3 driver: InitializeGeneric extro.
20231012 090143.729 INFO             PET3 driver: Run intro.
20231012 090143.729 INFO             PET3   >>>driver entered Run (phase=RunPhase1) with current time:    0  1  1  0  0  0   0
20231012 090143.730 INFO             PET3   driver: after lable_SetRunClock, current time:    0  1  1  0  0  0   0
20231012 090143.730 INFO             PET3   driver: begin -------> RunSequence.
20231012 090143.730 INFO             PET3     driver: RunSequence event loopLevel=   1  levelMember=   1  loopIteration=   1, current time:    0  1  1  0  0  0   0
20231012 090143.730 INFO             PET3     MODEL: Run intro.
20231012 090143.730 INFO             PET3       >>>MODEL: entered Run (phase=RunPhase1) with current time:    0  1  1  0  0  0   0
20231012 090143.730 INFO             PET3       MODEL: time step-loop starting, current time:    0  1  1  0  0  0   0
20231012 090143.732 INFO             PET3       thread_num=   0   currentSsiPe=  62   num_threads=   3   max_threads=   3   num_procs=  40
20231012 090143.732 INFO             PET3       thread_num=   1   currentSsiPe=  63   num_threads=   3   max_threads=   3   num_procs=  40
20231012 090143.732 INFO             PET3       thread_num=   2   currentSsiPe=  64   num_threads=   3   max_threads=   3   num_procs=  40
20231012 090143.732 INFO             PET3       ---->Advancing Model from:    0  1  1  0  0  0   0
20231012 090143.732 INFO             PET3       ---------------------> to:    0  1  1  0  0 30   0
20231012 090143.732 INFO             PET3       MODEL: time step-loop ending,   current time:    0  1  1  0  0 30   0
20231012 090143.732 INFO             PET3       <<<MODEL: leaving Run (phase=RunPhase1) with current time:    0  1  1  0  0 30   0
20231012 090143.732 INFO             PET3     MODEL: Run extro.
20231012 090143.732 INFO             PET3     driver: RunSequence event loopLevel=   1  levelMember=   1  loopIteration=   2, current time:    0  1  1  0  0 30   0
20231012 090143.732 INFO             PET3     MODEL: Run intro.
20231012 090143.732 INFO             PET3       >>>MODEL: entered Run (phase=RunPhase1) with current time:    0  1  1  0  0 30   0
20231012 090143.733 INFO             PET3       MODEL: time step-loop starting, current time:    0  1  1  0  0 30   0
20231012 090143.733 INFO             PET3       thread_num=   2   currentSsiPe=  64   num_threads=   3   max_threads=   3   num_procs=  40
20231012 090143.733 INFO             PET3       thread_num=   1   currentSsiPe=  63   num_threads=   3   max_threads=   3   num_procs=  40
20231012 090143.733 INFO             PET3       thread_num=   0   currentSsiPe=  62   num_threads=   3   max_threads=   3   num_procs=  40
20231012 090143.733 INFO             PET3       ---->Advancing Model from:    0  1  1  0  0 30   0
20231012 090143.733 INFO             PET3       ---------------------> to:    0  1  1  0  1  0   0
20231012 090143.733 INFO             PET3       MODEL: time step-loop ending,   current time:    0  1  1  0  1  0   0
20231012 090143.733 INFO             PET3       <<<MODEL: leaving Run (phase=RunPhase1) with current time:    0  1  1  0  1  0   0
20231012 090143.733 INFO             PET3     MODEL: Run extro.
20231012 090143.733 INFO             PET3     driver: RunSequence event loopLevel=   1  levelMember=   1  loopIteration=   3, current time:    0  1  1  0  1  0   0
20231012 090143.733 INFO             PET3     MODEL: Run intro.
20231012 090143.733 INFO             PET3       >>>MODEL: entered Run (phase=RunPhase1) with current time:    0  1  1  0  1  0   0
20231012 090143.733 INFO             PET3       MODEL: time step-loop starting, current time:    0  1  1  0  1  0   0
20231012 090143.733 INFO             PET3       thread_num=   2   currentSsiPe=  64   num_threads=   3   max_threads=   3   num_procs=  40
20231012 090143.733 INFO             PET3       thread_num=   0   currentSsiPe=  62   num_threads=   3   max_threads=   3   num_procs=  40
20231012 090143.733 INFO             PET3       thread_num=   1   currentSsiPe=  63   num_threads=   3   max_threads=   3   num_procs=  40
20231012 090143.733 INFO             PET3       ---->Advancing Model from:    0  1  1  0  1  0   0
20231012 090143.733 INFO             PET3       ---------------------> to:    0  1  1  0  1 30   0
20231012 090143.733 INFO             PET3       MODEL: time step-loop ending,   current time:    0  1  1  0  1 30   0
20231012 090143.733 INFO             PET3       <<<MODEL: leaving Run (phase=RunPhase1) with current time:    0  1  1  0  1 30   0
20231012 090143.733 INFO             PET3     MODEL: Run extro.
20231012 090143.733 INFO             PET3     driver: RunSequence event loopLevel=   1  levelMember=   1  loopIteration=   4, current time:    0  1  1  0  1 30   0
20231012 090143.733 INFO             PET3     MODEL: Run intro.
20231012 090143.734 INFO             PET3       >>>MODEL: entered Run (phase=RunPhase1) with current time:    0  1  1  0  1 30   0
20231012 090143.734 INFO             PET3       MODEL: time step-loop starting, current time:    0  1  1  0  1 30   0
20231012 090143.734 INFO             PET3       thread_num=   2   currentSsiPe=  64   num_threads=   3   max_threads=   3   num_procs=  40
20231012 090143.734 INFO             PET3       thread_num=   0   currentSsiPe=  62   num_threads=   3   max_threads=   3   num_procs=  40
20231012 090143.734 INFO             PET3       thread_num=   1   currentSsiPe=  63   num_threads=   3   max_threads=   3   num_procs=  40
20231012 090143.734 INFO             PET3       ---->Advancing Model from:    0  1  1  0  1 30   0
20231012 090143.734 INFO             PET3       ---------------------> to:    0  1  1  0  2  0   0
20231012 090143.734 INFO             PET3       MODEL: time step-loop ending,   current time:    0  1  1  0  2  0   0
20231012 090143.734 INFO             PET3       <<<MODEL: leaving Run (phase=RunPhase1) with current time:    0  1  1  0  2  0   0
20231012 090143.734 INFO             PET3     MODEL: Run extro.
20231012 090143.734 INFO             PET3     driver: RunSequence event loopLevel=   1  levelMember=   1  loopIteration=   5, current time:    0  1  1  0  2  0   0
20231012 090143.734 INFO             PET3     MODEL: Run intro.
20231012 090143.734 INFO             PET3       >>>MODEL: entered Run (phase=RunPhase1) with current time:    0  1  1  0  2  0   0
20231012 090143.734 INFO             PET3       MODEL: time step-loop starting, current time:    0  1  1  0  2  0   0
20231012 090143.734 INFO             PET3       thread_num=   2   currentSsiPe=  64   num_threads=   3   max_threads=   3   num_procs=  40
20231012 090143.734 INFO             PET3       thread_num=   1   currentSsiPe=  63   num_threads=   3   max_threads=   3   num_procs=  40
20231012 090143.734 INFO             PET3       thread_num=   0   currentSsiPe=  62   num_threads=   3   max_threads=   3   num_procs=  40
20231012 090143.734 INFO             PET3       ---->Advancing Model from:    0  1  1  0  2  0   0
20231012 090143.734 INFO             PET3       ---------------------> to:    0  1  1  0  2 30   0
20231012 090143.734 INFO             PET3       MODEL: time step-loop ending,   current time:    0  1  1  0  2 30   0
20231012 090143.734 INFO             PET3       <<<MODEL: leaving Run (phase=RunPhase1) with current time:    0  1  1  0  2 30   0
20231012 090143.734 INFO             PET3     MODEL: Run extro.
20231012 090143.734 INFO             PET3   driver: end <--------- RunSequence
20231012 090143.734 INFO             PET3   <<<driver - leaving Run with current time:    0  1  1  0  2 30   0
20231012 090143.734 INFO             PET3 driver: Run extro.
20231012 090143.734 INFO             PET3 driver: Finalize intro.
20231012 090143.734 INFO             PET3   Calling Finalize phase 1 for modelComp: MODEL
20231012 090143.735 INFO             PET3   MODEL: Finalize intro.
20231012 090143.735 INFO             PET3     >>>MODEL: entered Finalize (phase=FinalizePhase1) with current time:    0  1  1  0  2 30   0
20231012 090143.735 INFO             PET3     <<<MODEL: leaving Finalize (phase=FinalizePhase1) with current time:    0  1  1  0  2 30   0
20231012 090143.735 INFO             PET3   MODEL: Finalize extro.
20231012 090143.735 INFO             PET3   Delete modelComp: MODEL
20231012 090143.735 INFO             PET3   Delete Import-/Export State for modelComp: MODEL
20231012 090143.735 INFO             PET3 driver: Finalize extro.
20231012 090143.735 INFO             PET3 mainApp FINISHED
20231012 090143.735 INFO             PET3  Finalizing ESMF
