2023-11-02 07:44:14
20231102 081518.587 INFO             PET0 !!!!!!!!!!!!!!!!!!!!!!!!!!!!!!!!!!!!!!!!!!!!!!!!!!!!!!
20231102 081518.588 INFO             PET0 !!! THE ESMF_LOG IS SET TO OUTPUT ALL LOG MESSAGES !!!
20231102 081518.588 INFO             PET0 !!!     THIS MAY CAUSE SLOWDOWN IN PERFORMANCE     !!!
20231102 081518.588 INFO             PET0 !!! FOR PRODUCTION RUNS, USE:                      !!!
20231102 081518.588 INFO             PET0 !!!                   ESMF_LOGKIND_Multi_On_Error  !!!
20231102 081518.588 INFO             PET0 !!!!!!!!!!!!!!!!!!!!!!!!!!!!!!!!!!!!!!!!!!!!!!!!!!!!!!
20231102 081518.588 INFO             PET0 Running with ESMF Version   : v8.7.0b00-3-gae6d46cf0b
20231102 081518.588 INFO             PET0 ESMF library build date/time: "Nov  2 2023" "07:42:26"
20231102 081518.588 INFO             PET0 ESMF library build location : /scratch2/NCEPDEV/stmp1/Gerhard.Theurich/ESMF-Nightly-Testing/intel_2023.1.0_mpiuni_g_develop/esmf
20231102 081518.588 INFO             PET0 ESMF_COMM                   : mpiuni
20231102 081518.589 INFO             PET0 ESMF_MOAB                   : enabled
20231102 081518.589 INFO             PET0 ESMF_LAPACK                 : enabled
20231102 081518.589 INFO             PET0 ESMF_NETCDF                 : enabled
20231102 081518.589 INFO             PET0 ESMF_PNETCDF                : disabled
20231102 081518.589 INFO             PET0 ESMF_PIO                    : disabled
20231102 081518.589 INFO             PET0 ESMF_YAMLCPP                : enabled
20231102 081518.590 INFO             PET0 Log Write 2
20231102 081518.590 ERROR            PET0 Invalid object  - Convergence failure
20231102 081518.590 ERROR            PET0 ESMCI_Fraction.C:1444 ESMCI::Fraction::validate() must have non-zero denominator.
20231102 081518.590 ERROR            PET0 ESMCI_Time.C:838 ESMCI::Time::syncToRealTime() Wrong argument specified  - ; calkindflag is JULIANDAY, MODJULIANDAY or NOCALENDAR.
20231102 081518.590 ERROR            PET0 ESMF_Time.F90:1485 ESMF_TimeSyncToRealTime() Wrong argument specified  - Internal subroutine call returned Error
20231102 081518.590 ERROR            PET0 Wrong argument specified  - getting wall clock time
20231102 081518.591 INFO             PET0  NUMBER_OF_PROCESSORS           1
20231102 081518.592 INFO             PET0  PASS  Example ESMF_LogErrEx, ESMF_LogErrEx.F90, line 186
20231102 081518.592 INFO             PET0  Finalizing ESMF
