2023-10-27 07:38:31
20231027 080956.196 INFO             PET0 !!!!!!!!!!!!!!!!!!!!!!!!!!!!!!!!!!!!!!!!!!!!!!!!!!!!!!
20231027 080956.197 INFO             PET0 !!! THE ESMF_LOG IS SET TO OUTPUT ALL LOG MESSAGES !!!
20231027 080956.197 INFO             PET0 !!!     THIS MAY CAUSE SLOWDOWN IN PERFORMANCE     !!!
20231027 080956.197 INFO             PET0 !!! FOR PRODUCTION RUNS, USE:                      !!!
20231027 080956.197 INFO             PET0 !!!                   ESMF_LOGKIND_Multi_On_Error  !!!
20231027 080956.197 INFO             PET0 !!!!!!!!!!!!!!!!!!!!!!!!!!!!!!!!!!!!!!!!!!!!!!!!!!!!!!
20231027 080956.197 INFO             PET0 Running with ESMF Version   : v8.6.0b11-2-gb148b073f4
20231027 080956.197 INFO             PET0 ESMF library build date/time: "Oct 27 2023" "07:36:47"
20231027 080956.197 INFO             PET0 ESMF library build location : /scratch2/NCEPDEV/stmp1/Gerhard.Theurich/ESMF-Nightly-Testing/intel_2023.1.0_mpiuni_g_develop/esmf
20231027 080956.197 INFO             PET0 ESMF_COMM                   : mpiuni
20231027 080956.198 INFO             PET0 ESMF_MOAB                   : enabled
20231027 080956.198 INFO             PET0 ESMF_LAPACK                 : enabled
20231027 080956.198 INFO             PET0 ESMF_NETCDF                 : enabled
20231027 080956.198 INFO             PET0 ESMF_PNETCDF                : disabled
20231027 080956.198 INFO             PET0 ESMF_PIO                    : disabled
20231027 080956.198 INFO             PET0 ESMF_YAMLCPP                : enabled
20231027 080956.236 INFO             PET0  NUMBER_OF_PROCESSORS           1
20231027 080956.237 INFO             PET0  PASS  Example ESMF_LocStreamEx, ESMF_LocStreamEx.F90, line 784
20231027 080956.237 INFO             PET0  Finalizing ESMF
