2023-10-09 02:56:52
20231009 033408.151 INFO             PET0 !!!!!!!!!!!!!!!!!!!!!!!!!!!!!!!!!!!!!!!!!!!!!!!!!!!!!!
20231009 033408.151 INFO             PET0 !!! THE ESMF_LOG IS SET TO OUTPUT ALL LOG MESSAGES !!!
20231009 033408.151 INFO             PET0 !!!     THIS MAY CAUSE SLOWDOWN IN PERFORMANCE     !!!
20231009 033408.151 INFO             PET0 !!! FOR PRODUCTION RUNS, USE:                      !!!
20231009 033408.151 INFO             PET0 !!!                   ESMF_LOGKIND_Multi_On_Error  !!!
20231009 033408.151 INFO             PET0 !!!!!!!!!!!!!!!!!!!!!!!!!!!!!!!!!!!!!!!!!!!!!!!!!!!!!!
20231009 033408.151 INFO             PET0 Running with ESMF Version   : v8.6.0b07-67-gb347190ad6
20231009 033408.151 INFO             PET0 ESMF library build date/time: "Oct  9 2023" "02:53:39"
20231009 033408.151 INFO             PET0 ESMF library build location : /glade/scratch/theurich/ESMF-Nightly-Testing/gfortran_13.1.0_openmpi_g_develop/esmf
20231009 033408.151 INFO             PET0 ESMF_COMM                   : openmpi
20231009 033408.151 INFO             PET0 ESMF_MOAB                   : enabled
20231009 033408.151 INFO             PET0 ESMF_LAPACK                 : enabled
20231009 033408.151 INFO             PET0 ESMF_NETCDF                 : enabled
20231009 033408.151 INFO             PET0 ESMF_PNETCDF                : disabled
20231009 033408.151 INFO             PET0 ESMF_PIO                    : enabled
20231009 033408.151 INFO             PET0 ESMF_YAMLCPP                : enabled
20231009 033408.151 INFO             PET0  NUMBER_OF_PROCESSORS           1
20231009 033408.151 INFO             PET0  PASS  Example ESMF_TimeEx, ESMF_TimeEx.F90, line 141
20231009 033408.151 INFO             PET0 Finalizing ESMF
