2023-10-05 02:48:16
20231005 032444.829 INFO             PET0 !!!!!!!!!!!!!!!!!!!!!!!!!!!!!!!!!!!!!!!!!!!!!!!!!!!!!!
20231005 032444.829 INFO             PET0 !!! THE ESMF_LOG IS SET TO OUTPUT ALL LOG MESSAGES !!!
20231005 032444.829 INFO             PET0 !!!     THIS MAY CAUSE SLOWDOWN IN PERFORMANCE     !!!
20231005 032444.829 INFO             PET0 !!! FOR PRODUCTION RUNS, USE:                      !!!
20231005 032444.829 INFO             PET0 !!!                   ESMF_LOGKIND_Multi_On_Error  !!!
20231005 032444.829 INFO             PET0 !!!!!!!!!!!!!!!!!!!!!!!!!!!!!!!!!!!!!!!!!!!!!!!!!!!!!!
20231005 032444.829 INFO             PET0 Running with ESMF Version   : v8.6.0b07-59-g89013280a7
20231005 032444.829 INFO             PET0 ESMF library build date/time: "Oct  5 2023" "02:45:09"
20231005 032444.829 INFO             PET0 ESMF library build location : /glade/scratch/theurich/ESMF-Nightly-Testing/gfortran_13.1.0_openmpi_g_develop/esmf
20231005 032444.829 INFO             PET0 ESMF_COMM                   : openmpi
20231005 032444.830 INFO             PET0 ESMF_MOAB                   : enabled
20231005 032444.830 INFO             PET0 ESMF_LAPACK                 : enabled
20231005 032444.830 INFO             PET0 ESMF_NETCDF                 : enabled
20231005 032444.830 INFO             PET0 ESMF_PNETCDF                : disabled
20231005 032444.830 INFO             PET0 ESMF_PIO                    : enabled
20231005 032444.830 INFO             PET0 ESMF_YAMLCPP                : enabled
20231005 032444.830 INFO             PET0  NUMBER_OF_PROCESSORS           2
20231005 032444.830 INFO             PET0  PASS  Example ESMF_VMUserMpiCommEx, ESMF_VMUserMpiCommEx.F90, line 113
20231005 032444.830 INFO             PET0 Finalizing ESMF
20231005 032444.830 INFO             PET1 !!!!!!!!!!!!!!!!!!!!!!!!!!!!!!!!!!!!!!!!!!!!!!!!!!!!!!
20231005 032444.830 INFO             PET1 !!! THE ESMF_LOG IS SET TO OUTPUT ALL LOG MESSAGES !!!
20231005 032444.830 INFO             PET1 !!!     THIS MAY CAUSE SLOWDOWN IN PERFORMANCE     !!!
20231005 032444.830 INFO             PET1 !!! FOR PRODUCTION RUNS, USE:                      !!!
20231005 032444.830 INFO             PET1 !!!                   ESMF_LOGKIND_Multi_On_Error  !!!
20231005 032444.830 INFO             PET1 !!!!!!!!!!!!!!!!!!!!!!!!!!!!!!!!!!!!!!!!!!!!!!!!!!!!!!
20231005 032444.830 INFO             PET1 Running with ESMF Version   : v8.6.0b07-59-g89013280a7
20231005 032444.830 INFO             PET1 ESMF library build date/time: "Oct  5 2023" "02:45:09"
20231005 032444.830 INFO             PET1 ESMF library build location : /glade/scratch/theurich/ESMF-Nightly-Testing/gfortran_13.1.0_openmpi_g_develop/esmf
20231005 032444.830 INFO             PET1 ESMF_COMM                   : openmpi
20231005 032444.830 INFO             PET1 ESMF_MOAB                   : enabled
20231005 032444.830 INFO             PET1 ESMF_LAPACK                 : enabled
20231005 032444.830 INFO             PET1 ESMF_NETCDF                 : enabled
20231005 032444.830 INFO             PET1 ESMF_PNETCDF                : disabled
20231005 032444.830 INFO             PET1 ESMF_PIO                    : enabled
20231005 032444.830 INFO             PET1 ESMF_YAMLCPP                : enabled
20231005 032444.830 INFO             PET1  NUMBER_OF_PROCESSORS           2
20231005 032444.830 INFO             PET1  PASS  Example ESMF_VMUserMpiCommEx, ESMF_VMUserMpiCommEx.F90, line 113
20231005 032444.830 INFO             PET1 Finalizing ESMF
