2023-10-16 04:05:39
20231016 043527.432 INFO             PET0 !!!!!!!!!!!!!!!!!!!!!!!!!!!!!!!!!!!!!!!!!!!!!!!!!!!!!!
20231016 043527.432 INFO             PET0 !!! THE ESMF_LOG IS SET TO OUTPUT ALL LOG MESSAGES !!!
20231016 043527.432 INFO             PET0 !!!     THIS MAY CAUSE SLOWDOWN IN PERFORMANCE     !!!
20231016 043527.432 INFO             PET0 !!! FOR PRODUCTION RUNS, USE:                      !!!
20231016 043527.432 INFO             PET0 !!!                   ESMF_LOGKIND_Multi_On_Error  !!!
20231016 043527.432 INFO             PET0 !!!!!!!!!!!!!!!!!!!!!!!!!!!!!!!!!!!!!!!!!!!!!!!!!!!!!!
20231016 043527.432 INFO             PET0 Running with ESMF Version   : v8.6.0b09
20231016 043527.432 INFO             PET0 ESMF library build date/time: "Oct 16 2023" "04:04:37"
20231016 043527.432 INFO             PET0 ESMF library build location : /tmp/intel_2023.1.0-classic_mpi_O_develop/esmf
20231016 043527.432 INFO             PET0 ESMF_COMM                   : mpi
20231016 043527.432 INFO             PET0 ESMF_MOAB                   : enabled
20231016 043527.432 INFO             PET0 ESMF_LAPACK                 : enabled
20231016 043527.432 INFO             PET0 ESMF_NETCDF                 : enabled
20231016 043527.432 INFO             PET0 ESMF_PNETCDF                : disabled
20231016 043527.432 INFO             PET0 ESMF_PIO                    : enabled
20231016 043527.432 INFO             PET0 ESMF_YAMLCPP                : enabled
20231016 043527.432 INFO             PET0 mainApp STARTING
20231016 043527.433 INFO             PET0 driver: InitializeGeneric intro.
20231016 043527.434 INFO             PET0   driver: InitializeP0 intro.
20231016 043527.434 INFO             PET0   driver: InitializeP0 extro.
20231016 043527.434 INFO             PET0   driver: InitializeIPDv02p1 intro.
20231016 043527.434 INFO             PET0     >>>driver: entered Initialize (phase=<none>) without valid internal Clock.
20231016 043527.434 INFO             PET0     driver - Creating model component MODEL without petList.
20231016 043527.434 INFO             PET0      GridCompIsPetLocal:  T
20231016 043527.434 INFO             PET0      VmIsCreated:  T
20231016 043527.434 INFO             PET0      valid MPI_COMM with size=           4
20231016 043527.435 INFO             PET0     driver - Creating state: modelComp 1 Import State
20231016 043527.435 INFO             PET0     driver - Creating state: modelComp 1 Export State
20231016 043527.435 INFO             PET0     MODEL: InitializeP0 intro.
20231016 043527.435 INFO             PET0       >>>MODEL: entered Initialize (phase=<none>) without valid internal Clock.
20231016 043527.435 INFO             PET0       <<<MODEL: leaving Initialize (phase=<none>) without valid internal Clock.
20231016 043527.435 INFO             PET0     MODEL: InitializeP0 extro.
20231016 043527.436 INFO             PET0     driver: IInitAdvertise intro.
20231016 043527.436 INFO             PET0     driver: IInitAdvertise extro.
20231016 043527.436 INFO             PET0     MODEL: InitializeIPDvXp01 intro.
20231016 043527.436 INFO             PET0       >>>MODEL: entered Initialize (phase=IPDvXp01) without valid internal Clock.
20231016 043527.437 INFO             PET0       <<<MODEL: leaving Initialize (phase=IPDvXp01) without valid internal Clock.
20231016 043527.437 INFO             PET0     MODEL: InitializeIPDvXp01 extro.
20231016 043527.437 INFO             PET0     driver: IInitAdvertiseFinish intro.
20231016 043527.437 INFO             PET0     driver: IInitAdvertiseFinish extro.
20231016 043527.437 INFO             PET0     driver: IInitModifyCplLists intro.
20231016 043527.437 INFO             PET0     driver: IInitModifyCplLists extro.
20231016 043527.437 INFO             PET0     <<<driver: leaving Initialize (phase=<none>) with current time:    0  1  1  0  0  0   0
20231016 043527.437 INFO             PET0   driver: InitializeIPDv02p1 extro.
20231016 043527.437 INFO             PET0   driver: InitializeIPDv02p3 intro.
20231016 043527.437 INFO             PET0     >>>driver: entered Initialize (phase=<none>) with current time:    0  1  1  0  0  0   0
20231016 043527.437 INFO             PET0     driver: IInitCheck intro.
20231016 043527.437 INFO             PET0     driver: IInitCheck extro.
20231016 043527.437 INFO             PET0     MODEL: InitializeIPDvXp04 intro.
20231016 043527.437 INFO             PET0       >>>MODEL: entered Initialize (phase=IPDvXp04) without valid internal Clock.
20231016 043527.438 INFO             PET0       After Realize: - MemInfo: [/proc/meminfo - SSI]	MemTotal:       263445840 kB
20231016 043527.439 INFO             PET0       After Realize: - MemInfo: [/proc/meminfo - SSI]	MemFree:        243691512 kB
20231016 043527.439 INFO             PET0       After Realize: - MemInfo: [/proc/meminfo - SSI]	MemAvailable:   243353948 kB
20231016 043527.439 INFO             PET0       After Realize: - MemInfo: [/proc/meminfo - SSI]	Committed_AS:    3558908 kB
20231016 043527.439 INFO             PET0       After Realize: - MemInfo: [/proc/meminfo - SSI]	CommittedPercent: 1.35091 %
20231016 043527.439 INFO             PET0       After Realize: - MemInfo: [/proc/self/status]	VmPeak:	  236196 kB
20231016 043527.439 INFO             PET0       After Realize: - MemInfo: [/proc/self/status]	VmSize:	  236196 kB
20231016 043527.439 INFO             PET0       After Realize: - MemInfo: [/proc/self/status]	VmLck:	       0 kB
20231016 043527.439 INFO             PET0       After Realize: - MemInfo: [/proc/self/status]	VmPin:	       0 kB
20231016 043527.439 INFO             PET0       After Realize: - MemInfo: [/proc/self/status]	VmHWM:	   48476 kB
20231016 043527.439 INFO             PET0       After Realize: - MemInfo: [/proc/self/status]	VmRSS:	   48476 kB
20231016 043527.439 INFO             PET0       After Realize: - MemInfo: [/proc/self/status]	VmData:	   26640 kB
20231016 043527.439 INFO             PET0       After Realize: - MemInfo: [/proc/self/status]	VmStk:	     180 kB
20231016 043527.439 INFO             PET0       After Realize: - MemInfo: [/proc/self/status]	VmExe:	    1496 kB
20231016 043527.439 INFO             PET0       After Realize: - MemInfo: [/proc/self/status]	VmLib:	  115428 kB
20231016 043527.439 INFO             PET0       After Realize: - MemInfo: [/proc/self/status]	VmPTE:	     388 kB
20231016 043527.439 INFO             PET0       After Realize: - MemInfo: [/proc/self/status]	VmSwap:	       0 kB
20231016 043527.439 INFO             PET0       After Realize: - MemInfo: [/proc/self/status]	VmRSSPercent: 0.0184007 %
20231016 043527.439 INFO             PET0       After Realize: - MemInfo: [malloc] Non-mmapped space allocated:                  843776 Byte
20231016 043527.439 INFO             PET0       After Realize: - MemInfo: [malloc] Space allocated in mmapped regions:          9129984 Byte
20231016 043527.439 INFO             PET0       After Realize: - MemInfo: [malloc] Maximum total allocated space:                     0 Byte
20231016 043527.439 INFO             PET0       After Realize: - MemInfo: [malloc] Space in freed fastbin blocks:                   160 Byte
20231016 043527.439 INFO             PET0       After Realize: - MemInfo: [malloc] Total allocated space:                        744944 Byte
20231016 043527.439 INFO             PET0       After Realize: - MemInfo: [malloc] Total free space:                              98832 Byte
20231016 043527.439 INFO             PET0       After Realize: - MemInfo: [malloc] Top-most, releasable space:                    98672 Byte
20231016 043527.439 INFO             PET0       After Realize: - MemInfo: [malloc] Total space in use, mmap + non-mmap:         9874928 Byte
20231016 043527.439 INFO             PET0       After Realize: - MemInfo: [malloc] Total space held (mmap + non-mmap):          9973760 Byte
20231016 043527.439 INFO             PET0       After Realize: - MemInfo: [malloc] Total space used (mmap + non-mmap):          9883632 Byte
20231016 043527.439 INFO             PET0       After Realize: - MemInfo: Wall-clock time since execution start:             0.00987272 seconds
20231016 043527.439 INFO             PET0       <<<MODEL: leaving Initialize (phase=IPDvXp04) without valid internal Clock.
20231016 043527.439 INFO             PET0     MODEL: InitializeIPDvXp04 extro.
20231016 043527.439 INFO             PET0     driver: IInitRealize intro.
20231016 043527.439 INFO             PET0     driver: IInitRealize extro.
20231016 043527.439 INFO             PET0     MODEL: InitializeIPDvXp07 intro.
20231016 043527.439 INFO             PET0       >>>MODEL: entered Initialize (phase=IPDvXp07) without valid internal Clock.
20231016 043527.439 INFO             PET0       <<<MODEL: leaving Initialize (phase=IPDvXp07) with current time:    0  1  1  0  0  0   0
20231016 043527.439 INFO             PET0     MODEL: InitializeIPDvXp07 extro.
20231016 043527.439 INFO             PET0     <<<driver: leaving Initialize (phase=<none>) with current time:    0  1  1  0  0  0   0
20231016 043527.439 INFO             PET0   driver: InitializeIPDv02p3 extro.
20231016 043527.439 INFO             PET0   driver: InitializeIPDv02p5 intro.
20231016 043527.439 INFO             PET0     >>>driver: entered Initialize (phase=<none>) with current time:    0  1  1  0  0  0   0
20231016 043527.439 INFO             PET0     driver: this is a top level driver, no 'Updated' and 'InitializeDataComplete' info on this level.
20231016 043527.439 INFO             PET0     driver: InitializeIPDv02p5Data intro.
20231016 043527.439 INFO             PET0       driver: InternalInitializeComplete intro.
20231016 043527.439 INFO             PET0         driver: InitializeDataComplete='true'
20231016 043527.439 INFO             PET0       driver: InternalInitializeComplete extro.
20231016 043527.439 INFO             PET0       MODEL: InitializeIPDvXp08 intro.
20231016 043527.439 INFO             PET0         >>>MODEL: entered Initialize (phase=IPDv05p8) with current time:    0  1  1  0  0  0   0
20231016 043527.440 INFO             PET0         MODEL: InitializeDataProgress='false', InitializeDataComplete='false'
20231016 043527.440 INFO             PET0         <<<MODEL: leaving Initialize (phase=IPDv05p8) with current time:    0  1  1  0  0  0   0
20231016 043527.440 INFO             PET0       MODEL: InitializeIPDvXp08 extro.
20231016 043527.440 INFO             PET0       driver: components present that trigger loopDataDependentInitialize().
20231016 043527.440 INFO             PET0       driver: loopDataDependentInitialize intro.
20231016 043527.440 INFO             PET0         driver: component    0=driver, dataComplete (local): true
20231016 043527.440 INFO             PET0         driver: component    0=driver, dataComplete (global):  T
20231016 043527.440 INFO             PET0         driver: component    1=MODEL, dataComplete (local): false
20231016 043527.440 INFO             PET0         driver: component    1=MODEL, dataComplete (global):  F
20231016 043527.440 INFO             PET0         MODEL: InitializeIPDvXp08 intro.
20231016 043527.440 INFO             PET0           >>>MODEL: entered Initialize (phase=IPDv05p8) with current time:    0  1  1  0  0  0   0
20231016 043527.440 INFO             PET0           MODEL: InitializeDataProgress='true', InitializeDataComplete='true'
20231016 043527.440 INFO             PET0           <<<MODEL: leaving Initialize (phase=IPDv05p8) with current time:    0  1  1  0  0  0   0
20231016 043527.440 INFO             PET0         MODEL: InitializeIPDvXp08 extro.
20231016 043527.440 INFO             PET0         driver: component    1=MODEL, someProgress (local): true
20231016 043527.440 INFO             PET0         driver: component    1=MODEL, someProgress (global):  T
20231016 043527.440 INFO             PET0         driver: someProgress= T, allComplete= F, present(dataDepAllComplete)= T
20231016 043527.440 INFO             PET0         driver: component    0=driver, dataComplete (local): true
20231016 043527.440 INFO             PET0         driver: component    0=driver, dataComplete (global):  T
20231016 043527.440 INFO             PET0         driver: component    1=MODEL, dataComplete (local): true
20231016 043527.440 INFO             PET0         driver: component    1=MODEL, dataComplete (global):  T
20231016 043527.440 INFO             PET0         driver: someProgress= F, allComplete= T, present(dataDepAllComplete)= T
20231016 043527.440 INFO             PET0         driver: finished resolving initialize data dependencies on this level.
20231016 043527.440 INFO             PET0       driver: loopDataDependentInitialize extro.
20231016 043527.440 INFO             PET0       driver: loopDataDependentInitialize() returned with dataDepAllComplete:  T
20231016 043527.440 INFO             PET0     driver: InitializeIPDv02p5Data extro.
20231016 043527.440 INFO             PET0     <<<driver: leaving Initialize (phase=<none>) with current time:    0  1  1  0  0  0   0
20231016 043527.440 INFO             PET0   driver: InitializeIPDv02p5 extro.
20231016 043527.440 INFO             PET0 driver: InitializeGeneric extro.
20231016 043527.440 INFO             PET0 driver: Run intro.
20231016 043527.440 INFO             PET0   >>>driver entered Run (phase=RunPhase1) with current time:    0  1  1  0  0  0   0
20231016 043527.440 INFO             PET0   driver: after lable_SetRunClock, current time:    0  1  1  0  0  0   0
20231016 043527.441 INFO             PET0   driver: begin -------> RunSequence.
20231016 043527.441 INFO             PET0     driver: RunSequence event loopLevel=   1  levelMember=   1  loopIteration=   1, current time:    0  1  1  0  0  0   0
20231016 043527.441 INFO             PET0     MODEL: Run intro.
20231016 043527.441 INFO             PET0       >>>MODEL: entered Run (phase=RunPhase1) with current time:    0  1  1  0  0  0   0
20231016 043527.441 INFO             PET0       MODEL: time step-loop starting, current time:    0  1  1  0  0  0   0
20231016 043527.441 INFO             PET0       thread_num=   0   currentSsiPe= 128   num_threads=   3   max_threads=   3   num_procs=   2
20231016 043527.441 INFO             PET0       thread_num=   1   currentSsiPe=   0   num_threads=   3   max_threads=   3   num_procs=   2
20231016 043527.446 INFO             PET0       thread_num=   2   currentSsiPe=   0   num_threads=   3   max_threads=   3   num_procs=   2
20231016 043527.446 INFO             PET0       ---->Advancing Model from:    0  1  1  0  0  0   0
20231016 043527.446 INFO             PET0       ---------------------> to:    0  1  1  0  0 30   0
20231016 043527.446 INFO             PET0       MODEL: time step-loop ending,   current time:    0  1  1  0  0 30   0
20231016 043527.446 INFO             PET0       <<<MODEL: leaving Run (phase=RunPhase1) with current time:    0  1  1  0  0 30   0
20231016 043527.446 INFO             PET0     MODEL: Run extro.
20231016 043527.446 INFO             PET0     driver: RunSequence event loopLevel=   1  levelMember=   1  loopIteration=   2, current time:    0  1  1  0  0 30   0
20231016 043527.446 INFO             PET0     MODEL: Run intro.
20231016 043527.446 INFO             PET0       >>>MODEL: entered Run (phase=RunPhase1) with current time:    0  1  1  0  0 30   0
20231016 043527.446 INFO             PET0       MODEL: time step-loop starting, current time:    0  1  1  0  0 30   0
20231016 043527.446 INFO             PET0       thread_num=   0   currentSsiPe= 128   num_threads=   3   max_threads=   3   num_procs=   2
20231016 043527.446 INFO             PET0       thread_num=   1   currentSsiPe=   0   num_threads=   3   max_threads=   3   num_procs=   2
20231016 043527.446 INFO             PET0       thread_num=   2   currentSsiPe=   0   num_threads=   3   max_threads=   3   num_procs=   2
20231016 043527.446 INFO             PET0       ---->Advancing Model from:    0  1  1  0  0 30   0
20231016 043527.446 INFO             PET0       ---------------------> to:    0  1  1  0  1  0   0
20231016 043527.446 INFO             PET0       MODEL: time step-loop ending,   current time:    0  1  1  0  1  0   0
20231016 043527.446 INFO             PET0       <<<MODEL: leaving Run (phase=RunPhase1) with current time:    0  1  1  0  1  0   0
20231016 043527.446 INFO             PET0     MODEL: Run extro.
20231016 043527.446 INFO             PET0     driver: RunSequence event loopLevel=   1  levelMember=   1  loopIteration=   3, current time:    0  1  1  0  1  0   0
20231016 043527.447 INFO             PET0     MODEL: Run intro.
20231016 043527.447 INFO             PET0       >>>MODEL: entered Run (phase=RunPhase1) with current time:    0  1  1  0  1  0   0
20231016 043527.447 INFO             PET0       MODEL: time step-loop starting, current time:    0  1  1  0  1  0   0
20231016 043527.447 INFO             PET0       thread_num=   0   currentSsiPe= 128   num_threads=   3   max_threads=   3   num_procs=   2
20231016 043527.447 INFO             PET0       thread_num=   2   currentSsiPe=   0   num_threads=   3   max_threads=   3   num_procs=   2
20231016 043527.447 INFO             PET0       thread_num=   1   currentSsiPe=   0   num_threads=   3   max_threads=   3   num_procs=   2
20231016 043527.447 INFO             PET0       ---->Advancing Model from:    0  1  1  0  1  0   0
20231016 043527.447 INFO             PET0       ---------------------> to:    0  1  1  0  1 30   0
20231016 043527.447 INFO             PET0       MODEL: time step-loop ending,   current time:    0  1  1  0  1 30   0
20231016 043527.447 INFO             PET0       <<<MODEL: leaving Run (phase=RunPhase1) with current time:    0  1  1  0  1 30   0
20231016 043527.447 INFO             PET0     MODEL: Run extro.
20231016 043527.447 INFO             PET0     driver: RunSequence event loopLevel=   1  levelMember=   1  loopIteration=   4, current time:    0  1  1  0  1 30   0
20231016 043527.447 INFO             PET0     MODEL: Run intro.
20231016 043527.447 INFO             PET0       >>>MODEL: entered Run (phase=RunPhase1) with current time:    0  1  1  0  1 30   0
20231016 043527.447 INFO             PET0       MODEL: time step-loop starting, current time:    0  1  1  0  1 30   0
20231016 043527.447 INFO             PET0       thread_num=   0   currentSsiPe= 128   num_threads=   3   max_threads=   3   num_procs=   2
20231016 043527.447 INFO             PET0       thread_num=   1   currentSsiPe=   0   num_threads=   3   max_threads=   3   num_procs=   2
20231016 043527.447 INFO             PET0       thread_num=   2   currentSsiPe=   0   num_threads=   3   max_threads=   3   num_procs=   2
20231016 043527.447 INFO             PET0       ---->Advancing Model from:    0  1  1  0  1 30   0
20231016 043527.447 INFO             PET0       ---------------------> to:    0  1  1  0  2  0   0
20231016 043527.447 INFO             PET0       MODEL: time step-loop ending,   current time:    0  1  1  0  2  0   0
20231016 043527.447 INFO             PET0       <<<MODEL: leaving Run (phase=RunPhase1) with current time:    0  1  1  0  2  0   0
20231016 043527.447 INFO             PET0     MODEL: Run extro.
20231016 043527.447 INFO             PET0     driver: RunSequence event loopLevel=   1  levelMember=   1  loopIteration=   5, current time:    0  1  1  0  2  0   0
20231016 043527.447 INFO             PET0     MODEL: Run intro.
20231016 043527.447 INFO             PET0       >>>MODEL: entered Run (phase=RunPhase1) with current time:    0  1  1  0  2  0   0
20231016 043527.447 INFO             PET0       MODEL: time step-loop starting, current time:    0  1  1  0  2  0   0
20231016 043527.447 INFO             PET0       thread_num=   0   currentSsiPe= 128   num_threads=   3   max_threads=   3   num_procs=   2
20231016 043527.447 INFO             PET0       thread_num=   1   currentSsiPe=   0   num_threads=   3   max_threads=   3   num_procs=   2
20231016 043527.447 INFO             PET0       thread_num=   2   currentSsiPe=   0   num_threads=   3   max_threads=   3   num_procs=   2
20231016 043527.447 INFO             PET0       ---->Advancing Model from:    0  1  1  0  2  0   0
20231016 043527.447 INFO             PET0       ---------------------> to:    0  1  1  0  2 30   0
20231016 043527.447 INFO             PET0       MODEL: time step-loop ending,   current time:    0  1  1  0  2 30   0
20231016 043527.447 INFO             PET0       <<<MODEL: leaving Run (phase=RunPhase1) with current time:    0  1  1  0  2 30   0
20231016 043527.447 INFO             PET0     MODEL: Run extro.
20231016 043527.447 INFO             PET0   driver: end <--------- RunSequence
20231016 043527.447 INFO             PET0   <<<driver - leaving Run with current time:    0  1  1  0  2 30   0
20231016 043527.447 INFO             PET0 driver: Run extro.
20231016 043527.447 INFO             PET0 driver: Finalize intro.
20231016 043527.447 INFO             PET0   Calling Finalize phase 1 for modelComp: MODEL
20231016 043527.447 INFO             PET0   MODEL: Finalize intro.
20231016 043527.447 INFO             PET0     >>>MODEL: entered Finalize (phase=FinalizePhase1) with current time:    0  1  1  0  2 30   0
20231016 043527.447 INFO             PET0     <<<MODEL: leaving Finalize (phase=FinalizePhase1) with current time:    0  1  1  0  2 30   0
20231016 043527.447 INFO             PET0   MODEL: Finalize extro.
20231016 043527.447 INFO             PET0   Delete modelComp: MODEL
20231016 043527.448 INFO             PET0   Delete Import-/Export State for modelComp: MODEL
20231016 043527.448 INFO             PET0 driver: Finalize extro.
20231016 043527.448 INFO             PET0 mainApp FINISHED
20231016 043527.448 INFO             PET0  Finalizing ESMF
20231016 043527.432 INFO             PET1 !!!!!!!!!!!!!!!!!!!!!!!!!!!!!!!!!!!!!!!!!!!!!!!!!!!!!!
20231016 043527.432 INFO             PET1 !!! THE ESMF_LOG IS SET TO OUTPUT ALL LOG MESSAGES !!!
20231016 043527.432 INFO             PET1 !!!     THIS MAY CAUSE SLOWDOWN IN PERFORMANCE     !!!
20231016 043527.432 INFO             PET1 !!! FOR PRODUCTION RUNS, USE:                      !!!
20231016 043527.432 INFO             PET1 !!!                   ESMF_LOGKIND_Multi_On_Error  !!!
20231016 043527.432 INFO             PET1 !!!!!!!!!!!!!!!!!!!!!!!!!!!!!!!!!!!!!!!!!!!!!!!!!!!!!!
20231016 043527.432 INFO             PET1 Running with ESMF Version   : v8.6.0b09
20231016 043527.432 INFO             PET1 ESMF library build date/time: "Oct 16 2023" "04:04:37"
20231016 043527.432 INFO             PET1 ESMF library build location : /tmp/intel_2023.1.0-classic_mpi_O_develop/esmf
20231016 043527.432 INFO             PET1 ESMF_COMM                   : mpi
20231016 043527.432 INFO             PET1 ESMF_MOAB                   : enabled
20231016 043527.432 INFO             PET1 ESMF_LAPACK                 : enabled
20231016 043527.432 INFO             PET1 ESMF_NETCDF                 : enabled
20231016 043527.432 INFO             PET1 ESMF_PNETCDF                : disabled
20231016 043527.432 INFO             PET1 ESMF_PIO                    : enabled
20231016 043527.432 INFO             PET1 ESMF_YAMLCPP                : enabled
20231016 043527.432 INFO             PET1 mainApp STARTING
20231016 043527.433 INFO             PET1 driver: InitializeGeneric intro.
20231016 043527.433 INFO             PET1   driver: InitializeP0 intro.
20231016 043527.433 INFO             PET1   driver: InitializeP0 extro.
20231016 043527.434 INFO             PET1   driver: InitializeIPDv02p1 intro.
20231016 043527.434 INFO             PET1     >>>driver: entered Initialize (phase=<none>) without valid internal Clock.
20231016 043527.434 INFO             PET1     driver - Creating model component MODEL without petList.
20231016 043527.434 INFO             PET1      GridCompIsPetLocal:  T
20231016 043527.434 INFO             PET1      VmIsCreated:  T
20231016 043527.434 INFO             PET1      valid MPI_COMM with size=           4
20231016 043527.435 INFO             PET1     driver - Creating state: modelComp 1 Import State
20231016 043527.435 INFO             PET1     driver - Creating state: modelComp 1 Export State
20231016 043527.435 INFO             PET1     MODEL: InitializeP0 intro.
20231016 043527.435 INFO             PET1       >>>MODEL: entered Initialize (phase=<none>) without valid internal Clock.
20231016 043527.435 INFO             PET1       <<<MODEL: leaving Initialize (phase=<none>) without valid internal Clock.
20231016 043527.435 INFO             PET1     MODEL: InitializeP0 extro.
20231016 043527.436 INFO             PET1     driver: IInitAdvertise intro.
20231016 043527.436 INFO             PET1     driver: IInitAdvertise extro.
20231016 043527.436 INFO             PET1     MODEL: InitializeIPDvXp01 intro.
20231016 043527.436 INFO             PET1       >>>MODEL: entered Initialize (phase=IPDvXp01) without valid internal Clock.
20231016 043527.437 INFO             PET1       <<<MODEL: leaving Initialize (phase=IPDvXp01) without valid internal Clock.
20231016 043527.437 INFO             PET1     MODEL: InitializeIPDvXp01 extro.
20231016 043527.437 INFO             PET1     driver: IInitAdvertiseFinish intro.
20231016 043527.437 INFO             PET1     driver: IInitAdvertiseFinish extro.
20231016 043527.437 INFO             PET1     driver: IInitModifyCplLists intro.
20231016 043527.437 INFO             PET1     driver: IInitModifyCplLists extro.
20231016 043527.437 INFO             PET1     <<<driver: leaving Initialize (phase=<none>) with current time:    0  1  1  0  0  0   0
20231016 043527.437 INFO             PET1   driver: InitializeIPDv02p1 extro.
20231016 043527.437 INFO             PET1   driver: InitializeIPDv02p3 intro.
20231016 043527.437 INFO             PET1     >>>driver: entered Initialize (phase=<none>) with current time:    0  1  1  0  0  0   0
20231016 043527.437 INFO             PET1     driver: IInitCheck intro.
20231016 043527.437 INFO             PET1     driver: IInitCheck extro.
20231016 043527.437 INFO             PET1     MODEL: InitializeIPDvXp04 intro.
20231016 043527.437 INFO             PET1       >>>MODEL: entered Initialize (phase=IPDvXp04) without valid internal Clock.
20231016 043527.438 INFO             PET1       After Realize: - MemInfo: [/proc/meminfo - SSI]	MemTotal:       263445840 kB
20231016 043527.438 INFO             PET1       After Realize: - MemInfo: [/proc/meminfo - SSI]	MemFree:        243691512 kB
20231016 043527.438 INFO             PET1       After Realize: - MemInfo: [/proc/meminfo - SSI]	MemAvailable:   243353948 kB
20231016 043527.438 INFO             PET1       After Realize: - MemInfo: [/proc/meminfo - SSI]	Committed_AS:    3558908 kB
20231016 043527.438 INFO             PET1       After Realize: - MemInfo: [/proc/meminfo - SSI]	CommittedPercent: 1.35091 %
20231016 043527.439 INFO             PET1       After Realize: - MemInfo: [/proc/self/status]	VmPeak:	  236184 kB
20231016 043527.439 INFO             PET1       After Realize: - MemInfo: [/proc/self/status]	VmSize:	  236184 kB
20231016 043527.439 INFO             PET1       After Realize: - MemInfo: [/proc/self/status]	VmLck:	       0 kB
20231016 043527.439 INFO             PET1       After Realize: - MemInfo: [/proc/self/status]	VmPin:	       0 kB
20231016 043527.439 INFO             PET1       After Realize: - MemInfo: [/proc/self/status]	VmHWM:	   47760 kB
20231016 043527.439 INFO             PET1       After Realize: - MemInfo: [/proc/self/status]	VmRSS:	   47760 kB
20231016 043527.439 INFO             PET1       After Realize: - MemInfo: [/proc/self/status]	VmData:	   26636 kB
20231016 043527.439 INFO             PET1       After Realize: - MemInfo: [/proc/self/status]	VmStk:	     172 kB
20231016 043527.439 INFO             PET1       After Realize: - MemInfo: [/proc/self/status]	VmExe:	    1496 kB
20231016 043527.439 INFO             PET1       After Realize: - MemInfo: [/proc/self/status]	VmLib:	  115428 kB
20231016 043527.439 INFO             PET1       After Realize: - MemInfo: [/proc/self/status]	VmPTE:	     384 kB
20231016 043527.439 INFO             PET1       After Realize: - MemInfo: [/proc/self/status]	VmSwap:	       0 kB
20231016 043527.439 INFO             PET1       After Realize: - MemInfo: [/proc/self/status]	VmRSSPercent: 0.018129 %
20231016 043527.439 INFO             PET1       After Realize: - MemInfo: [malloc] Non-mmapped space allocated:                  839680 Byte
20231016 043527.439 INFO             PET1       After Realize: - MemInfo: [malloc] Space allocated in mmapped regions:          9129984 Byte
20231016 043527.439 INFO             PET1       After Realize: - MemInfo: [malloc] Maximum total allocated space:                     0 Byte
20231016 043527.439 INFO             PET1       After Realize: - MemInfo: [malloc] Space in freed fastbin blocks:                   160 Byte
20231016 043527.439 INFO             PET1       After Realize: - MemInfo: [malloc] Total allocated space:                        739440 Byte
20231016 043527.439 INFO             PET1       After Realize: - MemInfo: [malloc] Total free space:                             100240 Byte
20231016 043527.439 INFO             PET1       After Realize: - MemInfo: [malloc] Top-most, releasable space:                   100080 Byte
20231016 043527.439 INFO             PET1       After Realize: - MemInfo: [malloc] Total space in use, mmap + non-mmap:         9869424 Byte
20231016 043527.439 INFO             PET1       After Realize: - MemInfo: [malloc] Total space held (mmap + non-mmap):          9969664 Byte
20231016 043527.439 INFO             PET1       After Realize: - MemInfo: [malloc] Total space used (mmap + non-mmap):          9878016 Byte
20231016 043527.439 INFO             PET1       After Realize: - MemInfo: Wall-clock time since execution start:             0.00965783 seconds
20231016 043527.439 INFO             PET1       <<<MODEL: leaving Initialize (phase=IPDvXp04) without valid internal Clock.
20231016 043527.439 INFO             PET1     MODEL: InitializeIPDvXp04 extro.
20231016 043527.439 INFO             PET1     driver: IInitRealize intro.
20231016 043527.439 INFO             PET1     driver: IInitRealize extro.
20231016 043527.439 INFO             PET1     MODEL: InitializeIPDvXp07 intro.
20231016 043527.439 INFO             PET1       >>>MODEL: entered Initialize (phase=IPDvXp07) without valid internal Clock.
20231016 043527.439 INFO             PET1       <<<MODEL: leaving Initialize (phase=IPDvXp07) with current time:    0  1  1  0  0  0   0
20231016 043527.439 INFO             PET1     MODEL: InitializeIPDvXp07 extro.
20231016 043527.439 INFO             PET1     <<<driver: leaving Initialize (phase=<none>) with current time:    0  1  1  0  0  0   0
20231016 043527.439 INFO             PET1   driver: InitializeIPDv02p3 extro.
20231016 043527.439 INFO             PET1   driver: InitializeIPDv02p5 intro.
20231016 043527.439 INFO             PET1     >>>driver: entered Initialize (phase=<none>) with current time:    0  1  1  0  0  0   0
20231016 043527.439 INFO             PET1     driver: this is a top level driver, no 'Updated' and 'InitializeDataComplete' info on this level.
20231016 043527.439 INFO             PET1     driver: InitializeIPDv02p5Data intro.
20231016 043527.439 INFO             PET1       driver: InternalInitializeComplete intro.
20231016 043527.439 INFO             PET1         driver: InitializeDataComplete='true'
20231016 043527.439 INFO             PET1       driver: InternalInitializeComplete extro.
20231016 043527.439 INFO             PET1       MODEL: InitializeIPDvXp08 intro.
20231016 043527.439 INFO             PET1         >>>MODEL: entered Initialize (phase=IPDv05p8) with current time:    0  1  1  0  0  0   0
20231016 043527.440 INFO             PET1         MODEL: InitializeDataProgress='false', InitializeDataComplete='false'
20231016 043527.440 INFO             PET1         <<<MODEL: leaving Initialize (phase=IPDv05p8) with current time:    0  1  1  0  0  0   0
20231016 043527.440 INFO             PET1       MODEL: InitializeIPDvXp08 extro.
20231016 043527.440 INFO             PET1       driver: components present that trigger loopDataDependentInitialize().
20231016 043527.440 INFO             PET1       driver: loopDataDependentInitialize intro.
20231016 043527.440 INFO             PET1         driver: component    0=driver, dataComplete (local): true
20231016 043527.440 INFO             PET1         driver: component    0=driver, dataComplete (global):  T
20231016 043527.440 INFO             PET1         driver: component    1=MODEL, dataComplete (local): false
20231016 043527.440 INFO             PET1         driver: component    1=MODEL, dataComplete (global):  F
20231016 043527.440 INFO             PET1         MODEL: InitializeIPDvXp08 intro.
20231016 043527.440 INFO             PET1           >>>MODEL: entered Initialize (phase=IPDv05p8) with current time:    0  1  1  0  0  0   0
20231016 043527.440 INFO             PET1           MODEL: InitializeDataProgress='true', InitializeDataComplete='true'
20231016 043527.440 INFO             PET1           <<<MODEL: leaving Initialize (phase=IPDv05p8) with current time:    0  1  1  0  0  0   0
20231016 043527.440 INFO             PET1         MODEL: InitializeIPDvXp08 extro.
20231016 043527.440 INFO             PET1         driver: component    1=MODEL, someProgress (local): true
20231016 043527.440 INFO             PET1         driver: component    1=MODEL, someProgress (global):  T
20231016 043527.440 INFO             PET1         driver: someProgress= T, allComplete= F, present(dataDepAllComplete)= T
20231016 043527.440 INFO             PET1         driver: component    0=driver, dataComplete (local): true
20231016 043527.440 INFO             PET1         driver: component    0=driver, dataComplete (global):  T
20231016 043527.440 INFO             PET1         driver: component    1=MODEL, dataComplete (local): true
20231016 043527.440 INFO             PET1         driver: component    1=MODEL, dataComplete (global):  T
20231016 043527.440 INFO             PET1         driver: someProgress= F, allComplete= T, present(dataDepAllComplete)= T
20231016 043527.440 INFO             PET1         driver: finished resolving initialize data dependencies on this level.
20231016 043527.440 INFO             PET1       driver: loopDataDependentInitialize extro.
20231016 043527.440 INFO             PET1       driver: loopDataDependentInitialize() returned with dataDepAllComplete:  T
20231016 043527.440 INFO             PET1     driver: InitializeIPDv02p5Data extro.
20231016 043527.440 INFO             PET1     <<<driver: leaving Initialize (phase=<none>) with current time:    0  1  1  0  0  0   0
20231016 043527.440 INFO             PET1   driver: InitializeIPDv02p5 extro.
20231016 043527.440 INFO             PET1 driver: InitializeGeneric extro.
20231016 043527.440 INFO             PET1 driver: Run intro.
20231016 043527.440 INFO             PET1   >>>driver entered Run (phase=RunPhase1) with current time:    0  1  1  0  0  0   0
20231016 043527.440 INFO             PET1   driver: after lable_SetRunClock, current time:    0  1  1  0  0  0   0
20231016 043527.441 INFO             PET1   driver: begin -------> RunSequence.
20231016 043527.441 INFO             PET1     driver: RunSequence event loopLevel=   1  levelMember=   1  loopIteration=   1, current time:    0  1  1  0  0  0   0
20231016 043527.441 INFO             PET1     MODEL: Run intro.
20231016 043527.441 INFO             PET1       >>>MODEL: entered Run (phase=RunPhase1) with current time:    0  1  1  0  0  0   0
20231016 043527.441 INFO             PET1       MODEL: time step-loop starting, current time:    0  1  1  0  0  0   0
20231016 043527.441 INFO             PET1       thread_num=   0   currentSsiPe=  64   num_threads=   3   max_threads=   3   num_procs=   2
20231016 043527.441 INFO             PET1       thread_num=   1   currentSsiPe= 192   num_threads=   3   max_threads=   3   num_procs=   2
20231016 043527.446 INFO             PET1       thread_num=   2   currentSsiPe=  64   num_threads=   3   max_threads=   3   num_procs=   2
20231016 043527.446 INFO             PET1       ---->Advancing Model from:    0  1  1  0  0  0   0
20231016 043527.446 INFO             PET1       ---------------------> to:    0  1  1  0  0 30   0
20231016 043527.446 INFO             PET1       MODEL: time step-loop ending,   current time:    0  1  1  0  0 30   0
20231016 043527.446 INFO             PET1       <<<MODEL: leaving Run (phase=RunPhase1) with current time:    0  1  1  0  0 30   0
20231016 043527.446 INFO             PET1     MODEL: Run extro.
20231016 043527.446 INFO             PET1     driver: RunSequence event loopLevel=   1  levelMember=   1  loopIteration=   2, current time:    0  1  1  0  0 30   0
20231016 043527.446 INFO             PET1     MODEL: Run intro.
20231016 043527.446 INFO             PET1       >>>MODEL: entered Run (phase=RunPhase1) with current time:    0  1  1  0  0 30   0
20231016 043527.446 INFO             PET1       MODEL: time step-loop starting, current time:    0  1  1  0  0 30   0
20231016 043527.446 INFO             PET1       thread_num=   0   currentSsiPe=  64   num_threads=   3   max_threads=   3   num_procs=   2
20231016 043527.446 INFO             PET1       thread_num=   1   currentSsiPe= 192   num_threads=   3   max_threads=   3   num_procs=   2
20231016 043527.446 INFO             PET1       thread_num=   2   currentSsiPe=  64   num_threads=   3   max_threads=   3   num_procs=   2
20231016 043527.446 INFO             PET1       ---->Advancing Model from:    0  1  1  0  0 30   0
20231016 043527.446 INFO             PET1       ---------------------> to:    0  1  1  0  1  0   0
20231016 043527.446 INFO             PET1       MODEL: time step-loop ending,   current time:    0  1  1  0  1  0   0
20231016 043527.446 INFO             PET1       <<<MODEL: leaving Run (phase=RunPhase1) with current time:    0  1  1  0  1  0   0
20231016 043527.446 INFO             PET1     MODEL: Run extro.
20231016 043527.446 INFO             PET1     driver: RunSequence event loopLevel=   1  levelMember=   1  loopIteration=   3, current time:    0  1  1  0  1  0   0
20231016 043527.446 INFO             PET1     MODEL: Run intro.
20231016 043527.446 INFO             PET1       >>>MODEL: entered Run (phase=RunPhase1) with current time:    0  1  1  0  1  0   0
20231016 043527.446 INFO             PET1       MODEL: time step-loop starting, current time:    0  1  1  0  1  0   0
20231016 043527.446 INFO             PET1       thread_num=   0   currentSsiPe=  64   num_threads=   3   max_threads=   3   num_procs=   2
20231016 043527.446 INFO             PET1       thread_num=   1   currentSsiPe= 192   num_threads=   3   max_threads=   3   num_procs=   2
20231016 043527.446 INFO             PET1       thread_num=   2   currentSsiPe=  64   num_threads=   3   max_threads=   3   num_procs=   2
20231016 043527.446 INFO             PET1       ---->Advancing Model from:    0  1  1  0  1  0   0
20231016 043527.446 INFO             PET1       ---------------------> to:    0  1  1  0  1 30   0
20231016 043527.446 INFO             PET1       MODEL: time step-loop ending,   current time:    0  1  1  0  1 30   0
20231016 043527.446 INFO             PET1       <<<MODEL: leaving Run (phase=RunPhase1) with current time:    0  1  1  0  1 30   0
20231016 043527.446 INFO             PET1     MODEL: Run extro.
20231016 043527.446 INFO             PET1     driver: RunSequence event loopLevel=   1  levelMember=   1  loopIteration=   4, current time:    0  1  1  0  1 30   0
20231016 043527.446 INFO             PET1     MODEL: Run intro.
20231016 043527.447 INFO             PET1       >>>MODEL: entered Run (phase=RunPhase1) with current time:    0  1  1  0  1 30   0
20231016 043527.447 INFO             PET1       MODEL: time step-loop starting, current time:    0  1  1  0  1 30   0
20231016 043527.447 INFO             PET1       thread_num=   0   currentSsiPe=  64   num_threads=   3   max_threads=   3   num_procs=   2
20231016 043527.447 INFO             PET1       thread_num=   1   currentSsiPe= 192   num_threads=   3   max_threads=   3   num_procs=   2
20231016 043527.447 INFO             PET1       thread_num=   2   currentSsiPe=  64   num_threads=   3   max_threads=   3   num_procs=   2
20231016 043527.447 INFO             PET1       ---->Advancing Model from:    0  1  1  0  1 30   0
20231016 043527.447 INFO             PET1       ---------------------> to:    0  1  1  0  2  0   0
20231016 043527.447 INFO             PET1       MODEL: time step-loop ending,   current time:    0  1  1  0  2  0   0
20231016 043527.447 INFO             PET1       <<<MODEL: leaving Run (phase=RunPhase1) with current time:    0  1  1  0  2  0   0
20231016 043527.447 INFO             PET1     MODEL: Run extro.
20231016 043527.447 INFO             PET1     driver: RunSequence event loopLevel=   1  levelMember=   1  loopIteration=   5, current time:    0  1  1  0  2  0   0
20231016 043527.447 INFO             PET1     MODEL: Run intro.
20231016 043527.447 INFO             PET1       >>>MODEL: entered Run (phase=RunPhase1) with current time:    0  1  1  0  2  0   0
20231016 043527.447 INFO             PET1       MODEL: time step-loop starting, current time:    0  1  1  0  2  0   0
20231016 043527.447 INFO             PET1       thread_num=   0   currentSsiPe=  64   num_threads=   3   max_threads=   3   num_procs=   2
20231016 043527.447 INFO             PET1       thread_num=   1   currentSsiPe= 192   num_threads=   3   max_threads=   3   num_procs=   2
20231016 043527.447 INFO             PET1       thread_num=   2   currentSsiPe=  64   num_threads=   3   max_threads=   3   num_procs=   2
20231016 043527.447 INFO             PET1       ---->Advancing Model from:    0  1  1  0  2  0   0
20231016 043527.447 INFO             PET1       ---------------------> to:    0  1  1  0  2 30   0
20231016 043527.447 INFO             PET1       MODEL: time step-loop ending,   current time:    0  1  1  0  2 30   0
20231016 043527.447 INFO             PET1       <<<MODEL: leaving Run (phase=RunPhase1) with current time:    0  1  1  0  2 30   0
20231016 043527.447 INFO             PET1     MODEL: Run extro.
20231016 043527.447 INFO             PET1   driver: end <--------- RunSequence
20231016 043527.447 INFO             PET1   <<<driver - leaving Run with current time:    0  1  1  0  2 30   0
20231016 043527.447 INFO             PET1 driver: Run extro.
20231016 043527.447 INFO             PET1 driver: Finalize intro.
20231016 043527.447 INFO             PET1   Calling Finalize phase 1 for modelComp: MODEL
20231016 043527.447 INFO             PET1   MODEL: Finalize intro.
20231016 043527.447 INFO             PET1     >>>MODEL: entered Finalize (phase=FinalizePhase1) with current time:    0  1  1  0  2 30   0
20231016 043527.447 INFO             PET1     <<<MODEL: leaving Finalize (phase=FinalizePhase1) with current time:    0  1  1  0  2 30   0
20231016 043527.447 INFO             PET1   MODEL: Finalize extro.
20231016 043527.447 INFO             PET1   Delete modelComp: MODEL
20231016 043527.447 INFO             PET1   Delete Import-/Export State for modelComp: MODEL
20231016 043527.447 INFO             PET1 driver: Finalize extro.
20231016 043527.447 INFO             PET1 mainApp FINISHED
20231016 043527.447 INFO             PET1  Finalizing ESMF
20231016 043527.432 INFO             PET2 !!!!!!!!!!!!!!!!!!!!!!!!!!!!!!!!!!!!!!!!!!!!!!!!!!!!!!
20231016 043527.432 INFO             PET2 !!! THE ESMF_LOG IS SET TO OUTPUT ALL LOG MESSAGES !!!
20231016 043527.432 INFO             PET2 !!!     THIS MAY CAUSE SLOWDOWN IN PERFORMANCE     !!!
20231016 043527.432 INFO             PET2 !!! FOR PRODUCTION RUNS, USE:                      !!!
20231016 043527.432 INFO             PET2 !!!                   ESMF_LOGKIND_Multi_On_Error  !!!
20231016 043527.432 INFO             PET2 !!!!!!!!!!!!!!!!!!!!!!!!!!!!!!!!!!!!!!!!!!!!!!!!!!!!!!
20231016 043527.432 INFO             PET2 Running with ESMF Version   : v8.6.0b09
20231016 043527.432 INFO             PET2 ESMF library build date/time: "Oct 16 2023" "04:04:37"
20231016 043527.432 INFO             PET2 ESMF library build location : /tmp/intel_2023.1.0-classic_mpi_O_develop/esmf
20231016 043527.432 INFO             PET2 ESMF_COMM                   : mpi
20231016 043527.432 INFO             PET2 ESMF_MOAB                   : enabled
20231016 043527.432 INFO             PET2 ESMF_LAPACK                 : enabled
20231016 043527.432 INFO             PET2 ESMF_NETCDF                 : enabled
20231016 043527.432 INFO             PET2 ESMF_PNETCDF                : disabled
20231016 043527.432 INFO             PET2 ESMF_PIO                    : enabled
20231016 043527.432 INFO             PET2 ESMF_YAMLCPP                : enabled
20231016 043527.432 INFO             PET2 mainApp STARTING
20231016 043527.433 INFO             PET2 driver: InitializeGeneric intro.
20231016 043527.434 INFO             PET2   driver: InitializeP0 intro.
20231016 043527.434 INFO             PET2   driver: InitializeP0 extro.
20231016 043527.434 INFO             PET2   driver: InitializeIPDv02p1 intro.
20231016 043527.434 INFO             PET2     >>>driver: entered Initialize (phase=<none>) without valid internal Clock.
20231016 043527.434 INFO             PET2     driver - Creating model component MODEL without petList.
20231016 043527.434 INFO             PET2      GridCompIsPetLocal:  T
20231016 043527.434 INFO             PET2      VmIsCreated:  T
20231016 043527.434 INFO             PET2      valid MPI_COMM with size=           4
20231016 043527.435 INFO             PET2     driver - Creating state: modelComp 1 Import State
20231016 043527.435 INFO             PET2     driver - Creating state: modelComp 1 Export State
20231016 043527.435 INFO             PET2     MODEL: InitializeP0 intro.
20231016 043527.435 INFO             PET2       >>>MODEL: entered Initialize (phase=<none>) without valid internal Clock.
20231016 043527.435 INFO             PET2       <<<MODEL: leaving Initialize (phase=<none>) without valid internal Clock.
20231016 043527.435 INFO             PET2     MODEL: InitializeP0 extro.
20231016 043527.436 INFO             PET2     driver: IInitAdvertise intro.
20231016 043527.436 INFO             PET2     driver: IInitAdvertise extro.
20231016 043527.436 INFO             PET2     MODEL: InitializeIPDvXp01 intro.
20231016 043527.436 INFO             PET2       >>>MODEL: entered Initialize (phase=IPDvXp01) without valid internal Clock.
20231016 043527.437 INFO             PET2       <<<MODEL: leaving Initialize (phase=IPDvXp01) without valid internal Clock.
20231016 043527.437 INFO             PET2     MODEL: InitializeIPDvXp01 extro.
20231016 043527.437 INFO             PET2     driver: IInitAdvertiseFinish intro.
20231016 043527.437 INFO             PET2     driver: IInitAdvertiseFinish extro.
20231016 043527.437 INFO             PET2     driver: IInitModifyCplLists intro.
20231016 043527.437 INFO             PET2     driver: IInitModifyCplLists extro.
20231016 043527.437 INFO             PET2     <<<driver: leaving Initialize (phase=<none>) with current time:    0  1  1  0  0  0   0
20231016 043527.437 INFO             PET2   driver: InitializeIPDv02p1 extro.
20231016 043527.437 INFO             PET2   driver: InitializeIPDv02p3 intro.
20231016 043527.437 INFO             PET2     >>>driver: entered Initialize (phase=<none>) with current time:    0  1  1  0  0  0   0
20231016 043527.437 INFO             PET2     driver: IInitCheck intro.
20231016 043527.437 INFO             PET2     driver: IInitCheck extro.
20231016 043527.437 INFO             PET2     MODEL: InitializeIPDvXp04 intro.
20231016 043527.437 INFO             PET2       >>>MODEL: entered Initialize (phase=IPDvXp04) without valid internal Clock.
20231016 043527.438 INFO             PET2       After Realize: - MemInfo: [/proc/meminfo - SSI]	MemTotal:       263445840 kB
20231016 043527.438 INFO             PET2       After Realize: - MemInfo: [/proc/meminfo - SSI]	MemFree:        243691512 kB
20231016 043527.438 INFO             PET2       After Realize: - MemInfo: [/proc/meminfo - SSI]	MemAvailable:   243353948 kB
20231016 043527.438 INFO             PET2       After Realize: - MemInfo: [/proc/meminfo - SSI]	Committed_AS:    3558908 kB
20231016 043527.439 INFO             PET2       After Realize: - MemInfo: [/proc/meminfo - SSI]	CommittedPercent: 1.35091 %
20231016 043527.439 INFO             PET2       After Realize: - MemInfo: [/proc/self/status]	VmPeak:	  236192 kB
20231016 043527.439 INFO             PET2       After Realize: - MemInfo: [/proc/self/status]	VmSize:	  236192 kB
20231016 043527.439 INFO             PET2       After Realize: - MemInfo: [/proc/self/status]	VmLck:	       0 kB
20231016 043527.439 INFO             PET2       After Realize: - MemInfo: [/proc/self/status]	VmPin:	       0 kB
20231016 043527.439 INFO             PET2       After Realize: - MemInfo: [/proc/self/status]	VmHWM:	   48788 kB
20231016 043527.439 INFO             PET2       After Realize: - MemInfo: [/proc/self/status]	VmRSS:	   48788 kB
20231016 043527.439 INFO             PET2       After Realize: - MemInfo: [/proc/self/status]	VmData:	   26636 kB
20231016 043527.439 INFO             PET2       After Realize: - MemInfo: [/proc/self/status]	VmStk:	     180 kB
20231016 043527.439 INFO             PET2       After Realize: - MemInfo: [/proc/self/status]	VmExe:	    1496 kB
20231016 043527.439 INFO             PET2       After Realize: - MemInfo: [/proc/self/status]	VmLib:	  115428 kB
20231016 043527.439 INFO             PET2       After Realize: - MemInfo: [/proc/self/status]	VmPTE:	     388 kB
20231016 043527.439 INFO             PET2       After Realize: - MemInfo: [/proc/self/status]	VmSwap:	       0 kB
20231016 043527.439 INFO             PET2       After Realize: - MemInfo: [/proc/self/status]	VmRSSPercent: 0.0185192 %
20231016 043527.439 INFO             PET2       After Realize: - MemInfo: [malloc] Non-mmapped space allocated:                  839680 Byte
20231016 043527.439 INFO             PET2       After Realize: - MemInfo: [malloc] Space allocated in mmapped regions:          9129984 Byte
20231016 043527.439 INFO             PET2       After Realize: - MemInfo: [malloc] Maximum total allocated space:                     0 Byte
20231016 043527.439 INFO             PET2       After Realize: - MemInfo: [malloc] Space in freed fastbin blocks:                   160 Byte
20231016 043527.439 INFO             PET2       After Realize: - MemInfo: [malloc] Total allocated space:                        739488 Byte
20231016 043527.439 INFO             PET2       After Realize: - MemInfo: [malloc] Total free space:                             100192 Byte
20231016 043527.439 INFO             PET2       After Realize: - MemInfo: [malloc] Top-most, releasable space:                   100032 Byte
20231016 043527.439 INFO             PET2       After Realize: - MemInfo: [malloc] Total space in use, mmap + non-mmap:         9869472 Byte
20231016 043527.439 INFO             PET2       After Realize: - MemInfo: [malloc] Total space held (mmap + non-mmap):          9969664 Byte
20231016 043527.439 INFO             PET2       After Realize: - MemInfo: [malloc] Total space used (mmap + non-mmap):          9878176 Byte
20231016 043527.439 INFO             PET2       After Realize: - MemInfo: Wall-clock time since execution start:             0.00987323 seconds
20231016 043527.439 INFO             PET2       <<<MODEL: leaving Initialize (phase=IPDvXp04) without valid internal Clock.
20231016 043527.439 INFO             PET2     MODEL: InitializeIPDvXp04 extro.
20231016 043527.439 INFO             PET2     driver: IInitRealize intro.
20231016 043527.439 INFO             PET2     driver: IInitRealize extro.
20231016 043527.439 INFO             PET2     MODEL: InitializeIPDvXp07 intro.
20231016 043527.439 INFO             PET2       >>>MODEL: entered Initialize (phase=IPDvXp07) without valid internal Clock.
20231016 043527.439 INFO             PET2       <<<MODEL: leaving Initialize (phase=IPDvXp07) with current time:    0  1  1  0  0  0   0
20231016 043527.439 INFO             PET2     MODEL: InitializeIPDvXp07 extro.
20231016 043527.439 INFO             PET2     <<<driver: leaving Initialize (phase=<none>) with current time:    0  1  1  0  0  0   0
20231016 043527.439 INFO             PET2   driver: InitializeIPDv02p3 extro.
20231016 043527.439 INFO             PET2   driver: InitializeIPDv02p5 intro.
20231016 043527.439 INFO             PET2     >>>driver: entered Initialize (phase=<none>) with current time:    0  1  1  0  0  0   0
20231016 043527.439 INFO             PET2     driver: this is a top level driver, no 'Updated' and 'InitializeDataComplete' info on this level.
20231016 043527.439 INFO             PET2     driver: InitializeIPDv02p5Data intro.
20231016 043527.439 INFO             PET2       driver: InternalInitializeComplete intro.
20231016 043527.439 INFO             PET2         driver: InitializeDataComplete='true'
20231016 043527.439 INFO             PET2       driver: InternalInitializeComplete extro.
20231016 043527.439 INFO             PET2       MODEL: InitializeIPDvXp08 intro.
20231016 043527.439 INFO             PET2         >>>MODEL: entered Initialize (phase=IPDv05p8) with current time:    0  1  1  0  0  0   0
20231016 043527.440 INFO             PET2         MODEL: InitializeDataProgress='false', InitializeDataComplete='false'
20231016 043527.440 INFO             PET2         <<<MODEL: leaving Initialize (phase=IPDv05p8) with current time:    0  1  1  0  0  0   0
20231016 043527.440 INFO             PET2       MODEL: InitializeIPDvXp08 extro.
20231016 043527.440 INFO             PET2       driver: components present that trigger loopDataDependentInitialize().
20231016 043527.440 INFO             PET2       driver: loopDataDependentInitialize intro.
20231016 043527.440 INFO             PET2         driver: component    0=driver, dataComplete (local): true
20231016 043527.440 INFO             PET2         driver: component    0=driver, dataComplete (global):  T
20231016 043527.440 INFO             PET2         driver: component    1=MODEL, dataComplete (local): false
20231016 043527.440 INFO             PET2         driver: component    1=MODEL, dataComplete (global):  F
20231016 043527.440 INFO             PET2         MODEL: InitializeIPDvXp08 intro.
20231016 043527.440 INFO             PET2           >>>MODEL: entered Initialize (phase=IPDv05p8) with current time:    0  1  1  0  0  0   0
20231016 043527.440 INFO             PET2           MODEL: InitializeDataProgress='true', InitializeDataComplete='true'
20231016 043527.440 INFO             PET2           <<<MODEL: leaving Initialize (phase=IPDv05p8) with current time:    0  1  1  0  0  0   0
20231016 043527.440 INFO             PET2         MODEL: InitializeIPDvXp08 extro.
20231016 043527.440 INFO             PET2         driver: component    1=MODEL, someProgress (local): true
20231016 043527.440 INFO             PET2         driver: component    1=MODEL, someProgress (global):  T
20231016 043527.440 INFO             PET2         driver: someProgress= T, allComplete= F, present(dataDepAllComplete)= T
20231016 043527.440 INFO             PET2         driver: component    0=driver, dataComplete (local): true
20231016 043527.440 INFO             PET2         driver: component    0=driver, dataComplete (global):  T
20231016 043527.440 INFO             PET2         driver: component    1=MODEL, dataComplete (local): true
20231016 043527.440 INFO             PET2         driver: component    1=MODEL, dataComplete (global):  T
20231016 043527.440 INFO             PET2         driver: someProgress= F, allComplete= T, present(dataDepAllComplete)= T
20231016 043527.440 INFO             PET2         driver: finished resolving initialize data dependencies on this level.
20231016 043527.440 INFO             PET2       driver: loopDataDependentInitialize extro.
20231016 043527.440 INFO             PET2       driver: loopDataDependentInitialize() returned with dataDepAllComplete:  T
20231016 043527.440 INFO             PET2     driver: InitializeIPDv02p5Data extro.
20231016 043527.440 INFO             PET2     <<<driver: leaving Initialize (phase=<none>) with current time:    0  1  1  0  0  0   0
20231016 043527.440 INFO             PET2   driver: InitializeIPDv02p5 extro.
20231016 043527.440 INFO             PET2 driver: InitializeGeneric extro.
20231016 043527.440 INFO             PET2 driver: Run intro.
20231016 043527.440 INFO             PET2   >>>driver entered Run (phase=RunPhase1) with current time:    0  1  1  0  0  0   0
20231016 043527.440 INFO             PET2   driver: after lable_SetRunClock, current time:    0  1  1  0  0  0   0
20231016 043527.441 INFO             PET2   driver: begin -------> RunSequence.
20231016 043527.441 INFO             PET2     driver: RunSequence event loopLevel=   1  levelMember=   1  loopIteration=   1, current time:    0  1  1  0  0  0   0
20231016 043527.441 INFO             PET2     MODEL: Run intro.
20231016 043527.441 INFO             PET2       >>>MODEL: entered Run (phase=RunPhase1) with current time:    0  1  1  0  0  0   0
20231016 043527.441 INFO             PET2       MODEL: time step-loop starting, current time:    0  1  1  0  0  0   0
20231016 043527.441 INFO             PET2       thread_num=   0   currentSsiPe= 129   num_threads=   3   max_threads=   3   num_procs=   2
20231016 043527.441 INFO             PET2       thread_num=   1   currentSsiPe=   1   num_threads=   3   max_threads=   3   num_procs=   2
20231016 043527.446 INFO             PET2       thread_num=   2   currentSsiPe=   1   num_threads=   3   max_threads=   3   num_procs=   2
20231016 043527.446 INFO             PET2       ---->Advancing Model from:    0  1  1  0  0  0   0
20231016 043527.446 INFO             PET2       ---------------------> to:    0  1  1  0  0 30   0
20231016 043527.446 INFO             PET2       MODEL: time step-loop ending,   current time:    0  1  1  0  0 30   0
20231016 043527.446 INFO             PET2       <<<MODEL: leaving Run (phase=RunPhase1) with current time:    0  1  1  0  0 30   0
20231016 043527.446 INFO             PET2     MODEL: Run extro.
20231016 043527.446 INFO             PET2     driver: RunSequence event loopLevel=   1  levelMember=   1  loopIteration=   2, current time:    0  1  1  0  0 30   0
20231016 043527.446 INFO             PET2     MODEL: Run intro.
20231016 043527.446 INFO             PET2       >>>MODEL: entered Run (phase=RunPhase1) with current time:    0  1  1  0  0 30   0
20231016 043527.446 INFO             PET2       MODEL: time step-loop starting, current time:    0  1  1  0  0 30   0
20231016 043527.446 INFO             PET2       thread_num=   0   currentSsiPe= 129   num_threads=   3   max_threads=   3   num_procs=   2
20231016 043527.446 INFO             PET2       thread_num=   1   currentSsiPe=   1   num_threads=   3   max_threads=   3   num_procs=   2
20231016 043527.446 INFO             PET2       thread_num=   2   currentSsiPe=   1   num_threads=   3   max_threads=   3   num_procs=   2
20231016 043527.446 INFO             PET2       ---->Advancing Model from:    0  1  1  0  0 30   0
20231016 043527.446 INFO             PET2       ---------------------> to:    0  1  1  0  1  0   0
20231016 043527.446 INFO             PET2       MODEL: time step-loop ending,   current time:    0  1  1  0  1  0   0
20231016 043527.446 INFO             PET2       <<<MODEL: leaving Run (phase=RunPhase1) with current time:    0  1  1  0  1  0   0
20231016 043527.446 INFO             PET2     MODEL: Run extro.
20231016 043527.446 INFO             PET2     driver: RunSequence event loopLevel=   1  levelMember=   1  loopIteration=   3, current time:    0  1  1  0  1  0   0
20231016 043527.447 INFO             PET2     MODEL: Run intro.
20231016 043527.447 INFO             PET2       >>>MODEL: entered Run (phase=RunPhase1) with current time:    0  1  1  0  1  0   0
20231016 043527.447 INFO             PET2       MODEL: time step-loop starting, current time:    0  1  1  0  1  0   0
20231016 043527.447 INFO             PET2       thread_num=   0   currentSsiPe= 129   num_threads=   3   max_threads=   3   num_procs=   2
20231016 043527.447 INFO             PET2       thread_num=   1   currentSsiPe=   1   num_threads=   3   max_threads=   3   num_procs=   2
20231016 043527.447 INFO             PET2       thread_num=   2   currentSsiPe=   1   num_threads=   3   max_threads=   3   num_procs=   2
20231016 043527.447 INFO             PET2       ---->Advancing Model from:    0  1  1  0  1  0   0
20231016 043527.447 INFO             PET2       ---------------------> to:    0  1  1  0  1 30   0
20231016 043527.447 INFO             PET2       MODEL: time step-loop ending,   current time:    0  1  1  0  1 30   0
20231016 043527.447 INFO             PET2       <<<MODEL: leaving Run (phase=RunPhase1) with current time:    0  1  1  0  1 30   0
20231016 043527.447 INFO             PET2     MODEL: Run extro.
20231016 043527.447 INFO             PET2     driver: RunSequence event loopLevel=   1  levelMember=   1  loopIteration=   4, current time:    0  1  1  0  1 30   0
20231016 043527.447 INFO             PET2     MODEL: Run intro.
20231016 043527.447 INFO             PET2       >>>MODEL: entered Run (phase=RunPhase1) with current time:    0  1  1  0  1 30   0
20231016 043527.447 INFO             PET2       MODEL: time step-loop starting, current time:    0  1  1  0  1 30   0
20231016 043527.447 INFO             PET2       thread_num=   0   currentSsiPe= 129   num_threads=   3   max_threads=   3   num_procs=   2
20231016 043527.447 INFO             PET2       thread_num=   1   currentSsiPe=   1   num_threads=   3   max_threads=   3   num_procs=   2
20231016 043527.447 INFO             PET2       thread_num=   2   currentSsiPe=   1   num_threads=   3   max_threads=   3   num_procs=   2
20231016 043527.447 INFO             PET2       ---->Advancing Model from:    0  1  1  0  1 30   0
20231016 043527.447 INFO             PET2       ---------------------> to:    0  1  1  0  2  0   0
20231016 043527.447 INFO             PET2       MODEL: time step-loop ending,   current time:    0  1  1  0  2  0   0
20231016 043527.447 INFO             PET2       <<<MODEL: leaving Run (phase=RunPhase1) with current time:    0  1  1  0  2  0   0
20231016 043527.447 INFO             PET2     MODEL: Run extro.
20231016 043527.447 INFO             PET2     driver: RunSequence event loopLevel=   1  levelMember=   1  loopIteration=   5, current time:    0  1  1  0  2  0   0
20231016 043527.447 INFO             PET2     MODEL: Run intro.
20231016 043527.447 INFO             PET2       >>>MODEL: entered Run (phase=RunPhase1) with current time:    0  1  1  0  2  0   0
20231016 043527.447 INFO             PET2       MODEL: time step-loop starting, current time:    0  1  1  0  2  0   0
20231016 043527.447 INFO             PET2       thread_num=   0   currentSsiPe= 129   num_threads=   3   max_threads=   3   num_procs=   2
20231016 043527.447 INFO             PET2       thread_num=   2   currentSsiPe=   1   num_threads=   3   max_threads=   3   num_procs=   2
20231016 043527.447 INFO             PET2       thread_num=   1   currentSsiPe=   1   num_threads=   3   max_threads=   3   num_procs=   2
20231016 043527.447 INFO             PET2       ---->Advancing Model from:    0  1  1  0  2  0   0
20231016 043527.447 INFO             PET2       ---------------------> to:    0  1  1  0  2 30   0
20231016 043527.447 INFO             PET2       MODEL: time step-loop ending,   current time:    0  1  1  0  2 30   0
20231016 043527.447 INFO             PET2       <<<MODEL: leaving Run (phase=RunPhase1) with current time:    0  1  1  0  2 30   0
20231016 043527.447 INFO             PET2     MODEL: Run extro.
20231016 043527.447 INFO             PET2   driver: end <--------- RunSequence
20231016 043527.447 INFO             PET2   <<<driver - leaving Run with current time:    0  1  1  0  2 30   0
20231016 043527.447 INFO             PET2 driver: Run extro.
20231016 043527.447 INFO             PET2 driver: Finalize intro.
20231016 043527.447 INFO             PET2   Calling Finalize phase 1 for modelComp: MODEL
20231016 043527.448 INFO             PET2   MODEL: Finalize intro.
20231016 043527.448 INFO             PET2     >>>MODEL: entered Finalize (phase=FinalizePhase1) with current time:    0  1  1  0  2 30   0
20231016 043527.448 INFO             PET2     <<<MODEL: leaving Finalize (phase=FinalizePhase1) with current time:    0  1  1  0  2 30   0
20231016 043527.448 INFO             PET2   MODEL: Finalize extro.
20231016 043527.448 INFO             PET2   Delete modelComp: MODEL
20231016 043527.448 INFO             PET2   Delete Import-/Export State for modelComp: MODEL
20231016 043527.448 INFO             PET2 driver: Finalize extro.
20231016 043527.448 INFO             PET2 mainApp FINISHED
20231016 043527.448 INFO             PET2  Finalizing ESMF
20231016 043527.432 INFO             PET3 !!!!!!!!!!!!!!!!!!!!!!!!!!!!!!!!!!!!!!!!!!!!!!!!!!!!!!
20231016 043527.432 INFO             PET3 !!! THE ESMF_LOG IS SET TO OUTPUT ALL LOG MESSAGES !!!
20231016 043527.432 INFO             PET3 !!!     THIS MAY CAUSE SLOWDOWN IN PERFORMANCE     !!!
20231016 043527.432 INFO             PET3 !!! FOR PRODUCTION RUNS, USE:                      !!!
20231016 043527.432 INFO             PET3 !!!                   ESMF_LOGKIND_Multi_On_Error  !!!
20231016 043527.432 INFO             PET3 !!!!!!!!!!!!!!!!!!!!!!!!!!!!!!!!!!!!!!!!!!!!!!!!!!!!!!
20231016 043527.432 INFO             PET3 Running with ESMF Version   : v8.6.0b09
20231016 043527.432 INFO             PET3 ESMF library build date/time: "Oct 16 2023" "04:04:37"
20231016 043527.432 INFO             PET3 ESMF library build location : /tmp/intel_2023.1.0-classic_mpi_O_develop/esmf
20231016 043527.432 INFO             PET3 ESMF_COMM                   : mpi
20231016 043527.432 INFO             PET3 ESMF_MOAB                   : enabled
20231016 043527.432 INFO             PET3 ESMF_LAPACK                 : enabled
20231016 043527.432 INFO             PET3 ESMF_NETCDF                 : enabled
20231016 043527.432 INFO             PET3 ESMF_PNETCDF                : disabled
20231016 043527.432 INFO             PET3 ESMF_PIO                    : enabled
20231016 043527.432 INFO             PET3 ESMF_YAMLCPP                : enabled
20231016 043527.432 INFO             PET3 mainApp STARTING
20231016 043527.433 INFO             PET3 driver: InitializeGeneric intro.
20231016 043527.433 INFO             PET3   driver: InitializeP0 intro.
20231016 043527.433 INFO             PET3   driver: InitializeP0 extro.
20231016 043527.434 INFO             PET3   driver: InitializeIPDv02p1 intro.
20231016 043527.434 INFO             PET3     >>>driver: entered Initialize (phase=<none>) without valid internal Clock.
20231016 043527.434 INFO             PET3     driver - Creating model component MODEL without petList.
20231016 043527.434 INFO             PET3      GridCompIsPetLocal:  T
20231016 043527.434 INFO             PET3      VmIsCreated:  T
20231016 043527.434 INFO             PET3      valid MPI_COMM with size=           4
20231016 043527.435 INFO             PET3     driver - Creating state: modelComp 1 Import State
20231016 043527.435 INFO             PET3     driver - Creating state: modelComp 1 Export State
20231016 043527.435 INFO             PET3     MODEL: InitializeP0 intro.
20231016 043527.435 INFO             PET3       >>>MODEL: entered Initialize (phase=<none>) without valid internal Clock.
20231016 043527.435 INFO             PET3       <<<MODEL: leaving Initialize (phase=<none>) without valid internal Clock.
20231016 043527.435 INFO             PET3     MODEL: InitializeP0 extro.
20231016 043527.436 INFO             PET3     driver: IInitAdvertise intro.
20231016 043527.436 INFO             PET3     driver: IInitAdvertise extro.
20231016 043527.436 INFO             PET3     MODEL: InitializeIPDvXp01 intro.
20231016 043527.436 INFO             PET3       >>>MODEL: entered Initialize (phase=IPDvXp01) without valid internal Clock.
20231016 043527.437 INFO             PET3       <<<MODEL: leaving Initialize (phase=IPDvXp01) without valid internal Clock.
20231016 043527.437 INFO             PET3     MODEL: InitializeIPDvXp01 extro.
20231016 043527.437 INFO             PET3     driver: IInitAdvertiseFinish intro.
20231016 043527.437 INFO             PET3     driver: IInitAdvertiseFinish extro.
20231016 043527.437 INFO             PET3     driver: IInitModifyCplLists intro.
20231016 043527.437 INFO             PET3     driver: IInitModifyCplLists extro.
20231016 043527.437 INFO             PET3     <<<driver: leaving Initialize (phase=<none>) with current time:    0  1  1  0  0  0   0
20231016 043527.437 INFO             PET3   driver: InitializeIPDv02p1 extro.
20231016 043527.437 INFO             PET3   driver: InitializeIPDv02p3 intro.
20231016 043527.437 INFO             PET3     >>>driver: entered Initialize (phase=<none>) with current time:    0  1  1  0  0  0   0
20231016 043527.437 INFO             PET3     driver: IInitCheck intro.
20231016 043527.437 INFO             PET3     driver: IInitCheck extro.
20231016 043527.437 INFO             PET3     MODEL: InitializeIPDvXp04 intro.
20231016 043527.437 INFO             PET3       >>>MODEL: entered Initialize (phase=IPDvXp04) without valid internal Clock.
20231016 043527.438 INFO             PET3       After Realize: - MemInfo: [/proc/meminfo - SSI]	MemTotal:       263445840 kB
20231016 043527.438 INFO             PET3       After Realize: - MemInfo: [/proc/meminfo - SSI]	MemFree:        243691512 kB
20231016 043527.438 INFO             PET3       After Realize: - MemInfo: [/proc/meminfo - SSI]	MemAvailable:   243353948 kB
20231016 043527.438 INFO             PET3       After Realize: - MemInfo: [/proc/meminfo - SSI]	Committed_AS:    3558908 kB
20231016 043527.438 INFO             PET3       After Realize: - MemInfo: [/proc/meminfo - SSI]	CommittedPercent: 1.35091 %
20231016 043527.439 INFO             PET3       After Realize: - MemInfo: [/proc/self/status]	VmPeak:	  236188 kB
20231016 043527.439 INFO             PET3       After Realize: - MemInfo: [/proc/self/status]	VmSize:	  236188 kB
20231016 043527.439 INFO             PET3       After Realize: - MemInfo: [/proc/self/status]	VmLck:	       0 kB
20231016 043527.439 INFO             PET3       After Realize: - MemInfo: [/proc/self/status]	VmPin:	       0 kB
20231016 043527.439 INFO             PET3       After Realize: - MemInfo: [/proc/self/status]	VmHWM:	   48056 kB
20231016 043527.439 INFO             PET3       After Realize: - MemInfo: [/proc/self/status]	VmRSS:	   48056 kB
20231016 043527.439 INFO             PET3       After Realize: - MemInfo: [/proc/self/status]	VmData:	   26636 kB
20231016 043527.439 INFO             PET3       After Realize: - MemInfo: [/proc/self/status]	VmStk:	     176 kB
20231016 043527.439 INFO             PET3       After Realize: - MemInfo: [/proc/self/status]	VmExe:	    1496 kB
20231016 043527.439 INFO             PET3       After Realize: - MemInfo: [/proc/self/status]	VmLib:	  115428 kB
20231016 043527.439 INFO             PET3       After Realize: - MemInfo: [/proc/self/status]	VmPTE:	     384 kB
20231016 043527.439 INFO             PET3       After Realize: - MemInfo: [/proc/self/status]	VmSwap:	       0 kB
20231016 043527.439 INFO             PET3       After Realize: - MemInfo: [/proc/self/status]	VmRSSPercent: 0.0182413 %
20231016 043527.439 INFO             PET3       After Realize: - MemInfo: [malloc] Non-mmapped space allocated:                  839680 Byte
20231016 043527.439 INFO             PET3       After Realize: - MemInfo: [malloc] Space allocated in mmapped regions:          9129984 Byte
20231016 043527.439 INFO             PET3       After Realize: - MemInfo: [malloc] Maximum total allocated space:                     0 Byte
20231016 043527.439 INFO             PET3       After Realize: - MemInfo: [malloc] Space in freed fastbin blocks:                   160 Byte
20231016 043527.439 INFO             PET3       After Realize: - MemInfo: [malloc] Total allocated space:                        739136 Byte
20231016 043527.439 INFO             PET3       After Realize: - MemInfo: [malloc] Total free space:                             100544 Byte
20231016 043527.439 INFO             PET3       After Realize: - MemInfo: [malloc] Top-most, releasable space:                   100384 Byte
20231016 043527.439 INFO             PET3       After Realize: - MemInfo: [malloc] Total space in use, mmap + non-mmap:         9869120 Byte
20231016 043527.439 INFO             PET3       After Realize: - MemInfo: [malloc] Total space held (mmap + non-mmap):          9969664 Byte
20231016 043527.439 INFO             PET3       After Realize: - MemInfo: [malloc] Total space used (mmap + non-mmap):          9877824 Byte
20231016 043527.439 INFO             PET3       After Realize: - MemInfo: Wall-clock time since execution start:             0.00965849 seconds
20231016 043527.439 INFO             PET3       <<<MODEL: leaving Initialize (phase=IPDvXp04) without valid internal Clock.
20231016 043527.439 INFO             PET3     MODEL: InitializeIPDvXp04 extro.
20231016 043527.439 INFO             PET3     driver: IInitRealize intro.
20231016 043527.439 INFO             PET3     driver: IInitRealize extro.
20231016 043527.439 INFO             PET3     MODEL: InitializeIPDvXp07 intro.
20231016 043527.439 INFO             PET3       >>>MODEL: entered Initialize (phase=IPDvXp07) without valid internal Clock.
20231016 043527.439 INFO             PET3       <<<MODEL: leaving Initialize (phase=IPDvXp07) with current time:    0  1  1  0  0  0   0
20231016 043527.439 INFO             PET3     MODEL: InitializeIPDvXp07 extro.
20231016 043527.439 INFO             PET3     <<<driver: leaving Initialize (phase=<none>) with current time:    0  1  1  0  0  0   0
20231016 043527.439 INFO             PET3   driver: InitializeIPDv02p3 extro.
20231016 043527.439 INFO             PET3   driver: InitializeIPDv02p5 intro.
20231016 043527.439 INFO             PET3     >>>driver: entered Initialize (phase=<none>) with current time:    0  1  1  0  0  0   0
20231016 043527.439 INFO             PET3     driver: this is a top level driver, no 'Updated' and 'InitializeDataComplete' info on this level.
20231016 043527.439 INFO             PET3     driver: InitializeIPDv02p5Data intro.
20231016 043527.439 INFO             PET3       driver: InternalInitializeComplete intro.
20231016 043527.439 INFO             PET3         driver: InitializeDataComplete='true'
20231016 043527.439 INFO             PET3       driver: InternalInitializeComplete extro.
20231016 043527.439 INFO             PET3       MODEL: InitializeIPDvXp08 intro.
20231016 043527.439 INFO             PET3         >>>MODEL: entered Initialize (phase=IPDv05p8) with current time:    0  1  1  0  0  0   0
20231016 043527.440 INFO             PET3         MODEL: InitializeDataProgress='false', InitializeDataComplete='false'
20231016 043527.440 INFO             PET3         <<<MODEL: leaving Initialize (phase=IPDv05p8) with current time:    0  1  1  0  0  0   0
20231016 043527.440 INFO             PET3       MODEL: InitializeIPDvXp08 extro.
20231016 043527.440 INFO             PET3       driver: components present that trigger loopDataDependentInitialize().
20231016 043527.440 INFO             PET3       driver: loopDataDependentInitialize intro.
20231016 043527.440 INFO             PET3         driver: component    0=driver, dataComplete (local): true
20231016 043527.440 INFO             PET3         driver: component    0=driver, dataComplete (global):  T
20231016 043527.440 INFO             PET3         driver: component    1=MODEL, dataComplete (local): false
20231016 043527.440 INFO             PET3         driver: component    1=MODEL, dataComplete (global):  F
20231016 043527.440 INFO             PET3         MODEL: InitializeIPDvXp08 intro.
20231016 043527.440 INFO             PET3           >>>MODEL: entered Initialize (phase=IPDv05p8) with current time:    0  1  1  0  0  0   0
20231016 043527.440 INFO             PET3           MODEL: InitializeDataProgress='true', InitializeDataComplete='true'
20231016 043527.440 INFO             PET3           <<<MODEL: leaving Initialize (phase=IPDv05p8) with current time:    0  1  1  0  0  0   0
20231016 043527.440 INFO             PET3         MODEL: InitializeIPDvXp08 extro.
20231016 043527.440 INFO             PET3         driver: component    1=MODEL, someProgress (local): true
20231016 043527.440 INFO             PET3         driver: component    1=MODEL, someProgress (global):  T
20231016 043527.440 INFO             PET3         driver: someProgress= T, allComplete= F, present(dataDepAllComplete)= T
20231016 043527.440 INFO             PET3         driver: component    0=driver, dataComplete (local): true
20231016 043527.440 INFO             PET3         driver: component    0=driver, dataComplete (global):  T
20231016 043527.440 INFO             PET3         driver: component    1=MODEL, dataComplete (local): true
20231016 043527.440 INFO             PET3         driver: component    1=MODEL, dataComplete (global):  T
20231016 043527.440 INFO             PET3         driver: someProgress= F, allComplete= T, present(dataDepAllComplete)= T
20231016 043527.440 INFO             PET3         driver: finished resolving initialize data dependencies on this level.
20231016 043527.440 INFO             PET3       driver: loopDataDependentInitialize extro.
20231016 043527.440 INFO             PET3       driver: loopDataDependentInitialize() returned with dataDepAllComplete:  T
20231016 043527.440 INFO             PET3     driver: InitializeIPDv02p5Data extro.
20231016 043527.440 INFO             PET3     <<<driver: leaving Initialize (phase=<none>) with current time:    0  1  1  0  0  0   0
20231016 043527.440 INFO             PET3   driver: InitializeIPDv02p5 extro.
20231016 043527.440 INFO             PET3 driver: InitializeGeneric extro.
20231016 043527.440 INFO             PET3 driver: Run intro.
20231016 043527.440 INFO             PET3   >>>driver entered Run (phase=RunPhase1) with current time:    0  1  1  0  0  0   0
20231016 043527.440 INFO             PET3   driver: after lable_SetRunClock, current time:    0  1  1  0  0  0   0
20231016 043527.441 INFO             PET3   driver: begin -------> RunSequence.
20231016 043527.441 INFO             PET3     driver: RunSequence event loopLevel=   1  levelMember=   1  loopIteration=   1, current time:    0  1  1  0  0  0   0
20231016 043527.441 INFO             PET3     MODEL: Run intro.
20231016 043527.441 INFO             PET3       >>>MODEL: entered Run (phase=RunPhase1) with current time:    0  1  1  0  0  0   0
20231016 043527.441 INFO             PET3       MODEL: time step-loop starting, current time:    0  1  1  0  0  0   0
20231016 043527.441 INFO             PET3       thread_num=   0   currentSsiPe= 193   num_threads=   3   max_threads=   3   num_procs=   2
20231016 043527.441 INFO             PET3       thread_num=   1   currentSsiPe=  65   num_threads=   3   max_threads=   3   num_procs=   2
20231016 043527.446 INFO             PET3       thread_num=   2   currentSsiPe=  65   num_threads=   3   max_threads=   3   num_procs=   2
20231016 043527.446 INFO             PET3       ---->Advancing Model from:    0  1  1  0  0  0   0
20231016 043527.446 INFO             PET3       ---------------------> to:    0  1  1  0  0 30   0
20231016 043527.446 INFO             PET3       MODEL: time step-loop ending,   current time:    0  1  1  0  0 30   0
20231016 043527.446 INFO             PET3       <<<MODEL: leaving Run (phase=RunPhase1) with current time:    0  1  1  0  0 30   0
20231016 043527.446 INFO             PET3     MODEL: Run extro.
20231016 043527.446 INFO             PET3     driver: RunSequence event loopLevel=   1  levelMember=   1  loopIteration=   2, current time:    0  1  1  0  0 30   0
20231016 043527.446 INFO             PET3     MODEL: Run intro.
20231016 043527.446 INFO             PET3       >>>MODEL: entered Run (phase=RunPhase1) with current time:    0  1  1  0  0 30   0
20231016 043527.446 INFO             PET3       MODEL: time step-loop starting, current time:    0  1  1  0  0 30   0
20231016 043527.446 INFO             PET3       thread_num=   0   currentSsiPe= 193   num_threads=   3   max_threads=   3   num_procs=   2
20231016 043527.446 INFO             PET3       thread_num=   1   currentSsiPe=  65   num_threads=   3   max_threads=   3   num_procs=   2
20231016 043527.446 INFO             PET3       thread_num=   2   currentSsiPe=  65   num_threads=   3   max_threads=   3   num_procs=   2
20231016 043527.446 INFO             PET3       ---->Advancing Model from:    0  1  1  0  0 30   0
20231016 043527.446 INFO             PET3       ---------------------> to:    0  1  1  0  1  0   0
20231016 043527.446 INFO             PET3       MODEL: time step-loop ending,   current time:    0  1  1  0  1  0   0
20231016 043527.446 INFO             PET3       <<<MODEL: leaving Run (phase=RunPhase1) with current time:    0  1  1  0  1  0   0
20231016 043527.446 INFO             PET3     MODEL: Run extro.
20231016 043527.446 INFO             PET3     driver: RunSequence event loopLevel=   1  levelMember=   1  loopIteration=   3, current time:    0  1  1  0  1  0   0
20231016 043527.446 INFO             PET3     MODEL: Run intro.
20231016 043527.447 INFO             PET3       >>>MODEL: entered Run (phase=RunPhase1) with current time:    0  1  1  0  1  0   0
20231016 043527.447 INFO             PET3       MODEL: time step-loop starting, current time:    0  1  1  0  1  0   0
20231016 043527.447 INFO             PET3       thread_num=   0   currentSsiPe= 193   num_threads=   3   max_threads=   3   num_procs=   2
20231016 043527.447 INFO             PET3       thread_num=   1   currentSsiPe=  65   num_threads=   3   max_threads=   3   num_procs=   2
20231016 043527.447 INFO             PET3       thread_num=   2   currentSsiPe=  65   num_threads=   3   max_threads=   3   num_procs=   2
20231016 043527.447 INFO             PET3       ---->Advancing Model from:    0  1  1  0  1  0   0
20231016 043527.447 INFO             PET3       ---------------------> to:    0  1  1  0  1 30   0
20231016 043527.447 INFO             PET3       MODEL: time step-loop ending,   current time:    0  1  1  0  1 30   0
20231016 043527.447 INFO             PET3       <<<MODEL: leaving Run (phase=RunPhase1) with current time:    0  1  1  0  1 30   0
20231016 043527.447 INFO             PET3     MODEL: Run extro.
20231016 043527.447 INFO             PET3     driver: RunSequence event loopLevel=   1  levelMember=   1  loopIteration=   4, current time:    0  1  1  0  1 30   0
20231016 043527.447 INFO             PET3     MODEL: Run intro.
20231016 043527.447 INFO             PET3       >>>MODEL: entered Run (phase=RunPhase1) with current time:    0  1  1  0  1 30   0
20231016 043527.447 INFO             PET3       MODEL: time step-loop starting, current time:    0  1  1  0  1 30   0
20231016 043527.447 INFO             PET3       thread_num=   0   currentSsiPe= 193   num_threads=   3   max_threads=   3   num_procs=   2
20231016 043527.447 INFO             PET3       thread_num=   1   currentSsiPe=  65   num_threads=   3   max_threads=   3   num_procs=   2
20231016 043527.447 INFO             PET3       thread_num=   2   currentSsiPe=  65   num_threads=   3   max_threads=   3   num_procs=   2
20231016 043527.447 INFO             PET3       ---->Advancing Model from:    0  1  1  0  1 30   0
20231016 043527.447 INFO             PET3       ---------------------> to:    0  1  1  0  2  0   0
20231016 043527.447 INFO             PET3       MODEL: time step-loop ending,   current time:    0  1  1  0  2  0   0
20231016 043527.447 INFO             PET3       <<<MODEL: leaving Run (phase=RunPhase1) with current time:    0  1  1  0  2  0   0
20231016 043527.447 INFO             PET3     MODEL: Run extro.
20231016 043527.447 INFO             PET3     driver: RunSequence event loopLevel=   1  levelMember=   1  loopIteration=   5, current time:    0  1  1  0  2  0   0
20231016 043527.447 INFO             PET3     MODEL: Run intro.
20231016 043527.447 INFO             PET3       >>>MODEL: entered Run (phase=RunPhase1) with current time:    0  1  1  0  2  0   0
20231016 043527.447 INFO             PET3       MODEL: time step-loop starting, current time:    0  1  1  0  2  0   0
20231016 043527.447 INFO             PET3       thread_num=   0   currentSsiPe= 193   num_threads=   3   max_threads=   3   num_procs=   2
20231016 043527.447 INFO             PET3       thread_num=   1   currentSsiPe=  65   num_threads=   3   max_threads=   3   num_procs=   2
20231016 043527.447 INFO             PET3       thread_num=   2   currentSsiPe=  65   num_threads=   3   max_threads=   3   num_procs=   2
20231016 043527.447 INFO             PET3       ---->Advancing Model from:    0  1  1  0  2  0   0
20231016 043527.447 INFO             PET3       ---------------------> to:    0  1  1  0  2 30   0
20231016 043527.447 INFO             PET3       MODEL: time step-loop ending,   current time:    0  1  1  0  2 30   0
20231016 043527.447 INFO             PET3       <<<MODEL: leaving Run (phase=RunPhase1) with current time:    0  1  1  0  2 30   0
20231016 043527.447 INFO             PET3     MODEL: Run extro.
20231016 043527.447 INFO             PET3   driver: end <--------- RunSequence
20231016 043527.447 INFO             PET3   <<<driver - leaving Run with current time:    0  1  1  0  2 30   0
20231016 043527.447 INFO             PET3 driver: Run extro.
20231016 043527.447 INFO             PET3 driver: Finalize intro.
20231016 043527.447 INFO             PET3   Calling Finalize phase 1 for modelComp: MODEL
20231016 043527.447 INFO             PET3   MODEL: Finalize intro.
20231016 043527.447 INFO             PET3     >>>MODEL: entered Finalize (phase=FinalizePhase1) with current time:    0  1  1  0  2 30   0
20231016 043527.447 INFO             PET3     <<<MODEL: leaving Finalize (phase=FinalizePhase1) with current time:    0  1  1  0  2 30   0
20231016 043527.447 INFO             PET3   MODEL: Finalize extro.
20231016 043527.447 INFO             PET3   Delete modelComp: MODEL
20231016 043527.447 INFO             PET3   Delete Import-/Export State for modelComp: MODEL
20231016 043527.447 INFO             PET3 driver: Finalize extro.
20231016 043527.447 INFO             PET3 mainApp FINISHED
20231016 043527.447 INFO             PET3  Finalizing ESMF
