2023-11-01 07:39:39
20231101 081210.544 INFO             PET0 !!!!!!!!!!!!!!!!!!!!!!!!!!!!!!!!!!!!!!!!!!!!!!!!!!!!!!
20231101 081210.544 INFO             PET0 !!! THE ESMF_LOG IS SET TO OUTPUT ALL LOG MESSAGES !!!
20231101 081210.544 INFO             PET0 !!!     THIS MAY CAUSE SLOWDOWN IN PERFORMANCE     !!!
20231101 081210.544 INFO             PET0 !!! FOR PRODUCTION RUNS, USE:                      !!!
20231101 081210.544 INFO             PET0 !!!                   ESMF_LOGKIND_Multi_On_Error  !!!
20231101 081210.544 INFO             PET0 !!!!!!!!!!!!!!!!!!!!!!!!!!!!!!!!!!!!!!!!!!!!!!!!!!!!!!
20231101 081210.544 INFO             PET0 Running with ESMF Version   : v8.6.0b13-3-gd57b32fbad
20231101 081210.544 INFO             PET0 ESMF library build date/time: "Nov  1 2023" "07:37:24"
20231101 081210.544 INFO             PET0 ESMF library build location : /scratch2/NCEPDEV/stmp1/Gerhard.Theurich/ESMF-Nightly-Testing/gfortran_9.2.0_openmpi_g_release_8.6.0/esmf
20231101 081210.544 INFO             PET0 ESMF_COMM                   : openmpi
20231101 081210.545 INFO             PET0 ESMF_MOAB                   : enabled
20231101 081210.545 INFO             PET0 ESMF_LAPACK                 : enabled
20231101 081210.545 INFO             PET0 ESMF_NETCDF                 : disabled
20231101 081210.545 INFO             PET0 ESMF_PNETCDF                : disabled
20231101 081210.545 INFO             PET0 ESMF_PIO                    : disabled
20231101 081210.545 INFO             PET0 ESMF_YAMLCPP                : enabled
20231101 081210.545 INFO             PET0  NUMBER_OF_PROCESSORS           1
20231101 081210.545 INFO             PET0  PASS  Example ESMF_ClockEx, ESMF_ClockEx.F90, line 220
20231101 081210.545 INFO             PET0  Finalizing ESMF
