2023-11-10 01:41:17
20231110 034202.871 INFO             PET0 !!!!!!!!!!!!!!!!!!!!!!!!!!!!!!!!!!!!!!!!!!!!!!!!!!!!!!
20231110 034202.871 INFO             PET0 !!! THE ESMF_LOG IS SET TO OUTPUT ALL LOG MESSAGES !!!
20231110 034202.871 INFO             PET0 !!!     THIS MAY CAUSE SLOWDOWN IN PERFORMANCE     !!!
20231110 034202.871 INFO             PET0 !!! FOR PRODUCTION RUNS, USE:                      !!!
20231110 034202.871 INFO             PET0 !!!                   ESMF_LOGKIND_Multi_On_Error  !!!
20231110 034202.871 INFO             PET0 !!!!!!!!!!!!!!!!!!!!!!!!!!!!!!!!!!!!!!!!!!!!!!!!!!!!!!
20231110 034202.871 INFO             PET0 Running with ESMF Version   : v8.6.0
20231110 034202.871 INFO             PET0 ESMF library build date/time: "Nov 10 2023" "01:40:23"
20231110 034202.871 INFO             PET0 ESMF library build location : /tmp/gfortran_11.2.0_mpi_O_v8.6.0/esmf
20231110 034202.871 INFO             PET0 ESMF_COMM                   : mpi
20231110 034202.871 INFO             PET0 ESMF_MOAB                   : enabled
20231110 034202.871 INFO             PET0 ESMF_LAPACK                 : enabled
20231110 034202.871 INFO             PET0 ESMF_NETCDF                 : enabled
20231110 034202.871 INFO             PET0 ESMF_PNETCDF                : disabled
20231110 034202.871 INFO             PET0 ESMF_PIO                    : enabled
20231110 034202.871 INFO             PET0 ESMF_YAMLCPP                : enabled
20231110 034202.906 DEBUG            PET0 about to destroy Grid: 0x54c280
20231110 034202.910 DEBUG            PET0 about to destroy Grid: 0x54dfd0
20231110 034202.921 INFO             PET0  NUMBER_OF_PROCESSORS           4
20231110 034202.921 INFO             PET0  PASS  Example ESMF_NUOPCAtmModelEx, ESMF_NUOPCAtmModelEx.F90, line 806
20231110 034202.921 INFO             PET0  Finalizing ESMF
20231110 034202.871 INFO             PET1 !!!!!!!!!!!!!!!!!!!!!!!!!!!!!!!!!!!!!!!!!!!!!!!!!!!!!!
20231110 034202.871 INFO             PET1 !!! THE ESMF_LOG IS SET TO OUTPUT ALL LOG MESSAGES !!!
20231110 034202.871 INFO             PET1 !!!     THIS MAY CAUSE SLOWDOWN IN PERFORMANCE     !!!
20231110 034202.871 INFO             PET1 !!! FOR PRODUCTION RUNS, USE:                      !!!
20231110 034202.871 INFO             PET1 !!!                   ESMF_LOGKIND_Multi_On_Error  !!!
20231110 034202.871 INFO             PET1 !!!!!!!!!!!!!!!!!!!!!!!!!!!!!!!!!!!!!!!!!!!!!!!!!!!!!!
20231110 034202.871 INFO             PET1 Running with ESMF Version   : v8.6.0
20231110 034202.871 INFO             PET1 ESMF library build date/time: "Nov 10 2023" "01:40:23"
20231110 034202.871 INFO             PET1 ESMF library build location : /tmp/gfortran_11.2.0_mpi_O_v8.6.0/esmf
20231110 034202.871 INFO             PET1 ESMF_COMM                   : mpi
20231110 034202.871 INFO             PET1 ESMF_MOAB                   : enabled
20231110 034202.871 INFO             PET1 ESMF_LAPACK                 : enabled
20231110 034202.871 INFO             PET1 ESMF_NETCDF                 : enabled
20231110 034202.871 INFO             PET1 ESMF_PNETCDF                : disabled
20231110 034202.871 INFO             PET1 ESMF_PIO                    : enabled
20231110 034202.871 INFO             PET1 ESMF_YAMLCPP                : enabled
20231110 034202.906 DEBUG            PET1 about to destroy Grid: 0x5492c0
20231110 034202.910 DEBUG            PET1 about to destroy Grid: 0x54ab20
20231110 034202.921 INFO             PET1  NUMBER_OF_PROCESSORS           4
20231110 034202.921 INFO             PET1  PASS  Example ESMF_NUOPCAtmModelEx, ESMF_NUOPCAtmModelEx.F90, line 806
20231110 034202.921 INFO             PET1  Finalizing ESMF
20231110 034202.871 INFO             PET2 !!!!!!!!!!!!!!!!!!!!!!!!!!!!!!!!!!!!!!!!!!!!!!!!!!!!!!
20231110 034202.871 INFO             PET2 !!! THE ESMF_LOG IS SET TO OUTPUT ALL LOG MESSAGES !!!
20231110 034202.871 INFO             PET2 !!!     THIS MAY CAUSE SLOWDOWN IN PERFORMANCE     !!!
20231110 034202.871 INFO             PET2 !!! FOR PRODUCTION RUNS, USE:                      !!!
20231110 034202.871 INFO             PET2 !!!                   ESMF_LOGKIND_Multi_On_Error  !!!
20231110 034202.871 INFO             PET2 !!!!!!!!!!!!!!!!!!!!!!!!!!!!!!!!!!!!!!!!!!!!!!!!!!!!!!
20231110 034202.871 INFO             PET2 Running with ESMF Version   : v8.6.0
20231110 034202.871 INFO             PET2 ESMF library build date/time: "Nov 10 2023" "01:40:23"
20231110 034202.871 INFO             PET2 ESMF library build location : /tmp/gfortran_11.2.0_mpi_O_v8.6.0/esmf
20231110 034202.871 INFO             PET2 ESMF_COMM                   : mpi
20231110 034202.871 INFO             PET2 ESMF_MOAB                   : enabled
20231110 034202.871 INFO             PET2 ESMF_LAPACK                 : enabled
20231110 034202.871 INFO             PET2 ESMF_NETCDF                 : enabled
20231110 034202.871 INFO             PET2 ESMF_PNETCDF                : disabled
20231110 034202.871 INFO             PET2 ESMF_PIO                    : enabled
20231110 034202.871 INFO             PET2 ESMF_YAMLCPP                : enabled
20231110 034202.906 DEBUG            PET2 about to destroy Grid: 0x5480e0
20231110 034202.910 DEBUG            PET2 about to destroy Grid: 0x549e30
20231110 034202.921 INFO             PET2  NUMBER_OF_PROCESSORS           4
20231110 034202.921 INFO             PET2  PASS  Example ESMF_NUOPCAtmModelEx, ESMF_NUOPCAtmModelEx.F90, line 806
20231110 034202.921 INFO             PET2  Finalizing ESMF
20231110 034202.871 INFO             PET3 !!!!!!!!!!!!!!!!!!!!!!!!!!!!!!!!!!!!!!!!!!!!!!!!!!!!!!
20231110 034202.871 INFO             PET3 !!! THE ESMF_LOG IS SET TO OUTPUT ALL LOG MESSAGES !!!
20231110 034202.871 INFO             PET3 !!!     THIS MAY CAUSE SLOWDOWN IN PERFORMANCE     !!!
20231110 034202.871 INFO             PET3 !!! FOR PRODUCTION RUNS, USE:                      !!!
20231110 034202.871 INFO             PET3 !!!                   ESMF_LOGKIND_Multi_On_Error  !!!
20231110 034202.871 INFO             PET3 !!!!!!!!!!!!!!!!!!!!!!!!!!!!!!!!!!!!!!!!!!!!!!!!!!!!!!
20231110 034202.871 INFO             PET3 Running with ESMF Version   : v8.6.0
20231110 034202.871 INFO             PET3 ESMF library build date/time: "Nov 10 2023" "01:40:23"
20231110 034202.871 INFO             PET3 ESMF library build location : /tmp/gfortran_11.2.0_mpi_O_v8.6.0/esmf
20231110 034202.871 INFO             PET3 ESMF_COMM                   : mpi
20231110 034202.871 INFO             PET3 ESMF_MOAB                   : enabled
20231110 034202.871 INFO             PET3 ESMF_LAPACK                 : enabled
20231110 034202.871 INFO             PET3 ESMF_NETCDF                 : enabled
20231110 034202.871 INFO             PET3 ESMF_PNETCDF                : disabled
20231110 034202.871 INFO             PET3 ESMF_PIO                    : enabled
20231110 034202.871 INFO             PET3 ESMF_YAMLCPP                : enabled
20231110 034202.906 DEBUG            PET3 about to destroy Grid: 0x548a50
20231110 034202.910 DEBUG            PET3 about to destroy Grid: 0x54a110
20231110 034202.921 INFO             PET3  NUMBER_OF_PROCESSORS           4
20231110 034202.921 INFO             PET3  PASS  Example ESMF_NUOPCAtmModelEx, ESMF_NUOPCAtmModelEx.F90, line 806
20231110 034202.921 INFO             PET3  Finalizing ESMF
