2023-10-20 00:32:27
20231020 005735.037 INFO             PET0 !!!!!!!!!!!!!!!!!!!!!!!!!!!!!!!!!!!!!!!!!!!!!!!!!!!!!!
20231020 005735.038 INFO             PET0 !!! THE ESMF_LOG IS SET TO OUTPUT ALL LOG MESSAGES !!!
20231020 005735.038 INFO             PET0 !!!     THIS MAY CAUSE SLOWDOWN IN PERFORMANCE     !!!
20231020 005735.038 INFO             PET0 !!! FOR PRODUCTION RUNS, USE:                      !!!
20231020 005735.038 INFO             PET0 !!!                   ESMF_LOGKIND_Multi_On_Error  !!!
20231020 005735.038 INFO             PET0 !!!!!!!!!!!!!!!!!!!!!!!!!!!!!!!!!!!!!!!!!!!!!!!!!!!!!!
20231020 005735.038 INFO             PET0 Running with ESMF Version   : v8.6.0b10
20231020 005735.038 INFO             PET0 ESMF library build date/time: "Oct 20 2023" "00:30:58"
20231020 005735.038 INFO             PET0 ESMF library build location : /project/esmf/theurich/ESMF-Nightly-Testing/gfortran_8.2.0_mpiuni_O_develop/esmf
20231020 005735.038 INFO             PET0 ESMF_COMM                   : mpiuni
20231020 005735.038 INFO             PET0 ESMF_MOAB                   : enabled
20231020 005735.038 INFO             PET0 ESMF_LAPACK                 : enabled
20231020 005735.038 INFO             PET0 ESMF_NETCDF                 : enabled
20231020 005735.038 INFO             PET0 ESMF_PNETCDF                : disabled
20231020 005735.038 INFO             PET0 ESMF_PIO                    : disabled
20231020 005735.038 INFO             PET0 ESMF_YAMLCPP                : enabled
20231020 005735.039 ERROR            PET0 ESMCI_Info.C:1289 Info::set(<json>) Cannot set value  - Error/Return Code 540 (ESMC_RC_CANNOT_SET) - Key '/myIntegerKey' already in map and force=false.
20231020 005735.039 ERROR            PET0 ESMCI_Info.C:1292 Info::set(<json>) Cannot set value  - Internal subroutine call returned Error
20231020 005735.039 ERROR            PET0 ESMCI_Info.C:1334 Info::set(<json>) Cannot set value  - Internal subroutine call returned Error
20231020 005735.039 ERROR            PET0 ESMCI_Info.C:1337 Info::set(<json>) Cannot set value  - Internal subroutine call returned Error
20231020 005735.039 ERROR            PET0 ESMCI_Info.C:1385 Info::set(<scalar>) Cannot set value  - Internal subroutine call returned Error
20231020 005735.039 ERROR            PET0 ESMC_InfoCDefGeneric.C:387 ESMC_InfoSetI4() Cannot set value  - Internal subroutine call returned Error
20231020 005735.039 ERROR            PET0 ESMF_Info.F90:2871 ESMF_InfoSetI4() Cannot set value  - Internal subroutine call returned Error
20231020 005735.040 INFO             PET0  NUMBER_OF_PROCESSORS           1
20231020 005735.040 INFO             PET0  PASS  Example ESMF_InfoTutorialEx, ESMF_InfoTutorialEx.F90, line 335
20231020 005735.040 INFO             PET0  Finalizing ESMF
