2023-11-09 07:47:15
20231109 081949.353 INFO             PET0 !!!!!!!!!!!!!!!!!!!!!!!!!!!!!!!!!!!!!!!!!!!!!!!!!!!!!!
20231109 081949.354 INFO             PET0 !!! THE ESMF_LOG IS SET TO OUTPUT ALL LOG MESSAGES !!!
20231109 081949.354 INFO             PET0 !!!     THIS MAY CAUSE SLOWDOWN IN PERFORMANCE     !!!
20231109 081949.354 INFO             PET0 !!! FOR PRODUCTION RUNS, USE:                      !!!
20231109 081949.354 INFO             PET0 !!!                   ESMF_LOGKIND_Multi_On_Error  !!!
20231109 081949.354 INFO             PET0 !!!!!!!!!!!!!!!!!!!!!!!!!!!!!!!!!!!!!!!!!!!!!!!!!!!!!!
20231109 081949.354 INFO             PET0 Running with ESMF Version   : v8.6.0b15
20231109 081949.354 INFO             PET0 ESMF library build date/time: "Nov  9 2023" "07:45:11"
20231109 081949.354 INFO             PET0 ESMF library build location : /scratch2/NCEPDEV/stmp1/Gerhard.Theurich/ESMF-Nightly-Testing/intel_2023.1.0-classic_intelmpi_O_release_8.6.0/esmf
20231109 081949.354 INFO             PET0 ESMF_COMM                   : intelmpi
20231109 081949.354 INFO             PET0 ESMF_MOAB                   : enabled
20231109 081949.354 INFO             PET0 ESMF_LAPACK                 : enabled
20231109 081949.354 INFO             PET0 ESMF_NETCDF                 : enabled
20231109 081949.354 INFO             PET0 ESMF_PNETCDF                : disabled
20231109 081949.354 INFO             PET0 ESMF_PIO                    : enabled
20231109 081949.354 INFO             PET0 ESMF_YAMLCPP                : enabled
20231109 081949.386 DEBUG            PET0 about to destroy Grid: 0x1f73100
20231109 081949.389 DEBUG            PET0 about to destroy Grid: 0x1f75310
20231109 081949.399 INFO             PET0  NUMBER_OF_PROCESSORS           4
20231109 081949.399 INFO             PET0  PASS  Example ESMF_NUOPCAtmModelEx, ESMF_NUOPCAtmModelEx.F90, line 806
20231109 081949.399 INFO             PET0  Finalizing ESMF
20231109 081949.354 INFO             PET1 !!!!!!!!!!!!!!!!!!!!!!!!!!!!!!!!!!!!!!!!!!!!!!!!!!!!!!
20231109 081949.354 INFO             PET1 !!! THE ESMF_LOG IS SET TO OUTPUT ALL LOG MESSAGES !!!
20231109 081949.354 INFO             PET1 !!!     THIS MAY CAUSE SLOWDOWN IN PERFORMANCE     !!!
20231109 081949.354 INFO             PET1 !!! FOR PRODUCTION RUNS, USE:                      !!!
20231109 081949.354 INFO             PET1 !!!                   ESMF_LOGKIND_Multi_On_Error  !!!
20231109 081949.354 INFO             PET1 !!!!!!!!!!!!!!!!!!!!!!!!!!!!!!!!!!!!!!!!!!!!!!!!!!!!!!
20231109 081949.354 INFO             PET1 Running with ESMF Version   : v8.6.0b15
20231109 081949.354 INFO             PET1 ESMF library build date/time: "Nov  9 2023" "07:45:11"
20231109 081949.354 INFO             PET1 ESMF library build location : /scratch2/NCEPDEV/stmp1/Gerhard.Theurich/ESMF-Nightly-Testing/intel_2023.1.0-classic_intelmpi_O_release_8.6.0/esmf
20231109 081949.354 INFO             PET1 ESMF_COMM                   : intelmpi
20231109 081949.355 INFO             PET1 ESMF_MOAB                   : enabled
20231109 081949.355 INFO             PET1 ESMF_LAPACK                 : enabled
20231109 081949.355 INFO             PET1 ESMF_NETCDF                 : enabled
20231109 081949.355 INFO             PET1 ESMF_PNETCDF                : disabled
20231109 081949.355 INFO             PET1 ESMF_PIO                    : enabled
20231109 081949.355 INFO             PET1 ESMF_YAMLCPP                : enabled
20231109 081949.386 DEBUG            PET1 about to destroy Grid: 0x12fa9e0
20231109 081949.389 DEBUG            PET1 about to destroy Grid: 0x130c0c0
20231109 081949.398 INFO             PET1  NUMBER_OF_PROCESSORS           4
20231109 081949.398 INFO             PET1  PASS  Example ESMF_NUOPCAtmModelEx, ESMF_NUOPCAtmModelEx.F90, line 806
20231109 081949.398 INFO             PET1  Finalizing ESMF
20231109 081949.354 INFO             PET2 !!!!!!!!!!!!!!!!!!!!!!!!!!!!!!!!!!!!!!!!!!!!!!!!!!!!!!
20231109 081949.354 INFO             PET2 !!! THE ESMF_LOG IS SET TO OUTPUT ALL LOG MESSAGES !!!
20231109 081949.354 INFO             PET2 !!!     THIS MAY CAUSE SLOWDOWN IN PERFORMANCE     !!!
20231109 081949.354 INFO             PET2 !!! FOR PRODUCTION RUNS, USE:                      !!!
20231109 081949.354 INFO             PET2 !!!                   ESMF_LOGKIND_Multi_On_Error  !!!
20231109 081949.354 INFO             PET2 !!!!!!!!!!!!!!!!!!!!!!!!!!!!!!!!!!!!!!!!!!!!!!!!!!!!!!
20231109 081949.354 INFO             PET2 Running with ESMF Version   : v8.6.0b15
20231109 081949.354 INFO             PET2 ESMF library build date/time: "Nov  9 2023" "07:45:11"
20231109 081949.354 INFO             PET2 ESMF library build location : /scratch2/NCEPDEV/stmp1/Gerhard.Theurich/ESMF-Nightly-Testing/intel_2023.1.0-classic_intelmpi_O_release_8.6.0/esmf
20231109 081949.354 INFO             PET2 ESMF_COMM                   : intelmpi
20231109 081949.354 INFO             PET2 ESMF_MOAB                   : enabled
20231109 081949.354 INFO             PET2 ESMF_LAPACK                 : enabled
20231109 081949.354 INFO             PET2 ESMF_NETCDF                 : enabled
20231109 081949.354 INFO             PET2 ESMF_PNETCDF                : disabled
20231109 081949.354 INFO             PET2 ESMF_PIO                    : enabled
20231109 081949.354 INFO             PET2 ESMF_YAMLCPP                : enabled
20231109 081949.386 DEBUG            PET2 about to destroy Grid: 0x15dede0
20231109 081949.389 DEBUG            PET2 about to destroy Grid: 0x15efe20
20231109 081949.399 INFO             PET2  NUMBER_OF_PROCESSORS           4
20231109 081949.399 INFO             PET2  PASS  Example ESMF_NUOPCAtmModelEx, ESMF_NUOPCAtmModelEx.F90, line 806
20231109 081949.399 INFO             PET2  Finalizing ESMF
20231109 081949.354 INFO             PET3 !!!!!!!!!!!!!!!!!!!!!!!!!!!!!!!!!!!!!!!!!!!!!!!!!!!!!!
20231109 081949.354 INFO             PET3 !!! THE ESMF_LOG IS SET TO OUTPUT ALL LOG MESSAGES !!!
20231109 081949.354 INFO             PET3 !!!     THIS MAY CAUSE SLOWDOWN IN PERFORMANCE     !!!
20231109 081949.354 INFO             PET3 !!! FOR PRODUCTION RUNS, USE:                      !!!
20231109 081949.354 INFO             PET3 !!!                   ESMF_LOGKIND_Multi_On_Error  !!!
20231109 081949.354 INFO             PET3 !!!!!!!!!!!!!!!!!!!!!!!!!!!!!!!!!!!!!!!!!!!!!!!!!!!!!!
20231109 081949.354 INFO             PET3 Running with ESMF Version   : v8.6.0b15
20231109 081949.354 INFO             PET3 ESMF library build date/time: "Nov  9 2023" "07:45:11"
20231109 081949.354 INFO             PET3 ESMF library build location : /scratch2/NCEPDEV/stmp1/Gerhard.Theurich/ESMF-Nightly-Testing/intel_2023.1.0-classic_intelmpi_O_release_8.6.0/esmf
20231109 081949.354 INFO             PET3 ESMF_COMM                   : intelmpi
20231109 081949.355 INFO             PET3 ESMF_MOAB                   : enabled
20231109 081949.355 INFO             PET3 ESMF_LAPACK                 : enabled
20231109 081949.355 INFO             PET3 ESMF_NETCDF                 : enabled
20231109 081949.355 INFO             PET3 ESMF_PNETCDF                : disabled
20231109 081949.355 INFO             PET3 ESMF_PIO                    : enabled
20231109 081949.355 INFO             PET3 ESMF_YAMLCPP                : enabled
20231109 081949.386 DEBUG            PET3 about to destroy Grid: 0x28f3700
20231109 081949.389 DEBUG            PET3 about to destroy Grid: 0x2904de0
20231109 081949.398 INFO             PET3  NUMBER_OF_PROCESSORS           4
20231109 081949.398 INFO             PET3  PASS  Example ESMF_NUOPCAtmModelEx, ESMF_NUOPCAtmModelEx.F90, line 806
20231109 081949.398 INFO             PET3  Finalizing ESMF
