2023-10-13 02:50:21
20231013 031540.266 INFO             PET0 !!!!!!!!!!!!!!!!!!!!!!!!!!!!!!!!!!!!!!!!!!!!!!!!!!!!!!
20231013 031540.266 INFO             PET0 !!! THE ESMF_LOG IS SET TO OUTPUT ALL LOG MESSAGES !!!
20231013 031540.266 INFO             PET0 !!!     THIS MAY CAUSE SLOWDOWN IN PERFORMANCE     !!!
20231013 031540.266 INFO             PET0 !!! FOR PRODUCTION RUNS, USE:                      !!!
20231013 031540.266 INFO             PET0 !!!                   ESMF_LOGKIND_Multi_On_Error  !!!
20231013 031540.266 INFO             PET0 !!!!!!!!!!!!!!!!!!!!!!!!!!!!!!!!!!!!!!!!!!!!!!!!!!!!!!
20231013 031540.266 INFO             PET0 Running with ESMF Version   : v8.6.0b08-19-gea64eb3ef0
20231013 031540.266 INFO             PET0 ESMF library build date/time: "Oct 13 2023" "02:49:02"
20231013 031540.266 INFO             PET0 ESMF library build location : /glade/derecho/scratch/theurich/ESMF-Nightly-Testing/cce_15.0.1_mpiuni_g_develop/esmf
20231013 031540.266 INFO             PET0 ESMF_COMM                   : mpiuni
20231013 031540.267 INFO             PET0 ESMF_MOAB                   : enabled
20231013 031540.267 INFO             PET0 ESMF_LAPACK                 : enabled
20231013 031540.267 INFO             PET0 ESMF_NETCDF                 : enabled
20231013 031540.267 INFO             PET0 ESMF_PNETCDF                : disabled
20231013 031540.267 INFO             PET0 ESMF_PIO                    : disabled
20231013 031540.267 INFO             PET0 ESMF_YAMLCPP                : enabled
20231013 031540.268 INFO             PET0  NUMBER_OF_PROCESSORS 1
20231013 031540.268 INFO             PET0  PASS  Example ESMF_AlarmEx, ESMF_AlarmEx.F90, line 244
20231013 031540.268 INFO             PET0  Finalizing ESMF
