2023-10-15 02:50:12
 recvData for PET  0 :  1
 recvData for PET  0 :  2
 recvData for PET  0 :  3
 recvData for PET  0 :  4
 recvData for PET  0 :  5
 recvData for PET  0 :  6
 recvData for PET  0 :  7
 recvData for PET  0 :  8
 recvData for PET  0 :  9
 recvData for PET  0 :  10
 recvData for PET  0 :  0
 recvData for PET  0 :  0
 recvData for PET  0 :  0
 recvData for PET  0 :  0
 recvData for PET  0 :  0
 recvData for PET  0 :  0
 recvData for PET  0 :  0
 recvData for PET  0 :  0
 recvData for PET  0 :  4
 recvData for PET  0 :  0
 recvData for PET  0 :  0
 recvData for PET  0 :  0
 recvData for PET  0 :  -1430262336
 recvData for PET  0 :  5360
 recvData for PET  0 :  0
 recvData for PET  0 :  0
 recvData for PET  0 :  0
 recvData for PET  0 :  0
 recvData for PET  0 :  1179472709
 recvData for PET  0 :  1330398047
 recvData for PET  0 :  1696877379
 recvData for PET  0 :  1600548211
 recvData for PET  0 :  1668246627
 recvData for PET  0 :  1887007851
 recvData for PET  0 :  1685024101
 recvData for PET  0 :  95
 recvData for PET  0 :  0
 recvData for PET  0 :  0
 recvData for PET  0 :  0
 recvData for PET  0 :  0
  PASS  Example ESMF_VMHigherRankDataEx, ESMF_VMHigherRankDataEx.F90, line 140
 PASS: ESMF_VMHigherRankDataEx.F90
