2023-11-11 02:20:09
20231111 024607.111 INFO             PET0 !!!!!!!!!!!!!!!!!!!!!!!!!!!!!!!!!!!!!!!!!!!!!!!!!!!!!!
20231111 024607.111 INFO             PET0 !!! THE ESMF_LOG IS SET TO OUTPUT ALL LOG MESSAGES !!!
20231111 024607.111 INFO             PET0 !!!     THIS MAY CAUSE SLOWDOWN IN PERFORMANCE     !!!
20231111 024607.111 INFO             PET0 !!! FOR PRODUCTION RUNS, USE:                      !!!
20231111 024607.111 INFO             PET0 !!!                   ESMF_LOGKIND_Multi_On_Error  !!!
20231111 024607.111 INFO             PET0 !!!!!!!!!!!!!!!!!!!!!!!!!!!!!!!!!!!!!!!!!!!!!!!!!!!!!!
20231111 024607.111 INFO             PET0 Running with ESMF Version   : v8.6.0
20231111 024607.111 INFO             PET0 ESMF library build date/time: "Nov 11 2023" "02:18:40"
20231111 024607.111 INFO             PET0 ESMF library build location : /glade/derecho/scratch/theurich/ESMF-Nightly-Testing/intel_2023.0.0-oneAPI_mpiuni_g_v8.6.0/esmf
20231111 024607.111 INFO             PET0 ESMF_COMM                   : mpiuni
20231111 024607.112 INFO             PET0 ESMF_MOAB                   : enabled
20231111 024607.112 INFO             PET0 ESMF_LAPACK                 : enabled
20231111 024607.112 INFO             PET0 ESMF_NETCDF                 : enabled
20231111 024607.112 INFO             PET0 ESMF_PNETCDF                : disabled
20231111 024607.112 INFO             PET0 ESMF_PIO                    : disabled
20231111 024607.112 INFO             PET0 ESMF_YAMLCPP                : enabled
20231111 024607.119 INFO             PET0 ESMF_FieldRedistStoreNF(): Just entered routine.
20231111 024607.679 INFO             PET0 ESMF_FieldRedistStoreNF(): Leaving routine.
20231111 024607.686 INFO             PET0  NUMBER_OF_PROCESSORS           1
20231111 024607.687 INFO             PET0  PASS  Example ESMF_RHandleFromFileEx, ESMF_RHandleFromFileEx.F90, line 192
20231111 024607.687 INFO             PET0  Finalizing ESMF
