2023-10-05 03:59:47

esmApp:233314 terminated with signal 11 at PC=7fdc3f1d5c80 SP=7ffdec3fec90.  Backtrace:

esmApp:233316 terminated with signal 11 at PC=7fea0dd62c80 SP=7ffde3bd8440.  Backtrace:

esmApp:233317 terminated with signal 11 at PC=7f4f4046ec80 SP=7ffcb9d97810.  Backtrace:

esmApp:233315 terminated with signal 11 at PC=7efdcc205c80 SP=7fff5e551430.  Backtrace:
/tmp/intel_2023.1.0-oneAPI_mpi_g_develop/esmf/DEFAULTINSTALLDIR/lib/libg/Unicos.intel.64.mpi.default/libesmf.so(esmf_pointlistmod_mp_esmf_pointlistadd_+0x360)[0x7fdc3f1d5c80]
/tmp/intel_2023.1.0-oneAPI_mpi_g_develop/esmf/DEFAULTINSTALLDIR/lib/libg/Unicos.intel.64.mpi.default/libesmf.so(esmf_pointlistmod_mp_esmf_pointlistadd_+0x360)[0x7fea0dd62c80]
/tmp/intel_2023.1.0-oneAPI_mpi_g_develop/esmf/DEFAULTINSTALLDIR/lib/libg/Unicos.intel.64.mpi.default/libesmf.so(esmf_pointlistmod_mp_esmf_pointlistadd_+0x360)[0x7efdcc205c80]
/tmp/intel_2023.1.0-oneAPI_mpi_g_develop/esmf/DEFAULTINSTALLDIR/lib/libg/Unicos.intel.64.mpi.default/libesmf.so(esmf_pointlistmod_mp_esmf_pointlistadd_+0x360)[0x7f4f4046ec80]
/tmp/intel_2023.1.0-oneAPI_mpi_g_develop/esmf/DEFAULTINSTALLDIR/lib/libg/Unicos.intel.64.mpi.default/libesmf.so(esmf_pointlistmod_mp_esmf_pointlistcreatefrmlocstream_+0x3431)[0x7fdc3f1d3f31]
/tmp/intel_2023.1.0-oneAPI_mpi_g_develop/esmf/DEFAULTINSTALLDIR/lib/libg/Unicos.intel.64.mpi.default/libesmf.so(esmf_pointlistmod_mp_esmf_pointlistcreatefrmlocstream_+0x3431)[0x7fea0dd60f31]
/tmp/intel_2023.1.0-oneAPI_mpi_g_develop/esmf/DEFAULTINSTALLDIR/lib/libg/Unicos.intel.64.mpi.default/libesmf.so(esmf_pointlistmod_mp_esmf_pointlistcreatefrmlocstream_+0x3431)[0x7efdcc203f31]
/tmp/intel_2023.1.0-oneAPI_mpi_g_develop/esmf/DEFAULTINSTALLDIR/lib/libg/Unicos.intel.64.mpi.default/libesmf.so(esmf_pointlistmod_mp_esmf_pointlistcreatefrmlocstream_+0x3431)[0x7f4f4046cf31]
/tmp/intel_2023.1.0-oneAPI_mpi_g_develop/esmf/DEFAULTINSTALLDIR/lib/libg/Unicos.intel.64.mpi.default/libesmf.so(esmf_fieldregridmod_mp_getpointlistonfieldloc_+0x838)[0x7fdc3eb59c88]
/tmp/intel_2023.1.0-oneAPI_mpi_g_develop/esmf/DEFAULTINSTALLDIR/lib/libg/Unicos.intel.64.mpi.default/libesmf.so(esmf_fieldregridmod_mp_getpointlistonfieldloc_+0x838)[0x7fea0d6e6c88]
/tmp/intel_2023.1.0-oneAPI_mpi_g_develop/esmf/DEFAULTINSTALLDIR/lib/libg/Unicos.intel.64.mpi.default/libesmf.so(esmf_fieldregridmod_mp_getpointlistonfieldloc_+0x838)[0x7efdcbb89c88]
/tmp/intel_2023.1.0-oneAPI_mpi_g_develop/esmf/DEFAULTINSTALLDIR/lib/libg/Unicos.intel.64.mpi.default/libesmf.so(esmf_fieldregridmod_mp_getpointlistonfieldloc_+0x838)[0x7f4f3fdf2c88]
/tmp/intel_2023.1.0-oneAPI_mpi_g_develop/esmf/DEFAULTINSTALLDIR/lib/libg/Unicos.intel.64.mpi.default/libesmf.so(esmf_fieldregridmod_mp_esmf_fieldregridstorenx_+0x26f5)[0x7fdc3eb54f25]
/tmp/intel_2023.1.0-oneAPI_mpi_g_develop/esmf/DEFAULTINSTALLDIR/lib/libg/Unicos.intel.64.mpi.default/libesmf.so(esmf_fieldregridmod_mp_esmf_fieldregridstorenx_+0x2fd7)[0x7fea0d6e2807]
/tmp/intel_2023.1.0-oneAPI_mpi_g_develop/esmf/DEFAULTINSTALLDIR/lib/libg/Unicos.intel.64.mpi.default/libesmf.so(esmf_fieldregridmod_mp_esmf_fieldregridstorenx_+0x26f5)[0x7efdcbb84f25]
/tmp/intel_2023.1.0-oneAPI_mpi_g_develop/esmf/DEFAULTINSTALLDIR/lib/libg/Unicos.intel.64.mpi.default/libesmf.so(esmf_fieldregridmod_mp_esmf_fieldregridstorenx_+0x2fd7)[0x7f4f3fdee807]
/tmp/intel_2023.1.0-oneAPI_mpi_g_develop/esmf/DEFAULTINSTALLDIR/lib/libg/Unicos.intel.64.mpi.default/libesmf.so(esmf_fieldbundlemod_mp_esmf_fieldbundleregridstorepair_+0x7127)[0x7fea0d3effd7]
/tmp/intel_2023.1.0-oneAPI_mpi_g_develop/esmf/DEFAULTINSTALLDIR/lib/libg/Unicos.intel.64.mpi.default/libesmf.so(esmf_fieldbundlemod_mp_esmf_fieldbundleregridstorepair_+0x7127)[0x7fdc3e862fd7]
/tmp/intel_2023.1.0-oneAPI_mpi_g_develop/esmf/DEFAULTINSTALLDIR/lib/libg/Unicos.intel.64.mpi.default/libesmf.so(esmf_fieldbundlemod_mp_esmf_fieldbundleregridstorepair_+0x7127)[0x7efdcb892fd7]
/tmp/intel_2023.1.0-oneAPI_mpi_g_develop/esmf/DEFAULTINSTALLDIR/lib/libg/Unicos.intel.64.mpi.default/libesmf.so(esmf_fieldbundlemod_mp_esmf_fieldbundleregridstorepair_+0x7127)[0x7f4f3fafbfd7]
/tmp/intel_2023.1.0-oneAPI_mpi_g_develop/esmf/DEFAULTINSTALLDIR/lib/libg/Unicos.intel.64.mpi.default/libesmf.so(nuopc_connector_mp_fieldbundlecplstore_+0x155d2)[0x7fea0e1ed6a2]
/tmp/intel_2023.1.0-oneAPI_mpi_g_develop/esmf/DEFAULTINSTALLDIR/lib/libg/Unicos.intel.64.mpi.default/libesmf.so(nuopc_connector_mp_fieldbundlecplstore_+0x155d2)[0x7fdc3f6606a2]
/tmp/intel_2023.1.0-oneAPI_mpi_g_develop/esmf/DEFAULTINSTALLDIR/lib/libg/Unicos.intel.64.mpi.default/libesmf.so(nuopc_connector_mp_fieldbundlecplstore_+0x155d2)[0x7efdcc6906a2]
/tmp/intel_2023.1.0-oneAPI_mpi_g_develop/esmf/DEFAULTINSTALLDIR/lib/libg/Unicos.intel.64.mpi.default/libesmf.so(nuopc_connector_mp_fieldbundlecplstore_+0x155d2)[0x7f4f408f96a2]
/tmp/intel_2023.1.0-oneAPI_mpi_g_develop/esmf/DEFAULTINSTALLDIR/lib/libg/Unicos.intel.64.mpi.default/libesmf.so(nuopc_connector_mp_initializeipdv05p6b_+0xb89f)[0x7fea0e1b99df]
/tmp/intel_2023.1.0-oneAPI_mpi_g_develop/esmf/DEFAULTINSTALLDIR/lib/libg/Unicos.intel.64.mpi.default/libesmf.so(nuopc_connector_mp_initializeipdv05p6b_+0xb89f)[0x7fdc3f62c9df]
/tmp/intel_2023.1.0-oneAPI_mpi_g_develop/esmf/DEFAULTINSTALLDIR/lib/libg/Unicos.intel.64.mpi.default/libesmf.so(nuopc_connector_mp_initializeipdv05p6b_+0xb89f)[0x7efdcc65c9df]
/tmp/intel_2023.1.0-oneAPI_mpi_g_develop/esmf/DEFAULTINSTALLDIR/lib/libg/Unicos.intel.64.mpi.default/libesmf.so(nuopc_connector_mp_initializeipdv05p6b_+0xb89f)[0x7f4f408c59df]
/tmp/intel_2023.1.0-oneAPI_mpi_g_develop/esmf/DEFAULTINSTALLDIR/lib/libg/Unicos.intel.64.mpi.default/libesmf.so(_ZN5ESMCI6FTable12callVFuncPtrEPKcPNS_2VMEPi+0xe99)[0x7fdc3de2ddf9]
/tmp/intel_2023.1.0-oneAPI_mpi_g_develop/esmf/DEFAULTINSTALLDIR/lib/libg/Unicos.intel.64.mpi.default/libesmf.so(_ZN5ESMCI6FTable12callVFuncPtrEPKcPNS_2VMEPi+0xe99)[0x7efdcae5ddf9]
/tmp/intel_2023.1.0-oneAPI_mpi_g_develop/esmf/DEFAULTINSTALLDIR/lib/libg/Unicos.intel.64.mpi.default/libesmf.so(_ZN5ESMCI6FTable12callVFuncPtrEPKcPNS_2VMEPi+0xe99)[0x7fea0c9badf9]
/tmp/intel_2023.1.0-oneAPI_mpi_g_develop/esmf/DEFAULTINSTALLDIR/lib/libg/Unicos.intel.64.mpi.default/libesmf.so(_ZN5ESMCI6FTable12callVFuncPtrEPKcPNS_2VMEPi+0xe99)[0x7f4f3f0c6df9]
/tmp/intel_2023.1.0-oneAPI_mpi_g_develop/esmf/DEFAULTINSTALLDIR/lib/libg/Unicos.intel.64.mpi.default/libesmf.so(ESMCI_FTableCallEntryPointVMHop+0x2f8)[0x7efdcae5ce38]
/tmp/intel_2023.1.0-oneAPI_mpi_g_develop/esmf/DEFAULTINSTALLDIR/lib/libg/Unicos.intel.64.mpi.default/libesmf.so(ESMCI_FTableCallEntryPointVMHop+0x2f8)[0x7fdc3de2ce38]
/tmp/intel_2023.1.0-oneAPI_mpi_g_develop/esmf/DEFAULTINSTALLDIR/lib/libg/Unicos.intel.64.mpi.default/libesmf.so(ESMCI_FTableCallEntryPointVMHop+0x2f8)[0x7fea0c9b9e38]
/tmp/intel_2023.1.0-oneAPI_mpi_g_develop/esmf/DEFAULTINSTALLDIR/lib/libg/Unicos.intel.64.mpi.default/libesmf.so(ESMCI_FTableCallEntryPointVMHop+0x2f8)[0x7f4f3f0c5e38]
/tmp/intel_2023.1.0-oneAPI_mpi_g_develop/esmf/DEFAULTINSTALLDIR/lib/libg/Unicos.intel.64.mpi.default/libesmf.so(_ZN5ESMCI3VMK5enterEPNS_7VMKPlanEPvS3_+0xe2)[0x7efdcb2f3942]
/tmp/intel_2023.1.0-oneAPI_mpi_g_develop/esmf/DEFAULTINSTALLDIR/lib/libg/Unicos.intel.64.mpi.default/libesmf.so(_ZN5ESMCI3VMK5enterEPNS_7VMKPlanEPvS3_+0xe2)[0x7fdc3e2c3942]
/tmp/intel_2023.1.0-oneAPI_mpi_g_develop/esmf/DEFAULTINSTALLDIR/lib/libg/Unicos.intel.64.mpi.default/libesmf.so(_ZN5ESMCI3VMK5enterEPNS_7VMKPlanEPvS3_+0xe2)[0x7fea0ce50942]
/tmp/intel_2023.1.0-oneAPI_mpi_g_develop/esmf/DEFAULTINSTALLDIR/lib/libg/Unicos.intel.64.mpi.default/libesmf.so(_ZN5ESMCI3VMK5enterEPNS_7VMKPlanEPvS3_+0xe2)[0x7f4f3f55c942]
/tmp/intel_2023.1.0-oneAPI_mpi_g_develop/esmf/DEFAULTINSTALLDIR/lib/libg/Unicos.intel.64.mpi.default/libesmf.so(_ZN5ESMCI2VM5enterEPNS_6VMPlanEPvS3_+0xe0)[0x7efdcb30e520]
/tmp/intel_2023.1.0-oneAPI_mpi_g_develop/esmf/DEFAULTINSTALLDIR/lib/libg/Unicos.intel.64.mpi.default/libesmf.so(_ZN5ESMCI2VM5enterEPNS_6VMPlanEPvS3_+0xe0)[0x7fdc3e2de520]
/tmp/intel_2023.1.0-oneAPI_mpi_g_develop/esmf/DEFAULTINSTALLDIR/lib/libg/Unicos.intel.64.mpi.default/libesmf.so(_ZN5ESMCI2VM5enterEPNS_6VMPlanEPvS3_+0xe0)[0x7fea0ce6b520]
/tmp/intel_2023.1.0-oneAPI_mpi_g_develop/esmf/DEFAULTINSTALLDIR/lib/libg/Unicos.intel.64.mpi.default/libesmf.so(_ZN5ESMCI2VM5enterEPNS_6VMPlanEPvS3_+0xe0)[0x7f4f3f577520]
/tmp/intel_2023.1.0-oneAPI_mpi_g_develop/esmf/DEFAULTINSTALLDIR/lib/libg/Unicos.intel.64.mpi.default/libesmf.so(c_esmc_ftablecallentrypointvm_+0x37f)[0x7efdcae5e1df]
/tmp/intel_2023.1.0-oneAPI_mpi_g_develop/esmf/DEFAULTINSTALLDIR/lib/libg/Unicos.intel.64.mpi.default/libesmf.so(c_esmc_ftablecallentrypointvm_+0x37f)[0x7fea0c9bb1df]
/tmp/intel_2023.1.0-oneAPI_mpi_g_develop/esmf/DEFAULTINSTALLDIR/lib/libg/Unicos.intel.64.mpi.default/libesmf.so(c_esmc_ftablecallentrypointvm_+0x37f)[0x7fdc3de2e1df]
/tmp/intel_2023.1.0-oneAPI_mpi_g_develop/esmf/DEFAULTINSTALLDIR/lib/libg/Unicos.intel.64.mpi.default/libesmf.so(c_esmc_ftablecallentrypointvm_+0x37f)[0x7f4f3f0c71df]
/tmp/intel_2023.1.0-oneAPI_mpi_g_develop/esmf/DEFAULTINSTALLDIR/lib/libg/Unicos.intel.64.mpi.default/libesmf.so(+0x1e833a9)[0x7efdcb7a63a9]
/tmp/intel_2023.1.0-oneAPI_mpi_g_develop/esmf/DEFAULTINSTALLDIR/lib/libg/Unicos.intel.64.mpi.default/libesmf.so(+0x1e833a9)[0x7fea0d3033a9]
/tmp/intel_2023.1.0-oneAPI_mpi_g_develop/esmf/DEFAULTINSTALLDIR/lib/libg/Unicos.intel.64.mpi.default/libesmf.so(+0x1e833a9)[0x7fdc3e7763a9]
/tmp/intel_2023.1.0-oneAPI_mpi_g_develop/esmf/DEFAULTINSTALLDIR/lib/libg/Unicos.intel.64.mpi.default/libesmf.so(+0x1e833a9)[0x7f4f3fa0f3a9]
/tmp/intel_2023.1.0-oneAPI_mpi_g_develop/esmf/DEFAULTINSTALLDIR/lib/libg/Unicos.intel.64.mpi.default/libesmf.so(esmf_compmod_mp_esmf_compexecute_+0xe63)[0x7efdcb799f93]
/tmp/intel_2023.1.0-oneAPI_mpi_g_develop/esmf/DEFAULTINSTALLDIR/lib/libg/Unicos.intel.64.mpi.default/libesmf.so(esmf_compmod_mp_esmf_compexecute_+0xe63)[0x7fea0d2f6f93]
/tmp/intel_2023.1.0-oneAPI_mpi_g_develop/esmf/DEFAULTINSTALLDIR/lib/libg/Unicos.intel.64.mpi.default/libesmf.so(esmf_compmod_mp_esmf_compexecute_+0xe63)[0x7fdc3e769f93]
/tmp/intel_2023.1.0-oneAPI_mpi_g_develop/esmf/DEFAULTINSTALLDIR/lib/libg/Unicos.intel.64.mpi.default/libesmf.so(esmf_compmod_mp_esmf_compexecute_+0xe63)[0x7f4f3fa02f93]
/tmp/intel_2023.1.0-oneAPI_mpi_g_develop/esmf/DEFAULTINSTALLDIR/lib/libg/Unicos.intel.64.mpi.default/libesmf.so(esmf_cplcompmod_mp_esmf_cplcompinitialize_+0x2d9)[0x7efdcb7c3939]
/tmp/intel_2023.1.0-oneAPI_mpi_g_develop/esmf/DEFAULTINSTALLDIR/lib/libg/Unicos.intel.64.mpi.default/libesmf.so(esmf_cplcompmod_mp_esmf_cplcompinitialize_+0x2d9)[0x7fdc3e793939]
/tmp/intel_2023.1.0-oneAPI_mpi_g_develop/esmf/DEFAULTINSTALLDIR/lib/libg/Unicos.intel.64.mpi.default/libesmf.so(esmf_cplcompmod_mp_esmf_cplcompinitialize_+0x2d9)[0x7fea0d320939]
/tmp/intel_2023.1.0-oneAPI_mpi_g_develop/esmf/DEFAULTINSTALLDIR/lib/libg/Unicos.intel.64.mpi.default/libesmf.so(esmf_cplcompmod_mp_esmf_cplcompinitialize_+0x2d9)[0x7f4f3fa2c939]
/tmp/intel_2023.1.0-oneAPI_mpi_g_develop/esmf/DEFAULTINSTALLDIR/lib/libg/Unicos.intel.64.mpi.default/libesmf.so(nuopc_driver_mp_loopconnectorcompss_+0x2cf6)[0x7efdcc6d2676]
/tmp/intel_2023.1.0-oneAPI_mpi_g_develop/esmf/DEFAULTINSTALLDIR/lib/libg/Unicos.intel.64.mpi.default/libesmf.so(nuopc_driver_mp_loopconnectorcompss_+0x2cf6)[0x7fdc3f6a2676]
/tmp/intel_2023.1.0-oneAPI_mpi_g_develop/esmf/DEFAULTINSTALLDIR/lib/libg/Unicos.intel.64.mpi.default/libesmf.so(nuopc_driver_mp_loopconnectorcompss_+0x2cf6)[0x7fea0e22f676]
/tmp/intel_2023.1.0-oneAPI_mpi_g_develop/esmf/DEFAULTINSTALLDIR/lib/libg/Unicos.intel.64.mpi.default/libesmf.so(nuopc_driver_mp_loopconnectorcompss_+0x2cf6)[0x7f4f4093b676]
/tmp/intel_2023.1.0-oneAPI_mpi_g_develop/esmf/DEFAULTINSTALLDIR/lib/libg/Unicos.intel.64.mpi.default/libesmf.so(nuopc_driver_mp_initializeipdv02p3_+0x541b)[0x7efdcc6c1d6b]
/tmp/intel_2023.1.0-oneAPI_mpi_g_develop/esmf/DEFAULTINSTALLDIR/lib/libg/Unicos.intel.64.mpi.default/libesmf.so(nuopc_driver_mp_initializeipdv02p3_+0x541b)[0x7fdc3f691d6b]
/tmp/intel_2023.1.0-oneAPI_mpi_g_develop/esmf/DEFAULTINSTALLDIR/lib/libg/Unicos.intel.64.mpi.default/libesmf.so(nuopc_driver_mp_initializeipdv02p3_+0x541b)[0x7fea0e21ed6b]
/tmp/intel_2023.1.0-oneAPI_mpi_g_develop/esmf/DEFAULTINSTALLDIR/lib/libg/Unicos.intel.64.mpi.default/libesmf.so(nuopc_driver_mp_initializeipdv02p3_+0x541b)[0x7f4f4092ad6b]
/tmp/intel_2023.1.0-oneAPI_mpi_g_develop/esmf/DEFAULTINSTALLDIR/lib/libg/Unicos.intel.64.mpi.default/libesmf.so(nuopc_driver_mp_initializegeneric_+0xf35)[0x7efdcc69b135]
/tmp/intel_2023.1.0-oneAPI_mpi_g_develop/esmf/DEFAULTINSTALLDIR/lib/libg/Unicos.intel.64.mpi.default/libesmf.so(nuopc_driver_mp_initializegeneric_+0xf35)[0x7fdc3f66b135]
/tmp/intel_2023.1.0-oneAPI_mpi_g_develop/esmf/DEFAULTINSTALLDIR/lib/libg/Unicos.intel.64.mpi.default/libesmf.so(nuopc_driver_mp_initializegeneric_+0xf35)[0x7fea0e1f8135]
/tmp/intel_2023.1.0-oneAPI_mpi_g_develop/esmf/DEFAULTINSTALLDIR/lib/libg/Unicos.intel.64.mpi.default/libesmf.so(nuopc_driver_mp_initializegeneric_+0xf35)[0x7f4f40904135]
/tmp/intel_2023.1.0-oneAPI_mpi_g_develop/esmf/DEFAULTINSTALLDIR/lib/libg/Unicos.intel.64.mpi.default/libesmf.so(_ZN5ESMCI6FTable12callVFuncPtrEPKcPNS_2VMEPi+0xe99)[0x7efdcae5ddf9]
/tmp/intel_2023.1.0-oneAPI_mpi_g_develop/esmf/DEFAULTINSTALLDIR/lib/libg/Unicos.intel.64.mpi.default/libesmf.so(_ZN5ESMCI6FTable12callVFuncPtrEPKcPNS_2VMEPi+0xe99)[0x7fdc3de2ddf9]
/tmp/intel_2023.1.0-oneAPI_mpi_g_develop/esmf/DEFAULTINSTALLDIR/lib/libg/Unicos.intel.64.mpi.default/libesmf.so(_ZN5ESMCI6FTable12callVFuncPtrEPKcPNS_2VMEPi+0xe99)[0x7fea0c9badf9]
/tmp/intel_2023.1.0-oneAPI_mpi_g_develop/esmf/DEFAULTINSTALLDIR/lib/libg/Unicos.intel.64.mpi.default/libesmf.so(_ZN5ESMCI6FTable12callVFuncPtrEPKcPNS_2VMEPi+0xe99)[0x7f4f3f0c6df9]
/tmp/intel_2023.1.0-oneAPI_mpi_g_develop/esmf/DEFAULTINSTALLDIR/lib/libg/Unicos.intel.64.mpi.default/libesmf.so(ESMCI_FTableCallEntryPointVMHop+0x2f8)[0x7efdcae5ce38]
/tmp/intel_2023.1.0-oneAPI_mpi_g_develop/esmf/DEFAULTINSTALLDIR/lib/libg/Unicos.intel.64.mpi.default/libesmf.so(ESMCI_FTableCallEntryPointVMHop+0x2f8)[0x7fdc3de2ce38]
/tmp/intel_2023.1.0-oneAPI_mpi_g_develop/esmf/DEFAULTINSTALLDIR/lib/libg/Unicos.intel.64.mpi.default/libesmf.so(ESMCI_FTableCallEntryPointVMHop+0x2f8)[0x7fea0c9b9e38]
/tmp/intel_2023.1.0-oneAPI_mpi_g_develop/esmf/DEFAULTINSTALLDIR/lib/libg/Unicos.intel.64.mpi.default/libesmf.so(ESMCI_FTableCallEntryPointVMHop+0x2f8)[0x7f4f3f0c5e38]
/tmp/intel_2023.1.0-oneAPI_mpi_g_develop/esmf/DEFAULTINSTALLDIR/lib/libg/Unicos.intel.64.mpi.default/libesmf.so(_ZN5ESMCI3VMK5enterEPNS_7VMKPlanEPvS3_+0xe2)[0x7efdcb2f3942]
/tmp/intel_2023.1.0-oneAPI_mpi_g_develop/esmf/DEFAULTINSTALLDIR/lib/libg/Unicos.intel.64.mpi.default/libesmf.so(_ZN5ESMCI3VMK5enterEPNS_7VMKPlanEPvS3_+0xe2)[0x7fdc3e2c3942]
/tmp/intel_2023.1.0-oneAPI_mpi_g_develop/esmf/DEFAULTINSTALLDIR/lib/libg/Unicos.intel.64.mpi.default/libesmf.so(_ZN5ESMCI3VMK5enterEPNS_7VMKPlanEPvS3_+0xe2)[0x7fea0ce50942]
/tmp/intel_2023.1.0-oneAPI_mpi_g_develop/esmf/DEFAULTINSTALLDIR/lib/libg/Unicos.intel.64.mpi.default/libesmf.so(_ZN5ESMCI3VMK5enterEPNS_7VMKPlanEPvS3_+0xe2)[0x7f4f3f55c942]
/tmp/intel_2023.1.0-oneAPI_mpi_g_develop/esmf/DEFAULTINSTALLDIR/lib/libg/Unicos.intel.64.mpi.default/libesmf.so(_ZN5ESMCI2VM5enterEPNS_6VMPlanEPvS3_+0xe0)[0x7efdcb30e520]
/tmp/intel_2023.1.0-oneAPI_mpi_g_develop/esmf/DEFAULTINSTALLDIR/lib/libg/Unicos.intel.64.mpi.default/libesmf.so(_ZN5ESMCI2VM5enterEPNS_6VMPlanEPvS3_+0xe0)[0x7fdc3e2de520]
/tmp/intel_2023.1.0-oneAPI_mpi_g_develop/esmf/DEFAULTINSTALLDIR/lib/libg/Unicos.intel.64.mpi.default/libesmf.so(_ZN5ESMCI2VM5enterEPNS_6VMPlanEPvS3_+0xe0)[0x7fea0ce6b520]
/tmp/intel_2023.1.0-oneAPI_mpi_g_develop/esmf/DEFAULTINSTALLDIR/lib/libg/Unicos.intel.64.mpi.default/libesmf.so(_ZN5ESMCI2VM5enterEPNS_6VMPlanEPvS3_+0xe0)[0x7f4f3f577520]
/tmp/intel_2023.1.0-oneAPI_mpi_g_develop/esmf/DEFAULTINSTALLDIR/lib/libg/Unicos.intel.64.mpi.default/libesmf.so(c_esmc_ftablecallentrypointvm_+0x37f)[0x7efdcae5e1df]
/tmp/intel_2023.1.0-oneAPI_mpi_g_develop/esmf/DEFAULTINSTALLDIR/lib/libg/Unicos.intel.64.mpi.default/libesmf.so(c_esmc_ftablecallentrypointvm_+0x37f)[0x7fdc3de2e1df]
/tmp/intel_2023.1.0-oneAPI_mpi_g_develop/esmf/DEFAULTINSTALLDIR/lib/libg/Unicos.intel.64.mpi.default/libesmf.so(c_esmc_ftablecallentrypointvm_+0x37f)[0x7fea0c9bb1df]
/tmp/intel_2023.1.0-oneAPI_mpi_g_develop/esmf/DEFAULTINSTALLDIR/lib/libg/Unicos.intel.64.mpi.default/libesmf.so(c_esmc_ftablecallentrypointvm_+0x37f)[0x7f4f3f0c71df]
/tmp/intel_2023.1.0-oneAPI_mpi_g_develop/esmf/DEFAULTINSTALLDIR/lib/libg/Unicos.intel.64.mpi.default/libesmf.so(+0x1e833a9)[0x7efdcb7a63a9]
/tmp/intel_2023.1.0-oneAPI_mpi_g_develop/esmf/DEFAULTINSTALLDIR/lib/libg/Unicos.intel.64.mpi.default/libesmf.so(+0x1e833a9)[0x7fdc3e7763a9]
/tmp/intel_2023.1.0-oneAPI_mpi_g_develop/esmf/DEFAULTINSTALLDIR/lib/libg/Unicos.intel.64.mpi.default/libesmf.so(+0x1e833a9)[0x7fea0d3033a9]
/tmp/intel_2023.1.0-oneAPI_mpi_g_develop/esmf/DEFAULTINSTALLDIR/lib/libg/Unicos.intel.64.mpi.default/libesmf.so(+0x1e833a9)[0x7f4f3fa0f3a9]
/tmp/intel_2023.1.0-oneAPI_mpi_g_develop/esmf/DEFAULTINSTALLDIR/lib/libg/Unicos.intel.64.mpi.default/libesmf.so(esmf_compmod_mp_esmf_compexecute_+0xe63)[0x7efdcb799f93]
/tmp/intel_2023.1.0-oneAPI_mpi_g_develop/esmf/DEFAULTINSTALLDIR/lib/libg/Unicos.intel.64.mpi.default/libesmf.so(esmf_compmod_mp_esmf_compexecute_+0xe63)[0x7fdc3e769f93]
/tmp/intel_2023.1.0-oneAPI_mpi_g_develop/esmf/DEFAULTINSTALLDIR/lib/libg/Unicos.intel.64.mpi.default/libesmf.so(esmf_compmod_mp_esmf_compexecute_+0xe63)[0x7fea0d2f6f93]
/tmp/intel_2023.1.0-oneAPI_mpi_g_develop/esmf/DEFAULTINSTALLDIR/lib/libg/Unicos.intel.64.mpi.default/libesmf.so(esmf_compmod_mp_esmf_compexecute_+0xe63)[0x7f4f3fa02f93]
/tmp/intel_2023.1.0-oneAPI_mpi_g_develop/esmf/DEFAULTINSTALLDIR/lib/libg/Unicos.intel.64.mpi.default/libesmf.so(esmf_gridcompmod_mp_esmf_gridcompinitialize_+0x2d9)[0x7efdcbc3f259]
/tmp/intel_2023.1.0-oneAPI_mpi_g_develop/nuopc-app-prototypes/AtmOcnPetListProto/./esmApp[0x417d80]
/tmp/intel_2023.1.0-oneAPI_mpi_g_develop/nuopc-app-prototypes/AtmOcnPetListProto/./esmApp[0x4176bd]
/lib64/libc.so.6(__libc_start_main+0xef)[0x7efdc50f824d]
/tmp/intel_2023.1.0-oneAPI_mpi_g_develop/nuopc-app-prototypes/AtmOcnPetListProto/./esmApp[0x4175ea]
/tmp/intel_2023.1.0-oneAPI_mpi_g_develop/esmf/DEFAULTINSTALLDIR/lib/libg/Unicos.intel.64.mpi.default/libesmf.so(esmf_gridcompmod_mp_esmf_gridcompinitialize_+0x2d9)[0x7fdc3ec0f259]
/tmp/intel_2023.1.0-oneAPI_mpi_g_develop/nuopc-app-prototypes/AtmOcnPetListProto/./esmApp[0x417d80]
/tmp/intel_2023.1.0-oneAPI_mpi_g_develop/nuopc-app-prototypes/AtmOcnPetListProto/./esmApp[0x4176bd]
/tmp/intel_2023.1.0-oneAPI_mpi_g_develop/esmf/DEFAULTINSTALLDIR/lib/libg/Unicos.intel.64.mpi.default/libesmf.so(esmf_gridcompmod_mp_esmf_gridcompinitialize_+0x2d9)[0x7fea0d79c259]
/tmp/intel_2023.1.0-oneAPI_mpi_g_develop/nuopc-app-prototypes/AtmOcnPetListProto/./esmApp[0x417d80]
/tmp/intel_2023.1.0-oneAPI_mpi_g_develop/nuopc-app-prototypes/AtmOcnPetListProto/./esmApp[0x4176bd]
/lib64/libc.so.6(__libc_start_main+0xef)[0x7fea06c5524d]
/lib64/libc.so.6(__libc_start_main+0xef)[0x7fdc380c824d]
/tmp/intel_2023.1.0-oneAPI_mpi_g_develop/nuopc-app-prototypes/AtmOcnPetListProto/./esmApp[0x4175ea]
/tmp/intel_2023.1.0-oneAPI_mpi_g_develop/nuopc-app-prototypes/AtmOcnPetListProto/./esmApp[0x4175ea]
/tmp/intel_2023.1.0-oneAPI_mpi_g_develop/esmf/DEFAULTINSTALLDIR/lib/libg/Unicos.intel.64.mpi.default/libesmf.so(esmf_gridcompmod_mp_esmf_gridcompinitialize_+0x2d9)[0x7f4f3fea8259]
/tmp/intel_2023.1.0-oneAPI_mpi_g_develop/nuopc-app-prototypes/AtmOcnPetListProto/./esmApp[0x417d80]
/tmp/intel_2023.1.0-oneAPI_mpi_g_develop/nuopc-app-prototypes/AtmOcnPetListProto/./esmApp[0x4176bd]
/lib64/libc.so.6(__libc_start_main+0xef)[0x7f4f3936124d]
/tmp/intel_2023.1.0-oneAPI_mpi_g_develop/nuopc-app-prototypes/AtmOcnPetListProto/./esmApp[0x4175ea]
srun: error: c5n0627: tasks 0-3: Exited with exit code 1
srun: Terminating StepId=134585242.364
