2023-11-02 03:55:26
20231102 042429.230 INFO             PET0 !!!!!!!!!!!!!!!!!!!!!!!!!!!!!!!!!!!!!!!!!!!!!!!!!!!!!!
20231102 042429.230 INFO             PET0 !!! THE ESMF_LOG IS SET TO OUTPUT ALL LOG MESSAGES !!!
20231102 042429.230 INFO             PET0 !!!     THIS MAY CAUSE SLOWDOWN IN PERFORMANCE     !!!
20231102 042429.230 INFO             PET0 !!! FOR PRODUCTION RUNS, USE:                      !!!
20231102 042429.230 INFO             PET0 !!!                   ESMF_LOGKIND_Multi_On_Error  !!!
20231102 042429.230 INFO             PET0 !!!!!!!!!!!!!!!!!!!!!!!!!!!!!!!!!!!!!!!!!!!!!!!!!!!!!!
20231102 042429.230 INFO             PET0 Running with ESMF Version   : v8.7.0b00-3-gae6d46cf0b
20231102 042429.230 INFO             PET0 ESMF library build date/time: "Nov  2 2023" "03:54:29"
20231102 042429.230 INFO             PET0 ESMF library build location : /tmp/intel_2023.1.0-oneAPI_mpi_g_develop/esmf
20231102 042429.230 INFO             PET0 ESMF_COMM                   : mpi
20231102 042429.230 INFO             PET0 ESMF_MOAB                   : enabled
20231102 042429.230 INFO             PET0 ESMF_LAPACK                 : enabled
20231102 042429.230 INFO             PET0 ESMF_NETCDF                 : enabled
20231102 042429.230 INFO             PET0 ESMF_PNETCDF                : disabled
20231102 042429.230 INFO             PET0 ESMF_PIO                    : enabled
20231102 042429.230 INFO             PET0 ESMF_YAMLCPP                : enabled
20231102 042429.230 INFO             PET0 mainApp STARTING
20231102 042429.234 INFO             PET0 driver: InitializeGeneric intro.
20231102 042429.234 INFO             PET0   driver: InitializeP0 intro.
20231102 042429.234 INFO             PET0   driver: InitializeP0 extro.
20231102 042429.234 INFO             PET0   driver: InitializeIPDv02p1 intro.
20231102 042429.235 INFO             PET0     >>>driver: entered Initialize (phase=<none>) without valid internal Clock.
20231102 042429.235 INFO             PET0     driver - Creating model component MODEL without petList.
20231102 042429.237 INFO             PET0      GridCompIsPetLocal:  T
20231102 042429.237 INFO             PET0      VmIsCreated:  T
20231102 042429.237 INFO             PET0      valid MPI_COMM with size=           4
20231102 042429.237 INFO             PET0     driver - Creating state: modelComp 1 Import State
20231102 042429.237 INFO             PET0     driver - Creating state: modelComp 1 Export State
20231102 042429.238 INFO             PET0     MODEL: InitializeP0 intro.
20231102 042429.238 INFO             PET0       >>>MODEL: entered Initialize (phase=<none>) without valid internal Clock.
20231102 042429.239 INFO             PET0       <<<MODEL: leaving Initialize (phase=<none>) without valid internal Clock.
20231102 042429.239 INFO             PET0     MODEL: InitializeP0 extro.
20231102 042429.241 INFO             PET0     driver: IInitAdvertise intro.
20231102 042429.241 INFO             PET0     driver: IInitAdvertise extro.
20231102 042429.241 INFO             PET0     MODEL: InitializeIPDvXp01 intro.
20231102 042429.241 INFO             PET0       >>>MODEL: entered Initialize (phase=IPDvXp01) without valid internal Clock.
20231102 042429.243 INFO             PET0       <<<MODEL: leaving Initialize (phase=IPDvXp01) without valid internal Clock.
20231102 042429.243 INFO             PET0     MODEL: InitializeIPDvXp01 extro.
20231102 042429.243 INFO             PET0     driver: IInitAdvertiseFinish intro.
20231102 042429.243 INFO             PET0     driver: IInitAdvertiseFinish extro.
20231102 042429.244 INFO             PET0     driver: IInitModifyCplLists intro.
20231102 042429.244 INFO             PET0     driver: IInitModifyCplLists extro.
20231102 042429.244 INFO             PET0     <<<driver: leaving Initialize (phase=<none>) with current time:    0  1  1  0  0  0   0
20231102 042429.244 INFO             PET0   driver: InitializeIPDv02p1 extro.
20231102 042429.244 INFO             PET0   driver: InitializeIPDv02p3 intro.
20231102 042429.244 INFO             PET0     >>>driver: entered Initialize (phase=<none>) with current time:    0  1  1  0  0  0   0
20231102 042429.244 INFO             PET0     driver: IInitCheck intro.
20231102 042429.244 INFO             PET0     driver: IInitCheck extro.
20231102 042429.244 INFO             PET0     MODEL: InitializeIPDvXp04 intro.
20231102 042429.244 INFO             PET0       >>>MODEL: entered Initialize (phase=IPDvXp04) without valid internal Clock.
20231102 042429.247 INFO             PET0       After Realize: - MemInfo: [/proc/meminfo - SSI]	MemTotal:       263445840 kB
20231102 042429.247 INFO             PET0       After Realize: - MemInfo: [/proc/meminfo - SSI]	MemFree:        241906476 kB
20231102 042429.247 INFO             PET0       After Realize: - MemInfo: [/proc/meminfo - SSI]	MemAvailable:   242183228 kB
20231102 042429.247 INFO             PET0       After Realize: - MemInfo: [/proc/meminfo - SSI]	Committed_AS:    4814060 kB
20231102 042429.247 INFO             PET0       After Realize: - MemInfo: [/proc/meminfo - SSI]	CommittedPercent: 1.82734 %
20231102 042429.247 INFO             PET0       After Realize: - MemInfo: [/proc/self/status]	VmPeak:	  269688 kB
20231102 042429.247 INFO             PET0       After Realize: - MemInfo: [/proc/self/status]	VmSize:	  269688 kB
20231102 042429.247 INFO             PET0       After Realize: - MemInfo: [/proc/self/status]	VmLck:	       0 kB
20231102 042429.247 INFO             PET0       After Realize: - MemInfo: [/proc/self/status]	VmPin:	       0 kB
20231102 042429.247 INFO             PET0       After Realize: - MemInfo: [/proc/self/status]	VmHWM:	   69492 kB
20231102 042429.247 INFO             PET0       After Realize: - MemInfo: [/proc/self/status]	VmRSS:	   69492 kB
20231102 042429.247 INFO             PET0       After Realize: - MemInfo: [/proc/self/status]	VmData:	   40452 kB
20231102 042429.247 INFO             PET0       After Realize: - MemInfo: [/proc/self/status]	VmStk:	     200 kB
20231102 042429.247 INFO             PET0       After Realize: - MemInfo: [/proc/self/status]	VmExe:	    1100 kB
20231102 042429.247 INFO             PET0       After Realize: - MemInfo: [/proc/self/status]	VmLib:	  135636 kB
20231102 042429.247 INFO             PET0       After Realize: - MemInfo: [/proc/self/status]	VmPTE:	     452 kB
20231102 042429.247 INFO             PET0       After Realize: - MemInfo: [/proc/self/status]	VmSwap:	       0 kB
20231102 042429.247 INFO             PET0       After Realize: - MemInfo: [/proc/self/status]	VmRSSPercent: 0.0263781 %
20231102 042429.247 INFO             PET0       After Realize: - MemInfo: [malloc] Non-mmapped space allocated:                  847872 Byte
20231102 042429.247 INFO             PET0       After Realize: - MemInfo: [malloc] Space allocated in mmapped regions:          9129984 Byte
20231102 042429.247 INFO             PET0       After Realize: - MemInfo: [malloc] Maximum total allocated space:                     0 Byte
20231102 042429.247 INFO             PET0       After Realize: - MemInfo: [malloc] Space in freed fastbin blocks:                   160 Byte
20231102 042429.247 INFO             PET0       After Realize: - MemInfo: [malloc] Total allocated space:                        747952 Byte
20231102 042429.247 INFO             PET0       After Realize: - MemInfo: [malloc] Total free space:                              99920 Byte
20231102 042429.247 INFO             PET0       After Realize: - MemInfo: [malloc] Top-most, releasable space:                    99760 Byte
20231102 042429.247 INFO             PET0       After Realize: - MemInfo: [malloc] Total space in use, mmap + non-mmap:         9877936 Byte
20231102 042429.247 INFO             PET0       After Realize: - MemInfo: [malloc] Total space held (mmap + non-mmap):          9977856 Byte
20231102 042429.247 INFO             PET0       After Realize: - MemInfo: [malloc] Total space used (mmap + non-mmap):          9886640 Byte
20231102 042429.247 INFO             PET0       After Realize: - MemInfo: Wall-clock time since execution start:              0.0204906 seconds
20231102 042429.247 INFO             PET0       <<<MODEL: leaving Initialize (phase=IPDvXp04) without valid internal Clock.
20231102 042429.247 INFO             PET0     MODEL: InitializeIPDvXp04 extro.
20231102 042429.248 INFO             PET0     driver: IInitRealize intro.
20231102 042429.248 INFO             PET0     driver: IInitRealize extro.
20231102 042429.248 INFO             PET0     MODEL: InitializeIPDvXp07 intro.
20231102 042429.248 INFO             PET0       >>>MODEL: entered Initialize (phase=IPDvXp07) without valid internal Clock.
20231102 042429.248 INFO             PET0       <<<MODEL: leaving Initialize (phase=IPDvXp07) with current time:    0  1  1  0  0  0   0
20231102 042429.249 INFO             PET0     MODEL: InitializeIPDvXp07 extro.
20231102 042429.249 INFO             PET0     <<<driver: leaving Initialize (phase=<none>) with current time:    0  1  1  0  0  0   0
20231102 042429.249 INFO             PET0   driver: InitializeIPDv02p3 extro.
20231102 042429.249 INFO             PET0   driver: InitializeIPDv02p5 intro.
20231102 042429.249 INFO             PET0     >>>driver: entered Initialize (phase=<none>) with current time:    0  1  1  0  0  0   0
20231102 042429.249 INFO             PET0     driver: this is a top level driver, no 'Updated' and 'InitializeDataComplete' info on this level.
20231102 042429.249 INFO             PET0     driver: InitializeIPDv02p5Data intro.
20231102 042429.249 INFO             PET0       driver: InternalInitializeComplete intro.
20231102 042429.249 INFO             PET0         driver: InitializeDataComplete='true'
20231102 042429.249 INFO             PET0       driver: InternalInitializeComplete extro.
20231102 042429.249 INFO             PET0       MODEL: InitializeIPDvXp08 intro.
20231102 042429.249 INFO             PET0         >>>MODEL: entered Initialize (phase=IPDv05p8) with current time:    0  1  1  0  0  0   0
20231102 042429.249 INFO             PET0         MODEL: InitializeDataProgress='false', InitializeDataComplete='false'
20231102 042429.249 INFO             PET0         <<<MODEL: leaving Initialize (phase=IPDv05p8) with current time:    0  1  1  0  0  0   0
20231102 042429.249 INFO             PET0       MODEL: InitializeIPDvXp08 extro.
20231102 042429.250 INFO             PET0       driver: components present that trigger loopDataDependentInitialize().
20231102 042429.250 INFO             PET0       driver: loopDataDependentInitialize intro.
20231102 042429.250 INFO             PET0         driver: component    0=driver, dataComplete (local): true
20231102 042429.250 INFO             PET0         driver: component    0=driver, dataComplete (global):  T
20231102 042429.250 INFO             PET0         driver: component    1=MODEL, dataComplete (local): false
20231102 042429.250 INFO             PET0         driver: component    1=MODEL, dataComplete (global):  F
20231102 042429.250 INFO             PET0         MODEL: InitializeIPDvXp08 intro.
20231102 042429.251 INFO             PET0           >>>MODEL: entered Initialize (phase=IPDv05p8) with current time:    0  1  1  0  0  0   0
20231102 042429.251 INFO             PET0           MODEL: InitializeDataProgress='true', InitializeDataComplete='true'
20231102 042429.251 INFO             PET0           <<<MODEL: leaving Initialize (phase=IPDv05p8) with current time:    0  1  1  0  0  0   0
20231102 042429.251 INFO             PET0         MODEL: InitializeIPDvXp08 extro.
20231102 042429.251 INFO             PET0         driver: component    1=MODEL, someProgress (local): true
20231102 042429.251 INFO             PET0         driver: component    1=MODEL, someProgress (global):  T
20231102 042429.251 INFO             PET0         driver: someProgress= T, allComplete= F, present(dataDepAllComplete)= T
20231102 042429.252 INFO             PET0         driver: component    0=driver, dataComplete (local): true
20231102 042429.252 INFO             PET0         driver: component    0=driver, dataComplete (global):  T
20231102 042429.252 INFO             PET0         driver: component    1=MODEL, dataComplete (local): true
20231102 042429.252 INFO             PET0         driver: component    1=MODEL, dataComplete (global):  T
20231102 042429.252 INFO             PET0         driver: someProgress= F, allComplete= T, present(dataDepAllComplete)= T
20231102 042429.252 INFO             PET0         driver: finished resolving initialize data dependencies on this level.
20231102 042429.252 INFO             PET0       driver: loopDataDependentInitialize extro.
20231102 042429.252 INFO             PET0       driver: loopDataDependentInitialize() returned with dataDepAllComplete:  T
20231102 042429.252 INFO             PET0     driver: InitializeIPDv02p5Data extro.
20231102 042429.252 INFO             PET0     <<<driver: leaving Initialize (phase=<none>) with current time:    0  1  1  0  0  0   0
20231102 042429.252 INFO             PET0   driver: InitializeIPDv02p5 extro.
20231102 042429.252 INFO             PET0 driver: InitializeGeneric extro.
20231102 042429.252 INFO             PET0 driver: Run intro.
20231102 042429.252 INFO             PET0   >>>driver entered Run (phase=RunPhase1) with current time:    0  1  1  0  0  0   0
20231102 042429.252 INFO             PET0   driver: after lable_SetRunClock, current time:    0  1  1  0  0  0   0
20231102 042429.252 INFO             PET0   driver: begin -------> RunSequence.
20231102 042429.252 INFO             PET0     driver: RunSequence event loopLevel=   1  levelMember=   1  loopIteration=   1, current time:    0  1  1  0  0  0   0
20231102 042429.252 INFO             PET0     MODEL: Run intro.
20231102 042429.252 INFO             PET0       >>>MODEL: entered Run (phase=RunPhase1) with current time:    0  1  1  0  0  0   0
20231102 042429.252 INFO             PET0       MODEL: time step-loop starting, current time:    0  1  1  0  0  0   0
20231102 042429.252 INFO             PET0       thread_num=   0   currentSsiPe= 128   num_threads=   3   max_threads=   3   num_procs=   2
20231102 042429.252 INFO             PET0       thread_num=   1   currentSsiPe=   0   num_threads=   3   max_threads=   3   num_procs=   2
20231102 042429.257 INFO             PET0       thread_num=   2   currentSsiPe=   0   num_threads=   3   max_threads=   3   num_procs=   2
20231102 042429.257 INFO             PET0       ---->Advancing Model from:    0  1  1  0  0  0   0
20231102 042429.257 INFO             PET0       ---------------------> to:    0  1  1  0  0 30   0
20231102 042429.257 INFO             PET0       MODEL: time step-loop ending,   current time:    0  1  1  0  0 30   0
20231102 042429.257 INFO             PET0       <<<MODEL: leaving Run (phase=RunPhase1) with current time:    0  1  1  0  0 30   0
20231102 042429.257 INFO             PET0     MODEL: Run extro.
20231102 042429.258 INFO             PET0     driver: RunSequence event loopLevel=   1  levelMember=   1  loopIteration=   2, current time:    0  1  1  0  0 30   0
20231102 042429.258 INFO             PET0     MODEL: Run intro.
20231102 042429.258 INFO             PET0       >>>MODEL: entered Run (phase=RunPhase1) with current time:    0  1  1  0  0 30   0
20231102 042429.258 INFO             PET0       MODEL: time step-loop starting, current time:    0  1  1  0  0 30   0
20231102 042429.258 INFO             PET0       thread_num=   0   currentSsiPe= 128   num_threads=   3   max_threads=   3   num_procs=   2
20231102 042429.258 INFO             PET0       thread_num=   2   currentSsiPe=   0   num_threads=   3   max_threads=   3   num_procs=   2
20231102 042429.258 INFO             PET0       thread_num=   1   currentSsiPe=   0   num_threads=   3   max_threads=   3   num_procs=   2
20231102 042429.258 INFO             PET0       ---->Advancing Model from:    0  1  1  0  0 30   0
20231102 042429.258 INFO             PET0       ---------------------> to:    0  1  1  0  1  0   0
20231102 042429.258 INFO             PET0       MODEL: time step-loop ending,   current time:    0  1  1  0  1  0   0
20231102 042429.258 INFO             PET0       <<<MODEL: leaving Run (phase=RunPhase1) with current time:    0  1  1  0  1  0   0
20231102 042429.258 INFO             PET0     MODEL: Run extro.
20231102 042429.258 INFO             PET0     driver: RunSequence event loopLevel=   1  levelMember=   1  loopIteration=   3, current time:    0  1  1  0  1  0   0
20231102 042429.258 INFO             PET0     MODEL: Run intro.
20231102 042429.258 INFO             PET0       >>>MODEL: entered Run (phase=RunPhase1) with current time:    0  1  1  0  1  0   0
20231102 042429.258 INFO             PET0       MODEL: time step-loop starting, current time:    0  1  1  0  1  0   0
20231102 042429.258 INFO             PET0       thread_num=   0   currentSsiPe= 128   num_threads=   3   max_threads=   3   num_procs=   2
20231102 042429.258 INFO             PET0       thread_num=   2   currentSsiPe=   0   num_threads=   3   max_threads=   3   num_procs=   2
20231102 042429.258 INFO             PET0       thread_num=   1   currentSsiPe=   0   num_threads=   3   max_threads=   3   num_procs=   2
20231102 042429.258 INFO             PET0       ---->Advancing Model from:    0  1  1  0  1  0   0
20231102 042429.258 INFO             PET0       ---------------------> to:    0  1  1  0  1 30   0
20231102 042429.258 INFO             PET0       MODEL: time step-loop ending,   current time:    0  1  1  0  1 30   0
20231102 042429.258 INFO             PET0       <<<MODEL: leaving Run (phase=RunPhase1) with current time:    0  1  1  0  1 30   0
20231102 042429.258 INFO             PET0     MODEL: Run extro.
20231102 042429.258 INFO             PET0     driver: RunSequence event loopLevel=   1  levelMember=   1  loopIteration=   4, current time:    0  1  1  0  1 30   0
20231102 042429.259 INFO             PET0     MODEL: Run intro.
20231102 042429.259 INFO             PET0       >>>MODEL: entered Run (phase=RunPhase1) with current time:    0  1  1  0  1 30   0
20231102 042429.259 INFO             PET0       MODEL: time step-loop starting, current time:    0  1  1  0  1 30   0
20231102 042429.259 INFO             PET0       thread_num=   0   currentSsiPe= 128   num_threads=   3   max_threads=   3   num_procs=   2
20231102 042429.259 INFO             PET0       thread_num=   1   currentSsiPe=   0   num_threads=   3   max_threads=   3   num_procs=   2
20231102 042429.259 INFO             PET0       thread_num=   2   currentSsiPe=   0   num_threads=   3   max_threads=   3   num_procs=   2
20231102 042429.259 INFO             PET0       ---->Advancing Model from:    0  1  1  0  1 30   0
20231102 042429.259 INFO             PET0       ---------------------> to:    0  1  1  0  2  0   0
20231102 042429.259 INFO             PET0       MODEL: time step-loop ending,   current time:    0  1  1  0  2  0   0
20231102 042429.259 INFO             PET0       <<<MODEL: leaving Run (phase=RunPhase1) with current time:    0  1  1  0  2  0   0
20231102 042429.259 INFO             PET0     MODEL: Run extro.
20231102 042429.259 INFO             PET0     driver: RunSequence event loopLevel=   1  levelMember=   1  loopIteration=   5, current time:    0  1  1  0  2  0   0
20231102 042429.259 INFO             PET0     MODEL: Run intro.
20231102 042429.259 INFO             PET0       >>>MODEL: entered Run (phase=RunPhase1) with current time:    0  1  1  0  2  0   0
20231102 042429.259 INFO             PET0       MODEL: time step-loop starting, current time:    0  1  1  0  2  0   0
20231102 042429.259 INFO             PET0       thread_num=   0   currentSsiPe= 128   num_threads=   3   max_threads=   3   num_procs=   2
20231102 042429.259 INFO             PET0       thread_num=   2   currentSsiPe=   0   num_threads=   3   max_threads=   3   num_procs=   2
20231102 042429.259 INFO             PET0       thread_num=   1   currentSsiPe=   0   num_threads=   3   max_threads=   3   num_procs=   2
20231102 042429.259 INFO             PET0       ---->Advancing Model from:    0  1  1  0  2  0   0
20231102 042429.259 INFO             PET0       ---------------------> to:    0  1  1  0  2 30   0
20231102 042429.259 INFO             PET0       MODEL: time step-loop ending,   current time:    0  1  1  0  2 30   0
20231102 042429.259 INFO             PET0       <<<MODEL: leaving Run (phase=RunPhase1) with current time:    0  1  1  0  2 30   0
20231102 042429.259 INFO             PET0     MODEL: Run extro.
20231102 042429.259 INFO             PET0   driver: end <--------- RunSequence
20231102 042429.259 INFO             PET0   <<<driver - leaving Run with current time:    0  1  1  0  2 30   0
20231102 042429.259 INFO             PET0 driver: Run extro.
20231102 042429.259 INFO             PET0 driver: Finalize intro.
20231102 042429.259 INFO             PET0   Calling Finalize phase 1 for modelComp: MODEL
20231102 042429.259 INFO             PET0   MODEL: Finalize intro.
20231102 042429.260 INFO             PET0     >>>MODEL: entered Finalize (phase=FinalizePhase1) with current time:    0  1  1  0  2 30   0
20231102 042429.260 INFO             PET0     <<<MODEL: leaving Finalize (phase=FinalizePhase1) with current time:    0  1  1  0  2 30   0
20231102 042429.260 INFO             PET0   MODEL: Finalize extro.
20231102 042429.260 INFO             PET0   Delete modelComp: MODEL
20231102 042429.260 INFO             PET0   Delete Import-/Export State for modelComp: MODEL
20231102 042429.260 INFO             PET0 driver: Finalize extro.
20231102 042429.260 INFO             PET0 mainApp FINISHED
20231102 042429.260 INFO             PET0  Finalizing ESMF
20231102 042429.230 INFO             PET1 !!!!!!!!!!!!!!!!!!!!!!!!!!!!!!!!!!!!!!!!!!!!!!!!!!!!!!
20231102 042429.230 INFO             PET1 !!! THE ESMF_LOG IS SET TO OUTPUT ALL LOG MESSAGES !!!
20231102 042429.230 INFO             PET1 !!!     THIS MAY CAUSE SLOWDOWN IN PERFORMANCE     !!!
20231102 042429.230 INFO             PET1 !!! FOR PRODUCTION RUNS, USE:                      !!!
20231102 042429.230 INFO             PET1 !!!                   ESMF_LOGKIND_Multi_On_Error  !!!
20231102 042429.230 INFO             PET1 !!!!!!!!!!!!!!!!!!!!!!!!!!!!!!!!!!!!!!!!!!!!!!!!!!!!!!
20231102 042429.230 INFO             PET1 Running with ESMF Version   : v8.7.0b00-3-gae6d46cf0b
20231102 042429.230 INFO             PET1 ESMF library build date/time: "Nov  2 2023" "03:54:29"
20231102 042429.230 INFO             PET1 ESMF library build location : /tmp/intel_2023.1.0-oneAPI_mpi_g_develop/esmf
20231102 042429.230 INFO             PET1 ESMF_COMM                   : mpi
20231102 042429.230 INFO             PET1 ESMF_MOAB                   : enabled
20231102 042429.230 INFO             PET1 ESMF_LAPACK                 : enabled
20231102 042429.230 INFO             PET1 ESMF_NETCDF                 : enabled
20231102 042429.230 INFO             PET1 ESMF_PNETCDF                : disabled
20231102 042429.230 INFO             PET1 ESMF_PIO                    : enabled
20231102 042429.230 INFO             PET1 ESMF_YAMLCPP                : enabled
20231102 042429.230 INFO             PET1 mainApp STARTING
20231102 042429.234 INFO             PET1 driver: InitializeGeneric intro.
20231102 042429.235 INFO             PET1   driver: InitializeP0 intro.
20231102 042429.235 INFO             PET1   driver: InitializeP0 extro.
20231102 042429.235 INFO             PET1   driver: InitializeIPDv02p1 intro.
20231102 042429.235 INFO             PET1     >>>driver: entered Initialize (phase=<none>) without valid internal Clock.
20231102 042429.235 INFO             PET1     driver - Creating model component MODEL without petList.
20231102 042429.237 INFO             PET1      GridCompIsPetLocal:  T
20231102 042429.237 INFO             PET1      VmIsCreated:  T
20231102 042429.237 INFO             PET1      valid MPI_COMM with size=           4
20231102 042429.237 INFO             PET1     driver - Creating state: modelComp 1 Import State
20231102 042429.237 INFO             PET1     driver - Creating state: modelComp 1 Export State
20231102 042429.238 INFO             PET1     MODEL: InitializeP0 intro.
20231102 042429.238 INFO             PET1       >>>MODEL: entered Initialize (phase=<none>) without valid internal Clock.
20231102 042429.239 INFO             PET1       <<<MODEL: leaving Initialize (phase=<none>) without valid internal Clock.
20231102 042429.239 INFO             PET1     MODEL: InitializeP0 extro.
20231102 042429.241 INFO             PET1     driver: IInitAdvertise intro.
20231102 042429.241 INFO             PET1     driver: IInitAdvertise extro.
20231102 042429.241 INFO             PET1     MODEL: InitializeIPDvXp01 intro.
20231102 042429.241 INFO             PET1       >>>MODEL: entered Initialize (phase=IPDvXp01) without valid internal Clock.
20231102 042429.243 INFO             PET1       <<<MODEL: leaving Initialize (phase=IPDvXp01) without valid internal Clock.
20231102 042429.243 INFO             PET1     MODEL: InitializeIPDvXp01 extro.
20231102 042429.243 INFO             PET1     driver: IInitAdvertiseFinish intro.
20231102 042429.243 INFO             PET1     driver: IInitAdvertiseFinish extro.
20231102 042429.244 INFO             PET1     driver: IInitModifyCplLists intro.
20231102 042429.244 INFO             PET1     driver: IInitModifyCplLists extro.
20231102 042429.244 INFO             PET1     <<<driver: leaving Initialize (phase=<none>) with current time:    0  1  1  0  0  0   0
20231102 042429.244 INFO             PET1   driver: InitializeIPDv02p1 extro.
20231102 042429.244 INFO             PET1   driver: InitializeIPDv02p3 intro.
20231102 042429.244 INFO             PET1     >>>driver: entered Initialize (phase=<none>) with current time:    0  1  1  0  0  0   0
20231102 042429.244 INFO             PET1     driver: IInitCheck intro.
20231102 042429.244 INFO             PET1     driver: IInitCheck extro.
20231102 042429.244 INFO             PET1     MODEL: InitializeIPDvXp04 intro.
20231102 042429.244 INFO             PET1       >>>MODEL: entered Initialize (phase=IPDvXp04) without valid internal Clock.
20231102 042429.247 INFO             PET1       After Realize: - MemInfo: [/proc/meminfo - SSI]	MemTotal:       263445840 kB
20231102 042429.247 INFO             PET1       After Realize: - MemInfo: [/proc/meminfo - SSI]	MemFree:        241906476 kB
20231102 042429.247 INFO             PET1       After Realize: - MemInfo: [/proc/meminfo - SSI]	MemAvailable:   242183228 kB
20231102 042429.247 INFO             PET1       After Realize: - MemInfo: [/proc/meminfo - SSI]	Committed_AS:    4814060 kB
20231102 042429.247 INFO             PET1       After Realize: - MemInfo: [/proc/meminfo - SSI]	CommittedPercent: 1.82734 %
20231102 042429.247 INFO             PET1       After Realize: - MemInfo: [/proc/self/status]	VmPeak:	  269684 kB
20231102 042429.247 INFO             PET1       After Realize: - MemInfo: [/proc/self/status]	VmSize:	  269684 kB
20231102 042429.247 INFO             PET1       After Realize: - MemInfo: [/proc/self/status]	VmLck:	       0 kB
20231102 042429.247 INFO             PET1       After Realize: - MemInfo: [/proc/self/status]	VmPin:	       0 kB
20231102 042429.247 INFO             PET1       After Realize: - MemInfo: [/proc/self/status]	VmHWM:	   68796 kB
20231102 042429.247 INFO             PET1       After Realize: - MemInfo: [/proc/self/status]	VmRSS:	   68796 kB
20231102 042429.247 INFO             PET1       After Realize: - MemInfo: [/proc/self/status]	VmData:	   40448 kB
20231102 042429.247 INFO             PET1       After Realize: - MemInfo: [/proc/self/status]	VmStk:	     200 kB
20231102 042429.247 INFO             PET1       After Realize: - MemInfo: [/proc/self/status]	VmExe:	    1100 kB
20231102 042429.247 INFO             PET1       After Realize: - MemInfo: [/proc/self/status]	VmLib:	  135636 kB
20231102 042429.247 INFO             PET1       After Realize: - MemInfo: [/proc/self/status]	VmPTE:	     456 kB
20231102 042429.247 INFO             PET1       After Realize: - MemInfo: [/proc/self/status]	VmSwap:	       0 kB
20231102 042429.247 INFO             PET1       After Realize: - MemInfo: [/proc/self/status]	VmRSSPercent: 0.0261139 %
20231102 042429.247 INFO             PET1       After Realize: - MemInfo: [malloc] Non-mmapped space allocated:                  843776 Byte
20231102 042429.247 INFO             PET1       After Realize: - MemInfo: [malloc] Space allocated in mmapped regions:          9129984 Byte
20231102 042429.247 INFO             PET1       After Realize: - MemInfo: [malloc] Maximum total allocated space:                     0 Byte
20231102 042429.247 INFO             PET1       After Realize: - MemInfo: [malloc] Space in freed fastbin blocks:                   160 Byte
20231102 042429.247 INFO             PET1       After Realize: - MemInfo: [malloc] Total allocated space:                        739920 Byte
20231102 042429.247 INFO             PET1       After Realize: - MemInfo: [malloc] Total free space:                             103856 Byte
20231102 042429.247 INFO             PET1       After Realize: - MemInfo: [malloc] Top-most, releasable space:                   103696 Byte
20231102 042429.247 INFO             PET1       After Realize: - MemInfo: [malloc] Total space in use, mmap + non-mmap:         9869904 Byte
20231102 042429.247 INFO             PET1       After Realize: - MemInfo: [malloc] Total space held (mmap + non-mmap):          9973760 Byte
20231102 042429.247 INFO             PET1       After Realize: - MemInfo: [malloc] Total space used (mmap + non-mmap):          9878608 Byte
20231102 042429.247 INFO             PET1       After Realize: - MemInfo: Wall-clock time since execution start:              0.0204476 seconds
20231102 042429.247 INFO             PET1       <<<MODEL: leaving Initialize (phase=IPDvXp04) without valid internal Clock.
20231102 042429.247 INFO             PET1     MODEL: InitializeIPDvXp04 extro.
20231102 042429.248 INFO             PET1     driver: IInitRealize intro.
20231102 042429.248 INFO             PET1     driver: IInitRealize extro.
20231102 042429.248 INFO             PET1     MODEL: InitializeIPDvXp07 intro.
20231102 042429.248 INFO             PET1       >>>MODEL: entered Initialize (phase=IPDvXp07) without valid internal Clock.
20231102 042429.249 INFO             PET1       <<<MODEL: leaving Initialize (phase=IPDvXp07) with current time:    0  1  1  0  0  0   0
20231102 042429.249 INFO             PET1     MODEL: InitializeIPDvXp07 extro.
20231102 042429.249 INFO             PET1     <<<driver: leaving Initialize (phase=<none>) with current time:    0  1  1  0  0  0   0
20231102 042429.249 INFO             PET1   driver: InitializeIPDv02p3 extro.
20231102 042429.249 INFO             PET1   driver: InitializeIPDv02p5 intro.
20231102 042429.249 INFO             PET1     >>>driver: entered Initialize (phase=<none>) with current time:    0  1  1  0  0  0   0
20231102 042429.249 INFO             PET1     driver: this is a top level driver, no 'Updated' and 'InitializeDataComplete' info on this level.
20231102 042429.249 INFO             PET1     driver: InitializeIPDv02p5Data intro.
20231102 042429.249 INFO             PET1       driver: InternalInitializeComplete intro.
20231102 042429.249 INFO             PET1         driver: InitializeDataComplete='true'
20231102 042429.249 INFO             PET1       driver: InternalInitializeComplete extro.
20231102 042429.249 INFO             PET1       MODEL: InitializeIPDvXp08 intro.
20231102 042429.249 INFO             PET1         >>>MODEL: entered Initialize (phase=IPDv05p8) with current time:    0  1  1  0  0  0   0
20231102 042429.249 INFO             PET1         MODEL: InitializeDataProgress='false', InitializeDataComplete='false'
20231102 042429.250 INFO             PET1         <<<MODEL: leaving Initialize (phase=IPDv05p8) with current time:    0  1  1  0  0  0   0
20231102 042429.250 INFO             PET1       MODEL: InitializeIPDvXp08 extro.
20231102 042429.250 INFO             PET1       driver: components present that trigger loopDataDependentInitialize().
20231102 042429.250 INFO             PET1       driver: loopDataDependentInitialize intro.
20231102 042429.250 INFO             PET1         driver: component    0=driver, dataComplete (local): true
20231102 042429.250 INFO             PET1         driver: component    0=driver, dataComplete (global):  T
20231102 042429.250 INFO             PET1         driver: component    1=MODEL, dataComplete (local): false
20231102 042429.250 INFO             PET1         driver: component    1=MODEL, dataComplete (global):  F
20231102 042429.250 INFO             PET1         MODEL: InitializeIPDvXp08 intro.
20231102 042429.251 INFO             PET1           >>>MODEL: entered Initialize (phase=IPDv05p8) with current time:    0  1  1  0  0  0   0
20231102 042429.251 INFO             PET1           MODEL: InitializeDataProgress='true', InitializeDataComplete='true'
20231102 042429.251 INFO             PET1           <<<MODEL: leaving Initialize (phase=IPDv05p8) with current time:    0  1  1  0  0  0   0
20231102 042429.251 INFO             PET1         MODEL: InitializeIPDvXp08 extro.
20231102 042429.251 INFO             PET1         driver: component    1=MODEL, someProgress (local): true
20231102 042429.251 INFO             PET1         driver: component    1=MODEL, someProgress (global):  T
20231102 042429.251 INFO             PET1         driver: someProgress= T, allComplete= F, present(dataDepAllComplete)= T
20231102 042429.252 INFO             PET1         driver: component    0=driver, dataComplete (local): true
20231102 042429.252 INFO             PET1         driver: component    0=driver, dataComplete (global):  T
20231102 042429.252 INFO             PET1         driver: component    1=MODEL, dataComplete (local): true
20231102 042429.252 INFO             PET1         driver: component    1=MODEL, dataComplete (global):  T
20231102 042429.252 INFO             PET1         driver: someProgress= F, allComplete= T, present(dataDepAllComplete)= T
20231102 042429.252 INFO             PET1         driver: finished resolving initialize data dependencies on this level.
20231102 042429.252 INFO             PET1       driver: loopDataDependentInitialize extro.
20231102 042429.252 INFO             PET1       driver: loopDataDependentInitialize() returned with dataDepAllComplete:  T
20231102 042429.252 INFO             PET1     driver: InitializeIPDv02p5Data extro.
20231102 042429.252 INFO             PET1     <<<driver: leaving Initialize (phase=<none>) with current time:    0  1  1  0  0  0   0
20231102 042429.252 INFO             PET1   driver: InitializeIPDv02p5 extro.
20231102 042429.252 INFO             PET1 driver: InitializeGeneric extro.
20231102 042429.252 INFO             PET1 driver: Run intro.
20231102 042429.252 INFO             PET1   >>>driver entered Run (phase=RunPhase1) with current time:    0  1  1  0  0  0   0
20231102 042429.252 INFO             PET1   driver: after lable_SetRunClock, current time:    0  1  1  0  0  0   0
20231102 042429.252 INFO             PET1   driver: begin -------> RunSequence.
20231102 042429.252 INFO             PET1     driver: RunSequence event loopLevel=   1  levelMember=   1  loopIteration=   1, current time:    0  1  1  0  0  0   0
20231102 042429.252 INFO             PET1     MODEL: Run intro.
20231102 042429.252 INFO             PET1       >>>MODEL: entered Run (phase=RunPhase1) with current time:    0  1  1  0  0  0   0
20231102 042429.252 INFO             PET1       MODEL: time step-loop starting, current time:    0  1  1  0  0  0   0
20231102 042429.253 INFO             PET1       thread_num=   0   currentSsiPe= 192   num_threads=   3   max_threads=   3   num_procs=   2
20231102 042429.253 INFO             PET1       thread_num=   1   currentSsiPe=  64   num_threads=   3   max_threads=   3   num_procs=   2
20231102 042429.258 INFO             PET1       thread_num=   2   currentSsiPe=  64   num_threads=   3   max_threads=   3   num_procs=   2
20231102 042429.258 INFO             PET1       ---->Advancing Model from:    0  1  1  0  0  0   0
20231102 042429.258 INFO             PET1       ---------------------> to:    0  1  1  0  0 30   0
20231102 042429.258 INFO             PET1       MODEL: time step-loop ending,   current time:    0  1  1  0  0 30   0
20231102 042429.258 INFO             PET1       <<<MODEL: leaving Run (phase=RunPhase1) with current time:    0  1  1  0  0 30   0
20231102 042429.258 INFO             PET1     MODEL: Run extro.
20231102 042429.258 INFO             PET1     driver: RunSequence event loopLevel=   1  levelMember=   1  loopIteration=   2, current time:    0  1  1  0  0 30   0
20231102 042429.258 INFO             PET1     MODEL: Run intro.
20231102 042429.258 INFO             PET1       >>>MODEL: entered Run (phase=RunPhase1) with current time:    0  1  1  0  0 30   0
20231102 042429.258 INFO             PET1       MODEL: time step-loop starting, current time:    0  1  1  0  0 30   0
20231102 042429.258 INFO             PET1       thread_num=   0   currentSsiPe= 192   num_threads=   3   max_threads=   3   num_procs=   2
20231102 042429.258 INFO             PET1       thread_num=   1   currentSsiPe=  64   num_threads=   3   max_threads=   3   num_procs=   2
20231102 042429.258 INFO             PET1       thread_num=   2   currentSsiPe=  64   num_threads=   3   max_threads=   3   num_procs=   2
20231102 042429.258 INFO             PET1       ---->Advancing Model from:    0  1  1  0  0 30   0
20231102 042429.258 INFO             PET1       ---------------------> to:    0  1  1  0  1  0   0
20231102 042429.258 INFO             PET1       MODEL: time step-loop ending,   current time:    0  1  1  0  1  0   0
20231102 042429.258 INFO             PET1       <<<MODEL: leaving Run (phase=RunPhase1) with current time:    0  1  1  0  1  0   0
20231102 042429.258 INFO             PET1     MODEL: Run extro.
20231102 042429.258 INFO             PET1     driver: RunSequence event loopLevel=   1  levelMember=   1  loopIteration=   3, current time:    0  1  1  0  1  0   0
20231102 042429.258 INFO             PET1     MODEL: Run intro.
20231102 042429.258 INFO             PET1       >>>MODEL: entered Run (phase=RunPhase1) with current time:    0  1  1  0  1  0   0
20231102 042429.258 INFO             PET1       MODEL: time step-loop starting, current time:    0  1  1  0  1  0   0
20231102 042429.258 INFO             PET1       thread_num=   0   currentSsiPe= 192   num_threads=   3   max_threads=   3   num_procs=   2
20231102 042429.258 INFO             PET1       thread_num=   2   currentSsiPe=  64   num_threads=   3   max_threads=   3   num_procs=   2
20231102 042429.258 INFO             PET1       thread_num=   1   currentSsiPe=  64   num_threads=   3   max_threads=   3   num_procs=   2
20231102 042429.258 INFO             PET1       ---->Advancing Model from:    0  1  1  0  1  0   0
20231102 042429.258 INFO             PET1       ---------------------> to:    0  1  1  0  1 30   0
20231102 042429.258 INFO             PET1       MODEL: time step-loop ending,   current time:    0  1  1  0  1 30   0
20231102 042429.258 INFO             PET1       <<<MODEL: leaving Run (phase=RunPhase1) with current time:    0  1  1  0  1 30   0
20231102 042429.259 INFO             PET1     MODEL: Run extro.
20231102 042429.259 INFO             PET1     driver: RunSequence event loopLevel=   1  levelMember=   1  loopIteration=   4, current time:    0  1  1  0  1 30   0
20231102 042429.259 INFO             PET1     MODEL: Run intro.
20231102 042429.259 INFO             PET1       >>>MODEL: entered Run (phase=RunPhase1) with current time:    0  1  1  0  1 30   0
20231102 042429.259 INFO             PET1       MODEL: time step-loop starting, current time:    0  1  1  0  1 30   0
20231102 042429.259 INFO             PET1       thread_num=   0   currentSsiPe= 192   num_threads=   3   max_threads=   3   num_procs=   2
20231102 042429.259 INFO             PET1       thread_num=   1   currentSsiPe=  64   num_threads=   3   max_threads=   3   num_procs=   2
20231102 042429.259 INFO             PET1       thread_num=   2   currentSsiPe=  64   num_threads=   3   max_threads=   3   num_procs=   2
20231102 042429.259 INFO             PET1       ---->Advancing Model from:    0  1  1  0  1 30   0
20231102 042429.259 INFO             PET1       ---------------------> to:    0  1  1  0  2  0   0
20231102 042429.259 INFO             PET1       MODEL: time step-loop ending,   current time:    0  1  1  0  2  0   0
20231102 042429.259 INFO             PET1       <<<MODEL: leaving Run (phase=RunPhase1) with current time:    0  1  1  0  2  0   0
20231102 042429.259 INFO             PET1     MODEL: Run extro.
20231102 042429.259 INFO             PET1     driver: RunSequence event loopLevel=   1  levelMember=   1  loopIteration=   5, current time:    0  1  1  0  2  0   0
20231102 042429.259 INFO             PET1     MODEL: Run intro.
20231102 042429.259 INFO             PET1       >>>MODEL: entered Run (phase=RunPhase1) with current time:    0  1  1  0  2  0   0
20231102 042429.259 INFO             PET1       MODEL: time step-loop starting, current time:    0  1  1  0  2  0   0
20231102 042429.259 INFO             PET1       thread_num=   0   currentSsiPe= 192   num_threads=   3   max_threads=   3   num_procs=   2
20231102 042429.259 INFO             PET1       thread_num=   2   currentSsiPe=  64   num_threads=   3   max_threads=   3   num_procs=   2
20231102 042429.259 INFO             PET1       thread_num=   1   currentSsiPe=  64   num_threads=   3   max_threads=   3   num_procs=   2
20231102 042429.259 INFO             PET1       ---->Advancing Model from:    0  1  1  0  2  0   0
20231102 042429.259 INFO             PET1       ---------------------> to:    0  1  1  0  2 30   0
20231102 042429.259 INFO             PET1       MODEL: time step-loop ending,   current time:    0  1  1  0  2 30   0
20231102 042429.259 INFO             PET1       <<<MODEL: leaving Run (phase=RunPhase1) with current time:    0  1  1  0  2 30   0
20231102 042429.259 INFO             PET1     MODEL: Run extro.
20231102 042429.259 INFO             PET1   driver: end <--------- RunSequence
20231102 042429.259 INFO             PET1   <<<driver - leaving Run with current time:    0  1  1  0  2 30   0
20231102 042429.259 INFO             PET1 driver: Run extro.
20231102 042429.259 INFO             PET1 driver: Finalize intro.
20231102 042429.259 INFO             PET1   Calling Finalize phase 1 for modelComp: MODEL
20231102 042429.260 INFO             PET1   MODEL: Finalize intro.
20231102 042429.260 INFO             PET1     >>>MODEL: entered Finalize (phase=FinalizePhase1) with current time:    0  1  1  0  2 30   0
20231102 042429.260 INFO             PET1     <<<MODEL: leaving Finalize (phase=FinalizePhase1) with current time:    0  1  1  0  2 30   0
20231102 042429.260 INFO             PET1   MODEL: Finalize extro.
20231102 042429.260 INFO             PET1   Delete modelComp: MODEL
20231102 042429.260 INFO             PET1   Delete Import-/Export State for modelComp: MODEL
20231102 042429.260 INFO             PET1 driver: Finalize extro.
20231102 042429.260 INFO             PET1 mainApp FINISHED
20231102 042429.260 INFO             PET1  Finalizing ESMF
20231102 042429.230 INFO             PET2 !!!!!!!!!!!!!!!!!!!!!!!!!!!!!!!!!!!!!!!!!!!!!!!!!!!!!!
20231102 042429.230 INFO             PET2 !!! THE ESMF_LOG IS SET TO OUTPUT ALL LOG MESSAGES !!!
20231102 042429.230 INFO             PET2 !!!     THIS MAY CAUSE SLOWDOWN IN PERFORMANCE     !!!
20231102 042429.230 INFO             PET2 !!! FOR PRODUCTION RUNS, USE:                      !!!
20231102 042429.230 INFO             PET2 !!!                   ESMF_LOGKIND_Multi_On_Error  !!!
20231102 042429.230 INFO             PET2 !!!!!!!!!!!!!!!!!!!!!!!!!!!!!!!!!!!!!!!!!!!!!!!!!!!!!!
20231102 042429.230 INFO             PET2 Running with ESMF Version   : v8.7.0b00-3-gae6d46cf0b
20231102 042429.230 INFO             PET2 ESMF library build date/time: "Nov  2 2023" "03:54:29"
20231102 042429.230 INFO             PET2 ESMF library build location : /tmp/intel_2023.1.0-oneAPI_mpi_g_develop/esmf
20231102 042429.230 INFO             PET2 ESMF_COMM                   : mpi
20231102 042429.230 INFO             PET2 ESMF_MOAB                   : enabled
20231102 042429.230 INFO             PET2 ESMF_LAPACK                 : enabled
20231102 042429.230 INFO             PET2 ESMF_NETCDF                 : enabled
20231102 042429.230 INFO             PET2 ESMF_PNETCDF                : disabled
20231102 042429.230 INFO             PET2 ESMF_PIO                    : enabled
20231102 042429.230 INFO             PET2 ESMF_YAMLCPP                : enabled
20231102 042429.230 INFO             PET2 mainApp STARTING
20231102 042429.234 INFO             PET2 driver: InitializeGeneric intro.
20231102 042429.234 INFO             PET2   driver: InitializeP0 intro.
20231102 042429.234 INFO             PET2   driver: InitializeP0 extro.
20231102 042429.234 INFO             PET2   driver: InitializeIPDv02p1 intro.
20231102 042429.235 INFO             PET2     >>>driver: entered Initialize (phase=<none>) without valid internal Clock.
20231102 042429.235 INFO             PET2     driver - Creating model component MODEL without petList.
20231102 042429.237 INFO             PET2      GridCompIsPetLocal:  T
20231102 042429.237 INFO             PET2      VmIsCreated:  T
20231102 042429.237 INFO             PET2      valid MPI_COMM with size=           4
20231102 042429.237 INFO             PET2     driver - Creating state: modelComp 1 Import State
20231102 042429.237 INFO             PET2     driver - Creating state: modelComp 1 Export State
20231102 042429.238 INFO             PET2     MODEL: InitializeP0 intro.
20231102 042429.238 INFO             PET2       >>>MODEL: entered Initialize (phase=<none>) without valid internal Clock.
20231102 042429.239 INFO             PET2       <<<MODEL: leaving Initialize (phase=<none>) without valid internal Clock.
20231102 042429.239 INFO             PET2     MODEL: InitializeP0 extro.
20231102 042429.241 INFO             PET2     driver: IInitAdvertise intro.
20231102 042429.241 INFO             PET2     driver: IInitAdvertise extro.
20231102 042429.241 INFO             PET2     MODEL: InitializeIPDvXp01 intro.
20231102 042429.241 INFO             PET2       >>>MODEL: entered Initialize (phase=IPDvXp01) without valid internal Clock.
20231102 042429.243 INFO             PET2       <<<MODEL: leaving Initialize (phase=IPDvXp01) without valid internal Clock.
20231102 042429.243 INFO             PET2     MODEL: InitializeIPDvXp01 extro.
20231102 042429.243 INFO             PET2     driver: IInitAdvertiseFinish intro.
20231102 042429.243 INFO             PET2     driver: IInitAdvertiseFinish extro.
20231102 042429.244 INFO             PET2     driver: IInitModifyCplLists intro.
20231102 042429.244 INFO             PET2     driver: IInitModifyCplLists extro.
20231102 042429.244 INFO             PET2     <<<driver: leaving Initialize (phase=<none>) with current time:    0  1  1  0  0  0   0
20231102 042429.244 INFO             PET2   driver: InitializeIPDv02p1 extro.
20231102 042429.244 INFO             PET2   driver: InitializeIPDv02p3 intro.
20231102 042429.244 INFO             PET2     >>>driver: entered Initialize (phase=<none>) with current time:    0  1  1  0  0  0   0
20231102 042429.244 INFO             PET2     driver: IInitCheck intro.
20231102 042429.244 INFO             PET2     driver: IInitCheck extro.
20231102 042429.244 INFO             PET2     MODEL: InitializeIPDvXp04 intro.
20231102 042429.244 INFO             PET2       >>>MODEL: entered Initialize (phase=IPDvXp04) without valid internal Clock.
20231102 042429.247 INFO             PET2       After Realize: - MemInfo: [/proc/meminfo - SSI]	MemTotal:       263445840 kB
20231102 042429.247 INFO             PET2       After Realize: - MemInfo: [/proc/meminfo - SSI]	MemFree:        241906476 kB
20231102 042429.247 INFO             PET2       After Realize: - MemInfo: [/proc/meminfo - SSI]	MemAvailable:   242183228 kB
20231102 042429.247 INFO             PET2       After Realize: - MemInfo: [/proc/meminfo - SSI]	Committed_AS:    4814060 kB
20231102 042429.247 INFO             PET2       After Realize: - MemInfo: [/proc/meminfo - SSI]	CommittedPercent: 1.82734 %
20231102 042429.247 INFO             PET2       After Realize: - MemInfo: [/proc/self/status]	VmPeak:	  269680 kB
20231102 042429.247 INFO             PET2       After Realize: - MemInfo: [/proc/self/status]	VmSize:	  269680 kB
20231102 042429.247 INFO             PET2       After Realize: - MemInfo: [/proc/self/status]	VmLck:	       0 kB
20231102 042429.247 INFO             PET2       After Realize: - MemInfo: [/proc/self/status]	VmPin:	       0 kB
20231102 042429.247 INFO             PET2       After Realize: - MemInfo: [/proc/self/status]	VmHWM:	   69008 kB
20231102 042429.247 INFO             PET2       After Realize: - MemInfo: [/proc/self/status]	VmRSS:	   69008 kB
20231102 042429.247 INFO             PET2       After Realize: - MemInfo: [/proc/self/status]	VmData:	   40448 kB
20231102 042429.247 INFO             PET2       After Realize: - MemInfo: [/proc/self/status]	VmStk:	     196 kB
20231102 042429.247 INFO             PET2       After Realize: - MemInfo: [/proc/self/status]	VmExe:	    1100 kB
20231102 042429.247 INFO             PET2       After Realize: - MemInfo: [/proc/self/status]	VmLib:	  135636 kB
20231102 042429.247 INFO             PET2       After Realize: - MemInfo: [/proc/self/status]	VmPTE:	     452 kB
20231102 042429.247 INFO             PET2       After Realize: - MemInfo: [/proc/self/status]	VmSwap:	       0 kB
20231102 042429.247 INFO             PET2       After Realize: - MemInfo: [/proc/self/status]	VmRSSPercent: 0.0261944 %
20231102 042429.247 INFO             PET2       After Realize: - MemInfo: [malloc] Non-mmapped space allocated:                  843776 Byte
20231102 042429.247 INFO             PET2       After Realize: - MemInfo: [malloc] Space allocated in mmapped regions:          9129984 Byte
20231102 042429.247 INFO             PET2       After Realize: - MemInfo: [malloc] Maximum total allocated space:                     0 Byte
20231102 042429.247 INFO             PET2       After Realize: - MemInfo: [malloc] Space in freed fastbin blocks:                   160 Byte
20231102 042429.247 INFO             PET2       After Realize: - MemInfo: [malloc] Total allocated space:                        739680 Byte
20231102 042429.247 INFO             PET2       After Realize: - MemInfo: [malloc] Total free space:                             104096 Byte
20231102 042429.247 INFO             PET2       After Realize: - MemInfo: [malloc] Top-most, releasable space:                   103936 Byte
20231102 042429.247 INFO             PET2       After Realize: - MemInfo: [malloc] Total space in use, mmap + non-mmap:         9869664 Byte
20231102 042429.247 INFO             PET2       After Realize: - MemInfo: [malloc] Total space held (mmap + non-mmap):          9973760 Byte
20231102 042429.247 INFO             PET2       After Realize: - MemInfo: [malloc] Total space used (mmap + non-mmap):          9878368 Byte
20231102 042429.247 INFO             PET2       After Realize: - MemInfo: Wall-clock time since execution start:              0.0204271 seconds
20231102 042429.247 INFO             PET2       <<<MODEL: leaving Initialize (phase=IPDvXp04) without valid internal Clock.
20231102 042429.247 INFO             PET2     MODEL: InitializeIPDvXp04 extro.
20231102 042429.248 INFO             PET2     driver: IInitRealize intro.
20231102 042429.248 INFO             PET2     driver: IInitRealize extro.
20231102 042429.248 INFO             PET2     MODEL: InitializeIPDvXp07 intro.
20231102 042429.248 INFO             PET2       >>>MODEL: entered Initialize (phase=IPDvXp07) without valid internal Clock.
20231102 042429.249 INFO             PET2       <<<MODEL: leaving Initialize (phase=IPDvXp07) with current time:    0  1  1  0  0  0   0
20231102 042429.249 INFO             PET2     MODEL: InitializeIPDvXp07 extro.
20231102 042429.249 INFO             PET2     <<<driver: leaving Initialize (phase=<none>) with current time:    0  1  1  0  0  0   0
20231102 042429.249 INFO             PET2   driver: InitializeIPDv02p3 extro.
20231102 042429.249 INFO             PET2   driver: InitializeIPDv02p5 intro.
20231102 042429.249 INFO             PET2     >>>driver: entered Initialize (phase=<none>) with current time:    0  1  1  0  0  0   0
20231102 042429.249 INFO             PET2     driver: this is a top level driver, no 'Updated' and 'InitializeDataComplete' info on this level.
20231102 042429.249 INFO             PET2     driver: InitializeIPDv02p5Data intro.
20231102 042429.249 INFO             PET2       driver: InternalInitializeComplete intro.
20231102 042429.249 INFO             PET2         driver: InitializeDataComplete='true'
20231102 042429.249 INFO             PET2       driver: InternalInitializeComplete extro.
20231102 042429.249 INFO             PET2       MODEL: InitializeIPDvXp08 intro.
20231102 042429.249 INFO             PET2         >>>MODEL: entered Initialize (phase=IPDv05p8) with current time:    0  1  1  0  0  0   0
20231102 042429.249 INFO             PET2         MODEL: InitializeDataProgress='false', InitializeDataComplete='false'
20231102 042429.250 INFO             PET2         <<<MODEL: leaving Initialize (phase=IPDv05p8) with current time:    0  1  1  0  0  0   0
20231102 042429.250 INFO             PET2       MODEL: InitializeIPDvXp08 extro.
20231102 042429.250 INFO             PET2       driver: components present that trigger loopDataDependentInitialize().
20231102 042429.250 INFO             PET2       driver: loopDataDependentInitialize intro.
20231102 042429.250 INFO             PET2         driver: component    0=driver, dataComplete (local): true
20231102 042429.250 INFO             PET2         driver: component    0=driver, dataComplete (global):  T
20231102 042429.250 INFO             PET2         driver: component    1=MODEL, dataComplete (local): false
20231102 042429.250 INFO             PET2         driver: component    1=MODEL, dataComplete (global):  F
20231102 042429.250 INFO             PET2         MODEL: InitializeIPDvXp08 intro.
20231102 042429.251 INFO             PET2           >>>MODEL: entered Initialize (phase=IPDv05p8) with current time:    0  1  1  0  0  0   0
20231102 042429.251 INFO             PET2           MODEL: InitializeDataProgress='true', InitializeDataComplete='true'
20231102 042429.251 INFO             PET2           <<<MODEL: leaving Initialize (phase=IPDv05p8) with current time:    0  1  1  0  0  0   0
20231102 042429.251 INFO             PET2         MODEL: InitializeIPDvXp08 extro.
20231102 042429.251 INFO             PET2         driver: component    1=MODEL, someProgress (local): true
20231102 042429.251 INFO             PET2         driver: component    1=MODEL, someProgress (global):  T
20231102 042429.251 INFO             PET2         driver: someProgress= T, allComplete= F, present(dataDepAllComplete)= T
20231102 042429.252 INFO             PET2         driver: component    0=driver, dataComplete (local): true
20231102 042429.252 INFO             PET2         driver: component    0=driver, dataComplete (global):  T
20231102 042429.252 INFO             PET2         driver: component    1=MODEL, dataComplete (local): true
20231102 042429.252 INFO             PET2         driver: component    1=MODEL, dataComplete (global):  T
20231102 042429.252 INFO             PET2         driver: someProgress= F, allComplete= T, present(dataDepAllComplete)= T
20231102 042429.252 INFO             PET2         driver: finished resolving initialize data dependencies on this level.
20231102 042429.252 INFO             PET2       driver: loopDataDependentInitialize extro.
20231102 042429.252 INFO             PET2       driver: loopDataDependentInitialize() returned with dataDepAllComplete:  T
20231102 042429.252 INFO             PET2     driver: InitializeIPDv02p5Data extro.
20231102 042429.252 INFO             PET2     <<<driver: leaving Initialize (phase=<none>) with current time:    0  1  1  0  0  0   0
20231102 042429.252 INFO             PET2   driver: InitializeIPDv02p5 extro.
20231102 042429.252 INFO             PET2 driver: InitializeGeneric extro.
20231102 042429.252 INFO             PET2 driver: Run intro.
20231102 042429.252 INFO             PET2   >>>driver entered Run (phase=RunPhase1) with current time:    0  1  1  0  0  0   0
20231102 042429.252 INFO             PET2   driver: after lable_SetRunClock, current time:    0  1  1  0  0  0   0
20231102 042429.252 INFO             PET2   driver: begin -------> RunSequence.
20231102 042429.252 INFO             PET2     driver: RunSequence event loopLevel=   1  levelMember=   1  loopIteration=   1, current time:    0  1  1  0  0  0   0
20231102 042429.252 INFO             PET2     MODEL: Run intro.
20231102 042429.252 INFO             PET2       >>>MODEL: entered Run (phase=RunPhase1) with current time:    0  1  1  0  0  0   0
20231102 042429.252 INFO             PET2       MODEL: time step-loop starting, current time:    0  1  1  0  0  0   0
20231102 042429.252 INFO             PET2       thread_num=   0   currentSsiPe= 129   num_threads=   3   max_threads=   3   num_procs=   2
20231102 042429.252 INFO             PET2       thread_num=   2   currentSsiPe=   1   num_threads=   3   max_threads=   3   num_procs=   2
20231102 042429.257 INFO             PET2       thread_num=   1   currentSsiPe= 129   num_threads=   3   max_threads=   3   num_procs=   2
20231102 042429.257 INFO             PET2       ---->Advancing Model from:    0  1  1  0  0  0   0
20231102 042429.257 INFO             PET2       ---------------------> to:    0  1  1  0  0 30   0
20231102 042429.257 INFO             PET2       MODEL: time step-loop ending,   current time:    0  1  1  0  0 30   0
20231102 042429.257 INFO             PET2       <<<MODEL: leaving Run (phase=RunPhase1) with current time:    0  1  1  0  0 30   0
20231102 042429.257 INFO             PET2     MODEL: Run extro.
20231102 042429.257 INFO             PET2     driver: RunSequence event loopLevel=   1  levelMember=   1  loopIteration=   2, current time:    0  1  1  0  0 30   0
20231102 042429.258 INFO             PET2     MODEL: Run intro.
20231102 042429.258 INFO             PET2       >>>MODEL: entered Run (phase=RunPhase1) with current time:    0  1  1  0  0 30   0
20231102 042429.258 INFO             PET2       MODEL: time step-loop starting, current time:    0  1  1  0  0 30   0
20231102 042429.258 INFO             PET2       thread_num=   0   currentSsiPe= 129   num_threads=   3   max_threads=   3   num_procs=   2
20231102 042429.258 INFO             PET2       thread_num=   2   currentSsiPe=   1   num_threads=   3   max_threads=   3   num_procs=   2
20231102 042429.258 INFO             PET2       thread_num=   1   currentSsiPe= 129   num_threads=   3   max_threads=   3   num_procs=   2
20231102 042429.258 INFO             PET2       ---->Advancing Model from:    0  1  1  0  0 30   0
20231102 042429.258 INFO             PET2       ---------------------> to:    0  1  1  0  1  0   0
20231102 042429.258 INFO             PET2       MODEL: time step-loop ending,   current time:    0  1  1  0  1  0   0
20231102 042429.258 INFO             PET2       <<<MODEL: leaving Run (phase=RunPhase1) with current time:    0  1  1  0  1  0   0
20231102 042429.258 INFO             PET2     MODEL: Run extro.
20231102 042429.258 INFO             PET2     driver: RunSequence event loopLevel=   1  levelMember=   1  loopIteration=   3, current time:    0  1  1  0  1  0   0
20231102 042429.258 INFO             PET2     MODEL: Run intro.
20231102 042429.258 INFO             PET2       >>>MODEL: entered Run (phase=RunPhase1) with current time:    0  1  1  0  1  0   0
20231102 042429.258 INFO             PET2       MODEL: time step-loop starting, current time:    0  1  1  0  1  0   0
20231102 042429.258 INFO             PET2       thread_num=   0   currentSsiPe= 129   num_threads=   3   max_threads=   3   num_procs=   2
20231102 042429.258 INFO             PET2       thread_num=   2   currentSsiPe=   1   num_threads=   3   max_threads=   3   num_procs=   2
20231102 042429.258 INFO             PET2       thread_num=   1   currentSsiPe= 129   num_threads=   3   max_threads=   3   num_procs=   2
20231102 042429.258 INFO             PET2       ---->Advancing Model from:    0  1  1  0  1  0   0
20231102 042429.258 INFO             PET2       ---------------------> to:    0  1  1  0  1 30   0
20231102 042429.258 INFO             PET2       MODEL: time step-loop ending,   current time:    0  1  1  0  1 30   0
20231102 042429.258 INFO             PET2       <<<MODEL: leaving Run (phase=RunPhase1) with current time:    0  1  1  0  1 30   0
20231102 042429.258 INFO             PET2     MODEL: Run extro.
20231102 042429.258 INFO             PET2     driver: RunSequence event loopLevel=   1  levelMember=   1  loopIteration=   4, current time:    0  1  1  0  1 30   0
20231102 042429.258 INFO             PET2     MODEL: Run intro.
20231102 042429.258 INFO             PET2       >>>MODEL: entered Run (phase=RunPhase1) with current time:    0  1  1  0  1 30   0
20231102 042429.258 INFO             PET2       MODEL: time step-loop starting, current time:    0  1  1  0  1 30   0
20231102 042429.259 INFO             PET2       thread_num=   0   currentSsiPe= 129   num_threads=   3   max_threads=   3   num_procs=   2
20231102 042429.259 INFO             PET2       thread_num=   2   currentSsiPe=   1   num_threads=   3   max_threads=   3   num_procs=   2
20231102 042429.259 INFO             PET2       thread_num=   1   currentSsiPe= 129   num_threads=   3   max_threads=   3   num_procs=   2
20231102 042429.259 INFO             PET2       ---->Advancing Model from:    0  1  1  0  1 30   0
20231102 042429.259 INFO             PET2       ---------------------> to:    0  1  1  0  2  0   0
20231102 042429.259 INFO             PET2       MODEL: time step-loop ending,   current time:    0  1  1  0  2  0   0
20231102 042429.259 INFO             PET2       <<<MODEL: leaving Run (phase=RunPhase1) with current time:    0  1  1  0  2  0   0
20231102 042429.259 INFO             PET2     MODEL: Run extro.
20231102 042429.259 INFO             PET2     driver: RunSequence event loopLevel=   1  levelMember=   1  loopIteration=   5, current time:    0  1  1  0  2  0   0
20231102 042429.259 INFO             PET2     MODEL: Run intro.
20231102 042429.259 INFO             PET2       >>>MODEL: entered Run (phase=RunPhase1) with current time:    0  1  1  0  2  0   0
20231102 042429.259 INFO             PET2       MODEL: time step-loop starting, current time:    0  1  1  0  2  0   0
20231102 042429.259 INFO             PET2       thread_num=   0   currentSsiPe= 129   num_threads=   3   max_threads=   3   num_procs=   2
20231102 042429.259 INFO             PET2       thread_num=   2   currentSsiPe=   1   num_threads=   3   max_threads=   3   num_procs=   2
20231102 042429.259 INFO             PET2       thread_num=   1   currentSsiPe= 129   num_threads=   3   max_threads=   3   num_procs=   2
20231102 042429.259 INFO             PET2       ---->Advancing Model from:    0  1  1  0  2  0   0
20231102 042429.259 INFO             PET2       ---------------------> to:    0  1  1  0  2 30   0
20231102 042429.259 INFO             PET2       MODEL: time step-loop ending,   current time:    0  1  1  0  2 30   0
20231102 042429.259 INFO             PET2       <<<MODEL: leaving Run (phase=RunPhase1) with current time:    0  1  1  0  2 30   0
20231102 042429.259 INFO             PET2     MODEL: Run extro.
20231102 042429.259 INFO             PET2   driver: end <--------- RunSequence
20231102 042429.259 INFO             PET2   <<<driver - leaving Run with current time:    0  1  1  0  2 30   0
20231102 042429.259 INFO             PET2 driver: Run extro.
20231102 042429.259 INFO             PET2 driver: Finalize intro.
20231102 042429.259 INFO             PET2   Calling Finalize phase 1 for modelComp: MODEL
20231102 042429.259 INFO             PET2   MODEL: Finalize intro.
20231102 042429.259 INFO             PET2     >>>MODEL: entered Finalize (phase=FinalizePhase1) with current time:    0  1  1  0  2 30   0
20231102 042429.259 INFO             PET2     <<<MODEL: leaving Finalize (phase=FinalizePhase1) with current time:    0  1  1  0  2 30   0
20231102 042429.259 INFO             PET2   MODEL: Finalize extro.
20231102 042429.259 INFO             PET2   Delete modelComp: MODEL
20231102 042429.260 INFO             PET2   Delete Import-/Export State for modelComp: MODEL
20231102 042429.260 INFO             PET2 driver: Finalize extro.
20231102 042429.260 INFO             PET2 mainApp FINISHED
20231102 042429.260 INFO             PET2  Finalizing ESMF
20231102 042429.230 INFO             PET3 !!!!!!!!!!!!!!!!!!!!!!!!!!!!!!!!!!!!!!!!!!!!!!!!!!!!!!
20231102 042429.230 INFO             PET3 !!! THE ESMF_LOG IS SET TO OUTPUT ALL LOG MESSAGES !!!
20231102 042429.230 INFO             PET3 !!!     THIS MAY CAUSE SLOWDOWN IN PERFORMANCE     !!!
20231102 042429.230 INFO             PET3 !!! FOR PRODUCTION RUNS, USE:                      !!!
20231102 042429.230 INFO             PET3 !!!                   ESMF_LOGKIND_Multi_On_Error  !!!
20231102 042429.230 INFO             PET3 !!!!!!!!!!!!!!!!!!!!!!!!!!!!!!!!!!!!!!!!!!!!!!!!!!!!!!
20231102 042429.230 INFO             PET3 Running with ESMF Version   : v8.7.0b00-3-gae6d46cf0b
20231102 042429.230 INFO             PET3 ESMF library build date/time: "Nov  2 2023" "03:54:29"
20231102 042429.230 INFO             PET3 ESMF library build location : /tmp/intel_2023.1.0-oneAPI_mpi_g_develop/esmf
20231102 042429.230 INFO             PET3 ESMF_COMM                   : mpi
20231102 042429.230 INFO             PET3 ESMF_MOAB                   : enabled
20231102 042429.230 INFO             PET3 ESMF_LAPACK                 : enabled
20231102 042429.230 INFO             PET3 ESMF_NETCDF                 : enabled
20231102 042429.230 INFO             PET3 ESMF_PNETCDF                : disabled
20231102 042429.230 INFO             PET3 ESMF_PIO                    : enabled
20231102 042429.230 INFO             PET3 ESMF_YAMLCPP                : enabled
20231102 042429.230 INFO             PET3 mainApp STARTING
20231102 042429.234 INFO             PET3 driver: InitializeGeneric intro.
20231102 042429.235 INFO             PET3   driver: InitializeP0 intro.
20231102 042429.235 INFO             PET3   driver: InitializeP0 extro.
20231102 042429.235 INFO             PET3   driver: InitializeIPDv02p1 intro.
20231102 042429.235 INFO             PET3     >>>driver: entered Initialize (phase=<none>) without valid internal Clock.
20231102 042429.235 INFO             PET3     driver - Creating model component MODEL without petList.
20231102 042429.237 INFO             PET3      GridCompIsPetLocal:  T
20231102 042429.237 INFO             PET3      VmIsCreated:  T
20231102 042429.237 INFO             PET3      valid MPI_COMM with size=           4
20231102 042429.237 INFO             PET3     driver - Creating state: modelComp 1 Import State
20231102 042429.237 INFO             PET3     driver - Creating state: modelComp 1 Export State
20231102 042429.238 INFO             PET3     MODEL: InitializeP0 intro.
20231102 042429.238 INFO             PET3       >>>MODEL: entered Initialize (phase=<none>) without valid internal Clock.
20231102 042429.239 INFO             PET3       <<<MODEL: leaving Initialize (phase=<none>) without valid internal Clock.
20231102 042429.239 INFO             PET3     MODEL: InitializeP0 extro.
20231102 042429.241 INFO             PET3     driver: IInitAdvertise intro.
20231102 042429.241 INFO             PET3     driver: IInitAdvertise extro.
20231102 042429.241 INFO             PET3     MODEL: InitializeIPDvXp01 intro.
20231102 042429.241 INFO             PET3       >>>MODEL: entered Initialize (phase=IPDvXp01) without valid internal Clock.
20231102 042429.243 INFO             PET3       <<<MODEL: leaving Initialize (phase=IPDvXp01) without valid internal Clock.
20231102 042429.243 INFO             PET3     MODEL: InitializeIPDvXp01 extro.
20231102 042429.243 INFO             PET3     driver: IInitAdvertiseFinish intro.
20231102 042429.243 INFO             PET3     driver: IInitAdvertiseFinish extro.
20231102 042429.244 INFO             PET3     driver: IInitModifyCplLists intro.
20231102 042429.244 INFO             PET3     driver: IInitModifyCplLists extro.
20231102 042429.244 INFO             PET3     <<<driver: leaving Initialize (phase=<none>) with current time:    0  1  1  0  0  0   0
20231102 042429.244 INFO             PET3   driver: InitializeIPDv02p1 extro.
20231102 042429.244 INFO             PET3   driver: InitializeIPDv02p3 intro.
20231102 042429.244 INFO             PET3     >>>driver: entered Initialize (phase=<none>) with current time:    0  1  1  0  0  0   0
20231102 042429.244 INFO             PET3     driver: IInitCheck intro.
20231102 042429.244 INFO             PET3     driver: IInitCheck extro.
20231102 042429.244 INFO             PET3     MODEL: InitializeIPDvXp04 intro.
20231102 042429.244 INFO             PET3       >>>MODEL: entered Initialize (phase=IPDvXp04) without valid internal Clock.
20231102 042429.247 INFO             PET3       After Realize: - MemInfo: [/proc/meminfo - SSI]	MemTotal:       263445840 kB
20231102 042429.247 INFO             PET3       After Realize: - MemInfo: [/proc/meminfo - SSI]	MemFree:        241906476 kB
20231102 042429.247 INFO             PET3       After Realize: - MemInfo: [/proc/meminfo - SSI]	MemAvailable:   242183228 kB
20231102 042429.247 INFO             PET3       After Realize: - MemInfo: [/proc/meminfo - SSI]	Committed_AS:    4814060 kB
20231102 042429.247 INFO             PET3       After Realize: - MemInfo: [/proc/meminfo - SSI]	CommittedPercent: 1.82734 %
20231102 042429.247 INFO             PET3       After Realize: - MemInfo: [/proc/self/status]	VmPeak:	  269680 kB
20231102 042429.247 INFO             PET3       After Realize: - MemInfo: [/proc/self/status]	VmSize:	  269680 kB
20231102 042429.247 INFO             PET3       After Realize: - MemInfo: [/proc/self/status]	VmLck:	       0 kB
20231102 042429.247 INFO             PET3       After Realize: - MemInfo: [/proc/self/status]	VmPin:	       0 kB
20231102 042429.247 INFO             PET3       After Realize: - MemInfo: [/proc/self/status]	VmHWM:	   68532 kB
20231102 042429.247 INFO             PET3       After Realize: - MemInfo: [/proc/self/status]	VmRSS:	   68532 kB
20231102 042429.247 INFO             PET3       After Realize: - MemInfo: [/proc/self/status]	VmData:	   40448 kB
20231102 042429.247 INFO             PET3       After Realize: - MemInfo: [/proc/self/status]	VmStk:	     196 kB
20231102 042429.247 INFO             PET3       After Realize: - MemInfo: [/proc/self/status]	VmExe:	    1100 kB
20231102 042429.247 INFO             PET3       After Realize: - MemInfo: [/proc/self/status]	VmLib:	  135636 kB
20231102 042429.247 INFO             PET3       After Realize: - MemInfo: [/proc/self/status]	VmPTE:	     448 kB
20231102 042429.247 INFO             PET3       After Realize: - MemInfo: [/proc/self/status]	VmSwap:	       0 kB
20231102 042429.247 INFO             PET3       After Realize: - MemInfo: [/proc/self/status]	VmRSSPercent: 0.0260137 %
20231102 042429.247 INFO             PET3       After Realize: - MemInfo: [malloc] Non-mmapped space allocated:                  843776 Byte
20231102 042429.247 INFO             PET3       After Realize: - MemInfo: [malloc] Space allocated in mmapped regions:          9129984 Byte
20231102 042429.247 INFO             PET3       After Realize: - MemInfo: [malloc] Maximum total allocated space:                     0 Byte
20231102 042429.247 INFO             PET3       After Realize: - MemInfo: [malloc] Space in freed fastbin blocks:                   160 Byte
20231102 042429.247 INFO             PET3       After Realize: - MemInfo: [malloc] Total allocated space:                        739920 Byte
20231102 042429.247 INFO             PET3       After Realize: - MemInfo: [malloc] Total free space:                             103856 Byte
20231102 042429.247 INFO             PET3       After Realize: - MemInfo: [malloc] Top-most, releasable space:                   103696 Byte
20231102 042429.247 INFO             PET3       After Realize: - MemInfo: [malloc] Total space in use, mmap + non-mmap:         9869904 Byte
20231102 042429.247 INFO             PET3       After Realize: - MemInfo: [malloc] Total space held (mmap + non-mmap):          9973760 Byte
20231102 042429.247 INFO             PET3       After Realize: - MemInfo: [malloc] Total space used (mmap + non-mmap):          9878608 Byte
20231102 042429.247 INFO             PET3       After Realize: - MemInfo: Wall-clock time since execution start:              0.0204425 seconds
20231102 042429.247 INFO             PET3       <<<MODEL: leaving Initialize (phase=IPDvXp04) without valid internal Clock.
20231102 042429.247 INFO             PET3     MODEL: InitializeIPDvXp04 extro.
20231102 042429.248 INFO             PET3     driver: IInitRealize intro.
20231102 042429.248 INFO             PET3     driver: IInitRealize extro.
20231102 042429.248 INFO             PET3     MODEL: InitializeIPDvXp07 intro.
20231102 042429.248 INFO             PET3       >>>MODEL: entered Initialize (phase=IPDvXp07) without valid internal Clock.
20231102 042429.249 INFO             PET3       <<<MODEL: leaving Initialize (phase=IPDvXp07) with current time:    0  1  1  0  0  0   0
20231102 042429.249 INFO             PET3     MODEL: InitializeIPDvXp07 extro.
20231102 042429.249 INFO             PET3     <<<driver: leaving Initialize (phase=<none>) with current time:    0  1  1  0  0  0   0
20231102 042429.249 INFO             PET3   driver: InitializeIPDv02p3 extro.
20231102 042429.249 INFO             PET3   driver: InitializeIPDv02p5 intro.
20231102 042429.249 INFO             PET3     >>>driver: entered Initialize (phase=<none>) with current time:    0  1  1  0  0  0   0
20231102 042429.249 INFO             PET3     driver: this is a top level driver, no 'Updated' and 'InitializeDataComplete' info on this level.
20231102 042429.249 INFO             PET3     driver: InitializeIPDv02p5Data intro.
20231102 042429.249 INFO             PET3       driver: InternalInitializeComplete intro.
20231102 042429.249 INFO             PET3         driver: InitializeDataComplete='true'
20231102 042429.249 INFO             PET3       driver: InternalInitializeComplete extro.
20231102 042429.249 INFO             PET3       MODEL: InitializeIPDvXp08 intro.
20231102 042429.249 INFO             PET3         >>>MODEL: entered Initialize (phase=IPDv05p8) with current time:    0  1  1  0  0  0   0
20231102 042429.249 INFO             PET3         MODEL: InitializeDataProgress='false', InitializeDataComplete='false'
20231102 042429.250 INFO             PET3         <<<MODEL: leaving Initialize (phase=IPDv05p8) with current time:    0  1  1  0  0  0   0
20231102 042429.250 INFO             PET3       MODEL: InitializeIPDvXp08 extro.
20231102 042429.250 INFO             PET3       driver: components present that trigger loopDataDependentInitialize().
20231102 042429.250 INFO             PET3       driver: loopDataDependentInitialize intro.
20231102 042429.250 INFO             PET3         driver: component    0=driver, dataComplete (local): true
20231102 042429.250 INFO             PET3         driver: component    0=driver, dataComplete (global):  T
20231102 042429.250 INFO             PET3         driver: component    1=MODEL, dataComplete (local): false
20231102 042429.250 INFO             PET3         driver: component    1=MODEL, dataComplete (global):  F
20231102 042429.250 INFO             PET3         MODEL: InitializeIPDvXp08 intro.
20231102 042429.251 INFO             PET3           >>>MODEL: entered Initialize (phase=IPDv05p8) with current time:    0  1  1  0  0  0   0
20231102 042429.251 INFO             PET3           MODEL: InitializeDataProgress='true', InitializeDataComplete='true'
20231102 042429.251 INFO             PET3           <<<MODEL: leaving Initialize (phase=IPDv05p8) with current time:    0  1  1  0  0  0   0
20231102 042429.251 INFO             PET3         MODEL: InitializeIPDvXp08 extro.
20231102 042429.251 INFO             PET3         driver: component    1=MODEL, someProgress (local): true
20231102 042429.251 INFO             PET3         driver: component    1=MODEL, someProgress (global):  T
20231102 042429.251 INFO             PET3         driver: someProgress= T, allComplete= F, present(dataDepAllComplete)= T
20231102 042429.252 INFO             PET3         driver: component    0=driver, dataComplete (local): true
20231102 042429.252 INFO             PET3         driver: component    0=driver, dataComplete (global):  T
20231102 042429.252 INFO             PET3         driver: component    1=MODEL, dataComplete (local): true
20231102 042429.252 INFO             PET3         driver: component    1=MODEL, dataComplete (global):  T
20231102 042429.252 INFO             PET3         driver: someProgress= F, allComplete= T, present(dataDepAllComplete)= T
20231102 042429.252 INFO             PET3         driver: finished resolving initialize data dependencies on this level.
20231102 042429.252 INFO             PET3       driver: loopDataDependentInitialize extro.
20231102 042429.252 INFO             PET3       driver: loopDataDependentInitialize() returned with dataDepAllComplete:  T
20231102 042429.252 INFO             PET3     driver: InitializeIPDv02p5Data extro.
20231102 042429.252 INFO             PET3     <<<driver: leaving Initialize (phase=<none>) with current time:    0  1  1  0  0  0   0
20231102 042429.252 INFO             PET3   driver: InitializeIPDv02p5 extro.
20231102 042429.252 INFO             PET3 driver: InitializeGeneric extro.
20231102 042429.252 INFO             PET3 driver: Run intro.
20231102 042429.252 INFO             PET3   >>>driver entered Run (phase=RunPhase1) with current time:    0  1  1  0  0  0   0
20231102 042429.252 INFO             PET3   driver: after lable_SetRunClock, current time:    0  1  1  0  0  0   0
20231102 042429.252 INFO             PET3   driver: begin -------> RunSequence.
20231102 042429.252 INFO             PET3     driver: RunSequence event loopLevel=   1  levelMember=   1  loopIteration=   1, current time:    0  1  1  0  0  0   0
20231102 042429.252 INFO             PET3     MODEL: Run intro.
20231102 042429.252 INFO             PET3       >>>MODEL: entered Run (phase=RunPhase1) with current time:    0  1  1  0  0  0   0
20231102 042429.252 INFO             PET3       MODEL: time step-loop starting, current time:    0  1  1  0  0  0   0
20231102 042429.252 INFO             PET3       thread_num=   0   currentSsiPe= 193   num_threads=   3   max_threads=   3   num_procs=   2
20231102 042429.253 INFO             PET3       thread_num=   1   currentSsiPe=  65   num_threads=   3   max_threads=   3   num_procs=   2
20231102 042429.257 INFO             PET3       thread_num=   2   currentSsiPe=  65   num_threads=   3   max_threads=   3   num_procs=   2
20231102 042429.257 INFO             PET3       ---->Advancing Model from:    0  1  1  0  0  0   0
20231102 042429.257 INFO             PET3       ---------------------> to:    0  1  1  0  0 30   0
20231102 042429.257 INFO             PET3       MODEL: time step-loop ending,   current time:    0  1  1  0  0 30   0
20231102 042429.257 INFO             PET3       <<<MODEL: leaving Run (phase=RunPhase1) with current time:    0  1  1  0  0 30   0
20231102 042429.258 INFO             PET3     MODEL: Run extro.
20231102 042429.258 INFO             PET3     driver: RunSequence event loopLevel=   1  levelMember=   1  loopIteration=   2, current time:    0  1  1  0  0 30   0
20231102 042429.258 INFO             PET3     MODEL: Run intro.
20231102 042429.258 INFO             PET3       >>>MODEL: entered Run (phase=RunPhase1) with current time:    0  1  1  0  0 30   0
20231102 042429.258 INFO             PET3       MODEL: time step-loop starting, current time:    0  1  1  0  0 30   0
20231102 042429.258 INFO             PET3       thread_num=   0   currentSsiPe= 193   num_threads=   3   max_threads=   3   num_procs=   2
20231102 042429.258 INFO             PET3       thread_num=   2   currentSsiPe=  65   num_threads=   3   max_threads=   3   num_procs=   2
20231102 042429.258 INFO             PET3       thread_num=   1   currentSsiPe=  65   num_threads=   3   max_threads=   3   num_procs=   2
20231102 042429.258 INFO             PET3       ---->Advancing Model from:    0  1  1  0  0 30   0
20231102 042429.258 INFO             PET3       ---------------------> to:    0  1  1  0  1  0   0
20231102 042429.258 INFO             PET3       MODEL: time step-loop ending,   current time:    0  1  1  0  1  0   0
20231102 042429.258 INFO             PET3       <<<MODEL: leaving Run (phase=RunPhase1) with current time:    0  1  1  0  1  0   0
20231102 042429.258 INFO             PET3     MODEL: Run extro.
20231102 042429.258 INFO             PET3     driver: RunSequence event loopLevel=   1  levelMember=   1  loopIteration=   3, current time:    0  1  1  0  1  0   0
20231102 042429.258 INFO             PET3     MODEL: Run intro.
20231102 042429.258 INFO             PET3       >>>MODEL: entered Run (phase=RunPhase1) with current time:    0  1  1  0  1  0   0
20231102 042429.258 INFO             PET3       MODEL: time step-loop starting, current time:    0  1  1  0  1  0   0
20231102 042429.258 INFO             PET3       thread_num=   0   currentSsiPe= 193   num_threads=   3   max_threads=   3   num_procs=   2
20231102 042429.258 INFO             PET3       thread_num=   2   currentSsiPe=  65   num_threads=   3   max_threads=   3   num_procs=   2
20231102 042429.258 INFO             PET3       thread_num=   1   currentSsiPe=  65   num_threads=   3   max_threads=   3   num_procs=   2
20231102 042429.258 INFO             PET3       ---->Advancing Model from:    0  1  1  0  1  0   0
20231102 042429.258 INFO             PET3       ---------------------> to:    0  1  1  0  1 30   0
20231102 042429.258 INFO             PET3       MODEL: time step-loop ending,   current time:    0  1  1  0  1 30   0
20231102 042429.258 INFO             PET3       <<<MODEL: leaving Run (phase=RunPhase1) with current time:    0  1  1  0  1 30   0
20231102 042429.258 INFO             PET3     MODEL: Run extro.
20231102 042429.258 INFO             PET3     driver: RunSequence event loopLevel=   1  levelMember=   1  loopIteration=   4, current time:    0  1  1  0  1 30   0
20231102 042429.259 INFO             PET3     MODEL: Run intro.
20231102 042429.259 INFO             PET3       >>>MODEL: entered Run (phase=RunPhase1) with current time:    0  1  1  0  1 30   0
20231102 042429.259 INFO             PET3       MODEL: time step-loop starting, current time:    0  1  1  0  1 30   0
20231102 042429.259 INFO             PET3       thread_num=   0   currentSsiPe= 193   num_threads=   3   max_threads=   3   num_procs=   2
20231102 042429.259 INFO             PET3       thread_num=   2   currentSsiPe=  65   num_threads=   3   max_threads=   3   num_procs=   2
20231102 042429.259 INFO             PET3       thread_num=   1   currentSsiPe=  65   num_threads=   3   max_threads=   3   num_procs=   2
20231102 042429.259 INFO             PET3       ---->Advancing Model from:    0  1  1  0  1 30   0
20231102 042429.259 INFO             PET3       ---------------------> to:    0  1  1  0  2  0   0
20231102 042429.259 INFO             PET3       MODEL: time step-loop ending,   current time:    0  1  1  0  2  0   0
20231102 042429.259 INFO             PET3       <<<MODEL: leaving Run (phase=RunPhase1) with current time:    0  1  1  0  2  0   0
20231102 042429.259 INFO             PET3     MODEL: Run extro.
20231102 042429.259 INFO             PET3     driver: RunSequence event loopLevel=   1  levelMember=   1  loopIteration=   5, current time:    0  1  1  0  2  0   0
20231102 042429.259 INFO             PET3     MODEL: Run intro.
20231102 042429.259 INFO             PET3       >>>MODEL: entered Run (phase=RunPhase1) with current time:    0  1  1  0  2  0   0
20231102 042429.259 INFO             PET3       MODEL: time step-loop starting, current time:    0  1  1  0  2  0   0
20231102 042429.259 INFO             PET3       thread_num=   0   currentSsiPe= 193   num_threads=   3   max_threads=   3   num_procs=   2
20231102 042429.259 INFO             PET3       thread_num=   1   currentSsiPe=  65   num_threads=   3   max_threads=   3   num_procs=   2
20231102 042429.259 INFO             PET3       thread_num=   2   currentSsiPe=  65   num_threads=   3   max_threads=   3   num_procs=   2
20231102 042429.259 INFO             PET3       ---->Advancing Model from:    0  1  1  0  2  0   0
20231102 042429.259 INFO             PET3       ---------------------> to:    0  1  1  0  2 30   0
20231102 042429.259 INFO             PET3       MODEL: time step-loop ending,   current time:    0  1  1  0  2 30   0
20231102 042429.259 INFO             PET3       <<<MODEL: leaving Run (phase=RunPhase1) with current time:    0  1  1  0  2 30   0
20231102 042429.259 INFO             PET3     MODEL: Run extro.
20231102 042429.259 INFO             PET3   driver: end <--------- RunSequence
20231102 042429.259 INFO             PET3   <<<driver - leaving Run with current time:    0  1  1  0  2 30   0
20231102 042429.259 INFO             PET3 driver: Run extro.
20231102 042429.259 INFO             PET3 driver: Finalize intro.
20231102 042429.259 INFO             PET3   Calling Finalize phase 1 for modelComp: MODEL
20231102 042429.260 INFO             PET3   MODEL: Finalize intro.
20231102 042429.260 INFO             PET3     >>>MODEL: entered Finalize (phase=FinalizePhase1) with current time:    0  1  1  0  2 30   0
20231102 042429.260 INFO             PET3     <<<MODEL: leaving Finalize (phase=FinalizePhase1) with current time:    0  1  1  0  2 30   0
20231102 042429.260 INFO             PET3   MODEL: Finalize extro.
20231102 042429.260 INFO             PET3   Delete modelComp: MODEL
20231102 042429.260 INFO             PET3   Delete Import-/Export State for modelComp: MODEL
20231102 042429.260 INFO             PET3 driver: Finalize extro.
20231102 042429.260 INFO             PET3 mainApp FINISHED
20231102 042429.260 INFO             PET3  Finalizing ESMF
