2023-11-03 02:08:16
20231103 023317.915 INFO             PET0 !!!!!!!!!!!!!!!!!!!!!!!!!!!!!!!!!!!!!!!!!!!!!!!!!!!!!!
20231103 023317.915 INFO             PET0 !!! THE ESMF_LOG IS SET TO OUTPUT ALL LOG MESSAGES !!!
20231103 023317.915 INFO             PET0 !!!     THIS MAY CAUSE SLOWDOWN IN PERFORMANCE     !!!
20231103 023317.915 INFO             PET0 !!! FOR PRODUCTION RUNS, USE:                      !!!
20231103 023317.915 INFO             PET0 !!!                   ESMF_LOGKIND_Multi_On_Error  !!!
20231103 023317.915 INFO             PET0 !!!!!!!!!!!!!!!!!!!!!!!!!!!!!!!!!!!!!!!!!!!!!!!!!!!!!!
20231103 023317.915 INFO             PET0 Running with ESMF Version   : v8.7.0b00-3-gae6d46cf0b
20231103 023317.915 INFO             PET0 ESMF library build date/time: "Nov  3 2023" "02:06:40"
20231103 023317.915 INFO             PET0 ESMF library build location : /scratch/cluster/theurich/ESMF-Nightly-Testing/gfortran_9.3.0_mpiuni_O_develop/esmf
20231103 023317.915 INFO             PET0 ESMF_COMM                   : mpiuni
20231103 023317.915 INFO             PET0 ESMF_MOAB                   : enabled
20231103 023317.915 INFO             PET0 ESMF_LAPACK                 : enabled
20231103 023317.915 INFO             PET0 ESMF_NETCDF                 : enabled
20231103 023317.915 INFO             PET0 ESMF_PNETCDF                : disabled
20231103 023317.915 INFO             PET0 ESMF_PIO                    : disabled
20231103 023317.915 INFO             PET0 ESMF_YAMLCPP                : enabled
20231103 023317.977 DEBUG            PET0 about to destroy Grid: 0x11c0e70
20231103 023317.982 DEBUG            PET0 about to destroy Grid: 0x11c2440
20231103 023317.997 INFO             PET0  NUMBER_OF_PROCESSORS           1
20231103 023317.997 INFO             PET0  PASS  Example ESMF_NUOPCAtmModelEx, ESMF_NUOPCAtmModelEx.F90, line 806
20231103 023317.997 INFO             PET0  Finalizing ESMF
