2023-10-18 17:50:43
20231018 181911.562 INFO             PET0 !!!!!!!!!!!!!!!!!!!!!!!!!!!!!!!!!!!!!!!!!!!!!!!!!!!!!!
20231018 181911.563 INFO             PET0 !!! THE ESMF_LOG IS SET TO OUTPUT ALL LOG MESSAGES !!!
20231018 181911.563 INFO             PET0 !!!     THIS MAY CAUSE SLOWDOWN IN PERFORMANCE     !!!
20231018 181911.563 INFO             PET0 !!! FOR PRODUCTION RUNS, USE:                      !!!
20231018 181911.563 INFO             PET0 !!!                   ESMF_LOGKIND_Multi_On_Error  !!!
20231018 181911.563 INFO             PET0 !!!!!!!!!!!!!!!!!!!!!!!!!!!!!!!!!!!!!!!!!!!!!!!!!!!!!!
20231018 181911.563 INFO             PET0 Running with ESMF Version   : v8.6.0b09-20-g8d1ee58df9
20231018 181911.563 INFO             PET0 ESMF library build date/time: "Oct 18 2023" "17:48:54"
20231018 181911.563 INFO             PET0 ESMF library build location : /project/esmf/sacks/esmf-testing/gfortran_11.2.0_openmpi_g_feature_devList/esmf
20231018 181911.563 INFO             PET0 ESMF_COMM                   : openmpi
20231018 181911.563 INFO             PET0 ESMF_MOAB                   : enabled
20231018 181911.563 INFO             PET0 ESMF_LAPACK                 : enabled
20231018 181911.563 INFO             PET0 ESMF_NETCDF                 : enabled
20231018 181911.563 INFO             PET0 ESMF_PNETCDF                : disabled
20231018 181911.563 INFO             PET0 ESMF_PIO                    : enabled
20231018 181911.563 INFO             PET0 ESMF_YAMLCPP                : enabled
20231018 181911.648 DEBUG            PET0 about to destroy Grid: 0x7fd241815c00
20231018 181911.657 DEBUG            PET0 about to destroy Grid: 0x7fd241816800
20231018 181911.685 INFO             PET0  NUMBER_OF_PROCESSORS           4
20231018 181911.685 INFO             PET0  PASS  Example ESMF_NUOPCAtmModelEx, ESMF_NUOPCAtmModelEx.F90, line 806
20231018 181911.685 INFO             PET0  Finalizing ESMF
20231018 181911.562 INFO             PET1 !!!!!!!!!!!!!!!!!!!!!!!!!!!!!!!!!!!!!!!!!!!!!!!!!!!!!!
20231018 181911.563 INFO             PET1 !!! THE ESMF_LOG IS SET TO OUTPUT ALL LOG MESSAGES !!!
20231018 181911.563 INFO             PET1 !!!     THIS MAY CAUSE SLOWDOWN IN PERFORMANCE     !!!
20231018 181911.563 INFO             PET1 !!! FOR PRODUCTION RUNS, USE:                      !!!
20231018 181911.563 INFO             PET1 !!!                   ESMF_LOGKIND_Multi_On_Error  !!!
20231018 181911.563 INFO             PET1 !!!!!!!!!!!!!!!!!!!!!!!!!!!!!!!!!!!!!!!!!!!!!!!!!!!!!!
20231018 181911.563 INFO             PET1 Running with ESMF Version   : v8.6.0b09-20-g8d1ee58df9
20231018 181911.563 INFO             PET1 ESMF library build date/time: "Oct 18 2023" "17:48:54"
20231018 181911.563 INFO             PET1 ESMF library build location : /project/esmf/sacks/esmf-testing/gfortran_11.2.0_openmpi_g_feature_devList/esmf
20231018 181911.563 INFO             PET1 ESMF_COMM                   : openmpi
20231018 181911.563 INFO             PET1 ESMF_MOAB                   : enabled
20231018 181911.563 INFO             PET1 ESMF_LAPACK                 : enabled
20231018 181911.563 INFO             PET1 ESMF_NETCDF                 : enabled
20231018 181911.563 INFO             PET1 ESMF_PNETCDF                : disabled
20231018 181911.563 INFO             PET1 ESMF_PIO                    : enabled
20231018 181911.563 INFO             PET1 ESMF_YAMLCPP                : enabled
20231018 181911.648 DEBUG            PET1 about to destroy Grid: 0x7ff775036000
20231018 181911.657 DEBUG            PET1 about to destroy Grid: 0x7ff775036c00
20231018 181911.685 INFO             PET1  NUMBER_OF_PROCESSORS           4
20231018 181911.685 INFO             PET1  PASS  Example ESMF_NUOPCAtmModelEx, ESMF_NUOPCAtmModelEx.F90, line 806
20231018 181911.685 INFO             PET1  Finalizing ESMF
20231018 181911.562 INFO             PET2 !!!!!!!!!!!!!!!!!!!!!!!!!!!!!!!!!!!!!!!!!!!!!!!!!!!!!!
20231018 181911.563 INFO             PET2 !!! THE ESMF_LOG IS SET TO OUTPUT ALL LOG MESSAGES !!!
20231018 181911.563 INFO             PET2 !!!     THIS MAY CAUSE SLOWDOWN IN PERFORMANCE     !!!
20231018 181911.563 INFO             PET2 !!! FOR PRODUCTION RUNS, USE:                      !!!
20231018 181911.563 INFO             PET2 !!!                   ESMF_LOGKIND_Multi_On_Error  !!!
20231018 181911.563 INFO             PET2 !!!!!!!!!!!!!!!!!!!!!!!!!!!!!!!!!!!!!!!!!!!!!!!!!!!!!!
20231018 181911.563 INFO             PET2 Running with ESMF Version   : v8.6.0b09-20-g8d1ee58df9
20231018 181911.563 INFO             PET2 ESMF library build date/time: "Oct 18 2023" "17:48:54"
20231018 181911.563 INFO             PET2 ESMF library build location : /project/esmf/sacks/esmf-testing/gfortran_11.2.0_openmpi_g_feature_devList/esmf
20231018 181911.563 INFO             PET2 ESMF_COMM                   : openmpi
20231018 181911.563 INFO             PET2 ESMF_MOAB                   : enabled
20231018 181911.563 INFO             PET2 ESMF_LAPACK                 : enabled
20231018 181911.563 INFO             PET2 ESMF_NETCDF                 : enabled
20231018 181911.563 INFO             PET2 ESMF_PNETCDF                : disabled
20231018 181911.563 INFO             PET2 ESMF_PIO                    : enabled
20231018 181911.563 INFO             PET2 ESMF_YAMLCPP                : enabled
20231018 181911.648 DEBUG            PET2 about to destroy Grid: 0x7f77fe826600
20231018 181911.657 DEBUG            PET2 about to destroy Grid: 0x7f77fe827200
20231018 181911.685 INFO             PET2  NUMBER_OF_PROCESSORS           4
20231018 181911.685 INFO             PET2  PASS  Example ESMF_NUOPCAtmModelEx, ESMF_NUOPCAtmModelEx.F90, line 806
20231018 181911.685 INFO             PET2  Finalizing ESMF
20231018 181911.562 INFO             PET3 !!!!!!!!!!!!!!!!!!!!!!!!!!!!!!!!!!!!!!!!!!!!!!!!!!!!!!
20231018 181911.563 INFO             PET3 !!! THE ESMF_LOG IS SET TO OUTPUT ALL LOG MESSAGES !!!
20231018 181911.563 INFO             PET3 !!!     THIS MAY CAUSE SLOWDOWN IN PERFORMANCE     !!!
20231018 181911.563 INFO             PET3 !!! FOR PRODUCTION RUNS, USE:                      !!!
20231018 181911.563 INFO             PET3 !!!                   ESMF_LOGKIND_Multi_On_Error  !!!
20231018 181911.563 INFO             PET3 !!!!!!!!!!!!!!!!!!!!!!!!!!!!!!!!!!!!!!!!!!!!!!!!!!!!!!
20231018 181911.563 INFO             PET3 Running with ESMF Version   : v8.6.0b09-20-g8d1ee58df9
20231018 181911.563 INFO             PET3 ESMF library build date/time: "Oct 18 2023" "17:48:54"
20231018 181911.563 INFO             PET3 ESMF library build location : /project/esmf/sacks/esmf-testing/gfortran_11.2.0_openmpi_g_feature_devList/esmf
20231018 181911.563 INFO             PET3 ESMF_COMM                   : openmpi
20231018 181911.563 INFO             PET3 ESMF_MOAB                   : enabled
20231018 181911.563 INFO             PET3 ESMF_LAPACK                 : enabled
20231018 181911.563 INFO             PET3 ESMF_NETCDF                 : enabled
20231018 181911.563 INFO             PET3 ESMF_PNETCDF                : disabled
20231018 181911.563 INFO             PET3 ESMF_PIO                    : enabled
20231018 181911.563 INFO             PET3 ESMF_YAMLCPP                : enabled
20231018 181911.648 DEBUG            PET3 about to destroy Grid: 0x7f8f6680d800
20231018 181911.657 DEBUG            PET3 about to destroy Grid: 0x7f8f66813600
20231018 181911.685 INFO             PET3  NUMBER_OF_PROCESSORS           4
20231018 181911.685 INFO             PET3  PASS  Example ESMF_NUOPCAtmModelEx, ESMF_NUOPCAtmModelEx.F90, line 806
20231018 181911.685 INFO             PET3  Finalizing ESMF
