2023-10-22 02:53:53
20231022 032100.859 INFO             PET0 !!!!!!!!!!!!!!!!!!!!!!!!!!!!!!!!!!!!!!!!!!!!!!!!!!!!!!
20231022 032100.859 INFO             PET0 !!! THE ESMF_LOG IS SET TO OUTPUT ALL LOG MESSAGES !!!
20231022 032100.859 INFO             PET0 !!!     THIS MAY CAUSE SLOWDOWN IN PERFORMANCE     !!!
20231022 032100.859 INFO             PET0 !!! FOR PRODUCTION RUNS, USE:                      !!!
20231022 032100.859 INFO             PET0 !!!                   ESMF_LOGKIND_Multi_On_Error  !!!
20231022 032100.859 INFO             PET0 !!!!!!!!!!!!!!!!!!!!!!!!!!!!!!!!!!!!!!!!!!!!!!!!!!!!!!
20231022 032100.859 INFO             PET0 Running with ESMF Version   : v8.6.0b10-15-g69098dfbff
20231022 032100.859 INFO             PET0 ESMF library build date/time: "Oct 22 2023" "02:52:38"
20231022 032100.859 INFO             PET0 ESMF library build location : /glade/derecho/scratch/theurich/ESMF-Nightly-Testing/intel_2023.0.0-classic_mpi_O_develop/esmf
20231022 032100.859 INFO             PET0 ESMF_COMM                   : mpi
20231022 032100.861 INFO             PET0 ESMF_MOAB                   : enabled
20231022 032100.861 INFO             PET0 ESMF_LAPACK                 : enabled
20231022 032100.861 INFO             PET0 ESMF_NETCDF                 : enabled
20231022 032100.861 INFO             PET0 ESMF_PNETCDF                : disabled
20231022 032100.861 INFO             PET0 ESMF_PIO                    : enabled
20231022 032100.861 INFO             PET0 ESMF_YAMLCPP                : enabled
20231022 032100.861 INFO             PET0 mainApp STARTING
20231022 032100.863 INFO             PET0 driver: InitializeGeneric intro.
20231022 032100.863 INFO             PET0   driver: InitializeP0 intro.
20231022 032100.863 INFO             PET0   driver: InitializeP0 extro.
20231022 032100.863 INFO             PET0   driver: InitializeIPDv02p1 intro.
20231022 032100.863 INFO             PET0     >>>driver: entered Initialize (phase=<none>) without valid internal Clock.
20231022 032100.863 INFO             PET0     driver - Creating model component MODEL without petList.
20231022 032100.863 DEBUG            PET0     Generic SetVM() is executing for: MODEL
20231022 032100.863 DEBUG            PET0     Generic SetVM() is calling ESMF_GridCompSetVMMaxPEs() for: MODEL with:
20231022 032100.863 DEBUG            PET0      -             MaxCount =          2
20231022 032100.863 DEBUG            PET0      -       OpenMpHandling =
20231022 032100.863 DEBUG            PET0      -     OpenMpNumThreads =         -1
20231022 032100.863 DEBUG            PET0      -   ForceChildPthreads =          F
20231022 032100.863 DEBUG            PET0      -  PthreadMinStackSize =         -1
20231022 032100.864 INFO             PET0      GridCompIsPetLocal:  T
20231022 032100.864 INFO             PET0      VmIsCreated:  T
20231022 032100.864 INFO             PET0      valid MPI_COMM with size=           2
20231022 032100.865 INFO             PET0     driver - Creating state: modelComp 1 Import State
20231022 032100.865 INFO             PET0     driver - Creating state: modelComp 1 Export State
20231022 032100.865 INFO             PET0     MODEL: InitializeP0 intro.
20231022 032100.865 INFO             PET0       >>>MODEL: entered Initialize (phase=<none>) without valid internal Clock.
20231022 032100.865 INFO             PET0       <<<MODEL: leaving Initialize (phase=<none>) without valid internal Clock.
20231022 032100.865 INFO             PET0     MODEL: InitializeP0 extro.
20231022 032100.866 INFO             PET0     driver: IInitAdvertise intro.
20231022 032100.866 INFO             PET0     driver: IInitAdvertise extro.
20231022 032100.866 INFO             PET0     MODEL: InitializeIPDvXp01 intro.
20231022 032100.866 INFO             PET0       >>>MODEL: entered Initialize (phase=IPDvXp01) without valid internal Clock.
20231022 032100.867 INFO             PET0       <<<MODEL: leaving Initialize (phase=IPDvXp01) without valid internal Clock.
20231022 032100.867 INFO             PET0     MODEL: InitializeIPDvXp01 extro.
20231022 032100.867 INFO             PET0     driver: IInitAdvertiseFinish intro.
20231022 032100.867 INFO             PET0     driver: IInitAdvertiseFinish extro.
20231022 032100.867 INFO             PET0     driver: IInitModifyCplLists intro.
20231022 032100.867 INFO             PET0     driver: IInitModifyCplLists extro.
20231022 032100.867 INFO             PET0     <<<driver: leaving Initialize (phase=<none>) with current time:    0  1  1  0  0  0   0
20231022 032100.867 INFO             PET0   driver: InitializeIPDv02p1 extro.
20231022 032100.867 INFO             PET0   driver: InitializeIPDv02p3 intro.
20231022 032100.867 INFO             PET0     >>>driver: entered Initialize (phase=<none>) with current time:    0  1  1  0  0  0   0
20231022 032100.867 INFO             PET0     driver: IInitCheck intro.
20231022 032100.867 INFO             PET0     driver: IInitCheck extro.
20231022 032100.867 INFO             PET0     MODEL: InitializeIPDvXp04 intro.
20231022 032100.867 INFO             PET0       >>>MODEL: entered Initialize (phase=IPDvXp04) without valid internal Clock.
20231022 032100.869 INFO             PET0       After Realize: - MemInfo: [/proc/meminfo - SSI]	MemTotal:       263484604 kB
20231022 032100.869 INFO             PET0       After Realize: - MemInfo: [/proc/meminfo - SSI]	MemFree:        241014956 kB
20231022 032100.869 INFO             PET0       After Realize: - MemInfo: [/proc/meminfo - SSI]	MemAvailable:   242812044 kB
20231022 032100.869 INFO             PET0       After Realize: - MemInfo: [/proc/meminfo - SSI]	Committed_AS:   11842708 kB
20231022 032100.869 INFO             PET0       After Realize: - MemInfo: [/proc/meminfo - SSI]	CommittedPercent: 4.49465 %
20231022 032100.869 INFO             PET0       After Realize: - MemInfo: [/proc/self/status]	VmPeak:	  589828 kB
20231022 032100.869 INFO             PET0       After Realize: - MemInfo: [/proc/self/status]	VmSize:	  524320 kB
20231022 032100.869 INFO             PET0       After Realize: - MemInfo: [/proc/self/status]	VmLck:	       0 kB
20231022 032100.869 INFO             PET0       After Realize: - MemInfo: [/proc/self/status]	VmPin:	       0 kB
20231022 032100.869 INFO             PET0       After Realize: - MemInfo: [/proc/self/status]	VmHWM:	  158528 kB
20231022 032100.869 INFO             PET0       After Realize: - MemInfo: [/proc/self/status]	VmRSS:	  158528 kB
20231022 032100.869 INFO             PET0       After Realize: - MemInfo: [/proc/self/status]	VmData:	  218676 kB
20231022 032100.869 INFO             PET0       After Realize: - MemInfo: [/proc/self/status]	VmStk:	     176 kB
20231022 032100.869 INFO             PET0       After Realize: - MemInfo: [/proc/self/status]	VmExe:	    1644 kB
20231022 032100.869 INFO             PET0       After Realize: - MemInfo: [/proc/self/status]	VmLib:	  122460 kB
20231022 032100.869 INFO             PET0       After Realize: - MemInfo: [/proc/self/status]	VmPTE:	     680 kB
20231022 032100.869 INFO             PET0       After Realize: - MemInfo: [/proc/self/status]	VmSwap:	       0 kB
20231022 032100.869 INFO             PET0       After Realize: - MemInfo: [/proc/self/status]	VmRSSPercent: 0.0601659 %
20231022 032100.869 INFO             PET0       After Realize: - MemInfo: [malloc] Non-mmapped space allocated:                 1282048 Byte
20231022 032100.869 INFO             PET0       After Realize: - MemInfo: [malloc] Space allocated in mmapped regions:        126668800 Byte
20231022 032100.869 INFO             PET0       After Realize: - MemInfo: [malloc] Maximum total allocated space:                     0 Byte
20231022 032100.869 INFO             PET0       After Realize: - MemInfo: [malloc] Space in freed fastbin blocks:                   160 Byte
20231022 032100.869 INFO             PET0       After Realize: - MemInfo: [malloc] Total allocated space:                       1108608 Byte
20231022 032100.869 INFO             PET0       After Realize: - MemInfo: [malloc] Total free space:                             173440 Byte
20231022 032100.869 INFO             PET0       After Realize: - MemInfo: [malloc] Top-most, releasable space:                    41056 Byte
20231022 032100.869 INFO             PET0       After Realize: - MemInfo: [malloc] Total space in use, mmap + non-mmap:       127777408 Byte
20231022 032100.869 INFO             PET0       After Realize: - MemInfo: [malloc] Total space held (mmap + non-mmap):        127950848 Byte
20231022 032100.869 INFO             PET0       After Realize: - MemInfo: [malloc] Total space used (mmap + non-mmap):        127785616 Byte
20231022 032100.869 INFO             PET0       After Realize: - MemInfo: Wall-clock time since execution start:              0.0129222 seconds
20231022 032100.869 INFO             PET0       <<<MODEL: leaving Initialize (phase=IPDvXp04) without valid internal Clock.
20231022 032100.869 INFO             PET0     MODEL: InitializeIPDvXp04 extro.
20231022 032100.869 INFO             PET0     driver: IInitRealize intro.
20231022 032100.869 INFO             PET0     driver: IInitRealize extro.
20231022 032100.869 INFO             PET0     MODEL: InitializeIPDvXp07 intro.
20231022 032100.869 INFO             PET0       >>>MODEL: entered Initialize (phase=IPDvXp07) without valid internal Clock.
20231022 032100.869 INFO             PET0       <<<MODEL: leaving Initialize (phase=IPDvXp07) with current time:    0  1  1  0  0  0   0
20231022 032100.869 INFO             PET0     MODEL: InitializeIPDvXp07 extro.
20231022 032100.869 INFO             PET0     <<<driver: leaving Initialize (phase=<none>) with current time:    0  1  1  0  0  0   0
20231022 032100.869 INFO             PET0   driver: InitializeIPDv02p3 extro.
20231022 032100.869 INFO             PET0   driver: InitializeIPDv02p5 intro.
20231022 032100.869 INFO             PET0     >>>driver: entered Initialize (phase=<none>) with current time:    0  1  1  0  0  0   0
20231022 032100.869 INFO             PET0     driver: this is a top level driver, no 'Updated' and 'InitializeDataComplete' info on this level.
20231022 032100.869 INFO             PET0     driver: InitializeIPDv02p5Data intro.
20231022 032100.869 INFO             PET0       driver: InternalInitializeComplete intro.
20231022 032100.869 INFO             PET0         driver: InitializeDataComplete='true'
20231022 032100.869 INFO             PET0       driver: InternalInitializeComplete extro.
20231022 032100.870 INFO             PET0       MODEL: InitializeIPDvXp08 intro.
20231022 032100.870 INFO             PET0         >>>MODEL: entered Initialize (phase=IPDv05p8) with current time:    0  1  1  0  0  0   0
20231022 032100.870 INFO             PET0         MODEL: InitializeDataProgress='false', InitializeDataComplete='false'
20231022 032100.870 INFO             PET0         <<<MODEL: leaving Initialize (phase=IPDv05p8) with current time:    0  1  1  0  0  0   0
20231022 032100.870 INFO             PET0       MODEL: InitializeIPDvXp08 extro.
20231022 032100.870 INFO             PET0       driver: components present that trigger loopDataDependentInitialize().
20231022 032100.870 INFO             PET0       driver: loopDataDependentInitialize intro.
20231022 032100.870 INFO             PET0         driver: component    0=driver, dataComplete (local): true
20231022 032100.870 INFO             PET0         driver: component    0=driver, dataComplete (global):  T
20231022 032100.870 INFO             PET0         driver: component    1=MODEL, dataComplete (local): false
20231022 032100.870 INFO             PET0         driver: component    1=MODEL, dataComplete (global):  F
20231022 032100.870 INFO             PET0         MODEL: InitializeIPDvXp08 intro.
20231022 032100.870 INFO             PET0           >>>MODEL: entered Initialize (phase=IPDv05p8) with current time:    0  1  1  0  0  0   0
20231022 032100.870 INFO             PET0           MODEL: InitializeDataProgress='true', InitializeDataComplete='true'
20231022 032100.870 INFO             PET0           <<<MODEL: leaving Initialize (phase=IPDv05p8) with current time:    0  1  1  0  0  0   0
20231022 032100.870 INFO             PET0         MODEL: InitializeIPDvXp08 extro.
20231022 032100.870 INFO             PET0         driver: component    1=MODEL, someProgress (local): true
20231022 032100.870 INFO             PET0         driver: component    1=MODEL, someProgress (global):  T
20231022 032100.870 INFO             PET0         driver: someProgress= T, allComplete= F, present(dataDepAllComplete)= T
20231022 032100.870 INFO             PET0         driver: component    0=driver, dataComplete (local): true
20231022 032100.870 INFO             PET0         driver: component    0=driver, dataComplete (global):  T
20231022 032100.870 INFO             PET0         driver: component    1=MODEL, dataComplete (local): true
20231022 032100.870 INFO             PET0         driver: component    1=MODEL, dataComplete (global):  T
20231022 032100.871 INFO             PET0         driver: someProgress= F, allComplete= T, present(dataDepAllComplete)= T
20231022 032100.871 INFO             PET0         driver: finished resolving initialize data dependencies on this level.
20231022 032100.871 INFO             PET0       driver: loopDataDependentInitialize extro.
20231022 032100.871 INFO             PET0       driver: loopDataDependentInitialize() returned with dataDepAllComplete:  T
20231022 032100.871 INFO             PET0     driver: InitializeIPDv02p5Data extro.
20231022 032100.871 INFO             PET0     <<<driver: leaving Initialize (phase=<none>) with current time:    0  1  1  0  0  0   0
20231022 032100.871 INFO             PET0   driver: InitializeIPDv02p5 extro.
20231022 032100.871 INFO             PET0 driver: InitializeGeneric extro.
20231022 032100.871 INFO             PET0 driver: Run intro.
20231022 032100.871 INFO             PET0   >>>driver entered Run (phase=RunPhase1) with current time:    0  1  1  0  0  0   0
20231022 032100.871 INFO             PET0   driver: after lable_SetRunClock, current time:    0  1  1  0  0  0   0
20231022 032100.871 INFO             PET0   driver: begin -------> RunSequence.
20231022 032100.871 INFO             PET0     driver: RunSequence event loopLevel=   1  levelMember=   1  loopIteration=   1, current time:    0  1  1  0  0  0   0
20231022 032100.871 INFO             PET0     MODEL: Run intro.
20231022 032100.871 INFO             PET0       >>>MODEL: entered Run (phase=RunPhase1) with current time:    0  1  1  0  0  0   0
20231022 032100.871 INFO             PET0       MODEL: time step-loop starting, current time:    0  1  1  0  0  0   0
20231022 032100.871 INFO             PET0       thread_num=   1   currentSsiPe=   1   num_threads=   2   max_threads=   2   num_procs=   2
20231022 032100.871 INFO             PET0       thread_num=   0   currentSsiPe=   0   num_threads=   2   max_threads=   2   num_procs=   2
20231022 032100.871 INFO             PET0       ---->Advancing Model from:    0  1  1  0  0  0   0
20231022 032100.871 INFO             PET0       ---------------------> to:    0  1  1  0  0 30   0
20231022 032100.871 INFO             PET0       MODEL: time step-loop ending,   current time:    0  1  1  0  0 30   0
20231022 032100.871 INFO             PET0       <<<MODEL: leaving Run (phase=RunPhase1) with current time:    0  1  1  0  0 30   0
20231022 032100.871 INFO             PET0     MODEL: Run extro.
20231022 032100.871 INFO             PET0     driver: RunSequence event loopLevel=   1  levelMember=   1  loopIteration=   2, current time:    0  1  1  0  0 30   0
20231022 032100.871 INFO             PET0     MODEL: Run intro.
20231022 032100.871 INFO             PET0       >>>MODEL: entered Run (phase=RunPhase1) with current time:    0  1  1  0  0 30   0
20231022 032100.871 INFO             PET0       MODEL: time step-loop starting, current time:    0  1  1  0  0 30   0
20231022 032100.871 INFO             PET0       thread_num=   1   currentSsiPe=   1   num_threads=   2   max_threads=   2   num_procs=   2
20231022 032100.871 INFO             PET0       thread_num=   0   currentSsiPe=   0   num_threads=   2   max_threads=   2   num_procs=   2
20231022 032100.871 INFO             PET0       ---->Advancing Model from:    0  1  1  0  0 30   0
20231022 032100.871 INFO             PET0       ---------------------> to:    0  1  1  0  1  0   0
20231022 032100.871 INFO             PET0       MODEL: time step-loop ending,   current time:    0  1  1  0  1  0   0
20231022 032100.871 INFO             PET0       <<<MODEL: leaving Run (phase=RunPhase1) with current time:    0  1  1  0  1  0   0
20231022 032100.871 INFO             PET0     MODEL: Run extro.
20231022 032100.871 INFO             PET0     driver: RunSequence event loopLevel=   1  levelMember=   1  loopIteration=   3, current time:    0  1  1  0  1  0   0
20231022 032100.871 INFO             PET0     MODEL: Run intro.
20231022 032100.871 INFO             PET0       >>>MODEL: entered Run (phase=RunPhase1) with current time:    0  1  1  0  1  0   0
20231022 032100.871 INFO             PET0       MODEL: time step-loop starting, current time:    0  1  1  0  1  0   0
20231022 032100.871 INFO             PET0       thread_num=   1   currentSsiPe=   1   num_threads=   2   max_threads=   2   num_procs=   2
20231022 032100.871 INFO             PET0       thread_num=   0   currentSsiPe=   0   num_threads=   2   max_threads=   2   num_procs=   2
20231022 032100.871 INFO             PET0       ---->Advancing Model from:    0  1  1  0  1  0   0
20231022 032100.871 INFO             PET0       ---------------------> to:    0  1  1  0  1 30   0
20231022 032100.871 INFO             PET0       MODEL: time step-loop ending,   current time:    0  1  1  0  1 30   0
20231022 032100.871 INFO             PET0       <<<MODEL: leaving Run (phase=RunPhase1) with current time:    0  1  1  0  1 30   0
20231022 032100.871 INFO             PET0     MODEL: Run extro.
20231022 032100.871 INFO             PET0     driver: RunSequence event loopLevel=   1  levelMember=   1  loopIteration=   4, current time:    0  1  1  0  1 30   0
20231022 032100.871 INFO             PET0     MODEL: Run intro.
20231022 032100.872 INFO             PET0       >>>MODEL: entered Run (phase=RunPhase1) with current time:    0  1  1  0  1 30   0
20231022 032100.872 INFO             PET0       MODEL: time step-loop starting, current time:    0  1  1  0  1 30   0
20231022 032100.872 INFO             PET0       thread_num=   1   currentSsiPe=   1   num_threads=   2   max_threads=   2   num_procs=   2
20231022 032100.872 INFO             PET0       thread_num=   0   currentSsiPe=   0   num_threads=   2   max_threads=   2   num_procs=   2
20231022 032100.872 INFO             PET0       ---->Advancing Model from:    0  1  1  0  1 30   0
20231022 032100.872 INFO             PET0       ---------------------> to:    0  1  1  0  2  0   0
20231022 032100.872 INFO             PET0       MODEL: time step-loop ending,   current time:    0  1  1  0  2  0   0
20231022 032100.872 INFO             PET0       <<<MODEL: leaving Run (phase=RunPhase1) with current time:    0  1  1  0  2  0   0
20231022 032100.872 INFO             PET0     MODEL: Run extro.
20231022 032100.872 INFO             PET0     driver: RunSequence event loopLevel=   1  levelMember=   1  loopIteration=   5, current time:    0  1  1  0  2  0   0
20231022 032100.872 INFO             PET0     MODEL: Run intro.
20231022 032100.872 INFO             PET0       >>>MODEL: entered Run (phase=RunPhase1) with current time:    0  1  1  0  2  0   0
20231022 032100.872 INFO             PET0       MODEL: time step-loop starting, current time:    0  1  1  0  2  0   0
20231022 032100.872 INFO             PET0       thread_num=   1   currentSsiPe=   1   num_threads=   2   max_threads=   2   num_procs=   2
20231022 032100.872 INFO             PET0       thread_num=   0   currentSsiPe=   0   num_threads=   2   max_threads=   2   num_procs=   2
20231022 032100.872 INFO             PET0       ---->Advancing Model from:    0  1  1  0  2  0   0
20231022 032100.872 INFO             PET0       ---------------------> to:    0  1  1  0  2 30   0
20231022 032100.872 INFO             PET0       MODEL: time step-loop ending,   current time:    0  1  1  0  2 30   0
20231022 032100.872 INFO             PET0       <<<MODEL: leaving Run (phase=RunPhase1) with current time:    0  1  1  0  2 30   0
20231022 032100.872 INFO             PET0     MODEL: Run extro.
20231022 032100.872 INFO             PET0   driver: end <--------- RunSequence
20231022 032100.872 INFO             PET0   <<<driver - leaving Run with current time:    0  1  1  0  2 30   0
20231022 032100.872 INFO             PET0 driver: Run extro.
20231022 032100.872 INFO             PET0 driver: Finalize intro.
20231022 032100.872 INFO             PET0   Calling Finalize phase 1 for modelComp: MODEL
20231022 032100.872 INFO             PET0   MODEL: Finalize intro.
20231022 032100.872 INFO             PET0     >>>MODEL: entered Finalize (phase=FinalizePhase1) with current time:    0  1  1  0  2 30   0
20231022 032100.872 INFO             PET0     <<<MODEL: leaving Finalize (phase=FinalizePhase1) with current time:    0  1  1  0  2 30   0
20231022 032100.872 INFO             PET0   MODEL: Finalize extro.
20231022 032100.872 INFO             PET0   Delete modelComp: MODEL
20231022 032100.872 INFO             PET0   Delete Import-/Export State for modelComp: MODEL
20231022 032100.872 INFO             PET0 driver: Finalize extro.
20231022 032100.872 INFO             PET0 mainApp FINISHED
20231022 032100.872 INFO             PET0  Finalizing ESMF
20231022 032100.859 INFO             PET1 !!!!!!!!!!!!!!!!!!!!!!!!!!!!!!!!!!!!!!!!!!!!!!!!!!!!!!
20231022 032100.859 INFO             PET1 !!! THE ESMF_LOG IS SET TO OUTPUT ALL LOG MESSAGES !!!
20231022 032100.859 INFO             PET1 !!!     THIS MAY CAUSE SLOWDOWN IN PERFORMANCE     !!!
20231022 032100.859 INFO             PET1 !!! FOR PRODUCTION RUNS, USE:                      !!!
20231022 032100.859 INFO             PET1 !!!                   ESMF_LOGKIND_Multi_On_Error  !!!
20231022 032100.859 INFO             PET1 !!!!!!!!!!!!!!!!!!!!!!!!!!!!!!!!!!!!!!!!!!!!!!!!!!!!!!
20231022 032100.859 INFO             PET1 Running with ESMF Version   : v8.6.0b10-15-g69098dfbff
20231022 032100.859 INFO             PET1 ESMF library build date/time: "Oct 22 2023" "02:52:38"
20231022 032100.859 INFO             PET1 ESMF library build location : /glade/derecho/scratch/theurich/ESMF-Nightly-Testing/intel_2023.0.0-classic_mpi_O_develop/esmf
20231022 032100.859 INFO             PET1 ESMF_COMM                   : mpi
20231022 032100.860 INFO             PET1 ESMF_MOAB                   : enabled
20231022 032100.860 INFO             PET1 ESMF_LAPACK                 : enabled
20231022 032100.860 INFO             PET1 ESMF_NETCDF                 : enabled
20231022 032100.860 INFO             PET1 ESMF_PNETCDF                : disabled
20231022 032100.860 INFO             PET1 ESMF_PIO                    : enabled
20231022 032100.860 INFO             PET1 ESMF_YAMLCPP                : enabled
20231022 032100.861 INFO             PET1 mainApp STARTING
20231022 032100.863 INFO             PET1 driver: InitializeGeneric intro.
20231022 032100.863 INFO             PET1   driver: InitializeP0 intro.
20231022 032100.863 INFO             PET1   driver: InitializeP0 extro.
20231022 032100.863 INFO             PET1   driver: InitializeIPDv02p1 intro.
20231022 032100.863 INFO             PET1     >>>driver: entered Initialize (phase=<none>) without valid internal Clock.
20231022 032100.863 INFO             PET1     driver - Creating model component MODEL without petList.
20231022 032100.863 DEBUG            PET1     Generic SetVM() is executing for: MODEL
20231022 032100.863 DEBUG            PET1     Generic SetVM() is calling ESMF_GridCompSetVMMaxPEs() for: MODEL with:
20231022 032100.863 DEBUG            PET1      -             MaxCount =          2
20231022 032100.863 DEBUG            PET1      -       OpenMpHandling =
20231022 032100.863 DEBUG            PET1      -     OpenMpNumThreads =         -1
20231022 032100.863 DEBUG            PET1      -   ForceChildPthreads =          F
20231022 032100.863 DEBUG            PET1      -  PthreadMinStackSize =         -1
20231022 032100.863 DEBUG            PET1     vmkt_create()#218 Pthread: service=1 (0: actual PET, 1: service thread) - PTHREAD_STACK_MIN: 16384 bytes stack_size: 4194304 bytes
20231022 032100.863 DEBUG            PET1     vmkt_create()#218 Pthread: service=1 (0: actual PET, 1: service thread) - PTHREAD_STACK_MIN: 16384 bytes stack_size: 4194304 bytes
20231022 032100.864 INFO             PET1      GridCompIsPetLocal:  T
20231022 032100.864 INFO             PET1      VmIsCreated:  T
20231022 032100.864 INFO             PET1      MPI_COMM_NULL
20231022 032100.865 INFO             PET1     driver - Creating state: modelComp 1 Import State
20231022 032100.865 INFO             PET1     driver - Creating state: modelComp 1 Export State
20231022 032100.866 INFO             PET1     driver: IInitAdvertise intro.
20231022 032100.866 INFO             PET1     driver: IInitAdvertise extro.
20231022 032100.867 INFO             PET1     driver: IInitAdvertiseFinish intro.
20231022 032100.867 INFO             PET1     driver: IInitAdvertiseFinish extro.
20231022 032100.867 INFO             PET1     driver: IInitModifyCplLists intro.
20231022 032100.867 INFO             PET1     driver: IInitModifyCplLists extro.
20231022 032100.867 INFO             PET1     <<<driver: leaving Initialize (phase=<none>) with current time:    0  1  1  0  0  0   0
20231022 032100.867 INFO             PET1   driver: InitializeIPDv02p1 extro.
20231022 032100.867 INFO             PET1   driver: InitializeIPDv02p3 intro.
20231022 032100.867 INFO             PET1     >>>driver: entered Initialize (phase=<none>) with current time:    0  1  1  0  0  0   0
20231022 032100.867 INFO             PET1     driver: IInitCheck intro.
20231022 032100.867 INFO             PET1     driver: IInitCheck extro.
20231022 032100.869 INFO             PET1     driver: IInitRealize intro.
20231022 032100.869 INFO             PET1     driver: IInitRealize extro.
20231022 032100.869 INFO             PET1     <<<driver: leaving Initialize (phase=<none>) with current time:    0  1  1  0  0  0   0
20231022 032100.869 INFO             PET1   driver: InitializeIPDv02p3 extro.
20231022 032100.869 INFO             PET1   driver: InitializeIPDv02p5 intro.
20231022 032100.869 INFO             PET1     >>>driver: entered Initialize (phase=<none>) with current time:    0  1  1  0  0  0   0
20231022 032100.869 INFO             PET1     driver: this is a top level driver, no 'Updated' and 'InitializeDataComplete' info on this level.
20231022 032100.869 INFO             PET1     driver: InitializeIPDv02p5Data intro.
20231022 032100.869 INFO             PET1       driver: InternalInitializeComplete intro.
20231022 032100.869 INFO             PET1         driver: InitializeDataComplete='true'
20231022 032100.870 INFO             PET1       driver: InternalInitializeComplete extro.
20231022 032100.870 INFO             PET1       driver: components present that trigger loopDataDependentInitialize().
20231022 032100.870 INFO             PET1       driver: loopDataDependentInitialize intro.
20231022 032100.870 INFO             PET1         driver: component    0=driver, dataComplete (local): true
20231022 032100.870 INFO             PET1         driver: component    0=driver, dataComplete (global):  T
20231022 032100.870 INFO             PET1         driver: component    1=MODEL, dataComplete (local): false
20231022 032100.870 INFO             PET1         driver: component    1=MODEL, dataComplete (global):  F
20231022 032100.870 INFO             PET1         driver: component    1=MODEL, someProgress (local): true
20231022 032100.870 INFO             PET1         driver: component    1=MODEL, someProgress (global):  T
20231022 032100.870 INFO             PET1         driver: someProgress= T, allComplete= F, present(dataDepAllComplete)= T
20231022 032100.870 INFO             PET1         driver: component    0=driver, dataComplete (local): true
20231022 032100.870 INFO             PET1         driver: component    0=driver, dataComplete (global):  T
20231022 032100.870 INFO             PET1         driver: component    1=MODEL, dataComplete (local): true
20231022 032100.870 INFO             PET1         driver: component    1=MODEL, dataComplete (global):  T
20231022 032100.870 INFO             PET1         driver: someProgress= F, allComplete= T, present(dataDepAllComplete)= T
20231022 032100.870 INFO             PET1         driver: finished resolving initialize data dependencies on this level.
20231022 032100.870 INFO             PET1       driver: loopDataDependentInitialize extro.
20231022 032100.871 INFO             PET1       driver: loopDataDependentInitialize() returned with dataDepAllComplete:  T
20231022 032100.871 INFO             PET1     driver: InitializeIPDv02p5Data extro.
20231022 032100.871 INFO             PET1     <<<driver: leaving Initialize (phase=<none>) with current time:    0  1  1  0  0  0   0
20231022 032100.871 INFO             PET1   driver: InitializeIPDv02p5 extro.
20231022 032100.871 INFO             PET1 driver: InitializeGeneric extro.
20231022 032100.871 INFO             PET1 driver: Run intro.
20231022 032100.871 INFO             PET1   >>>driver entered Run (phase=RunPhase1) with current time:    0  1  1  0  0  0   0
20231022 032100.871 INFO             PET1   driver: after lable_SetRunClock, current time:    0  1  1  0  0  0   0
20231022 032100.871 INFO             PET1   driver: begin -------> RunSequence.
20231022 032100.871 INFO             PET1     driver: RunSequence event loopLevel=   1  levelMember=   1  loopIteration=   1, current time:    0  1  1  0  0  0   0
20231022 032100.871 INFO             PET1     driver: RunSequence event loopLevel=   1  levelMember=   1  loopIteration=   2, current time:    0  1  1  0  0 30   0
20231022 032100.871 INFO             PET1     driver: RunSequence event loopLevel=   1  levelMember=   1  loopIteration=   3, current time:    0  1  1  0  1  0   0
20231022 032100.871 INFO             PET1     driver: RunSequence event loopLevel=   1  levelMember=   1  loopIteration=   4, current time:    0  1  1  0  1 30   0
20231022 032100.872 INFO             PET1     driver: RunSequence event loopLevel=   1  levelMember=   1  loopIteration=   5, current time:    0  1  1  0  2  0   0
20231022 032100.872 INFO             PET1   driver: end <--------- RunSequence
20231022 032100.872 INFO             PET1   <<<driver - leaving Run with current time:    0  1  1  0  2 30   0
20231022 032100.872 INFO             PET1 driver: Run extro.
20231022 032100.872 INFO             PET1 driver: Finalize intro.
20231022 032100.872 INFO             PET1   Calling Finalize phase 1 for modelComp: MODEL
20231022 032100.872 INFO             PET1   Delete modelComp: MODEL
20231022 032100.872 INFO             PET1   Delete Import-/Export State for modelComp: MODEL
20231022 032100.872 INFO             PET1 driver: Finalize extro.
20231022 032100.872 INFO             PET1 mainApp FINISHED
20231022 032100.872 INFO             PET1  Finalizing ESMF
20231022 032100.859 INFO             PET2 !!!!!!!!!!!!!!!!!!!!!!!!!!!!!!!!!!!!!!!!!!!!!!!!!!!!!!
20231022 032100.859 INFO             PET2 !!! THE ESMF_LOG IS SET TO OUTPUT ALL LOG MESSAGES !!!
20231022 032100.859 INFO             PET2 !!!     THIS MAY CAUSE SLOWDOWN IN PERFORMANCE     !!!
20231022 032100.859 INFO             PET2 !!! FOR PRODUCTION RUNS, USE:                      !!!
20231022 032100.859 INFO             PET2 !!!                   ESMF_LOGKIND_Multi_On_Error  !!!
20231022 032100.859 INFO             PET2 !!!!!!!!!!!!!!!!!!!!!!!!!!!!!!!!!!!!!!!!!!!!!!!!!!!!!!
20231022 032100.859 INFO             PET2 Running with ESMF Version   : v8.6.0b10-15-g69098dfbff
20231022 032100.859 INFO             PET2 ESMF library build date/time: "Oct 22 2023" "02:52:38"
20231022 032100.859 INFO             PET2 ESMF library build location : /glade/derecho/scratch/theurich/ESMF-Nightly-Testing/intel_2023.0.0-classic_mpi_O_develop/esmf
20231022 032100.859 INFO             PET2 ESMF_COMM                   : mpi
20231022 032100.860 INFO             PET2 ESMF_MOAB                   : enabled
20231022 032100.860 INFO             PET2 ESMF_LAPACK                 : enabled
20231022 032100.860 INFO             PET2 ESMF_NETCDF                 : enabled
20231022 032100.860 INFO             PET2 ESMF_PNETCDF                : disabled
20231022 032100.860 INFO             PET2 ESMF_PIO                    : enabled
20231022 032100.860 INFO             PET2 ESMF_YAMLCPP                : enabled
20231022 032100.861 INFO             PET2 mainApp STARTING
20231022 032100.863 INFO             PET2 driver: InitializeGeneric intro.
20231022 032100.863 INFO             PET2   driver: InitializeP0 intro.
20231022 032100.863 INFO             PET2   driver: InitializeP0 extro.
20231022 032100.863 INFO             PET2   driver: InitializeIPDv02p1 intro.
20231022 032100.863 INFO             PET2     >>>driver: entered Initialize (phase=<none>) without valid internal Clock.
20231022 032100.863 INFO             PET2     driver - Creating model component MODEL without petList.
20231022 032100.863 DEBUG            PET2     Generic SetVM() is executing for: MODEL
20231022 032100.863 DEBUG            PET2     Generic SetVM() is calling ESMF_GridCompSetVMMaxPEs() for: MODEL with:
20231022 032100.863 DEBUG            PET2      -             MaxCount =          2
20231022 032100.863 DEBUG            PET2      -       OpenMpHandling =
20231022 032100.863 DEBUG            PET2      -     OpenMpNumThreads =         -1
20231022 032100.863 DEBUG            PET2      -   ForceChildPthreads =          F
20231022 032100.863 DEBUG            PET2      -  PthreadMinStackSize =         -1
20231022 032100.864 INFO             PET2      GridCompIsPetLocal:  T
20231022 032100.864 INFO             PET2      VmIsCreated:  T
20231022 032100.864 INFO             PET2      valid MPI_COMM with size=           2
20231022 032100.865 INFO             PET2     driver - Creating state: modelComp 1 Import State
20231022 032100.865 INFO             PET2     driver - Creating state: modelComp 1 Export State
20231022 032100.865 INFO             PET2     MODEL: InitializeP0 intro.
20231022 032100.865 INFO             PET2       >>>MODEL: entered Initialize (phase=<none>) without valid internal Clock.
20231022 032100.865 INFO             PET2       <<<MODEL: leaving Initialize (phase=<none>) without valid internal Clock.
20231022 032100.865 INFO             PET2     MODEL: InitializeP0 extro.
20231022 032100.866 INFO             PET2     driver: IInitAdvertise intro.
20231022 032100.866 INFO             PET2     driver: IInitAdvertise extro.
20231022 032100.866 INFO             PET2     MODEL: InitializeIPDvXp01 intro.
20231022 032100.866 INFO             PET2       >>>MODEL: entered Initialize (phase=IPDvXp01) without valid internal Clock.
20231022 032100.867 INFO             PET2       <<<MODEL: leaving Initialize (phase=IPDvXp01) without valid internal Clock.
20231022 032100.867 INFO             PET2     MODEL: InitializeIPDvXp01 extro.
20231022 032100.867 INFO             PET2     driver: IInitAdvertiseFinish intro.
20231022 032100.867 INFO             PET2     driver: IInitAdvertiseFinish extro.
20231022 032100.867 INFO             PET2     driver: IInitModifyCplLists intro.
20231022 032100.867 INFO             PET2     driver: IInitModifyCplLists extro.
20231022 032100.867 INFO             PET2     <<<driver: leaving Initialize (phase=<none>) with current time:    0  1  1  0  0  0   0
20231022 032100.867 INFO             PET2   driver: InitializeIPDv02p1 extro.
20231022 032100.867 INFO             PET2   driver: InitializeIPDv02p3 intro.
20231022 032100.867 INFO             PET2     >>>driver: entered Initialize (phase=<none>) with current time:    0  1  1  0  0  0   0
20231022 032100.867 INFO             PET2     driver: IInitCheck intro.
20231022 032100.867 INFO             PET2     driver: IInitCheck extro.
20231022 032100.867 INFO             PET2     MODEL: InitializeIPDvXp04 intro.
20231022 032100.867 INFO             PET2       >>>MODEL: entered Initialize (phase=IPDvXp04) without valid internal Clock.
20231022 032100.869 INFO             PET2       After Realize: - MemInfo: [/proc/meminfo - SSI]	MemTotal:       263484604 kB
20231022 032100.869 INFO             PET2       After Realize: - MemInfo: [/proc/meminfo - SSI]	MemFree:        241014956 kB
20231022 032100.869 INFO             PET2       After Realize: - MemInfo: [/proc/meminfo - SSI]	MemAvailable:   242812044 kB
20231022 032100.869 INFO             PET2       After Realize: - MemInfo: [/proc/meminfo - SSI]	Committed_AS:   11842708 kB
20231022 032100.869 INFO             PET2       After Realize: - MemInfo: [/proc/meminfo - SSI]	CommittedPercent: 4.49465 %
20231022 032100.869 INFO             PET2       After Realize: - MemInfo: [/proc/self/status]	VmPeak:	  589812 kB
20231022 032100.869 INFO             PET2       After Realize: - MemInfo: [/proc/self/status]	VmSize:	  524300 kB
20231022 032100.869 INFO             PET2       After Realize: - MemInfo: [/proc/self/status]	VmLck:	       0 kB
20231022 032100.869 INFO             PET2       After Realize: - MemInfo: [/proc/self/status]	VmPin:	       0 kB
20231022 032100.869 INFO             PET2       After Realize: - MemInfo: [/proc/self/status]	VmHWM:	  158032 kB
20231022 032100.869 INFO             PET2       After Realize: - MemInfo: [/proc/self/status]	VmRSS:	  158032 kB
20231022 032100.869 INFO             PET2       After Realize: - MemInfo: [/proc/self/status]	VmData:	  218660 kB
20231022 032100.869 INFO             PET2       After Realize: - MemInfo: [/proc/self/status]	VmStk:	     172 kB
20231022 032100.869 INFO             PET2       After Realize: - MemInfo: [/proc/self/status]	VmExe:	    1644 kB
20231022 032100.869 INFO             PET2       After Realize: - MemInfo: [/proc/self/status]	VmLib:	  122460 kB
20231022 032100.869 INFO             PET2       After Realize: - MemInfo: [/proc/self/status]	VmPTE:	     688 kB
20231022 032100.869 INFO             PET2       After Realize: - MemInfo: [/proc/self/status]	VmSwap:	       0 kB
20231022 032100.869 INFO             PET2       After Realize: - MemInfo: [/proc/self/status]	VmRSSPercent: 0.0599777 %
20231022 032100.869 INFO             PET2       After Realize: - MemInfo: [malloc] Non-mmapped space allocated:                 1265664 Byte
20231022 032100.869 INFO             PET2       After Realize: - MemInfo: [malloc] Space allocated in mmapped regions:        126668800 Byte
20231022 032100.869 INFO             PET2       After Realize: - MemInfo: [malloc] Maximum total allocated space:                     0 Byte
20231022 032100.869 INFO             PET2       After Realize: - MemInfo: [malloc] Space in freed fastbin blocks:                   160 Byte
20231022 032100.869 INFO             PET2       After Realize: - MemInfo: [malloc] Total allocated space:                       1085568 Byte
20231022 032100.869 INFO             PET2       After Realize: - MemInfo: [malloc] Total free space:                             180096 Byte
20231022 032100.869 INFO             PET2       After Realize: - MemInfo: [malloc] Top-most, releasable space:                    47712 Byte
20231022 032100.869 INFO             PET2       After Realize: - MemInfo: [malloc] Total space in use, mmap + non-mmap:       127754368 Byte
20231022 032100.869 INFO             PET2       After Realize: - MemInfo: [malloc] Total space held (mmap + non-mmap):        127934464 Byte
20231022 032100.869 INFO             PET2       After Realize: - MemInfo: [malloc] Total space used (mmap + non-mmap):        127762576 Byte
20231022 032100.869 INFO             PET2       After Realize: - MemInfo: Wall-clock time since execution start:              0.0129996 seconds
20231022 032100.869 INFO             PET2       <<<MODEL: leaving Initialize (phase=IPDvXp04) without valid internal Clock.
20231022 032100.869 INFO             PET2     MODEL: InitializeIPDvXp04 extro.
20231022 032100.869 INFO             PET2     driver: IInitRealize intro.
20231022 032100.869 INFO             PET2     driver: IInitRealize extro.
20231022 032100.869 INFO             PET2     MODEL: InitializeIPDvXp07 intro.
20231022 032100.869 INFO             PET2       >>>MODEL: entered Initialize (phase=IPDvXp07) without valid internal Clock.
20231022 032100.869 INFO             PET2       <<<MODEL: leaving Initialize (phase=IPDvXp07) with current time:    0  1  1  0  0  0   0
20231022 032100.869 INFO             PET2     MODEL: InitializeIPDvXp07 extro.
20231022 032100.869 INFO             PET2     <<<driver: leaving Initialize (phase=<none>) with current time:    0  1  1  0  0  0   0
20231022 032100.869 INFO             PET2   driver: InitializeIPDv02p3 extro.
20231022 032100.869 INFO             PET2   driver: InitializeIPDv02p5 intro.
20231022 032100.869 INFO             PET2     >>>driver: entered Initialize (phase=<none>) with current time:    0  1  1  0  0  0   0
20231022 032100.869 INFO             PET2     driver: this is a top level driver, no 'Updated' and 'InitializeDataComplete' info on this level.
20231022 032100.869 INFO             PET2     driver: InitializeIPDv02p5Data intro.
20231022 032100.869 INFO             PET2       driver: InternalInitializeComplete intro.
20231022 032100.869 INFO             PET2         driver: InitializeDataComplete='true'
20231022 032100.869 INFO             PET2       driver: InternalInitializeComplete extro.
20231022 032100.870 INFO             PET2       MODEL: InitializeIPDvXp08 intro.
20231022 032100.870 INFO             PET2         >>>MODEL: entered Initialize (phase=IPDv05p8) with current time:    0  1  1  0  0  0   0
20231022 032100.870 INFO             PET2         MODEL: InitializeDataProgress='false', InitializeDataComplete='false'
20231022 032100.870 INFO             PET2         <<<MODEL: leaving Initialize (phase=IPDv05p8) with current time:    0  1  1  0  0  0   0
20231022 032100.870 INFO             PET2       MODEL: InitializeIPDvXp08 extro.
20231022 032100.870 INFO             PET2       driver: components present that trigger loopDataDependentInitialize().
20231022 032100.870 INFO             PET2       driver: loopDataDependentInitialize intro.
20231022 032100.870 INFO             PET2         driver: component    0=driver, dataComplete (local): true
20231022 032100.870 INFO             PET2         driver: component    0=driver, dataComplete (global):  T
20231022 032100.870 INFO             PET2         driver: component    1=MODEL, dataComplete (local): false
20231022 032100.870 INFO             PET2         driver: component    1=MODEL, dataComplete (global):  F
20231022 032100.870 INFO             PET2         MODEL: InitializeIPDvXp08 intro.
20231022 032100.870 INFO             PET2           >>>MODEL: entered Initialize (phase=IPDv05p8) with current time:    0  1  1  0  0  0   0
20231022 032100.870 INFO             PET2           MODEL: InitializeDataProgress='true', InitializeDataComplete='true'
20231022 032100.870 INFO             PET2           <<<MODEL: leaving Initialize (phase=IPDv05p8) with current time:    0  1  1  0  0  0   0
20231022 032100.870 INFO             PET2         MODEL: InitializeIPDvXp08 extro.
20231022 032100.870 INFO             PET2         driver: component    1=MODEL, someProgress (local): true
20231022 032100.870 INFO             PET2         driver: component    1=MODEL, someProgress (global):  T
20231022 032100.870 INFO             PET2         driver: someProgress= T, allComplete= F, present(dataDepAllComplete)= T
20231022 032100.870 INFO             PET2         driver: component    0=driver, dataComplete (local): true
20231022 032100.870 INFO             PET2         driver: component    0=driver, dataComplete (global):  T
20231022 032100.870 INFO             PET2         driver: component    1=MODEL, dataComplete (local): true
20231022 032100.870 INFO             PET2         driver: component    1=MODEL, dataComplete (global):  T
20231022 032100.871 INFO             PET2         driver: someProgress= F, allComplete= T, present(dataDepAllComplete)= T
20231022 032100.871 INFO             PET2         driver: finished resolving initialize data dependencies on this level.
20231022 032100.871 INFO             PET2       driver: loopDataDependentInitialize extro.
20231022 032100.871 INFO             PET2       driver: loopDataDependentInitialize() returned with dataDepAllComplete:  T
20231022 032100.871 INFO             PET2     driver: InitializeIPDv02p5Data extro.
20231022 032100.871 INFO             PET2     <<<driver: leaving Initialize (phase=<none>) with current time:    0  1  1  0  0  0   0
20231022 032100.871 INFO             PET2   driver: InitializeIPDv02p5 extro.
20231022 032100.871 INFO             PET2 driver: InitializeGeneric extro.
20231022 032100.871 INFO             PET2 driver: Run intro.
20231022 032100.871 INFO             PET2   >>>driver entered Run (phase=RunPhase1) with current time:    0  1  1  0  0  0   0
20231022 032100.871 INFO             PET2   driver: after lable_SetRunClock, current time:    0  1  1  0  0  0   0
20231022 032100.871 INFO             PET2   driver: begin -------> RunSequence.
20231022 032100.871 INFO             PET2     driver: RunSequence event loopLevel=   1  levelMember=   1  loopIteration=   1, current time:    0  1  1  0  0  0   0
20231022 032100.871 INFO             PET2     MODEL: Run intro.
20231022 032100.871 INFO             PET2       >>>MODEL: entered Run (phase=RunPhase1) with current time:    0  1  1  0  0  0   0
20231022 032100.871 INFO             PET2       MODEL: time step-loop starting, current time:    0  1  1  0  0  0   0
20231022 032100.871 INFO             PET2       thread_num=   0   currentSsiPe=   2   num_threads=   2   max_threads=   2   num_procs=   2
20231022 032100.871 INFO             PET2       thread_num=   1   currentSsiPe=   3   num_threads=   2   max_threads=   2   num_procs=   2
20231022 032100.871 INFO             PET2       ---->Advancing Model from:    0  1  1  0  0  0   0
20231022 032100.871 INFO             PET2       ---------------------> to:    0  1  1  0  0 30   0
20231022 032100.871 INFO             PET2       MODEL: time step-loop ending,   current time:    0  1  1  0  0 30   0
20231022 032100.871 INFO             PET2       <<<MODEL: leaving Run (phase=RunPhase1) with current time:    0  1  1  0  0 30   0
20231022 032100.871 INFO             PET2     MODEL: Run extro.
20231022 032100.871 INFO             PET2     driver: RunSequence event loopLevel=   1  levelMember=   1  loopIteration=   2, current time:    0  1  1  0  0 30   0
20231022 032100.871 INFO             PET2     MODEL: Run intro.
20231022 032100.871 INFO             PET2       >>>MODEL: entered Run (phase=RunPhase1) with current time:    0  1  1  0  0 30   0
20231022 032100.871 INFO             PET2       MODEL: time step-loop starting, current time:    0  1  1  0  0 30   0
20231022 032100.871 INFO             PET2       thread_num=   1   currentSsiPe=   3   num_threads=   2   max_threads=   2   num_procs=   2
20231022 032100.871 INFO             PET2       thread_num=   0   currentSsiPe=   2   num_threads=   2   max_threads=   2   num_procs=   2
20231022 032100.871 INFO             PET2       ---->Advancing Model from:    0  1  1  0  0 30   0
20231022 032100.871 INFO             PET2       ---------------------> to:    0  1  1  0  1  0   0
20231022 032100.871 INFO             PET2       MODEL: time step-loop ending,   current time:    0  1  1  0  1  0   0
20231022 032100.871 INFO             PET2       <<<MODEL: leaving Run (phase=RunPhase1) with current time:    0  1  1  0  1  0   0
20231022 032100.871 INFO             PET2     MODEL: Run extro.
20231022 032100.871 INFO             PET2     driver: RunSequence event loopLevel=   1  levelMember=   1  loopIteration=   3, current time:    0  1  1  0  1  0   0
20231022 032100.871 INFO             PET2     MODEL: Run intro.
20231022 032100.871 INFO             PET2       >>>MODEL: entered Run (phase=RunPhase1) with current time:    0  1  1  0  1  0   0
20231022 032100.871 INFO             PET2       MODEL: time step-loop starting, current time:    0  1  1  0  1  0   0
20231022 032100.871 INFO             PET2       thread_num=   1   currentSsiPe=   3   num_threads=   2   max_threads=   2   num_procs=   2
20231022 032100.871 INFO             PET2       thread_num=   0   currentSsiPe=   2   num_threads=   2   max_threads=   2   num_procs=   2
20231022 032100.871 INFO             PET2       ---->Advancing Model from:    0  1  1  0  1  0   0
20231022 032100.871 INFO             PET2       ---------------------> to:    0  1  1  0  1 30   0
20231022 032100.871 INFO             PET2       MODEL: time step-loop ending,   current time:    0  1  1  0  1 30   0
20231022 032100.871 INFO             PET2       <<<MODEL: leaving Run (phase=RunPhase1) with current time:    0  1  1  0  1 30   0
20231022 032100.871 INFO             PET2     MODEL: Run extro.
20231022 032100.871 INFO             PET2     driver: RunSequence event loopLevel=   1  levelMember=   1  loopIteration=   4, current time:    0  1  1  0  1 30   0
20231022 032100.872 INFO             PET2     MODEL: Run intro.
20231022 032100.872 INFO             PET2       >>>MODEL: entered Run (phase=RunPhase1) with current time:    0  1  1  0  1 30   0
20231022 032100.872 INFO             PET2       MODEL: time step-loop starting, current time:    0  1  1  0  1 30   0
20231022 032100.872 INFO             PET2       thread_num=   1   currentSsiPe=   3   num_threads=   2   max_threads=   2   num_procs=   2
20231022 032100.872 INFO             PET2       thread_num=   0   currentSsiPe=   2   num_threads=   2   max_threads=   2   num_procs=   2
20231022 032100.872 INFO             PET2       ---->Advancing Model from:    0  1  1  0  1 30   0
20231022 032100.872 INFO             PET2       ---------------------> to:    0  1  1  0  2  0   0
20231022 032100.872 INFO             PET2       MODEL: time step-loop ending,   current time:    0  1  1  0  2  0   0
20231022 032100.872 INFO             PET2       <<<MODEL: leaving Run (phase=RunPhase1) with current time:    0  1  1  0  2  0   0
20231022 032100.872 INFO             PET2     MODEL: Run extro.
20231022 032100.872 INFO             PET2     driver: RunSequence event loopLevel=   1  levelMember=   1  loopIteration=   5, current time:    0  1  1  0  2  0   0
20231022 032100.872 INFO             PET2     MODEL: Run intro.
20231022 032100.872 INFO             PET2       >>>MODEL: entered Run (phase=RunPhase1) with current time:    0  1  1  0  2  0   0
20231022 032100.872 INFO             PET2       MODEL: time step-loop starting, current time:    0  1  1  0  2  0   0
20231022 032100.872 INFO             PET2       thread_num=   1   currentSsiPe=   3   num_threads=   2   max_threads=   2   num_procs=   2
20231022 032100.872 INFO             PET2       thread_num=   0   currentSsiPe=   2   num_threads=   2   max_threads=   2   num_procs=   2
20231022 032100.872 INFO             PET2       ---->Advancing Model from:    0  1  1  0  2  0   0
20231022 032100.872 INFO             PET2       ---------------------> to:    0  1  1  0  2 30   0
20231022 032100.872 INFO             PET2       MODEL: time step-loop ending,   current time:    0  1  1  0  2 30   0
20231022 032100.872 INFO             PET2       <<<MODEL: leaving Run (phase=RunPhase1) with current time:    0  1  1  0  2 30   0
20231022 032100.872 INFO             PET2     MODEL: Run extro.
20231022 032100.872 INFO             PET2   driver: end <--------- RunSequence
20231022 032100.872 INFO             PET2   <<<driver - leaving Run with current time:    0  1  1  0  2 30   0
20231022 032100.872 INFO             PET2 driver: Run extro.
20231022 032100.872 INFO             PET2 driver: Finalize intro.
20231022 032100.872 INFO             PET2   Calling Finalize phase 1 for modelComp: MODEL
20231022 032100.872 INFO             PET2   MODEL: Finalize intro.
20231022 032100.872 INFO             PET2     >>>MODEL: entered Finalize (phase=FinalizePhase1) with current time:    0  1  1  0  2 30   0
20231022 032100.872 INFO             PET2     <<<MODEL: leaving Finalize (phase=FinalizePhase1) with current time:    0  1  1  0  2 30   0
20231022 032100.872 INFO             PET2   MODEL: Finalize extro.
20231022 032100.872 INFO             PET2   Delete modelComp: MODEL
20231022 032100.872 INFO             PET2   Delete Import-/Export State for modelComp: MODEL
20231022 032100.872 INFO             PET2 driver: Finalize extro.
20231022 032100.872 INFO             PET2 mainApp FINISHED
20231022 032100.872 INFO             PET2  Finalizing ESMF
20231022 032100.859 INFO             PET3 !!!!!!!!!!!!!!!!!!!!!!!!!!!!!!!!!!!!!!!!!!!!!!!!!!!!!!
20231022 032100.859 INFO             PET3 !!! THE ESMF_LOG IS SET TO OUTPUT ALL LOG MESSAGES !!!
20231022 032100.859 INFO             PET3 !!!     THIS MAY CAUSE SLOWDOWN IN PERFORMANCE     !!!
20231022 032100.859 INFO             PET3 !!! FOR PRODUCTION RUNS, USE:                      !!!
20231022 032100.859 INFO             PET3 !!!                   ESMF_LOGKIND_Multi_On_Error  !!!
20231022 032100.859 INFO             PET3 !!!!!!!!!!!!!!!!!!!!!!!!!!!!!!!!!!!!!!!!!!!!!!!!!!!!!!
20231022 032100.859 INFO             PET3 Running with ESMF Version   : v8.6.0b10-15-g69098dfbff
20231022 032100.859 INFO             PET3 ESMF library build date/time: "Oct 22 2023" "02:52:38"
20231022 032100.859 INFO             PET3 ESMF library build location : /glade/derecho/scratch/theurich/ESMF-Nightly-Testing/intel_2023.0.0-classic_mpi_O_develop/esmf
20231022 032100.859 INFO             PET3 ESMF_COMM                   : mpi
20231022 032100.860 INFO             PET3 ESMF_MOAB                   : enabled
20231022 032100.860 INFO             PET3 ESMF_LAPACK                 : enabled
20231022 032100.860 INFO             PET3 ESMF_NETCDF                 : enabled
20231022 032100.860 INFO             PET3 ESMF_PNETCDF                : disabled
20231022 032100.860 INFO             PET3 ESMF_PIO                    : enabled
20231022 032100.860 INFO             PET3 ESMF_YAMLCPP                : enabled
20231022 032100.861 INFO             PET3 mainApp STARTING
20231022 032100.863 INFO             PET3 driver: InitializeGeneric intro.
20231022 032100.863 INFO             PET3   driver: InitializeP0 intro.
20231022 032100.863 INFO             PET3   driver: InitializeP0 extro.
20231022 032100.863 INFO             PET3   driver: InitializeIPDv02p1 intro.
20231022 032100.863 INFO             PET3     >>>driver: entered Initialize (phase=<none>) without valid internal Clock.
20231022 032100.863 INFO             PET3     driver - Creating model component MODEL without petList.
20231022 032100.863 DEBUG            PET3     Generic SetVM() is executing for: MODEL
20231022 032100.863 DEBUG            PET3     Generic SetVM() is calling ESMF_GridCompSetVMMaxPEs() for: MODEL with:
20231022 032100.863 DEBUG            PET3      -             MaxCount =          2
20231022 032100.863 DEBUG            PET3      -       OpenMpHandling =
20231022 032100.863 DEBUG            PET3      -     OpenMpNumThreads =         -1
20231022 032100.863 DEBUG            PET3      -   ForceChildPthreads =          F
20231022 032100.863 DEBUG            PET3      -  PthreadMinStackSize =         -1
20231022 032100.863 DEBUG            PET3     vmkt_create()#218 Pthread: service=1 (0: actual PET, 1: service thread) - PTHREAD_STACK_MIN: 16384 bytes stack_size: 4194304 bytes
20231022 032100.863 DEBUG            PET3     vmkt_create()#218 Pthread: service=1 (0: actual PET, 1: service thread) - PTHREAD_STACK_MIN: 16384 bytes stack_size: 4194304 bytes
20231022 032100.864 INFO             PET3      GridCompIsPetLocal:  T
20231022 032100.864 INFO             PET3      VmIsCreated:  T
20231022 032100.864 INFO             PET3      MPI_COMM_NULL
20231022 032100.865 INFO             PET3     driver - Creating state: modelComp 1 Import State
20231022 032100.865 INFO             PET3     driver - Creating state: modelComp 1 Export State
20231022 032100.866 INFO             PET3     driver: IInitAdvertise intro.
20231022 032100.866 INFO             PET3     driver: IInitAdvertise extro.
20231022 032100.867 INFO             PET3     driver: IInitAdvertiseFinish intro.
20231022 032100.867 INFO             PET3     driver: IInitAdvertiseFinish extro.
20231022 032100.867 INFO             PET3     driver: IInitModifyCplLists intro.
20231022 032100.867 INFO             PET3     driver: IInitModifyCplLists extro.
20231022 032100.867 INFO             PET3     <<<driver: leaving Initialize (phase=<none>) with current time:    0  1  1  0  0  0   0
20231022 032100.867 INFO             PET3   driver: InitializeIPDv02p1 extro.
20231022 032100.867 INFO             PET3   driver: InitializeIPDv02p3 intro.
20231022 032100.867 INFO             PET3     >>>driver: entered Initialize (phase=<none>) with current time:    0  1  1  0  0  0   0
20231022 032100.867 INFO             PET3     driver: IInitCheck intro.
20231022 032100.867 INFO             PET3     driver: IInitCheck extro.
20231022 032100.869 INFO             PET3     driver: IInitRealize intro.
20231022 032100.869 INFO             PET3     driver: IInitRealize extro.
20231022 032100.869 INFO             PET3     <<<driver: leaving Initialize (phase=<none>) with current time:    0  1  1  0  0  0   0
20231022 032100.869 INFO             PET3   driver: InitializeIPDv02p3 extro.
20231022 032100.869 INFO             PET3   driver: InitializeIPDv02p5 intro.
20231022 032100.869 INFO             PET3     >>>driver: entered Initialize (phase=<none>) with current time:    0  1  1  0  0  0   0
20231022 032100.869 INFO             PET3     driver: this is a top level driver, no 'Updated' and 'InitializeDataComplete' info on this level.
20231022 032100.869 INFO             PET3     driver: InitializeIPDv02p5Data intro.
20231022 032100.869 INFO             PET3       driver: InternalInitializeComplete intro.
20231022 032100.869 INFO             PET3         driver: InitializeDataComplete='true'
20231022 032100.869 INFO             PET3       driver: InternalInitializeComplete extro.
20231022 032100.870 INFO             PET3       driver: components present that trigger loopDataDependentInitialize().
20231022 032100.870 INFO             PET3       driver: loopDataDependentInitialize intro.
20231022 032100.870 INFO             PET3         driver: component    0=driver, dataComplete (local): true
20231022 032100.870 INFO             PET3         driver: component    0=driver, dataComplete (global):  T
20231022 032100.870 INFO             PET3         driver: component    1=MODEL, dataComplete (local): false
20231022 032100.870 INFO             PET3         driver: component    1=MODEL, dataComplete (global):  F
20231022 032100.870 INFO             PET3         driver: component    1=MODEL, someProgress (local): true
20231022 032100.870 INFO             PET3         driver: component    1=MODEL, someProgress (global):  T
20231022 032100.870 INFO             PET3         driver: someProgress= T, allComplete= F, present(dataDepAllComplete)= T
20231022 032100.870 INFO             PET3         driver: component    0=driver, dataComplete (local): true
20231022 032100.870 INFO             PET3         driver: component    0=driver, dataComplete (global):  T
20231022 032100.870 INFO             PET3         driver: component    1=MODEL, dataComplete (local): true
20231022 032100.870 INFO             PET3         driver: component    1=MODEL, dataComplete (global):  T
20231022 032100.870 INFO             PET3         driver: someProgress= F, allComplete= T, present(dataDepAllComplete)= T
20231022 032100.870 INFO             PET3         driver: finished resolving initialize data dependencies on this level.
20231022 032100.870 INFO             PET3       driver: loopDataDependentInitialize extro.
20231022 032100.871 INFO             PET3       driver: loopDataDependentInitialize() returned with dataDepAllComplete:  T
20231022 032100.871 INFO             PET3     driver: InitializeIPDv02p5Data extro.
20231022 032100.871 INFO             PET3     <<<driver: leaving Initialize (phase=<none>) with current time:    0  1  1  0  0  0   0
20231022 032100.871 INFO             PET3   driver: InitializeIPDv02p5 extro.
20231022 032100.871 INFO             PET3 driver: InitializeGeneric extro.
20231022 032100.871 INFO             PET3 driver: Run intro.
20231022 032100.871 INFO             PET3   >>>driver entered Run (phase=RunPhase1) with current time:    0  1  1  0  0  0   0
20231022 032100.871 INFO             PET3   driver: after lable_SetRunClock, current time:    0  1  1  0  0  0   0
20231022 032100.871 INFO             PET3   driver: begin -------> RunSequence.
20231022 032100.871 INFO             PET3     driver: RunSequence event loopLevel=   1  levelMember=   1  loopIteration=   1, current time:    0  1  1  0  0  0   0
20231022 032100.871 INFO             PET3     driver: RunSequence event loopLevel=   1  levelMember=   1  loopIteration=   2, current time:    0  1  1  0  0 30   0
20231022 032100.871 INFO             PET3     driver: RunSequence event loopLevel=   1  levelMember=   1  loopIteration=   3, current time:    0  1  1  0  1  0   0
20231022 032100.871 INFO             PET3     driver: RunSequence event loopLevel=   1  levelMember=   1  loopIteration=   4, current time:    0  1  1  0  1 30   0
20231022 032100.872 INFO             PET3     driver: RunSequence event loopLevel=   1  levelMember=   1  loopIteration=   5, current time:    0  1  1  0  2  0   0
20231022 032100.872 INFO             PET3   driver: end <--------- RunSequence
20231022 032100.872 INFO             PET3   <<<driver - leaving Run with current time:    0  1  1  0  2 30   0
20231022 032100.872 INFO             PET3 driver: Run extro.
20231022 032100.872 INFO             PET3 driver: Finalize intro.
20231022 032100.872 INFO             PET3   Calling Finalize phase 1 for modelComp: MODEL
20231022 032100.872 INFO             PET3   Delete modelComp: MODEL
20231022 032100.872 INFO             PET3   Delete Import-/Export State for modelComp: MODEL
20231022 032100.872 INFO             PET3 driver: Finalize extro.
20231022 032100.872 INFO             PET3 mainApp FINISHED
20231022 032100.872 INFO             PET3  Finalizing ESMF
