2023-10-29 07:43:11
20231029 082021.377 INFO             PET0 !!!!!!!!!!!!!!!!!!!!!!!!!!!!!!!!!!!!!!!!!!!!!!!!!!!!!!
20231029 082021.377 INFO             PET0 !!! THE ESMF_LOG IS SET TO OUTPUT ALL LOG MESSAGES !!!
20231029 082021.377 INFO             PET0 !!!     THIS MAY CAUSE SLOWDOWN IN PERFORMANCE     !!!
20231029 082021.377 INFO             PET0 !!! FOR PRODUCTION RUNS, USE:                      !!!
20231029 082021.377 INFO             PET0 !!!                   ESMF_LOGKIND_Multi_On_Error  !!!
20231029 082021.377 INFO             PET0 !!!!!!!!!!!!!!!!!!!!!!!!!!!!!!!!!!!!!!!!!!!!!!!!!!!!!!
20231029 082021.377 INFO             PET0 Running with ESMF Version   : v8.6.0b13
20231029 082021.377 INFO             PET0 ESMF library build date/time: "Oct 29 2023" "07:41:17"
20231029 082021.377 INFO             PET0 ESMF library build location : /scratch2/NCEPDEV/stmp1/Gerhard.Theurich/ESMF-Nightly-Testing/intel_2023.1.0_intelmpi_O_release_8.6.0/esmf
20231029 082021.377 INFO             PET0 ESMF_COMM                   : intelmpi
20231029 082021.377 INFO             PET0 ESMF_MOAB                   : enabled
20231029 082021.377 INFO             PET0 ESMF_LAPACK                 : enabled
20231029 082021.377 INFO             PET0 ESMF_NETCDF                 : enabled
20231029 082021.377 INFO             PET0 ESMF_PNETCDF                : disabled
20231029 082021.377 INFO             PET0 ESMF_PIO                    : enabled
20231029 082021.377 INFO             PET0 ESMF_YAMLCPP                : enabled
20231029 082021.408 DEBUG            PET0 about to destroy Grid: 0xcbf290
20231029 082021.411 DEBUG            PET0 about to destroy Grid: 0xcc0cb0
20231029 082021.420 INFO             PET0  NUMBER_OF_PROCESSORS           4
20231029 082021.420 INFO             PET0  PASS  Example ESMF_NUOPCAtmModelEx, ESMF_NUOPCAtmModelEx.F90, line 806
20231029 082021.420 INFO             PET0  Finalizing ESMF
20231029 082021.377 INFO             PET1 !!!!!!!!!!!!!!!!!!!!!!!!!!!!!!!!!!!!!!!!!!!!!!!!!!!!!!
20231029 082021.377 INFO             PET1 !!! THE ESMF_LOG IS SET TO OUTPUT ALL LOG MESSAGES !!!
20231029 082021.377 INFO             PET1 !!!     THIS MAY CAUSE SLOWDOWN IN PERFORMANCE     !!!
20231029 082021.377 INFO             PET1 !!! FOR PRODUCTION RUNS, USE:                      !!!
20231029 082021.377 INFO             PET1 !!!                   ESMF_LOGKIND_Multi_On_Error  !!!
20231029 082021.377 INFO             PET1 !!!!!!!!!!!!!!!!!!!!!!!!!!!!!!!!!!!!!!!!!!!!!!!!!!!!!!
20231029 082021.377 INFO             PET1 Running with ESMF Version   : v8.6.0b13
20231029 082021.377 INFO             PET1 ESMF library build date/time: "Oct 29 2023" "07:41:17"
20231029 082021.377 INFO             PET1 ESMF library build location : /scratch2/NCEPDEV/stmp1/Gerhard.Theurich/ESMF-Nightly-Testing/intel_2023.1.0_intelmpi_O_release_8.6.0/esmf
20231029 082021.377 INFO             PET1 ESMF_COMM                   : intelmpi
20231029 082021.377 INFO             PET1 ESMF_MOAB                   : enabled
20231029 082021.377 INFO             PET1 ESMF_LAPACK                 : enabled
20231029 082021.377 INFO             PET1 ESMF_NETCDF                 : enabled
20231029 082021.377 INFO             PET1 ESMF_PNETCDF                : disabled
20231029 082021.377 INFO             PET1 ESMF_PIO                    : enabled
20231029 082021.377 INFO             PET1 ESMF_YAMLCPP                : enabled
20231029 082021.408 DEBUG            PET1 about to destroy Grid: 0x27286e0
20231029 082021.411 DEBUG            PET1 about to destroy Grid: 0x2739db0
20231029 082021.421 INFO             PET1  NUMBER_OF_PROCESSORS           4
20231029 082021.421 INFO             PET1  PASS  Example ESMF_NUOPCAtmModelEx, ESMF_NUOPCAtmModelEx.F90, line 806
20231029 082021.421 INFO             PET1  Finalizing ESMF
20231029 082021.377 INFO             PET2 !!!!!!!!!!!!!!!!!!!!!!!!!!!!!!!!!!!!!!!!!!!!!!!!!!!!!!
20231029 082021.377 INFO             PET2 !!! THE ESMF_LOG IS SET TO OUTPUT ALL LOG MESSAGES !!!
20231029 082021.377 INFO             PET2 !!!     THIS MAY CAUSE SLOWDOWN IN PERFORMANCE     !!!
20231029 082021.377 INFO             PET2 !!! FOR PRODUCTION RUNS, USE:                      !!!
20231029 082021.377 INFO             PET2 !!!                   ESMF_LOGKIND_Multi_On_Error  !!!
20231029 082021.377 INFO             PET2 !!!!!!!!!!!!!!!!!!!!!!!!!!!!!!!!!!!!!!!!!!!!!!!!!!!!!!
20231029 082021.377 INFO             PET2 Running with ESMF Version   : v8.6.0b13
20231029 082021.377 INFO             PET2 ESMF library build date/time: "Oct 29 2023" "07:41:17"
20231029 082021.377 INFO             PET2 ESMF library build location : /scratch2/NCEPDEV/stmp1/Gerhard.Theurich/ESMF-Nightly-Testing/intel_2023.1.0_intelmpi_O_release_8.6.0/esmf
20231029 082021.377 INFO             PET2 ESMF_COMM                   : intelmpi
20231029 082021.377 INFO             PET2 ESMF_MOAB                   : enabled
20231029 082021.377 INFO             PET2 ESMF_LAPACK                 : enabled
20231029 082021.377 INFO             PET2 ESMF_NETCDF                 : enabled
20231029 082021.377 INFO             PET2 ESMF_PNETCDF                : disabled
20231029 082021.377 INFO             PET2 ESMF_PIO                    : enabled
20231029 082021.377 INFO             PET2 ESMF_YAMLCPP                : enabled
20231029 082021.408 DEBUG            PET2 about to destroy Grid: 0x23cb760
20231029 082021.411 DEBUG            PET2 about to destroy Grid: 0x23dce50
20231029 082021.420 INFO             PET2  NUMBER_OF_PROCESSORS           4
20231029 082021.420 INFO             PET2  PASS  Example ESMF_NUOPCAtmModelEx, ESMF_NUOPCAtmModelEx.F90, line 806
20231029 082021.420 INFO             PET2  Finalizing ESMF
20231029 082021.376 INFO             PET3 !!!!!!!!!!!!!!!!!!!!!!!!!!!!!!!!!!!!!!!!!!!!!!!!!!!!!!
20231029 082021.377 INFO             PET3 !!! THE ESMF_LOG IS SET TO OUTPUT ALL LOG MESSAGES !!!
20231029 082021.377 INFO             PET3 !!!     THIS MAY CAUSE SLOWDOWN IN PERFORMANCE     !!!
20231029 082021.377 INFO             PET3 !!! FOR PRODUCTION RUNS, USE:                      !!!
20231029 082021.377 INFO             PET3 !!!                   ESMF_LOGKIND_Multi_On_Error  !!!
20231029 082021.377 INFO             PET3 !!!!!!!!!!!!!!!!!!!!!!!!!!!!!!!!!!!!!!!!!!!!!!!!!!!!!!
20231029 082021.377 INFO             PET3 Running with ESMF Version   : v8.6.0b13
20231029 082021.377 INFO             PET3 ESMF library build date/time: "Oct 29 2023" "07:41:17"
20231029 082021.377 INFO             PET3 ESMF library build location : /scratch2/NCEPDEV/stmp1/Gerhard.Theurich/ESMF-Nightly-Testing/intel_2023.1.0_intelmpi_O_release_8.6.0/esmf
20231029 082021.377 INFO             PET3 ESMF_COMM                   : intelmpi
20231029 082021.377 INFO             PET3 ESMF_MOAB                   : enabled
20231029 082021.377 INFO             PET3 ESMF_LAPACK                 : enabled
20231029 082021.377 INFO             PET3 ESMF_NETCDF                 : enabled
20231029 082021.377 INFO             PET3 ESMF_PNETCDF                : disabled
20231029 082021.377 INFO             PET3 ESMF_PIO                    : enabled
20231029 082021.377 INFO             PET3 ESMF_YAMLCPP                : enabled
20231029 082021.408 DEBUG            PET3 about to destroy Grid: 0xe22810
20231029 082021.411 DEBUG            PET3 about to destroy Grid: 0xe33ee0
20231029 082021.420 INFO             PET3  NUMBER_OF_PROCESSORS           4
20231029 082021.420 INFO             PET3  PASS  Example ESMF_NUOPCAtmModelEx, ESMF_NUOPCAtmModelEx.F90, line 806
20231029 082021.420 INFO             PET3  Finalizing ESMF
