2023-10-08 01:14:29
20231008 013741.775 INFO             PET0 !!!!!!!!!!!!!!!!!!!!!!!!!!!!!!!!!!!!!!!!!!!!!!!!!!!!!!
20231008 013741.775 INFO             PET0 !!! THE ESMF_LOG IS SET TO OUTPUT ALL LOG MESSAGES !!!
20231008 013741.775 INFO             PET0 !!!     THIS MAY CAUSE SLOWDOWN IN PERFORMANCE     !!!
20231008 013741.775 INFO             PET0 !!! FOR PRODUCTION RUNS, USE:                      !!!
20231008 013741.775 INFO             PET0 !!!                   ESMF_LOGKIND_Multi_On_Error  !!!
20231008 013741.775 INFO             PET0 !!!!!!!!!!!!!!!!!!!!!!!!!!!!!!!!!!!!!!!!!!!!!!!!!!!!!!
20231008 013741.775 INFO             PET0 Running with ESMF Version   : v8.6.0b07-67-gb347190ad6
20231008 013741.775 INFO             PET0 ESMF library build date/time: "Oct  8 2023" "01:13:04"
20231008 013741.775 INFO             PET0 ESMF library build location : /project/esmf/sacks/esmf-testing/gfortran_11.2.0_openmpi_O_develop/esmf
20231008 013741.775 INFO             PET0 ESMF_COMM                   : openmpi
20231008 013741.775 INFO             PET0 ESMF_MOAB                   : enabled
20231008 013741.775 INFO             PET0 ESMF_LAPACK                 : enabled
20231008 013741.775 INFO             PET0 ESMF_NETCDF                 : enabled
20231008 013741.775 INFO             PET0 ESMF_PNETCDF                : disabled
20231008 013741.775 INFO             PET0 ESMF_PIO                    : enabled
20231008 013741.775 INFO             PET0 ESMF_YAMLCPP                : enabled
20231008 013741.777 INFO             PET0  NUMBER_OF_PROCESSORS           4
20231008 013741.777 INFO             PET0  PASS  Example ESMF_CplEx, ESMF_CplEx.F90, line 457
20231008 013741.777 INFO             PET0 Finalizing ESMF
20231008 013741.775 INFO             PET1 !!!!!!!!!!!!!!!!!!!!!!!!!!!!!!!!!!!!!!!!!!!!!!!!!!!!!!
20231008 013741.775 INFO             PET1 !!! THE ESMF_LOG IS SET TO OUTPUT ALL LOG MESSAGES !!!
20231008 013741.775 INFO             PET1 !!!     THIS MAY CAUSE SLOWDOWN IN PERFORMANCE     !!!
20231008 013741.775 INFO             PET1 !!! FOR PRODUCTION RUNS, USE:                      !!!
20231008 013741.775 INFO             PET1 !!!                   ESMF_LOGKIND_Multi_On_Error  !!!
20231008 013741.775 INFO             PET1 !!!!!!!!!!!!!!!!!!!!!!!!!!!!!!!!!!!!!!!!!!!!!!!!!!!!!!
20231008 013741.775 INFO             PET1 Running with ESMF Version   : v8.6.0b07-67-gb347190ad6
20231008 013741.775 INFO             PET1 ESMF library build date/time: "Oct  8 2023" "01:13:04"
20231008 013741.775 INFO             PET1 ESMF library build location : /project/esmf/sacks/esmf-testing/gfortran_11.2.0_openmpi_O_develop/esmf
20231008 013741.775 INFO             PET1 ESMF_COMM                   : openmpi
20231008 013741.775 INFO             PET1 ESMF_MOAB                   : enabled
20231008 013741.775 INFO             PET1 ESMF_LAPACK                 : enabled
20231008 013741.775 INFO             PET1 ESMF_NETCDF                 : enabled
20231008 013741.775 INFO             PET1 ESMF_PNETCDF                : disabled
20231008 013741.775 INFO             PET1 ESMF_PIO                    : enabled
20231008 013741.775 INFO             PET1 ESMF_YAMLCPP                : enabled
20231008 013741.777 INFO             PET1  NUMBER_OF_PROCESSORS           4
20231008 013741.777 INFO             PET1  PASS  Example ESMF_CplEx, ESMF_CplEx.F90, line 457
20231008 013741.777 INFO             PET1 Finalizing ESMF
20231008 013741.775 INFO             PET2 !!!!!!!!!!!!!!!!!!!!!!!!!!!!!!!!!!!!!!!!!!!!!!!!!!!!!!
20231008 013741.775 INFO             PET2 !!! THE ESMF_LOG IS SET TO OUTPUT ALL LOG MESSAGES !!!
20231008 013741.775 INFO             PET2 !!!     THIS MAY CAUSE SLOWDOWN IN PERFORMANCE     !!!
20231008 013741.775 INFO             PET2 !!! FOR PRODUCTION RUNS, USE:                      !!!
20231008 013741.775 INFO             PET2 !!!                   ESMF_LOGKIND_Multi_On_Error  !!!
20231008 013741.775 INFO             PET2 !!!!!!!!!!!!!!!!!!!!!!!!!!!!!!!!!!!!!!!!!!!!!!!!!!!!!!
20231008 013741.775 INFO             PET2 Running with ESMF Version   : v8.6.0b07-67-gb347190ad6
20231008 013741.775 INFO             PET2 ESMF library build date/time: "Oct  8 2023" "01:13:04"
20231008 013741.775 INFO             PET2 ESMF library build location : /project/esmf/sacks/esmf-testing/gfortran_11.2.0_openmpi_O_develop/esmf
20231008 013741.775 INFO             PET2 ESMF_COMM                   : openmpi
20231008 013741.775 INFO             PET2 ESMF_MOAB                   : enabled
20231008 013741.775 INFO             PET2 ESMF_LAPACK                 : enabled
20231008 013741.775 INFO             PET2 ESMF_NETCDF                 : enabled
20231008 013741.775 INFO             PET2 ESMF_PNETCDF                : disabled
20231008 013741.775 INFO             PET2 ESMF_PIO                    : enabled
20231008 013741.775 INFO             PET2 ESMF_YAMLCPP                : enabled
20231008 013741.777 INFO             PET2  NUMBER_OF_PROCESSORS           4
20231008 013741.777 INFO             PET2  PASS  Example ESMF_CplEx, ESMF_CplEx.F90, line 457
20231008 013741.777 INFO             PET2 Finalizing ESMF
20231008 013741.775 INFO             PET3 !!!!!!!!!!!!!!!!!!!!!!!!!!!!!!!!!!!!!!!!!!!!!!!!!!!!!!
20231008 013741.775 INFO             PET3 !!! THE ESMF_LOG IS SET TO OUTPUT ALL LOG MESSAGES !!!
20231008 013741.775 INFO             PET3 !!!     THIS MAY CAUSE SLOWDOWN IN PERFORMANCE     !!!
20231008 013741.775 INFO             PET3 !!! FOR PRODUCTION RUNS, USE:                      !!!
20231008 013741.775 INFO             PET3 !!!                   ESMF_LOGKIND_Multi_On_Error  !!!
20231008 013741.775 INFO             PET3 !!!!!!!!!!!!!!!!!!!!!!!!!!!!!!!!!!!!!!!!!!!!!!!!!!!!!!
20231008 013741.775 INFO             PET3 Running with ESMF Version   : v8.6.0b07-67-gb347190ad6
20231008 013741.775 INFO             PET3 ESMF library build date/time: "Oct  8 2023" "01:13:04"
20231008 013741.775 INFO             PET3 ESMF library build location : /project/esmf/sacks/esmf-testing/gfortran_11.2.0_openmpi_O_develop/esmf
20231008 013741.775 INFO             PET3 ESMF_COMM                   : openmpi
20231008 013741.775 INFO             PET3 ESMF_MOAB                   : enabled
20231008 013741.775 INFO             PET3 ESMF_LAPACK                 : enabled
20231008 013741.775 INFO             PET3 ESMF_NETCDF                 : enabled
20231008 013741.775 INFO             PET3 ESMF_PNETCDF                : disabled
20231008 013741.775 INFO             PET3 ESMF_PIO                    : enabled
20231008 013741.775 INFO             PET3 ESMF_YAMLCPP                : enabled
20231008 013741.777 INFO             PET3  NUMBER_OF_PROCESSORS           4
20231008 013741.777 INFO             PET3  PASS  Example ESMF_CplEx, ESMF_CplEx.F90, line 457
20231008 013741.777 INFO             PET3 Finalizing ESMF
