2023-10-11 01:14:19
20231011 013610.611 INFO             PET0 !!!!!!!!!!!!!!!!!!!!!!!!!!!!!!!!!!!!!!!!!!!!!!!!!!!!!!
20231011 013610.611 INFO             PET0 !!! THE ESMF_LOG IS SET TO OUTPUT ALL LOG MESSAGES !!!
20231011 013610.611 INFO             PET0 !!!     THIS MAY CAUSE SLOWDOWN IN PERFORMANCE     !!!
20231011 013610.611 INFO             PET0 !!! FOR PRODUCTION RUNS, USE:                      !!!
20231011 013610.611 INFO             PET0 !!!                   ESMF_LOGKIND_Multi_On_Error  !!!
20231011 013610.611 INFO             PET0 !!!!!!!!!!!!!!!!!!!!!!!!!!!!!!!!!!!!!!!!!!!!!!!!!!!!!!
20231011 013610.611 INFO             PET0 Running with ESMF Version   : v8.6.0b08
20231011 013610.611 INFO             PET0 ESMF library build date/time: "Oct 11 2023" "01:12:54"
20231011 013610.611 INFO             PET0 ESMF library build location : /project/esmf/sacks/esmf-testing/gfortran_11.2.0_openmpi_O_develop/esmf
20231011 013610.611 INFO             PET0 ESMF_COMM                   : openmpi
20231011 013610.612 INFO             PET0 ESMF_MOAB                   : enabled
20231011 013610.612 INFO             PET0 ESMF_LAPACK                 : enabled
20231011 013610.612 INFO             PET0 ESMF_NETCDF                 : enabled
20231011 013610.612 INFO             PET0 ESMF_PNETCDF                : disabled
20231011 013610.612 INFO             PET0 ESMF_PIO                    : enabled
20231011 013610.612 INFO             PET0 ESMF_YAMLCPP                : enabled
20231011 013610.612 INFO             PET0  NUMBER_OF_PROCESSORS           2
20231011 013610.612 INFO             PET0  PASS  Example ESMF_VMUserMpiCommEx, ESMF_VMUserMpiCommEx.F90, line 113
20231011 013610.612 INFO             PET0 Finalizing ESMF
20231011 013610.611 INFO             PET1 !!!!!!!!!!!!!!!!!!!!!!!!!!!!!!!!!!!!!!!!!!!!!!!!!!!!!!
20231011 013610.611 INFO             PET1 !!! THE ESMF_LOG IS SET TO OUTPUT ALL LOG MESSAGES !!!
20231011 013610.612 INFO             PET1 !!!     THIS MAY CAUSE SLOWDOWN IN PERFORMANCE     !!!
20231011 013610.612 INFO             PET1 !!! FOR PRODUCTION RUNS, USE:                      !!!
20231011 013610.612 INFO             PET1 !!!                   ESMF_LOGKIND_Multi_On_Error  !!!
20231011 013610.612 INFO             PET1 !!!!!!!!!!!!!!!!!!!!!!!!!!!!!!!!!!!!!!!!!!!!!!!!!!!!!!
20231011 013610.612 INFO             PET1 Running with ESMF Version   : v8.6.0b08
20231011 013610.612 INFO             PET1 ESMF library build date/time: "Oct 11 2023" "01:12:54"
20231011 013610.612 INFO             PET1 ESMF library build location : /project/esmf/sacks/esmf-testing/gfortran_11.2.0_openmpi_O_develop/esmf
20231011 013610.612 INFO             PET1 ESMF_COMM                   : openmpi
20231011 013610.612 INFO             PET1 ESMF_MOAB                   : enabled
20231011 013610.612 INFO             PET1 ESMF_LAPACK                 : enabled
20231011 013610.612 INFO             PET1 ESMF_NETCDF                 : enabled
20231011 013610.612 INFO             PET1 ESMF_PNETCDF                : disabled
20231011 013610.612 INFO             PET1 ESMF_PIO                    : enabled
20231011 013610.612 INFO             PET1 ESMF_YAMLCPP                : enabled
20231011 013610.612 INFO             PET1  NUMBER_OF_PROCESSORS           2
20231011 013610.612 INFO             PET1  PASS  Example ESMF_VMUserMpiCommEx, ESMF_VMUserMpiCommEx.F90, line 113
20231011 013610.612 INFO             PET1 Finalizing ESMF
