2023-11-01 07:40:47
20231101 081224.346 INFO             PET0 !!!!!!!!!!!!!!!!!!!!!!!!!!!!!!!!!!!!!!!!!!!!!!!!!!!!!!
20231101 081224.346 INFO             PET0 !!! THE ESMF_LOG IS SET TO OUTPUT ALL LOG MESSAGES !!!
20231101 081224.346 INFO             PET0 !!!     THIS MAY CAUSE SLOWDOWN IN PERFORMANCE     !!!
20231101 081224.346 INFO             PET0 !!! FOR PRODUCTION RUNS, USE:                      !!!
20231101 081224.346 INFO             PET0 !!!                   ESMF_LOGKIND_Multi_On_Error  !!!
20231101 081224.346 INFO             PET0 !!!!!!!!!!!!!!!!!!!!!!!!!!!!!!!!!!!!!!!!!!!!!!!!!!!!!!
20231101 081224.346 INFO             PET0 Running with ESMF Version   : v8.6.0b13-3-gd57b32fbad
20231101 081224.346 INFO             PET0 ESMF library build date/time: "Nov  1 2023" "07:39:05"
20231101 081224.346 INFO             PET0 ESMF library build location : /scratch2/NCEPDEV/stmp1/Gerhard.Theurich/ESMF-Nightly-Testing/gfortran_9.2.0_openmpi_O_release_8.6.0/esmf
20231101 081224.346 INFO             PET0 ESMF_COMM                   : openmpi
20231101 081224.347 INFO             PET0 ESMF_MOAB                   : enabled
20231101 081224.347 INFO             PET0 ESMF_LAPACK                 : enabled
20231101 081224.347 INFO             PET0 ESMF_NETCDF                 : disabled
20231101 081224.347 INFO             PET0 ESMF_PNETCDF                : disabled
20231101 081224.347 INFO             PET0 ESMF_PIO                    : disabled
20231101 081224.347 INFO             PET0 ESMF_YAMLCPP                : enabled
20231101 081224.348 ERROR            PET0 ESMCI_State.C:982 ESMCI::State::read() Library needed by ESMF not present  - Internal subroutine call returned Error
20231101 081224.348 ERROR            PET0 ESMF_StateAPI.cppF90:3204 ESMF_StateRead Library needed by ESMF not present  - Internal subroutine call returned Error
20231101 081224.348 INFO             PET0  NUMBER_OF_PROCESSORS           4
20231101 081224.348 INFO             PET0  PASS  Example ESMF_StateReadWriteEx, ESMF_StateReadWriteEx.F90, line 185
20231101 081224.348 INFO             PET0  Finalizing ESMF
20231101 081224.347 INFO             PET1 !!!!!!!!!!!!!!!!!!!!!!!!!!!!!!!!!!!!!!!!!!!!!!!!!!!!!!
20231101 081224.347 INFO             PET1 !!! THE ESMF_LOG IS SET TO OUTPUT ALL LOG MESSAGES !!!
20231101 081224.347 INFO             PET1 !!!     THIS MAY CAUSE SLOWDOWN IN PERFORMANCE     !!!
20231101 081224.347 INFO             PET1 !!! FOR PRODUCTION RUNS, USE:                      !!!
20231101 081224.347 INFO             PET1 !!!                   ESMF_LOGKIND_Multi_On_Error  !!!
20231101 081224.347 INFO             PET1 !!!!!!!!!!!!!!!!!!!!!!!!!!!!!!!!!!!!!!!!!!!!!!!!!!!!!!
20231101 081224.347 INFO             PET1 Running with ESMF Version   : v8.6.0b13-3-gd57b32fbad
20231101 081224.347 INFO             PET1 ESMF library build date/time: "Nov  1 2023" "07:39:05"
20231101 081224.347 INFO             PET1 ESMF library build location : /scratch2/NCEPDEV/stmp1/Gerhard.Theurich/ESMF-Nightly-Testing/gfortran_9.2.0_openmpi_O_release_8.6.0/esmf
20231101 081224.347 INFO             PET1 ESMF_COMM                   : openmpi
20231101 081224.348 INFO             PET1 ESMF_MOAB                   : enabled
20231101 081224.348 INFO             PET1 ESMF_LAPACK                 : enabled
20231101 081224.348 INFO             PET1 ESMF_NETCDF                 : disabled
20231101 081224.348 INFO             PET1 ESMF_PNETCDF                : disabled
20231101 081224.348 INFO             PET1 ESMF_PIO                    : disabled
20231101 081224.348 INFO             PET1 ESMF_YAMLCPP                : enabled
20231101 081224.348 ERROR            PET1 ESMCI_State.C:982 ESMCI::State::read() Library needed by ESMF not present  - Internal subroutine call returned Error
20231101 081224.348 ERROR            PET1 ESMF_StateAPI.cppF90:3204 ESMF_StateRead Library needed by ESMF not present  - Internal subroutine call returned Error
20231101 081224.348 INFO             PET1  NUMBER_OF_PROCESSORS           4
20231101 081224.348 INFO             PET1  PASS  Example ESMF_StateReadWriteEx, ESMF_StateReadWriteEx.F90, line 185
20231101 081224.348 INFO             PET1  Finalizing ESMF
20231101 081224.346 INFO             PET2 !!!!!!!!!!!!!!!!!!!!!!!!!!!!!!!!!!!!!!!!!!!!!!!!!!!!!!
20231101 081224.346 INFO             PET2 !!! THE ESMF_LOG IS SET TO OUTPUT ALL LOG MESSAGES !!!
20231101 081224.346 INFO             PET2 !!!     THIS MAY CAUSE SLOWDOWN IN PERFORMANCE     !!!
20231101 081224.346 INFO             PET2 !!! FOR PRODUCTION RUNS, USE:                      !!!
20231101 081224.346 INFO             PET2 !!!                   ESMF_LOGKIND_Multi_On_Error  !!!
20231101 081224.346 INFO             PET2 !!!!!!!!!!!!!!!!!!!!!!!!!!!!!!!!!!!!!!!!!!!!!!!!!!!!!!
20231101 081224.346 INFO             PET2 Running with ESMF Version   : v8.6.0b13-3-gd57b32fbad
20231101 081224.346 INFO             PET2 ESMF library build date/time: "Nov  1 2023" "07:39:05"
20231101 081224.346 INFO             PET2 ESMF library build location : /scratch2/NCEPDEV/stmp1/Gerhard.Theurich/ESMF-Nightly-Testing/gfortran_9.2.0_openmpi_O_release_8.6.0/esmf
20231101 081224.346 INFO             PET2 ESMF_COMM                   : openmpi
20231101 081224.347 INFO             PET2 ESMF_MOAB                   : enabled
20231101 081224.347 INFO             PET2 ESMF_LAPACK                 : enabled
20231101 081224.347 INFO             PET2 ESMF_NETCDF                 : disabled
20231101 081224.347 INFO             PET2 ESMF_PNETCDF                : disabled
20231101 081224.347 INFO             PET2 ESMF_PIO                    : disabled
20231101 081224.347 INFO             PET2 ESMF_YAMLCPP                : enabled
20231101 081224.348 ERROR            PET2 ESMCI_State.C:982 ESMCI::State::read() Library needed by ESMF not present  - Internal subroutine call returned Error
20231101 081224.348 ERROR            PET2 ESMF_StateAPI.cppF90:3204 ESMF_StateRead Library needed by ESMF not present  - Internal subroutine call returned Error
20231101 081224.348 INFO             PET2  NUMBER_OF_PROCESSORS           4
20231101 081224.348 INFO             PET2  PASS  Example ESMF_StateReadWriteEx, ESMF_StateReadWriteEx.F90, line 185
20231101 081224.348 INFO             PET2  Finalizing ESMF
20231101 081224.346 INFO             PET3 !!!!!!!!!!!!!!!!!!!!!!!!!!!!!!!!!!!!!!!!!!!!!!!!!!!!!!
20231101 081224.346 INFO             PET3 !!! THE ESMF_LOG IS SET TO OUTPUT ALL LOG MESSAGES !!!
20231101 081224.346 INFO             PET3 !!!     THIS MAY CAUSE SLOWDOWN IN PERFORMANCE     !!!
20231101 081224.346 INFO             PET3 !!! FOR PRODUCTION RUNS, USE:                      !!!
20231101 081224.346 INFO             PET3 !!!                   ESMF_LOGKIND_Multi_On_Error  !!!
20231101 081224.346 INFO             PET3 !!!!!!!!!!!!!!!!!!!!!!!!!!!!!!!!!!!!!!!!!!!!!!!!!!!!!!
20231101 081224.346 INFO             PET3 Running with ESMF Version   : v8.6.0b13-3-gd57b32fbad
20231101 081224.346 INFO             PET3 ESMF library build date/time: "Nov  1 2023" "07:39:05"
20231101 081224.346 INFO             PET3 ESMF library build location : /scratch2/NCEPDEV/stmp1/Gerhard.Theurich/ESMF-Nightly-Testing/gfortran_9.2.0_openmpi_O_release_8.6.0/esmf
20231101 081224.346 INFO             PET3 ESMF_COMM                   : openmpi
20231101 081224.347 INFO             PET3 ESMF_MOAB                   : enabled
20231101 081224.347 INFO             PET3 ESMF_LAPACK                 : enabled
20231101 081224.347 INFO             PET3 ESMF_NETCDF                 : disabled
20231101 081224.347 INFO             PET3 ESMF_PNETCDF                : disabled
20231101 081224.347 INFO             PET3 ESMF_PIO                    : disabled
20231101 081224.347 INFO             PET3 ESMF_YAMLCPP                : enabled
20231101 081224.348 ERROR            PET3 ESMCI_State.C:982 ESMCI::State::read() Library needed by ESMF not present  - Internal subroutine call returned Error
20231101 081224.348 ERROR            PET3 ESMF_StateAPI.cppF90:3204 ESMF_StateRead Library needed by ESMF not present  - Internal subroutine call returned Error
20231101 081224.348 INFO             PET3  NUMBER_OF_PROCESSORS           4
20231101 081224.348 INFO             PET3  PASS  Example ESMF_StateReadWriteEx, ESMF_StateReadWriteEx.F90, line 185
20231101 081224.348 INFO             PET3  Finalizing ESMF
