2023-11-08 07:33:58
[1699430283.016477] [h25c01:109582:0]         mxm.c:196  MXM  WARN  The 'ulimit -s' on the system is set to 'unlimited'. This may have negative performance implications. Please set the stack size to the default value (10240) 
[1699430283.021795] [h25c01:109582:0]         mxm.c:196  MXM  WARN  The 'ulimit -s' on the system is set to 'unlimited'. This may have negative performance implications. Please set the stack size to the default value (10240) 
[1699430283.016509] [h25c01:109584:0]         mxm.c:196  MXM  WARN  The 'ulimit -s' on the system is set to 'unlimited'. This may have negative performance implications. Please set the stack size to the default value (10240) 
[1699430283.021803] [h25c01:109584:0]         mxm.c:196  MXM  WARN  The 'ulimit -s' on the system is set to 'unlimited'. This may have negative performance implications. Please set the stack size to the default value (10240) 
[1699430283.009421] [h25c01:109583:0]         mxm.c:196  MXM  WARN  The 'ulimit -s' on the system is set to 'unlimited'. This may have negative performance implications. Please set the stack size to the default value (10240) 
[1699430283.014480] [h25c01:109583:0]         mxm.c:196  MXM  WARN  The 'ulimit -s' on the system is set to 'unlimited'. This may have negative performance implications. Please set the stack size to the default value (10240) 
[1699430283.009387] [h25c01:109585:0]         mxm.c:196  MXM  WARN  The 'ulimit -s' on the system is set to 'unlimited'. This may have negative performance implications. Please set the stack size to the default value (10240) 
[1699430283.014433] [h25c01:109585:0]         mxm.c:196  MXM  WARN  The 'ulimit -s' on the system is set to 'unlimited'. This may have negative performance implications. Please set the stack size to the default value (10240) 
 sumA =   0.700000048    
 sumB =   0.699999988    
 sumC =   0.900000036    
 sumD =   0.900000036    
 sumE =   0.899999976    
 result SRCSEQ#1 =   0.700000048      expect:   0.700000048    
 result SRCSEQ#2 =   0.700000048      expect:   0.700000048    
 result SRCPET#1 =   0.700000048      expect:   0.700000048    
 result SRCPET#2 =   0.699999988      expect:   0.699999988    
 result SRCPET#3 =   0.700000048      expect:   0.700000048    
 result SRCPET#4 =   0.699999988      expect:   0.699999988    
 result SRCPET#5 =   0.700000048      expect:   0.700000048    
 result SRCPET#6 =   0.700000048      expect:   0.700000048    
 result SRCPET#7 =   0.699999988      expect:   0.699999988    
 result SRCPET#8 =   0.900000036      expect:   0.900000036    
 result SRCPET#9 =   0.900000036      expect:   0.900000036    
 result SRCPET#10 =   0.899999976      expect:   0.899999976    
 SMM parameters determined via auto-tuning -> dump to file
 result SRCPET#11 =   0.899999976    
 SMM parameters successfully read from file
  srcTermProcessing=           4  pipelineDepth=           1  ==>> sumCompare=  0.899999976    
 result SRCPET#11 =   0.899999976      expect:   0.899999976    
 SMM parameters successfully read from file
  srcTermProcessing=           4  pipelineDepth=           1  ==>> sumCompare=  0.899999976    
 result SRCPET#11 =   0.899999976      expect:   0.899999976    
 SMM parameters successfully read from file
  srcTermProcessing=           4  pipelineDepth=           1  ==>> sumCompare=  0.899999976    
 result SRCPET#11 =   0.899999976      expect:   0.899999976    
 SMM parameters successfully read from file
  srcTermProcessing=           4  pipelineDepth=           1  ==>> sumCompare=  0.899999976    
 result SRCPET#11 =   0.899999976      expect:   0.899999976    
 result SRCSEQ#3 =   0.900000036      expect:   0.900000036    
  PASS  Example ESMF_RHandleBitForBitEx, ESMF_RHandleBitForBitEx.F90, line 1557
  PASS  Example ESMF_RHandleBitForBitEx, ESMF_RHandleBitForBitEx.F90, line 1557
  PASS  Example ESMF_RHandleBitForBitEx, ESMF_RHandleBitForBitEx.F90, line 1557
  PASS  Example ESMF_RHandleBitForBitEx, ESMF_RHandleBitForBitEx.F90, line 1557
 PASS: ESMF_RHandleBitForBitEx.F90
 PASS: ESMF_RHandleBitForBitEx.F90
 PASS: ESMF_RHandleBitForBitEx.F90
 PASS: ESMF_RHandleBitForBitEx.F90
