2023-10-13 01:11:00
20231013 014857.825 INFO             PET0 !!!!!!!!!!!!!!!!!!!!!!!!!!!!!!!!!!!!!!!!!!!!!!!!!!!!!!
20231013 014857.825 INFO             PET0 !!! THE ESMF_LOG IS SET TO OUTPUT ALL LOG MESSAGES !!!
20231013 014857.825 INFO             PET0 !!!     THIS MAY CAUSE SLOWDOWN IN PERFORMANCE     !!!
20231013 014857.825 INFO             PET0 !!! FOR PRODUCTION RUNS, USE:                      !!!
20231013 014857.825 INFO             PET0 !!!                   ESMF_LOGKIND_Multi_On_Error  !!!
20231013 014857.825 INFO             PET0 !!!!!!!!!!!!!!!!!!!!!!!!!!!!!!!!!!!!!!!!!!!!!!!!!!!!!!
20231013 014857.825 INFO             PET0 Running with ESMF Version   : v8.6.0b08-19-gea64eb3ef0
20231013 014857.825 INFO             PET0 ESMF library build date/time: "Oct 13 2023" "01:09:10"
20231013 014857.825 INFO             PET0 ESMF library build location : /project/esmf/theurich/ESMF-Nightly-Testing/gfortran_8.2.0_mpiuni_g_develop/esmf
20231013 014857.825 INFO             PET0 ESMF_COMM                   : mpiuni
20231013 014857.826 INFO             PET0 ESMF_MOAB                   : enabled
20231013 014857.826 INFO             PET0 ESMF_LAPACK                 : enabled
20231013 014857.826 INFO             PET0 ESMF_NETCDF                 : enabled
20231013 014857.826 INFO             PET0 ESMF_PNETCDF                : disabled
20231013 014857.826 INFO             PET0 ESMF_PIO                    : disabled
20231013 014857.826 INFO             PET0 ESMF_YAMLCPP                : enabled
20231013 014900.787 INFO             PET0  NUMBER_OF_PROCESSORS           1
20231013 014900.787 INFO             PET0  PASS  Example ESMF_GridUsageEx, ESMF_GridUsageEx.F90, line 3470
20231013 014900.787 INFO             PET0  Finalizing ESMF
