2023-11-11 02:42:11
20231111 031911.951 INFO             PET0 !!!!!!!!!!!!!!!!!!!!!!!!!!!!!!!!!!!!!!!!!!!!!!!!!!!!!!
20231111 031911.952 INFO             PET0 !!! THE ESMF_LOG IS SET TO OUTPUT ALL LOG MESSAGES !!!
20231111 031911.952 INFO             PET0 !!!     THIS MAY CAUSE SLOWDOWN IN PERFORMANCE     !!!
20231111 031911.952 INFO             PET0 !!! FOR PRODUCTION RUNS, USE:                      !!!
20231111 031911.952 INFO             PET0 !!!                   ESMF_LOGKIND_Multi_On_Error  !!!
20231111 031911.952 INFO             PET0 !!!!!!!!!!!!!!!!!!!!!!!!!!!!!!!!!!!!!!!!!!!!!!!!!!!!!!
20231111 031911.952 INFO             PET0 Running with ESMF Version   : v8.7.0b01
20231111 031911.952 INFO             PET0 ESMF library build date/time: "Nov 11 2023" "02:40:27"
20231111 031911.952 INFO             PET0 ESMF library build location : /project/esmf/theurich/ESMF-Nightly-Testing/gfortran_8.2.0_mpiuni_g_develop/esmf
20231111 031911.952 INFO             PET0 ESMF_COMM                   : mpiuni
20231111 031911.952 INFO             PET0 ESMF_MOAB                   : enabled
20231111 031911.952 INFO             PET0 ESMF_LAPACK                 : enabled
20231111 031911.952 INFO             PET0 ESMF_NETCDF                 : enabled
20231111 031911.952 INFO             PET0 ESMF_PNETCDF                : disabled
20231111 031911.952 INFO             PET0 ESMF_PIO                    : disabled
20231111 031911.952 INFO             PET0 ESMF_YAMLCPP                : enabled
20231111 031911.955 INFO             PET0  NUMBER_OF_PROCESSORS           1
20231111 031911.955 INFO             PET0  PASS  Example ESMF_GridCreateRegFromDGEx, ESMF_GridCreateRegFromDGEx.F90, line 112
20231111 031911.955 INFO             PET0  Finalizing ESMF
