2023-11-13 02:08:28
20231113 023142.976 INFO             PET0 !!!!!!!!!!!!!!!!!!!!!!!!!!!!!!!!!!!!!!!!!!!!!!!!!!!!!!
20231113 023142.976 INFO             PET0 !!! THE ESMF_LOG IS SET TO OUTPUT ALL LOG MESSAGES !!!
20231113 023142.976 INFO             PET0 !!!     THIS MAY CAUSE SLOWDOWN IN PERFORMANCE     !!!
20231113 023142.976 INFO             PET0 !!! FOR PRODUCTION RUNS, USE:                      !!!
20231113 023142.976 INFO             PET0 !!!                   ESMF_LOGKIND_Multi_On_Error  !!!
20231113 023142.976 INFO             PET0 !!!!!!!!!!!!!!!!!!!!!!!!!!!!!!!!!!!!!!!!!!!!!!!!!!!!!!
20231113 023142.976 INFO             PET0 Running with ESMF Version   : v8.6.0
20231113 023142.976 INFO             PET0 ESMF library build date/time: "Nov 13 2023" "02:06:58"
20231113 023142.976 INFO             PET0 ESMF library build location : /scratch/cluster/theurich/ESMF-Nightly-Testing/gfortran_9.3.0_mpiuni_O_v8.6.0/esmf
20231113 023142.976 INFO             PET0 ESMF_COMM                   : mpiuni
20231113 023142.977 INFO             PET0 ESMF_MOAB                   : enabled
20231113 023142.977 INFO             PET0 ESMF_LAPACK                 : enabled
20231113 023142.977 INFO             PET0 ESMF_NETCDF                 : enabled
20231113 023142.977 INFO             PET0 ESMF_PNETCDF                : disabled
20231113 023142.977 INFO             PET0 ESMF_PIO                    : disabled
20231113 023142.977 INFO             PET0 ESMF_YAMLCPP                : enabled
20231113 023143.039 DEBUG            PET0 about to destroy Grid: 0x13e3e90
20231113 023143.045 DEBUG            PET0 about to destroy Grid: 0x13e5460
20231113 023143.062 INFO             PET0  NUMBER_OF_PROCESSORS           1
20231113 023143.062 INFO             PET0  PASS  Example ESMF_NUOPCAtmModelEx, ESMF_NUOPCAtmModelEx.F90, line 806
20231113 023143.062 INFO             PET0  Finalizing ESMF
