2023-10-05 02:50:17
20231005 033203.972 INFO             PET0 !!!!!!!!!!!!!!!!!!!!!!!!!!!!!!!!!!!!!!!!!!!!!!!!!!!!!!
20231005 033203.972 INFO             PET0 !!! THE ESMF_LOG IS SET TO OUTPUT ALL LOG MESSAGES !!!
20231005 033203.972 INFO             PET0 !!!     THIS MAY CAUSE SLOWDOWN IN PERFORMANCE     !!!
20231005 033203.972 INFO             PET0 !!! FOR PRODUCTION RUNS, USE:                      !!!
20231005 033203.972 INFO             PET0 !!!                   ESMF_LOGKIND_Multi_On_Error  !!!
20231005 033203.972 INFO             PET0 !!!!!!!!!!!!!!!!!!!!!!!!!!!!!!!!!!!!!!!!!!!!!!!!!!!!!!
20231005 033203.972 INFO             PET0 Running with ESMF Version   : v8.6.0b07-59-g89013280a7
20231005 033203.972 INFO             PET0 ESMF library build date/time: "Oct  5 2023" "02:48:16"
20231005 033203.972 INFO             PET0 ESMF library build location : /glade/derecho/scratch/theurich/ESMF-Nightly-Testing/nvhpc_23.5_mpi_g_develop/esmf
20231005 033203.973 INFO             PET0 ESMF_COMM                   : mpi
20231005 033203.973 INFO             PET0 ESMF_MOAB                   : enabled
20231005 033203.973 INFO             PET0 ESMF_LAPACK                 : enabled
20231005 033203.973 INFO             PET0 ESMF_NETCDF                 : enabled
20231005 033203.973 INFO             PET0 ESMF_PNETCDF                : disabled
20231005 033203.973 INFO             PET0 ESMF_PIO                    : enabled
20231005 033203.973 INFO             PET0 ESMF_YAMLCPP                : enabled
20231005 033204.064 DEBUG            PET0 about to destroy Grid: 0x7c2db0
20231005 033204.075 DEBUG            PET0 about to destroy Grid: 0x7c5380
20231005 033204.104 INFO             PET0  NUMBER_OF_PROCESSORS            4
20231005 033204.104 INFO             PET0  PASS  Example ESMF_NUOPCAtmModelEx, ESMF_NUOPCAtmModelEx.F90, line 806
20231005 033204.104 INFO             PET0 Finalizing ESMF
20231005 033203.972 INFO             PET1 !!!!!!!!!!!!!!!!!!!!!!!!!!!!!!!!!!!!!!!!!!!!!!!!!!!!!!
20231005 033203.973 INFO             PET1 !!! THE ESMF_LOG IS SET TO OUTPUT ALL LOG MESSAGES !!!
20231005 033203.973 INFO             PET1 !!!     THIS MAY CAUSE SLOWDOWN IN PERFORMANCE     !!!
20231005 033203.973 INFO             PET1 !!! FOR PRODUCTION RUNS, USE:                      !!!
20231005 033203.973 INFO             PET1 !!!                   ESMF_LOGKIND_Multi_On_Error  !!!
20231005 033203.973 INFO             PET1 !!!!!!!!!!!!!!!!!!!!!!!!!!!!!!!!!!!!!!!!!!!!!!!!!!!!!!
20231005 033203.973 INFO             PET1 Running with ESMF Version   : v8.6.0b07-59-g89013280a7
20231005 033203.973 INFO             PET1 ESMF library build date/time: "Oct  5 2023" "02:48:16"
20231005 033203.973 INFO             PET1 ESMF library build location : /glade/derecho/scratch/theurich/ESMF-Nightly-Testing/nvhpc_23.5_mpi_g_develop/esmf
20231005 033203.973 INFO             PET1 ESMF_COMM                   : mpi
20231005 033203.973 INFO             PET1 ESMF_MOAB                   : enabled
20231005 033203.973 INFO             PET1 ESMF_LAPACK                 : enabled
20231005 033203.973 INFO             PET1 ESMF_NETCDF                 : enabled
20231005 033203.973 INFO             PET1 ESMF_PNETCDF                : disabled
20231005 033203.973 INFO             PET1 ESMF_PIO                    : enabled
20231005 033203.973 INFO             PET1 ESMF_YAMLCPP                : enabled
20231005 033204.064 DEBUG            PET1 about to destroy Grid: 0x7be420
20231005 033204.075 DEBUG            PET1 about to destroy Grid: 0x7bfa20
20231005 033204.104 INFO             PET1  NUMBER_OF_PROCESSORS            4
20231005 033204.104 INFO             PET1  PASS  Example ESMF_NUOPCAtmModelEx, ESMF_NUOPCAtmModelEx.F90, line 806
20231005 033204.104 INFO             PET1 Finalizing ESMF
20231005 033203.973 INFO             PET2 !!!!!!!!!!!!!!!!!!!!!!!!!!!!!!!!!!!!!!!!!!!!!!!!!!!!!!
20231005 033203.973 INFO             PET2 !!! THE ESMF_LOG IS SET TO OUTPUT ALL LOG MESSAGES !!!
20231005 033203.973 INFO             PET2 !!!     THIS MAY CAUSE SLOWDOWN IN PERFORMANCE     !!!
20231005 033203.973 INFO             PET2 !!! FOR PRODUCTION RUNS, USE:                      !!!
20231005 033203.973 INFO             PET2 !!!                   ESMF_LOGKIND_Multi_On_Error  !!!
20231005 033203.973 INFO             PET2 !!!!!!!!!!!!!!!!!!!!!!!!!!!!!!!!!!!!!!!!!!!!!!!!!!!!!!
20231005 033203.973 INFO             PET2 Running with ESMF Version   : v8.6.0b07-59-g89013280a7
20231005 033203.973 INFO             PET2 ESMF library build date/time: "Oct  5 2023" "02:48:16"
20231005 033203.973 INFO             PET2 ESMF library build location : /glade/derecho/scratch/theurich/ESMF-Nightly-Testing/nvhpc_23.5_mpi_g_develop/esmf
20231005 033203.973 INFO             PET2 ESMF_COMM                   : mpi
20231005 033203.973 INFO             PET2 ESMF_MOAB                   : enabled
20231005 033203.973 INFO             PET2 ESMF_LAPACK                 : enabled
20231005 033203.973 INFO             PET2 ESMF_NETCDF                 : enabled
20231005 033203.973 INFO             PET2 ESMF_PNETCDF                : disabled
20231005 033203.973 INFO             PET2 ESMF_PIO                    : enabled
20231005 033203.973 INFO             PET2 ESMF_YAMLCPP                : enabled
20231005 033204.064 DEBUG            PET2 about to destroy Grid: 0x7bdff0
20231005 033204.075 DEBUG            PET2 about to destroy Grid: 0x7bfab0
20231005 033204.104 INFO             PET2  NUMBER_OF_PROCESSORS            4
20231005 033204.104 INFO             PET2  PASS  Example ESMF_NUOPCAtmModelEx, ESMF_NUOPCAtmModelEx.F90, line 806
20231005 033204.104 INFO             PET2 Finalizing ESMF
20231005 033203.973 INFO             PET3 !!!!!!!!!!!!!!!!!!!!!!!!!!!!!!!!!!!!!!!!!!!!!!!!!!!!!!
20231005 033203.973 INFO             PET3 !!! THE ESMF_LOG IS SET TO OUTPUT ALL LOG MESSAGES !!!
20231005 033203.973 INFO             PET3 !!!     THIS MAY CAUSE SLOWDOWN IN PERFORMANCE     !!!
20231005 033203.973 INFO             PET3 !!! FOR PRODUCTION RUNS, USE:                      !!!
20231005 033203.973 INFO             PET3 !!!                   ESMF_LOGKIND_Multi_On_Error  !!!
20231005 033203.973 INFO             PET3 !!!!!!!!!!!!!!!!!!!!!!!!!!!!!!!!!!!!!!!!!!!!!!!!!!!!!!
20231005 033203.973 INFO             PET3 Running with ESMF Version   : v8.6.0b07-59-g89013280a7
20231005 033203.973 INFO             PET3 ESMF library build date/time: "Oct  5 2023" "02:48:16"
20231005 033203.973 INFO             PET3 ESMF library build location : /glade/derecho/scratch/theurich/ESMF-Nightly-Testing/nvhpc_23.5_mpi_g_develop/esmf
20231005 033203.973 INFO             PET3 ESMF_COMM                   : mpi
20231005 033203.974 INFO             PET3 ESMF_MOAB                   : enabled
20231005 033203.974 INFO             PET3 ESMF_LAPACK                 : enabled
20231005 033203.974 INFO             PET3 ESMF_NETCDF                 : enabled
20231005 033203.974 INFO             PET3 ESMF_PNETCDF                : disabled
20231005 033203.974 INFO             PET3 ESMF_PIO                    : enabled
20231005 033203.974 INFO             PET3 ESMF_YAMLCPP                : enabled
20231005 033204.064 DEBUG            PET3 about to destroy Grid: 0x7bda60
20231005 033204.075 DEBUG            PET3 about to destroy Grid: 0x7bf060
20231005 033204.104 INFO             PET3  NUMBER_OF_PROCESSORS            4
20231005 033204.104 INFO             PET3  PASS  Example ESMF_NUOPCAtmModelEx, ESMF_NUOPCAtmModelEx.F90, line 806
20231005 033204.104 INFO             PET3 Finalizing ESMF
