2023-11-03 20:02:01
20231103 202012.793 INFO             PET0 !!!!!!!!!!!!!!!!!!!!!!!!!!!!!!!!!!!!!!!!!!!!!!!!!!!!!!
20231103 202012.794 INFO             PET0 !!! THE ESMF_LOG IS SET TO OUTPUT ALL LOG MESSAGES !!!
20231103 202012.794 INFO             PET0 !!!     THIS MAY CAUSE SLOWDOWN IN PERFORMANCE     !!!
20231103 202012.794 INFO             PET0 !!! FOR PRODUCTION RUNS, USE:                      !!!
20231103 202012.794 INFO             PET0 !!!                   ESMF_LOGKIND_Multi_On_Error  !!!
20231103 202012.794 INFO             PET0 !!!!!!!!!!!!!!!!!!!!!!!!!!!!!!!!!!!!!!!!!!!!!!!!!!!!!!
20231103 202012.794 INFO             PET0 Running with ESMF Version   : v8.6.0b13-7-g01b978c4a0
20231103 202012.794 INFO             PET0 ESMF library build date/time: "Nov  3 2023" "20:00:44"
20231103 202012.794 INFO             PET0 ESMF library build location : /project/esmf/sacks/esmf-testing/gfortran_11.2.0_mpiuni_O_release_8.6.0/esmf
20231103 202012.794 INFO             PET0 ESMF_COMM                   : mpiuni
20231103 202012.794 INFO             PET0 ESMF_MOAB                   : enabled
20231103 202012.794 INFO             PET0 ESMF_LAPACK                 : enabled
20231103 202012.794 INFO             PET0 ESMF_NETCDF                 : enabled
20231103 202012.794 INFO             PET0 ESMF_PNETCDF                : disabled
20231103 202012.794 INFO             PET0 ESMF_PIO                    : disabled
20231103 202012.794 INFO             PET0 ESMF_YAMLCPP                : enabled
20231103 202012.794 INFO             PET0  NUMBER_OF_PROCESSORS           1
20231103 202012.794 INFO             PET0  PASS  Example ESMF_VMScatterVMGatherEx, ESMF_VMScatterVMGatherEx.F90, line 120
20231103 202012.794 INFO             PET0  Finalizing ESMF
