2023-11-04 05:54:22
20231104 061719.840 INFO             PET0 !!!!!!!!!!!!!!!!!!!!!!!!!!!!!!!!!!!!!!!!!!!!!!!!!!!!!!
20231104 061719.841 INFO             PET0 !!! THE ESMF_LOG IS SET TO OUTPUT ALL LOG MESSAGES !!!
20231104 061719.841 INFO             PET0 !!!     THIS MAY CAUSE SLOWDOWN IN PERFORMANCE     !!!
20231104 061719.841 INFO             PET0 !!! FOR PRODUCTION RUNS, USE:                      !!!
20231104 061719.841 INFO             PET0 !!!                   ESMF_LOGKIND_Multi_On_Error  !!!
20231104 061719.841 INFO             PET0 !!!!!!!!!!!!!!!!!!!!!!!!!!!!!!!!!!!!!!!!!!!!!!!!!!!!!!
20231104 061719.841 INFO             PET0 Running with ESMF Version   : v8.7.0b00-3-gae6d46cf0b
20231104 061719.841 INFO             PET0 ESMF library build date/time: "Nov  4 2023" "05:52:41"
20231104 061719.841 INFO             PET0 ESMF library build location : /project/esmf/sacks/esmf-testing/gfortran_11.2.0_mpiuni_O_develop/esmf
20231104 061719.841 INFO             PET0 ESMF_COMM                   : mpiuni
20231104 061719.841 INFO             PET0 ESMF_MOAB                   : enabled
20231104 061719.841 INFO             PET0 ESMF_LAPACK                 : enabled
20231104 061719.841 INFO             PET0 ESMF_NETCDF                 : enabled
20231104 061719.841 INFO             PET0 ESMF_PNETCDF                : disabled
20231104 061719.841 INFO             PET0 ESMF_PIO                    : disabled
20231104 061719.841 INFO             PET0 ESMF_YAMLCPP                : enabled
20231104 061719.855 INFO             PET0  NUMBER_OF_PROCESSORS           1
20231104 061719.855 INFO             PET0  PASS  Example ESMF_LocStreamEx, ESMF_LocStreamEx.F90, line 784
20231104 061719.855 INFO             PET0  Finalizing ESMF
