2023-11-19 04:35:41
20231119 053446.740 INFO             PET0 !!!!!!!!!!!!!!!!!!!!!!!!!!!!!!!!!!!!!!!!!!!!!!!!!!!!!!
20231119 053446.741 INFO             PET0 !!! THE ESMF_LOG IS SET TO OUTPUT ALL LOG MESSAGES !!!
20231119 053446.741 INFO             PET0 !!!     THIS MAY CAUSE SLOWDOWN IN PERFORMANCE     !!!
20231119 053446.741 INFO             PET0 !!! FOR PRODUCTION RUNS, USE:                      !!!
20231119 053446.741 INFO             PET0 !!!                   ESMF_LOGKIND_Multi_On_Error  !!!
20231119 053446.741 INFO             PET0 !!!!!!!!!!!!!!!!!!!!!!!!!!!!!!!!!!!!!!!!!!!!!!!!!!!!!!
20231119 053446.741 INFO             PET0 Running with ESMF Version   : v8.7.0b01-5-gf664797301
20231119 053446.741 INFO             PET0 ESMF library build date/time: "Nov 19 2023" "04:32:15"
20231119 053446.741 INFO             PET0 ESMF library build location : /glade/scratch/theurich/ESMF-Nightly-Testing/nvhpc_22.2_mpiuni_g_develop/esmf
20231119 053446.741 INFO             PET0 ESMF_COMM                   : mpiuni
20231119 053446.741 INFO             PET0 ESMF_MOAB                   : enabled
20231119 053446.741 INFO             PET0 ESMF_LAPACK                 : enabled
20231119 053446.741 INFO             PET0 ESMF_NETCDF                 : enabled
20231119 053446.741 INFO             PET0 ESMF_PNETCDF                : disabled
20231119 053446.741 INFO             PET0 ESMF_PIO                    : disabled
20231119 053446.741 INFO             PET0 ESMF_YAMLCPP                : enabled
20231119 053446.741 INFO             PET0 ESMF Tracing Enabled
20231119 053446.741 INFO             PET0 ESMF Profiling Enabled
20231119 053446.741 INFO             PET0 ESMF Trace/Profile clock: REALTIME
20231119 053446.744 INFO             PET0  NUMBER_OF_PROCESSORS            1
20231119 053446.744 INFO             PET0  PASS  Example ESMF_TraceEx, ESMF_TraceEx.F90, line 178
20231119 053446.744 INFO             PET0  Finalizing ESMF
20231119 053446.745 INFO             PET0 **************** Region Timings *******************
20231119 053446.745 INFO             PET0 Region              Count  Total (s)   Self (s)    Mean (s)    Min (s)     Max (s)
20231119 053446.745 INFO             PET0   [ESMF]            1      0.0011      0.0010      0.0011      0.0011      0.0011
20231119 053446.745 INFO             PET0     [test] Run 1    5      0.0000      0.0000      0.0000      0.0000      0.0000
20231119 053446.745 INFO             PET0     [test] Init 1   1      0.0000      0.0000      0.0000      0.0000      0.0000
20231119 053446.745 INFO             PET0     [test] Final 1  1      0.0000      0.0000      0.0000      0.0000      0.0000
