2023-11-02 04:38:10
20231102 053649.529 INFO             PET0 !!!!!!!!!!!!!!!!!!!!!!!!!!!!!!!!!!!!!!!!!!!!!!!!!!!!!!
20231102 053649.530 INFO             PET0 !!! THE ESMF_LOG IS SET TO OUTPUT ALL LOG MESSAGES !!!
20231102 053649.530 INFO             PET0 !!!     THIS MAY CAUSE SLOWDOWN IN PERFORMANCE     !!!
20231102 053649.530 INFO             PET0 !!! FOR PRODUCTION RUNS, USE:                      !!!
20231102 053649.530 INFO             PET0 !!!                   ESMF_LOGKIND_Multi_On_Error  !!!
20231102 053649.530 INFO             PET0 !!!!!!!!!!!!!!!!!!!!!!!!!!!!!!!!!!!!!!!!!!!!!!!!!!!!!!
20231102 053649.530 INFO             PET0 Running with ESMF Version   : v8.7.0b00-3-gae6d46cf0b
20231102 053649.530 INFO             PET0 ESMF library build date/time: "Nov  2 2023" "04:34:43"
20231102 053649.530 INFO             PET0 ESMF library build location : /glade/scratch/theurich/ESMF-Nightly-Testing/nvhpc_22.2_mpiuni_g_develop/esmf
20231102 053649.530 INFO             PET0 ESMF_COMM                   : mpiuni
20231102 053649.530 INFO             PET0 ESMF_MOAB                   : enabled
20231102 053649.530 INFO             PET0 ESMF_LAPACK                 : enabled
20231102 053649.530 INFO             PET0 ESMF_NETCDF                 : enabled
20231102 053649.530 INFO             PET0 ESMF_PNETCDF                : disabled
20231102 053649.530 INFO             PET0 ESMF_PIO                    : disabled
20231102 053649.530 INFO             PET0 ESMF_YAMLCPP                : enabled
20231102 053649.530 INFO             PET0  NUMBER_OF_PROCESSORS            1
20231102 053649.530 INFO             PET0  PASS  Example ESMF_TimeIntervalEx, ESMF_TimeIntervalEx.F90, line 176
20231102 053649.530 INFO             PET0  Finalizing ESMF
