2023-11-14 03:21:16
20231114 035631.147 INFO             PET0 !!!!!!!!!!!!!!!!!!!!!!!!!!!!!!!!!!!!!!!!!!!!!!!!!!!!!!
20231114 035631.147 INFO             PET0 !!! THE ESMF_LOG IS SET TO OUTPUT ALL LOG MESSAGES !!!
20231114 035631.147 INFO             PET0 !!!     THIS MAY CAUSE SLOWDOWN IN PERFORMANCE     !!!
20231114 035631.147 INFO             PET0 !!! FOR PRODUCTION RUNS, USE:                      !!!
20231114 035631.147 INFO             PET0 !!!                   ESMF_LOGKIND_Multi_On_Error  !!!
20231114 035631.147 INFO             PET0 !!!!!!!!!!!!!!!!!!!!!!!!!!!!!!!!!!!!!!!!!!!!!!!!!!!!!!
20231114 035631.147 INFO             PET0 Running with ESMF Version   : v8.7.0b01
20231114 035631.147 INFO             PET0 ESMF library build date/time: "Nov 14 2023" "03:19:04"
20231114 035631.147 INFO             PET0 ESMF library build location : /glade/derecho/scratch/theurich/ESMF-Nightly-Testing/cce_15.0.1_mpiuni_O_develop/esmf
20231114 035631.147 INFO             PET0 ESMF_COMM                   : mpiuni
20231114 035631.148 INFO             PET0 ESMF_MOAB                   : enabled
20231114 035631.148 INFO             PET0 ESMF_LAPACK                 : enabled
20231114 035631.148 INFO             PET0 ESMF_NETCDF                 : enabled
20231114 035631.148 INFO             PET0 ESMF_PNETCDF                : disabled
20231114 035631.148 INFO             PET0 ESMF_PIO                    : disabled
20231114 035631.148 INFO             PET0 ESMF_YAMLCPP                : enabled
20231114 035631.148 INFO             PET0 ESMF Tracing Enabled
20231114 035631.148 INFO             PET0 ESMF Profiling Enabled
20231114 035631.148 INFO             PET0 ESMF Trace/Profile clock: REALTIME
20231114 035631.150 INFO             PET0  NUMBER_OF_PROCESSORS 1
20231114 035631.150 INFO             PET0  PASS  Example ESMF_TraceEx, ESMF_TraceEx.F90, line 178
20231114 035631.150 INFO             PET0  Finalizing ESMF
20231114 035631.150 INFO             PET0 **************** Region Timings *******************
20231114 035631.150 INFO             PET0 Region              Count  Total (s)   Self (s)    Mean (s)    Min (s)     Max (s)
20231114 035631.150 INFO             PET0   [ESMF]            1      0.0007      0.0007      0.0007      0.0007      0.0007
20231114 035631.150 INFO             PET0     [test] Run 1    5      0.0000      0.0000      0.0000      0.0000      0.0000
20231114 035631.150 INFO             PET0     [test] Init 1   1      0.0000      0.0000      0.0000      0.0000      0.0000
20231114 035631.150 INFO             PET0     [test] Final 1  1      0.0000      0.0000      0.0000      0.0000      0.0000
