2023-10-19 03:10:49
20231019 034135.277 INFO             PET0 !!!!!!!!!!!!!!!!!!!!!!!!!!!!!!!!!!!!!!!!!!!!!!!!!!!!!!
20231019 034135.277 INFO             PET0 !!! THE ESMF_LOG IS SET TO OUTPUT ALL LOG MESSAGES !!!
20231019 034135.277 INFO             PET0 !!!     THIS MAY CAUSE SLOWDOWN IN PERFORMANCE     !!!
20231019 034135.277 INFO             PET0 !!! FOR PRODUCTION RUNS, USE:                      !!!
20231019 034135.277 INFO             PET0 !!!                   ESMF_LOGKIND_Multi_On_Error  !!!
20231019 034135.277 INFO             PET0 !!!!!!!!!!!!!!!!!!!!!!!!!!!!!!!!!!!!!!!!!!!!!!!!!!!!!!
20231019 034135.277 INFO             PET0 Running with ESMF Version   : v8.6.0b09-25-g3a1ad6fbd7
20231019 034135.277 INFO             PET0 ESMF library build date/time: "Oct 19 2023" "03:09:00"
20231019 034135.277 INFO             PET0 ESMF library build location : /glade/derecho/scratch/theurich/ESMF-Nightly-Testing/cce_15.0.1_mpiuni_O_develop/esmf
20231019 034135.277 INFO             PET0 ESMF_COMM                   : mpiuni
20231019 034135.278 INFO             PET0 ESMF_MOAB                   : enabled
20231019 034135.278 INFO             PET0 ESMF_LAPACK                 : enabled
20231019 034135.278 INFO             PET0 ESMF_NETCDF                 : enabled
20231019 034135.278 INFO             PET0 ESMF_PNETCDF                : disabled
20231019 034135.278 INFO             PET0 ESMF_PIO                    : disabled
20231019 034135.278 INFO             PET0 ESMF_YAMLCPP                : enabled
20231019 034135.281 INFO             PET0  NUMBER_OF_PROCESSORS 1
20231019 034135.281 INFO             PET0  PASS  Example ESMF_XGridSparseMatEx, ESMF_XGridSparseMatEx.F90, line 642
20231019 034135.281 INFO             PET0  Finalizing ESMF
