2023-10-16 07:34:07
20231016 080315.843 INFO             PET0 !!!!!!!!!!!!!!!!!!!!!!!!!!!!!!!!!!!!!!!!!!!!!!!!!!!!!!
20231016 080315.844 INFO             PET0 !!! THE ESMF_LOG IS SET TO OUTPUT ALL LOG MESSAGES !!!
20231016 080315.844 INFO             PET0 !!!     THIS MAY CAUSE SLOWDOWN IN PERFORMANCE     !!!
20231016 080315.844 INFO             PET0 !!! FOR PRODUCTION RUNS, USE:                      !!!
20231016 080315.844 INFO             PET0 !!!                   ESMF_LOGKIND_Multi_On_Error  !!!
20231016 080315.844 INFO             PET0 !!!!!!!!!!!!!!!!!!!!!!!!!!!!!!!!!!!!!!!!!!!!!!!!!!!!!!
20231016 080315.844 INFO             PET0 Running with ESMF Version   : v8.6.0b09
20231016 080315.844 INFO             PET0 ESMF library build date/time: "Oct 16 2023" "07:32:15"
20231016 080315.844 INFO             PET0 ESMF library build location : /scratch2/NCEPDEV/stmp1/Gerhard.Theurich/ESMF-Nightly-Testing/gfortran_9.2.0_mpiuni_g_develop/esmf
20231016 080315.844 INFO             PET0 ESMF_COMM                   : mpiuni
20231016 080315.845 INFO             PET0 ESMF_MOAB                   : enabled
20231016 080315.845 INFO             PET0 ESMF_LAPACK                 : enabled
20231016 080315.845 INFO             PET0 ESMF_NETCDF                 : enabled
20231016 080315.845 INFO             PET0 ESMF_PNETCDF                : disabled
20231016 080315.845 INFO             PET0 ESMF_PIO                    : disabled
20231016 080315.845 INFO             PET0 ESMF_YAMLCPP                : enabled
20231016 080315.846 INFO             PET0  NUMBER_OF_PROCESSORS           1
20231016 080315.846 INFO             PET0  PASS  Example ESMF_StateEx, ESMF_StateEx.F90, line 237
20231016 080315.846 INFO             PET0  Finalizing ESMF
