2023-11-14 07:35:09
20231114 080042.371 INFO             PET0 !!!!!!!!!!!!!!!!!!!!!!!!!!!!!!!!!!!!!!!!!!!!!!!!!!!!!!
20231114 080042.371 INFO             PET0 !!! THE ESMF_LOG IS SET TO OUTPUT ALL LOG MESSAGES !!!
20231114 080042.371 INFO             PET0 !!!     THIS MAY CAUSE SLOWDOWN IN PERFORMANCE     !!!
20231114 080042.371 INFO             PET0 !!! FOR PRODUCTION RUNS, USE:                      !!!
20231114 080042.371 INFO             PET0 !!!                   ESMF_LOGKIND_Multi_On_Error  !!!
20231114 080042.371 INFO             PET0 !!!!!!!!!!!!!!!!!!!!!!!!!!!!!!!!!!!!!!!!!!!!!!!!!!!!!!
20231114 080042.371 INFO             PET0 Running with ESMF Version   : v8.7.0b01
20231114 080042.371 INFO             PET0 ESMF library build date/time: "Nov 14 2023" "07:33:33"
20231114 080042.371 INFO             PET0 ESMF library build location : /scratch2/NCEPDEV/stmp1/Gerhard.Theurich/ESMF-Nightly-Testing/gfortran_9.2.0_mpiuni_g_develop/esmf
20231114 080042.371 INFO             PET0 ESMF_COMM                   : mpiuni
20231114 080042.372 INFO             PET0 ESMF_MOAB                   : enabled
20231114 080042.372 INFO             PET0 ESMF_LAPACK                 : enabled
20231114 080042.372 INFO             PET0 ESMF_NETCDF                 : enabled
20231114 080042.372 INFO             PET0 ESMF_PNETCDF                : disabled
20231114 080042.372 INFO             PET0 ESMF_PIO                    : disabled
20231114 080042.372 INFO             PET0 ESMF_YAMLCPP                : enabled
20231114 080042.372 INFO             PET0 ESMF Tracing Enabled
20231114 080042.372 INFO             PET0 ESMF Profiling Enabled
20231114 080042.372 INFO             PET0 ESMF Trace/Profile clock: REALTIME
20231114 080042.375 INFO             PET0  NUMBER_OF_PROCESSORS           1
20231114 080042.375 INFO             PET0  PASS  Example ESMF_TraceEx, ESMF_TraceEx.F90, line 178
20231114 080042.375 INFO             PET0  Finalizing ESMF
20231114 080042.375 INFO             PET0 **************** Region Timings *******************
20231114 080042.376 INFO             PET0 Region              Count  Total (s)   Self (s)    Mean (s)    Min (s)     Max (s)
20231114 080042.376 INFO             PET0   [ESMF]            1      0.0014      0.0014      0.0014      0.0014      0.0014
20231114 080042.376 INFO             PET0     [test] Init 1   1      0.0000      0.0000      0.0000      0.0000      0.0000
20231114 080042.376 INFO             PET0     [test] Run 1    5      0.0000      0.0000      0.0000      0.0000      0.0000
20231114 080042.376 INFO             PET0     [test] Final 1  1      0.0000      0.0000      0.0000      0.0000      0.0000
