2023-11-19 07:35:19
20231119 080133.221 INFO             PET0 !!!!!!!!!!!!!!!!!!!!!!!!!!!!!!!!!!!!!!!!!!!!!!!!!!!!!!
20231119 080133.221 INFO             PET0 !!! THE ESMF_LOG IS SET TO OUTPUT ALL LOG MESSAGES !!!
20231119 080133.221 INFO             PET0 !!!     THIS MAY CAUSE SLOWDOWN IN PERFORMANCE     !!!
20231119 080133.221 INFO             PET0 !!! FOR PRODUCTION RUNS, USE:                      !!!
20231119 080133.221 INFO             PET0 !!!                   ESMF_LOGKIND_Multi_On_Error  !!!
20231119 080133.221 INFO             PET0 !!!!!!!!!!!!!!!!!!!!!!!!!!!!!!!!!!!!!!!!!!!!!!!!!!!!!!
20231119 080133.221 INFO             PET0 Running with ESMF Version   : v8.7.0b01-5-gf664797301
20231119 080133.221 INFO             PET0 ESMF library build date/time: "Nov 19 2023" "07:33:43"
20231119 080133.221 INFO             PET0 ESMF library build location : /scratch2/NCEPDEV/stmp1/Gerhard.Theurich/ESMF-Nightly-Testing/gfortran_9.2.0_mpiuni_g_develop/esmf
20231119 080133.221 INFO             PET0 ESMF_COMM                   : mpiuni
20231119 080133.222 INFO             PET0 ESMF_MOAB                   : enabled
20231119 080133.222 INFO             PET0 ESMF_LAPACK                 : enabled
20231119 080133.222 INFO             PET0 ESMF_NETCDF                 : enabled
20231119 080133.222 INFO             PET0 ESMF_PNETCDF                : disabled
20231119 080133.222 INFO             PET0 ESMF_PIO                    : disabled
20231119 080133.222 INFO             PET0 ESMF_YAMLCPP                : enabled
20231119 080133.263 INFO             PET0  NUMBER_OF_PROCESSORS           1
20231119 080133.263 INFO             PET0  PASS  Example ESMF_LocStreamEx, ESMF_LocStreamEx.F90, line 784
20231119 080133.263 INFO             PET0  Finalizing ESMF
