2023-11-17 02:48:23
--- ESMCI::ArrayBundle::print start ---
ArrayBundle: MyArrayBundle
arrayCount = 3
Container::print() multipmap:item=0 key=AonFly value=0xd69800
Container::print() multipmap:item=1 key=Array002 value=0xd663c0
Container::print() multipmap:item=2 key=Array003 value=0xd66f20
Container::print()      list:item=0 key=Array002 value=0xd663c0
Container::print()      list:item=1 key=Array003 value=0xd66f20
Container::print()      list:item=2 key=AonFly value=0xd69800
--- ESMCI::ArrayBundle::print end ---
--- ESMCI::ArrayBundle::print start ---
ArrayBundle: MyArrayBundle
arrayCount = 3
Container::print() multipmap:item=0 key=AonFly value=0x1006740
Container::print() multipmap:item=1 key=Array002 value=0x10033c0
Container::print() multipmap:item=2 key=Array003 value=0x1003ee0
Container::print()      list:item=0 key=Array002 value=0x10033c0
Container::print()      list:item=1 key=Array003 value=0x1003ee0
Container::print()      list:item=2 key=AonFly value=0x1006740
--- ESMCI::ArrayBundle::print end ---
--- ESMCI::Array::print start ---
 Base name    = AonFly
--- ESMCI::ArrayBundle::print start ---
ArrayBundle: MyArrayBundle
arrayCount = 3
Container::print() multipmap:item=--- ESMCI::ArrayBundle::print start ---
ArrayBundle: MyArrayBundle
arrayCount = 3
Container::print() multipmap:item=--- ESMCI::Array::print start ---
 Base name    = AonFly
 Status: Base = Ready,  object = Ready
 Proxy        = no
 Root Info (Attributes):
 Status: Base = Ready,  object = Ready
 Proxy        = no
 Root Info (Attributes):
0 key=AonFly value=0x231b990
Container::print() multipmap:item=1 key=0 key=AonFly value=0x25c99b0
Container::print() multipmap:item=1 key=Array002 value=0x25c57f0
Array002 value=0x2317720
Container::print() multipmap:item=2 key=Array003 value=Container::print() multipmap:item=2 key=Array003 value=0x25c6660
Container::print()      list:item=0 key=0x2318650
Container::print()      list:item=0 key=Array002 value=0x2317720Array002 value=0x25c57f0
Container::print()      list:item=1 key=Array003 value=
Container::print()      list:item=1 key=Array003 value=0x2318650
0x25c6660
Container::print()      list:item=2 key=AonFly value=0x25c99b0
Container::print()      list:item=2 key=AonFly value=0x231b990
--- ESMCI::ArrayBundle::print end ---
--- ESMCI::ArrayBundle::print end ---
{}{}Array typekind/rank: Real*4 / 2 
~ lower class' values ~
DistGrid dimCount = 2
deCount = 6
localDeCount = 1
~ local data in LocalArray for DE 2 ~
LocalArrayPrint: Array at address 0xd694d0:
Array typekind/rank: Real*4 / 2 
~ lower class' values ~
DistGrid dimCount = 2
deCount = 6
localDeCount = 1
~ local data in LocalArray for DE 3 ~
--- ESMCI::Array::print start ---
 Base name    =             rank = 2, typekind = 5, base_addr = 0xd65ff0
            dim[0] = 3  dim[1] = 2  
  Real, *4, Dim 2, Data values:
LocalArrayPrint: Array at address 0x1006410:
            rank = 2, typekind = 5, base_addr = 0x1002ff0
            dim[0] = 2  dim[1] = 2  AonFly
 Status: Base = Ready,  object = --- ESMCI::Array::print start ---
 Base name    = AonFly
 Status: Base = Ready,  object = Ready

  Real, *4, Dim 2, Data values:
Ready
 Proxy        = no
 Root Info (Attributes):
 Proxy        = no
 Root Info (Attributes):
( 1, 1) =  1.96954e-38
( 2, 1) =  0
( 3, 1) =  0
( 1, 2) =  0
( 2, 2) =  0
( 3, 2) =  0
dim 1: [0]: [1 [1 [1, 3] 3] 3]
dim 2: [1]: [1 [1 [1, 2] 2] 2]
--- ESMCI::Array::print end ---
--- ESMCI::Array::print start ---
 Base name    = Array002
 Status: Base = Ready,  object = Ready
( 1, 1) =  2.35604e-38
( 2, 1) =  0
( 1, 2) =  0
( 2, 2) =  0
dim 1: [0]: [1 [1 [1, 2] 2] 2]
 Proxy        = no
 Root Info (Attributes):
{}dim 2: [1]: [1 [1 [1, 2] 2] 2]
--- ESMCI::Array::print end ---
--- ESMCI::Array::print start ---
 Base name    = Array typekind/rank: Real*8 / 2 
~ lower class' values ~
DistGrid dimCount = 2
deCount = 6
localDeCount = 1
~ local data in LocalArray for DE 2 ~
LocalArrayPrint: Array at address 0xd66090:
            rank = 2, typekind = 6, Array002
 Status: Base = Ready,  object = Ready
 Proxy        = nobase_addr = 0xd3ce20
            dim[0] = 3  dim[1] = 2  
  Real, *8, Dim 2, Data values:

 Root Info (Attributes):
{}{}( 1, 1) =  6.94047e-317
( 2, 1) =  4.24399e-314
( 3, 1) =  4.24399e-314
( 1, 2) =  4.24399e-314
( 2, 2) =  2.122e-314
( 3, 2) =  2.122e-314
{}Array typekind/rank: Real*8 / 2 
~ lower class' values ~
DistGrid dimCount = 2
deCount = 6
localDeCount = 1
~ local data in LocalArray for DE 3 ~
LocalArrayPrint: Array at address 0x1003090:
            rank = 2, typekind = 6, Array typekind/rank: Real*4 / 2 
~ lower class' values ~
DistGrid dimCount = 2
dim 1: [0]: [1 [1 [1, 3] 3] 3]
dim 2: [1]: [1 [1 [1, 2] 2] 2]
--- ESMCI::Array::print end ---
--- ESMCI::Array::print start ---
 Base name    = Array003
 Status: Base = Ready,  object = Ready
 Proxy        = no
 Root Info (Attributes):base_addr = 0xfd8980
            dim[0] = 2  dim[1] = 2  
  Real, *8, Dim 2, Data values:
Array typekind/rank: Real*4 / 2 
~ lower class' values ~
DistGrid dimCount = 2
deCount = 6
localDeCount = 2
~ local data in LocalArray for DE 0 ~
LocalArrayPrint: Array at address 0x231b330:
deCount = 6
localDeCount = 2
~ local data in LocalArray for DE 1 ~
LocalArrayPrint: Array at address 0x25c9350:
            rank = 2, typekind = 5, base_addr = 0x25c50d0
            
{}Array typekind/rank: Real*8 / 2 
~ lower class' values ~
DistGrid dimCount = 2
deCount = 6
localDeCount = 1
~ local data in LocalArray for DE 2 ~
LocalArrayPrint: Array at address 0xd66bb0:
            rank = 2, typekind = 6, base_addr = 0xd66ee0
            ( 1, 1) =  8.20935e-317
( 2, 1) =  4.24399e-314
( 1, 2) =  0
( 2, 2) =  0
            rank = 2, typekind = 5, base_addr = 0x2317000
            dim[0] = 3  dim[1] = 2  
  Real, *4, Dim 2, Data values:
dim[0] = 2  dim[1] = 2  
  Real, *4, Dim 2, Data values:
dim[0] = 3  dim[1] = 2  
  Real, *8, Dim 2, Data values:
( 1, 1) =  0
( 2, 1) =  0
( 3, 1) =  0
( 1, 2) =  0
( 2, 2) =  0
( 3, 2) =  0
dim 1: [0]: [1 [1 [1, 2] 2] 2]
dim 2: [1]: [1 [1 [1, 2] 2] 2]
--- ESMCI::Array::print end ---
--- ESMCI::Array::print start ---
 Base name    = Array003
 Status: Base = Ready( 1, 1) =  1.30449e-37
( 2, 1) =  0
( 1, 1) =  1.61948e-37
( 2, 1) =  0
( 1, 2) =  2.8026e-45
dim 1: [0]: [1 [1 [1, 3] 3] 3]
dim 2: [1]: [1 [1 [1, 2] 2] 2]
--- ESMCI::Array::print end ---
,  object = Ready
 Proxy        = no
 Root Info (Attributes):
{}Array typekind/rank: Real*8 / 2 
~ lower class' values ~( 3, 1) =  4.2039e-45
( 1, 2) =  1.4013e-45
( 2, 2) =  0
( 3, 2) =  0
( 2, 2) =  1.4013e-45
dim 1: [0]: [1 [1 [1, 2] 2] 2]
dim 2: [1]: [1 [1 [1, 2] 2] 2]
~ local data in LocalArray for DE 5 ~
LocalArrayPrint: Array at address 0x25c9680:
            rank = 2, typekind = 5, 
DistGrid dimCount = 2
deCount = 6
localDeCount = 1
~ local data in LocalArray for DE 3 ~
LocalArrayPrint: Array at address 0x1003bb0:
            rank = 2, typekind = 6, base_addr = 0xfd89e0
dim 1: [0]: [1 [1 [1, 3] 3] 3]
dim 2: [1]: [1 [1 [1, 2] 2] 2]
~ local data in LocalArray for DE 4 ~
LocalArrayPrint: Array at address 0x231b660:
            rank = 2, typekind = 5, base_addr = 0x25c9290
            dim[0] = 2  dim[1] = 1  
  Real, *4, Dim 2, Data values:
            dim[0] = 2  dim[1] = 2  
  Real, *8, Dim 2, Data values:
base_addr = 0x231b270
            dim[0] = 3  dim[1] = 1  
  Real, *4, Dim 2, Data values:
( 1, 1) =  1.62051e-37
( 2, 1) =  0
dim 1: [0]: [1 [1 [1, 2] 2] 2]
( 1, 1) =  8.20932e-317
( 2, 1) =  4.24399e-314
( 1, 2) =  0
( 2, 2) =  0
( 1, 1) =  1.30551e-37
( 2, 1) =  0
( 3, 1) =  0
dim 2: [1]: [1 [1 [1, 1] 1] 1]
--- ESMCI::Array::print end ---
--- ESMCI::Array::print start ---
 Base name    = Array002
dim 1: [0]: [1 [1 [1, 2] 2] 2]
dim 2: [1]: [1 [1 [1, 2] 2] 2]
--- ESMCI::Array::print end ---
dim 1: [0]: [1 [1 [1, 3] 3] 3]
dim 2: [1]: [1 [1 [1, 1] 1] 1]
--- ESMCI::Array::print end ---
--- ESMCI::Array::print start ---
 Base name    = Array002 Status: Base = Ready,  object = Ready
 Proxy        = no
 Root Info (Attributes):
  PASS  Example ESMF_ArrayBundleEx, ESMF_ArrayBundleEx.F90, line 267

 Status: Base = Ready,  object = Ready
 Proxy        = no
 Root Info (Attributes):
{}Array typekind/rank: Real*8 / 2 
~ lower class' values ~
DistGrid dimCount = 2
deCount = 6
{}Array typekind/rank: Real*8 / 2 
~ lower class' values ~
localDeCount = 2
~ local data in LocalArray for DE 1 ~
LocalArrayPrint: Array at address 0x25c5170:
            rank = 2, typekind = 6, base_addr = 0x259be80
            DistGrid dimCount = 2
deCount = 6
localDeCount = 2
~ local data in LocalArray for DE 0 ~
LocalArrayPrint: Array at address 0x23170a0:
dim[0] = 2  dim[1] = 2  
  Real, *8, Dim 2, Data values:
            rank = 2, typekind = 6, base_addr = 0x22ede70
            dim[0] = 3  dim[1] = 2  
  Real, *8, Dim 2, Data values:
( 1, 1) =  1.94837e-316
( 2, 1) =  4.24399e-314
( 1, 2) =  0
( 1, 1) =  1.8178e-316
( 2, 1) =  4.24399e-314
( 2, 2) =  0
dim 1: [0]: [1 [1 [1, 2] 2] 2]
dim 2: [1]: [1 [1 [1, 2] 2] 2]
~ local data in LocalArray for DE 5 ~
( 3, 1) =  4.24399e-314
( 1, 2) =  4.24399e-314
LocalArrayPrint: Array at address 0x25c54a0:
            rank = 2, typekind = 6, base_addr = 0x25c57d0
            ( 2, 2) =  2.122e-314
( 3, 2) =  2.122e-314
dim[0] = 2  dim[1] = 1  
  Real, *8, Dim 2, Data values:
dim 1: [0]: [1 [1 [1, 3] 3] 3]
dim 2: [1]: [1 [1 [1, 2] 2] 2]
~ local data in LocalArray for DE 4 ~
( 1, 1) =  0
( 2, 1) =  0
dim 1: [0]: [1 [1 [1, 2] 2] 2]
dim 2: [1]: [1 [1 [1, 1] 1] 1]
  PASS  Example ESMF_ArrayBundleEx, ESMF_ArrayBundleEx.F90, line 267
LocalArrayPrint: Array at address 0x23173d0:
            rank = 2, typekind = 6, base_addr = 0x2317700
            dim[0] = 3  dim[1] = 1  
--- ESMCI::Array::print end ---
--- ESMCI::Array::print start ---
 Base name    = Array003
 Status: Base = Ready,  object =   Real, *8, Dim 2, Data values:
( 1, 1) =  0
( 2, 1) =  0
Ready
 Proxy        = no
 Root Info (Attributes):
( 3, 1) =  0
dim 1: [0]: [1 [1 [1, 3] 3] 3]
dim 2: [1]: [1 [1 [1, 1] 1] 1]
{}Array typekind/rank: Real*8 / 2 
~ lower class' values ~
DistGrid dimCount = 2
--- ESMCI::Array::print end ---
--- ESMCI::Array::print start ---
 Base name    = Array003
 Status: Base = deCount = 6
localDeCount = 2
~ local data in LocalArray for DE 1 ~
LocalArrayPrint: Array at address 0x25c6000:
            rank = 2, typekind = 6, Ready,  object = Ready
 Proxy        = no
base_addr = 0x259bcd0
            dim[0] = 2  dim[1] = 2  
  Real, *8, Dim 2, Data values:
 Root Info (Attributes):
{}Array typekind/rank: Real*8 / 2 
~ lower class' values ~
DistGrid dimCount = 2
deCount = 6
( 1, 1) =  1.94837e-316
( 2, 1) =  4.24399e-314
( 1, 2) =  0
( 2, 2) =  0
localDeCount = 2
~ local data in LocalArray for DE 0 ~
LocalArrayPrint: Array at address 0x2317fb0:
            rank = 2, typekind = 6, base_addr = 0x23182e0
dim 1: [0]: [1 [1 [1, 2] 2] 2]
dim 2: [1]: [1 [1 [1, 2] 2] 2]
~ local data in LocalArray for DE 5 ~
LocalArrayPrint: Array at address 0x25c6330:
            dim[0] = 3  dim[1] = 2  
  Real, *8, Dim 2, Data values:
            rank = 2, typekind = 6, base_addr = 0x259be60
            dim[0] = 2  dim[1] = 1  ( 1, 1) =  0
( 2, 1) =  0
( 3, 1) =  0

  Real, *8, Dim 2, Data values:
( 1, 1) =  1.95672e-316
( 1, 2) =  0
( 2, 2) =  0
( 2, 1) =  2.122e-314
dim 1: [0]: [1 [1 [1, 2] 2] 2]
( 3, 2) =  0
dim 1: [0]: [1 [1 [1, 3] 3] 3]
dim 2: [1]: [1 [1 [1, 2] 2] 2]
dim 2: [1]: [1 [1 [1, 1] 1] 1]
--- ESMCI::Array::print end ---
~ local data in LocalArray for DE 4 ~
LocalArrayPrint: Array at address 0x2318320:
            rank = 2, typekind = 6, base_addr = 0x22ed420
            dim[0] = 3  dim[1] = 1  
  Real, *8, Dim 2, Data values:
( 1, 1) =  1.81788e-316
( 2, 1) =  2.122e-314
( 3, 1) =  0
dim 1: [0]: [1 [1 [1, 3] 3] 3]
dim 2: [1]: [1 [1 [1, 1] 1] 1]
--- ESMCI::Array::print end ---
  PASS  Example ESMF_ArrayBundleEx, ESMF_ArrayBundleEx.F90, line 267
  PASS  Example ESMF_ArrayBundleEx, ESMF_ArrayBundleEx.F90, line 267
 PASS: ESMF_ArrayBundleEx.F90
 PASS: ESMF_ArrayBundleEx.F90
 PASS: ESMF_ArrayBundleEx.F90
 PASS: ESMF_ArrayBundleEx.F90
