2023-10-04 07:47:43
20231004 083322.370 INFO             PET0 !!!!!!!!!!!!!!!!!!!!!!!!!!!!!!!!!!!!!!!!!!!!!!!!!!!!!!
20231004 083322.370 INFO             PET0 !!! THE ESMF_LOG IS SET TO OUTPUT ALL LOG MESSAGES !!!
20231004 083322.370 INFO             PET0 !!!     THIS MAY CAUSE SLOWDOWN IN PERFORMANCE     !!!
20231004 083322.370 INFO             PET0 !!! FOR PRODUCTION RUNS, USE:                      !!!
20231004 083322.370 INFO             PET0 !!!                   ESMF_LOGKIND_Multi_On_Error  !!!
20231004 083322.370 INFO             PET0 !!!!!!!!!!!!!!!!!!!!!!!!!!!!!!!!!!!!!!!!!!!!!!!!!!!!!!
20231004 083322.370 INFO             PET0 Running with ESMF Version   : v8.6.0b07
20231004 083322.370 INFO             PET0 ESMF library build date/time: "Oct  4 2023" "07:45:13"
20231004 083322.370 INFO             PET0 ESMF library build location : /scratch2/NCEPDEV/stmp1/Gerhard.Theurich/ESMF-Nightly-Testing/nvhpc_23.3_mpiuni_g_develop/esmf
20231004 083322.370 INFO             PET0 ESMF_COMM                   : mpiuni
20231004 083322.371 INFO             PET0 ESMF_MOAB                   : enabled
20231004 083322.371 INFO             PET0 ESMF_LAPACK                 : enabled
20231004 083322.371 INFO             PET0 ESMF_NETCDF                 : disabled
20231004 083322.371 INFO             PET0 ESMF_PNETCDF                : disabled
20231004 083322.371 INFO             PET0 ESMF_PIO                    : disabled
20231004 083322.371 INFO             PET0 ESMF_YAMLCPP                : enabled
20231004 083322.372 ERROR            PET0 ESMCI_State.C:982 ESMCI::State::read() Library needed by ESMF not present  - Internal subroutine call returned Error
20231004 083322.372 ERROR            PET0 ESMF_StateAPI.cppF90:3204 ESMF_StateRead Library needed by ESMF not present  - Internal subroutine call returned Error
20231004 083322.372 INFO             PET0  NUMBER_OF_PROCESSORS            1
20231004 083322.372 INFO             PET0  PASS  Example ESMF_StateReadWriteEx, ESMF_StateReadWriteEx.F90, line 185
20231004 083322.372 INFO             PET0 Finalizing ESMF
