2023-11-16 04:12:22
20231116 043127.779 INFO             PET0 !!!!!!!!!!!!!!!!!!!!!!!!!!!!!!!!!!!!!!!!!!!!!!!!!!!!!!
20231116 043127.779 INFO             PET0 !!! THE ESMF_LOG IS SET TO OUTPUT ALL LOG MESSAGES !!!
20231116 043127.779 INFO             PET0 !!!     THIS MAY CAUSE SLOWDOWN IN PERFORMANCE     !!!
20231116 043127.779 INFO             PET0 !!! FOR PRODUCTION RUNS, USE:                      !!!
20231116 043127.779 INFO             PET0 !!!                   ESMF_LOGKIND_Multi_On_Error  !!!
20231116 043127.779 INFO             PET0 !!!!!!!!!!!!!!!!!!!!!!!!!!!!!!!!!!!!!!!!!!!!!!!!!!!!!!
20231116 043127.779 INFO             PET0 Running with ESMF Version   : v8.7.0b01-5-gf664797301
20231116 043127.779 INFO             PET0 ESMF library build date/time: "Nov 16 2023" "04:11:20"
20231116 043127.779 INFO             PET0 ESMF library build location : /home/gerhard/ESMF-Nightly-Testing/gfortran_11.2.0_mpich_O_develop/esmf
20231116 043127.779 INFO             PET0 ESMF_COMM                   : mpich
20231116 043127.779 INFO             PET0 ESMF_MOAB                   : enabled
20231116 043127.779 INFO             PET0 ESMF_LAPACK                 : enabled
20231116 043127.779 INFO             PET0 ESMF_NETCDF                 : enabled
20231116 043127.779 INFO             PET0 ESMF_PNETCDF                : disabled
20231116 043127.779 INFO             PET0 ESMF_PIO                    : enabled
20231116 043127.779 INFO             PET0 ESMF_YAMLCPP                : enabled
20231116 043127.813 DEBUG            PET0 about to destroy Grid: 0x1f5fb70
20231116 043127.817 DEBUG            PET0 about to destroy Grid: 0x1f61f60
20231116 043127.829 INFO             PET0  NUMBER_OF_PROCESSORS           4
20231116 043127.829 INFO             PET0  PASS  Example ESMF_NUOPCAtmModelEx, ESMF_NUOPCAtmModelEx.F90, line 806
20231116 043127.829 INFO             PET0  Finalizing ESMF
20231116 043127.779 INFO             PET1 !!!!!!!!!!!!!!!!!!!!!!!!!!!!!!!!!!!!!!!!!!!!!!!!!!!!!!
20231116 043127.779 INFO             PET1 !!! THE ESMF_LOG IS SET TO OUTPUT ALL LOG MESSAGES !!!
20231116 043127.779 INFO             PET1 !!!     THIS MAY CAUSE SLOWDOWN IN PERFORMANCE     !!!
20231116 043127.779 INFO             PET1 !!! FOR PRODUCTION RUNS, USE:                      !!!
20231116 043127.779 INFO             PET1 !!!                   ESMF_LOGKIND_Multi_On_Error  !!!
20231116 043127.779 INFO             PET1 !!!!!!!!!!!!!!!!!!!!!!!!!!!!!!!!!!!!!!!!!!!!!!!!!!!!!!
20231116 043127.779 INFO             PET1 Running with ESMF Version   : v8.7.0b01-5-gf664797301
20231116 043127.779 INFO             PET1 ESMF library build date/time: "Nov 16 2023" "04:11:20"
20231116 043127.779 INFO             PET1 ESMF library build location : /home/gerhard/ESMF-Nightly-Testing/gfortran_11.2.0_mpich_O_develop/esmf
20231116 043127.779 INFO             PET1 ESMF_COMM                   : mpich
20231116 043127.779 INFO             PET1 ESMF_MOAB                   : enabled
20231116 043127.779 INFO             PET1 ESMF_LAPACK                 : enabled
20231116 043127.779 INFO             PET1 ESMF_NETCDF                 : enabled
20231116 043127.779 INFO             PET1 ESMF_PNETCDF                : disabled
20231116 043127.779 INFO             PET1 ESMF_PIO                    : enabled
20231116 043127.779 INFO             PET1 ESMF_YAMLCPP                : enabled
20231116 043127.813 DEBUG            PET1 about to destroy Grid: 0x12473a0
20231116 043127.817 DEBUG            PET1 about to destroy Grid: 0x1249040
20231116 043127.829 INFO             PET1  NUMBER_OF_PROCESSORS           4
20231116 043127.829 INFO             PET1  PASS  Example ESMF_NUOPCAtmModelEx, ESMF_NUOPCAtmModelEx.F90, line 806
20231116 043127.829 INFO             PET1  Finalizing ESMF
20231116 043127.779 INFO             PET2 !!!!!!!!!!!!!!!!!!!!!!!!!!!!!!!!!!!!!!!!!!!!!!!!!!!!!!
20231116 043127.779 INFO             PET2 !!! THE ESMF_LOG IS SET TO OUTPUT ALL LOG MESSAGES !!!
20231116 043127.779 INFO             PET2 !!!     THIS MAY CAUSE SLOWDOWN IN PERFORMANCE     !!!
20231116 043127.779 INFO             PET2 !!! FOR PRODUCTION RUNS, USE:                      !!!
20231116 043127.779 INFO             PET2 !!!                   ESMF_LOGKIND_Multi_On_Error  !!!
20231116 043127.779 INFO             PET2 !!!!!!!!!!!!!!!!!!!!!!!!!!!!!!!!!!!!!!!!!!!!!!!!!!!!!!
20231116 043127.779 INFO             PET2 Running with ESMF Version   : v8.7.0b01-5-gf664797301
20231116 043127.779 INFO             PET2 ESMF library build date/time: "Nov 16 2023" "04:11:20"
20231116 043127.779 INFO             PET2 ESMF library build location : /home/gerhard/ESMF-Nightly-Testing/gfortran_11.2.0_mpich_O_develop/esmf
20231116 043127.779 INFO             PET2 ESMF_COMM                   : mpich
20231116 043127.779 INFO             PET2 ESMF_MOAB                   : enabled
20231116 043127.779 INFO             PET2 ESMF_LAPACK                 : enabled
20231116 043127.779 INFO             PET2 ESMF_NETCDF                 : enabled
20231116 043127.779 INFO             PET2 ESMF_PNETCDF                : disabled
20231116 043127.779 INFO             PET2 ESMF_PIO                    : enabled
20231116 043127.779 INFO             PET2 ESMF_YAMLCPP                : enabled
20231116 043127.813 DEBUG            PET2 about to destroy Grid: 0xaaca40
20231116 043127.817 DEBUG            PET2 about to destroy Grid: 0xaae6e0
20231116 043127.829 INFO             PET2  NUMBER_OF_PROCESSORS           4
20231116 043127.829 INFO             PET2  PASS  Example ESMF_NUOPCAtmModelEx, ESMF_NUOPCAtmModelEx.F90, line 806
20231116 043127.829 INFO             PET2  Finalizing ESMF
20231116 043127.779 INFO             PET3 !!!!!!!!!!!!!!!!!!!!!!!!!!!!!!!!!!!!!!!!!!!!!!!!!!!!!!
20231116 043127.779 INFO             PET3 !!! THE ESMF_LOG IS SET TO OUTPUT ALL LOG MESSAGES !!!
20231116 043127.779 INFO             PET3 !!!     THIS MAY CAUSE SLOWDOWN IN PERFORMANCE     !!!
20231116 043127.779 INFO             PET3 !!! FOR PRODUCTION RUNS, USE:                      !!!
20231116 043127.779 INFO             PET3 !!!                   ESMF_LOGKIND_Multi_On_Error  !!!
20231116 043127.779 INFO             PET3 !!!!!!!!!!!!!!!!!!!!!!!!!!!!!!!!!!!!!!!!!!!!!!!!!!!!!!
20231116 043127.779 INFO             PET3 Running with ESMF Version   : v8.7.0b01-5-gf664797301
20231116 043127.779 INFO             PET3 ESMF library build date/time: "Nov 16 2023" "04:11:20"
20231116 043127.779 INFO             PET3 ESMF library build location : /home/gerhard/ESMF-Nightly-Testing/gfortran_11.2.0_mpich_O_develop/esmf
20231116 043127.779 INFO             PET3 ESMF_COMM                   : mpich
20231116 043127.779 INFO             PET3 ESMF_MOAB                   : enabled
20231116 043127.779 INFO             PET3 ESMF_LAPACK                 : enabled
20231116 043127.779 INFO             PET3 ESMF_NETCDF                 : enabled
20231116 043127.779 INFO             PET3 ESMF_PNETCDF                : disabled
20231116 043127.779 INFO             PET3 ESMF_PIO                    : enabled
20231116 043127.779 INFO             PET3 ESMF_YAMLCPP                : enabled
20231116 043127.813 DEBUG            PET3 about to destroy Grid: 0x22c2a50
20231116 043127.817 DEBUG            PET3 about to destroy Grid: 0x22c46f0
20231116 043127.829 INFO             PET3  NUMBER_OF_PROCESSORS           4
20231116 043127.829 INFO             PET3  PASS  Example ESMF_NUOPCAtmModelEx, ESMF_NUOPCAtmModelEx.F90, line 806
20231116 043127.829 INFO             PET3  Finalizing ESMF
