2023-10-22 04:23:24
20231022 043930.621 INFO             PET0 !!!!!!!!!!!!!!!!!!!!!!!!!!!!!!!!!!!!!!!!!!!!!!!!!!!!!!
20231022 043930.621 INFO             PET0 !!! THE ESMF_LOG IS SET TO OUTPUT ALL LOG MESSAGES !!!
20231022 043930.621 INFO             PET0 !!!     THIS MAY CAUSE SLOWDOWN IN PERFORMANCE     !!!
20231022 043930.621 INFO             PET0 !!! FOR PRODUCTION RUNS, USE:                      !!!
20231022 043930.621 INFO             PET0 !!!                   ESMF_LOGKIND_Multi_On_Error  !!!
20231022 043930.621 INFO             PET0 !!!!!!!!!!!!!!!!!!!!!!!!!!!!!!!!!!!!!!!!!!!!!!!!!!!!!!
20231022 043930.621 INFO             PET0 Running with ESMF Version   : v8.6.0b10-15-g69098dfbff
20231022 043930.621 INFO             PET0 ESMF library build date/time: "Oct 22 2023" "04:22:27"
20231022 043930.621 INFO             PET0 ESMF library build location : /home/gerhard/ESMF-Nightly-Testing/gfortran_11.2.0_mpich_O_develop/esmf
20231022 043930.621 INFO             PET0 ESMF_COMM                   : mpich
20231022 043930.621 INFO             PET0 ESMF_MOAB                   : enabled
20231022 043930.621 INFO             PET0 ESMF_LAPACK                 : enabled
20231022 043930.621 INFO             PET0 ESMF_NETCDF                 : enabled
20231022 043930.621 INFO             PET0 ESMF_PNETCDF                : disabled
20231022 043930.621 INFO             PET0 ESMF_PIO                    : enabled
20231022 043930.621 INFO             PET0 ESMF_YAMLCPP                : enabled
20231022 043930.621 INFO             PET0 ESMF Tracing Enabled
20231022 043930.621 INFO             PET0 ESMF Profiling Enabled
20231022 043930.621 INFO             PET0 ESMF Trace/Profile clock: REALTIME
20231022 043930.623 INFO             PET0  NUMBER_OF_PROCESSORS           4
20231022 043930.623 INFO             PET0  PASS  Example ESMF_TraceEx, ESMF_TraceEx.F90, line 178
20231022 043930.623 INFO             PET0  Finalizing ESMF
20231022 043930.623 INFO             PET0 **************** Region Timings *******************
20231022 043930.623 INFO             PET0 Region              Count  Total (s)   Self (s)    Mean (s)    Min (s)     Max (s)
20231022 043930.623 INFO             PET0   [ESMF]            1      0.0011      0.0011      0.0011      0.0011      0.0011
20231022 043930.623 INFO             PET0     [test] Init 1   1      0.0000      0.0000      0.0000      0.0000      0.0000
20231022 043930.623 INFO             PET0     [test] Run 1    5      0.0000      0.0000      0.0000      0.0000      0.0000
20231022 043930.623 INFO             PET0     [test] Final 1  1      0.0000      0.0000      0.0000      0.0000      0.0000
20231022 043930.621 INFO             PET1 !!!!!!!!!!!!!!!!!!!!!!!!!!!!!!!!!!!!!!!!!!!!!!!!!!!!!!
20231022 043930.621 INFO             PET1 !!! THE ESMF_LOG IS SET TO OUTPUT ALL LOG MESSAGES !!!
20231022 043930.621 INFO             PET1 !!!     THIS MAY CAUSE SLOWDOWN IN PERFORMANCE     !!!
20231022 043930.621 INFO             PET1 !!! FOR PRODUCTION RUNS, USE:                      !!!
20231022 043930.621 INFO             PET1 !!!                   ESMF_LOGKIND_Multi_On_Error  !!!
20231022 043930.621 INFO             PET1 !!!!!!!!!!!!!!!!!!!!!!!!!!!!!!!!!!!!!!!!!!!!!!!!!!!!!!
20231022 043930.621 INFO             PET1 Running with ESMF Version   : v8.6.0b10-15-g69098dfbff
20231022 043930.621 INFO             PET1 ESMF library build date/time: "Oct 22 2023" "04:22:27"
20231022 043930.621 INFO             PET1 ESMF library build location : /home/gerhard/ESMF-Nightly-Testing/gfortran_11.2.0_mpich_O_develop/esmf
20231022 043930.621 INFO             PET1 ESMF_COMM                   : mpich
20231022 043930.621 INFO             PET1 ESMF_MOAB                   : enabled
20231022 043930.621 INFO             PET1 ESMF_LAPACK                 : enabled
20231022 043930.621 INFO             PET1 ESMF_NETCDF                 : enabled
20231022 043930.621 INFO             PET1 ESMF_PNETCDF                : disabled
20231022 043930.621 INFO             PET1 ESMF_PIO                    : enabled
20231022 043930.621 INFO             PET1 ESMF_YAMLCPP                : enabled
20231022 043930.621 INFO             PET1 ESMF Tracing Enabled
20231022 043930.621 INFO             PET1 ESMF Profiling Enabled
20231022 043930.621 INFO             PET1 ESMF Trace/Profile clock: REALTIME
20231022 043930.623 INFO             PET1  NUMBER_OF_PROCESSORS           4
20231022 043930.623 INFO             PET1  PASS  Example ESMF_TraceEx, ESMF_TraceEx.F90, line 178
20231022 043930.623 INFO             PET1  Finalizing ESMF
20231022 043930.623 INFO             PET1 **************** Region Timings *******************
20231022 043930.623 INFO             PET1 Region              Count  Total (s)   Self (s)    Mean (s)    Min (s)     Max (s)
20231022 043930.623 INFO             PET1   [ESMF]            1      0.0012      0.0011      0.0012      0.0012      0.0012
20231022 043930.623 INFO             PET1     [test] Init 1   1      0.0000      0.0000      0.0000      0.0000      0.0000
20231022 043930.623 INFO             PET1     [test] Run 1    5      0.0000      0.0000      0.0000      0.0000      0.0000
20231022 043930.623 INFO             PET1     [test] Final 1  1      0.0000      0.0000      0.0000      0.0000      0.0000
20231022 043930.621 INFO             PET2 !!!!!!!!!!!!!!!!!!!!!!!!!!!!!!!!!!!!!!!!!!!!!!!!!!!!!!
20231022 043930.621 INFO             PET2 !!! THE ESMF_LOG IS SET TO OUTPUT ALL LOG MESSAGES !!!
20231022 043930.621 INFO             PET2 !!!     THIS MAY CAUSE SLOWDOWN IN PERFORMANCE     !!!
20231022 043930.621 INFO             PET2 !!! FOR PRODUCTION RUNS, USE:                      !!!
20231022 043930.621 INFO             PET2 !!!                   ESMF_LOGKIND_Multi_On_Error  !!!
20231022 043930.621 INFO             PET2 !!!!!!!!!!!!!!!!!!!!!!!!!!!!!!!!!!!!!!!!!!!!!!!!!!!!!!
20231022 043930.621 INFO             PET2 Running with ESMF Version   : v8.6.0b10-15-g69098dfbff
20231022 043930.621 INFO             PET2 ESMF library build date/time: "Oct 22 2023" "04:22:27"
20231022 043930.621 INFO             PET2 ESMF library build location : /home/gerhard/ESMF-Nightly-Testing/gfortran_11.2.0_mpich_O_develop/esmf
20231022 043930.621 INFO             PET2 ESMF_COMM                   : mpich
20231022 043930.621 INFO             PET2 ESMF_MOAB                   : enabled
20231022 043930.621 INFO             PET2 ESMF_LAPACK                 : enabled
20231022 043930.621 INFO             PET2 ESMF_NETCDF                 : enabled
20231022 043930.621 INFO             PET2 ESMF_PNETCDF                : disabled
20231022 043930.621 INFO             PET2 ESMF_PIO                    : enabled
20231022 043930.621 INFO             PET2 ESMF_YAMLCPP                : enabled
20231022 043930.621 INFO             PET2 ESMF Tracing Enabled
20231022 043930.621 INFO             PET2 ESMF Profiling Enabled
20231022 043930.621 INFO             PET2 ESMF Trace/Profile clock: REALTIME
20231022 043930.623 INFO             PET2  NUMBER_OF_PROCESSORS           4
20231022 043930.623 INFO             PET2  PASS  Example ESMF_TraceEx, ESMF_TraceEx.F90, line 178
20231022 043930.623 INFO             PET2  Finalizing ESMF
20231022 043930.623 INFO             PET2 **************** Region Timings *******************
20231022 043930.623 INFO             PET2 Region              Count  Total (s)   Self (s)    Mean (s)    Min (s)     Max (s)
20231022 043930.623 INFO             PET2   [ESMF]            1      0.0012      0.0011      0.0012      0.0012      0.0012
20231022 043930.623 INFO             PET2     [test] Init 1   1      0.0000      0.0000      0.0000      0.0000      0.0000
20231022 043930.623 INFO             PET2     [test] Run 1    5      0.0000      0.0000      0.0000      0.0000      0.0000
20231022 043930.623 INFO             PET2     [test] Final 1  1      0.0000      0.0000      0.0000      0.0000      0.0000
20231022 043930.621 INFO             PET3 !!!!!!!!!!!!!!!!!!!!!!!!!!!!!!!!!!!!!!!!!!!!!!!!!!!!!!
20231022 043930.621 INFO             PET3 !!! THE ESMF_LOG IS SET TO OUTPUT ALL LOG MESSAGES !!!
20231022 043930.621 INFO             PET3 !!!     THIS MAY CAUSE SLOWDOWN IN PERFORMANCE     !!!
20231022 043930.621 INFO             PET3 !!! FOR PRODUCTION RUNS, USE:                      !!!
20231022 043930.621 INFO             PET3 !!!                   ESMF_LOGKIND_Multi_On_Error  !!!
20231022 043930.621 INFO             PET3 !!!!!!!!!!!!!!!!!!!!!!!!!!!!!!!!!!!!!!!!!!!!!!!!!!!!!!
20231022 043930.621 INFO             PET3 Running with ESMF Version   : v8.6.0b10-15-g69098dfbff
20231022 043930.621 INFO             PET3 ESMF library build date/time: "Oct 22 2023" "04:22:27"
20231022 043930.621 INFO             PET3 ESMF library build location : /home/gerhard/ESMF-Nightly-Testing/gfortran_11.2.0_mpich_O_develop/esmf
20231022 043930.621 INFO             PET3 ESMF_COMM                   : mpich
20231022 043930.621 INFO             PET3 ESMF_MOAB                   : enabled
20231022 043930.621 INFO             PET3 ESMF_LAPACK                 : enabled
20231022 043930.621 INFO             PET3 ESMF_NETCDF                 : enabled
20231022 043930.621 INFO             PET3 ESMF_PNETCDF                : disabled
20231022 043930.621 INFO             PET3 ESMF_PIO                    : enabled
20231022 043930.621 INFO             PET3 ESMF_YAMLCPP                : enabled
20231022 043930.621 INFO             PET3 ESMF Tracing Enabled
20231022 043930.621 INFO             PET3 ESMF Profiling Enabled
20231022 043930.621 INFO             PET3 ESMF Trace/Profile clock: REALTIME
20231022 043930.623 INFO             PET3  NUMBER_OF_PROCESSORS           4
20231022 043930.623 INFO             PET3  PASS  Example ESMF_TraceEx, ESMF_TraceEx.F90, line 178
20231022 043930.623 INFO             PET3  Finalizing ESMF
20231022 043930.623 INFO             PET3 **************** Region Timings *******************
20231022 043930.623 INFO             PET3 Region              Count  Total (s)   Self (s)    Mean (s)    Min (s)     Max (s)
20231022 043930.623 INFO             PET3   [ESMF]            1      0.0012      0.0012      0.0012      0.0012      0.0012
20231022 043930.623 INFO             PET3     [test] Run 1    5      0.0000      0.0000      0.0000      0.0000      0.0000
20231022 043930.623 INFO             PET3     [test] Init 1   1      0.0000      0.0000      0.0000      0.0000      0.0000
20231022 043930.623 INFO             PET3     [test] Final 1  1      0.0000      0.0000      0.0000      0.0000      0.0000
