2023-10-17 02:18:44
20231017 025347.812 INFO             PET0 !!!!!!!!!!!!!!!!!!!!!!!!!!!!!!!!!!!!!!!!!!!!!!!!!!!!!!
20231017 025347.813 INFO             PET0 !!! THE ESMF_LOG IS SET TO OUTPUT ALL LOG MESSAGES !!!
20231017 025347.813 INFO             PET0 !!!     THIS MAY CAUSE SLOWDOWN IN PERFORMANCE     !!!
20231017 025347.813 INFO             PET0 !!! FOR PRODUCTION RUNS, USE:                      !!!
20231017 025347.813 INFO             PET0 !!!                   ESMF_LOGKIND_Multi_On_Error  !!!
20231017 025347.813 INFO             PET0 !!!!!!!!!!!!!!!!!!!!!!!!!!!!!!!!!!!!!!!!!!!!!!!!!!!!!!
20231017 025347.813 INFO             PET0 Running with ESMF Version   : v8.6.0b09-2-g5cd9f55d8a
20231017 025347.813 INFO             PET0 ESMF library build date/time: "Oct 17 2023" "02:16:14"
20231017 025347.813 INFO             PET0 ESMF library build location : /project/esmf/theurich/ESMF-Nightly-Testing/intel_19.1.0_mpiuni_O_develop/esmf
20231017 025347.813 INFO             PET0 ESMF_COMM                   : mpiuni
20231017 025347.815 INFO             PET0 ESMF_MOAB                   : enabled
20231017 025347.815 INFO             PET0 ESMF_LAPACK                 : enabled
20231017 025347.815 INFO             PET0 ESMF_NETCDF                 : enabled
20231017 025347.815 INFO             PET0 ESMF_PNETCDF                : disabled
20231017 025347.815 INFO             PET0 ESMF_PIO                    : disabled
20231017 025347.815 INFO             PET0 ESMF_YAMLCPP                : enabled
20231017 025347.817 INFO             PET0  NUMBER_OF_PROCESSORS           1
20231017 025347.817 INFO             PET0  PASS  Example ESMF_VMAllFullReduceEx, ESMF_VMAllFullReduceEx.F90, line 113
20231017 025347.817 INFO             PET0  Finalizing ESMF
