2023-10-16 02:12:45
20231016 024538.320 INFO             PET0 !!!!!!!!!!!!!!!!!!!!!!!!!!!!!!!!!!!!!!!!!!!!!!!!!!!!!!
20231016 024538.320 INFO             PET0 !!! THE ESMF_LOG IS SET TO OUTPUT ALL LOG MESSAGES !!!
20231016 024538.320 INFO             PET0 !!!     THIS MAY CAUSE SLOWDOWN IN PERFORMANCE     !!!
20231016 024538.320 INFO             PET0 !!! FOR PRODUCTION RUNS, USE:                      !!!
20231016 024538.320 INFO             PET0 !!!                   ESMF_LOGKIND_Multi_On_Error  !!!
20231016 024538.320 INFO             PET0 !!!!!!!!!!!!!!!!!!!!!!!!!!!!!!!!!!!!!!!!!!!!!!!!!!!!!!
20231016 024538.320 INFO             PET0 Running with ESMF Version   : v8.6.0b09
20231016 024538.320 INFO             PET0 ESMF library build date/time: "Oct 16 2023" "02:10:31"
20231016 024538.321 INFO             PET0 ESMF library build location : /project/esmf/theurich/ESMF-Nightly-Testing/intel_19.1.0_mpiuni_O_develop/esmf
20231016 024538.321 INFO             PET0 ESMF_COMM                   : mpiuni
20231016 024538.324 INFO             PET0 ESMF_MOAB                   : enabled
20231016 024538.324 INFO             PET0 ESMF_LAPACK                 : enabled
20231016 024538.324 INFO             PET0 ESMF_NETCDF                 : enabled
20231016 024538.324 INFO             PET0 ESMF_PNETCDF                : disabled
20231016 024538.324 INFO             PET0 ESMF_PIO                    : disabled
20231016 024538.324 INFO             PET0 ESMF_YAMLCPP                : enabled
20231016 024538.324 INFO             PET0 Log Write 2
20231016 024538.324 ERROR            PET0 Invalid object  - Convergence failure
20231016 024538.324 ERROR            PET0 ESMCI_Fraction.C:1444 ESMCI::Fraction::validate() must have non-zero denominator.
20231016 024538.324 ERROR            PET0 ESMCI_Time.C:838 ESMCI::Time::syncToRealTime() Wrong argument specified  - ; calkindflag is JULIANDAY, MODJULIANDAY or NOCALENDAR.
20231016 024538.324 ERROR            PET0 ESMF_Time.F90:1485 ESMF_TimeSyncToRealTime() Wrong argument specified  - Internal subroutine call returned Error
20231016 024538.324 ERROR            PET0 Wrong argument specified  - getting wall clock time
20231016 024538.332 INFO             PET0  NUMBER_OF_PROCESSORS           1
20231016 024538.335 INFO             PET0  PASS  Example ESMF_LogErrEx, ESMF_LogErrEx.F90, line 186
20231016 024538.335 INFO             PET0  Finalizing ESMF
