2023-10-22 02:19:02
20231022 024225.932 INFO             PET0 !!!!!!!!!!!!!!!!!!!!!!!!!!!!!!!!!!!!!!!!!!!!!!!!!!!!!!
20231022 024225.932 INFO             PET0 !!! THE ESMF_LOG IS SET TO OUTPUT ALL LOG MESSAGES !!!
20231022 024225.932 INFO             PET0 !!!     THIS MAY CAUSE SLOWDOWN IN PERFORMANCE     !!!
20231022 024225.932 INFO             PET0 !!! FOR PRODUCTION RUNS, USE:                      !!!
20231022 024225.932 INFO             PET0 !!!                   ESMF_LOGKIND_Multi_On_Error  !!!
20231022 024225.932 INFO             PET0 !!!!!!!!!!!!!!!!!!!!!!!!!!!!!!!!!!!!!!!!!!!!!!!!!!!!!!
20231022 024225.932 INFO             PET0 Running with ESMF Version   : v8.6.0b10-15-g69098dfbff
20231022 024225.932 INFO             PET0 ESMF library build date/time: "Oct 22 2023" "02:18:00"
20231022 024225.932 INFO             PET0 ESMF library build location : /glade/derecho/scratch/theurich/ESMF-Nightly-Testing/intel_2023.0.0_mpi_g_develop/esmf
20231022 024225.932 INFO             PET0 ESMF_COMM                   : mpi
20231022 024225.933 INFO             PET0 ESMF_MOAB                   : enabled
20231022 024225.933 INFO             PET0 ESMF_LAPACK                 : enabled
20231022 024225.933 INFO             PET0 ESMF_NETCDF                 : enabled
20231022 024225.933 INFO             PET0 ESMF_PNETCDF                : disabled
20231022 024225.933 INFO             PET0 ESMF_PIO                    : enabled
20231022 024225.933 INFO             PET0 ESMF_YAMLCPP                : enabled
20231022 024225.934 INFO             PET0  NUMBER_OF_PROCESSORS           4
20231022 024225.934 INFO             PET0  PASS  Example ESMF_InfoGetFromHostEx, ESMF_InfoGetFromHostEx.F90, line 112
20231022 024225.934 INFO             PET0  Finalizing ESMF
20231022 024225.932 INFO             PET1 !!!!!!!!!!!!!!!!!!!!!!!!!!!!!!!!!!!!!!!!!!!!!!!!!!!!!!
20231022 024225.932 INFO             PET1 !!! THE ESMF_LOG IS SET TO OUTPUT ALL LOG MESSAGES !!!
20231022 024225.932 INFO             PET1 !!!     THIS MAY CAUSE SLOWDOWN IN PERFORMANCE     !!!
20231022 024225.932 INFO             PET1 !!! FOR PRODUCTION RUNS, USE:                      !!!
20231022 024225.932 INFO             PET1 !!!                   ESMF_LOGKIND_Multi_On_Error  !!!
20231022 024225.932 INFO             PET1 !!!!!!!!!!!!!!!!!!!!!!!!!!!!!!!!!!!!!!!!!!!!!!!!!!!!!!
20231022 024225.932 INFO             PET1 Running with ESMF Version   : v8.6.0b10-15-g69098dfbff
20231022 024225.932 INFO             PET1 ESMF library build date/time: "Oct 22 2023" "02:18:00"
20231022 024225.932 INFO             PET1 ESMF library build location : /glade/derecho/scratch/theurich/ESMF-Nightly-Testing/intel_2023.0.0_mpi_g_develop/esmf
20231022 024225.932 INFO             PET1 ESMF_COMM                   : mpi
20231022 024225.933 INFO             PET1 ESMF_MOAB                   : enabled
20231022 024225.933 INFO             PET1 ESMF_LAPACK                 : enabled
20231022 024225.933 INFO             PET1 ESMF_NETCDF                 : enabled
20231022 024225.933 INFO             PET1 ESMF_PNETCDF                : disabled
20231022 024225.933 INFO             PET1 ESMF_PIO                    : enabled
20231022 024225.933 INFO             PET1 ESMF_YAMLCPP                : enabled
20231022 024225.934 INFO             PET1  NUMBER_OF_PROCESSORS           4
20231022 024225.934 INFO             PET1  PASS  Example ESMF_InfoGetFromHostEx, ESMF_InfoGetFromHostEx.F90, line 112
20231022 024225.934 INFO             PET1  Finalizing ESMF
20231022 024225.932 INFO             PET2 !!!!!!!!!!!!!!!!!!!!!!!!!!!!!!!!!!!!!!!!!!!!!!!!!!!!!!
20231022 024225.932 INFO             PET2 !!! THE ESMF_LOG IS SET TO OUTPUT ALL LOG MESSAGES !!!
20231022 024225.932 INFO             PET2 !!!     THIS MAY CAUSE SLOWDOWN IN PERFORMANCE     !!!
20231022 024225.932 INFO             PET2 !!! FOR PRODUCTION RUNS, USE:                      !!!
20231022 024225.932 INFO             PET2 !!!                   ESMF_LOGKIND_Multi_On_Error  !!!
20231022 024225.932 INFO             PET2 !!!!!!!!!!!!!!!!!!!!!!!!!!!!!!!!!!!!!!!!!!!!!!!!!!!!!!
20231022 024225.932 INFO             PET2 Running with ESMF Version   : v8.6.0b10-15-g69098dfbff
20231022 024225.932 INFO             PET2 ESMF library build date/time: "Oct 22 2023" "02:18:00"
20231022 024225.932 INFO             PET2 ESMF library build location : /glade/derecho/scratch/theurich/ESMF-Nightly-Testing/intel_2023.0.0_mpi_g_develop/esmf
20231022 024225.932 INFO             PET2 ESMF_COMM                   : mpi
20231022 024225.933 INFO             PET2 ESMF_MOAB                   : enabled
20231022 024225.933 INFO             PET2 ESMF_LAPACK                 : enabled
20231022 024225.933 INFO             PET2 ESMF_NETCDF                 : enabled
20231022 024225.933 INFO             PET2 ESMF_PNETCDF                : disabled
20231022 024225.933 INFO             PET2 ESMF_PIO                    : enabled
20231022 024225.933 INFO             PET2 ESMF_YAMLCPP                : enabled
20231022 024225.934 INFO             PET2  NUMBER_OF_PROCESSORS           4
20231022 024225.934 INFO             PET2  PASS  Example ESMF_InfoGetFromHostEx, ESMF_InfoGetFromHostEx.F90, line 112
20231022 024225.934 INFO             PET2  Finalizing ESMF
20231022 024225.932 INFO             PET3 !!!!!!!!!!!!!!!!!!!!!!!!!!!!!!!!!!!!!!!!!!!!!!!!!!!!!!
20231022 024225.932 INFO             PET3 !!! THE ESMF_LOG IS SET TO OUTPUT ALL LOG MESSAGES !!!
20231022 024225.932 INFO             PET3 !!!     THIS MAY CAUSE SLOWDOWN IN PERFORMANCE     !!!
20231022 024225.932 INFO             PET3 !!! FOR PRODUCTION RUNS, USE:                      !!!
20231022 024225.932 INFO             PET3 !!!                   ESMF_LOGKIND_Multi_On_Error  !!!
20231022 024225.932 INFO             PET3 !!!!!!!!!!!!!!!!!!!!!!!!!!!!!!!!!!!!!!!!!!!!!!!!!!!!!!
20231022 024225.932 INFO             PET3 Running with ESMF Version   : v8.6.0b10-15-g69098dfbff
20231022 024225.932 INFO             PET3 ESMF library build date/time: "Oct 22 2023" "02:18:00"
20231022 024225.932 INFO             PET3 ESMF library build location : /glade/derecho/scratch/theurich/ESMF-Nightly-Testing/intel_2023.0.0_mpi_g_develop/esmf
20231022 024225.932 INFO             PET3 ESMF_COMM                   : mpi
20231022 024225.933 INFO             PET3 ESMF_MOAB                   : enabled
20231022 024225.933 INFO             PET3 ESMF_LAPACK                 : enabled
20231022 024225.933 INFO             PET3 ESMF_NETCDF                 : enabled
20231022 024225.933 INFO             PET3 ESMF_PNETCDF                : disabled
20231022 024225.933 INFO             PET3 ESMF_PIO                    : enabled
20231022 024225.933 INFO             PET3 ESMF_YAMLCPP                : enabled
20231022 024225.934 INFO             PET3  NUMBER_OF_PROCESSORS           4
20231022 024225.934 INFO             PET3  PASS  Example ESMF_InfoGetFromHostEx, ESMF_InfoGetFromHostEx.F90, line 112
20231022 024225.934 INFO             PET3  Finalizing ESMF
