2023-10-18 01:34:49
20231018 015905.188 INFO             PET0 !!!!!!!!!!!!!!!!!!!!!!!!!!!!!!!!!!!!!!!!!!!!!!!!!!!!!!
20231018 015905.188 INFO             PET0 !!! THE ESMF_LOG IS SET TO OUTPUT ALL LOG MESSAGES !!!
20231018 015905.188 INFO             PET0 !!!     THIS MAY CAUSE SLOWDOWN IN PERFORMANCE     !!!
20231018 015905.188 INFO             PET0 !!! FOR PRODUCTION RUNS, USE:                      !!!
20231018 015905.188 INFO             PET0 !!!                   ESMF_LOGKIND_Multi_On_Error  !!!
20231018 015905.188 INFO             PET0 !!!!!!!!!!!!!!!!!!!!!!!!!!!!!!!!!!!!!!!!!!!!!!!!!!!!!!
20231018 015905.188 INFO             PET0 Running with ESMF Version   : v8.6.0b09-2-g5cd9f55d8a
20231018 015905.188 INFO             PET0 ESMF library build date/time: "Oct 18 2023" "01:33:45"
20231018 015905.188 INFO             PET0 ESMF library build location : /glade/derecho/scratch/theurich/ESMF-Nightly-Testing/intel_2023.0.0_mpi_g_develop/esmf
20231018 015905.188 INFO             PET0 ESMF_COMM                   : mpi
20231018 015905.188 INFO             PET0 ESMF_MOAB                   : enabled
20231018 015905.188 INFO             PET0 ESMF_LAPACK                 : enabled
20231018 015905.188 INFO             PET0 ESMF_NETCDF                 : enabled
20231018 015905.188 INFO             PET0 ESMF_PNETCDF                : disabled
20231018 015905.188 INFO             PET0 ESMF_PIO                    : enabled
20231018 015905.188 INFO             PET0 ESMF_YAMLCPP                : enabled
20231018 015905.189 INFO             PET0  NUMBER_OF_PROCESSORS           1
20231018 015905.189 INFO             PET0  PASS  Example ESMF_AlarmEx, ESMF_AlarmEx.F90, line 244
20231018 015905.189 INFO             PET0  Finalizing ESMF
