2023-10-18 07:34:46
20231018 080321.144 INFO             PET0 !!!!!!!!!!!!!!!!!!!!!!!!!!!!!!!!!!!!!!!!!!!!!!!!!!!!!!
20231018 080321.144 INFO             PET0 !!! THE ESMF_LOG IS SET TO OUTPUT ALL LOG MESSAGES !!!
20231018 080321.144 INFO             PET0 !!!     THIS MAY CAUSE SLOWDOWN IN PERFORMANCE     !!!
20231018 080321.144 INFO             PET0 !!! FOR PRODUCTION RUNS, USE:                      !!!
20231018 080321.144 INFO             PET0 !!!                   ESMF_LOGKIND_Multi_On_Error  !!!
20231018 080321.144 INFO             PET0 !!!!!!!!!!!!!!!!!!!!!!!!!!!!!!!!!!!!!!!!!!!!!!!!!!!!!!
20231018 080321.144 INFO             PET0 Running with ESMF Version   : v8.6.0b09-20-g8d1ee58df9
20231018 080321.144 INFO             PET0 ESMF library build date/time: "Oct 18 2023" "07:33:08"
20231018 080321.144 INFO             PET0 ESMF library build location : /scratch2/NCEPDEV/stmp1/Gerhard.Theurich/ESMF-Nightly-Testing/gfortran_9.2.0_openmpi_O_feature_devList/esmf
20231018 080321.144 INFO             PET0 ESMF_COMM                   : openmpi
20231018 080321.145 INFO             PET0 ESMF_MOAB                   : enabled
20231018 080321.145 INFO             PET0 ESMF_LAPACK                 : enabled
20231018 080321.145 INFO             PET0 ESMF_NETCDF                 : disabled
20231018 080321.145 INFO             PET0 ESMF_PNETCDF                : disabled
20231018 080321.145 INFO             PET0 ESMF_PIO                    : disabled
20231018 080321.145 INFO             PET0 ESMF_YAMLCPP                : enabled
20231018 080321.145 INFO             PET0  NUMBER_OF_PROCESSORS           4
20231018 080321.145 INFO             PET0  PASS  Example ESMF_VMUserMpiEx, ESMF_VMUserMpiEx.F90, line 96
20231018 080321.145 INFO             PET0  Finalizing ESMF with endflag==ESMF_END_KEEPMPI
20231018 080321.144 INFO             PET1 !!!!!!!!!!!!!!!!!!!!!!!!!!!!!!!!!!!!!!!!!!!!!!!!!!!!!!
20231018 080321.144 INFO             PET1 !!! THE ESMF_LOG IS SET TO OUTPUT ALL LOG MESSAGES !!!
20231018 080321.144 INFO             PET1 !!!     THIS MAY CAUSE SLOWDOWN IN PERFORMANCE     !!!
20231018 080321.144 INFO             PET1 !!! FOR PRODUCTION RUNS, USE:                      !!!
20231018 080321.144 INFO             PET1 !!!                   ESMF_LOGKIND_Multi_On_Error  !!!
20231018 080321.144 INFO             PET1 !!!!!!!!!!!!!!!!!!!!!!!!!!!!!!!!!!!!!!!!!!!!!!!!!!!!!!
20231018 080321.144 INFO             PET1 Running with ESMF Version   : v8.6.0b09-20-g8d1ee58df9
20231018 080321.144 INFO             PET1 ESMF library build date/time: "Oct 18 2023" "07:33:08"
20231018 080321.144 INFO             PET1 ESMF library build location : /scratch2/NCEPDEV/stmp1/Gerhard.Theurich/ESMF-Nightly-Testing/gfortran_9.2.0_openmpi_O_feature_devList/esmf
20231018 080321.144 INFO             PET1 ESMF_COMM                   : openmpi
20231018 080321.145 INFO             PET1 ESMF_MOAB                   : enabled
20231018 080321.145 INFO             PET1 ESMF_LAPACK                 : enabled
20231018 080321.145 INFO             PET1 ESMF_NETCDF                 : disabled
20231018 080321.145 INFO             PET1 ESMF_PNETCDF                : disabled
20231018 080321.145 INFO             PET1 ESMF_PIO                    : disabled
20231018 080321.145 INFO             PET1 ESMF_YAMLCPP                : enabled
20231018 080321.145 INFO             PET1  NUMBER_OF_PROCESSORS           4
20231018 080321.145 INFO             PET1  PASS  Example ESMF_VMUserMpiEx, ESMF_VMUserMpiEx.F90, line 96
20231018 080321.145 INFO             PET1  Finalizing ESMF with endflag==ESMF_END_KEEPMPI
20231018 080321.144 INFO             PET2 !!!!!!!!!!!!!!!!!!!!!!!!!!!!!!!!!!!!!!!!!!!!!!!!!!!!!!
20231018 080321.144 INFO             PET2 !!! THE ESMF_LOG IS SET TO OUTPUT ALL LOG MESSAGES !!!
20231018 080321.144 INFO             PET2 !!!     THIS MAY CAUSE SLOWDOWN IN PERFORMANCE     !!!
20231018 080321.144 INFO             PET2 !!! FOR PRODUCTION RUNS, USE:                      !!!
20231018 080321.144 INFO             PET2 !!!                   ESMF_LOGKIND_Multi_On_Error  !!!
20231018 080321.144 INFO             PET2 !!!!!!!!!!!!!!!!!!!!!!!!!!!!!!!!!!!!!!!!!!!!!!!!!!!!!!
20231018 080321.144 INFO             PET2 Running with ESMF Version   : v8.6.0b09-20-g8d1ee58df9
20231018 080321.144 INFO             PET2 ESMF library build date/time: "Oct 18 2023" "07:33:08"
20231018 080321.144 INFO             PET2 ESMF library build location : /scratch2/NCEPDEV/stmp1/Gerhard.Theurich/ESMF-Nightly-Testing/gfortran_9.2.0_openmpi_O_feature_devList/esmf
20231018 080321.144 INFO             PET2 ESMF_COMM                   : openmpi
20231018 080321.145 INFO             PET2 ESMF_MOAB                   : enabled
20231018 080321.145 INFO             PET2 ESMF_LAPACK                 : enabled
20231018 080321.145 INFO             PET2 ESMF_NETCDF                 : disabled
20231018 080321.145 INFO             PET2 ESMF_PNETCDF                : disabled
20231018 080321.145 INFO             PET2 ESMF_PIO                    : disabled
20231018 080321.145 INFO             PET2 ESMF_YAMLCPP                : enabled
20231018 080321.145 INFO             PET2  NUMBER_OF_PROCESSORS           4
20231018 080321.145 INFO             PET2  PASS  Example ESMF_VMUserMpiEx, ESMF_VMUserMpiEx.F90, line 96
20231018 080321.145 INFO             PET2  Finalizing ESMF with endflag==ESMF_END_KEEPMPI
20231018 080321.144 INFO             PET3 !!!!!!!!!!!!!!!!!!!!!!!!!!!!!!!!!!!!!!!!!!!!!!!!!!!!!!
20231018 080321.144 INFO             PET3 !!! THE ESMF_LOG IS SET TO OUTPUT ALL LOG MESSAGES !!!
20231018 080321.144 INFO             PET3 !!!     THIS MAY CAUSE SLOWDOWN IN PERFORMANCE     !!!
20231018 080321.144 INFO             PET3 !!! FOR PRODUCTION RUNS, USE:                      !!!
20231018 080321.144 INFO             PET3 !!!                   ESMF_LOGKIND_Multi_On_Error  !!!
20231018 080321.144 INFO             PET3 !!!!!!!!!!!!!!!!!!!!!!!!!!!!!!!!!!!!!!!!!!!!!!!!!!!!!!
20231018 080321.144 INFO             PET3 Running with ESMF Version   : v8.6.0b09-20-g8d1ee58df9
20231018 080321.144 INFO             PET3 ESMF library build date/time: "Oct 18 2023" "07:33:08"
20231018 080321.144 INFO             PET3 ESMF library build location : /scratch2/NCEPDEV/stmp1/Gerhard.Theurich/ESMF-Nightly-Testing/gfortran_9.2.0_openmpi_O_feature_devList/esmf
20231018 080321.144 INFO             PET3 ESMF_COMM                   : openmpi
20231018 080321.145 INFO             PET3 ESMF_MOAB                   : enabled
20231018 080321.145 INFO             PET3 ESMF_LAPACK                 : enabled
20231018 080321.145 INFO             PET3 ESMF_NETCDF                 : disabled
20231018 080321.145 INFO             PET3 ESMF_PNETCDF                : disabled
20231018 080321.145 INFO             PET3 ESMF_PIO                    : disabled
20231018 080321.145 INFO             PET3 ESMF_YAMLCPP                : enabled
20231018 080321.145 INFO             PET3  NUMBER_OF_PROCESSORS           4
20231018 080321.145 INFO             PET3  PASS  Example ESMF_VMUserMpiEx, ESMF_VMUserMpiEx.F90, line 96
20231018 080321.145 INFO             PET3  Finalizing ESMF with endflag==ESMF_END_KEEPMPI
