2023-10-06 13:08:43
20231006 143821.527 INFO             PET0 !!!!!!!!!!!!!!!!!!!!!!!!!!!!!!!!!!!!!!!!!!!!!!!!!!!!!!
20231006 143821.527 INFO             PET0 !!! THE ESMF_LOG IS SET TO OUTPUT ALL LOG MESSAGES !!!
20231006 143821.527 INFO             PET0 !!!     THIS MAY CAUSE SLOWDOWN IN PERFORMANCE     !!!
20231006 143821.527 INFO             PET0 !!! FOR PRODUCTION RUNS, USE:                      !!!
20231006 143821.527 INFO             PET0 !!!                   ESMF_LOGKIND_Multi_On_Error  !!!
20231006 143821.527 INFO             PET0 !!!!!!!!!!!!!!!!!!!!!!!!!!!!!!!!!!!!!!!!!!!!!!!!!!!!!!
20231006 143821.527 INFO             PET0 Running with ESMF Version   : v8.6.0b07-1-ge21e73e41b
20231006 143821.527 INFO             PET0 ESMF library build date/time: "Oct  6 2023" "12:59:44"
20231006 143821.527 INFO             PET0 ESMF library build location : /glade/scratch/theurich/ESMF-Nightly-Testing/intel_18.0.5_mpt_g_fix_abort_trace/esmf
20231006 143821.527 INFO             PET0 ESMF_COMM                   : mpt
20231006 143821.528 INFO             PET0 ESMF_MOAB                   : enabled
20231006 143821.528 INFO             PET0 ESMF_LAPACK                 : enabled
20231006 143821.528 INFO             PET0 ESMF_NETCDF                 : enabled
20231006 143821.528 INFO             PET0 ESMF_PNETCDF                : disabled
20231006 143821.528 INFO             PET0 ESMF_PIO                    : enabled
20231006 143821.528 INFO             PET0 ESMF_YAMLCPP                : enabled
20231006 143821.528 INFO             PET0 esmApp STARTING
20231006 143821.535 INFO             PET0 esm: InitializeGeneric intro.
20231006 143821.535 INFO             PET0   esm: InitializeP0 intro.
20231006 143821.535 INFO             PET0   esm: InitializeP0 extro.
20231006 143821.535 INFO             PET0   esm: InitializeIPDv02p1 intro.
20231006 143821.535 INFO             PET0     >>>esm: entered Initialize (phase=<none>) without valid internal Clock.
20231006 143821.536 INFO             PET0     esm - Creating model component ATM with petList of size 2 :
20231006 143821.536 INFO             PET0           0      1
20231006 143821.539 INFO             PET0     esm - Creating model component OCN with petList of size 2 :
20231006 143821.539 INFO             PET0           2      3
20231006 143821.539 INFO             PET0     esm - Creating connector component ATM-TO-OCN with petList of size 4 :
20231006 143821.539 INFO             PET0           0      1      2      3
20231006 143821.546 INFO             PET0     esm - Creating connector component OCN-TO-ATM with petList of size 4 :
20231006 143821.546 INFO             PET0           2      3      0      1
20231006 143821.552 INFO             PET0     esm - Creating state: modelComp 1 Import State
20231006 143821.552 INFO             PET0     esm - Creating state: modelComp 1 Export State
20231006 143821.553 INFO             PET0     esm - Creating state: modelComp 2 Import State
20231006 143821.553 INFO             PET0     esm - Creating state: modelComp 2 Export State
20231006 143821.554 INFO             PET0     ATM: InitializeP0 intro.
20231006 143821.556 INFO             PET0     ATM: InitializeP0 extro.
20231006 143821.559 INFO             PET0     ATM-TO-OCN: InitializeP0 intro.
20231006 143821.559 INFO             PET0     ATM-TO-OCN: InitializeP0 extro.
20231006 143821.560 INFO             PET0     OCN-TO-ATM: InitializeP0 intro.
20231006 143821.561 INFO             PET0     OCN-TO-ATM: InitializeP0 extro.
20231006 143821.563 INFO             PET0     esm: IInitAdvertise intro.
20231006 143821.563 INFO             PET0     esm: IInitAdvertise extro.
20231006 143821.564 INFO             PET0     ATM: InitializeIPDvXp01 intro.
20231006 143821.567 INFO             PET0     ATM: InitializeIPDvXp01 extro.
20231006 143821.569 INFO             PET0     ATM-TO-OCN: InitializeIPDv05p1 intro.
20231006 143821.579 INFO             PET0     ATM-TO-OCN: InitializeIPDv05p1 extro.
20231006 143821.580 INFO             PET0     OCN-TO-ATM: InitializeIPDv05p1 intro.
20231006 143821.585 INFO             PET0     OCN-TO-ATM: InitializeIPDv05p1 extro.
20231006 143821.585 INFO             PET0     esm: IInitAdvertiseFinish intro.
20231006 143821.585 INFO             PET0     esm: IInitAdvertiseFinish extro.
20231006 143821.585 INFO             PET0     ATM-TO-OCN: InitializeIPDv05p2a intro.
20231006 143821.595 INFO             PET0     ATM-TO-OCN: InitializeIPDv05p2a extro.
20231006 143821.595 INFO             PET0     OCN-TO-ATM: InitializeIPDv05p2a intro.
20231006 143821.600 INFO             PET0     OCN-TO-ATM: InitializeIPDv05p2a extro.
20231006 143821.601 INFO             PET0     ATM-TO-OCN: InitializeIPDv05p2b intro.
20231006 143821.610 INFO             PET0     ATM-TO-OCN: InitializeIPDv05p2b extro.
20231006 143821.613 INFO             PET0     OCN-TO-ATM: InitializeIPDv05p2b intro.
20231006 143821.619 INFO             PET0     OCN-TO-ATM: InitializeIPDv05p2b extro.
20231006 143821.619 INFO             PET0     esm: IInitModifyCplLists intro.
20231006 143821.619 INFO             PET0       Driver is in ModifyCplLists()
20231006 143821.619 INFO             PET0        Found            2  Connectors. Modifying CplList Attribute....
20231006 143821.620 INFO             PET0     esm: IInitModifyCplLists extro.
20231006 143821.620 INFO             PET0     ATM-TO-OCN: InitializeIPDv05p3 intro.
20231006 143821.630 INFO             PET0     ATM-TO-OCN: InitializeIPDv05p3 extro.
20231006 143821.630 INFO             PET0     OCN-TO-ATM: InitializeIPDv05p3 intro.
20231006 143821.636 INFO             PET0     OCN-TO-ATM: InitializeIPDv05p3 extro.
20231006 143821.636 INFO             PET0     <<<esm: leaving Initialize (phase=<none>) with current time: 2010  6  1  0  0  0   0
20231006 143821.636 INFO             PET0   esm: InitializeIPDv02p1 extro.
20231006 143821.636 INFO             PET0   esm: InitializeIPDv02p3 intro.
20231006 143821.636 INFO             PET0     >>>esm: entered Initialize (phase=<none>) with current time: 2010  6  1  0  0  0   0
20231006 143821.637 INFO             PET0     esm: IInitCheck intro.
20231006 143821.637 INFO             PET0     esm: IInitCheck extro.
20231006 143821.637 INFO             PET0     ATM: InitializeIPDvXp04 intro.
20231006 143821.646 INFO             PET0     ATM: InitializeIPDvXp04 extro.
20231006 143821.648 INFO             PET0     ATM-TO-OCN: InitializeIPDv05p4 intro.
20231006 143821.668 INFO             PET0     ATM-TO-OCN: InitializeIPDv05p4 extro.
20231006 143821.668 INFO             PET0     OCN-TO-ATM: InitializeIPDv05p4 intro.
20231006 143821.678 INFO             PET0     OCN-TO-ATM: InitializeIPDv05p4 extro.
20231006 143821.678 INFO             PET0     ATM-TO-OCN: InitializeIPDv05p5 intro.
20231006 143821.697 INFO             PET0     ATM-TO-OCN: InitializeIPDv05p5 extro.
20231006 143821.697 INFO             PET0     OCN-TO-ATM: InitializeIPDv05p5 intro.
20231006 143821.707 INFO             PET0     OCN-TO-ATM: InitializeIPDv05p5 extro.
20231006 143821.708 INFO             PET0     esm: IInitRealize intro.
20231006 143821.708 INFO             PET0     esm: IInitRealize extro.
20231006 143821.708 INFO             PET0     ATM-TO-OCN: InitializeIPDv05p6a intro.
20231006 143821.726 INFO             PET0     ATM-TO-OCN: InitializeIPDv05p6a extro.
20231006 143821.727 INFO             PET0     OCN-TO-ATM: InitializeIPDv05p6a intro.
20231006 143821.736 INFO             PET0     OCN-TO-ATM: InitializeIPDv05p6a extro.
20231006 143821.736 INFO             PET0     ATM-TO-OCN: InitializeIPDv05p6b intro.
20231006 143821.865 INFO             PET0     ATM-TO-OCN: InitializeIPDv05p6b extro.
20231006 143821.866 INFO             PET0     OCN-TO-ATM: InitializeIPDv05p6b intro.
20231006 143821.966 INFO             PET0     OCN-TO-ATM: InitializeIPDv05p6b extro.
20231006 143821.967 INFO             PET0     ATM: InitializeIPDvXp07 intro.
20231006 143821.967 INFO             PET0     ATM: InitializeIPDvXp07 extro.
20231006 143821.967 INFO             PET0     <<<esm: leaving Initialize (phase=<none>) with current time: 2010  6  1  0  0  0   0
20231006 143821.967 INFO             PET0   esm: InitializeIPDv02p3 extro.
20231006 143821.967 INFO             PET0   esm: InitializeIPDv02p5 intro.
20231006 143821.968 INFO             PET0     >>>esm: entered Initialize (phase=<none>) with current time: 2010  6  1  0  0  0   0
20231006 143821.968 INFO             PET0     esm: this is a top level driver, no 'Updated' and 'InitializeDataComplete' info on this level.
20231006 143821.968 INFO             PET0     esm: InitializeIPDv02p5Data intro.
20231006 143821.968 INFO             PET0       esm: InternalInitializeComplete intro.
20231006 143821.968 INFO             PET0         esm: InitializeDataComplete='true'
20231006 143821.968 INFO             PET0       esm: InternalInitializeComplete extro.
20231006 143821.968 INFO             PET0       ATM: InitializeIPDv01p5 intro.
20231006 143821.969 INFO             PET0       ATM: InitializeIPDv01p5 extro.
20231006 143821.971 INFO             PET0       esm: components present that trigger loopDataDependentInitialize().
20231006 143821.971 INFO             PET0       esm: loopDataDependentInitialize intro.
20231006 143821.971 INFO             PET0         esm: component    0=esm, dataComplete (local): true
20231006 143821.971 INFO             PET0         esm: component    0=esm, dataComplete (global):  T
20231006 143821.971 INFO             PET0         esm: component    1=ATM, dataComplete (local): true
20231006 143821.971 INFO             PET0         esm: component    1=ATM, dataComplete (global):  T
20231006 143821.971 INFO             PET0         esm: component    2=OCN, dataComplete (local): true
20231006 143821.971 INFO             PET0         esm: component    2=OCN, dataComplete (global):  T
20231006 143821.971 INFO             PET0         esm: someProgress= F, allComplete= T, present(dataDepAllComplete)= T
20231006 143821.971 INFO             PET0         esm: finished resolving initialize data dependencies on this level.
20231006 143821.971 INFO             PET0       esm: loopDataDependentInitialize extro.
20231006 143821.971 INFO             PET0       esm: loopDataDependentInitialize() returned with dataDepAllComplete:  T
20231006 143821.971 INFO             PET0     esm: InitializeIPDv02p5Data extro.
20231006 143821.972 INFO             PET0     <<<esm: leaving Initialize (phase=<none>) with current time: 2010  6  1  0  0  0   0
20231006 143821.972 INFO             PET0   esm: InitializeIPDv02p5 extro.
20231006 143821.972 INFO             PET0 esm: InitializeGeneric extro.
20231006 143821.972 INFO             PET0 esm: Run intro.
20231006 143821.972 INFO             PET0   >>>esm entered Run (phase=RunPhase1) with current time: 2010  6  1  0  0  0   0
20231006 143821.972 INFO             PET0   esm: after lable_SetRunClock, current time: 2010  6  1  0  0  0   0
20231006 143821.972 INFO             PET0   esm: begin -------> RunSequence.
20231006 143821.972 INFO             PET0     esm: RunSequence event loopLevel=   1  levelMember=   1  loopIteration=   1, current time: 2010  6  1  0  0  0   0
20231006 143821.972 INFO             PET0     ATM-TO-OCN: Run intro.
20231006 143821.973 INFO             PET0     ATM-TO-OCN: Run extro.
20231006 143821.973 INFO             PET0     OCN-TO-ATM: Run intro.
20231006 143821.974 INFO             PET0     OCN-TO-ATM: Run extro.
20231006 143821.974 INFO             PET0     ATM: Run intro.
20231006 143821.974 INFO             PET0       ------>Advancing ATM from: 2010  6  1  0  0  0   0
20231006 143821.974 INFO             PET0       ---------------------> to: 2010  6  1  0 15  0   0
20231006 143821.974 INFO             PET0     ATM: Run extro.
20231006 143821.974 INFO             PET0     esm: RunSequence event loopLevel=   1  levelMember=   1  loopIteration=   2, current time: 2010  6  1  0 15  0   0
20231006 143821.974 INFO             PET0     ATM-TO-OCN: Run intro.
20231006 143821.975 INFO             PET0     ATM-TO-OCN: Run extro.
20231006 143821.975 INFO             PET0     OCN-TO-ATM: Run intro.
20231006 143821.996 INFO             PET0     OCN-TO-ATM: Run extro.
20231006 143821.996 INFO             PET0     ATM: Run intro.
20231006 143821.996 INFO             PET0       ------>Advancing ATM from: 2010  6  1  0 15  0   0
20231006 143821.996 INFO             PET0       ---------------------> to: 2010  6  1  0 30  0   0
20231006 143821.996 INFO             PET0     ATM: Run extro.
20231006 143821.996 INFO             PET0     esm: RunSequence event loopLevel=   1  levelMember=   1  loopIteration=   3, current time: 2010  6  1  0 30  0   0
20231006 143821.996 INFO             PET0     ATM-TO-OCN: Run intro.
20231006 143821.997 INFO             PET0     ATM-TO-OCN: Run extro.
20231006 143821.997 INFO             PET0     OCN-TO-ATM: Run intro.
20231006 143822.007 INFO             PET0     OCN-TO-ATM: Run extro.
20231006 143822.007 INFO             PET0     ATM: Run intro.
20231006 143822.007 INFO             PET0       ------>Advancing ATM from: 2010  6  1  0 30  0   0
20231006 143822.007 INFO             PET0       ---------------------> to: 2010  6  1  0 45  0   0
20231006 143822.007 INFO             PET0     ATM: Run extro.
20231006 143822.007 INFO             PET0     esm: RunSequence event loopLevel=   1  levelMember=   1  loopIteration=   4, current time: 2010  6  1  0 45  0   0
20231006 143822.007 INFO             PET0     ATM-TO-OCN: Run intro.
20231006 143822.008 INFO             PET0     ATM-TO-OCN: Run extro.
20231006 143822.008 INFO             PET0     OCN-TO-ATM: Run intro.
20231006 143822.015 INFO             PET0     OCN-TO-ATM: Run extro.
20231006 143822.016 INFO             PET0     ATM: Run intro.
20231006 143822.016 INFO             PET0       ------>Advancing ATM from: 2010  6  1  0 45  0   0
20231006 143822.016 INFO             PET0       ---------------------> to: 2010  6  1  1  0  0   0
20231006 143822.016 INFO             PET0     ATM: Run extro.
20231006 143822.016 INFO             PET0   esm: end <--------- RunSequence
20231006 143822.016 INFO             PET0   <<<esm - leaving Run with current time: 2010  6  1  1  0  0   0
20231006 143822.016 INFO             PET0 esm: Run extro.
20231006 143822.016 INFO             PET0 esm: Finalize intro.
20231006 143822.016 INFO             PET0   Calling Finalize phase 1 for connectorComp: ATM-TO-OCN
20231006 143822.016 INFO             PET0   ATM-TO-OCN: Finalize intro.
20231006 143822.017 INFO             PET0   ATM-TO-OCN: Finalize extro.
20231006 143822.017 INFO             PET0   Calling Finalize phase 1 for connectorComp: OCN-TO-ATM
20231006 143822.017 INFO             PET0   OCN-TO-ATM: Finalize intro.
20231006 143822.017 INFO             PET0   OCN-TO-ATM: Finalize extro.
20231006 143822.017 INFO             PET0   Calling Finalize phase 1 for modelComp: ATM
20231006 143822.017 INFO             PET0   ATM: Finalize intro.
20231006 143822.017 INFO             PET0   ATM: Finalize extro.
20231006 143822.017 INFO             PET0   Calling Finalize phase 1 for modelComp: OCN
20231006 143822.017 INFO             PET0   Delete modelComp: ATM
20231006 143822.017 INFO             PET0   Delete Import-/Export State for modelComp: ATM
20231006 143822.017 INFO             PET0   Delete modelComp: OCN
20231006 143822.018 INFO             PET0   Delete Import-/Export State for modelComp: OCN
20231006 143822.018 INFO             PET0   Delete connectorComp: ATM-TO-OCN
20231006 143822.024 INFO             PET0   Delete connectorComp: OCN-TO-ATM
20231006 143822.024 INFO             PET0 esm: Finalize extro.
20231006 143822.025 INFO             PET0 esmApp FINISHED
20231006 143822.025 INFO             PET0 Finalizing ESMF
20231006 143821.528 INFO             PET1 !!!!!!!!!!!!!!!!!!!!!!!!!!!!!!!!!!!!!!!!!!!!!!!!!!!!!!
20231006 143821.528 INFO             PET1 !!! THE ESMF_LOG IS SET TO OUTPUT ALL LOG MESSAGES !!!
20231006 143821.528 INFO             PET1 !!!     THIS MAY CAUSE SLOWDOWN IN PERFORMANCE     !!!
20231006 143821.528 INFO             PET1 !!! FOR PRODUCTION RUNS, USE:                      !!!
20231006 143821.528 INFO             PET1 !!!                   ESMF_LOGKIND_Multi_On_Error  !!!
20231006 143821.528 INFO             PET1 !!!!!!!!!!!!!!!!!!!!!!!!!!!!!!!!!!!!!!!!!!!!!!!!!!!!!!
20231006 143821.528 INFO             PET1 Running with ESMF Version   : v8.6.0b07-1-ge21e73e41b
20231006 143821.528 INFO             PET1 ESMF library build date/time: "Oct  6 2023" "12:59:44"
20231006 143821.528 INFO             PET1 ESMF library build location : /glade/scratch/theurich/ESMF-Nightly-Testing/intel_18.0.5_mpt_g_fix_abort_trace/esmf
20231006 143821.528 INFO             PET1 ESMF_COMM                   : mpt
20231006 143821.528 INFO             PET1 ESMF_MOAB                   : enabled
20231006 143821.528 INFO             PET1 ESMF_LAPACK                 : enabled
20231006 143821.528 INFO             PET1 ESMF_NETCDF                 : enabled
20231006 143821.528 INFO             PET1 ESMF_PNETCDF                : disabled
20231006 143821.528 INFO             PET1 ESMF_PIO                    : enabled
20231006 143821.528 INFO             PET1 ESMF_YAMLCPP                : enabled
20231006 143821.528 INFO             PET1 esmApp STARTING
20231006 143821.535 INFO             PET1 esm: InitializeGeneric intro.
20231006 143821.535 INFO             PET1   esm: InitializeP0 intro.
20231006 143821.535 INFO             PET1   esm: InitializeP0 extro.
20231006 143821.535 INFO             PET1   esm: InitializeIPDv02p1 intro.
20231006 143821.535 INFO             PET1     >>>esm: entered Initialize (phase=<none>) without valid internal Clock.
20231006 143821.536 INFO             PET1     esm - Creating model component ATM with petList of size 2 :
20231006 143821.536 INFO             PET1           0      1
20231006 143821.539 INFO             PET1     esm - Creating model component OCN with petList of size 2 :
20231006 143821.539 INFO             PET1           2      3
20231006 143821.539 INFO             PET1     esm - Creating connector component ATM-TO-OCN with petList of size 4 :
20231006 143821.539 INFO             PET1           0      1      2      3
20231006 143821.546 INFO             PET1     esm - Creating connector component OCN-TO-ATM with petList of size 4 :
20231006 143821.546 INFO             PET1           2      3      0      1
20231006 143821.552 INFO             PET1     esm - Creating state: modelComp 1 Import State
20231006 143821.552 INFO             PET1     esm - Creating state: modelComp 1 Export State
20231006 143821.553 INFO             PET1     esm - Creating state: modelComp 2 Import State
20231006 143821.553 INFO             PET1     esm - Creating state: modelComp 2 Export State
20231006 143821.554 INFO             PET1     ATM: InitializeP0 intro.
20231006 143821.556 INFO             PET1     ATM: InitializeP0 extro.
20231006 143821.559 INFO             PET1     ATM-TO-OCN: InitializeP0 intro.
20231006 143821.559 INFO             PET1     ATM-TO-OCN: InitializeP0 extro.
20231006 143821.560 INFO             PET1     OCN-TO-ATM: InitializeP0 intro.
20231006 143821.561 INFO             PET1     OCN-TO-ATM: InitializeP0 extro.
20231006 143821.563 INFO             PET1     esm: IInitAdvertise intro.
20231006 143821.563 INFO             PET1     esm: IInitAdvertise extro.
20231006 143821.564 INFO             PET1     ATM: InitializeIPDvXp01 intro.
20231006 143821.567 INFO             PET1     ATM: InitializeIPDvXp01 extro.
20231006 143821.569 INFO             PET1     ATM-TO-OCN: InitializeIPDv05p1 intro.
20231006 143821.579 INFO             PET1     ATM-TO-OCN: InitializeIPDv05p1 extro.
20231006 143821.580 INFO             PET1     OCN-TO-ATM: InitializeIPDv05p1 intro.
20231006 143821.585 INFO             PET1     OCN-TO-ATM: InitializeIPDv05p1 extro.
20231006 143821.585 INFO             PET1     esm: IInitAdvertiseFinish intro.
20231006 143821.585 INFO             PET1     esm: IInitAdvertiseFinish extro.
20231006 143821.585 INFO             PET1     ATM-TO-OCN: InitializeIPDv05p2a intro.
20231006 143821.595 INFO             PET1     ATM-TO-OCN: InitializeIPDv05p2a extro.
20231006 143821.595 INFO             PET1     OCN-TO-ATM: InitializeIPDv05p2a intro.
20231006 143821.600 INFO             PET1     OCN-TO-ATM: InitializeIPDv05p2a extro.
20231006 143821.601 INFO             PET1     ATM-TO-OCN: InitializeIPDv05p2b intro.
20231006 143821.610 INFO             PET1     ATM-TO-OCN: InitializeIPDv05p2b extro.
20231006 143821.613 INFO             PET1     OCN-TO-ATM: InitializeIPDv05p2b intro.
20231006 143821.619 INFO             PET1     OCN-TO-ATM: InitializeIPDv05p2b extro.
20231006 143821.619 INFO             PET1     esm: IInitModifyCplLists intro.
20231006 143821.619 INFO             PET1       Driver is in ModifyCplLists()
20231006 143821.619 INFO             PET1        Found            2  Connectors. Modifying CplList Attribute....
20231006 143821.620 INFO             PET1     esm: IInitModifyCplLists extro.
20231006 143821.620 INFO             PET1     ATM-TO-OCN: InitializeIPDv05p3 intro.
20231006 143821.630 INFO             PET1     ATM-TO-OCN: InitializeIPDv05p3 extro.
20231006 143821.630 INFO             PET1     OCN-TO-ATM: InitializeIPDv05p3 intro.
20231006 143821.636 INFO             PET1     OCN-TO-ATM: InitializeIPDv05p3 extro.
20231006 143821.636 INFO             PET1     <<<esm: leaving Initialize (phase=<none>) with current time: 2010  6  1  0  0  0   0
20231006 143821.636 INFO             PET1   esm: InitializeIPDv02p1 extro.
20231006 143821.636 INFO             PET1   esm: InitializeIPDv02p3 intro.
20231006 143821.636 INFO             PET1     >>>esm: entered Initialize (phase=<none>) with current time: 2010  6  1  0  0  0   0
20231006 143821.637 INFO             PET1     esm: IInitCheck intro.
20231006 143821.637 INFO             PET1     esm: IInitCheck extro.
20231006 143821.637 INFO             PET1     ATM: InitializeIPDvXp04 intro.
20231006 143821.646 INFO             PET1     ATM: InitializeIPDvXp04 extro.
20231006 143821.648 INFO             PET1     ATM-TO-OCN: InitializeIPDv05p4 intro.
20231006 143821.668 INFO             PET1     ATM-TO-OCN: InitializeIPDv05p4 extro.
20231006 143821.668 INFO             PET1     OCN-TO-ATM: InitializeIPDv05p4 intro.
20231006 143821.678 INFO             PET1     OCN-TO-ATM: InitializeIPDv05p4 extro.
20231006 143821.678 INFO             PET1     ATM-TO-OCN: InitializeIPDv05p5 intro.
20231006 143821.697 INFO             PET1     ATM-TO-OCN: InitializeIPDv05p5 extro.
20231006 143821.698 INFO             PET1     OCN-TO-ATM: InitializeIPDv05p5 intro.
20231006 143821.707 INFO             PET1     OCN-TO-ATM: InitializeIPDv05p5 extro.
20231006 143821.708 INFO             PET1     esm: IInitRealize intro.
20231006 143821.708 INFO             PET1     esm: IInitRealize extro.
20231006 143821.708 INFO             PET1     ATM-TO-OCN: InitializeIPDv05p6a intro.
20231006 143821.726 INFO             PET1     ATM-TO-OCN: InitializeIPDv05p6a extro.
20231006 143821.727 INFO             PET1     OCN-TO-ATM: InitializeIPDv05p6a intro.
20231006 143821.736 INFO             PET1     OCN-TO-ATM: InitializeIPDv05p6a extro.
20231006 143821.736 INFO             PET1     ATM-TO-OCN: InitializeIPDv05p6b intro.
20231006 143821.865 INFO             PET1     ATM-TO-OCN: InitializeIPDv05p6b extro.
20231006 143821.866 INFO             PET1     OCN-TO-ATM: InitializeIPDv05p6b intro.
20231006 143821.966 INFO             PET1     OCN-TO-ATM: InitializeIPDv05p6b extro.
20231006 143821.967 INFO             PET1     ATM: InitializeIPDvXp07 intro.
20231006 143821.967 INFO             PET1     ATM: InitializeIPDvXp07 extro.
20231006 143821.967 INFO             PET1     <<<esm: leaving Initialize (phase=<none>) with current time: 2010  6  1  0  0  0   0
20231006 143821.967 INFO             PET1   esm: InitializeIPDv02p3 extro.
20231006 143821.967 INFO             PET1   esm: InitializeIPDv02p5 intro.
20231006 143821.968 INFO             PET1     >>>esm: entered Initialize (phase=<none>) with current time: 2010  6  1  0  0  0   0
20231006 143821.968 INFO             PET1     esm: this is a top level driver, no 'Updated' and 'InitializeDataComplete' info on this level.
20231006 143821.968 INFO             PET1     esm: InitializeIPDv02p5Data intro.
20231006 143821.968 INFO             PET1       esm: InternalInitializeComplete intro.
20231006 143821.968 INFO             PET1         esm: InitializeDataComplete='true'
20231006 143821.968 INFO             PET1       esm: InternalInitializeComplete extro.
20231006 143821.968 INFO             PET1       ATM: InitializeIPDv01p5 intro.
20231006 143821.969 INFO             PET1       ATM: InitializeIPDv01p5 extro.
20231006 143821.971 INFO             PET1       esm: components present that trigger loopDataDependentInitialize().
20231006 143821.971 INFO             PET1       esm: loopDataDependentInitialize intro.
20231006 143821.971 INFO             PET1         esm: component    0=esm, dataComplete (local): true
20231006 143821.971 INFO             PET1         esm: component    0=esm, dataComplete (global):  T
20231006 143821.971 INFO             PET1         esm: component    1=ATM, dataComplete (local): true
20231006 143821.971 INFO             PET1         esm: component    1=ATM, dataComplete (global):  T
20231006 143821.971 INFO             PET1         esm: component    2=OCN, dataComplete (local): true
20231006 143821.971 INFO             PET1         esm: component    2=OCN, dataComplete (global):  T
20231006 143821.971 INFO             PET1         esm: someProgress= F, allComplete= T, present(dataDepAllComplete)= T
20231006 143821.971 INFO             PET1         esm: finished resolving initialize data dependencies on this level.
20231006 143821.971 INFO             PET1       esm: loopDataDependentInitialize extro.
20231006 143821.971 INFO             PET1       esm: loopDataDependentInitialize() returned with dataDepAllComplete:  T
20231006 143821.971 INFO             PET1     esm: InitializeIPDv02p5Data extro.
20231006 143821.972 INFO             PET1     <<<esm: leaving Initialize (phase=<none>) with current time: 2010  6  1  0  0  0   0
20231006 143821.972 INFO             PET1   esm: InitializeIPDv02p5 extro.
20231006 143821.972 INFO             PET1 esm: InitializeGeneric extro.
20231006 143821.972 INFO             PET1 esm: Run intro.
20231006 143821.972 INFO             PET1   >>>esm entered Run (phase=RunPhase1) with current time: 2010  6  1  0  0  0   0
20231006 143821.972 INFO             PET1   esm: after lable_SetRunClock, current time: 2010  6  1  0  0  0   0
20231006 143821.972 INFO             PET1   esm: begin -------> RunSequence.
20231006 143821.972 INFO             PET1     esm: RunSequence event loopLevel=   1  levelMember=   1  loopIteration=   1, current time: 2010  6  1  0  0  0   0
20231006 143821.972 INFO             PET1     ATM-TO-OCN: Run intro.
20231006 143821.973 INFO             PET1     ATM-TO-OCN: Run extro.
20231006 143821.973 INFO             PET1     OCN-TO-ATM: Run intro.
20231006 143821.974 INFO             PET1     OCN-TO-ATM: Run extro.
20231006 143821.974 INFO             PET1     ATM: Run intro.
20231006 143821.974 INFO             PET1       ------>Advancing ATM from: 2010  6  1  0  0  0   0
20231006 143821.974 INFO             PET1       ---------------------> to: 2010  6  1  0 15  0   0
20231006 143821.974 INFO             PET1     ATM: Run extro.
20231006 143821.974 INFO             PET1     esm: RunSequence event loopLevel=   1  levelMember=   1  loopIteration=   2, current time: 2010  6  1  0 15  0   0
20231006 143821.974 INFO             PET1     ATM-TO-OCN: Run intro.
20231006 143821.975 INFO             PET1     ATM-TO-OCN: Run extro.
20231006 143821.975 INFO             PET1     OCN-TO-ATM: Run intro.
20231006 143821.996 INFO             PET1     OCN-TO-ATM: Run extro.
20231006 143821.996 INFO             PET1     ATM: Run intro.
20231006 143821.996 INFO             PET1       ------>Advancing ATM from: 2010  6  1  0 15  0   0
20231006 143821.996 INFO             PET1       ---------------------> to: 2010  6  1  0 30  0   0
20231006 143821.996 INFO             PET1     ATM: Run extro.
20231006 143821.996 INFO             PET1     esm: RunSequence event loopLevel=   1  levelMember=   1  loopIteration=   3, current time: 2010  6  1  0 30  0   0
20231006 143821.996 INFO             PET1     ATM-TO-OCN: Run intro.
20231006 143821.997 INFO             PET1     ATM-TO-OCN: Run extro.
20231006 143821.997 INFO             PET1     OCN-TO-ATM: Run intro.
20231006 143822.007 INFO             PET1     OCN-TO-ATM: Run extro.
20231006 143822.007 INFO             PET1     ATM: Run intro.
20231006 143822.007 INFO             PET1       ------>Advancing ATM from: 2010  6  1  0 30  0   0
20231006 143822.007 INFO             PET1       ---------------------> to: 2010  6  1  0 45  0   0
20231006 143822.007 INFO             PET1     ATM: Run extro.
20231006 143822.007 INFO             PET1     esm: RunSequence event loopLevel=   1  levelMember=   1  loopIteration=   4, current time: 2010  6  1  0 45  0   0
20231006 143822.007 INFO             PET1     ATM-TO-OCN: Run intro.
20231006 143822.008 INFO             PET1     ATM-TO-OCN: Run extro.
20231006 143822.008 INFO             PET1     OCN-TO-ATM: Run intro.
20231006 143822.015 INFO             PET1     OCN-TO-ATM: Run extro.
20231006 143822.016 INFO             PET1     ATM: Run intro.
20231006 143822.016 INFO             PET1       ------>Advancing ATM from: 2010  6  1  0 45  0   0
20231006 143822.016 INFO             PET1       ---------------------> to: 2010  6  1  1  0  0   0
20231006 143822.016 INFO             PET1     ATM: Run extro.
20231006 143822.016 INFO             PET1   esm: end <--------- RunSequence
20231006 143822.016 INFO             PET1   <<<esm - leaving Run with current time: 2010  6  1  1  0  0   0
20231006 143822.016 INFO             PET1 esm: Run extro.
20231006 143822.016 INFO             PET1 esm: Finalize intro.
20231006 143822.016 INFO             PET1   Calling Finalize phase 1 for connectorComp: ATM-TO-OCN
20231006 143822.016 INFO             PET1   ATM-TO-OCN: Finalize intro.
20231006 143822.017 INFO             PET1   ATM-TO-OCN: Finalize extro.
20231006 143822.017 INFO             PET1   Calling Finalize phase 1 for connectorComp: OCN-TO-ATM
20231006 143822.017 INFO             PET1   OCN-TO-ATM: Finalize intro.
20231006 143822.017 INFO             PET1   OCN-TO-ATM: Finalize extro.
20231006 143822.017 INFO             PET1   Calling Finalize phase 1 for modelComp: ATM
20231006 143822.017 INFO             PET1   ATM: Finalize intro.
20231006 143822.017 INFO             PET1   ATM: Finalize extro.
20231006 143822.017 INFO             PET1   Calling Finalize phase 1 for modelComp: OCN
20231006 143822.017 INFO             PET1   Delete modelComp: ATM
20231006 143822.017 INFO             PET1   Delete Import-/Export State for modelComp: ATM
20231006 143822.017 INFO             PET1   Delete modelComp: OCN
20231006 143822.018 INFO             PET1   Delete Import-/Export State for modelComp: OCN
20231006 143822.018 INFO             PET1   Delete connectorComp: ATM-TO-OCN
20231006 143822.024 INFO             PET1   Delete connectorComp: OCN-TO-ATM
20231006 143822.024 INFO             PET1 esm: Finalize extro.
20231006 143822.025 INFO             PET1 esmApp FINISHED
20231006 143822.025 INFO             PET1 Finalizing ESMF
20231006 143821.528 INFO             PET2 !!!!!!!!!!!!!!!!!!!!!!!!!!!!!!!!!!!!!!!!!!!!!!!!!!!!!!
20231006 143821.528 INFO             PET2 !!! THE ESMF_LOG IS SET TO OUTPUT ALL LOG MESSAGES !!!
20231006 143821.528 INFO             PET2 !!!     THIS MAY CAUSE SLOWDOWN IN PERFORMANCE     !!!
20231006 143821.528 INFO             PET2 !!! FOR PRODUCTION RUNS, USE:                      !!!
20231006 143821.528 INFO             PET2 !!!                   ESMF_LOGKIND_Multi_On_Error  !!!
20231006 143821.528 INFO             PET2 !!!!!!!!!!!!!!!!!!!!!!!!!!!!!!!!!!!!!!!!!!!!!!!!!!!!!!
20231006 143821.528 INFO             PET2 Running with ESMF Version   : v8.6.0b07-1-ge21e73e41b
20231006 143821.528 INFO             PET2 ESMF library build date/time: "Oct  6 2023" "12:59:44"
20231006 143821.528 INFO             PET2 ESMF library build location : /glade/scratch/theurich/ESMF-Nightly-Testing/intel_18.0.5_mpt_g_fix_abort_trace/esmf
20231006 143821.528 INFO             PET2 ESMF_COMM                   : mpt
20231006 143821.528 INFO             PET2 ESMF_MOAB                   : enabled
20231006 143821.528 INFO             PET2 ESMF_LAPACK                 : enabled
20231006 143821.528 INFO             PET2 ESMF_NETCDF                 : enabled
20231006 143821.528 INFO             PET2 ESMF_PNETCDF                : disabled
20231006 143821.528 INFO             PET2 ESMF_PIO                    : enabled
20231006 143821.528 INFO             PET2 ESMF_YAMLCPP                : enabled
20231006 143821.528 INFO             PET2 esmApp STARTING
20231006 143821.535 INFO             PET2 esm: InitializeGeneric intro.
20231006 143821.535 INFO             PET2   esm: InitializeP0 intro.
20231006 143821.535 INFO             PET2   esm: InitializeP0 extro.
20231006 143821.535 INFO             PET2   esm: InitializeIPDv02p1 intro.
20231006 143821.535 INFO             PET2     >>>esm: entered Initialize (phase=<none>) without valid internal Clock.
20231006 143821.536 INFO             PET2     esm - Creating model component ATM with petList of size 2 :
20231006 143821.536 INFO             PET2           0      1
20231006 143821.536 INFO             PET2     esm - Creating model component OCN with petList of size 2 :
20231006 143821.536 INFO             PET2           2      3
20231006 143821.539 INFO             PET2     esm - Creating connector component ATM-TO-OCN with petList of size 4 :
20231006 143821.539 INFO             PET2           0      1      2      3
20231006 143821.545 INFO             PET2     esm - Creating connector component OCN-TO-ATM with petList of size 4 :
20231006 143821.545 INFO             PET2           2      3      0      1
20231006 143821.552 INFO             PET2     esm - Creating state: modelComp 1 Import State
20231006 143821.552 INFO             PET2     esm - Creating state: modelComp 1 Export State
20231006 143821.553 INFO             PET2     esm - Creating state: modelComp 2 Import State
20231006 143821.553 INFO             PET2     esm - Creating state: modelComp 2 Export State
20231006 143821.554 INFO             PET2     OCN: InitializeP0 intro.
20231006 143821.556 INFO             PET2     OCN: InitializeP0 extro.
20231006 143821.559 INFO             PET2     ATM-TO-OCN: InitializeP0 intro.
20231006 143821.559 INFO             PET2     ATM-TO-OCN: InitializeP0 extro.
20231006 143821.560 INFO             PET2     OCN-TO-ATM: InitializeP0 intro.
20231006 143821.561 INFO             PET2     OCN-TO-ATM: InitializeP0 extro.
20231006 143821.563 INFO             PET2     esm: IInitAdvertise intro.
20231006 143821.563 INFO             PET2     esm: IInitAdvertise extro.
20231006 143821.563 INFO             PET2     OCN: InitializeIPDvXp01 intro.
20231006 143821.567 INFO             PET2     OCN: InitializeIPDvXp01 extro.
20231006 143821.569 INFO             PET2     ATM-TO-OCN: InitializeIPDv05p1 intro.
20231006 143821.579 INFO             PET2     ATM-TO-OCN: InitializeIPDv05p1 extro.
20231006 143821.580 INFO             PET2     OCN-TO-ATM: InitializeIPDv05p1 intro.
20231006 143821.585 INFO             PET2     OCN-TO-ATM: InitializeIPDv05p1 extro.
20231006 143821.585 INFO             PET2     esm: IInitAdvertiseFinish intro.
20231006 143821.585 INFO             PET2     esm: IInitAdvertiseFinish extro.
20231006 143821.585 INFO             PET2     ATM-TO-OCN: InitializeIPDv05p2a intro.
20231006 143821.595 INFO             PET2     ATM-TO-OCN: InitializeIPDv05p2a extro.
20231006 143821.595 INFO             PET2     OCN-TO-ATM: InitializeIPDv05p2a intro.
20231006 143821.600 INFO             PET2     OCN-TO-ATM: InitializeIPDv05p2a extro.
20231006 143821.601 INFO             PET2     ATM-TO-OCN: InitializeIPDv05p2b intro.
20231006 143821.610 INFO             PET2     ATM-TO-OCN: InitializeIPDv05p2b extro.
20231006 143821.613 INFO             PET2     OCN-TO-ATM: InitializeIPDv05p2b intro.
20231006 143821.619 INFO             PET2     OCN-TO-ATM: InitializeIPDv05p2b extro.
20231006 143821.619 INFO             PET2     esm: IInitModifyCplLists intro.
20231006 143821.619 INFO             PET2       Driver is in ModifyCplLists()
20231006 143821.619 INFO             PET2        Found            2  Connectors. Modifying CplList Attribute....
20231006 143821.620 INFO             PET2     esm: IInitModifyCplLists extro.
20231006 143821.620 INFO             PET2     ATM-TO-OCN: InitializeIPDv05p3 intro.
20231006 143821.630 INFO             PET2     ATM-TO-OCN: InitializeIPDv05p3 extro.
20231006 143821.630 INFO             PET2     OCN-TO-ATM: InitializeIPDv05p3 intro.
20231006 143821.636 INFO             PET2     OCN-TO-ATM: InitializeIPDv05p3 extro.
20231006 143821.636 INFO             PET2     <<<esm: leaving Initialize (phase=<none>) with current time: 2010  6  1  0  0  0   0
20231006 143821.636 INFO             PET2   esm: InitializeIPDv02p1 extro.
20231006 143821.636 INFO             PET2   esm: InitializeIPDv02p3 intro.
20231006 143821.636 INFO             PET2     >>>esm: entered Initialize (phase=<none>) with current time: 2010  6  1  0  0  0   0
20231006 143821.637 INFO             PET2     esm: IInitCheck intro.
20231006 143821.637 INFO             PET2     esm: IInitCheck extro.
20231006 143821.637 INFO             PET2     OCN: InitializeIPDvXp04 intro.
20231006 143821.646 INFO             PET2     OCN: InitializeIPDvXp04 extro.
20231006 143821.648 INFO             PET2     ATM-TO-OCN: InitializeIPDv05p4 intro.
20231006 143821.668 INFO             PET2     ATM-TO-OCN: InitializeIPDv05p4 extro.
20231006 143821.668 INFO             PET2     OCN-TO-ATM: InitializeIPDv05p4 intro.
20231006 143821.678 INFO             PET2     OCN-TO-ATM: InitializeIPDv05p4 extro.
20231006 143821.678 INFO             PET2     ATM-TO-OCN: InitializeIPDv05p5 intro.
20231006 143821.697 INFO             PET2     ATM-TO-OCN: InitializeIPDv05p5 extro.
20231006 143821.697 INFO             PET2     OCN-TO-ATM: InitializeIPDv05p5 intro.
20231006 143821.707 INFO             PET2     OCN-TO-ATM: InitializeIPDv05p5 extro.
20231006 143821.708 INFO             PET2     esm: IInitRealize intro.
20231006 143821.708 INFO             PET2     esm: IInitRealize extro.
20231006 143821.708 INFO             PET2     ATM-TO-OCN: InitializeIPDv05p6a intro.
20231006 143821.726 INFO             PET2     ATM-TO-OCN: InitializeIPDv05p6a extro.
20231006 143821.727 INFO             PET2     OCN-TO-ATM: InitializeIPDv05p6a intro.
20231006 143821.736 INFO             PET2     OCN-TO-ATM: InitializeIPDv05p6a extro.
20231006 143821.736 INFO             PET2     ATM-TO-OCN: InitializeIPDv05p6b intro.
20231006 143821.865 INFO             PET2     ATM-TO-OCN: InitializeIPDv05p6b extro.
20231006 143821.866 INFO             PET2     OCN-TO-ATM: InitializeIPDv05p6b intro.
20231006 143821.966 INFO             PET2     OCN-TO-ATM: InitializeIPDv05p6b extro.
20231006 143821.967 INFO             PET2     OCN: InitializeIPDvXp07 intro.
20231006 143821.967 INFO             PET2     OCN: InitializeIPDvXp07 extro.
20231006 143821.967 INFO             PET2     <<<esm: leaving Initialize (phase=<none>) with current time: 2010  6  1  0  0  0   0
20231006 143821.967 INFO             PET2   esm: InitializeIPDv02p3 extro.
20231006 143821.968 INFO             PET2   esm: InitializeIPDv02p5 intro.
20231006 143821.968 INFO             PET2     >>>esm: entered Initialize (phase=<none>) with current time: 2010  6  1  0  0  0   0
20231006 143821.968 INFO             PET2     esm: this is a top level driver, no 'Updated' and 'InitializeDataComplete' info on this level.
20231006 143821.968 INFO             PET2     esm: InitializeIPDv02p5Data intro.
20231006 143821.968 INFO             PET2       esm: InternalInitializeComplete intro.
20231006 143821.968 INFO             PET2         esm: InitializeDataComplete='true'
20231006 143821.968 INFO             PET2       esm: InternalInitializeComplete extro.
20231006 143821.969 INFO             PET2       OCN: InitializeIPDv01p5 intro.
20231006 143821.969 INFO             PET2       OCN: InitializeIPDv01p5 extro.
20231006 143821.971 INFO             PET2       esm: components present that trigger loopDataDependentInitialize().
20231006 143821.971 INFO             PET2       esm: loopDataDependentInitialize intro.
20231006 143821.971 INFO             PET2         esm: component    0=esm, dataComplete (local): true
20231006 143821.971 INFO             PET2         esm: component    0=esm, dataComplete (global):  T
20231006 143821.971 INFO             PET2         esm: component    1=ATM, dataComplete (local): true
20231006 143821.971 INFO             PET2         esm: component    1=ATM, dataComplete (global):  T
20231006 143821.971 INFO             PET2         esm: component    2=OCN, dataComplete (local): true
20231006 143821.971 INFO             PET2         esm: component    2=OCN, dataComplete (global):  T
20231006 143821.971 INFO             PET2         esm: someProgress= F, allComplete= T, present(dataDepAllComplete)= T
20231006 143821.971 INFO             PET2         esm: finished resolving initialize data dependencies on this level.
20231006 143821.971 INFO             PET2       esm: loopDataDependentInitialize extro.
20231006 143821.971 INFO             PET2       esm: loopDataDependentInitialize() returned with dataDepAllComplete:  T
20231006 143821.971 INFO             PET2     esm: InitializeIPDv02p5Data extro.
20231006 143821.972 INFO             PET2     <<<esm: leaving Initialize (phase=<none>) with current time: 2010  6  1  0  0  0   0
20231006 143821.972 INFO             PET2   esm: InitializeIPDv02p5 extro.
20231006 143821.972 INFO             PET2 esm: InitializeGeneric extro.
20231006 143821.972 INFO             PET2 esm: Run intro.
20231006 143821.972 INFO             PET2   >>>esm entered Run (phase=RunPhase1) with current time: 2010  6  1  0  0  0   0
20231006 143821.972 INFO             PET2   esm: after lable_SetRunClock, current time: 2010  6  1  0  0  0   0
20231006 143821.972 INFO             PET2   esm: begin -------> RunSequence.
20231006 143821.972 INFO             PET2     esm: RunSequence event loopLevel=   1  levelMember=   1  loopIteration=   1, current time: 2010  6  1  0  0  0   0
20231006 143821.972 INFO             PET2     ATM-TO-OCN: Run intro.
20231006 143821.973 INFO             PET2     ATM-TO-OCN: Run extro.
20231006 143821.973 INFO             PET2     OCN-TO-ATM: Run intro.
20231006 143821.973 INFO             PET2     OCN-TO-ATM: Run extro.
20231006 143821.974 INFO             PET2     OCN: Run intro.
20231006 143821.974 INFO             PET2       ------>Advancing OCN from: 2010  6  1  0  0  0   0
20231006 143821.974 INFO             PET2       ---------------------> to: 2010  6  1  0  5  0   0
20231006 143821.987 INFO             PET2       ------>Advancing OCN from: 2010  6  1  0  5  0   0
20231006 143821.987 INFO             PET2       ---------------------> to: 2010  6  1  0 10  0   0
20231006 143821.991 INFO             PET2       ------>Advancing OCN from: 2010  6  1  0 10  0   0
20231006 143821.991 INFO             PET2       ---------------------> to: 2010  6  1  0 15  0   0
20231006 143821.995 INFO             PET2     OCN: Run extro.
20231006 143821.995 INFO             PET2     esm: RunSequence event loopLevel=   1  levelMember=   1  loopIteration=   2, current time: 2010  6  1  0 15  0   0
20231006 143821.995 INFO             PET2     ATM-TO-OCN: Run intro.
20231006 143821.995 INFO             PET2     ATM-TO-OCN: Run extro.
20231006 143821.995 INFO             PET2     OCN-TO-ATM: Run intro.
20231006 143821.996 INFO             PET2     OCN-TO-ATM: Run extro.
20231006 143821.996 INFO             PET2     OCN: Run intro.
20231006 143821.996 INFO             PET2       ------>Advancing OCN from: 2010  6  1  0 15  0   0
20231006 143821.996 INFO             PET2       ---------------------> to: 2010  6  1  0 20  0   0
20231006 143822.000 INFO             PET2       ------>Advancing OCN from: 2010  6  1  0 20  0   0
20231006 143822.000 INFO             PET2       ---------------------> to: 2010  6  1  0 25  0   0
20231006 143822.003 INFO             PET2       ------>Advancing OCN from: 2010  6  1  0 25  0   0
20231006 143822.003 INFO             PET2       ---------------------> to: 2010  6  1  0 30  0   0
20231006 143822.006 INFO             PET2     OCN: Run extro.
20231006 143822.006 INFO             PET2     esm: RunSequence event loopLevel=   1  levelMember=   1  loopIteration=   3, current time: 2010  6  1  0 30  0   0
20231006 143822.006 INFO             PET2     ATM-TO-OCN: Run intro.
20231006 143822.006 INFO             PET2     ATM-TO-OCN: Run extro.
20231006 143822.006 INFO             PET2     OCN-TO-ATM: Run intro.
20231006 143822.006 INFO             PET2     OCN-TO-ATM: Run extro.
20231006 143822.007 INFO             PET2     OCN: Run intro.
20231006 143822.007 INFO             PET2       ------>Advancing OCN from: 2010  6  1  0 30  0   0
20231006 143822.007 INFO             PET2       ---------------------> to: 2010  6  1  0 35  0   0
20231006 143822.009 INFO             PET2       ------>Advancing OCN from: 2010  6  1  0 35  0   0
20231006 143822.009 INFO             PET2       ---------------------> to: 2010  6  1  0 40  0   0
20231006 143822.011 INFO             PET2       ------>Advancing OCN from: 2010  6  1  0 40  0   0
20231006 143822.011 INFO             PET2       ---------------------> to: 2010  6  1  0 45  0   0
20231006 143822.014 INFO             PET2     OCN: Run extro.
20231006 143822.014 INFO             PET2     esm: RunSequence event loopLevel=   1  levelMember=   1  loopIteration=   4, current time: 2010  6  1  0 45  0   0
20231006 143822.015 INFO             PET2     ATM-TO-OCN: Run intro.
20231006 143822.015 INFO             PET2     ATM-TO-OCN: Run extro.
20231006 143822.015 INFO             PET2     OCN-TO-ATM: Run intro.
20231006 143822.015 INFO             PET2     OCN-TO-ATM: Run extro.
20231006 143822.016 INFO             PET2     OCN: Run intro.
20231006 143822.016 INFO             PET2       ------>Advancing OCN from: 2010  6  1  0 45  0   0
20231006 143822.016 INFO             PET2       ---------------------> to: 2010  6  1  0 50  0   0
20231006 143822.018 INFO             PET2       ------>Advancing OCN from: 2010  6  1  0 50  0   0
20231006 143822.018 INFO             PET2       ---------------------> to: 2010  6  1  0 55  0   0
20231006 143822.020 INFO             PET2       ------>Advancing OCN from: 2010  6  1  0 55  0   0
20231006 143822.020 INFO             PET2       ---------------------> to: 2010  6  1  1  0  0   0
20231006 143822.023 INFO             PET2     OCN: Run extro.
20231006 143822.023 INFO             PET2   esm: end <--------- RunSequence
20231006 143822.023 INFO             PET2   <<<esm - leaving Run with current time: 2010  6  1  1  0  0   0
20231006 143822.023 INFO             PET2 esm: Run extro.
20231006 143822.023 INFO             PET2 esm: Finalize intro.
20231006 143822.023 INFO             PET2   Calling Finalize phase 1 for connectorComp: ATM-TO-OCN
20231006 143822.023 INFO             PET2   ATM-TO-OCN: Finalize intro.
20231006 143822.023 INFO             PET2   ATM-TO-OCN: Finalize extro.
20231006 143822.023 INFO             PET2   Calling Finalize phase 1 for connectorComp: OCN-TO-ATM
20231006 143822.023 INFO             PET2   OCN-TO-ATM: Finalize intro.
20231006 143822.024 INFO             PET2   OCN-TO-ATM: Finalize extro.
20231006 143822.024 INFO             PET2   Calling Finalize phase 1 for modelComp: ATM
20231006 143822.024 INFO             PET2   Calling Finalize phase 1 for modelComp: OCN
20231006 143822.024 INFO             PET2   OCN: Finalize intro.
20231006 143822.024 INFO             PET2   OCN: Finalize extro.
20231006 143822.024 INFO             PET2   Delete modelComp: ATM
20231006 143822.024 INFO             PET2   Delete Import-/Export State for modelComp: ATM
20231006 143822.024 INFO             PET2   Delete modelComp: OCN
20231006 143822.024 INFO             PET2   Delete Import-/Export State for modelComp: OCN
20231006 143822.024 INFO             PET2   Delete connectorComp: ATM-TO-OCN
20231006 143822.024 INFO             PET2   Delete connectorComp: OCN-TO-ATM
20231006 143822.024 INFO             PET2 esm: Finalize extro.
20231006 143822.025 INFO             PET2 esmApp FINISHED
20231006 143822.025 INFO             PET2 Finalizing ESMF
20231006 143821.528 INFO             PET3 !!!!!!!!!!!!!!!!!!!!!!!!!!!!!!!!!!!!!!!!!!!!!!!!!!!!!!
20231006 143821.528 INFO             PET3 !!! THE ESMF_LOG IS SET TO OUTPUT ALL LOG MESSAGES !!!
20231006 143821.528 INFO             PET3 !!!     THIS MAY CAUSE SLOWDOWN IN PERFORMANCE     !!!
20231006 143821.528 INFO             PET3 !!! FOR PRODUCTION RUNS, USE:                      !!!
20231006 143821.528 INFO             PET3 !!!                   ESMF_LOGKIND_Multi_On_Error  !!!
20231006 143821.528 INFO             PET3 !!!!!!!!!!!!!!!!!!!!!!!!!!!!!!!!!!!!!!!!!!!!!!!!!!!!!!
20231006 143821.528 INFO             PET3 Running with ESMF Version   : v8.6.0b07-1-ge21e73e41b
20231006 143821.528 INFO             PET3 ESMF library build date/time: "Oct  6 2023" "12:59:44"
20231006 143821.528 INFO             PET3 ESMF library build location : /glade/scratch/theurich/ESMF-Nightly-Testing/intel_18.0.5_mpt_g_fix_abort_trace/esmf
20231006 143821.528 INFO             PET3 ESMF_COMM                   : mpt
20231006 143821.528 INFO             PET3 ESMF_MOAB                   : enabled
20231006 143821.528 INFO             PET3 ESMF_LAPACK                 : enabled
20231006 143821.528 INFO             PET3 ESMF_NETCDF                 : enabled
20231006 143821.528 INFO             PET3 ESMF_PNETCDF                : disabled
20231006 143821.528 INFO             PET3 ESMF_PIO                    : enabled
20231006 143821.528 INFO             PET3 ESMF_YAMLCPP                : enabled
20231006 143821.528 INFO             PET3 esmApp STARTING
20231006 143821.535 INFO             PET3 esm: InitializeGeneric intro.
20231006 143821.535 INFO             PET3   esm: InitializeP0 intro.
20231006 143821.535 INFO             PET3   esm: InitializeP0 extro.
20231006 143821.535 INFO             PET3   esm: InitializeIPDv02p1 intro.
20231006 143821.535 INFO             PET3     >>>esm: entered Initialize (phase=<none>) without valid internal Clock.
20231006 143821.536 INFO             PET3     esm - Creating model component ATM with petList of size 2 :
20231006 143821.536 INFO             PET3           0      1
20231006 143821.536 INFO             PET3     esm - Creating model component OCN with petList of size 2 :
20231006 143821.536 INFO             PET3           2      3
20231006 143821.539 INFO             PET3     esm - Creating connector component ATM-TO-OCN with petList of size 4 :
20231006 143821.539 INFO             PET3           0      1      2      3
20231006 143821.546 INFO             PET3     esm - Creating connector component OCN-TO-ATM with petList of size 4 :
20231006 143821.546 INFO             PET3           2      3      0      1
20231006 143821.552 INFO             PET3     esm - Creating state: modelComp 1 Import State
20231006 143821.552 INFO             PET3     esm - Creating state: modelComp 1 Export State
20231006 143821.553 INFO             PET3     esm - Creating state: modelComp 2 Import State
20231006 143821.553 INFO             PET3     esm - Creating state: modelComp 2 Export State
20231006 143821.554 INFO             PET3     OCN: InitializeP0 intro.
20231006 143821.556 INFO             PET3     OCN: InitializeP0 extro.
20231006 143821.559 INFO             PET3     ATM-TO-OCN: InitializeP0 intro.
20231006 143821.559 INFO             PET3     ATM-TO-OCN: InitializeP0 extro.
20231006 143821.560 INFO             PET3     OCN-TO-ATM: InitializeP0 intro.
20231006 143821.561 INFO             PET3     OCN-TO-ATM: InitializeP0 extro.
20231006 143821.563 INFO             PET3     esm: IInitAdvertise intro.
20231006 143821.563 INFO             PET3     esm: IInitAdvertise extro.
20231006 143821.564 INFO             PET3     OCN: InitializeIPDvXp01 intro.
20231006 143821.567 INFO             PET3     OCN: InitializeIPDvXp01 extro.
20231006 143821.569 INFO             PET3     ATM-TO-OCN: InitializeIPDv05p1 intro.
20231006 143821.579 INFO             PET3     ATM-TO-OCN: InitializeIPDv05p1 extro.
20231006 143821.580 INFO             PET3     OCN-TO-ATM: InitializeIPDv05p1 intro.
20231006 143821.585 INFO             PET3     OCN-TO-ATM: InitializeIPDv05p1 extro.
20231006 143821.585 INFO             PET3     esm: IInitAdvertiseFinish intro.
20231006 143821.585 INFO             PET3     esm: IInitAdvertiseFinish extro.
20231006 143821.585 INFO             PET3     ATM-TO-OCN: InitializeIPDv05p2a intro.
20231006 143821.595 INFO             PET3     ATM-TO-OCN: InitializeIPDv05p2a extro.
20231006 143821.595 INFO             PET3     OCN-TO-ATM: InitializeIPDv05p2a intro.
20231006 143821.600 INFO             PET3     OCN-TO-ATM: InitializeIPDv05p2a extro.
20231006 143821.601 INFO             PET3     ATM-TO-OCN: InitializeIPDv05p2b intro.
20231006 143821.610 INFO             PET3     ATM-TO-OCN: InitializeIPDv05p2b extro.
20231006 143821.612 INFO             PET3     OCN-TO-ATM: InitializeIPDv05p2b intro.
20231006 143821.619 INFO             PET3     OCN-TO-ATM: InitializeIPDv05p2b extro.
20231006 143821.619 INFO             PET3     esm: IInitModifyCplLists intro.
20231006 143821.619 INFO             PET3       Driver is in ModifyCplLists()
20231006 143821.619 INFO             PET3        Found            2  Connectors. Modifying CplList Attribute....
20231006 143821.620 INFO             PET3     esm: IInitModifyCplLists extro.
20231006 143821.620 INFO             PET3     ATM-TO-OCN: InitializeIPDv05p3 intro.
20231006 143821.630 INFO             PET3     ATM-TO-OCN: InitializeIPDv05p3 extro.
20231006 143821.630 INFO             PET3     OCN-TO-ATM: InitializeIPDv05p3 intro.
20231006 143821.636 INFO             PET3     OCN-TO-ATM: InitializeIPDv05p3 extro.
20231006 143821.636 INFO             PET3     <<<esm: leaving Initialize (phase=<none>) with current time: 2010  6  1  0  0  0   0
20231006 143821.636 INFO             PET3   esm: InitializeIPDv02p1 extro.
20231006 143821.636 INFO             PET3   esm: InitializeIPDv02p3 intro.
20231006 143821.636 INFO             PET3     >>>esm: entered Initialize (phase=<none>) with current time: 2010  6  1  0  0  0   0
20231006 143821.637 INFO             PET3     esm: IInitCheck intro.
20231006 143821.637 INFO             PET3     esm: IInitCheck extro.
20231006 143821.637 INFO             PET3     OCN: InitializeIPDvXp04 intro.
20231006 143821.645 INFO             PET3     OCN: InitializeIPDvXp04 extro.
20231006 143821.648 INFO             PET3     ATM-TO-OCN: InitializeIPDv05p4 intro.
20231006 143821.668 INFO             PET3     ATM-TO-OCN: InitializeIPDv05p4 extro.
20231006 143821.668 INFO             PET3     OCN-TO-ATM: InitializeIPDv05p4 intro.
20231006 143821.678 INFO             PET3     OCN-TO-ATM: InitializeIPDv05p4 extro.
20231006 143821.678 INFO             PET3     ATM-TO-OCN: InitializeIPDv05p5 intro.
20231006 143821.697 INFO             PET3     ATM-TO-OCN: InitializeIPDv05p5 extro.
20231006 143821.697 INFO             PET3     OCN-TO-ATM: InitializeIPDv05p5 intro.
20231006 143821.707 INFO             PET3     OCN-TO-ATM: InitializeIPDv05p5 extro.
20231006 143821.708 INFO             PET3     esm: IInitRealize intro.
20231006 143821.708 INFO             PET3     esm: IInitRealize extro.
20231006 143821.708 INFO             PET3     ATM-TO-OCN: InitializeIPDv05p6a intro.
20231006 143821.726 INFO             PET3     ATM-TO-OCN: InitializeIPDv05p6a extro.
20231006 143821.727 INFO             PET3     OCN-TO-ATM: InitializeIPDv05p6a intro.
20231006 143821.736 INFO             PET3     OCN-TO-ATM: InitializeIPDv05p6a extro.
20231006 143821.736 INFO             PET3     ATM-TO-OCN: InitializeIPDv05p6b intro.
20231006 143821.865 INFO             PET3     ATM-TO-OCN: InitializeIPDv05p6b extro.
20231006 143821.866 INFO             PET3     OCN-TO-ATM: InitializeIPDv05p6b intro.
20231006 143821.966 INFO             PET3     OCN-TO-ATM: InitializeIPDv05p6b extro.
20231006 143821.967 INFO             PET3     OCN: InitializeIPDvXp07 intro.
20231006 143821.967 INFO             PET3     OCN: InitializeIPDvXp07 extro.
20231006 143821.967 INFO             PET3     <<<esm: leaving Initialize (phase=<none>) with current time: 2010  6  1  0  0  0   0
20231006 143821.967 INFO             PET3   esm: InitializeIPDv02p3 extro.
20231006 143821.968 INFO             PET3   esm: InitializeIPDv02p5 intro.
20231006 143821.968 INFO             PET3     >>>esm: entered Initialize (phase=<none>) with current time: 2010  6  1  0  0  0   0
20231006 143821.968 INFO             PET3     esm: this is a top level driver, no 'Updated' and 'InitializeDataComplete' info on this level.
20231006 143821.968 INFO             PET3     esm: InitializeIPDv02p5Data intro.
20231006 143821.968 INFO             PET3       esm: InternalInitializeComplete intro.
20231006 143821.968 INFO             PET3         esm: InitializeDataComplete='true'
20231006 143821.968 INFO             PET3       esm: InternalInitializeComplete extro.
20231006 143821.969 INFO             PET3       OCN: InitializeIPDv01p5 intro.
20231006 143821.969 INFO             PET3       OCN: InitializeIPDv01p5 extro.
20231006 143821.971 INFO             PET3       esm: components present that trigger loopDataDependentInitialize().
20231006 143821.971 INFO             PET3       esm: loopDataDependentInitialize intro.
20231006 143821.971 INFO             PET3         esm: component    0=esm, dataComplete (local): true
20231006 143821.971 INFO             PET3         esm: component    0=esm, dataComplete (global):  T
20231006 143821.971 INFO             PET3         esm: component    1=ATM, dataComplete (local): true
20231006 143821.971 INFO             PET3         esm: component    1=ATM, dataComplete (global):  T
20231006 143821.971 INFO             PET3         esm: component    2=OCN, dataComplete (local): true
20231006 143821.971 INFO             PET3         esm: component    2=OCN, dataComplete (global):  T
20231006 143821.971 INFO             PET3         esm: someProgress= F, allComplete= T, present(dataDepAllComplete)= T
20231006 143821.971 INFO             PET3         esm: finished resolving initialize data dependencies on this level.
20231006 143821.971 INFO             PET3       esm: loopDataDependentInitialize extro.
20231006 143821.971 INFO             PET3       esm: loopDataDependentInitialize() returned with dataDepAllComplete:  T
20231006 143821.971 INFO             PET3     esm: InitializeIPDv02p5Data extro.
20231006 143821.972 INFO             PET3     <<<esm: leaving Initialize (phase=<none>) with current time: 2010  6  1  0  0  0   0
20231006 143821.972 INFO             PET3   esm: InitializeIPDv02p5 extro.
20231006 143821.972 INFO             PET3 esm: InitializeGeneric extro.
20231006 143821.972 INFO             PET3 esm: Run intro.
20231006 143821.972 INFO             PET3   >>>esm entered Run (phase=RunPhase1) with current time: 2010  6  1  0  0  0   0
20231006 143821.972 INFO             PET3   esm: after lable_SetRunClock, current time: 2010  6  1  0  0  0   0
20231006 143821.972 INFO             PET3   esm: begin -------> RunSequence.
20231006 143821.972 INFO             PET3     esm: RunSequence event loopLevel=   1  levelMember=   1  loopIteration=   1, current time: 2010  6  1  0  0  0   0
20231006 143821.972 INFO             PET3     ATM-TO-OCN: Run intro.
20231006 143821.973 INFO             PET3     ATM-TO-OCN: Run extro.
20231006 143821.973 INFO             PET3     OCN-TO-ATM: Run intro.
20231006 143821.973 INFO             PET3     OCN-TO-ATM: Run extro.
20231006 143821.974 INFO             PET3     OCN: Run intro.
20231006 143821.974 INFO             PET3       ------>Advancing OCN from: 2010  6  1  0  0  0   0
20231006 143821.974 INFO             PET3       ---------------------> to: 2010  6  1  0  5  0   0
20231006 143821.987 INFO             PET3       ------>Advancing OCN from: 2010  6  1  0  5  0   0
20231006 143821.987 INFO             PET3       ---------------------> to: 2010  6  1  0 10  0   0
20231006 143821.991 INFO             PET3       ------>Advancing OCN from: 2010  6  1  0 10  0   0
20231006 143821.991 INFO             PET3       ---------------------> to: 2010  6  1  0 15  0   0
20231006 143821.995 INFO             PET3     OCN: Run extro.
20231006 143821.995 INFO             PET3     esm: RunSequence event loopLevel=   1  levelMember=   1  loopIteration=   2, current time: 2010  6  1  0 15  0   0
20231006 143821.995 INFO             PET3     ATM-TO-OCN: Run intro.
20231006 143821.995 INFO             PET3     ATM-TO-OCN: Run extro.
20231006 143821.995 INFO             PET3     OCN-TO-ATM: Run intro.
20231006 143821.996 INFO             PET3     OCN-TO-ATM: Run extro.
20231006 143821.996 INFO             PET3     OCN: Run intro.
20231006 143821.996 INFO             PET3       ------>Advancing OCN from: 2010  6  1  0 15  0   0
20231006 143821.996 INFO             PET3       ---------------------> to: 2010  6  1  0 20  0   0
20231006 143822.000 INFO             PET3       ------>Advancing OCN from: 2010  6  1  0 20  0   0
20231006 143822.000 INFO             PET3       ---------------------> to: 2010  6  1  0 25  0   0
20231006 143822.003 INFO             PET3       ------>Advancing OCN from: 2010  6  1  0 25  0   0
20231006 143822.003 INFO             PET3       ---------------------> to: 2010  6  1  0 30  0   0
20231006 143822.006 INFO             PET3     OCN: Run extro.
20231006 143822.006 INFO             PET3     esm: RunSequence event loopLevel=   1  levelMember=   1  loopIteration=   3, current time: 2010  6  1  0 30  0   0
20231006 143822.006 INFO             PET3     ATM-TO-OCN: Run intro.
20231006 143822.006 INFO             PET3     ATM-TO-OCN: Run extro.
20231006 143822.006 INFO             PET3     OCN-TO-ATM: Run intro.
20231006 143822.006 INFO             PET3     OCN-TO-ATM: Run extro.
20231006 143822.007 INFO             PET3     OCN: Run intro.
20231006 143822.007 INFO             PET3       ------>Advancing OCN from: 2010  6  1  0 30  0   0
20231006 143822.007 INFO             PET3       ---------------------> to: 2010  6  1  0 35  0   0
20231006 143822.009 INFO             PET3       ------>Advancing OCN from: 2010  6  1  0 35  0   0
20231006 143822.009 INFO             PET3       ---------------------> to: 2010  6  1  0 40  0   0
20231006 143822.011 INFO             PET3       ------>Advancing OCN from: 2010  6  1  0 40  0   0
20231006 143822.011 INFO             PET3       ---------------------> to: 2010  6  1  0 45  0   0
20231006 143822.014 INFO             PET3     OCN: Run extro.
20231006 143822.014 INFO             PET3     esm: RunSequence event loopLevel=   1  levelMember=   1  loopIteration=   4, current time: 2010  6  1  0 45  0   0
20231006 143822.015 INFO             PET3     ATM-TO-OCN: Run intro.
20231006 143822.015 INFO             PET3     ATM-TO-OCN: Run extro.
20231006 143822.015 INFO             PET3     OCN-TO-ATM: Run intro.
20231006 143822.015 INFO             PET3     OCN-TO-ATM: Run extro.
20231006 143822.016 INFO             PET3     OCN: Run intro.
20231006 143822.016 INFO             PET3       ------>Advancing OCN from: 2010  6  1  0 45  0   0
20231006 143822.016 INFO             PET3       ---------------------> to: 2010  6  1  0 50  0   0
20231006 143822.018 INFO             PET3       ------>Advancing OCN from: 2010  6  1  0 50  0   0
20231006 143822.018 INFO             PET3       ---------------------> to: 2010  6  1  0 55  0   0
20231006 143822.020 INFO             PET3       ------>Advancing OCN from: 2010  6  1  0 55  0   0
20231006 143822.020 INFO             PET3       ---------------------> to: 2010  6  1  1  0  0   0
20231006 143822.023 INFO             PET3     OCN: Run extro.
20231006 143822.023 INFO             PET3   esm: end <--------- RunSequence
20231006 143822.023 INFO             PET3   <<<esm - leaving Run with current time: 2010  6  1  1  0  0   0
20231006 143822.023 INFO             PET3 esm: Run extro.
20231006 143822.023 INFO             PET3 esm: Finalize intro.
20231006 143822.023 INFO             PET3   Calling Finalize phase 1 for connectorComp: ATM-TO-OCN
20231006 143822.023 INFO             PET3   ATM-TO-OCN: Finalize intro.
20231006 143822.023 INFO             PET3   ATM-TO-OCN: Finalize extro.
20231006 143822.023 INFO             PET3   Calling Finalize phase 1 for connectorComp: OCN-TO-ATM
20231006 143822.023 INFO             PET3   OCN-TO-ATM: Finalize intro.
20231006 143822.024 INFO             PET3   OCN-TO-ATM: Finalize extro.
20231006 143822.024 INFO             PET3   Calling Finalize phase 1 for modelComp: ATM
20231006 143822.024 INFO             PET3   Calling Finalize phase 1 for modelComp: OCN
20231006 143822.024 INFO             PET3   OCN: Finalize intro.
20231006 143822.024 INFO             PET3   OCN: Finalize extro.
20231006 143822.024 INFO             PET3   Delete modelComp: ATM
20231006 143822.024 INFO             PET3   Delete Import-/Export State for modelComp: ATM
20231006 143822.024 INFO             PET3   Delete modelComp: OCN
20231006 143822.024 INFO             PET3   Delete Import-/Export State for modelComp: OCN
20231006 143822.024 INFO             PET3   Delete connectorComp: ATM-TO-OCN
20231006 143822.024 INFO             PET3   Delete connectorComp: OCN-TO-ATM
20231006 143822.025 INFO             PET3 esm: Finalize extro.
20231006 143822.025 INFO             PET3 esmApp FINISHED
20231006 143822.025 INFO             PET3 Finalizing ESMF
