2023-10-06 13:08:43
0: 
0: NUOPC Component Explorer App executing on            4 PETs
0: ------------------------------------------------------------
0: Accessing start, stop, and step time info from 'explorer.config':
0:   start_year:           2009
0:   start_month:            12
0:   start_day:               1
0:   start_hour:              0
0:   start_minute:            0
0:   start_second:            0
0:   - 
0:   stop_year:            2009
0:   stop_month:             12
0:   stop_day:                3
0:   stop_hour:               0
0:   stop_minute:             0
0:   stop_second:             0
0:   - 
0:   step_seconds:        21600
0: Calling into Initialize()...
0: Exploring a component with Fortran module or C header front...
0: @*
0: atmA
0: atmA -> explorerDriver
0: explorerDriver RunTimestampImportState
0: explorerDriver -> atmA
0: @
0: Model component # 1 // name = atmA
0:   atmA: <LongName>    : Attribute is NOT present!
0:   atmA: <ShortName>   : Attribute is NOT present!
0:   atmA: <Description> : Attribute is NOT present!
0:   atmA: <Kind> = Model
0:   atmA: <CompLabel> = atmA
0:   atmA: <InitializePhaseMap>(           1 ) = IPDvDummy=-999
0:   atmA: <InitializePhaseMap>(           2 ) = IPDvXp01=6
0:   atmA: <InitializePhaseMap>(           3 ) = IPDvXp04=7
0:   atmA: <InitializePhaseMap>(           4 ) = IPDvXp07=8
0:   atmA: <InitializePhaseMap>(           5 ) = IPDvXp08=9
0:   atmA: <RunPhaseMap>(           1 ) = RunPhase1=1
0:   atmA: <FinalizePhaseMap>(           1 ) = FinalizePhase1=1
0:      --------
0:   atmA: importState // itemCount = 1
0:   atmA: importState // item # 001 // [FIELD] name = sst
0:               <StandardName> = sea_surface_temperature
0:                      <Units> = K
0:                   <LongName> = sea_surface_temperature
0:                  <ShortName> = sea_surface_temperature
0:      --------
0:   atmA: exportState // itemCount = 2
0:   atmA: exportState // item # 001 // [FIELD] name = pmsl
0:               <StandardName> = air_pressure_at_sea_level
0:                      <Units> = Pa
0:                   <LongName> = air_pressure_at_sea_level
0:                  <ShortName> = air_pressure_at_sea_level
0:   atmA: exportState // item # 002 // [FIELD] name = rsns
0:               <StandardName> = surface_net_downward_shortwave_flux
0:                      <Units> = W m-2
0:                   <LongName> = surface_net_downward_shortwave_flux
0:                  <ShortName> = surface_net_downward_shortwave_flux
0: Calling into Run()...
0: Calling into Finalize()...
0: NUOPC Component Explorer App done.
0: See PET*.ESMF_LogFile's for additional information.
0: ------------------------------------------------------------
