2023-10-28 01:39:31
20231028 020421.155 INFO             PET0 !!!!!!!!!!!!!!!!!!!!!!!!!!!!!!!!!!!!!!!!!!!!!!!!!!!!!!
20231028 020421.155 INFO             PET0 !!! THE ESMF_LOG IS SET TO OUTPUT ALL LOG MESSAGES !!!
20231028 020421.155 INFO             PET0 !!!     THIS MAY CAUSE SLOWDOWN IN PERFORMANCE     !!!
20231028 020421.155 INFO             PET0 !!! FOR PRODUCTION RUNS, USE:                      !!!
20231028 020421.155 INFO             PET0 !!!                   ESMF_LOGKIND_Multi_On_Error  !!!
20231028 020421.155 INFO             PET0 !!!!!!!!!!!!!!!!!!!!!!!!!!!!!!!!!!!!!!!!!!!!!!!!!!!!!!
20231028 020421.155 INFO             PET0 Running with ESMF Version   : v8.6.0b13
20231028 020421.155 INFO             PET0 ESMF library build date/time: "Oct 28 2023" "01:37:45"
20231028 020421.155 INFO             PET0 ESMF library build location : /glade/derecho/scratch/theurich/ESMF-Nightly-Testing/intel_2023.0.0-classic_mpiuni_g_release_8.6.0/esmf
20231028 020421.155 INFO             PET0 ESMF_COMM                   : mpiuni
20231028 020421.156 INFO             PET0 ESMF_MOAB                   : enabled
20231028 020421.156 INFO             PET0 ESMF_LAPACK                 : enabled
20231028 020421.156 INFO             PET0 ESMF_NETCDF                 : enabled
20231028 020421.156 INFO             PET0 ESMF_PNETCDF                : disabled
20231028 020421.156 INFO             PET0 ESMF_PIO                    : disabled
20231028 020421.156 INFO             PET0 ESMF_YAMLCPP                : enabled
20231028 020421.161 INFO             PET0 ESMF_FieldRedistStoreNF(): Just entered routine.
20231028 020421.237 INFO             PET0 ESMF_FieldRedistStoreNF(): Leaving routine.
20231028 020421.244 INFO             PET0  NUMBER_OF_PROCESSORS           1
20231028 020421.245 INFO             PET0  PASS  Example ESMF_RHandleFromFileEx, ESMF_RHandleFromFileEx.F90, line 192
20231028 020421.245 INFO             PET0  Finalizing ESMF
