2023-10-18 07:35:43
[1697616424.505225] [h19c46:161221:0]         mxm.c:196  MXM  WARN  The 'ulimit -s' on the system is set to 'unlimited'. This may have negative performance implications. Please set the stack size to the default value (10240) 
[1697616424.510029] [h19c46:161221:0]         mxm.c:196  MXM  WARN  The 'ulimit -s' on the system is set to 'unlimited'. This may have negative performance implications. Please set the stack size to the default value (10240) 
[1697616424.506048] [h19c46:161219:0]         mxm.c:196  MXM  WARN  The 'ulimit -s' on the system is set to 'unlimited'. This may have negative performance implications. Please set the stack size to the default value (10240) 
[1697616424.511046] [h19c46:161219:0]         mxm.c:196  MXM  WARN  The 'ulimit -s' on the system is set to 'unlimited'. This may have negative performance implications. Please set the stack size to the default value (10240) 
[1697616424.511533] [h19c46:161222:0]         mxm.c:196  MXM  WARN  The 'ulimit -s' on the system is set to 'unlimited'. This may have negative performance implications. Please set the stack size to the default value (10240) 
[1697616424.516534] [h19c46:161222:0]         mxm.c:196  MXM  WARN  The 'ulimit -s' on the system is set to 'unlimited'. This may have negative performance implications. Please set the stack size to the default value (10240) 
[1697616424.511575] [h19c46:161220:0]         mxm.c:196  MXM  WARN  The 'ulimit -s' on the system is set to 'unlimited'. This may have negative performance implications. Please set the stack size to the default value (10240) 
[1697616424.516605] [h19c46:161220:0]         mxm.c:196  MXM  WARN  The 'ulimit -s' on the system is set to 'unlimited'. This may have negative performance implications. Please set the stack size to the default value (10240) 
 localSum=   12345.600000000009     
 localSum=   12345.600000000009     
 localSum=   12345.600000000009     
 localSum=   12345.600000000009     
 localSum=   987.64800000000002     
 localSum=   3654.3119999999990     
 localSum=   987.64800000000002     
 localSum=   3654.3119999999990     
  PASS  Example ESMF_ArrayLarrayEx, ESMF_ArrayLarrayEx.F90, line 325
  PASS  Example ESMF_ArrayLarrayEx, ESMF_ArrayLarrayEx.F90, line 325
 localSum=   987.64800000000002     
 localSum=   3654.3119999999990     
  PASS  Example ESMF_ArrayLarrayEx, ESMF_ArrayLarrayEx.F90, line 325
 localSum=   987.64800000000002     
 localSum=   3654.3119999999990     
  PASS  Example ESMF_ArrayLarrayEx, ESMF_ArrayLarrayEx.F90, line 325
 PASS: ESMF_ArrayLarrayEx.F90
 PASS: ESMF_ArrayLarrayEx.F90
 PASS: ESMF_ArrayLarrayEx.F90
 PASS: ESMF_ArrayLarrayEx.F90
