2023-10-18 07:35:43
[1697616370.210188] [h19c46:151237:0]         mxm.c:196  MXM  WARN  The 'ulimit -s' on the system is set to 'unlimited'. This may have negative performance implications. Please set the stack size to the default value (10240) 
[1697616370.215091] [h19c46:151237:0]         mxm.c:196  MXM  WARN  The 'ulimit -s' on the system is set to 'unlimited'. This may have negative performance implications. Please set the stack size to the default value (10240) 
[1697616370.210607] [h19c46:151235:0]         mxm.c:196  MXM  WARN  The 'ulimit -s' on the system is set to 'unlimited'. This may have negative performance implications. Please set the stack size to the default value (10240) 
[1697616370.215479] [h19c46:151235:0]         mxm.c:196  MXM  WARN  The 'ulimit -s' on the system is set to 'unlimited'. This may have negative performance implications. Please set the stack size to the default value (10240) 
[1697616370.217981] [h19c46:151238:0]         mxm.c:196  MXM  WARN  The 'ulimit -s' on the system is set to 'unlimited'. This may have negative performance implications. Please set the stack size to the default value (10240) 
[1697616370.223085] [h19c46:151238:0]         mxm.c:196  MXM  WARN  The 'ulimit -s' on the system is set to 'unlimited'. This may have negative performance implications. Please set the stack size to the default value (10240) 
[1697616370.218029] [h19c46:151236:0]         mxm.c:196  MXM  WARN  The 'ulimit -s' on the system is set to 'unlimited'. This may have negative performance implications. Please set the stack size to the default value (10240) 
[1697616370.223173] [h19c46:151236:0]         mxm.c:196  MXM  WARN  The 'ulimit -s' on the system is set to 'unlimited'. This may have negative performance implications. Please set the stack size to the default value (10240) 
 data array1:
           0  array1:            1
           0  array1:            2
 data array1:
           1  array1:          101
           1  array1:          102
 data array1:
           2  array1:          201
           2  array1:          202
 data array1:
           3  array1:          301
           3  array1:          302
 Global sum:
           0  result:         1212
 Global sum:
           1  result:         1212
 Global sum:
           2  result:         1212
 Global sum:
           3  result:         1212
  PASS  Example ESMF_VMAllFullReduceEx, ESMF_VMAllFullReduceEx.F90, line 113
  PASS  Example ESMF_VMAllFullReduceEx, ESMF_VMAllFullReduceEx.F90, line 113
  PASS  Example ESMF_VMAllFullReduceEx, ESMF_VMAllFullReduceEx.F90, line 113
  PASS  Example ESMF_VMAllFullReduceEx, ESMF_VMAllFullReduceEx.F90, line 113
 PASS: ESMF_VMAllFullReduceEx.F90
 PASS: ESMF_VMAllFullReduceEx.F90
 PASS: ESMF_VMAllFullReduceEx.F90
 PASS: ESMF_VMAllFullReduceEx.F90
