2023-10-18 07:40:06
20231018 082158.803 INFO             PET0 !!!!!!!!!!!!!!!!!!!!!!!!!!!!!!!!!!!!!!!!!!!!!!!!!!!!!!
20231018 082158.803 INFO             PET0 !!! THE ESMF_LOG IS SET TO OUTPUT ALL LOG MESSAGES !!!
20231018 082158.803 INFO             PET0 !!!     THIS MAY CAUSE SLOWDOWN IN PERFORMANCE     !!!
20231018 082158.803 INFO             PET0 !!! FOR PRODUCTION RUNS, USE:                      !!!
20231018 082158.803 INFO             PET0 !!!                   ESMF_LOGKIND_Multi_On_Error  !!!
20231018 082158.803 INFO             PET0 !!!!!!!!!!!!!!!!!!!!!!!!!!!!!!!!!!!!!!!!!!!!!!!!!!!!!!
20231018 082158.803 INFO             PET0 Running with ESMF Version   : v8.6.0b09-20-g8d1ee58df9
20231018 082158.803 INFO             PET0 ESMF library build date/time: "Oct 18 2023" "07:38:10"
20231018 082158.803 INFO             PET0 ESMF library build location : /scratch2/NCEPDEV/stmp1/Gerhard.Theurich/ESMF-Nightly-Testing/intel_2023.1.0_intelmpi_O_feature_devList/esmf
20231018 082158.803 INFO             PET0 ESMF_COMM                   : intelmpi
20231018 082158.804 INFO             PET0 ESMF_MOAB                   : enabled
20231018 082158.804 INFO             PET0 ESMF_LAPACK                 : enabled
20231018 082158.804 INFO             PET0 ESMF_NETCDF                 : enabled
20231018 082158.804 INFO             PET0 ESMF_PNETCDF                : disabled
20231018 082158.804 INFO             PET0 ESMF_PIO                    : enabled
20231018 082158.804 INFO             PET0 ESMF_YAMLCPP                : enabled
20231018 082158.804 INFO             PET0 esmApp STARTING
20231018 082158.807 INFO             PET0 esm: InitializeGeneric intro.
20231018 082158.807 INFO             PET0   esm: InitializeP0 intro.
20231018 082158.807 INFO             PET0   esm: InitializeP0 extro.
20231018 082158.807 INFO             PET0   esm: InitializeIPDv02p1 intro.
20231018 082158.807 INFO             PET0     >>>esm: entered Initialize (phase=<none>) without valid internal Clock.
20231018 082158.807 INFO             PET0     esm - Creating model component ATM with petList of size 2 :
20231018 082158.807 INFO             PET0           0      1
20231018 082158.808 INFO             PET0     esm - Creating model component OCN with petList of size 2 :
20231018 082158.808 INFO             PET0           2      3
20231018 082158.808 INFO             PET0     esm - Creating connector component ATM-TO-OCN with petList of size 4 :
20231018 082158.808 INFO             PET0           0      1      2      3
20231018 082158.811 INFO             PET0     esm - Creating connector component OCN-TO-ATM with petList of size 4 :
20231018 082158.811 INFO             PET0           2      3      0      1
20231018 082158.812 INFO             PET0     esm - Creating state: modelComp 1 Import State
20231018 082158.812 INFO             PET0     esm - Creating state: modelComp 1 Export State
20231018 082158.812 INFO             PET0     esm - Creating state: modelComp 2 Import State
20231018 082158.812 INFO             PET0     esm - Creating state: modelComp 2 Export State
20231018 082158.813 INFO             PET0     ATM: InitializeP0 intro.
20231018 082158.813 INFO             PET0     ATM: InitializeP0 extro.
20231018 082158.814 INFO             PET0     ATM-TO-OCN: InitializeP0 intro.
20231018 082158.814 INFO             PET0     ATM-TO-OCN: InitializeP0 extro.
20231018 082158.814 INFO             PET0     OCN-TO-ATM: InitializeP0 intro.
20231018 082158.814 INFO             PET0     OCN-TO-ATM: InitializeP0 extro.
20231018 082158.815 INFO             PET0     esm: IInitAdvertise intro.
20231018 082158.815 INFO             PET0     esm: IInitAdvertise extro.
20231018 082158.815 INFO             PET0     ATM: InitializeIPDvXp01 intro.
20231018 082158.816 INFO             PET0     ATM: InitializeIPDvXp01 extro.
20231018 082158.816 INFO             PET0     ATM-TO-OCN: InitializeIPDv05p1 intro.
20231018 082158.819 INFO             PET0     ATM-TO-OCN: InitializeIPDv05p1 extro.
20231018 082158.819 INFO             PET0     OCN-TO-ATM: InitializeIPDv05p1 intro.
20231018 082158.820 INFO             PET0     OCN-TO-ATM: InitializeIPDv05p1 extro.
20231018 082158.821 INFO             PET0     esm: IInitAdvertiseFinish intro.
20231018 082158.821 INFO             PET0     esm: IInitAdvertiseFinish extro.
20231018 082158.821 INFO             PET0     ATM-TO-OCN: InitializeIPDv05p2a intro.
20231018 082158.823 INFO             PET0     ATM-TO-OCN: InitializeIPDv05p2a extro.
20231018 082158.823 INFO             PET0     OCN-TO-ATM: InitializeIPDv05p2a intro.
20231018 082158.824 INFO             PET0     OCN-TO-ATM: InitializeIPDv05p2a extro.
20231018 082158.824 INFO             PET0     ATM-TO-OCN: InitializeIPDv05p2b intro.
20231018 082158.826 INFO             PET0     ATM-TO-OCN: InitializeIPDv05p2b extro.
20231018 082158.826 INFO             PET0     OCN-TO-ATM: InitializeIPDv05p2b intro.
20231018 082158.827 INFO             PET0     OCN-TO-ATM: InitializeIPDv05p2b extro.
20231018 082158.827 INFO             PET0     esm: IInitModifyCplLists intro.
20231018 082158.827 INFO             PET0       Driver is in ModifyCplLists()
20231018 082158.827 INFO             PET0        Found            2  Connectors. Modifying CplList Attribute....
20231018 082158.827 INFO             PET0     esm: IInitModifyCplLists extro.
20231018 082158.827 INFO             PET0     ATM-TO-OCN: InitializeIPDv05p3 intro.
20231018 082158.829 INFO             PET0     ATM-TO-OCN: InitializeIPDv05p3 extro.
20231018 082158.829 INFO             PET0     OCN-TO-ATM: InitializeIPDv05p3 intro.
20231018 082158.830 INFO             PET0     OCN-TO-ATM: InitializeIPDv05p3 extro.
20231018 082158.831 INFO             PET0     <<<esm: leaving Initialize (phase=<none>) with current time: 2010  6  1  0  0  0   0
20231018 082158.831 INFO             PET0   esm: InitializeIPDv02p1 extro.
20231018 082158.831 INFO             PET0   esm: InitializeIPDv02p3 intro.
20231018 082158.831 INFO             PET0     >>>esm: entered Initialize (phase=<none>) with current time: 2010  6  1  0  0  0   0
20231018 082158.831 INFO             PET0     esm: IInitCheck intro.
20231018 082158.831 INFO             PET0     esm: IInitCheck extro.
20231018 082158.831 INFO             PET0     ATM: InitializeIPDvXp04 intro.
20231018 082158.833 INFO             PET0     ATM: InitializeIPDvXp04 extro.
20231018 082158.833 INFO             PET0     ATM-TO-OCN: InitializeIPDv05p4 intro.
20231018 082158.837 INFO             PET0     ATM-TO-OCN: InitializeIPDv05p4 extro.
20231018 082158.837 INFO             PET0     OCN-TO-ATM: InitializeIPDv05p4 intro.
20231018 082158.838 INFO             PET0     OCN-TO-ATM: InitializeIPDv05p4 extro.
20231018 082158.839 INFO             PET0     ATM-TO-OCN: InitializeIPDv05p5 intro.
20231018 082158.842 INFO             PET0     ATM-TO-OCN: InitializeIPDv05p5 extro.
20231018 082158.842 INFO             PET0     OCN-TO-ATM: InitializeIPDv05p5 intro.
20231018 082158.843 INFO             PET0     OCN-TO-ATM: InitializeIPDv05p5 extro.
20231018 082158.843 INFO             PET0     esm: IInitRealize intro.
20231018 082158.843 INFO             PET0     esm: IInitRealize extro.
20231018 082158.844 INFO             PET0     ATM-TO-OCN: InitializeIPDv05p6a intro.
20231018 082158.847 INFO             PET0     ATM-TO-OCN: InitializeIPDv05p6a extro.
20231018 082158.847 INFO             PET0     OCN-TO-ATM: InitializeIPDv05p6a intro.
20231018 082158.848 INFO             PET0     OCN-TO-ATM: InitializeIPDv05p6a extro.
20231018 082158.849 INFO             PET0     ATM-TO-OCN: InitializeIPDv05p6b intro.
20231018 082158.866 INFO             PET0     ATM-TO-OCN: InitializeIPDv05p6b extro.
20231018 082158.866 INFO             PET0     OCN-TO-ATM: InitializeIPDv05p6b intro.
20231018 082158.879 INFO             PET0     OCN-TO-ATM: InitializeIPDv05p6b extro.
20231018 082158.879 INFO             PET0     ATM: InitializeIPDvXp07 intro.
20231018 082158.879 INFO             PET0     ATM: InitializeIPDvXp07 extro.
20231018 082158.879 INFO             PET0     <<<esm: leaving Initialize (phase=<none>) with current time: 2010  6  1  0  0  0   0
20231018 082158.879 INFO             PET0   esm: InitializeIPDv02p3 extro.
20231018 082158.879 INFO             PET0   esm: InitializeIPDv02p5 intro.
20231018 082158.879 INFO             PET0     >>>esm: entered Initialize (phase=<none>) with current time: 2010  6  1  0  0  0   0
20231018 082158.879 INFO             PET0     esm: this is a top level driver, no 'Updated' and 'InitializeDataComplete' info on this level.
20231018 082158.879 INFO             PET0     esm: InitializeIPDv02p5Data intro.
20231018 082158.879 INFO             PET0       esm: InternalInitializeComplete intro.
20231018 082158.879 INFO             PET0         esm: InitializeDataComplete='true'
20231018 082158.879 INFO             PET0       esm: InternalInitializeComplete extro.
20231018 082158.879 INFO             PET0       ATM: InitializeIPDv01p5 intro.
20231018 082158.879 INFO             PET0       ATM: InitializeIPDv01p5 extro.
20231018 082158.880 INFO             PET0       esm: components present that trigger loopDataDependentInitialize().
20231018 082158.880 INFO             PET0       esm: loopDataDependentInitialize intro.
20231018 082158.880 INFO             PET0         esm: component    0=esm, dataComplete (local): true
20231018 082158.880 INFO             PET0         esm: component    0=esm, dataComplete (global):  T
20231018 082158.880 INFO             PET0         esm: component    1=ATM, dataComplete (local): true
20231018 082158.880 INFO             PET0         esm: component    1=ATM, dataComplete (global):  T
20231018 082158.880 INFO             PET0         esm: component    2=OCN, dataComplete (local): true
20231018 082158.880 INFO             PET0         esm: component    2=OCN, dataComplete (global):  T
20231018 082158.880 INFO             PET0         esm: someProgress= F, allComplete= T, present(dataDepAllComplete)= T
20231018 082158.880 INFO             PET0         esm: finished resolving initialize data dependencies on this level.
20231018 082158.880 INFO             PET0       esm: loopDataDependentInitialize extro.
20231018 082158.880 INFO             PET0       esm: loopDataDependentInitialize() returned with dataDepAllComplete:  T
20231018 082158.880 INFO             PET0     esm: InitializeIPDv02p5Data extro.
20231018 082158.880 INFO             PET0     <<<esm: leaving Initialize (phase=<none>) with current time: 2010  6  1  0  0  0   0
20231018 082158.880 INFO             PET0   esm: InitializeIPDv02p5 extro.
20231018 082158.880 INFO             PET0 esm: InitializeGeneric extro.
20231018 082158.880 INFO             PET0 esm: Run intro.
20231018 082158.880 INFO             PET0   >>>esm entered Run (phase=RunPhase1) with current time: 2010  6  1  0  0  0   0
20231018 082158.880 INFO             PET0   esm: after lable_SetRunClock, current time: 2010  6  1  0  0  0   0
20231018 082158.880 INFO             PET0   esm: begin -------> RunSequence.
20231018 082158.880 INFO             PET0     esm: RunSequence event loopLevel=   1  levelMember=   1  loopIteration=   1, current time: 2010  6  1  0  0  0   0
20231018 082158.880 INFO             PET0     ATM-TO-OCN: Run intro.
20231018 082158.880 INFO             PET0     ATM-TO-OCN: Run extro.
20231018 082158.880 INFO             PET0     OCN-TO-ATM: Run intro.
20231018 082158.880 INFO             PET0     OCN-TO-ATM: Run extro.
20231018 082158.880 INFO             PET0     ATM: Run intro.
20231018 082158.880 INFO             PET0       ------>Advancing ATM from: 2010  6  1  0  0  0   0
20231018 082158.880 INFO             PET0       ---------------------> to: 2010  6  1  0 15  0   0
20231018 082158.881 INFO             PET0     ATM: Run extro.
20231018 082158.881 INFO             PET0     esm: RunSequence event loopLevel=   1  levelMember=   1  loopIteration=   2, current time: 2010  6  1  0 15  0   0
20231018 082158.881 INFO             PET0     ATM-TO-OCN: Run intro.
20231018 082158.881 INFO             PET0     ATM-TO-OCN: Run extro.
20231018 082158.881 INFO             PET0     OCN-TO-ATM: Run intro.
20231018 082158.896 INFO             PET0     OCN-TO-ATM: Run extro.
20231018 082158.896 INFO             PET0     ATM: Run intro.
20231018 082158.896 INFO             PET0       ------>Advancing ATM from: 2010  6  1  0 15  0   0
20231018 082158.896 INFO             PET0       ---------------------> to: 2010  6  1  0 30  0   0
20231018 082158.896 INFO             PET0     ATM: Run extro.
20231018 082158.896 INFO             PET0     esm: RunSequence event loopLevel=   1  levelMember=   1  loopIteration=   3, current time: 2010  6  1  0 30  0   0
20231018 082158.896 INFO             PET0     ATM-TO-OCN: Run intro.
20231018 082158.896 INFO             PET0     ATM-TO-OCN: Run extro.
20231018 082158.896 INFO             PET0     OCN-TO-ATM: Run intro.
20231018 082158.904 INFO             PET0     OCN-TO-ATM: Run extro.
20231018 082158.904 INFO             PET0     ATM: Run intro.
20231018 082158.904 INFO             PET0       ------>Advancing ATM from: 2010  6  1  0 30  0   0
20231018 082158.904 INFO             PET0       ---------------------> to: 2010  6  1  0 45  0   0
20231018 082158.904 INFO             PET0     ATM: Run extro.
20231018 082158.904 INFO             PET0     esm: RunSequence event loopLevel=   1  levelMember=   1  loopIteration=   4, current time: 2010  6  1  0 45  0   0
20231018 082158.904 INFO             PET0     ATM-TO-OCN: Run intro.
20231018 082158.904 INFO             PET0     ATM-TO-OCN: Run extro.
20231018 082158.904 INFO             PET0     OCN-TO-ATM: Run intro.
20231018 082158.913 INFO             PET0     OCN-TO-ATM: Run extro.
20231018 082158.913 INFO             PET0     ATM: Run intro.
20231018 082158.913 INFO             PET0       ------>Advancing ATM from: 2010  6  1  0 45  0   0
20231018 082158.913 INFO             PET0       ---------------------> to: 2010  6  1  1  0  0   0
20231018 082158.913 INFO             PET0     ATM: Run extro.
20231018 082158.913 INFO             PET0   esm: end <--------- RunSequence
20231018 082158.913 INFO             PET0   <<<esm - leaving Run with current time: 2010  6  1  1  0  0   0
20231018 082158.913 INFO             PET0 esm: Run extro.
20231018 082158.913 INFO             PET0 esm: Finalize intro.
20231018 082158.913 INFO             PET0   Calling Finalize phase 1 for connectorComp: ATM-TO-OCN
20231018 082158.913 INFO             PET0   ATM-TO-OCN: Finalize intro.
20231018 082158.913 INFO             PET0   ATM-TO-OCN: Finalize extro.
20231018 082158.913 INFO             PET0   Calling Finalize phase 1 for connectorComp: OCN-TO-ATM
20231018 082158.913 INFO             PET0   OCN-TO-ATM: Finalize intro.
20231018 082158.913 INFO             PET0   OCN-TO-ATM: Finalize extro.
20231018 082158.913 INFO             PET0   Calling Finalize phase 1 for modelComp: ATM
20231018 082158.913 INFO             PET0   ATM: Finalize intro.
20231018 082158.913 INFO             PET0   ATM: Finalize extro.
20231018 082158.913 INFO             PET0   Calling Finalize phase 1 for modelComp: OCN
20231018 082158.913 INFO             PET0   Delete modelComp: ATM
20231018 082158.913 INFO             PET0   Delete Import-/Export State for modelComp: ATM
20231018 082158.913 INFO             PET0   Delete modelComp: OCN
20231018 082158.913 INFO             PET0   Delete Import-/Export State for modelComp: OCN
20231018 082158.913 INFO             PET0   Delete connectorComp: ATM-TO-OCN
20231018 082158.913 INFO             PET0   Delete connectorComp: OCN-TO-ATM
20231018 082158.913 INFO             PET0 esm: Finalize extro.
20231018 082158.913 INFO             PET0 esmApp FINISHED
20231018 082158.913 INFO             PET0  Finalizing ESMF
20231018 082158.804 INFO             PET1 !!!!!!!!!!!!!!!!!!!!!!!!!!!!!!!!!!!!!!!!!!!!!!!!!!!!!!
20231018 082158.804 INFO             PET1 !!! THE ESMF_LOG IS SET TO OUTPUT ALL LOG MESSAGES !!!
20231018 082158.804 INFO             PET1 !!!     THIS MAY CAUSE SLOWDOWN IN PERFORMANCE     !!!
20231018 082158.804 INFO             PET1 !!! FOR PRODUCTION RUNS, USE:                      !!!
20231018 082158.804 INFO             PET1 !!!                   ESMF_LOGKIND_Multi_On_Error  !!!
20231018 082158.804 INFO             PET1 !!!!!!!!!!!!!!!!!!!!!!!!!!!!!!!!!!!!!!!!!!!!!!!!!!!!!!
20231018 082158.804 INFO             PET1 Running with ESMF Version   : v8.6.0b09-20-g8d1ee58df9
20231018 082158.804 INFO             PET1 ESMF library build date/time: "Oct 18 2023" "07:38:10"
20231018 082158.804 INFO             PET1 ESMF library build location : /scratch2/NCEPDEV/stmp1/Gerhard.Theurich/ESMF-Nightly-Testing/intel_2023.1.0_intelmpi_O_feature_devList/esmf
20231018 082158.804 INFO             PET1 ESMF_COMM                   : intelmpi
20231018 082158.804 INFO             PET1 ESMF_MOAB                   : enabled
20231018 082158.804 INFO             PET1 ESMF_LAPACK                 : enabled
20231018 082158.804 INFO             PET1 ESMF_NETCDF                 : enabled
20231018 082158.804 INFO             PET1 ESMF_PNETCDF                : disabled
20231018 082158.804 INFO             PET1 ESMF_PIO                    : enabled
20231018 082158.804 INFO             PET1 ESMF_YAMLCPP                : enabled
20231018 082158.804 INFO             PET1 esmApp STARTING
20231018 082158.807 INFO             PET1 esm: InitializeGeneric intro.
20231018 082158.807 INFO             PET1   esm: InitializeP0 intro.
20231018 082158.807 INFO             PET1   esm: InitializeP0 extro.
20231018 082158.807 INFO             PET1   esm: InitializeIPDv02p1 intro.
20231018 082158.807 INFO             PET1     >>>esm: entered Initialize (phase=<none>) without valid internal Clock.
20231018 082158.807 INFO             PET1     esm - Creating model component ATM with petList of size 2 :
20231018 082158.807 INFO             PET1           0      1
20231018 082158.808 INFO             PET1     esm - Creating model component OCN with petList of size 2 :
20231018 082158.808 INFO             PET1           2      3
20231018 082158.808 INFO             PET1     esm - Creating connector component ATM-TO-OCN with petList of size 4 :
20231018 082158.808 INFO             PET1           0      1      2      3
20231018 082158.811 INFO             PET1     esm - Creating connector component OCN-TO-ATM with petList of size 4 :
20231018 082158.811 INFO             PET1           2      3      0      1
20231018 082158.812 INFO             PET1     esm - Creating state: modelComp 1 Import State
20231018 082158.812 INFO             PET1     esm - Creating state: modelComp 1 Export State
20231018 082158.812 INFO             PET1     esm - Creating state: modelComp 2 Import State
20231018 082158.812 INFO             PET1     esm - Creating state: modelComp 2 Export State
20231018 082158.813 INFO             PET1     ATM: InitializeP0 intro.
20231018 082158.813 INFO             PET1     ATM: InitializeP0 extro.
20231018 082158.814 INFO             PET1     ATM-TO-OCN: InitializeP0 intro.
20231018 082158.814 INFO             PET1     ATM-TO-OCN: InitializeP0 extro.
20231018 082158.814 INFO             PET1     OCN-TO-ATM: InitializeP0 intro.
20231018 082158.814 INFO             PET1     OCN-TO-ATM: InitializeP0 extro.
20231018 082158.815 INFO             PET1     esm: IInitAdvertise intro.
20231018 082158.815 INFO             PET1     esm: IInitAdvertise extro.
20231018 082158.815 INFO             PET1     ATM: InitializeIPDvXp01 intro.
20231018 082158.816 INFO             PET1     ATM: InitializeIPDvXp01 extro.
20231018 082158.816 INFO             PET1     ATM-TO-OCN: InitializeIPDv05p1 intro.
20231018 082158.819 INFO             PET1     ATM-TO-OCN: InitializeIPDv05p1 extro.
20231018 082158.819 INFO             PET1     OCN-TO-ATM: InitializeIPDv05p1 intro.
20231018 082158.820 INFO             PET1     OCN-TO-ATM: InitializeIPDv05p1 extro.
20231018 082158.821 INFO             PET1     esm: IInitAdvertiseFinish intro.
20231018 082158.821 INFO             PET1     esm: IInitAdvertiseFinish extro.
20231018 082158.821 INFO             PET1     ATM-TO-OCN: InitializeIPDv05p2a intro.
20231018 082158.823 INFO             PET1     ATM-TO-OCN: InitializeIPDv05p2a extro.
20231018 082158.823 INFO             PET1     OCN-TO-ATM: InitializeIPDv05p2a intro.
20231018 082158.824 INFO             PET1     OCN-TO-ATM: InitializeIPDv05p2a extro.
20231018 082158.824 INFO             PET1     ATM-TO-OCN: InitializeIPDv05p2b intro.
20231018 082158.826 INFO             PET1     ATM-TO-OCN: InitializeIPDv05p2b extro.
20231018 082158.826 INFO             PET1     OCN-TO-ATM: InitializeIPDv05p2b intro.
20231018 082158.827 INFO             PET1     OCN-TO-ATM: InitializeIPDv05p2b extro.
20231018 082158.827 INFO             PET1     esm: IInitModifyCplLists intro.
20231018 082158.827 INFO             PET1       Driver is in ModifyCplLists()
20231018 082158.827 INFO             PET1        Found            2  Connectors. Modifying CplList Attribute....
20231018 082158.827 INFO             PET1     esm: IInitModifyCplLists extro.
20231018 082158.827 INFO             PET1     ATM-TO-OCN: InitializeIPDv05p3 intro.
20231018 082158.829 INFO             PET1     ATM-TO-OCN: InitializeIPDv05p3 extro.
20231018 082158.829 INFO             PET1     OCN-TO-ATM: InitializeIPDv05p3 intro.
20231018 082158.830 INFO             PET1     OCN-TO-ATM: InitializeIPDv05p3 extro.
20231018 082158.831 INFO             PET1     <<<esm: leaving Initialize (phase=<none>) with current time: 2010  6  1  0  0  0   0
20231018 082158.831 INFO             PET1   esm: InitializeIPDv02p1 extro.
20231018 082158.831 INFO             PET1   esm: InitializeIPDv02p3 intro.
20231018 082158.831 INFO             PET1     >>>esm: entered Initialize (phase=<none>) with current time: 2010  6  1  0  0  0   0
20231018 082158.831 INFO             PET1     esm: IInitCheck intro.
20231018 082158.831 INFO             PET1     esm: IInitCheck extro.
20231018 082158.831 INFO             PET1     ATM: InitializeIPDvXp04 intro.
20231018 082158.833 INFO             PET1     ATM: InitializeIPDvXp04 extro.
20231018 082158.833 INFO             PET1     ATM-TO-OCN: InitializeIPDv05p4 intro.
20231018 082158.837 INFO             PET1     ATM-TO-OCN: InitializeIPDv05p4 extro.
20231018 082158.837 INFO             PET1     OCN-TO-ATM: InitializeIPDv05p4 intro.
20231018 082158.838 INFO             PET1     OCN-TO-ATM: InitializeIPDv05p4 extro.
20231018 082158.839 INFO             PET1     ATM-TO-OCN: InitializeIPDv05p5 intro.
20231018 082158.842 INFO             PET1     ATM-TO-OCN: InitializeIPDv05p5 extro.
20231018 082158.842 INFO             PET1     OCN-TO-ATM: InitializeIPDv05p5 intro.
20231018 082158.843 INFO             PET1     OCN-TO-ATM: InitializeIPDv05p5 extro.
20231018 082158.843 INFO             PET1     esm: IInitRealize intro.
20231018 082158.843 INFO             PET1     esm: IInitRealize extro.
20231018 082158.844 INFO             PET1     ATM-TO-OCN: InitializeIPDv05p6a intro.
20231018 082158.847 INFO             PET1     ATM-TO-OCN: InitializeIPDv05p6a extro.
20231018 082158.847 INFO             PET1     OCN-TO-ATM: InitializeIPDv05p6a intro.
20231018 082158.848 INFO             PET1     OCN-TO-ATM: InitializeIPDv05p6a extro.
20231018 082158.849 INFO             PET1     ATM-TO-OCN: InitializeIPDv05p6b intro.
20231018 082158.866 INFO             PET1     ATM-TO-OCN: InitializeIPDv05p6b extro.
20231018 082158.866 INFO             PET1     OCN-TO-ATM: InitializeIPDv05p6b intro.
20231018 082158.879 INFO             PET1     OCN-TO-ATM: InitializeIPDv05p6b extro.
20231018 082158.879 INFO             PET1     ATM: InitializeIPDvXp07 intro.
20231018 082158.879 INFO             PET1     ATM: InitializeIPDvXp07 extro.
20231018 082158.879 INFO             PET1     <<<esm: leaving Initialize (phase=<none>) with current time: 2010  6  1  0  0  0   0
20231018 082158.879 INFO             PET1   esm: InitializeIPDv02p3 extro.
20231018 082158.879 INFO             PET1   esm: InitializeIPDv02p5 intro.
20231018 082158.879 INFO             PET1     >>>esm: entered Initialize (phase=<none>) with current time: 2010  6  1  0  0  0   0
20231018 082158.879 INFO             PET1     esm: this is a top level driver, no 'Updated' and 'InitializeDataComplete' info on this level.
20231018 082158.879 INFO             PET1     esm: InitializeIPDv02p5Data intro.
20231018 082158.879 INFO             PET1       esm: InternalInitializeComplete intro.
20231018 082158.879 INFO             PET1         esm: InitializeDataComplete='true'
20231018 082158.879 INFO             PET1       esm: InternalInitializeComplete extro.
20231018 082158.879 INFO             PET1       ATM: InitializeIPDv01p5 intro.
20231018 082158.879 INFO             PET1       ATM: InitializeIPDv01p5 extro.
20231018 082158.880 INFO             PET1       esm: components present that trigger loopDataDependentInitialize().
20231018 082158.880 INFO             PET1       esm: loopDataDependentInitialize intro.
20231018 082158.880 INFO             PET1         esm: component    0=esm, dataComplete (local): true
20231018 082158.880 INFO             PET1         esm: component    0=esm, dataComplete (global):  T
20231018 082158.880 INFO             PET1         esm: component    1=ATM, dataComplete (local): true
20231018 082158.880 INFO             PET1         esm: component    1=ATM, dataComplete (global):  T
20231018 082158.880 INFO             PET1         esm: component    2=OCN, dataComplete (local): true
20231018 082158.880 INFO             PET1         esm: component    2=OCN, dataComplete (global):  T
20231018 082158.880 INFO             PET1         esm: someProgress= F, allComplete= T, present(dataDepAllComplete)= T
20231018 082158.880 INFO             PET1         esm: finished resolving initialize data dependencies on this level.
20231018 082158.880 INFO             PET1       esm: loopDataDependentInitialize extro.
20231018 082158.880 INFO             PET1       esm: loopDataDependentInitialize() returned with dataDepAllComplete:  T
20231018 082158.880 INFO             PET1     esm: InitializeIPDv02p5Data extro.
20231018 082158.880 INFO             PET1     <<<esm: leaving Initialize (phase=<none>) with current time: 2010  6  1  0  0  0   0
20231018 082158.880 INFO             PET1   esm: InitializeIPDv02p5 extro.
20231018 082158.880 INFO             PET1 esm: InitializeGeneric extro.
20231018 082158.880 INFO             PET1 esm: Run intro.
20231018 082158.880 INFO             PET1   >>>esm entered Run (phase=RunPhase1) with current time: 2010  6  1  0  0  0   0
20231018 082158.880 INFO             PET1   esm: after lable_SetRunClock, current time: 2010  6  1  0  0  0   0
20231018 082158.880 INFO             PET1   esm: begin -------> RunSequence.
20231018 082158.880 INFO             PET1     esm: RunSequence event loopLevel=   1  levelMember=   1  loopIteration=   1, current time: 2010  6  1  0  0  0   0
20231018 082158.880 INFO             PET1     ATM-TO-OCN: Run intro.
20231018 082158.880 INFO             PET1     ATM-TO-OCN: Run extro.
20231018 082158.880 INFO             PET1     OCN-TO-ATM: Run intro.
20231018 082158.880 INFO             PET1     OCN-TO-ATM: Run extro.
20231018 082158.880 INFO             PET1     ATM: Run intro.
20231018 082158.881 INFO             PET1       ------>Advancing ATM from: 2010  6  1  0  0  0   0
20231018 082158.881 INFO             PET1       ---------------------> to: 2010  6  1  0 15  0   0
20231018 082158.881 INFO             PET1     ATM: Run extro.
20231018 082158.881 INFO             PET1     esm: RunSequence event loopLevel=   1  levelMember=   1  loopIteration=   2, current time: 2010  6  1  0 15  0   0
20231018 082158.881 INFO             PET1     ATM-TO-OCN: Run intro.
20231018 082158.881 INFO             PET1     ATM-TO-OCN: Run extro.
20231018 082158.881 INFO             PET1     OCN-TO-ATM: Run intro.
20231018 082158.896 INFO             PET1     OCN-TO-ATM: Run extro.
20231018 082158.896 INFO             PET1     ATM: Run intro.
20231018 082158.896 INFO             PET1       ------>Advancing ATM from: 2010  6  1  0 15  0   0
20231018 082158.896 INFO             PET1       ---------------------> to: 2010  6  1  0 30  0   0
20231018 082158.896 INFO             PET1     ATM: Run extro.
20231018 082158.896 INFO             PET1     esm: RunSequence event loopLevel=   1  levelMember=   1  loopIteration=   3, current time: 2010  6  1  0 30  0   0
20231018 082158.896 INFO             PET1     ATM-TO-OCN: Run intro.
20231018 082158.896 INFO             PET1     ATM-TO-OCN: Run extro.
20231018 082158.896 INFO             PET1     OCN-TO-ATM: Run intro.
20231018 082158.904 INFO             PET1     OCN-TO-ATM: Run extro.
20231018 082158.904 INFO             PET1     ATM: Run intro.
20231018 082158.904 INFO             PET1       ------>Advancing ATM from: 2010  6  1  0 30  0   0
20231018 082158.904 INFO             PET1       ---------------------> to: 2010  6  1  0 45  0   0
20231018 082158.904 INFO             PET1     ATM: Run extro.
20231018 082158.904 INFO             PET1     esm: RunSequence event loopLevel=   1  levelMember=   1  loopIteration=   4, current time: 2010  6  1  0 45  0   0
20231018 082158.904 INFO             PET1     ATM-TO-OCN: Run intro.
20231018 082158.904 INFO             PET1     ATM-TO-OCN: Run extro.
20231018 082158.904 INFO             PET1     OCN-TO-ATM: Run intro.
20231018 082158.913 INFO             PET1     OCN-TO-ATM: Run extro.
20231018 082158.913 INFO             PET1     ATM: Run intro.
20231018 082158.913 INFO             PET1       ------>Advancing ATM from: 2010  6  1  0 45  0   0
20231018 082158.913 INFO             PET1       ---------------------> to: 2010  6  1  1  0  0   0
20231018 082158.913 INFO             PET1     ATM: Run extro.
20231018 082158.913 INFO             PET1   esm: end <--------- RunSequence
20231018 082158.913 INFO             PET1   <<<esm - leaving Run with current time: 2010  6  1  1  0  0   0
20231018 082158.913 INFO             PET1 esm: Run extro.
20231018 082158.913 INFO             PET1 esm: Finalize intro.
20231018 082158.913 INFO             PET1   Calling Finalize phase 1 for connectorComp: ATM-TO-OCN
20231018 082158.913 INFO             PET1   ATM-TO-OCN: Finalize intro.
20231018 082158.913 INFO             PET1   ATM-TO-OCN: Finalize extro.
20231018 082158.913 INFO             PET1   Calling Finalize phase 1 for connectorComp: OCN-TO-ATM
20231018 082158.913 INFO             PET1   OCN-TO-ATM: Finalize intro.
20231018 082158.913 INFO             PET1   OCN-TO-ATM: Finalize extro.
20231018 082158.913 INFO             PET1   Calling Finalize phase 1 for modelComp: ATM
20231018 082158.913 INFO             PET1   ATM: Finalize intro.
20231018 082158.913 INFO             PET1   ATM: Finalize extro.
20231018 082158.913 INFO             PET1   Calling Finalize phase 1 for modelComp: OCN
20231018 082158.913 INFO             PET1   Delete modelComp: ATM
20231018 082158.913 INFO             PET1   Delete Import-/Export State for modelComp: ATM
20231018 082158.913 INFO             PET1   Delete modelComp: OCN
20231018 082158.913 INFO             PET1   Delete Import-/Export State for modelComp: OCN
20231018 082158.913 INFO             PET1   Delete connectorComp: ATM-TO-OCN
20231018 082158.913 INFO             PET1   Delete connectorComp: OCN-TO-ATM
20231018 082158.913 INFO             PET1 esm: Finalize extro.
20231018 082158.913 INFO             PET1 esmApp FINISHED
20231018 082158.913 INFO             PET1  Finalizing ESMF
20231018 082158.803 INFO             PET2 !!!!!!!!!!!!!!!!!!!!!!!!!!!!!!!!!!!!!!!!!!!!!!!!!!!!!!
20231018 082158.803 INFO             PET2 !!! THE ESMF_LOG IS SET TO OUTPUT ALL LOG MESSAGES !!!
20231018 082158.803 INFO             PET2 !!!     THIS MAY CAUSE SLOWDOWN IN PERFORMANCE     !!!
20231018 082158.803 INFO             PET2 !!! FOR PRODUCTION RUNS, USE:                      !!!
20231018 082158.803 INFO             PET2 !!!                   ESMF_LOGKIND_Multi_On_Error  !!!
20231018 082158.803 INFO             PET2 !!!!!!!!!!!!!!!!!!!!!!!!!!!!!!!!!!!!!!!!!!!!!!!!!!!!!!
20231018 082158.803 INFO             PET2 Running with ESMF Version   : v8.6.0b09-20-g8d1ee58df9
20231018 082158.803 INFO             PET2 ESMF library build date/time: "Oct 18 2023" "07:38:10"
20231018 082158.803 INFO             PET2 ESMF library build location : /scratch2/NCEPDEV/stmp1/Gerhard.Theurich/ESMF-Nightly-Testing/intel_2023.1.0_intelmpi_O_feature_devList/esmf
20231018 082158.803 INFO             PET2 ESMF_COMM                   : intelmpi
20231018 082158.803 INFO             PET2 ESMF_MOAB                   : enabled
20231018 082158.803 INFO             PET2 ESMF_LAPACK                 : enabled
20231018 082158.803 INFO             PET2 ESMF_NETCDF                 : enabled
20231018 082158.803 INFO             PET2 ESMF_PNETCDF                : disabled
20231018 082158.803 INFO             PET2 ESMF_PIO                    : enabled
20231018 082158.803 INFO             PET2 ESMF_YAMLCPP                : enabled
20231018 082158.804 INFO             PET2 esmApp STARTING
20231018 082158.807 INFO             PET2 esm: InitializeGeneric intro.
20231018 082158.807 INFO             PET2   esm: InitializeP0 intro.
20231018 082158.807 INFO             PET2   esm: InitializeP0 extro.
20231018 082158.807 INFO             PET2   esm: InitializeIPDv02p1 intro.
20231018 082158.807 INFO             PET2     >>>esm: entered Initialize (phase=<none>) without valid internal Clock.
20231018 082158.807 INFO             PET2     esm - Creating model component ATM with petList of size 2 :
20231018 082158.807 INFO             PET2           0      1
20231018 082158.808 INFO             PET2     esm - Creating model component OCN with petList of size 2 :
20231018 082158.808 INFO             PET2           2      3
20231018 082158.809 INFO             PET2     esm - Creating connector component ATM-TO-OCN with petList of size 4 :
20231018 082158.809 INFO             PET2           0      1      2      3
20231018 082158.811 INFO             PET2     esm - Creating connector component OCN-TO-ATM with petList of size 4 :
20231018 082158.811 INFO             PET2           2      3      0      1
20231018 082158.812 INFO             PET2     esm - Creating state: modelComp 1 Import State
20231018 082158.812 INFO             PET2     esm - Creating state: modelComp 1 Export State
20231018 082158.812 INFO             PET2     esm - Creating state: modelComp 2 Import State
20231018 082158.812 INFO             PET2     esm - Creating state: modelComp 2 Export State
20231018 082158.813 INFO             PET2     OCN: InitializeP0 intro.
20231018 082158.813 INFO             PET2     OCN: InitializeP0 extro.
20231018 082158.814 INFO             PET2     ATM-TO-OCN: InitializeP0 intro.
20231018 082158.814 INFO             PET2     ATM-TO-OCN: InitializeP0 extro.
20231018 082158.814 INFO             PET2     OCN-TO-ATM: InitializeP0 intro.
20231018 082158.814 INFO             PET2     OCN-TO-ATM: InitializeP0 extro.
20231018 082158.815 INFO             PET2     esm: IInitAdvertise intro.
20231018 082158.815 INFO             PET2     esm: IInitAdvertise extro.
20231018 082158.815 INFO             PET2     OCN: InitializeIPDvXp01 intro.
20231018 082158.816 INFO             PET2     OCN: InitializeIPDvXp01 extro.
20231018 082158.816 INFO             PET2     ATM-TO-OCN: InitializeIPDv05p1 intro.
20231018 082158.819 INFO             PET2     ATM-TO-OCN: InitializeIPDv05p1 extro.
20231018 082158.819 INFO             PET2     OCN-TO-ATM: InitializeIPDv05p1 intro.
20231018 082158.820 INFO             PET2     OCN-TO-ATM: InitializeIPDv05p1 extro.
20231018 082158.821 INFO             PET2     esm: IInitAdvertiseFinish intro.
20231018 082158.821 INFO             PET2     esm: IInitAdvertiseFinish extro.
20231018 082158.821 INFO             PET2     ATM-TO-OCN: InitializeIPDv05p2a intro.
20231018 082158.823 INFO             PET2     ATM-TO-OCN: InitializeIPDv05p2a extro.
20231018 082158.823 INFO             PET2     OCN-TO-ATM: InitializeIPDv05p2a intro.
20231018 082158.824 INFO             PET2     OCN-TO-ATM: InitializeIPDv05p2a extro.
20231018 082158.824 INFO             PET2     ATM-TO-OCN: InitializeIPDv05p2b intro.
20231018 082158.826 INFO             PET2     ATM-TO-OCN: InitializeIPDv05p2b extro.
20231018 082158.826 INFO             PET2     OCN-TO-ATM: InitializeIPDv05p2b intro.
20231018 082158.827 INFO             PET2     OCN-TO-ATM: InitializeIPDv05p2b extro.
20231018 082158.827 INFO             PET2     esm: IInitModifyCplLists intro.
20231018 082158.827 INFO             PET2       Driver is in ModifyCplLists()
20231018 082158.827 INFO             PET2        Found            2  Connectors. Modifying CplList Attribute....
20231018 082158.827 INFO             PET2     esm: IInitModifyCplLists extro.
20231018 082158.827 INFO             PET2     ATM-TO-OCN: InitializeIPDv05p3 intro.
20231018 082158.829 INFO             PET2     ATM-TO-OCN: InitializeIPDv05p3 extro.
20231018 082158.829 INFO             PET2     OCN-TO-ATM: InitializeIPDv05p3 intro.
20231018 082158.830 INFO             PET2     OCN-TO-ATM: InitializeIPDv05p3 extro.
20231018 082158.831 INFO             PET2     <<<esm: leaving Initialize (phase=<none>) with current time: 2010  6  1  0  0  0   0
20231018 082158.831 INFO             PET2   esm: InitializeIPDv02p1 extro.
20231018 082158.831 INFO             PET2   esm: InitializeIPDv02p3 intro.
20231018 082158.831 INFO             PET2     >>>esm: entered Initialize (phase=<none>) with current time: 2010  6  1  0  0  0   0
20231018 082158.831 INFO             PET2     esm: IInitCheck intro.
20231018 082158.831 INFO             PET2     esm: IInitCheck extro.
20231018 082158.831 INFO             PET2     OCN: InitializeIPDvXp04 intro.
20231018 082158.833 INFO             PET2     OCN: InitializeIPDvXp04 extro.
20231018 082158.833 INFO             PET2     ATM-TO-OCN: InitializeIPDv05p4 intro.
20231018 082158.837 INFO             PET2     ATM-TO-OCN: InitializeIPDv05p4 extro.
20231018 082158.837 INFO             PET2     OCN-TO-ATM: InitializeIPDv05p4 intro.
20231018 082158.838 INFO             PET2     OCN-TO-ATM: InitializeIPDv05p4 extro.
20231018 082158.839 INFO             PET2     ATM-TO-OCN: InitializeIPDv05p5 intro.
20231018 082158.842 INFO             PET2     ATM-TO-OCN: InitializeIPDv05p5 extro.
20231018 082158.842 INFO             PET2     OCN-TO-ATM: InitializeIPDv05p5 intro.
20231018 082158.843 INFO             PET2     OCN-TO-ATM: InitializeIPDv05p5 extro.
20231018 082158.843 INFO             PET2     esm: IInitRealize intro.
20231018 082158.843 INFO             PET2     esm: IInitRealize extro.
20231018 082158.844 INFO             PET2     ATM-TO-OCN: InitializeIPDv05p6a intro.
20231018 082158.847 INFO             PET2     ATM-TO-OCN: InitializeIPDv05p6a extro.
20231018 082158.847 INFO             PET2     OCN-TO-ATM: InitializeIPDv05p6a intro.
20231018 082158.848 INFO             PET2     OCN-TO-ATM: InitializeIPDv05p6a extro.
20231018 082158.849 INFO             PET2     ATM-TO-OCN: InitializeIPDv05p6b intro.
20231018 082158.866 INFO             PET2     ATM-TO-OCN: InitializeIPDv05p6b extro.
20231018 082158.866 INFO             PET2     OCN-TO-ATM: InitializeIPDv05p6b intro.
20231018 082158.879 INFO             PET2     OCN-TO-ATM: InitializeIPDv05p6b extro.
20231018 082158.879 INFO             PET2     OCN: InitializeIPDvXp07 intro.
20231018 082158.879 INFO             PET2     OCN: InitializeIPDvXp07 extro.
20231018 082158.879 INFO             PET2     <<<esm: leaving Initialize (phase=<none>) with current time: 2010  6  1  0  0  0   0
20231018 082158.879 INFO             PET2   esm: InitializeIPDv02p3 extro.
20231018 082158.879 INFO             PET2   esm: InitializeIPDv02p5 intro.
20231018 082158.879 INFO             PET2     >>>esm: entered Initialize (phase=<none>) with current time: 2010  6  1  0  0  0   0
20231018 082158.879 INFO             PET2     esm: this is a top level driver, no 'Updated' and 'InitializeDataComplete' info on this level.
20231018 082158.879 INFO             PET2     esm: InitializeIPDv02p5Data intro.
20231018 082158.879 INFO             PET2       esm: InternalInitializeComplete intro.
20231018 082158.879 INFO             PET2         esm: InitializeDataComplete='true'
20231018 082158.879 INFO             PET2       esm: InternalInitializeComplete extro.
20231018 082158.879 INFO             PET2       OCN: InitializeIPDv01p5 intro.
20231018 082158.879 INFO             PET2       OCN: InitializeIPDv01p5 extro.
20231018 082158.880 INFO             PET2       esm: components present that trigger loopDataDependentInitialize().
20231018 082158.880 INFO             PET2       esm: loopDataDependentInitialize intro.
20231018 082158.880 INFO             PET2         esm: component    0=esm, dataComplete (local): true
20231018 082158.880 INFO             PET2         esm: component    0=esm, dataComplete (global):  T
20231018 082158.880 INFO             PET2         esm: component    1=ATM, dataComplete (local): true
20231018 082158.880 INFO             PET2         esm: component    1=ATM, dataComplete (global):  T
20231018 082158.880 INFO             PET2         esm: component    2=OCN, dataComplete (local): true
20231018 082158.880 INFO             PET2         esm: component    2=OCN, dataComplete (global):  T
20231018 082158.880 INFO             PET2         esm: someProgress= F, allComplete= T, present(dataDepAllComplete)= T
20231018 082158.880 INFO             PET2         esm: finished resolving initialize data dependencies on this level.
20231018 082158.880 INFO             PET2       esm: loopDataDependentInitialize extro.
20231018 082158.880 INFO             PET2       esm: loopDataDependentInitialize() returned with dataDepAllComplete:  T
20231018 082158.880 INFO             PET2     esm: InitializeIPDv02p5Data extro.
20231018 082158.880 INFO             PET2     <<<esm: leaving Initialize (phase=<none>) with current time: 2010  6  1  0  0  0   0
20231018 082158.880 INFO             PET2   esm: InitializeIPDv02p5 extro.
20231018 082158.880 INFO             PET2 esm: InitializeGeneric extro.
20231018 082158.880 INFO             PET2 esm: Run intro.
20231018 082158.880 INFO             PET2   >>>esm entered Run (phase=RunPhase1) with current time: 2010  6  1  0  0  0   0
20231018 082158.880 INFO             PET2   esm: after lable_SetRunClock, current time: 2010  6  1  0  0  0   0
20231018 082158.880 INFO             PET2   esm: begin -------> RunSequence.
20231018 082158.880 INFO             PET2     esm: RunSequence event loopLevel=   1  levelMember=   1  loopIteration=   1, current time: 2010  6  1  0  0  0   0
20231018 082158.880 INFO             PET2     ATM-TO-OCN: Run intro.
20231018 082158.880 INFO             PET2     ATM-TO-OCN: Run extro.
20231018 082158.880 INFO             PET2     OCN-TO-ATM: Run intro.
20231018 082158.880 INFO             PET2     OCN-TO-ATM: Run extro.
20231018 082158.880 INFO             PET2     OCN: Run intro.
20231018 082158.880 INFO             PET2       ------>Advancing OCN from: 2010  6  1  0  0  0   0
20231018 082158.880 INFO             PET2       ---------------------> to: 2010  6  1  0  5  0   0
20231018 082158.890 INFO             PET2       ------>Advancing OCN from: 2010  6  1  0  5  0   0
20231018 082158.890 INFO             PET2       ---------------------> to: 2010  6  1  0 10  0   0
20231018 082158.893 INFO             PET2       ------>Advancing OCN from: 2010  6  1  0 10  0   0
20231018 082158.893 INFO             PET2       ---------------------> to: 2010  6  1  0 15  0   0
20231018 082158.895 INFO             PET2     OCN: Run extro.
20231018 082158.895 INFO             PET2     esm: RunSequence event loopLevel=   1  levelMember=   1  loopIteration=   2, current time: 2010  6  1  0 15  0   0
20231018 082158.896 INFO             PET2     ATM-TO-OCN: Run intro.
20231018 082158.896 INFO             PET2     ATM-TO-OCN: Run extro.
20231018 082158.896 INFO             PET2     OCN-TO-ATM: Run intro.
20231018 082158.896 INFO             PET2     OCN-TO-ATM: Run extro.
20231018 082158.896 INFO             PET2     OCN: Run intro.
20231018 082158.896 INFO             PET2       ------>Advancing OCN from: 2010  6  1  0 15  0   0
20231018 082158.896 INFO             PET2       ---------------------> to: 2010  6  1  0 20  0   0
20231018 082158.898 INFO             PET2       ------>Advancing OCN from: 2010  6  1  0 20  0   0
20231018 082158.898 INFO             PET2       ---------------------> to: 2010  6  1  0 25  0   0
20231018 082158.901 INFO             PET2       ------>Advancing OCN from: 2010  6  1  0 25  0   0
20231018 082158.901 INFO             PET2       ---------------------> to: 2010  6  1  0 30  0   0
20231018 082158.904 INFO             PET2     OCN: Run extro.
20231018 082158.904 INFO             PET2     esm: RunSequence event loopLevel=   1  levelMember=   1  loopIteration=   3, current time: 2010  6  1  0 30  0   0
20231018 082158.904 INFO             PET2     ATM-TO-OCN: Run intro.
20231018 082158.904 INFO             PET2     ATM-TO-OCN: Run extro.
20231018 082158.904 INFO             PET2     OCN-TO-ATM: Run intro.
20231018 082158.904 INFO             PET2     OCN-TO-ATM: Run extro.
20231018 082158.904 INFO             PET2     OCN: Run intro.
20231018 082158.904 INFO             PET2       ------>Advancing OCN from: 2010  6  1  0 30  0   0
20231018 082158.904 INFO             PET2       ---------------------> to: 2010  6  1  0 35  0   0
20231018 082158.907 INFO             PET2       ------>Advancing OCN from: 2010  6  1  0 35  0   0
20231018 082158.907 INFO             PET2       ---------------------> to: 2010  6  1  0 40  0   0
20231018 082158.910 INFO             PET2       ------>Advancing OCN from: 2010  6  1  0 40  0   0
20231018 082158.910 INFO             PET2       ---------------------> to: 2010  6  1  0 45  0   0
20231018 082158.912 INFO             PET2     OCN: Run extro.
20231018 082158.912 INFO             PET2     esm: RunSequence event loopLevel=   1  levelMember=   1  loopIteration=   4, current time: 2010  6  1  0 45  0   0
20231018 082158.912 INFO             PET2     ATM-TO-OCN: Run intro.
20231018 082158.913 INFO             PET2     ATM-TO-OCN: Run extro.
20231018 082158.913 INFO             PET2     OCN-TO-ATM: Run intro.
20231018 082158.913 INFO             PET2     OCN-TO-ATM: Run extro.
20231018 082158.913 INFO             PET2     OCN: Run intro.
20231018 082158.913 INFO             PET2       ------>Advancing OCN from: 2010  6  1  0 45  0   0
20231018 082158.913 INFO             PET2       ---------------------> to: 2010  6  1  0 50  0   0
20231018 082158.916 INFO             PET2       ------>Advancing OCN from: 2010  6  1  0 50  0   0
20231018 082158.916 INFO             PET2       ---------------------> to: 2010  6  1  0 55  0   0
20231018 082158.919 INFO             PET2       ------>Advancing OCN from: 2010  6  1  0 55  0   0
20231018 082158.919 INFO             PET2       ---------------------> to: 2010  6  1  1  0  0   0
20231018 082158.921 INFO             PET2     OCN: Run extro.
20231018 082158.921 INFO             PET2   esm: end <--------- RunSequence
20231018 082158.921 INFO             PET2   <<<esm - leaving Run with current time: 2010  6  1  1  0  0   0
20231018 082158.921 INFO             PET2 esm: Run extro.
20231018 082158.921 INFO             PET2 esm: Finalize intro.
20231018 082158.921 INFO             PET2   Calling Finalize phase 1 for connectorComp: ATM-TO-OCN
20231018 082158.922 INFO             PET2   ATM-TO-OCN: Finalize intro.
20231018 082158.922 INFO             PET2   ATM-TO-OCN: Finalize extro.
20231018 082158.922 INFO             PET2   Calling Finalize phase 1 for connectorComp: OCN-TO-ATM
20231018 082158.922 INFO             PET2   OCN-TO-ATM: Finalize intro.
20231018 082158.922 INFO             PET2   OCN-TO-ATM: Finalize extro.
20231018 082158.922 INFO             PET2   Calling Finalize phase 1 for modelComp: ATM
20231018 082158.922 INFO             PET2   Calling Finalize phase 1 for modelComp: OCN
20231018 082158.922 INFO             PET2   OCN: Finalize intro.
20231018 082158.922 INFO             PET2   OCN: Finalize extro.
20231018 082158.922 INFO             PET2   Delete modelComp: ATM
20231018 082158.922 INFO             PET2   Delete Import-/Export State for modelComp: ATM
20231018 082158.922 INFO             PET2   Delete modelComp: OCN
20231018 082158.922 INFO             PET2   Delete Import-/Export State for modelComp: OCN
20231018 082158.922 INFO             PET2   Delete connectorComp: ATM-TO-OCN
20231018 082158.922 INFO             PET2   Delete connectorComp: OCN-TO-ATM
20231018 082158.922 INFO             PET2 esm: Finalize extro.
20231018 082158.922 INFO             PET2 esmApp FINISHED
20231018 082158.922 INFO             PET2  Finalizing ESMF
20231018 082158.804 INFO             PET3 !!!!!!!!!!!!!!!!!!!!!!!!!!!!!!!!!!!!!!!!!!!!!!!!!!!!!!
20231018 082158.804 INFO             PET3 !!! THE ESMF_LOG IS SET TO OUTPUT ALL LOG MESSAGES !!!
20231018 082158.804 INFO             PET3 !!!     THIS MAY CAUSE SLOWDOWN IN PERFORMANCE     !!!
20231018 082158.804 INFO             PET3 !!! FOR PRODUCTION RUNS, USE:                      !!!
20231018 082158.804 INFO             PET3 !!!                   ESMF_LOGKIND_Multi_On_Error  !!!
20231018 082158.804 INFO             PET3 !!!!!!!!!!!!!!!!!!!!!!!!!!!!!!!!!!!!!!!!!!!!!!!!!!!!!!
20231018 082158.804 INFO             PET3 Running with ESMF Version   : v8.6.0b09-20-g8d1ee58df9
20231018 082158.804 INFO             PET3 ESMF library build date/time: "Oct 18 2023" "07:38:10"
20231018 082158.804 INFO             PET3 ESMF library build location : /scratch2/NCEPDEV/stmp1/Gerhard.Theurich/ESMF-Nightly-Testing/intel_2023.1.0_intelmpi_O_feature_devList/esmf
20231018 082158.804 INFO             PET3 ESMF_COMM                   : intelmpi
20231018 082158.804 INFO             PET3 ESMF_MOAB                   : enabled
20231018 082158.804 INFO             PET3 ESMF_LAPACK                 : enabled
20231018 082158.804 INFO             PET3 ESMF_NETCDF                 : enabled
20231018 082158.804 INFO             PET3 ESMF_PNETCDF                : disabled
20231018 082158.804 INFO             PET3 ESMF_PIO                    : enabled
20231018 082158.804 INFO             PET3 ESMF_YAMLCPP                : enabled
20231018 082158.804 INFO             PET3 esmApp STARTING
20231018 082158.807 INFO             PET3 esm: InitializeGeneric intro.
20231018 082158.807 INFO             PET3   esm: InitializeP0 intro.
20231018 082158.807 INFO             PET3   esm: InitializeP0 extro.
20231018 082158.807 INFO             PET3   esm: InitializeIPDv02p1 intro.
20231018 082158.807 INFO             PET3     >>>esm: entered Initialize (phase=<none>) without valid internal Clock.
20231018 082158.807 INFO             PET3     esm - Creating model component ATM with petList of size 2 :
20231018 082158.807 INFO             PET3           0      1
20231018 082158.808 INFO             PET3     esm - Creating model component OCN with petList of size 2 :
20231018 082158.808 INFO             PET3           2      3
20231018 082158.809 INFO             PET3     esm - Creating connector component ATM-TO-OCN with petList of size 4 :
20231018 082158.809 INFO             PET3           0      1      2      3
20231018 082158.811 INFO             PET3     esm - Creating connector component OCN-TO-ATM with petList of size 4 :
20231018 082158.811 INFO             PET3           2      3      0      1
20231018 082158.812 INFO             PET3     esm - Creating state: modelComp 1 Import State
20231018 082158.812 INFO             PET3     esm - Creating state: modelComp 1 Export State
20231018 082158.812 INFO             PET3     esm - Creating state: modelComp 2 Import State
20231018 082158.812 INFO             PET3     esm - Creating state: modelComp 2 Export State
20231018 082158.813 INFO             PET3     OCN: InitializeP0 intro.
20231018 082158.813 INFO             PET3     OCN: InitializeP0 extro.
20231018 082158.814 INFO             PET3     ATM-TO-OCN: InitializeP0 intro.
20231018 082158.814 INFO             PET3     ATM-TO-OCN: InitializeP0 extro.
20231018 082158.814 INFO             PET3     OCN-TO-ATM: InitializeP0 intro.
20231018 082158.814 INFO             PET3     OCN-TO-ATM: InitializeP0 extro.
20231018 082158.815 INFO             PET3     esm: IInitAdvertise intro.
20231018 082158.815 INFO             PET3     esm: IInitAdvertise extro.
20231018 082158.815 INFO             PET3     OCN: InitializeIPDvXp01 intro.
20231018 082158.816 INFO             PET3     OCN: InitializeIPDvXp01 extro.
20231018 082158.816 INFO             PET3     ATM-TO-OCN: InitializeIPDv05p1 intro.
20231018 082158.819 INFO             PET3     ATM-TO-OCN: InitializeIPDv05p1 extro.
20231018 082158.819 INFO             PET3     OCN-TO-ATM: InitializeIPDv05p1 intro.
20231018 082158.820 INFO             PET3     OCN-TO-ATM: InitializeIPDv05p1 extro.
20231018 082158.821 INFO             PET3     esm: IInitAdvertiseFinish intro.
20231018 082158.821 INFO             PET3     esm: IInitAdvertiseFinish extro.
20231018 082158.821 INFO             PET3     ATM-TO-OCN: InitializeIPDv05p2a intro.
20231018 082158.823 INFO             PET3     ATM-TO-OCN: InitializeIPDv05p2a extro.
20231018 082158.823 INFO             PET3     OCN-TO-ATM: InitializeIPDv05p2a intro.
20231018 082158.824 INFO             PET3     OCN-TO-ATM: InitializeIPDv05p2a extro.
20231018 082158.824 INFO             PET3     ATM-TO-OCN: InitializeIPDv05p2b intro.
20231018 082158.826 INFO             PET3     ATM-TO-OCN: InitializeIPDv05p2b extro.
20231018 082158.826 INFO             PET3     OCN-TO-ATM: InitializeIPDv05p2b intro.
20231018 082158.827 INFO             PET3     OCN-TO-ATM: InitializeIPDv05p2b extro.
20231018 082158.827 INFO             PET3     esm: IInitModifyCplLists intro.
20231018 082158.827 INFO             PET3       Driver is in ModifyCplLists()
20231018 082158.827 INFO             PET3        Found            2  Connectors. Modifying CplList Attribute....
20231018 082158.827 INFO             PET3     esm: IInitModifyCplLists extro.
20231018 082158.827 INFO             PET3     ATM-TO-OCN: InitializeIPDv05p3 intro.
20231018 082158.829 INFO             PET3     ATM-TO-OCN: InitializeIPDv05p3 extro.
20231018 082158.829 INFO             PET3     OCN-TO-ATM: InitializeIPDv05p3 intro.
20231018 082158.830 INFO             PET3     OCN-TO-ATM: InitializeIPDv05p3 extro.
20231018 082158.831 INFO             PET3     <<<esm: leaving Initialize (phase=<none>) with current time: 2010  6  1  0  0  0   0
20231018 082158.831 INFO             PET3   esm: InitializeIPDv02p1 extro.
20231018 082158.831 INFO             PET3   esm: InitializeIPDv02p3 intro.
20231018 082158.831 INFO             PET3     >>>esm: entered Initialize (phase=<none>) with current time: 2010  6  1  0  0  0   0
20231018 082158.831 INFO             PET3     esm: IInitCheck intro.
20231018 082158.831 INFO             PET3     esm: IInitCheck extro.
20231018 082158.831 INFO             PET3     OCN: InitializeIPDvXp04 intro.
20231018 082158.833 INFO             PET3     OCN: InitializeIPDvXp04 extro.
20231018 082158.833 INFO             PET3     ATM-TO-OCN: InitializeIPDv05p4 intro.
20231018 082158.837 INFO             PET3     ATM-TO-OCN: InitializeIPDv05p4 extro.
20231018 082158.837 INFO             PET3     OCN-TO-ATM: InitializeIPDv05p4 intro.
20231018 082158.838 INFO             PET3     OCN-TO-ATM: InitializeIPDv05p4 extro.
20231018 082158.839 INFO             PET3     ATM-TO-OCN: InitializeIPDv05p5 intro.
20231018 082158.842 INFO             PET3     ATM-TO-OCN: InitializeIPDv05p5 extro.
20231018 082158.842 INFO             PET3     OCN-TO-ATM: InitializeIPDv05p5 intro.
20231018 082158.843 INFO             PET3     OCN-TO-ATM: InitializeIPDv05p5 extro.
20231018 082158.843 INFO             PET3     esm: IInitRealize intro.
20231018 082158.843 INFO             PET3     esm: IInitRealize extro.
20231018 082158.844 INFO             PET3     ATM-TO-OCN: InitializeIPDv05p6a intro.
20231018 082158.847 INFO             PET3     ATM-TO-OCN: InitializeIPDv05p6a extro.
20231018 082158.847 INFO             PET3     OCN-TO-ATM: InitializeIPDv05p6a intro.
20231018 082158.848 INFO             PET3     OCN-TO-ATM: InitializeIPDv05p6a extro.
20231018 082158.849 INFO             PET3     ATM-TO-OCN: InitializeIPDv05p6b intro.
20231018 082158.866 INFO             PET3     ATM-TO-OCN: InitializeIPDv05p6b extro.
20231018 082158.866 INFO             PET3     OCN-TO-ATM: InitializeIPDv05p6b intro.
20231018 082158.879 INFO             PET3     OCN-TO-ATM: InitializeIPDv05p6b extro.
20231018 082158.879 INFO             PET3     OCN: InitializeIPDvXp07 intro.
20231018 082158.879 INFO             PET3     OCN: InitializeIPDvXp07 extro.
20231018 082158.879 INFO             PET3     <<<esm: leaving Initialize (phase=<none>) with current time: 2010  6  1  0  0  0   0
20231018 082158.879 INFO             PET3   esm: InitializeIPDv02p3 extro.
20231018 082158.879 INFO             PET3   esm: InitializeIPDv02p5 intro.
20231018 082158.879 INFO             PET3     >>>esm: entered Initialize (phase=<none>) with current time: 2010  6  1  0  0  0   0
20231018 082158.879 INFO             PET3     esm: this is a top level driver, no 'Updated' and 'InitializeDataComplete' info on this level.
20231018 082158.879 INFO             PET3     esm: InitializeIPDv02p5Data intro.
20231018 082158.879 INFO             PET3       esm: InternalInitializeComplete intro.
20231018 082158.879 INFO             PET3         esm: InitializeDataComplete='true'
20231018 082158.879 INFO             PET3       esm: InternalInitializeComplete extro.
20231018 082158.879 INFO             PET3       OCN: InitializeIPDv01p5 intro.
20231018 082158.879 INFO             PET3       OCN: InitializeIPDv01p5 extro.
20231018 082158.880 INFO             PET3       esm: components present that trigger loopDataDependentInitialize().
20231018 082158.880 INFO             PET3       esm: loopDataDependentInitialize intro.
20231018 082158.880 INFO             PET3         esm: component    0=esm, dataComplete (local): true
20231018 082158.880 INFO             PET3         esm: component    0=esm, dataComplete (global):  T
20231018 082158.880 INFO             PET3         esm: component    1=ATM, dataComplete (local): true
20231018 082158.880 INFO             PET3         esm: component    1=ATM, dataComplete (global):  T
20231018 082158.880 INFO             PET3         esm: component    2=OCN, dataComplete (local): true
20231018 082158.880 INFO             PET3         esm: component    2=OCN, dataComplete (global):  T
20231018 082158.880 INFO             PET3         esm: someProgress= F, allComplete= T, present(dataDepAllComplete)= T
20231018 082158.880 INFO             PET3         esm: finished resolving initialize data dependencies on this level.
20231018 082158.880 INFO             PET3       esm: loopDataDependentInitialize extro.
20231018 082158.880 INFO             PET3       esm: loopDataDependentInitialize() returned with dataDepAllComplete:  T
20231018 082158.880 INFO             PET3     esm: InitializeIPDv02p5Data extro.
20231018 082158.880 INFO             PET3     <<<esm: leaving Initialize (phase=<none>) with current time: 2010  6  1  0  0  0   0
20231018 082158.880 INFO             PET3   esm: InitializeIPDv02p5 extro.
20231018 082158.880 INFO             PET3 esm: InitializeGeneric extro.
20231018 082158.880 INFO             PET3 esm: Run intro.
20231018 082158.880 INFO             PET3   >>>esm entered Run (phase=RunPhase1) with current time: 2010  6  1  0  0  0   0
20231018 082158.880 INFO             PET3   esm: after lable_SetRunClock, current time: 2010  6  1  0  0  0   0
20231018 082158.880 INFO             PET3   esm: begin -------> RunSequence.
20231018 082158.880 INFO             PET3     esm: RunSequence event loopLevel=   1  levelMember=   1  loopIteration=   1, current time: 2010  6  1  0  0  0   0
20231018 082158.880 INFO             PET3     ATM-TO-OCN: Run intro.
20231018 082158.880 INFO             PET3     ATM-TO-OCN: Run extro.
20231018 082158.880 INFO             PET3     OCN-TO-ATM: Run intro.
20231018 082158.880 INFO             PET3     OCN-TO-ATM: Run extro.
20231018 082158.880 INFO             PET3     OCN: Run intro.
20231018 082158.880 INFO             PET3       ------>Advancing OCN from: 2010  6  1  0  0  0   0
20231018 082158.881 INFO             PET3       ---------------------> to: 2010  6  1  0  5  0   0
20231018 082158.890 INFO             PET3       ------>Advancing OCN from: 2010  6  1  0  5  0   0
20231018 082158.890 INFO             PET3       ---------------------> to: 2010  6  1  0 10  0   0
20231018 082158.893 INFO             PET3       ------>Advancing OCN from: 2010  6  1  0 10  0   0
20231018 082158.893 INFO             PET3       ---------------------> to: 2010  6  1  0 15  0   0
20231018 082158.895 INFO             PET3     OCN: Run extro.
20231018 082158.895 INFO             PET3     esm: RunSequence event loopLevel=   1  levelMember=   1  loopIteration=   2, current time: 2010  6  1  0 15  0   0
20231018 082158.896 INFO             PET3     ATM-TO-OCN: Run intro.
20231018 082158.896 INFO             PET3     ATM-TO-OCN: Run extro.
20231018 082158.896 INFO             PET3     OCN-TO-ATM: Run intro.
20231018 082158.896 INFO             PET3     OCN-TO-ATM: Run extro.
20231018 082158.896 INFO             PET3     OCN: Run intro.
20231018 082158.896 INFO             PET3       ------>Advancing OCN from: 2010  6  1  0 15  0   0
20231018 082158.896 INFO             PET3       ---------------------> to: 2010  6  1  0 20  0   0
20231018 082158.898 INFO             PET3       ------>Advancing OCN from: 2010  6  1  0 20  0   0
20231018 082158.898 INFO             PET3       ---------------------> to: 2010  6  1  0 25  0   0
20231018 082158.901 INFO             PET3       ------>Advancing OCN from: 2010  6  1  0 25  0   0
20231018 082158.901 INFO             PET3       ---------------------> to: 2010  6  1  0 30  0   0
20231018 082158.904 INFO             PET3     OCN: Run extro.
20231018 082158.904 INFO             PET3     esm: RunSequence event loopLevel=   1  levelMember=   1  loopIteration=   3, current time: 2010  6  1  0 30  0   0
20231018 082158.904 INFO             PET3     ATM-TO-OCN: Run intro.
20231018 082158.904 INFO             PET3     ATM-TO-OCN: Run extro.
20231018 082158.904 INFO             PET3     OCN-TO-ATM: Run intro.
20231018 082158.904 INFO             PET3     OCN-TO-ATM: Run extro.
20231018 082158.904 INFO             PET3     OCN: Run intro.
20231018 082158.904 INFO             PET3       ------>Advancing OCN from: 2010  6  1  0 30  0   0
20231018 082158.904 INFO             PET3       ---------------------> to: 2010  6  1  0 35  0   0
20231018 082158.907 INFO             PET3       ------>Advancing OCN from: 2010  6  1  0 35  0   0
20231018 082158.907 INFO             PET3       ---------------------> to: 2010  6  1  0 40  0   0
20231018 082158.910 INFO             PET3       ------>Advancing OCN from: 2010  6  1  0 40  0   0
20231018 082158.910 INFO             PET3       ---------------------> to: 2010  6  1  0 45  0   0
20231018 082158.912 INFO             PET3     OCN: Run extro.
20231018 082158.912 INFO             PET3     esm: RunSequence event loopLevel=   1  levelMember=   1  loopIteration=   4, current time: 2010  6  1  0 45  0   0
20231018 082158.912 INFO             PET3     ATM-TO-OCN: Run intro.
20231018 082158.912 INFO             PET3     ATM-TO-OCN: Run extro.
20231018 082158.913 INFO             PET3     OCN-TO-ATM: Run intro.
20231018 082158.913 INFO             PET3     OCN-TO-ATM: Run extro.
20231018 082158.913 INFO             PET3     OCN: Run intro.
20231018 082158.913 INFO             PET3       ------>Advancing OCN from: 2010  6  1  0 45  0   0
20231018 082158.913 INFO             PET3       ---------------------> to: 2010  6  1  0 50  0   0
20231018 082158.916 INFO             PET3       ------>Advancing OCN from: 2010  6  1  0 50  0   0
20231018 082158.916 INFO             PET3       ---------------------> to: 2010  6  1  0 55  0   0
20231018 082158.919 INFO             PET3       ------>Advancing OCN from: 2010  6  1  0 55  0   0
20231018 082158.919 INFO             PET3       ---------------------> to: 2010  6  1  1  0  0   0
20231018 082158.921 INFO             PET3     OCN: Run extro.
20231018 082158.921 INFO             PET3   esm: end <--------- RunSequence
20231018 082158.921 INFO             PET3   <<<esm - leaving Run with current time: 2010  6  1  1  0  0   0
20231018 082158.921 INFO             PET3 esm: Run extro.
20231018 082158.921 INFO             PET3 esm: Finalize intro.
20231018 082158.921 INFO             PET3   Calling Finalize phase 1 for connectorComp: ATM-TO-OCN
20231018 082158.921 INFO             PET3   ATM-TO-OCN: Finalize intro.
20231018 082158.922 INFO             PET3   ATM-TO-OCN: Finalize extro.
20231018 082158.922 INFO             PET3   Calling Finalize phase 1 for connectorComp: OCN-TO-ATM
20231018 082158.922 INFO             PET3   OCN-TO-ATM: Finalize intro.
20231018 082158.922 INFO             PET3   OCN-TO-ATM: Finalize extro.
20231018 082158.922 INFO             PET3   Calling Finalize phase 1 for modelComp: ATM
20231018 082158.922 INFO             PET3   Calling Finalize phase 1 for modelComp: OCN
20231018 082158.922 INFO             PET3   OCN: Finalize intro.
20231018 082158.922 INFO             PET3   OCN: Finalize extro.
20231018 082158.922 INFO             PET3   Delete modelComp: ATM
20231018 082158.922 INFO             PET3   Delete Import-/Export State for modelComp: ATM
20231018 082158.922 INFO             PET3   Delete modelComp: OCN
20231018 082158.922 INFO             PET3   Delete Import-/Export State for modelComp: OCN
20231018 082158.922 INFO             PET3   Delete connectorComp: ATM-TO-OCN
20231018 082158.922 INFO             PET3   Delete connectorComp: OCN-TO-ATM
20231018 082158.922 INFO             PET3 esm: Finalize extro.
20231018 082158.922 INFO             PET3 esmApp FINISHED
20231018 082158.922 INFO             PET3  Finalizing ESMF
