2023-11-12 04:06:49
  PASS  Example ESMF_FieldBundleHaloEx, ESMF_FieldBundleHaloEx.F90, line 319
  PASS  Example ESMF_FieldBundleHaloEx, ESMF_FieldBundleHaloEx.F90, line 319
  PASS  Example ESMF_FieldBundleHaloEx, ESMF_FieldBundleHaloEx.F90, line 319
  PASS  Example ESMF_FieldBundleHaloEx, ESMF_FieldBundleHaloEx.F90, line 319

Program received signal SIGILL: Illegal instruction.

Backtrace for this error:
 PASS: ESMF_FieldBundleHaloEx.F90
 PASS: ESMF_FieldBundleHaloEx.F90
 PASS: ESMF_FieldBundleHaloEx.F90

Could not print backtrace: executable file is not an executable
#0  0x10fc050d0
#1  0x10fc0475e
#2  0x7ff81d253dfc
#3  0x7ff81d257ee4
#4  0x7ff81d2522d9
#5  0x7ff81d23d20d
#6  0x10f87d207
#7  0x10fb27f77
#8  0x10fb2a2f2
#9  0x1107e8b71
#10  0x1107d1923
#11  0x1107af76f
#12  0x1107721a3
#13  0x1107383b9
#14  0x10f64aff4
#15  0x10fa433d0
#16  0x10f8be17b
#17  0x114ab7bbe
#18  0x114aaf65d
#19  0x114ade712
#20  0x115980453
#21  0x11569a504
#22  0x10ef90381
#23  0x10ef904be
--------------------------------------------------------------------------
Primary job  terminated normally, but 1 process returned
a non-zero exit code. Per user-direction, the job has been aborted.
--------------------------------------------------------------------------
--------------------------------------------------------------------------
mpirun noticed that process rank 1 with PID 0 on node cgdm-catania exited on signal 4 (Illegal instruction: 4).
--------------------------------------------------------------------------
