2023-11-13 04:02:14
20231113 043553.335 INFO             PET0 !!!!!!!!!!!!!!!!!!!!!!!!!!!!!!!!!!!!!!!!!!!!!!!!!!!!!!
20231113 043553.336 INFO             PET0 !!! THE ESMF_LOG IS SET TO OUTPUT ALL LOG MESSAGES !!!
20231113 043553.336 INFO             PET0 !!!     THIS MAY CAUSE SLOWDOWN IN PERFORMANCE     !!!
20231113 043553.336 INFO             PET0 !!! FOR PRODUCTION RUNS, USE:                      !!!
20231113 043553.336 INFO             PET0 !!!                   ESMF_LOGKIND_Multi_On_Error  !!!
20231113 043553.336 INFO             PET0 !!!!!!!!!!!!!!!!!!!!!!!!!!!!!!!!!!!!!!!!!!!!!!!!!!!!!!
20231113 043553.336 INFO             PET0 Running with ESMF Version   : v8.7.0b01
20231113 043553.336 INFO             PET0 ESMF library build date/time: "Nov 13 2023" "04:00:11"
20231113 043553.336 INFO             PET0 ESMF library build location : /project/esmf/sacks/esmf-testing/gfortran_11.2.0_openmpi_g_develop/esmf
20231113 043553.336 INFO             PET0 ESMF_COMM                   : openmpi
20231113 043553.336 INFO             PET0 ESMF_MOAB                   : enabled
20231113 043553.336 INFO             PET0 ESMF_LAPACK                 : enabled
20231113 043553.336 INFO             PET0 ESMF_NETCDF                 : enabled
20231113 043553.336 INFO             PET0 ESMF_PNETCDF                : disabled
20231113 043553.336 INFO             PET0 ESMF_PIO                    : enabled
20231113 043553.336 INFO             PET0 ESMF_YAMLCPP                : enabled
20231113 043553.342 INFO             PET0  NUMBER_OF_PROCESSORS           1
20231113 043553.342 INFO             PET0  PASS  Example ESMF_XGridSparseMatEx, ESMF_XGridSparseMatEx.F90, line 642
20231113 043553.342 INFO             PET0  Finalizing ESMF
