2023-10-05 04:14:28
forrtl: severe (174): SIGSEGV, segmentation fault occurred
Image              PC                Routine            Line        Source             
esmApp             00000000004565AD  Unknown               Unknown  Unknown
libpthread-2.22.s  00002B8663DD1C00  Unknown               Unknown  Unknown
libesmf.so         00002B8660BDA653  esmf_pointlistmod     Unknown  Unknown
libesmf.so         00002B8660BDA059  esmf_pointlistmod     Unknown  Unknown
libesmf.so         00002B86608F6941  esmf_fieldregridm     Unknown  Unknown
libesmf.so         00002B86608F3A09  esmf_fieldregridm     Unknown  Unknown
libesmf.so         00002B866076EB6D  esmf_fieldbundlem     Unknown  Unknown
libesmf.so         00002B8660F08413  nuopc_connector_m     Unknown  Unknown
libesmf.so         00002B8660F1D395  nuopc_connector_m     Unknown  Unknown
libesmf.so         00002B865FD0F3BB  _ZN5ESMCI6FTable1     Unknown  Unknown
libesmf.so         00002B865FD1338B  ESMCI_FTableCallE     Unknown  Unknown
libesmf.so         00002B8660458E9A  _ZN5ESMCI3VMK5ent     Unknown  Unknown
libesmf.so         00002B866047A605  _ZN5ESMCI2VM5ente     Unknown  Unknown
libesmf.so         00002B865FD10A7A  c_esmc_ftablecall     Unknown  Unknown
libesmf.so         00002B86606EDFE4  esmf_compmod_mp_e     Unknown  Unknown
libesmf.so         00002B8660703DEF  esmf_cplcompmod_m     Unknown  Unknown
libesmf.so         00002B8660F7CD70  nuopc_driver_mp_l     Unknown  Unknown
libesmf.so         00002B8660F9C3FF  nuopc_driver_mp_i     Unknown  Unknown
libesmf.so         00002B8660FAEF39  nuopc_driver_mp_i     Unknown  Unknown
libesmf.so         00002B865FD0F3BB  _ZN5ESMCI6FTable1     Unknown  Unknown
libesmf.so         00002B865FD1338B  ESMCI_FTableCallE     Unknown  Unknown
libesmf.so         00002B8660458E9A  _ZN5ESMCI3VMK5ent     Unknown  Unknown
libesmf.so         00002B866047A605  _ZN5ESMCI2VM5ente     Unknown  Unknown
libesmf.so         00002B865FD10A7A  c_esmc_ftablecall     Unknown  Unknown
libesmf.so         00002B86606EDFE4  esmf_compmod_mp_e     Unknown  Unknown
libesmf.so         00002B8660940EEF  esmf_gridcompmod_     Unknown  Unknown
esmApp             000000000040B964  Unknown               Unknown  Unknown
esmApp             000000000040B3DE  Unknown               Unknown  Unknown
libc-2.22.so       00002B86649DCA35  __libc_start_main     Unknown  Unknown
esmApp             000000000040B2E9  Unknown               Unknown  Unknown
forrtl: severe (174): SIGSEGV, segmentation fault occurred
Image              PC                Routine            Line        Source             
esmApp             00000000004565AD  Unknown               Unknown  Unknown
libpthread-2.22.s  00002B55ED348C00  Unknown               Unknown  Unknown
libesmf.so         00002B55EA151653  esmf_pointlistmod     Unknown  Unknown
libesmf.so         00002B55EA151059  esmf_pointlistmod     Unknown  Unknown
libesmf.so         00002B55E9E6D941  esmf_fieldregridm     Unknown  Unknown
libesmf.so         00002B55E9E6AA09  esmf_fieldregridm     Unknown  Unknown
libesmf.so         00002B55E9CE5B6D  esmf_fieldbundlem     Unknown  Unknown
libesmf.so         00002B55EA47F413  nuopc_connector_m     Unknown  Unknown
libesmf.so         00002B55EA494395  nuopc_connector_m     Unknown  Unknown
libesmf.so         00002B55E92863BB  _ZN5ESMCI6FTable1     Unknown  Unknown
libesmf.so         00002B55E928A38B  ESMCI_FTableCallE     Unknown  Unknown
libesmf.so         00002B55E99CFE9A  _ZN5ESMCI3VMK5ent     Unknown  Unknown
libesmf.so         00002B55E99F1605  _ZN5ESMCI2VM5ente     Unknown  Unknown
libesmf.so         00002B55E9287A7A  c_esmc_ftablecall     Unknown  Unknown
libesmf.so         00002B55E9C64FE4  esmf_compmod_mp_e     Unknown  Unknown
libesmf.so         00002B55E9C7ADEF  esmf_cplcompmod_m     Unknown  Unknown
libesmf.so         00002B55EA4F3D70  nuopc_driver_mp_l     Unknown  Unknown
libesmf.so         00002B55EA5133FF  nuopc_driver_mp_i     Unknown  Unknown
libesmf.so         00002B55EA525F39  nuopc_driver_mp_i     Unknown  Unknown
libesmf.so         00002B55E92863BB  _ZN5ESMCI6FTable1     Unknown  Unknown
libesmf.so         00002B55E928A38B  ESMCI_FTableCallE     Unknown  Unknown
libesmf.so         00002B55E99CFE9A  _ZN5ESMCI3VMK5ent     Unknown  Unknown
libesmf.so         00002B55E99F1605  _ZN5ESMCI2VM5ente     Unknown  Unknown
libesmf.so         00002B55E9287A7A  c_esmc_ftablecall     Unknown  Unknown
libesmf.so         00002B55E9C64FE4  esmf_compmod_mp_e     Unknown  Unknown
libesmf.so         00002B55E9EB7EEF  esmf_gridcompmod_     Unknown  Unknown
esmApp             000000000040B964  Unknown               Unknown  Unknown
esmApp             000000000040B3DE  Unknown               Unknown  Unknown
libc-2.22.so       00002B55EDF53A35  __libc_start_main     Unknown  Unknown
esmApp             000000000040B2E9  Unknown               Unknown  Unknown
