2023-11-09 03:12:35
 localPET= 0  localDE= 0 : array( 1 , 1 )= 1.14926243638256067E-310
 localPET= 0  localDE= 0 : array( 1 , 2 )= 2.44336528072859383E+68
 localPET= 0  localDE= 0 : array( 2 , 1 )= 1.14926243638256067E-310
 localPET= 0  localDE= 0 : array( 2 , 2 )= 1.56538082914580359E-76
 localPET= 0  localDE= 0 : array( 3 , 1 )= 2.26178756700715097E-80
 localPET= 0  localDE= 0 : array( 3 , 2 )= 2.42186870239290559E-28
 localPET= 0  localDE= 1 : array( 1 , 1 )= 1.14926243638414168E-310
 localPET= 0  localDE= 1 : array( 2 , 1 )= 1.14926243638414168E-310
 localPET= 0  localDE= 1 : array( 3 , 1 )= 6.01347001699906849E-154
 localPet:  0 DE  0  [ 1,  3 ]
 localPet:  0 DE  4  [ 1,  3 ]
  PASS  Example ESMF_ArrayEx, ESMF_ArrayEx.F90, line 1901
 PASS: ESMF_ArrayEx.F90
 localPET= 1  localDE= 0 : array( 1 , 1 )= 0.
 localPET= 1  localDE= 0 : array( 1 , 2 )= 0.
 localPET= 1  localDE= 0 : array( 2 , 1 )= 0.
 localPET= 1  localDE= 0 : array( 2 , 2 )= 0.
 localPET= 1  localDE= 1 : array( 1 , 1 )= 0.
 localPET= 1  localDE= 1 : array( 2 , 1 )= 0.
 localPet:  1 DE  1  [ 1,  2 ]
 localPet:  1 DE  5  [ 1,  2 ]
  PASS  Example ESMF_ArrayEx, ESMF_ArrayEx.F90, line 1901
 PASS: ESMF_ArrayEx.F90
 localPET= 2  localDE= 0 : array( 1 , 1 )= 0.
 localPET= 2  localDE= 0 : array( 1 , 2 )= 0.
 localPET= 2  localDE= 0 : array( 2 , 1 )= 0.
 localPET= 2  localDE= 0 : array( 2 , 2 )= 0.
 localPET= 2  localDE= 0 : array( 3 , 1 )= 0.
 localPET= 2  localDE= 0 : array( 3 , 2 )= 0.
 localPet:  2 DE  2  [ 1,  3 ]
  PASS  Example ESMF_ArrayEx, ESMF_ArrayEx.F90, line 1901
 PASS: ESMF_ArrayEx.F90
 localPET= 3  localDE= 0 : array( 1 , 1 )= 1.15280941409031364E-310
 localPET= 3  localDE= 0 : array( 1 , 2 )= 0.
 localPET= 3  localDE= 0 : array( 2 , 1 )= 1.15280941409031364E-310
 localPET= 3  localDE= 0 : array( 2 , 2 )= 0.
 localPet:  3 DE  3  [ 1,  2 ]
  PASS  Example ESMF_ArrayEx, ESMF_ArrayEx.F90, line 1901
 PASS: ESMF_ArrayEx.F90
