2023-11-08 02:56:26
20231108 032420.055 INFO             PET0 !!!!!!!!!!!!!!!!!!!!!!!!!!!!!!!!!!!!!!!!!!!!!!!!!!!!!!
20231108 032420.055 INFO             PET0 !!! THE ESMF_LOG IS SET TO OUTPUT ALL LOG MESSAGES !!!
20231108 032420.055 INFO             PET0 !!!     THIS MAY CAUSE SLOWDOWN IN PERFORMANCE     !!!
20231108 032420.055 INFO             PET0 !!! FOR PRODUCTION RUNS, USE:                      !!!
20231108 032420.055 INFO             PET0 !!!                   ESMF_LOGKIND_Multi_On_Error  !!!
20231108 032420.055 INFO             PET0 !!!!!!!!!!!!!!!!!!!!!!!!!!!!!!!!!!!!!!!!!!!!!!!!!!!!!!
20231108 032420.055 INFO             PET0 Running with ESMF Version   : v8.6.0b14-1-g93d64a266e
20231108 032420.055 INFO             PET0 ESMF library build date/time: "Nov  8 2023" "02:55:35"
20231108 032420.055 INFO             PET0 ESMF library build location : /tmp/intel_2023.1.0_mpi_g_release_8.6.0/esmf
20231108 032420.055 INFO             PET0 ESMF_COMM                   : mpi
20231108 032420.055 INFO             PET0 ESMF_MOAB                   : enabled
20231108 032420.055 INFO             PET0 ESMF_LAPACK                 : enabled
20231108 032420.055 INFO             PET0 ESMF_NETCDF                 : enabled
20231108 032420.055 INFO             PET0 ESMF_PNETCDF                : disabled
20231108 032420.055 INFO             PET0 ESMF_PIO                    : enabled
20231108 032420.055 INFO             PET0 ESMF_YAMLCPP                : enabled
20231108 032420.144 DEBUG            PET0 about to destroy Grid: 0x66c7b0
20231108 032420.158 DEBUG            PET0 about to destroy Grid: 0x66fa60
20231108 032420.192 INFO             PET0  NUMBER_OF_PROCESSORS           4
20231108 032420.192 INFO             PET0  PASS  Example ESMF_NUOPCAtmModelEx, ESMF_NUOPCAtmModelEx.F90, line 806
20231108 032420.192 INFO             PET0  Finalizing ESMF
20231108 032420.055 INFO             PET1 !!!!!!!!!!!!!!!!!!!!!!!!!!!!!!!!!!!!!!!!!!!!!!!!!!!!!!
20231108 032420.055 INFO             PET1 !!! THE ESMF_LOG IS SET TO OUTPUT ALL LOG MESSAGES !!!
20231108 032420.055 INFO             PET1 !!!     THIS MAY CAUSE SLOWDOWN IN PERFORMANCE     !!!
20231108 032420.055 INFO             PET1 !!! FOR PRODUCTION RUNS, USE:                      !!!
20231108 032420.055 INFO             PET1 !!!                   ESMF_LOGKIND_Multi_On_Error  !!!
20231108 032420.055 INFO             PET1 !!!!!!!!!!!!!!!!!!!!!!!!!!!!!!!!!!!!!!!!!!!!!!!!!!!!!!
20231108 032420.055 INFO             PET1 Running with ESMF Version   : v8.6.0b14-1-g93d64a266e
20231108 032420.055 INFO             PET1 ESMF library build date/time: "Nov  8 2023" "02:55:35"
20231108 032420.055 INFO             PET1 ESMF library build location : /tmp/intel_2023.1.0_mpi_g_release_8.6.0/esmf
20231108 032420.055 INFO             PET1 ESMF_COMM                   : mpi
20231108 032420.055 INFO             PET1 ESMF_MOAB                   : enabled
20231108 032420.055 INFO             PET1 ESMF_LAPACK                 : enabled
20231108 032420.055 INFO             PET1 ESMF_NETCDF                 : enabled
20231108 032420.055 INFO             PET1 ESMF_PNETCDF                : disabled
20231108 032420.055 INFO             PET1 ESMF_PIO                    : enabled
20231108 032420.055 INFO             PET1 ESMF_YAMLCPP                : enabled
20231108 032420.144 DEBUG            PET1 about to destroy Grid: 0x66b790
20231108 032420.158 DEBUG            PET1 about to destroy Grid: 0x66c780
20231108 032420.192 INFO             PET1  NUMBER_OF_PROCESSORS           4
20231108 032420.192 INFO             PET1  PASS  Example ESMF_NUOPCAtmModelEx, ESMF_NUOPCAtmModelEx.F90, line 806
20231108 032420.192 INFO             PET1  Finalizing ESMF
20231108 032420.055 INFO             PET2 !!!!!!!!!!!!!!!!!!!!!!!!!!!!!!!!!!!!!!!!!!!!!!!!!!!!!!
20231108 032420.055 INFO             PET2 !!! THE ESMF_LOG IS SET TO OUTPUT ALL LOG MESSAGES !!!
20231108 032420.055 INFO             PET2 !!!     THIS MAY CAUSE SLOWDOWN IN PERFORMANCE     !!!
20231108 032420.055 INFO             PET2 !!! FOR PRODUCTION RUNS, USE:                      !!!
20231108 032420.055 INFO             PET2 !!!                   ESMF_LOGKIND_Multi_On_Error  !!!
20231108 032420.055 INFO             PET2 !!!!!!!!!!!!!!!!!!!!!!!!!!!!!!!!!!!!!!!!!!!!!!!!!!!!!!
20231108 032420.055 INFO             PET2 Running with ESMF Version   : v8.6.0b14-1-g93d64a266e
20231108 032420.055 INFO             PET2 ESMF library build date/time: "Nov  8 2023" "02:55:35"
20231108 032420.055 INFO             PET2 ESMF library build location : /tmp/intel_2023.1.0_mpi_g_release_8.6.0/esmf
20231108 032420.055 INFO             PET2 ESMF_COMM                   : mpi
20231108 032420.055 INFO             PET2 ESMF_MOAB                   : enabled
20231108 032420.055 INFO             PET2 ESMF_LAPACK                 : enabled
20231108 032420.055 INFO             PET2 ESMF_NETCDF                 : enabled
20231108 032420.055 INFO             PET2 ESMF_PNETCDF                : disabled
20231108 032420.055 INFO             PET2 ESMF_PIO                    : enabled
20231108 032420.055 INFO             PET2 ESMF_YAMLCPP                : enabled
20231108 032420.144 DEBUG            PET2 about to destroy Grid: 0x66be30
20231108 032420.158 DEBUG            PET2 about to destroy Grid: 0x66ce20
20231108 032420.192 INFO             PET2  NUMBER_OF_PROCESSORS           4
20231108 032420.192 INFO             PET2  PASS  Example ESMF_NUOPCAtmModelEx, ESMF_NUOPCAtmModelEx.F90, line 806
20231108 032420.192 INFO             PET2  Finalizing ESMF
20231108 032420.055 INFO             PET3 !!!!!!!!!!!!!!!!!!!!!!!!!!!!!!!!!!!!!!!!!!!!!!!!!!!!!!
20231108 032420.055 INFO             PET3 !!! THE ESMF_LOG IS SET TO OUTPUT ALL LOG MESSAGES !!!
20231108 032420.055 INFO             PET3 !!!     THIS MAY CAUSE SLOWDOWN IN PERFORMANCE     !!!
20231108 032420.055 INFO             PET3 !!! FOR PRODUCTION RUNS, USE:                      !!!
20231108 032420.055 INFO             PET3 !!!                   ESMF_LOGKIND_Multi_On_Error  !!!
20231108 032420.055 INFO             PET3 !!!!!!!!!!!!!!!!!!!!!!!!!!!!!!!!!!!!!!!!!!!!!!!!!!!!!!
20231108 032420.055 INFO             PET3 Running with ESMF Version   : v8.6.0b14-1-g93d64a266e
20231108 032420.055 INFO             PET3 ESMF library build date/time: "Nov  8 2023" "02:55:35"
20231108 032420.055 INFO             PET3 ESMF library build location : /tmp/intel_2023.1.0_mpi_g_release_8.6.0/esmf
20231108 032420.055 INFO             PET3 ESMF_COMM                   : mpi
20231108 032420.055 INFO             PET3 ESMF_MOAB                   : enabled
20231108 032420.055 INFO             PET3 ESMF_LAPACK                 : enabled
20231108 032420.055 INFO             PET3 ESMF_NETCDF                 : enabled
20231108 032420.055 INFO             PET3 ESMF_PNETCDF                : disabled
20231108 032420.055 INFO             PET3 ESMF_PIO                    : enabled
20231108 032420.055 INFO             PET3 ESMF_YAMLCPP                : enabled
20231108 032420.144 DEBUG            PET3 about to destroy Grid: 0x66b710
20231108 032420.158 DEBUG            PET3 about to destroy Grid: 0x66c6a0
20231108 032420.192 INFO             PET3  NUMBER_OF_PROCESSORS           4
20231108 032420.192 INFO             PET3  PASS  Example ESMF_NUOPCAtmModelEx, ESMF_NUOPCAtmModelEx.F90, line 806
20231108 032420.192 INFO             PET3  Finalizing ESMF
