2023-11-15 04:02:21
20231115 050507.630 INFO             PET0 !!!!!!!!!!!!!!!!!!!!!!!!!!!!!!!!!!!!!!!!!!!!!!!!!!!!!!
20231115 050507.630 INFO             PET0 !!! THE ESMF_LOG IS SET TO OUTPUT ALL LOG MESSAGES !!!
20231115 050507.630 INFO             PET0 !!!     THIS MAY CAUSE SLOWDOWN IN PERFORMANCE     !!!
20231115 050507.630 INFO             PET0 !!! FOR PRODUCTION RUNS, USE:                      !!!
20231115 050507.630 INFO             PET0 !!!                   ESMF_LOGKIND_Multi_On_Error  !!!
20231115 050507.630 INFO             PET0 !!!!!!!!!!!!!!!!!!!!!!!!!!!!!!!!!!!!!!!!!!!!!!!!!!!!!!
20231115 050507.630 INFO             PET0 Running with ESMF Version   : v8.7.0b01-5-gf664797301
20231115 050507.630 INFO             PET0 ESMF library build date/time: "Nov 15 2023" "03:56:55"
20231115 050507.630 INFO             PET0 ESMF library build location : /glade/scratch/theurich/ESMF-Nightly-Testing/intel_18.0.5_intelmpi_O_develop/esmf
20231115 050507.630 INFO             PET0 ESMF_COMM                   : intelmpi
20231115 050507.630 INFO             PET0 ESMF_MOAB                   : enabled
20231115 050507.630 INFO             PET0 ESMF_LAPACK                 : enabled
20231115 050507.630 INFO             PET0 ESMF_NETCDF                 : enabled
20231115 050507.630 INFO             PET0 ESMF_PNETCDF                : disabled
20231115 050507.630 INFO             PET0 ESMF_PIO                    : enabled
20231115 050507.630 INFO             PET0 ESMF_YAMLCPP                : enabled
20231115 050507.633 INFO             PET0  NUMBER_OF_PROCESSORS           1
20231115 050507.633 INFO             PET0  PASS  Example ESMF_XGridSparseMatEx, ESMF_XGridSparseMatEx.F90, line 642
20231115 050507.633 INFO             PET0  Finalizing ESMF
