2023-11-07 07:43:33
[h21c37:242357:0:242357] Caught signal 11 (Segmentation fault: address not mapped to object at address 0x7ffce9012010)
[h21c37:242354:0:242354] Caught signal 11 (Segmentation fault: address not mapped to object at address 0x7fffb5517008)
[h21c37:242356:0:242356] Caught signal 11 (Segmentation fault: address not mapped to object at address 0x7ffd4868f000)
[h21c37:242355:0:242355] Caught signal 11 (Segmentation fault: address not mapped to object at address 0x7ffc0343e000)
==== backtrace (tid: 242355) ====
 0 0x000000000004d455 ucs_debug_print_backtrace()  ???:0
 1 0x000000000044bc17 do_deallocate_all()  for_alloc_copy.c:0
 2 0x000000000044cc00 process_allocation_records_deallocate()  for_alloc_copy.c:0
 3 0x000000000044bda5 do_deallocate_all()  for_alloc_copy.c:0
 4 0x0000000001b9dc1c f_esmf_compcollectgarbage2_()  ???:0
 5 0x00000000016ec4b2 ESMCI::VM::finalize()  /scratch2/NCEPDEV/stmp1/Gerhard.Theurich/ESMF-Nightly-Testing/intel_2023.1.0-oneAPI_intelmpi_g_release_8.6.0/esmf/src/Infrastructure/VM/src/ESMCI_VM.C:3515
 6 0x0000000001717247 c_esmc_vmfinalize_()  /scratch2/NCEPDEV/stmp1/Gerhard.Theurich/ESMF-Nightly-Testing/intel_2023.1.0-oneAPI_intelmpi_g_release_8.6.0/esmf/src/Infrastructure/VM/interface/ESMCI_VM_F.C:1241
 7 0x000000000270b13b c_esmc_vmfinalize_.t33799p.t33801p()  ifx6NCPTV.i90:0
 8 0x0000000002703452 esmf_vmmod_mp_esmf_vmfinalize_()  ???:0
 9 0x000000000233b37e esmf_initmod_mp_esmf_finalize_()  ???:0
10 0x00000000004167ee MAIN__()  ???:0
11 0x0000000000415a9d main()  ???:0
12 0x0000000000022555 __libc_start_main()  ???:0
13 0x00000000004159cb _start()  ???:0
=================================
==== backtrace (tid: 242357) ====
 0 0x000000000004d455 ucs_debug_print_backtrace()  ???:0
 1 0x000000000044bc33 do_deallocate_all()  for_alloc_copy.c:0
 2 0x000000000044cc00 process_allocation_records_deallocate()  for_alloc_copy.c:0
 3 0x000000000044bda5 do_deallocate_all()  for_alloc_copy.c:0
 4 0x0000000001b9dc1c f_esmf_compcollectgarbage2_()  ???:0
 5 0x00000000016ec4b2 ESMCI::VM::finalize()  /scratch2/NCEPDEV/stmp1/Gerhard.Theurich/ESMF-Nightly-Testing/intel_2023.1.0-oneAPI_intelmpi_g_release_8.6.0/esmf/src/Infrastructure/VM/src/ESMCI_VM.C:3515
 6 0x0000000001717247 c_esmc_vmfinalize_()  /scratch2/NCEPDEV/stmp1/Gerhard.Theurich/ESMF-Nightly-Testing/intel_2023.1.0-oneAPI_intelmpi_g_release_8.6.0/esmf/src/Infrastructure/VM/interface/ESMCI_VM_F.C:1241
 7 0x000000000270b13b c_esmc_vmfinalize_.t33799p.t33801p()  ifx6NCPTV.i90:0
 8 0x0000000002703452 esmf_vmmod_mp_esmf_vmfinalize_()  ???:0
 9 0x000000000233b37e esmf_initmod_mp_esmf_finalize_()  ???:0
10 0x00000000004167ee MAIN__()  ???:0
11 0x0000000000415a9d main()  ???:0
12 0x0000000000022555 __libc_start_main()  ???:0
13 0x00000000004159cb _start()  ???:0
=================================
forrtl: severe (174): SIGSEGV, segmentation fault occurred
Image              PC                Routine            Line        Source             
libpthread-2.17.s  00002B1088137630  Unknown               Unknown  Unknown
mainApp            000000000044BC17  Unknown               Unknown  Unknown
mainApp            000000000044CC00  Unknown               Unknown  Unknown
mainApp            000000000044BDA5  Unknown               Unknown  Unknown
libesmf.so         00002B1082BAFC1C  f_esmf_compcollec         516  ESMF_Comp_C.F90
libesmf.so         00002B10826FE4B2  finalize                 3515  ESMCI_VM.C
libesmf.so         00002B1082729247  c_esmc_vmfinalize        1241  ESMCI_VM_F.C
libesmf.so         00002B108371D13B  c_esmc_vmfinalize           0  ESMF_VM.F90
libesmf.so         00002B1083715452  esmf_vmfinalize          9474  ESMF_VM.F90
libesmf.so         00002B108334D37E  esmf_finalize            1693  ESMF_Init.F90
mainApp            00000000004167EE  mainapp                   149  mainApp.F90
mainApp            0000000000415A9D  Unknown               Unknown  Unknown
libc-2.17.so       00002B108948A555  __libc_start_main     Unknown  Unknown
mainApp            00000000004159CB  Unknown               Unknown  Unknown
forrtl: severe (174): SIGSEGV, segmentation fault occurred
Image              PC                Routine            Line        Source             
libpthread-2.17.s  00002B4AF4B76630  Unknown               Unknown  Unknown
mainApp            000000000044BC33  Unknown               Unknown  Unknown
mainApp            000000000044CC00  Unknown               Unknown  Unknown
mainApp            000000000044BDA5  Unknown               Unknown  Unknown
libesmf.so         00002B4AEF5EEC1C  f_esmf_compcollec         516  ESMF_Comp_C.F90
libesmf.so         00002B4AEF13D4B2  finalize                 3515  ESMCI_VM.C
libesmf.so         00002B4AEF168247  c_esmc_vmfinalize        1241  ESMCI_VM_F.C
libesmf.so         00002B4AF015C13B  c_esmc_vmfinalize           0  ESMF_VM.F90
libesmf.so         00002B4AF0154452  esmf_vmfinalize          9474  ESMF_VM.F90
libesmf.so         00002B4AEFD8C37E  esmf_finalize            1693  ESMF_Init.F90
mainApp            00000000004167EE  mainapp                   149  mainApp.F90
mainApp            0000000000415A9D  Unknown               Unknown  Unknown
libc-2.17.so       00002B4AF5EC9555  __libc_start_main     Unknown  Unknown
mainApp            00000000004159CB  Unknown               Unknown  Unknown
==== backtrace (tid: 242354) ====
 0 0x000000000004d455 ucs_debug_print_backtrace()  ???:0
 1 0x000000000044bc29 do_deallocate_all()  for_alloc_copy.c:0
 2 0x000000000044cc00 process_allocation_records_deallocate()  for_alloc_copy.c:0
 3 0x000000000044bda5 do_deallocate_all()  for_alloc_copy.c:0
 4 0x0000000001b9dc1c f_esmf_compcollectgarbage2_()  ???:0
 5 0x00000000016ec4b2 ESMCI::VM::finalize()  /scratch2/NCEPDEV/stmp1/Gerhard.Theurich/ESMF-Nightly-Testing/intel_2023.1.0-oneAPI_intelmpi_g_release_8.6.0/esmf/src/Infrastructure/VM/src/ESMCI_VM.C:3515
 6 0x0000000001717247 c_esmc_vmfinalize_()  /scratch2/NCEPDEV/stmp1/Gerhard.Theurich/ESMF-Nightly-Testing/intel_2023.1.0-oneAPI_intelmpi_g_release_8.6.0/esmf/src/Infrastructure/VM/interface/ESMCI_VM_F.C:1241
 7 0x000000000270b13b c_esmc_vmfinalize_.t33799p.t33801p()  ifx6NCPTV.i90:0
 8 0x0000000002703452 esmf_vmmod_mp_esmf_vmfinalize_()  ???:0
 9 0x000000000233b37e esmf_initmod_mp_esmf_finalize_()  ???:0
10 0x00000000004167ee MAIN__()  ???:0
11 0x0000000000415a9d main()  ???:0
12 0x0000000000022555 __libc_start_main()  ???:0
13 0x00000000004159cb _start()  ???:0
=================================
forrtl: severe (174): SIGSEGV, segmentation fault occurred
Image              PC                Routine            Line        Source             
libpthread-2.17.s  00002B78812C9630  Unknown               Unknown  Unknown
mainApp            000000000044BC29  Unknown               Unknown  Unknown
mainApp            000000000044CC00  Unknown               Unknown  Unknown
mainApp            000000000044BDA5  Unknown               Unknown  Unknown
libesmf.so         00002B787BD41C1C  f_esmf_compcollec         516  ESMF_Comp_C.F90
libesmf.so         00002B787B8904B2  finalize                 3515  ESMCI_VM.C
libesmf.so         00002B787B8BB247  c_esmc_vmfinalize        1241  ESMCI_VM_F.C
libesmf.so         00002B787C8AF13B  c_esmc_vmfinalize           0  ESMF_VM.F90
libesmf.so         00002B787C8A7452  esmf_vmfinalize          9474  ESMF_VM.F90
libesmf.so         00002B787C4DF37E  esmf_finalize            1693  ESMF_Init.F90
mainApp            00000000004167EE  mainapp                   149  mainApp.F90
mainApp            0000000000415A9D  Unknown               Unknown  Unknown
libc-2.17.so       00002B788261C555  __libc_start_main     Unknown  Unknown
mainApp            00000000004159CB  Unknown               Unknown  Unknown
==== backtrace (tid: 242356) ====
 0 0x000000000004d455 ucs_debug_print_backtrace()  ???:0
 1 0x000000000044bc17 do_deallocate_all()  for_alloc_copy.c:0
 2 0x000000000044cc00 process_allocation_records_deallocate()  for_alloc_copy.c:0
 3 0x000000000044bda5 do_deallocate_all()  for_alloc_copy.c:0
 4 0x0000000001b9dc1c f_esmf_compcollectgarbage2_()  ???:0
 5 0x00000000016ec4b2 ESMCI::VM::finalize()  /scratch2/NCEPDEV/stmp1/Gerhard.Theurich/ESMF-Nightly-Testing/intel_2023.1.0-oneAPI_intelmpi_g_release_8.6.0/esmf/src/Infrastructure/VM/src/ESMCI_VM.C:3515
 6 0x0000000001717247 c_esmc_vmfinalize_()  /scratch2/NCEPDEV/stmp1/Gerhard.Theurich/ESMF-Nightly-Testing/intel_2023.1.0-oneAPI_intelmpi_g_release_8.6.0/esmf/src/Infrastructure/VM/interface/ESMCI_VM_F.C:1241
 7 0x000000000270b13b c_esmc_vmfinalize_.t33799p.t33801p()  ifx6NCPTV.i90:0
 8 0x0000000002703452 esmf_vmmod_mp_esmf_vmfinalize_()  ???:0
 9 0x000000000233b37e esmf_initmod_mp_esmf_finalize_()  ???:0
10 0x00000000004167ee MAIN__()  ???:0
11 0x0000000000415a9d main()  ???:0
12 0x0000000000022555 __libc_start_main()  ???:0
13 0x00000000004159cb _start()  ???:0
=================================
forrtl: severe (174): SIGSEGV, segmentation fault occurred
Image              PC                Routine            Line        Source             
libpthread-2.17.s  00002B29A0892630  Unknown               Unknown  Unknown
mainApp            000000000044BC17  Unknown               Unknown  Unknown
mainApp            000000000044CC00  Unknown               Unknown  Unknown
mainApp            000000000044BDA5  Unknown               Unknown  Unknown
libesmf.so         00002B299B30AC1C  f_esmf_compcollec         516  ESMF_Comp_C.F90
libesmf.so         00002B299AE594B2  finalize                 3515  ESMCI_VM.C
libesmf.so         00002B299AE84247  c_esmc_vmfinalize        1241  ESMCI_VM_F.C
libesmf.so         00002B299BE7813B  c_esmc_vmfinalize           0  ESMF_VM.F90
libesmf.so         00002B299BE70452  esmf_vmfinalize          9474  ESMF_VM.F90
libesmf.so         00002B299BAA837E  esmf_finalize            1693  ESMF_Init.F90
mainApp            00000000004167EE  mainapp                   149  mainApp.F90
mainApp            0000000000415A9D  Unknown               Unknown  Unknown
libc-2.17.so       00002B29A1BE5555  __libc_start_main     Unknown  Unknown
mainApp            00000000004159CB  Unknown               Unknown  Unknown
srun: error: h21c37: tasks 0-1,3: Exited with exit code 174
srun: launch/slurm: _step_signal: Terminating StepId=51534826.375
slurmstepd: error: *** STEP 51534826.375 ON h21c37 CANCELLED AT 2023-11-07T08:23:14 ***
srun: error: h21c37: task 2: Exited with exit code 174
