2023-11-07 07:43:33
[h21c37:244060:0:244060] Caught signal 11 (Segmentation fault: address not mapped to object at address 0x7ffc5f27f008)
[h21c37:244062:0:244062] Caught signal 11 (Segmentation fault: address not mapped to object at address 0x7ffe83e4d000)
[h21c37:244063:0:244063] Caught signal 11 (Segmentation fault: address not mapped to object at address 0x7ffefa3ec000)
[h21c37:244061:0:244061] Caught signal 11 (Segmentation fault: address not mapped to object at address 0x7ffc2bac0008)
==== backtrace (tid: 244063) ====
 0 0x000000000004d455 ucs_debug_print_backtrace()  ???:0
 1 0x000000000044a527 do_deallocate_all()  for_alloc_copy.c:0
 2 0x000000000044b510 process_allocation_records_deallocate()  for_alloc_copy.c:0
 3 0x000000000044a6b5 do_deallocate_all()  for_alloc_copy.c:0
 4 0x0000000001b9dc1c f_esmf_compcollectgarbage2_()  ???:0
 5 0x00000000016ec4b2 ESMCI::VM::finalize()  /scratch2/NCEPDEV/stmp1/Gerhard.Theurich/ESMF-Nightly-Testing/intel_2023.1.0-oneAPI_intelmpi_g_release_8.6.0/esmf/src/Infrastructure/VM/src/ESMCI_VM.C:3515
 6 0x0000000001717247 c_esmc_vmfinalize_()  /scratch2/NCEPDEV/stmp1/Gerhard.Theurich/ESMF-Nightly-Testing/intel_2023.1.0-oneAPI_intelmpi_g_release_8.6.0/esmf/src/Infrastructure/VM/interface/ESMCI_VM_F.C:1241
 7 0x000000000270b13b c_esmc_vmfinalize_.t33799p.t33801p()  ifx6NCPTV.i90:0
 8 0x0000000002703452 esmf_vmmod_mp_esmf_vmfinalize_()  ???:0
 9 0x000000000233b37e esmf_initmod_mp_esmf_finalize_()  ???:0
10 0x00000000004162e9 MAIN__()  ???:0
11 0x00000000004158dd main()  ???:0
12 0x0000000000022555 __libc_start_main()  ???:0
13 0x000000000041580b _start()  ???:0
=================================
==== backtrace (tid: 244061) ====
 0 0x000000000004d455 ucs_debug_print_backtrace()  ???:0
 1 0x000000000044a551 do_deallocate_all()  for_alloc_copy.c:0
 2 0x000000000044b510 process_allocation_records_deallocate()  for_alloc_copy.c:0
 3 0x000000000044a6b5 do_deallocate_all()  for_alloc_copy.c:0
 4 0x0000000001b9dc1c f_esmf_compcollectgarbage2_()  ???:0
 5 0x00000000016ec4b2 ESMCI::VM::finalize()  /scratch2/NCEPDEV/stmp1/Gerhard.Theurich/ESMF-Nightly-Testing/intel_2023.1.0-oneAPI_intelmpi_g_release_8.6.0/esmf/src/Infrastructure/VM/src/ESMCI_VM.C:3515
 6 0x0000000001717247 c_esmc_vmfinalize_()  /scratch2/NCEPDEV/stmp1/Gerhard.Theurich/ESMF-Nightly-Testing/intel_2023.1.0-oneAPI_intelmpi_g_release_8.6.0/esmf/src/Infrastructure/VM/interface/ESMCI_VM_F.C:1241
 7 0x000000000270b13b c_esmc_vmfinalize_.t33799p.t33801p()  ifx6NCPTV.i90:0
 8 0x0000000002703452 esmf_vmmod_mp_esmf_vmfinalize_()  ???:0
 9 0x000000000233b37e esmf_initmod_mp_esmf_finalize_()  ???:0
10 0x00000000004162e9 MAIN__()  ???:0
11 0x00000000004158dd main()  ???:0
12 0x0000000000022555 __libc_start_main()  ???:0
13 0x000000000041580b _start()  ???:0
=================================
forrtl: severe (174): SIGSEGV, segmentation fault occurred
Image              PC                Routine            Line        Source             
libpthread-2.17.s  00002B4629DD9630  Unknown               Unknown  Unknown
mainApp            000000000044A527  Unknown               Unknown  Unknown
mainApp            000000000044B510  Unknown               Unknown  Unknown
mainApp            000000000044A6B5  Unknown               Unknown  Unknown
libesmf.so         00002B4624851C1C  f_esmf_compcollec         516  ESMF_Comp_C.F90
libesmf.so         00002B46243A04B2  finalize                 3515  ESMCI_VM.C
libesmf.so         00002B46243CB247  c_esmc_vmfinalize        1241  ESMCI_VM_F.C
libesmf.so         00002B46253BF13B  c_esmc_vmfinalize           0  ESMF_VM.F90
libesmf.so         00002B46253B7452  esmf_vmfinalize          9474  ESMF_VM.F90
libesmf.so         00002B4624FEF37E  esmf_finalize            1693  ESMF_Init.F90
mainApp            00000000004162E9  mainapp                   102  mainApp.F90
mainApp            00000000004158DD  Unknown               Unknown  Unknown
libc-2.17.so       00002B462B12C555  __libc_start_main     Unknown  Unknown
mainApp            000000000041580B  Unknown               Unknown  Unknown
forrtl: severe (174): SIGSEGV, segmentation fault occurred
Image              PC                Routine            Line        Source             
libpthread-2.17.s  00002AD1698ED630  Unknown               Unknown  Unknown
mainApp            000000000044A551  Unknown               Unknown  Unknown
mainApp            000000000044B510  Unknown               Unknown  Unknown
mainApp            000000000044A6B5  Unknown               Unknown  Unknown
libesmf.so         00002AD164365C1C  f_esmf_compcollec         516  ESMF_Comp_C.F90
libesmf.so         00002AD163EB44B2  finalize                 3515  ESMCI_VM.C
libesmf.so         00002AD163EDF247  c_esmc_vmfinalize        1241  ESMCI_VM_F.C
libesmf.so         00002AD164ED313B  c_esmc_vmfinalize           0  ESMF_VM.F90
libesmf.so         00002AD164ECB452  esmf_vmfinalize          9474  ESMF_VM.F90
libesmf.so         00002AD164B0337E  esmf_finalize            1693  ESMF_Init.F90
mainApp            00000000004162E9  mainapp                   102  mainApp.F90
mainApp            00000000004158DD  Unknown               Unknown  Unknown
libc-2.17.so       00002AD16AC40555  __libc_start_main     Unknown  Unknown
mainApp            000000000041580B  Unknown               Unknown  Unknown
==== backtrace (tid: 244062) ====
 0 0x000000000004d455 ucs_debug_print_backtrace()  ???:0
 1 0x000000000044a527 do_deallocate_all()  for_alloc_copy.c:0
 2 0x000000000044b510 process_allocation_records_deallocate()  for_alloc_copy.c:0
 3 0x000000000044a6b5 do_deallocate_all()  for_alloc_copy.c:0
 4 0x0000000001b9dc1c f_esmf_compcollectgarbage2_()  ???:0
 5 0x00000000016ec4b2 ESMCI::VM::finalize()  /scratch2/NCEPDEV/stmp1/Gerhard.Theurich/ESMF-Nightly-Testing/intel_2023.1.0-oneAPI_intelmpi_g_release_8.6.0/esmf/src/Infrastructure/VM/src/ESMCI_VM.C:3515
 6 0x0000000001717247 c_esmc_vmfinalize_()  /scratch2/NCEPDEV/stmp1/Gerhard.Theurich/ESMF-Nightly-Testing/intel_2023.1.0-oneAPI_intelmpi_g_release_8.6.0/esmf/src/Infrastructure/VM/interface/ESMCI_VM_F.C:1241
 7 0x000000000270b13b c_esmc_vmfinalize_.t33799p.t33801p()  ifx6NCPTV.i90:0
 8 0x0000000002703452 esmf_vmmod_mp_esmf_vmfinalize_()  ???:0
 9 0x000000000233b37e esmf_initmod_mp_esmf_finalize_()  ???:0
10 0x00000000004162e9 MAIN__()  ???:0
11 0x00000000004158dd main()  ???:0
12 0x0000000000022555 __libc_start_main()  ???:0
13 0x000000000041580b _start()  ???:0
=================================
==== backtrace (tid: 244060) ====
 0 0x000000000004d455 ucs_debug_print_backtrace()  ???:0
 1 0x000000000044a551 do_deallocate_all()  for_alloc_copy.c:0
 2 0x000000000044b510 process_allocation_records_deallocate()  for_alloc_copy.c:0
 3 0x000000000044a6b5 do_deallocate_all()  for_alloc_copy.c:0
 4 0x0000000001b9dc1c f_esmf_compcollectgarbage2_()  ???:0
 5 0x00000000016ec4b2 ESMCI::VM::finalize()  /scratch2/NCEPDEV/stmp1/Gerhard.Theurich/ESMF-Nightly-Testing/intel_2023.1.0-oneAPI_intelmpi_g_release_8.6.0/esmf/src/Infrastructure/VM/src/ESMCI_VM.C:3515
 6 0x0000000001717247 c_esmc_vmfinalize_()  /scratch2/NCEPDEV/stmp1/Gerhard.Theurich/ESMF-Nightly-Testing/intel_2023.1.0-oneAPI_intelmpi_g_release_8.6.0/esmf/src/Infrastructure/VM/interface/ESMCI_VM_F.C:1241
 7 0x000000000270b13b c_esmc_vmfinalize_.t33799p.t33801p()  ifx6NCPTV.i90:0
 8 0x0000000002703452 esmf_vmmod_mp_esmf_vmfinalize_()  ???:0
 9 0x000000000233b37e esmf_initmod_mp_esmf_finalize_()  ???:0
10 0x00000000004162e9 MAIN__()  ???:0
11 0x00000000004158dd main()  ???:0
12 0x0000000000022555 __libc_start_main()  ???:0
13 0x000000000041580b _start()  ???:0
=================================
forrtl: severe (174): SIGSEGV, segmentation fault occurred
Image              PC                Routine            Line        Source             
libpthread-2.17.s  00002B5523ECF630  Unknown               Unknown  Unknown
mainApp            000000000044A551  Unknown               Unknown  Unknown
mainApp            000000000044B510  Unknown               Unknown  Unknown
mainApp            000000000044A6B5  Unknown               Unknown  Unknown
libesmf.so         00002B551E947C1C  f_esmf_compcollec         516  ESMF_Comp_C.F90
libesmf.so         00002B551E4964B2  finalize                 3515  ESMCI_VM.C
libesmf.so         00002B551E4C1247  c_esmc_vmfinalize        1241  ESMCI_VM_F.C
libesmf.so         00002B551F4B513B  c_esmc_vmfinalize           0  ESMF_VM.F90
libesmf.so         00002B551F4AD452  esmf_vmfinalize          9474  ESMF_VM.F90
libesmf.so         00002B551F0E537E  esmf_finalize            1693  ESMF_Init.F90
mainApp            00000000004162E9  mainapp                   102  mainApp.F90
mainApp            00000000004158DD  Unknown               Unknown  Unknown
libc-2.17.so       00002B5525222555  __libc_start_main     Unknown  Unknown
mainApp            000000000041580B  Unknown               Unknown  Unknown
forrtl: severe (174): SIGSEGV, segmentation fault occurred
Image              PC                Routine            Line        Source             
libpthread-2.17.s  00002B6712917630  Unknown               Unknown  Unknown
mainApp            000000000044A527  Unknown               Unknown  Unknown
mainApp            000000000044B510  Unknown               Unknown  Unknown
mainApp            000000000044A6B5  Unknown               Unknown  Unknown
libesmf.so         00002B670D38FC1C  f_esmf_compcollec         516  ESMF_Comp_C.F90
libesmf.so         00002B670CEDE4B2  finalize                 3515  ESMCI_VM.C
libesmf.so         00002B670CF09247  c_esmc_vmfinalize        1241  ESMCI_VM_F.C
libesmf.so         00002B670DEFD13B  c_esmc_vmfinalize           0  ESMF_VM.F90
libesmf.so         00002B670DEF5452  esmf_vmfinalize          9474  ESMF_VM.F90
libesmf.so         00002B670DB2D37E  esmf_finalize            1693  ESMF_Init.F90
mainApp            00000000004162E9  mainapp                   102  mainApp.F90
mainApp            00000000004158DD  Unknown               Unknown  Unknown
libc-2.17.so       00002B6713C6A555  __libc_start_main     Unknown  Unknown
mainApp            000000000041580B  Unknown               Unknown  Unknown
srun: error: h21c37: tasks 1,3: Exited with exit code 174
srun: launch/slurm: _step_signal: Terminating StepId=51534826.387
slurmstepd: error: *** STEP 51534826.387 ON h21c37 CANCELLED AT 2023-11-07T08:24:56 ***
srun: error: h21c37: tasks 0,2: Exited with exit code 174
