2023-10-28 07:43:35
20231028 082526.810 INFO             PET0 !!!!!!!!!!!!!!!!!!!!!!!!!!!!!!!!!!!!!!!!!!!!!!!!!!!!!!
20231028 082526.810 INFO             PET0 !!! THE ESMF_LOG IS SET TO OUTPUT ALL LOG MESSAGES !!!
20231028 082526.810 INFO             PET0 !!!     THIS MAY CAUSE SLOWDOWN IN PERFORMANCE     !!!
20231028 082526.810 INFO             PET0 !!! FOR PRODUCTION RUNS, USE:                      !!!
20231028 082526.810 INFO             PET0 !!!                   ESMF_LOGKIND_Multi_On_Error  !!!
20231028 082526.810 INFO             PET0 !!!!!!!!!!!!!!!!!!!!!!!!!!!!!!!!!!!!!!!!!!!!!!!!!!!!!!
20231028 082526.810 INFO             PET0 Running with ESMF Version   : v8.6.0b13
20231028 082526.810 INFO             PET0 ESMF library build date/time: "Oct 28 2023" "07:41:27"
20231028 082526.810 INFO             PET0 ESMF library build location : /scratch2/NCEPDEV/stmp1/Gerhard.Theurich/ESMF-Nightly-Testing/intel_2023.1.0-oneAPI_intelmpi_g_release_8.6.0/esmf
20231028 082526.810 INFO             PET0 ESMF_COMM                   : intelmpi
20231028 082526.811 INFO             PET0 ESMF_MOAB                   : enabled
20231028 082526.811 INFO             PET0 ESMF_LAPACK                 : enabled
20231028 082526.811 INFO             PET0 ESMF_NETCDF                 : enabled
20231028 082526.811 INFO             PET0 ESMF_PNETCDF                : disabled
20231028 082526.811 INFO             PET0 ESMF_PIO                    : enabled
20231028 082526.811 INFO             PET0 ESMF_YAMLCPP                : enabled
20231028 082526.812 INFO             PET0 mainApp STARTING
20231028 082526.817 INFO             PET0 driver: InitializeGeneric intro.
20231028 082526.817 INFO             PET0   driver: InitializeP0 intro.
20231028 082526.817 INFO             PET0   driver: InitializeP0 extro.
20231028 082526.817 INFO             PET0   driver: InitializeIPDv02p1 intro.
20231028 082526.817 INFO             PET0     >>>driver: entered Initialize (phase=<none>) without valid internal Clock.
20231028 082526.818 INFO             PET0     driver - Creating model component MODEL without petList.
20231028 082526.820 INFO             PET0      GridCompIsPetLocal:  T
20231028 082526.820 INFO             PET0      VmIsCreated:  T
20231028 082526.820 INFO             PET0      valid MPI_COMM with size=           4
20231028 082526.821 INFO             PET0     driver - Creating state: modelComp 1 Import State
20231028 082526.821 INFO             PET0     driver - Creating state: modelComp 1 Export State
20231028 082526.821 INFO             PET0     MODEL: InitializeP0 intro.
20231028 082526.821 INFO             PET0       >>>MODEL: entered Initialize (phase=<none>) without valid internal Clock.
20231028 082526.822 INFO             PET0       <<<MODEL: leaving Initialize (phase=<none>) without valid internal Clock.
20231028 082526.822 INFO             PET0     MODEL: InitializeP0 extro.
20231028 082526.824 INFO             PET0     driver: IInitAdvertise intro.
20231028 082526.824 INFO             PET0     driver: IInitAdvertise extro.
20231028 082526.824 INFO             PET0     MODEL: InitializeIPDvXp01 intro.
20231028 082526.824 INFO             PET0       >>>MODEL: entered Initialize (phase=IPDvXp01) without valid internal Clock.
20231028 082526.826 INFO             PET0       <<<MODEL: leaving Initialize (phase=IPDvXp01) without valid internal Clock.
20231028 082526.826 INFO             PET0     MODEL: InitializeIPDvXp01 extro.
20231028 082526.826 INFO             PET0     driver: IInitAdvertiseFinish intro.
20231028 082526.826 INFO             PET0     driver: IInitAdvertiseFinish extro.
20231028 082526.826 INFO             PET0     driver: IInitModifyCplLists intro.
20231028 082526.826 INFO             PET0     driver: IInitModifyCplLists extro.
20231028 082526.827 INFO             PET0     <<<driver: leaving Initialize (phase=<none>) with current time:    0  1  1  0  0  0   0
20231028 082526.827 INFO             PET0   driver: InitializeIPDv02p1 extro.
20231028 082526.827 INFO             PET0   driver: InitializeIPDv02p3 intro.
20231028 082526.827 INFO             PET0     >>>driver: entered Initialize (phase=<none>) with current time:    0  1  1  0  0  0   0
20231028 082526.827 INFO             PET0     driver: IInitCheck intro.
20231028 082526.827 INFO             PET0     driver: IInitCheck extro.
20231028 082526.827 INFO             PET0     MODEL: InitializeIPDvXp04 intro.
20231028 082526.827 INFO             PET0       >>>MODEL: entered Initialize (phase=IPDvXp04) without valid internal Clock.
20231028 082526.830 INFO             PET0       After Realize: - MemInfo: [/proc/meminfo - SSI]	MemTotal:       97470520 kB
20231028 082526.830 INFO             PET0       After Realize: - MemInfo: [/proc/meminfo - SSI]	MemFree:        85865760 kB
20231028 082526.830 INFO             PET0       After Realize: - MemInfo: [/proc/meminfo - SSI]	MemAvailable:   89618680 kB
20231028 082526.830 INFO             PET0       After Realize: - MemInfo: [/proc/meminfo - SSI]	Committed_AS:    1869012 kB
20231028 082526.830 INFO             PET0       After Realize: - MemInfo: [/proc/meminfo - SSI]	CommittedPercent: 1.91752 %
20231028 082526.830 INFO             PET0       After Realize: - MemInfo: [/proc/self/status]	VmPeak:	 2757040 kB
20231028 082526.830 INFO             PET0       After Realize: - MemInfo: [/proc/self/status]	VmSize:	 2757040 kB
20231028 082526.830 INFO             PET0       After Realize: - MemInfo: [/proc/self/status]	VmLck:	       0 kB
20231028 082526.830 INFO             PET0       After Realize: - MemInfo: [/proc/self/status]	VmPin:	   82044 kB
20231028 082526.830 INFO             PET0       After Realize: - MemInfo: [/proc/self/status]	VmHWM:	  171956 kB
20231028 082526.830 INFO             PET0       After Realize: - MemInfo: [/proc/self/status]	VmRSS:	  171956 kB
20231028 082526.830 INFO             PET0       After Realize: - MemInfo: [/proc/self/status]	VmData:	  225476 kB
20231028 082526.830 INFO             PET0       After Realize: - MemInfo: [/proc/self/status]	VmStk:	     200 kB
20231028 082526.830 INFO             PET0       After Realize: - MemInfo: [/proc/self/status]	VmExe:	    1096 kB
20231028 082526.830 INFO             PET0       After Realize: - MemInfo: [/proc/self/status]	VmLib:	  117284 kB
20231028 082526.830 INFO             PET0       After Realize: - MemInfo: [/proc/self/status]	VmPTE:	     808 kB
20231028 082526.830 INFO             PET0       After Realize: - MemInfo: [/proc/self/status]	VmSwap:	       0 kB
20231028 082526.830 INFO             PET0       After Realize: - MemInfo: [/proc/self/status]	VmRSSPercent: 0.176418 %
20231028 082526.830 INFO             PET0       After Realize: - MemInfo: [malloc] Non-mmapped space allocated:                 1298432 Byte
20231028 082526.830 INFO             PET0       After Realize: - MemInfo: [malloc] Space allocated in mmapped regions:         88080384 Byte
20231028 082526.830 INFO             PET0       After Realize: - MemInfo: [malloc] Maximum total allocated space:                     0 Byte
20231028 082526.830 INFO             PET0       After Realize: - MemInfo: [malloc] Space in freed fastbin blocks:                  1152 Byte
20231028 082526.830 INFO             PET0       After Realize: - MemInfo: [malloc] Total allocated space:                       1280784 Byte
20231028 082526.830 INFO             PET0       After Realize: - MemInfo: [malloc] Total free space:                              17648 Byte
20231028 082526.830 INFO             PET0       After Realize: - MemInfo: [malloc] Top-most, releasable space:                    16304 Byte
20231028 082526.830 INFO             PET0       After Realize: - MemInfo: [malloc] Total space in use, mmap + non-mmap:        89361168 Byte
20231028 082526.830 INFO             PET0       After Realize: - MemInfo: [malloc] Total space held (mmap + non-mmap):         89378816 Byte
20231028 082526.830 INFO             PET0       After Realize: - MemInfo: [malloc] Total space used (mmap + non-mmap):         89370512 Byte
20231028 082526.830 INFO             PET0       After Realize: - MemInfo: Wall-clock time since execution start:              0.0368428 seconds
20231028 082526.830 INFO             PET0       <<<MODEL: leaving Initialize (phase=IPDvXp04) without valid internal Clock.
20231028 082526.830 INFO             PET0     MODEL: InitializeIPDvXp04 extro.
20231028 082526.831 INFO             PET0     driver: IInitRealize intro.
20231028 082526.831 INFO             PET0     driver: IInitRealize extro.
20231028 082526.831 INFO             PET0     MODEL: InitializeIPDvXp07 intro.
20231028 082526.831 INFO             PET0       >>>MODEL: entered Initialize (phase=IPDvXp07) without valid internal Clock.
20231028 082526.832 INFO             PET0       <<<MODEL: leaving Initialize (phase=IPDvXp07) with current time:    0  1  1  0  0  0   0
20231028 082526.832 INFO             PET0     MODEL: InitializeIPDvXp07 extro.
20231028 082526.832 INFO             PET0     <<<driver: leaving Initialize (phase=<none>) with current time:    0  1  1  0  0  0   0
20231028 082526.832 INFO             PET0   driver: InitializeIPDv02p3 extro.
20231028 082526.832 INFO             PET0   driver: InitializeIPDv02p5 intro.
20231028 082526.832 INFO             PET0     >>>driver: entered Initialize (phase=<none>) with current time:    0  1  1  0  0  0   0
20231028 082526.832 INFO             PET0     driver: this is a top level driver, no 'Updated' and 'InitializeDataComplete' info on this level.
20231028 082526.832 INFO             PET0     driver: InitializeIPDv02p5Data intro.
20231028 082526.832 INFO             PET0       driver: InternalInitializeComplete intro.
20231028 082526.832 INFO             PET0         driver: InitializeDataComplete='true'
20231028 082526.832 INFO             PET0       driver: InternalInitializeComplete extro.
20231028 082526.832 INFO             PET0       MODEL: InitializeIPDvXp08 intro.
20231028 082526.832 INFO             PET0         >>>MODEL: entered Initialize (phase=IPDv05p8) with current time:    0  1  1  0  0  0   0
20231028 082526.832 INFO             PET0         MODEL: InitializeDataProgress='false', InitializeDataComplete='false'
20231028 082526.833 INFO             PET0         <<<MODEL: leaving Initialize (phase=IPDv05p8) with current time:    0  1  1  0  0  0   0
20231028 082526.833 INFO             PET0       MODEL: InitializeIPDvXp08 extro.
20231028 082526.834 INFO             PET0       driver: components present that trigger loopDataDependentInitialize().
20231028 082526.834 INFO             PET0       driver: loopDataDependentInitialize intro.
20231028 082526.834 INFO             PET0         driver: component    0=driver, dataComplete (local): true
20231028 082526.834 INFO             PET0         driver: component    0=driver, dataComplete (global):  T
20231028 082526.835 INFO             PET0         driver: component    1=MODEL, dataComplete (local): false
20231028 082526.835 INFO             PET0         driver: component    1=MODEL, dataComplete (global):  F
20231028 082526.835 INFO             PET0         MODEL: InitializeIPDvXp08 intro.
20231028 082526.835 INFO             PET0           >>>MODEL: entered Initialize (phase=IPDv05p8) with current time:    0  1  1  0  0  0   0
20231028 082526.835 INFO             PET0           MODEL: InitializeDataProgress='true', InitializeDataComplete='true'
20231028 082526.835 INFO             PET0           <<<MODEL: leaving Initialize (phase=IPDv05p8) with current time:    0  1  1  0  0  0   0
20231028 082526.835 INFO             PET0         MODEL: InitializeIPDvXp08 extro.
20231028 082526.835 INFO             PET0         driver: component    1=MODEL, someProgress (local): true
20231028 082526.836 INFO             PET0         driver: component    1=MODEL, someProgress (global):  T
20231028 082526.836 INFO             PET0         driver: someProgress= T, allComplete= F, present(dataDepAllComplete)= T
20231028 082526.836 INFO             PET0         driver: component    0=driver, dataComplete (local): true
20231028 082526.836 INFO             PET0         driver: component    0=driver, dataComplete (global):  T
20231028 082526.836 INFO             PET0         driver: component    1=MODEL, dataComplete (local): true
20231028 082526.836 INFO             PET0         driver: component    1=MODEL, dataComplete (global):  T
20231028 082526.836 INFO             PET0         driver: someProgress= F, allComplete= T, present(dataDepAllComplete)= T
20231028 082526.836 INFO             PET0         driver: finished resolving initialize data dependencies on this level.
20231028 082526.836 INFO             PET0       driver: loopDataDependentInitialize extro.
20231028 082526.836 INFO             PET0       driver: loopDataDependentInitialize() returned with dataDepAllComplete:  T
20231028 082526.836 INFO             PET0     driver: InitializeIPDv02p5Data extro.
20231028 082526.836 INFO             PET0     <<<driver: leaving Initialize (phase=<none>) with current time:    0  1  1  0  0  0   0
20231028 082526.836 INFO             PET0   driver: InitializeIPDv02p5 extro.
20231028 082526.836 INFO             PET0 driver: InitializeGeneric extro.
20231028 082526.836 INFO             PET0 driver: Run intro.
20231028 082526.836 INFO             PET0   >>>driver entered Run (phase=RunPhase1) with current time:    0  1  1  0  0  0   0
20231028 082526.836 INFO             PET0   driver: after lable_SetRunClock, current time:    0  1  1  0  0  0   0
20231028 082526.836 INFO             PET0   driver: begin -------> RunSequence.
20231028 082526.836 INFO             PET0     driver: RunSequence event loopLevel=   1  levelMember=   1  loopIteration=   1, current time:    0  1  1  0  0  0   0
20231028 082526.836 INFO             PET0     MODEL: Run intro.
20231028 082526.836 INFO             PET0       >>>MODEL: entered Run (phase=RunPhase1) with current time:    0  1  1  0  0  0   0
20231028 082526.836 INFO             PET0       MODEL: time step-loop starting, current time:    0  1  1  0  0  0   0
20231028 082526.837 INFO             PET0       thread_num=   1   currentSsiPe=   0   num_threads=   3   max_threads=   3   num_procs=   2
20231028 082526.837 INFO             PET0       thread_num=   0   currentSsiPe=  40   num_threads=   3   max_threads=   3   num_procs=   2
20231028 082526.845 INFO             PET0       thread_num=   2   currentSsiPe=  40   num_threads=   3   max_threads=   3   num_procs=   2
20231028 082526.845 INFO             PET0       ---->Advancing Model from:    0  1  1  0  0  0   0
20231028 082526.845 INFO             PET0       ---------------------> to:    0  1  1  0  0 30   0
20231028 082526.845 INFO             PET0       MODEL: time step-loop ending,   current time:    0  1  1  0  0 30   0
20231028 082526.845 INFO             PET0       <<<MODEL: leaving Run (phase=RunPhase1) with current time:    0  1  1  0  0 30   0
20231028 082526.845 INFO             PET0     MODEL: Run extro.
20231028 082526.845 INFO             PET0     driver: RunSequence event loopLevel=   1  levelMember=   1  loopIteration=   2, current time:    0  1  1  0  0 30   0
20231028 082526.845 INFO             PET0     MODEL: Run intro.
20231028 082526.845 INFO             PET0       >>>MODEL: entered Run (phase=RunPhase1) with current time:    0  1  1  0  0 30   0
20231028 082526.845 INFO             PET0       MODEL: time step-loop starting, current time:    0  1  1  0  0 30   0
20231028 082526.845 INFO             PET0       thread_num=   0   currentSsiPe=  40   num_threads=   3   max_threads=   3   num_procs=   2
20231028 082526.845 INFO             PET0       thread_num=   1   currentSsiPe=   0   num_threads=   3   max_threads=   3   num_procs=   2
20231028 082526.845 INFO             PET0       thread_num=   2   currentSsiPe=  40   num_threads=   3   max_threads=   3   num_procs=   2
20231028 082526.845 INFO             PET0       ---->Advancing Model from:    0  1  1  0  0 30   0
20231028 082526.845 INFO             PET0       ---------------------> to:    0  1  1  0  1  0   0
20231028 082526.845 INFO             PET0       MODEL: time step-loop ending,   current time:    0  1  1  0  1  0   0
20231028 082526.845 INFO             PET0       <<<MODEL: leaving Run (phase=RunPhase1) with current time:    0  1  1  0  1  0   0
20231028 082526.845 INFO             PET0     MODEL: Run extro.
20231028 082526.846 INFO             PET0     driver: RunSequence event loopLevel=   1  levelMember=   1  loopIteration=   3, current time:    0  1  1  0  1  0   0
20231028 082526.846 INFO             PET0     MODEL: Run intro.
20231028 082526.846 INFO             PET0       >>>MODEL: entered Run (phase=RunPhase1) with current time:    0  1  1  0  1  0   0
20231028 082526.846 INFO             PET0       MODEL: time step-loop starting, current time:    0  1  1  0  1  0   0
20231028 082526.846 INFO             PET0       thread_num=   0   currentSsiPe=  40   num_threads=   3   max_threads=   3   num_procs=   2
20231028 082526.846 INFO             PET0       thread_num=   1   currentSsiPe=   0   num_threads=   3   max_threads=   3   num_procs=   2
20231028 082526.846 INFO             PET0       thread_num=   2   currentSsiPe=  40   num_threads=   3   max_threads=   3   num_procs=   2
20231028 082526.846 INFO             PET0       ---->Advancing Model from:    0  1  1  0  1  0   0
20231028 082526.846 INFO             PET0       ---------------------> to:    0  1  1  0  1 30   0
20231028 082526.846 INFO             PET0       MODEL: time step-loop ending,   current time:    0  1  1  0  1 30   0
20231028 082526.846 INFO             PET0       <<<MODEL: leaving Run (phase=RunPhase1) with current time:    0  1  1  0  1 30   0
20231028 082526.846 INFO             PET0     MODEL: Run extro.
20231028 082526.846 INFO             PET0     driver: RunSequence event loopLevel=   1  levelMember=   1  loopIteration=   4, current time:    0  1  1  0  1 30   0
20231028 082526.847 INFO             PET0     MODEL: Run intro.
20231028 082526.847 INFO             PET0       >>>MODEL: entered Run (phase=RunPhase1) with current time:    0  1  1  0  1 30   0
20231028 082526.847 INFO             PET0       MODEL: time step-loop starting, current time:    0  1  1  0  1 30   0
20231028 082526.847 INFO             PET0       thread_num=   0   currentSsiPe=  40   num_threads=   3   max_threads=   3   num_procs=   2
20231028 082526.847 INFO             PET0       thread_num=   1   currentSsiPe=   0   num_threads=   3   max_threads=   3   num_procs=   2
20231028 082526.847 INFO             PET0       thread_num=   2   currentSsiPe=  40   num_threads=   3   max_threads=   3   num_procs=   2
20231028 082526.847 INFO             PET0       ---->Advancing Model from:    0  1  1  0  1 30   0
20231028 082526.847 INFO             PET0       ---------------------> to:    0  1  1  0  2  0   0
20231028 082526.847 INFO             PET0       MODEL: time step-loop ending,   current time:    0  1  1  0  2  0   0
20231028 082526.847 INFO             PET0       <<<MODEL: leaving Run (phase=RunPhase1) with current time:    0  1  1  0  2  0   0
20231028 082526.847 INFO             PET0     MODEL: Run extro.
20231028 082526.847 INFO             PET0     driver: RunSequence event loopLevel=   1  levelMember=   1  loopIteration=   5, current time:    0  1  1  0  2  0   0
20231028 082526.847 INFO             PET0     MODEL: Run intro.
20231028 082526.847 INFO             PET0       >>>MODEL: entered Run (phase=RunPhase1) with current time:    0  1  1  0  2  0   0
20231028 082526.847 INFO             PET0       MODEL: time step-loop starting, current time:    0  1  1  0  2  0   0
20231028 082526.847 INFO             PET0       thread_num=   0   currentSsiPe=  40   num_threads=   3   max_threads=   3   num_procs=   2
20231028 082526.847 INFO             PET0       thread_num=   1   currentSsiPe=   0   num_threads=   3   max_threads=   3   num_procs=   2
20231028 082526.847 INFO             PET0       thread_num=   2   currentSsiPe=  40   num_threads=   3   max_threads=   3   num_procs=   2
20231028 082526.847 INFO             PET0       ---->Advancing Model from:    0  1  1  0  2  0   0
20231028 082526.847 INFO             PET0       ---------------------> to:    0  1  1  0  2 30   0
20231028 082526.848 INFO             PET0       MODEL: time step-loop ending,   current time:    0  1  1  0  2 30   0
20231028 082526.848 INFO             PET0       <<<MODEL: leaving Run (phase=RunPhase1) with current time:    0  1  1  0  2 30   0
20231028 082526.848 INFO             PET0     MODEL: Run extro.
20231028 082526.848 INFO             PET0   driver: end <--------- RunSequence
20231028 082526.848 INFO             PET0   <<<driver - leaving Run with current time:    0  1  1  0  2 30   0
20231028 082526.848 INFO             PET0 driver: Run extro.
20231028 082526.848 INFO             PET0 driver: Finalize intro.
20231028 082526.848 INFO             PET0   Calling Finalize phase 1 for modelComp: MODEL
20231028 082526.848 INFO             PET0   MODEL: Finalize intro.
20231028 082526.848 INFO             PET0     >>>MODEL: entered Finalize (phase=FinalizePhase1) with current time:    0  1  1  0  2 30   0
20231028 082526.849 INFO             PET0     <<<MODEL: leaving Finalize (phase=FinalizePhase1) with current time:    0  1  1  0  2 30   0
20231028 082526.849 INFO             PET0   MODEL: Finalize extro.
20231028 082526.849 INFO             PET0   Delete modelComp: MODEL
20231028 082526.849 INFO             PET0   Delete Import-/Export State for modelComp: MODEL
20231028 082526.849 INFO             PET0 driver: Finalize extro.
20231028 082526.849 INFO             PET0 mainApp FINISHED
20231028 082526.849 INFO             PET0  Finalizing ESMF
20231028 082526.812 INFO             PET1 !!!!!!!!!!!!!!!!!!!!!!!!!!!!!!!!!!!!!!!!!!!!!!!!!!!!!!
20231028 082526.812 INFO             PET1 !!! THE ESMF_LOG IS SET TO OUTPUT ALL LOG MESSAGES !!!
20231028 082526.812 INFO             PET1 !!!     THIS MAY CAUSE SLOWDOWN IN PERFORMANCE     !!!
20231028 082526.812 INFO             PET1 !!! FOR PRODUCTION RUNS, USE:                      !!!
20231028 082526.812 INFO             PET1 !!!                   ESMF_LOGKIND_Multi_On_Error  !!!
20231028 082526.812 INFO             PET1 !!!!!!!!!!!!!!!!!!!!!!!!!!!!!!!!!!!!!!!!!!!!!!!!!!!!!!
20231028 082526.812 INFO             PET1 Running with ESMF Version   : v8.6.0b13
20231028 082526.812 INFO             PET1 ESMF library build date/time: "Oct 28 2023" "07:41:27"
20231028 082526.812 INFO             PET1 ESMF library build location : /scratch2/NCEPDEV/stmp1/Gerhard.Theurich/ESMF-Nightly-Testing/intel_2023.1.0-oneAPI_intelmpi_g_release_8.6.0/esmf
20231028 082526.812 INFO             PET1 ESMF_COMM                   : intelmpi
20231028 082526.812 INFO             PET1 ESMF_MOAB                   : enabled
20231028 082526.812 INFO             PET1 ESMF_LAPACK                 : enabled
20231028 082526.812 INFO             PET1 ESMF_NETCDF                 : enabled
20231028 082526.812 INFO             PET1 ESMF_PNETCDF                : disabled
20231028 082526.812 INFO             PET1 ESMF_PIO                    : enabled
20231028 082526.812 INFO             PET1 ESMF_YAMLCPP                : enabled
20231028 082526.812 INFO             PET1 mainApp STARTING
20231028 082526.817 INFO             PET1 driver: InitializeGeneric intro.
20231028 082526.817 INFO             PET1   driver: InitializeP0 intro.
20231028 082526.817 INFO             PET1   driver: InitializeP0 extro.
20231028 082526.818 INFO             PET1   driver: InitializeIPDv02p1 intro.
20231028 082526.818 INFO             PET1     >>>driver: entered Initialize (phase=<none>) without valid internal Clock.
20231028 082526.818 INFO             PET1     driver - Creating model component MODEL without petList.
20231028 082526.821 INFO             PET1      GridCompIsPetLocal:  T
20231028 082526.821 INFO             PET1      VmIsCreated:  T
20231028 082526.821 INFO             PET1      valid MPI_COMM with size=           4
20231028 082526.821 INFO             PET1     driver - Creating state: modelComp 1 Import State
20231028 082526.821 INFO             PET1     driver - Creating state: modelComp 1 Export State
20231028 082526.822 INFO             PET1     MODEL: InitializeP0 intro.
20231028 082526.822 INFO             PET1       >>>MODEL: entered Initialize (phase=<none>) without valid internal Clock.
20231028 082526.823 INFO             PET1       <<<MODEL: leaving Initialize (phase=<none>) without valid internal Clock.
20231028 082526.823 INFO             PET1     MODEL: InitializeP0 extro.
20231028 082526.825 INFO             PET1     driver: IInitAdvertise intro.
20231028 082526.825 INFO             PET1     driver: IInitAdvertise extro.
20231028 082526.825 INFO             PET1     MODEL: InitializeIPDvXp01 intro.
20231028 082526.825 INFO             PET1       >>>MODEL: entered Initialize (phase=IPDvXp01) without valid internal Clock.
20231028 082526.826 INFO             PET1       <<<MODEL: leaving Initialize (phase=IPDvXp01) without valid internal Clock.
20231028 082526.826 INFO             PET1     MODEL: InitializeIPDvXp01 extro.
20231028 082526.827 INFO             PET1     driver: IInitAdvertiseFinish intro.
20231028 082526.827 INFO             PET1     driver: IInitAdvertiseFinish extro.
20231028 082526.827 INFO             PET1     driver: IInitModifyCplLists intro.
20231028 082526.828 INFO             PET1     driver: IInitModifyCplLists extro.
20231028 082526.828 INFO             PET1     <<<driver: leaving Initialize (phase=<none>) with current time:    0  1  1  0  0  0   0
20231028 082526.828 INFO             PET1   driver: InitializeIPDv02p1 extro.
20231028 082526.828 INFO             PET1   driver: InitializeIPDv02p3 intro.
20231028 082526.828 INFO             PET1     >>>driver: entered Initialize (phase=<none>) with current time:    0  1  1  0  0  0   0
20231028 082526.828 INFO             PET1     driver: IInitCheck intro.
20231028 082526.828 INFO             PET1     driver: IInitCheck extro.
20231028 082526.828 INFO             PET1     MODEL: InitializeIPDvXp04 intro.
20231028 082526.828 INFO             PET1       >>>MODEL: entered Initialize (phase=IPDvXp04) without valid internal Clock.
20231028 082526.831 INFO             PET1       After Realize: - MemInfo: [/proc/meminfo - SSI]	MemTotal:       97470520 kB
20231028 082526.831 INFO             PET1       After Realize: - MemInfo: [/proc/meminfo - SSI]	MemFree:        85865760 kB
20231028 082526.831 INFO             PET1       After Realize: - MemInfo: [/proc/meminfo - SSI]	MemAvailable:   89618680 kB
20231028 082526.831 INFO             PET1       After Realize: - MemInfo: [/proc/meminfo - SSI]	Committed_AS:    1869012 kB
20231028 082526.831 INFO             PET1       After Realize: - MemInfo: [/proc/meminfo - SSI]	CommittedPercent: 1.91752 %
20231028 082526.831 INFO             PET1       After Realize: - MemInfo: [/proc/self/status]	VmPeak:	 2754996 kB
20231028 082526.831 INFO             PET1       After Realize: - MemInfo: [/proc/self/status]	VmSize:	 2754996 kB
20231028 082526.831 INFO             PET1       After Realize: - MemInfo: [/proc/self/status]	VmLck:	       0 kB
20231028 082526.831 INFO             PET1       After Realize: - MemInfo: [/proc/self/status]	VmPin:	   82044 kB
20231028 082526.831 INFO             PET1       After Realize: - MemInfo: [/proc/self/status]	VmHWM:	  170064 kB
20231028 082526.831 INFO             PET1       After Realize: - MemInfo: [/proc/self/status]	VmRSS:	  170064 kB
20231028 082526.831 INFO             PET1       After Realize: - MemInfo: [/proc/self/status]	VmData:	  223428 kB
20231028 082526.831 INFO             PET1       After Realize: - MemInfo: [/proc/self/status]	VmStk:	     204 kB
20231028 082526.831 INFO             PET1       After Realize: - MemInfo: [/proc/self/status]	VmExe:	    1096 kB
20231028 082526.831 INFO             PET1       After Realize: - MemInfo: [/proc/self/status]	VmLib:	  117284 kB
20231028 082526.831 INFO             PET1       After Realize: - MemInfo: [/proc/self/status]	VmPTE:	     828 kB
20231028 082526.831 INFO             PET1       After Realize: - MemInfo: [/proc/self/status]	VmSwap:	       0 kB
20231028 082526.831 INFO             PET1       After Realize: - MemInfo: [/proc/self/status]	VmRSSPercent: 0.174477 %
20231028 082526.831 INFO             PET1       After Realize: - MemInfo: [malloc] Non-mmapped space allocated:                 1298432 Byte
20231028 082526.831 INFO             PET1       After Realize: - MemInfo: [malloc] Space allocated in mmapped regions:         88080384 Byte
20231028 082526.831 INFO             PET1       After Realize: - MemInfo: [malloc] Maximum total allocated space:                     0 Byte
20231028 082526.831 INFO             PET1       After Realize: - MemInfo: [malloc] Space in freed fastbin blocks:                  1152 Byte
20231028 082526.831 INFO             PET1       After Realize: - MemInfo: [malloc] Total allocated space:                       1280416 Byte
20231028 082526.831 INFO             PET1       After Realize: - MemInfo: [malloc] Total free space:                              18016 Byte
20231028 082526.831 INFO             PET1       After Realize: - MemInfo: [malloc] Top-most, releasable space:                    16672 Byte
20231028 082526.831 INFO             PET1       After Realize: - MemInfo: [malloc] Total space in use, mmap + non-mmap:        89360800 Byte
20231028 082526.831 INFO             PET1       After Realize: - MemInfo: [malloc] Total space held (mmap + non-mmap):         89378816 Byte
20231028 082526.831 INFO             PET1       After Realize: - MemInfo: [malloc] Total space used (mmap + non-mmap):         89370144 Byte
20231028 082526.831 INFO             PET1       After Realize: - MemInfo: Wall-clock time since execution start:              0.0384278 seconds
20231028 082526.832 INFO             PET1       <<<MODEL: leaving Initialize (phase=IPDvXp04) without valid internal Clock.
20231028 082526.832 INFO             PET1     MODEL: InitializeIPDvXp04 extro.
20231028 082526.832 INFO             PET1     driver: IInitRealize intro.
20231028 082526.832 INFO             PET1     driver: IInitRealize extro.
20231028 082526.832 INFO             PET1     MODEL: InitializeIPDvXp07 intro.
20231028 082526.833 INFO             PET1       >>>MODEL: entered Initialize (phase=IPDvXp07) without valid internal Clock.
20231028 082526.833 INFO             PET1       <<<MODEL: leaving Initialize (phase=IPDvXp07) with current time:    0  1  1  0  0  0   0
20231028 082526.833 INFO             PET1     MODEL: InitializeIPDvXp07 extro.
20231028 082526.833 INFO             PET1     <<<driver: leaving Initialize (phase=<none>) with current time:    0  1  1  0  0  0   0
20231028 082526.833 INFO             PET1   driver: InitializeIPDv02p3 extro.
20231028 082526.833 INFO             PET1   driver: InitializeIPDv02p5 intro.
20231028 082526.833 INFO             PET1     >>>driver: entered Initialize (phase=<none>) with current time:    0  1  1  0  0  0   0
20231028 082526.833 INFO             PET1     driver: this is a top level driver, no 'Updated' and 'InitializeDataComplete' info on this level.
20231028 082526.833 INFO             PET1     driver: InitializeIPDv02p5Data intro.
20231028 082526.833 INFO             PET1       driver: InternalInitializeComplete intro.
20231028 082526.833 INFO             PET1         driver: InitializeDataComplete='true'
20231028 082526.833 INFO             PET1       driver: InternalInitializeComplete extro.
20231028 082526.833 INFO             PET1       MODEL: InitializeIPDvXp08 intro.
20231028 082526.833 INFO             PET1         >>>MODEL: entered Initialize (phase=IPDv05p8) with current time:    0  1  1  0  0  0   0
20231028 082526.834 INFO             PET1         MODEL: InitializeDataProgress='false', InitializeDataComplete='false'
20231028 082526.834 INFO             PET1         <<<MODEL: leaving Initialize (phase=IPDv05p8) with current time:    0  1  1  0  0  0   0
20231028 082526.834 INFO             PET1       MODEL: InitializeIPDvXp08 extro.
20231028 082526.834 INFO             PET1       driver: components present that trigger loopDataDependentInitialize().
20231028 082526.834 INFO             PET1       driver: loopDataDependentInitialize intro.
20231028 082526.834 INFO             PET1         driver: component    0=driver, dataComplete (local): true
20231028 082526.834 INFO             PET1         driver: component    0=driver, dataComplete (global):  T
20231028 082526.835 INFO             PET1         driver: component    1=MODEL, dataComplete (local): false
20231028 082526.835 INFO             PET1         driver: component    1=MODEL, dataComplete (global):  F
20231028 082526.835 INFO             PET1         MODEL: InitializeIPDvXp08 intro.
20231028 082526.835 INFO             PET1           >>>MODEL: entered Initialize (phase=IPDv05p8) with current time:    0  1  1  0  0  0   0
20231028 082526.835 INFO             PET1           MODEL: InitializeDataProgress='true', InitializeDataComplete='true'
20231028 082526.835 INFO             PET1           <<<MODEL: leaving Initialize (phase=IPDv05p8) with current time:    0  1  1  0  0  0   0
20231028 082526.835 INFO             PET1         MODEL: InitializeIPDvXp08 extro.
20231028 082526.836 INFO             PET1         driver: component    1=MODEL, someProgress (local): true
20231028 082526.836 INFO             PET1         driver: component    1=MODEL, someProgress (global):  T
20231028 082526.836 INFO             PET1         driver: someProgress= T, allComplete= F, present(dataDepAllComplete)= T
20231028 082526.836 INFO             PET1         driver: component    0=driver, dataComplete (local): true
20231028 082526.836 INFO             PET1         driver: component    0=driver, dataComplete (global):  T
20231028 082526.836 INFO             PET1         driver: component    1=MODEL, dataComplete (local): true
20231028 082526.836 INFO             PET1         driver: component    1=MODEL, dataComplete (global):  T
20231028 082526.836 INFO             PET1         driver: someProgress= F, allComplete= T, present(dataDepAllComplete)= T
20231028 082526.836 INFO             PET1         driver: finished resolving initialize data dependencies on this level.
20231028 082526.836 INFO             PET1       driver: loopDataDependentInitialize extro.
20231028 082526.836 INFO             PET1       driver: loopDataDependentInitialize() returned with dataDepAllComplete:  T
20231028 082526.836 INFO             PET1     driver: InitializeIPDv02p5Data extro.
20231028 082526.836 INFO             PET1     <<<driver: leaving Initialize (phase=<none>) with current time:    0  1  1  0  0  0   0
20231028 082526.836 INFO             PET1   driver: InitializeIPDv02p5 extro.
20231028 082526.836 INFO             PET1 driver: InitializeGeneric extro.
20231028 082526.836 INFO             PET1 driver: Run intro.
20231028 082526.836 INFO             PET1   >>>driver entered Run (phase=RunPhase1) with current time:    0  1  1  0  0  0   0
20231028 082526.836 INFO             PET1   driver: after lable_SetRunClock, current time:    0  1  1  0  0  0   0
20231028 082526.836 INFO             PET1   driver: begin -------> RunSequence.
20231028 082526.836 INFO             PET1     driver: RunSequence event loopLevel=   1  levelMember=   1  loopIteration=   1, current time:    0  1  1  0  0  0   0
20231028 082526.836 INFO             PET1     MODEL: Run intro.
20231028 082526.836 INFO             PET1       >>>MODEL: entered Run (phase=RunPhase1) with current time:    0  1  1  0  0  0   0
20231028 082526.836 INFO             PET1       MODEL: time step-loop starting, current time:    0  1  1  0  0  0   0
20231028 082526.837 INFO             PET1       thread_num=   0   currentSsiPe=  60   num_threads=   3   max_threads=   3   num_procs=   2
20231028 082526.837 INFO             PET1       thread_num=   1   currentSsiPe=  20   num_threads=   3   max_threads=   3   num_procs=   2
20231028 082526.845 INFO             PET1       thread_num=   2   currentSsiPe=  60   num_threads=   3   max_threads=   3   num_procs=   2
20231028 082526.845 INFO             PET1       ---->Advancing Model from:    0  1  1  0  0  0   0
20231028 082526.845 INFO             PET1       ---------------------> to:    0  1  1  0  0 30   0
20231028 082526.845 INFO             PET1       MODEL: time step-loop ending,   current time:    0  1  1  0  0 30   0
20231028 082526.845 INFO             PET1       <<<MODEL: leaving Run (phase=RunPhase1) with current time:    0  1  1  0  0 30   0
20231028 082526.845 INFO             PET1     MODEL: Run extro.
20231028 082526.845 INFO             PET1     driver: RunSequence event loopLevel=   1  levelMember=   1  loopIteration=   2, current time:    0  1  1  0  0 30   0
20231028 082526.845 INFO             PET1     MODEL: Run intro.
20231028 082526.845 INFO             PET1       >>>MODEL: entered Run (phase=RunPhase1) with current time:    0  1  1  0  0 30   0
20231028 082526.845 INFO             PET1       MODEL: time step-loop starting, current time:    0  1  1  0  0 30   0
20231028 082526.845 INFO             PET1       thread_num=   0   currentSsiPe=  60   num_threads=   3   max_threads=   3   num_procs=   2
20231028 082526.846 INFO             PET1       thread_num=   1   currentSsiPe=  20   num_threads=   3   max_threads=   3   num_procs=   2
20231028 082526.846 INFO             PET1       thread_num=   2   currentSsiPe=  60   num_threads=   3   max_threads=   3   num_procs=   2
20231028 082526.846 INFO             PET1       ---->Advancing Model from:    0  1  1  0  0 30   0
20231028 082526.846 INFO             PET1       ---------------------> to:    0  1  1  0  1  0   0
20231028 082526.846 INFO             PET1       MODEL: time step-loop ending,   current time:    0  1  1  0  1  0   0
20231028 082526.846 INFO             PET1       <<<MODEL: leaving Run (phase=RunPhase1) with current time:    0  1  1  0  1  0   0
20231028 082526.846 INFO             PET1     MODEL: Run extro.
20231028 082526.846 INFO             PET1     driver: RunSequence event loopLevel=   1  levelMember=   1  loopIteration=   3, current time:    0  1  1  0  1  0   0
20231028 082526.846 INFO             PET1     MODEL: Run intro.
20231028 082526.846 INFO             PET1       >>>MODEL: entered Run (phase=RunPhase1) with current time:    0  1  1  0  1  0   0
20231028 082526.846 INFO             PET1       MODEL: time step-loop starting, current time:    0  1  1  0  1  0   0
20231028 082526.846 INFO             PET1       thread_num=   0   currentSsiPe=  60   num_threads=   3   max_threads=   3   num_procs=   2
20231028 082526.846 INFO             PET1       thread_num=   1   currentSsiPe=  20   num_threads=   3   max_threads=   3   num_procs=   2
20231028 082526.846 INFO             PET1       thread_num=   2   currentSsiPe=  60   num_threads=   3   max_threads=   3   num_procs=   2
20231028 082526.846 INFO             PET1       ---->Advancing Model from:    0  1  1  0  1  0   0
20231028 082526.846 INFO             PET1       ---------------------> to:    0  1  1  0  1 30   0
20231028 082526.846 INFO             PET1       MODEL: time step-loop ending,   current time:    0  1  1  0  1 30   0
20231028 082526.846 INFO             PET1       <<<MODEL: leaving Run (phase=RunPhase1) with current time:    0  1  1  0  1 30   0
20231028 082526.846 INFO             PET1     MODEL: Run extro.
20231028 082526.846 INFO             PET1     driver: RunSequence event loopLevel=   1  levelMember=   1  loopIteration=   4, current time:    0  1  1  0  1 30   0
20231028 082526.847 INFO             PET1     MODEL: Run intro.
20231028 082526.847 INFO             PET1       >>>MODEL: entered Run (phase=RunPhase1) with current time:    0  1  1  0  1 30   0
20231028 082526.847 INFO             PET1       MODEL: time step-loop starting, current time:    0  1  1  0  1 30   0
20231028 082526.847 INFO             PET1       thread_num=   0   currentSsiPe=  60   num_threads=   3   max_threads=   3   num_procs=   2
20231028 082526.847 INFO             PET1       thread_num=   1   currentSsiPe=  20   num_threads=   3   max_threads=   3   num_procs=   2
20231028 082526.847 INFO             PET1       thread_num=   2   currentSsiPe=  60   num_threads=   3   max_threads=   3   num_procs=   2
20231028 082526.847 INFO             PET1       ---->Advancing Model from:    0  1  1  0  1 30   0
20231028 082526.847 INFO             PET1       ---------------------> to:    0  1  1  0  2  0   0
20231028 082526.847 INFO             PET1       MODEL: time step-loop ending,   current time:    0  1  1  0  2  0   0
20231028 082526.847 INFO             PET1       <<<MODEL: leaving Run (phase=RunPhase1) with current time:    0  1  1  0  2  0   0
20231028 082526.847 INFO             PET1     MODEL: Run extro.
20231028 082526.847 INFO             PET1     driver: RunSequence event loopLevel=   1  levelMember=   1  loopIteration=   5, current time:    0  1  1  0  2  0   0
20231028 082526.847 INFO             PET1     MODEL: Run intro.
20231028 082526.848 INFO             PET1       >>>MODEL: entered Run (phase=RunPhase1) with current time:    0  1  1  0  2  0   0
20231028 082526.848 INFO             PET1       MODEL: time step-loop starting, current time:    0  1  1  0  2  0   0
20231028 082526.848 INFO             PET1       thread_num=   0   currentSsiPe=  60   num_threads=   3   max_threads=   3   num_procs=   2
20231028 082526.848 INFO             PET1       thread_num=   1   currentSsiPe=  20   num_threads=   3   max_threads=   3   num_procs=   2
20231028 082526.848 INFO             PET1       thread_num=   2   currentSsiPe=  60   num_threads=   3   max_threads=   3   num_procs=   2
20231028 082526.848 INFO             PET1       ---->Advancing Model from:    0  1  1  0  2  0   0
20231028 082526.848 INFO             PET1       ---------------------> to:    0  1  1  0  2 30   0
20231028 082526.848 INFO             PET1       MODEL: time step-loop ending,   current time:    0  1  1  0  2 30   0
20231028 082526.848 INFO             PET1       <<<MODEL: leaving Run (phase=RunPhase1) with current time:    0  1  1  0  2 30   0
20231028 082526.848 INFO             PET1     MODEL: Run extro.
20231028 082526.848 INFO             PET1   driver: end <--------- RunSequence
20231028 082526.848 INFO             PET1   <<<driver - leaving Run with current time:    0  1  1  0  2 30   0
20231028 082526.848 INFO             PET1 driver: Run extro.
20231028 082526.849 INFO             PET1 driver: Finalize intro.
20231028 082526.849 INFO             PET1   Calling Finalize phase 1 for modelComp: MODEL
20231028 082526.849 INFO             PET1   MODEL: Finalize intro.
20231028 082526.849 INFO             PET1     >>>MODEL: entered Finalize (phase=FinalizePhase1) with current time:    0  1  1  0  2 30   0
20231028 082526.849 INFO             PET1     <<<MODEL: leaving Finalize (phase=FinalizePhase1) with current time:    0  1  1  0  2 30   0
20231028 082526.849 INFO             PET1   MODEL: Finalize extro.
20231028 082526.849 INFO             PET1   Delete modelComp: MODEL
20231028 082526.850 INFO             PET1   Delete Import-/Export State for modelComp: MODEL
20231028 082526.850 INFO             PET1 driver: Finalize extro.
20231028 082526.850 INFO             PET1 mainApp FINISHED
20231028 082526.850 INFO             PET1  Finalizing ESMF
20231028 082526.810 INFO             PET2 !!!!!!!!!!!!!!!!!!!!!!!!!!!!!!!!!!!!!!!!!!!!!!!!!!!!!!
20231028 082526.810 INFO             PET2 !!! THE ESMF_LOG IS SET TO OUTPUT ALL LOG MESSAGES !!!
20231028 082526.810 INFO             PET2 !!!     THIS MAY CAUSE SLOWDOWN IN PERFORMANCE     !!!
20231028 082526.810 INFO             PET2 !!! FOR PRODUCTION RUNS, USE:                      !!!
20231028 082526.810 INFO             PET2 !!!                   ESMF_LOGKIND_Multi_On_Error  !!!
20231028 082526.810 INFO             PET2 !!!!!!!!!!!!!!!!!!!!!!!!!!!!!!!!!!!!!!!!!!!!!!!!!!!!!!
20231028 082526.810 INFO             PET2 Running with ESMF Version   : v8.6.0b13
20231028 082526.810 INFO             PET2 ESMF library build date/time: "Oct 28 2023" "07:41:27"
20231028 082526.810 INFO             PET2 ESMF library build location : /scratch2/NCEPDEV/stmp1/Gerhard.Theurich/ESMF-Nightly-Testing/intel_2023.1.0-oneAPI_intelmpi_g_release_8.6.0/esmf
20231028 082526.810 INFO             PET2 ESMF_COMM                   : intelmpi
20231028 082526.811 INFO             PET2 ESMF_MOAB                   : enabled
20231028 082526.811 INFO             PET2 ESMF_LAPACK                 : enabled
20231028 082526.811 INFO             PET2 ESMF_NETCDF                 : enabled
20231028 082526.811 INFO             PET2 ESMF_PNETCDF                : disabled
20231028 082526.811 INFO             PET2 ESMF_PIO                    : enabled
20231028 082526.811 INFO             PET2 ESMF_YAMLCPP                : enabled
20231028 082526.812 INFO             PET2 mainApp STARTING
20231028 082526.817 INFO             PET2 driver: InitializeGeneric intro.
20231028 082526.817 INFO             PET2   driver: InitializeP0 intro.
20231028 082526.817 INFO             PET2   driver: InitializeP0 extro.
20231028 082526.817 INFO             PET2   driver: InitializeIPDv02p1 intro.
20231028 082526.817 INFO             PET2     >>>driver: entered Initialize (phase=<none>) without valid internal Clock.
20231028 082526.818 INFO             PET2     driver - Creating model component MODEL without petList.
20231028 082526.820 INFO             PET2      GridCompIsPetLocal:  T
20231028 082526.820 INFO             PET2      VmIsCreated:  T
20231028 082526.820 INFO             PET2      valid MPI_COMM with size=           4
20231028 082526.821 INFO             PET2     driver - Creating state: modelComp 1 Import State
20231028 082526.821 INFO             PET2     driver - Creating state: modelComp 1 Export State
20231028 082526.821 INFO             PET2     MODEL: InitializeP0 intro.
20231028 082526.821 INFO             PET2       >>>MODEL: entered Initialize (phase=<none>) without valid internal Clock.
20231028 082526.822 INFO             PET2       <<<MODEL: leaving Initialize (phase=<none>) without valid internal Clock.
20231028 082526.822 INFO             PET2     MODEL: InitializeP0 extro.
20231028 082526.824 INFO             PET2     driver: IInitAdvertise intro.
20231028 082526.824 INFO             PET2     driver: IInitAdvertise extro.
20231028 082526.824 INFO             PET2     MODEL: InitializeIPDvXp01 intro.
20231028 082526.824 INFO             PET2       >>>MODEL: entered Initialize (phase=IPDvXp01) without valid internal Clock.
20231028 082526.826 INFO             PET2       <<<MODEL: leaving Initialize (phase=IPDvXp01) without valid internal Clock.
20231028 082526.826 INFO             PET2     MODEL: InitializeIPDvXp01 extro.
20231028 082526.826 INFO             PET2     driver: IInitAdvertiseFinish intro.
20231028 082526.826 INFO             PET2     driver: IInitAdvertiseFinish extro.
20231028 082526.826 INFO             PET2     driver: IInitModifyCplLists intro.
20231028 082526.827 INFO             PET2     driver: IInitModifyCplLists extro.
20231028 082526.827 INFO             PET2     <<<driver: leaving Initialize (phase=<none>) with current time:    0  1  1  0  0  0   0
20231028 082526.827 INFO             PET2   driver: InitializeIPDv02p1 extro.
20231028 082526.827 INFO             PET2   driver: InitializeIPDv02p3 intro.
20231028 082526.827 INFO             PET2     >>>driver: entered Initialize (phase=<none>) with current time:    0  1  1  0  0  0   0
20231028 082526.827 INFO             PET2     driver: IInitCheck intro.
20231028 082526.827 INFO             PET2     driver: IInitCheck extro.
20231028 082526.827 INFO             PET2     MODEL: InitializeIPDvXp04 intro.
20231028 082526.827 INFO             PET2       >>>MODEL: entered Initialize (phase=IPDvXp04) without valid internal Clock.
20231028 082526.830 INFO             PET2       After Realize: - MemInfo: [/proc/meminfo - SSI]	MemTotal:       97470520 kB
20231028 082526.830 INFO             PET2       After Realize: - MemInfo: [/proc/meminfo - SSI]	MemFree:        85865760 kB
20231028 082526.830 INFO             PET2       After Realize: - MemInfo: [/proc/meminfo - SSI]	MemAvailable:   89618680 kB
20231028 082526.830 INFO             PET2       After Realize: - MemInfo: [/proc/meminfo - SSI]	Committed_AS:    1869012 kB
20231028 082526.830 INFO             PET2       After Realize: - MemInfo: [/proc/meminfo - SSI]	CommittedPercent: 1.91752 %
20231028 082526.830 INFO             PET2       After Realize: - MemInfo: [/proc/self/status]	VmPeak:	 2754992 kB
20231028 082526.830 INFO             PET2       After Realize: - MemInfo: [/proc/self/status]	VmSize:	 2754992 kB
20231028 082526.830 INFO             PET2       After Realize: - MemInfo: [/proc/self/status]	VmLck:	       0 kB
20231028 082526.830 INFO             PET2       After Realize: - MemInfo: [/proc/self/status]	VmPin:	   82044 kB
20231028 082526.830 INFO             PET2       After Realize: - MemInfo: [/proc/self/status]	VmHWM:	  172112 kB
20231028 082526.830 INFO             PET2       After Realize: - MemInfo: [/proc/self/status]	VmRSS:	  172112 kB
20231028 082526.830 INFO             PET2       After Realize: - MemInfo: [/proc/self/status]	VmData:	  223428 kB
20231028 082526.830 INFO             PET2       After Realize: - MemInfo: [/proc/self/status]	VmStk:	     200 kB
20231028 082526.830 INFO             PET2       After Realize: - MemInfo: [/proc/self/status]	VmExe:	    1096 kB
20231028 082526.830 INFO             PET2       After Realize: - MemInfo: [/proc/self/status]	VmLib:	  117284 kB
20231028 082526.830 INFO             PET2       After Realize: - MemInfo: [/proc/self/status]	VmPTE:	     848 kB
20231028 082526.830 INFO             PET2       After Realize: - MemInfo: [/proc/self/status]	VmSwap:	       0 kB
20231028 082526.830 INFO             PET2       After Realize: - MemInfo: [/proc/self/status]	VmRSSPercent: 0.176579 %
20231028 082526.830 INFO             PET2       After Realize: - MemInfo: [malloc] Non-mmapped space allocated:                 1298432 Byte
20231028 082526.830 INFO             PET2       After Realize: - MemInfo: [malloc] Space allocated in mmapped regions:         88080384 Byte
20231028 082526.830 INFO             PET2       After Realize: - MemInfo: [malloc] Maximum total allocated space:                     0 Byte
20231028 082526.830 INFO             PET2       After Realize: - MemInfo: [malloc] Space in freed fastbin blocks:                  1152 Byte
20231028 082526.830 INFO             PET2       After Realize: - MemInfo: [malloc] Total allocated space:                       1280576 Byte
20231028 082526.830 INFO             PET2       After Realize: - MemInfo: [malloc] Total free space:                              17856 Byte
20231028 082526.830 INFO             PET2       After Realize: - MemInfo: [malloc] Top-most, releasable space:                    16512 Byte
20231028 082526.830 INFO             PET2       After Realize: - MemInfo: [malloc] Total space in use, mmap + non-mmap:        89360960 Byte
20231028 082526.830 INFO             PET2       After Realize: - MemInfo: [malloc] Total space held (mmap + non-mmap):         89378816 Byte
20231028 082526.830 INFO             PET2       After Realize: - MemInfo: [malloc] Total space used (mmap + non-mmap):         89370304 Byte
20231028 082526.830 INFO             PET2       After Realize: - MemInfo: Wall-clock time since execution start:              0.0369594 seconds
20231028 082526.830 INFO             PET2       <<<MODEL: leaving Initialize (phase=IPDvXp04) without valid internal Clock.
20231028 082526.830 INFO             PET2     MODEL: InitializeIPDvXp04 extro.
20231028 082526.831 INFO             PET2     driver: IInitRealize intro.
20231028 082526.831 INFO             PET2     driver: IInitRealize extro.
20231028 082526.831 INFO             PET2     MODEL: InitializeIPDvXp07 intro.
20231028 082526.832 INFO             PET2       >>>MODEL: entered Initialize (phase=IPDvXp07) without valid internal Clock.
20231028 082526.832 INFO             PET2       <<<MODEL: leaving Initialize (phase=IPDvXp07) with current time:    0  1  1  0  0  0   0
20231028 082526.832 INFO             PET2     MODEL: InitializeIPDvXp07 extro.
20231028 082526.832 INFO             PET2     <<<driver: leaving Initialize (phase=<none>) with current time:    0  1  1  0  0  0   0
20231028 082526.832 INFO             PET2   driver: InitializeIPDv02p3 extro.
20231028 082526.832 INFO             PET2   driver: InitializeIPDv02p5 intro.
20231028 082526.832 INFO             PET2     >>>driver: entered Initialize (phase=<none>) with current time:    0  1  1  0  0  0   0
20231028 082526.832 INFO             PET2     driver: this is a top level driver, no 'Updated' and 'InitializeDataComplete' info on this level.
20231028 082526.832 INFO             PET2     driver: InitializeIPDv02p5Data intro.
20231028 082526.832 INFO             PET2       driver: InternalInitializeComplete intro.
20231028 082526.832 INFO             PET2         driver: InitializeDataComplete='true'
20231028 082526.832 INFO             PET2       driver: InternalInitializeComplete extro.
20231028 082526.832 INFO             PET2       MODEL: InitializeIPDvXp08 intro.
20231028 082526.832 INFO             PET2         >>>MODEL: entered Initialize (phase=IPDv05p8) with current time:    0  1  1  0  0  0   0
20231028 082526.833 INFO             PET2         MODEL: InitializeDataProgress='false', InitializeDataComplete='false'
20231028 082526.833 INFO             PET2         <<<MODEL: leaving Initialize (phase=IPDv05p8) with current time:    0  1  1  0  0  0   0
20231028 082526.833 INFO             PET2       MODEL: InitializeIPDvXp08 extro.
20231028 082526.834 INFO             PET2       driver: components present that trigger loopDataDependentInitialize().
20231028 082526.834 INFO             PET2       driver: loopDataDependentInitialize intro.
20231028 082526.834 INFO             PET2         driver: component    0=driver, dataComplete (local): true
20231028 082526.834 INFO             PET2         driver: component    0=driver, dataComplete (global):  T
20231028 082526.835 INFO             PET2         driver: component    1=MODEL, dataComplete (local): false
20231028 082526.835 INFO             PET2         driver: component    1=MODEL, dataComplete (global):  F
20231028 082526.835 INFO             PET2         MODEL: InitializeIPDvXp08 intro.
20231028 082526.835 INFO             PET2           >>>MODEL: entered Initialize (phase=IPDv05p8) with current time:    0  1  1  0  0  0   0
20231028 082526.835 INFO             PET2           MODEL: InitializeDataProgress='true', InitializeDataComplete='true'
20231028 082526.835 INFO             PET2           <<<MODEL: leaving Initialize (phase=IPDv05p8) with current time:    0  1  1  0  0  0   0
20231028 082526.835 INFO             PET2         MODEL: InitializeIPDvXp08 extro.
20231028 082526.836 INFO             PET2         driver: component    1=MODEL, someProgress (local): true
20231028 082526.836 INFO             PET2         driver: component    1=MODEL, someProgress (global):  T
20231028 082526.836 INFO             PET2         driver: someProgress= T, allComplete= F, present(dataDepAllComplete)= T
20231028 082526.836 INFO             PET2         driver: component    0=driver, dataComplete (local): true
20231028 082526.836 INFO             PET2         driver: component    0=driver, dataComplete (global):  T
20231028 082526.836 INFO             PET2         driver: component    1=MODEL, dataComplete (local): true
20231028 082526.836 INFO             PET2         driver: component    1=MODEL, dataComplete (global):  T
20231028 082526.836 INFO             PET2         driver: someProgress= F, allComplete= T, present(dataDepAllComplete)= T
20231028 082526.836 INFO             PET2         driver: finished resolving initialize data dependencies on this level.
20231028 082526.836 INFO             PET2       driver: loopDataDependentInitialize extro.
20231028 082526.836 INFO             PET2       driver: loopDataDependentInitialize() returned with dataDepAllComplete:  T
20231028 082526.836 INFO             PET2     driver: InitializeIPDv02p5Data extro.
20231028 082526.836 INFO             PET2     <<<driver: leaving Initialize (phase=<none>) with current time:    0  1  1  0  0  0   0
20231028 082526.836 INFO             PET2   driver: InitializeIPDv02p5 extro.
20231028 082526.836 INFO             PET2 driver: InitializeGeneric extro.
20231028 082526.836 INFO             PET2 driver: Run intro.
20231028 082526.836 INFO             PET2   >>>driver entered Run (phase=RunPhase1) with current time:    0  1  1  0  0  0   0
20231028 082526.836 INFO             PET2   driver: after lable_SetRunClock, current time:    0  1  1  0  0  0   0
20231028 082526.836 INFO             PET2   driver: begin -------> RunSequence.
20231028 082526.836 INFO             PET2     driver: RunSequence event loopLevel=   1  levelMember=   1  loopIteration=   1, current time:    0  1  1  0  0  0   0
20231028 082526.836 INFO             PET2     MODEL: Run intro.
20231028 082526.836 INFO             PET2       >>>MODEL: entered Run (phase=RunPhase1) with current time:    0  1  1  0  0  0   0
20231028 082526.836 INFO             PET2       MODEL: time step-loop starting, current time:    0  1  1  0  0  0   0
20231028 082526.837 INFO             PET2       thread_num=   0   currentSsiPe=  41   num_threads=   3   max_threads=   3   num_procs=   2
20231028 082526.837 INFO             PET2       thread_num=   1   currentSsiPe=   1   num_threads=   3   max_threads=   3   num_procs=   2
20231028 082526.845 INFO             PET2       thread_num=   2   currentSsiPe=  41   num_threads=   3   max_threads=   3   num_procs=   2
20231028 082526.845 INFO             PET2       ---->Advancing Model from:    0  1  1  0  0  0   0
20231028 082526.845 INFO             PET2       ---------------------> to:    0  1  1  0  0 30   0
20231028 082526.845 INFO             PET2       MODEL: time step-loop ending,   current time:    0  1  1  0  0 30   0
20231028 082526.845 INFO             PET2       <<<MODEL: leaving Run (phase=RunPhase1) with current time:    0  1  1  0  0 30   0
20231028 082526.845 INFO             PET2     MODEL: Run extro.
20231028 082526.845 INFO             PET2     driver: RunSequence event loopLevel=   1  levelMember=   1  loopIteration=   2, current time:    0  1  1  0  0 30   0
20231028 082526.845 INFO             PET2     MODEL: Run intro.
20231028 082526.845 INFO             PET2       >>>MODEL: entered Run (phase=RunPhase1) with current time:    0  1  1  0  0 30   0
20231028 082526.845 INFO             PET2       MODEL: time step-loop starting, current time:    0  1  1  0  0 30   0
20231028 082526.845 INFO             PET2       thread_num=   0   currentSsiPe=  41   num_threads=   3   max_threads=   3   num_procs=   2
20231028 082526.845 INFO             PET2       thread_num=   1   currentSsiPe=   1   num_threads=   3   max_threads=   3   num_procs=   2
20231028 082526.845 INFO             PET2       thread_num=   2   currentSsiPe=  41   num_threads=   3   max_threads=   3   num_procs=   2
20231028 082526.845 INFO             PET2       ---->Advancing Model from:    0  1  1  0  0 30   0
20231028 082526.845 INFO             PET2       ---------------------> to:    0  1  1  0  1  0   0
20231028 082526.845 INFO             PET2       MODEL: time step-loop ending,   current time:    0  1  1  0  1  0   0
20231028 082526.845 INFO             PET2       <<<MODEL: leaving Run (phase=RunPhase1) with current time:    0  1  1  0  1  0   0
20231028 082526.845 INFO             PET2     MODEL: Run extro.
20231028 082526.846 INFO             PET2     driver: RunSequence event loopLevel=   1  levelMember=   1  loopIteration=   3, current time:    0  1  1  0  1  0   0
20231028 082526.846 INFO             PET2     MODEL: Run intro.
20231028 082526.846 INFO             PET2       >>>MODEL: entered Run (phase=RunPhase1) with current time:    0  1  1  0  1  0   0
20231028 082526.846 INFO             PET2       MODEL: time step-loop starting, current time:    0  1  1  0  1  0   0
20231028 082526.846 INFO             PET2       thread_num=   0   currentSsiPe=  41   num_threads=   3   max_threads=   3   num_procs=   2
20231028 082526.846 INFO             PET2       thread_num=   1   currentSsiPe=   1   num_threads=   3   max_threads=   3   num_procs=   2
20231028 082526.846 INFO             PET2       thread_num=   2   currentSsiPe=  41   num_threads=   3   max_threads=   3   num_procs=   2
20231028 082526.846 INFO             PET2       ---->Advancing Model from:    0  1  1  0  1  0   0
20231028 082526.846 INFO             PET2       ---------------------> to:    0  1  1  0  1 30   0
20231028 082526.846 INFO             PET2       MODEL: time step-loop ending,   current time:    0  1  1  0  1 30   0
20231028 082526.846 INFO             PET2       <<<MODEL: leaving Run (phase=RunPhase1) with current time:    0  1  1  0  1 30   0
20231028 082526.846 INFO             PET2     MODEL: Run extro.
20231028 082526.846 INFO             PET2     driver: RunSequence event loopLevel=   1  levelMember=   1  loopIteration=   4, current time:    0  1  1  0  1 30   0
20231028 082526.847 INFO             PET2     MODEL: Run intro.
20231028 082526.847 INFO             PET2       >>>MODEL: entered Run (phase=RunPhase1) with current time:    0  1  1  0  1 30   0
20231028 082526.847 INFO             PET2       MODEL: time step-loop starting, current time:    0  1  1  0  1 30   0
20231028 082526.847 INFO             PET2       thread_num=   0   currentSsiPe=  41   num_threads=   3   max_threads=   3   num_procs=   2
20231028 082526.847 INFO             PET2       thread_num=   1   currentSsiPe=   1   num_threads=   3   max_threads=   3   num_procs=   2
20231028 082526.847 INFO             PET2       thread_num=   2   currentSsiPe=  41   num_threads=   3   max_threads=   3   num_procs=   2
20231028 082526.847 INFO             PET2       ---->Advancing Model from:    0  1  1  0  1 30   0
20231028 082526.847 INFO             PET2       ---------------------> to:    0  1  1  0  2  0   0
20231028 082526.847 INFO             PET2       MODEL: time step-loop ending,   current time:    0  1  1  0  2  0   0
20231028 082526.847 INFO             PET2       <<<MODEL: leaving Run (phase=RunPhase1) with current time:    0  1  1  0  2  0   0
20231028 082526.847 INFO             PET2     MODEL: Run extro.
20231028 082526.847 INFO             PET2     driver: RunSequence event loopLevel=   1  levelMember=   1  loopIteration=   5, current time:    0  1  1  0  2  0   0
20231028 082526.847 INFO             PET2     MODEL: Run intro.
20231028 082526.847 INFO             PET2       >>>MODEL: entered Run (phase=RunPhase1) with current time:    0  1  1  0  2  0   0
20231028 082526.847 INFO             PET2       MODEL: time step-loop starting, current time:    0  1  1  0  2  0   0
20231028 082526.847 INFO             PET2       thread_num=   0   currentSsiPe=  41   num_threads=   3   max_threads=   3   num_procs=   2
20231028 082526.847 INFO             PET2       thread_num=   1   currentSsiPe=   1   num_threads=   3   max_threads=   3   num_procs=   2
20231028 082526.847 INFO             PET2       thread_num=   2   currentSsiPe=  41   num_threads=   3   max_threads=   3   num_procs=   2
20231028 082526.847 INFO             PET2       ---->Advancing Model from:    0  1  1  0  2  0   0
20231028 082526.847 INFO             PET2       ---------------------> to:    0  1  1  0  2 30   0
20231028 082526.848 INFO             PET2       MODEL: time step-loop ending,   current time:    0  1  1  0  2 30   0
20231028 082526.848 INFO             PET2       <<<MODEL: leaving Run (phase=RunPhase1) with current time:    0  1  1  0  2 30   0
20231028 082526.848 INFO             PET2     MODEL: Run extro.
20231028 082526.848 INFO             PET2   driver: end <--------- RunSequence
20231028 082526.848 INFO             PET2   <<<driver - leaving Run with current time:    0  1  1  0  2 30   0
20231028 082526.848 INFO             PET2 driver: Run extro.
20231028 082526.848 INFO             PET2 driver: Finalize intro.
20231028 082526.848 INFO             PET2   Calling Finalize phase 1 for modelComp: MODEL
20231028 082526.848 INFO             PET2   MODEL: Finalize intro.
20231028 082526.848 INFO             PET2     >>>MODEL: entered Finalize (phase=FinalizePhase1) with current time:    0  1  1  0  2 30   0
20231028 082526.848 INFO             PET2     <<<MODEL: leaving Finalize (phase=FinalizePhase1) with current time:    0  1  1  0  2 30   0
20231028 082526.848 INFO             PET2   MODEL: Finalize extro.
20231028 082526.848 INFO             PET2   Delete modelComp: MODEL
20231028 082526.848 INFO             PET2   Delete Import-/Export State for modelComp: MODEL
20231028 082526.849 INFO             PET2 driver: Finalize extro.
20231028 082526.849 INFO             PET2 mainApp FINISHED
20231028 082526.849 INFO             PET2  Finalizing ESMF
20231028 082526.811 INFO             PET3 !!!!!!!!!!!!!!!!!!!!!!!!!!!!!!!!!!!!!!!!!!!!!!!!!!!!!!
20231028 082526.812 INFO             PET3 !!! THE ESMF_LOG IS SET TO OUTPUT ALL LOG MESSAGES !!!
20231028 082526.812 INFO             PET3 !!!     THIS MAY CAUSE SLOWDOWN IN PERFORMANCE     !!!
20231028 082526.812 INFO             PET3 !!! FOR PRODUCTION RUNS, USE:                      !!!
20231028 082526.812 INFO             PET3 !!!                   ESMF_LOGKIND_Multi_On_Error  !!!
20231028 082526.812 INFO             PET3 !!!!!!!!!!!!!!!!!!!!!!!!!!!!!!!!!!!!!!!!!!!!!!!!!!!!!!
20231028 082526.812 INFO             PET3 Running with ESMF Version   : v8.6.0b13
20231028 082526.812 INFO             PET3 ESMF library build date/time: "Oct 28 2023" "07:41:27"
20231028 082526.812 INFO             PET3 ESMF library build location : /scratch2/NCEPDEV/stmp1/Gerhard.Theurich/ESMF-Nightly-Testing/intel_2023.1.0-oneAPI_intelmpi_g_release_8.6.0/esmf
20231028 082526.812 INFO             PET3 ESMF_COMM                   : intelmpi
20231028 082526.812 INFO             PET3 ESMF_MOAB                   : enabled
20231028 082526.812 INFO             PET3 ESMF_LAPACK                 : enabled
20231028 082526.812 INFO             PET3 ESMF_NETCDF                 : enabled
20231028 082526.812 INFO             PET3 ESMF_PNETCDF                : disabled
20231028 082526.812 INFO             PET3 ESMF_PIO                    : enabled
20231028 082526.812 INFO             PET3 ESMF_YAMLCPP                : enabled
20231028 082526.812 INFO             PET3 mainApp STARTING
20231028 082526.817 INFO             PET3 driver: InitializeGeneric intro.
20231028 082526.817 INFO             PET3   driver: InitializeP0 intro.
20231028 082526.817 INFO             PET3   driver: InitializeP0 extro.
20231028 082526.817 INFO             PET3   driver: InitializeIPDv02p1 intro.
20231028 082526.817 INFO             PET3     >>>driver: entered Initialize (phase=<none>) without valid internal Clock.
20231028 082526.818 INFO             PET3     driver - Creating model component MODEL without petList.
20231028 082526.820 INFO             PET3      GridCompIsPetLocal:  T
20231028 082526.820 INFO             PET3      VmIsCreated:  T
20231028 082526.820 INFO             PET3      valid MPI_COMM with size=           4
20231028 082526.821 INFO             PET3     driver - Creating state: modelComp 1 Import State
20231028 082526.821 INFO             PET3     driver - Creating state: modelComp 1 Export State
20231028 082526.821 INFO             PET3     MODEL: InitializeP0 intro.
20231028 082526.821 INFO             PET3       >>>MODEL: entered Initialize (phase=<none>) without valid internal Clock.
20231028 082526.822 INFO             PET3       <<<MODEL: leaving Initialize (phase=<none>) without valid internal Clock.
20231028 082526.822 INFO             PET3     MODEL: InitializeP0 extro.
20231028 082526.824 INFO             PET3     driver: IInitAdvertise intro.
20231028 082526.824 INFO             PET3     driver: IInitAdvertise extro.
20231028 082526.824 INFO             PET3     MODEL: InitializeIPDvXp01 intro.
20231028 082526.824 INFO             PET3       >>>MODEL: entered Initialize (phase=IPDvXp01) without valid internal Clock.
20231028 082526.826 INFO             PET3       <<<MODEL: leaving Initialize (phase=IPDvXp01) without valid internal Clock.
20231028 082526.826 INFO             PET3     MODEL: InitializeIPDvXp01 extro.
20231028 082526.826 INFO             PET3     driver: IInitAdvertiseFinish intro.
20231028 082526.826 INFO             PET3     driver: IInitAdvertiseFinish extro.
20231028 082526.826 INFO             PET3     driver: IInitModifyCplLists intro.
20231028 082526.827 INFO             PET3     driver: IInitModifyCplLists extro.
20231028 082526.827 INFO             PET3     <<<driver: leaving Initialize (phase=<none>) with current time:    0  1  1  0  0  0   0
20231028 082526.827 INFO             PET3   driver: InitializeIPDv02p1 extro.
20231028 082526.827 INFO             PET3   driver: InitializeIPDv02p3 intro.
20231028 082526.827 INFO             PET3     >>>driver: entered Initialize (phase=<none>) with current time:    0  1  1  0  0  0   0
20231028 082526.827 INFO             PET3     driver: IInitCheck intro.
20231028 082526.827 INFO             PET3     driver: IInitCheck extro.
20231028 082526.827 INFO             PET3     MODEL: InitializeIPDvXp04 intro.
20231028 082526.827 INFO             PET3       >>>MODEL: entered Initialize (phase=IPDvXp04) without valid internal Clock.
20231028 082526.830 INFO             PET3       After Realize: - MemInfo: [/proc/meminfo - SSI]	MemTotal:       97470520 kB
20231028 082526.830 INFO             PET3       After Realize: - MemInfo: [/proc/meminfo - SSI]	MemFree:        85865760 kB
20231028 082526.830 INFO             PET3       After Realize: - MemInfo: [/proc/meminfo - SSI]	MemAvailable:   89618680 kB
20231028 082526.830 INFO             PET3       After Realize: - MemInfo: [/proc/meminfo - SSI]	Committed_AS:    1869012 kB
20231028 082526.830 INFO             PET3       After Realize: - MemInfo: [/proc/meminfo - SSI]	CommittedPercent: 1.91752 %
20231028 082526.830 INFO             PET3       After Realize: - MemInfo: [/proc/self/status]	VmPeak:	 2740652 kB
20231028 082526.830 INFO             PET3       After Realize: - MemInfo: [/proc/self/status]	VmSize:	 2740652 kB
20231028 082526.830 INFO             PET3       After Realize: - MemInfo: [/proc/self/status]	VmLck:	       0 kB
20231028 082526.830 INFO             PET3       After Realize: - MemInfo: [/proc/self/status]	VmPin:	   71804 kB
20231028 082526.830 INFO             PET3       After Realize: - MemInfo: [/proc/self/status]	VmHWM:	  155732 kB
20231028 082526.830 INFO             PET3       After Realize: - MemInfo: [/proc/self/status]	VmRSS:	  155732 kB
20231028 082526.830 INFO             PET3       After Realize: - MemInfo: [/proc/self/status]	VmData:	  209088 kB
20231028 082526.830 INFO             PET3       After Realize: - MemInfo: [/proc/self/status]	VmStk:	     200 kB
20231028 082526.830 INFO             PET3       After Realize: - MemInfo: [/proc/self/status]	VmExe:	    1096 kB
20231028 082526.830 INFO             PET3       After Realize: - MemInfo: [/proc/self/status]	VmLib:	  117284 kB
20231028 082526.830 INFO             PET3       After Realize: - MemInfo: [/proc/self/status]	VmPTE:	     792 kB
20231028 082526.830 INFO             PET3       After Realize: - MemInfo: [/proc/self/status]	VmSwap:	       0 kB
20231028 082526.830 INFO             PET3       After Realize: - MemInfo: [/proc/self/status]	VmRSSPercent: 0.159773 %
20231028 082526.830 INFO             PET3       After Realize: - MemInfo: [malloc] Non-mmapped space allocated:                 1298432 Byte
20231028 082526.830 INFO             PET3       After Realize: - MemInfo: [malloc] Space allocated in mmapped regions:         75493376 Byte
20231028 082526.830 INFO             PET3       After Realize: - MemInfo: [malloc] Maximum total allocated space:                     0 Byte
20231028 082526.830 INFO             PET3       After Realize: - MemInfo: [malloc] Space in freed fastbin blocks:                  1152 Byte
20231028 082526.830 INFO             PET3       After Realize: - MemInfo: [malloc] Total allocated space:                       1280256 Byte
20231028 082526.830 INFO             PET3       After Realize: - MemInfo: [malloc] Total free space:                              18176 Byte
20231028 082526.830 INFO             PET3       After Realize: - MemInfo: [malloc] Top-most, releasable space:                    16832 Byte
20231028 082526.830 INFO             PET3       After Realize: - MemInfo: [malloc] Total space in use, mmap + non-mmap:        76773632 Byte
20231028 082526.830 INFO             PET3       After Realize: - MemInfo: [malloc] Total space held (mmap + non-mmap):         76791808 Byte
20231028 082526.830 INFO             PET3       After Realize: - MemInfo: [malloc] Total space used (mmap + non-mmap):         76782976 Byte
20231028 082526.830 INFO             PET3       After Realize: - MemInfo: Wall-clock time since execution start:              0.0369719 seconds
20231028 082526.830 INFO             PET3       <<<MODEL: leaving Initialize (phase=IPDvXp04) without valid internal Clock.
20231028 082526.830 INFO             PET3     MODEL: InitializeIPDvXp04 extro.
20231028 082526.831 INFO             PET3     driver: IInitRealize intro.
20231028 082526.831 INFO             PET3     driver: IInitRealize extro.
20231028 082526.831 INFO             PET3     MODEL: InitializeIPDvXp07 intro.
20231028 082526.831 INFO             PET3       >>>MODEL: entered Initialize (phase=IPDvXp07) without valid internal Clock.
20231028 082526.832 INFO             PET3       <<<MODEL: leaving Initialize (phase=IPDvXp07) with current time:    0  1  1  0  0  0   0
20231028 082526.832 INFO             PET3     MODEL: InitializeIPDvXp07 extro.
20231028 082526.832 INFO             PET3     <<<driver: leaving Initialize (phase=<none>) with current time:    0  1  1  0  0  0   0
20231028 082526.832 INFO             PET3   driver: InitializeIPDv02p3 extro.
20231028 082526.832 INFO             PET3   driver: InitializeIPDv02p5 intro.
20231028 082526.832 INFO             PET3     >>>driver: entered Initialize (phase=<none>) with current time:    0  1  1  0  0  0   0
20231028 082526.832 INFO             PET3     driver: this is a top level driver, no 'Updated' and 'InitializeDataComplete' info on this level.
20231028 082526.832 INFO             PET3     driver: InitializeIPDv02p5Data intro.
20231028 082526.832 INFO             PET3       driver: InternalInitializeComplete intro.
20231028 082526.832 INFO             PET3         driver: InitializeDataComplete='true'
20231028 082526.832 INFO             PET3       driver: InternalInitializeComplete extro.
20231028 082526.832 INFO             PET3       MODEL: InitializeIPDvXp08 intro.
20231028 082526.832 INFO             PET3         >>>MODEL: entered Initialize (phase=IPDv05p8) with current time:    0  1  1  0  0  0   0
20231028 082526.832 INFO             PET3         MODEL: InitializeDataProgress='false', InitializeDataComplete='false'
20231028 082526.832 INFO             PET3         <<<MODEL: leaving Initialize (phase=IPDv05p8) with current time:    0  1  1  0  0  0   0
20231028 082526.832 INFO             PET3       MODEL: InitializeIPDvXp08 extro.
20231028 082526.834 INFO             PET3       driver: components present that trigger loopDataDependentInitialize().
20231028 082526.834 INFO             PET3       driver: loopDataDependentInitialize intro.
20231028 082526.834 INFO             PET3         driver: component    0=driver, dataComplete (local): true
20231028 082526.834 INFO             PET3         driver: component    0=driver, dataComplete (global):  T
20231028 082526.835 INFO             PET3         driver: component    1=MODEL, dataComplete (local): false
20231028 082526.835 INFO             PET3         driver: component    1=MODEL, dataComplete (global):  F
20231028 082526.835 INFO             PET3         MODEL: InitializeIPDvXp08 intro.
20231028 082526.835 INFO             PET3           >>>MODEL: entered Initialize (phase=IPDv05p8) with current time:    0  1  1  0  0  0   0
20231028 082526.835 INFO             PET3           MODEL: InitializeDataProgress='true', InitializeDataComplete='true'
20231028 082526.835 INFO             PET3           <<<MODEL: leaving Initialize (phase=IPDv05p8) with current time:    0  1  1  0  0  0   0
20231028 082526.835 INFO             PET3         MODEL: InitializeIPDvXp08 extro.
20231028 082526.836 INFO             PET3         driver: component    1=MODEL, someProgress (local): true
20231028 082526.836 INFO             PET3         driver: component    1=MODEL, someProgress (global):  T
20231028 082526.836 INFO             PET3         driver: someProgress= T, allComplete= F, present(dataDepAllComplete)= T
20231028 082526.836 INFO             PET3         driver: component    0=driver, dataComplete (local): true
20231028 082526.836 INFO             PET3         driver: component    0=driver, dataComplete (global):  T
20231028 082526.836 INFO             PET3         driver: component    1=MODEL, dataComplete (local): true
20231028 082526.836 INFO             PET3         driver: component    1=MODEL, dataComplete (global):  T
20231028 082526.836 INFO             PET3         driver: someProgress= F, allComplete= T, present(dataDepAllComplete)= T
20231028 082526.836 INFO             PET3         driver: finished resolving initialize data dependencies on this level.
20231028 082526.836 INFO             PET3       driver: loopDataDependentInitialize extro.
20231028 082526.836 INFO             PET3       driver: loopDataDependentInitialize() returned with dataDepAllComplete:  T
20231028 082526.836 INFO             PET3     driver: InitializeIPDv02p5Data extro.
20231028 082526.836 INFO             PET3     <<<driver: leaving Initialize (phase=<none>) with current time:    0  1  1  0  0  0   0
20231028 082526.836 INFO             PET3   driver: InitializeIPDv02p5 extro.
20231028 082526.836 INFO             PET3 driver: InitializeGeneric extro.
20231028 082526.836 INFO             PET3 driver: Run intro.
20231028 082526.836 INFO             PET3   >>>driver entered Run (phase=RunPhase1) with current time:    0  1  1  0  0  0   0
20231028 082526.836 INFO             PET3   driver: after lable_SetRunClock, current time:    0  1  1  0  0  0   0
20231028 082526.836 INFO             PET3   driver: begin -------> RunSequence.
20231028 082526.836 INFO             PET3     driver: RunSequence event loopLevel=   1  levelMember=   1  loopIteration=   1, current time:    0  1  1  0  0  0   0
20231028 082526.836 INFO             PET3     MODEL: Run intro.
20231028 082526.836 INFO             PET3       >>>MODEL: entered Run (phase=RunPhase1) with current time:    0  1  1  0  0  0   0
20231028 082526.836 INFO             PET3       MODEL: time step-loop starting, current time:    0  1  1  0  0  0   0
20231028 082526.837 INFO             PET3       thread_num=   0   currentSsiPe=  61   num_threads=   3   max_threads=   3   num_procs=   2
20231028 082526.837 INFO             PET3       thread_num=   1   currentSsiPe=  21   num_threads=   3   max_threads=   3   num_procs=   2
20231028 082526.845 INFO             PET3       thread_num=   2   currentSsiPe=  61   num_threads=   3   max_threads=   3   num_procs=   2
20231028 082526.845 INFO             PET3       ---->Advancing Model from:    0  1  1  0  0  0   0
20231028 082526.845 INFO             PET3       ---------------------> to:    0  1  1  0  0 30   0
20231028 082526.845 INFO             PET3       MODEL: time step-loop ending,   current time:    0  1  1  0  0 30   0
20231028 082526.845 INFO             PET3       <<<MODEL: leaving Run (phase=RunPhase1) with current time:    0  1  1  0  0 30   0
20231028 082526.845 INFO             PET3     MODEL: Run extro.
20231028 082526.845 INFO             PET3     driver: RunSequence event loopLevel=   1  levelMember=   1  loopIteration=   2, current time:    0  1  1  0  0 30   0
20231028 082526.845 INFO             PET3     MODEL: Run intro.
20231028 082526.845 INFO             PET3       >>>MODEL: entered Run (phase=RunPhase1) with current time:    0  1  1  0  0 30   0
20231028 082526.845 INFO             PET3       MODEL: time step-loop starting, current time:    0  1  1  0  0 30   0
20231028 082526.845 INFO             PET3       thread_num=   0   currentSsiPe=  61   num_threads=   3   max_threads=   3   num_procs=   2
20231028 082526.845 INFO             PET3       thread_num=   1   currentSsiPe=  21   num_threads=   3   max_threads=   3   num_procs=   2
20231028 082526.845 INFO             PET3       thread_num=   2   currentSsiPe=  61   num_threads=   3   max_threads=   3   num_procs=   2
20231028 082526.845 INFO             PET3       ---->Advancing Model from:    0  1  1  0  0 30   0
20231028 082526.845 INFO             PET3       ---------------------> to:    0  1  1  0  1  0   0
20231028 082526.845 INFO             PET3       MODEL: time step-loop ending,   current time:    0  1  1  0  1  0   0
20231028 082526.845 INFO             PET3       <<<MODEL: leaving Run (phase=RunPhase1) with current time:    0  1  1  0  1  0   0
20231028 082526.845 INFO             PET3     MODEL: Run extro.
20231028 082526.845 INFO             PET3     driver: RunSequence event loopLevel=   1  levelMember=   1  loopIteration=   3, current time:    0  1  1  0  1  0   0
20231028 082526.846 INFO             PET3     MODEL: Run intro.
20231028 082526.846 INFO             PET3       >>>MODEL: entered Run (phase=RunPhase1) with current time:    0  1  1  0  1  0   0
20231028 082526.846 INFO             PET3       MODEL: time step-loop starting, current time:    0  1  1  0  1  0   0
20231028 082526.846 INFO             PET3       thread_num=   0   currentSsiPe=  61   num_threads=   3   max_threads=   3   num_procs=   2
20231028 082526.846 INFO             PET3       thread_num=   1   currentSsiPe=  21   num_threads=   3   max_threads=   3   num_procs=   2
20231028 082526.846 INFO             PET3       thread_num=   2   currentSsiPe=  61   num_threads=   3   max_threads=   3   num_procs=   2
20231028 082526.846 INFO             PET3       ---->Advancing Model from:    0  1  1  0  1  0   0
20231028 082526.846 INFO             PET3       ---------------------> to:    0  1  1  0  1 30   0
20231028 082526.846 INFO             PET3       MODEL: time step-loop ending,   current time:    0  1  1  0  1 30   0
20231028 082526.846 INFO             PET3       <<<MODEL: leaving Run (phase=RunPhase1) with current time:    0  1  1  0  1 30   0
20231028 082526.846 INFO             PET3     MODEL: Run extro.
20231028 082526.846 INFO             PET3     driver: RunSequence event loopLevel=   1  levelMember=   1  loopIteration=   4, current time:    0  1  1  0  1 30   0
20231028 082526.846 INFO             PET3     MODEL: Run intro.
20231028 082526.847 INFO             PET3       >>>MODEL: entered Run (phase=RunPhase1) with current time:    0  1  1  0  1 30   0
20231028 082526.847 INFO             PET3       MODEL: time step-loop starting, current time:    0  1  1  0  1 30   0
20231028 082526.847 INFO             PET3       thread_num=   0   currentSsiPe=  61   num_threads=   3   max_threads=   3   num_procs=   2
20231028 082526.847 INFO             PET3       thread_num=   1   currentSsiPe=  21   num_threads=   3   max_threads=   3   num_procs=   2
20231028 082526.847 INFO             PET3       thread_num=   2   currentSsiPe=  61   num_threads=   3   max_threads=   3   num_procs=   2
20231028 082526.847 INFO             PET3       ---->Advancing Model from:    0  1  1  0  1 30   0
20231028 082526.847 INFO             PET3       ---------------------> to:    0  1  1  0  2  0   0
20231028 082526.847 INFO             PET3       MODEL: time step-loop ending,   current time:    0  1  1  0  2  0   0
20231028 082526.847 INFO             PET3       <<<MODEL: leaving Run (phase=RunPhase1) with current time:    0  1  1  0  2  0   0
20231028 082526.847 INFO             PET3     MODEL: Run extro.
20231028 082526.847 INFO             PET3     driver: RunSequence event loopLevel=   1  levelMember=   1  loopIteration=   5, current time:    0  1  1  0  2  0   0
20231028 082526.848 INFO             PET3     MODEL: Run intro.
20231028 082526.848 INFO             PET3       >>>MODEL: entered Run (phase=RunPhase1) with current time:    0  1  1  0  2  0   0
20231028 082526.848 INFO             PET3       MODEL: time step-loop starting, current time:    0  1  1  0  2  0   0
20231028 082526.848 INFO             PET3       thread_num=   0   currentSsiPe=  61   num_threads=   3   max_threads=   3   num_procs=   2
20231028 082526.848 INFO             PET3       thread_num=   1   currentSsiPe=  21   num_threads=   3   max_threads=   3   num_procs=   2
20231028 082526.848 INFO             PET3       thread_num=   2   currentSsiPe=  61   num_threads=   3   max_threads=   3   num_procs=   2
20231028 082526.848 INFO             PET3       ---->Advancing Model from:    0  1  1  0  2  0   0
20231028 082526.848 INFO             PET3       ---------------------> to:    0  1  1  0  2 30   0
20231028 082526.848 INFO             PET3       MODEL: time step-loop ending,   current time:    0  1  1  0  2 30   0
20231028 082526.848 INFO             PET3       <<<MODEL: leaving Run (phase=RunPhase1) with current time:    0  1  1  0  2 30   0
20231028 082526.848 INFO             PET3     MODEL: Run extro.
20231028 082526.848 INFO             PET3   driver: end <--------- RunSequence
20231028 082526.848 INFO             PET3   <<<driver - leaving Run with current time:    0  1  1  0  2 30   0
20231028 082526.848 INFO             PET3 driver: Run extro.
20231028 082526.848 INFO             PET3 driver: Finalize intro.
20231028 082526.848 INFO             PET3   Calling Finalize phase 1 for modelComp: MODEL
20231028 082526.849 INFO             PET3   MODEL: Finalize intro.
20231028 082526.849 INFO             PET3     >>>MODEL: entered Finalize (phase=FinalizePhase1) with current time:    0  1  1  0  2 30   0
20231028 082526.849 INFO             PET3     <<<MODEL: leaving Finalize (phase=FinalizePhase1) with current time:    0  1  1  0  2 30   0
20231028 082526.849 INFO             PET3   MODEL: Finalize extro.
20231028 082526.849 INFO             PET3   Delete modelComp: MODEL
20231028 082526.849 INFO             PET3   Delete Import-/Export State for modelComp: MODEL
20231028 082526.849 INFO             PET3 driver: Finalize extro.
20231028 082526.849 INFO             PET3 mainApp FINISHED
20231028 082526.849 INFO             PET3  Finalizing ESMF
