2023-10-17 04:07:32
20231017 043904.608 INFO             PET0 !!!!!!!!!!!!!!!!!!!!!!!!!!!!!!!!!!!!!!!!!!!!!!!!!!!!!!
20231017 043904.608 INFO             PET0 !!! THE ESMF_LOG IS SET TO OUTPUT ALL LOG MESSAGES !!!
20231017 043904.608 INFO             PET0 !!!     THIS MAY CAUSE SLOWDOWN IN PERFORMANCE     !!!
20231017 043904.608 INFO             PET0 !!! FOR PRODUCTION RUNS, USE:                      !!!
20231017 043904.609 INFO             PET0 !!!                   ESMF_LOGKIND_Multi_On_Error  !!!
20231017 043904.609 INFO             PET0 !!!!!!!!!!!!!!!!!!!!!!!!!!!!!!!!!!!!!!!!!!!!!!!!!!!!!!
20231017 043904.609 INFO             PET0 Running with ESMF Version   : v8.6.0b09-2-g5cd9f55d8a
20231017 043904.609 INFO             PET0 ESMF library build date/time: "Oct 17 2023" "04:06:23"
20231017 043904.609 INFO             PET0 ESMF library build location : /tmp/gfortran_12.2.0_mpiuni_g_develop/esmf
20231017 043904.609 INFO             PET0 ESMF_COMM                   : mpiuni
20231017 043904.609 INFO             PET0 ESMF_MOAB                   : enabled
20231017 043904.609 INFO             PET0 ESMF_LAPACK                 : enabled
20231017 043904.609 INFO             PET0 ESMF_NETCDF                 : enabled
20231017 043904.609 INFO             PET0 ESMF_PNETCDF                : disabled
20231017 043904.609 INFO             PET0 ESMF_PIO                    : disabled
20231017 043904.609 INFO             PET0 ESMF_YAMLCPP                : enabled
20231017 043904.878 INFO             PET0  NUMBER_OF_PROCESSORS           1
20231017 043904.878 INFO             PET0  PASS  Example ESMF_RHandleDynamicMaskingEx, ESMF_RHandleDynamicMaskingEx.F90, line 1116
20231017 043904.878 INFO             PET0  Finalizing ESMF
