2023-11-08 03:50:45
20231108 051114.456 INFO             PET0 !!!!!!!!!!!!!!!!!!!!!!!!!!!!!!!!!!!!!!!!!!!!!!!!!!!!!!
20231108 051114.456 INFO             PET0 !!! THE ESMF_LOG IS SET TO OUTPUT ALL LOG MESSAGES !!!
20231108 051114.456 INFO             PET0 !!!     THIS MAY CAUSE SLOWDOWN IN PERFORMANCE     !!!
20231108 051114.456 INFO             PET0 !!! FOR PRODUCTION RUNS, USE:                      !!!
20231108 051114.456 INFO             PET0 !!!                   ESMF_LOGKIND_Multi_On_Error  !!!
20231108 051114.456 INFO             PET0 !!!!!!!!!!!!!!!!!!!!!!!!!!!!!!!!!!!!!!!!!!!!!!!!!!!!!!
20231108 051114.456 INFO             PET0 Running with ESMF Version   : v8.6.0b14-1-g93d64a266e
20231108 051114.456 INFO             PET0 ESMF library build date/time: "Nov  8 2023" "03:45:22"
20231108 051114.456 INFO             PET0 ESMF library build location : /glade/scratch/theurich/ESMF-Nightly-Testing/intel_18.0.5_openmpi_O_release_8.6.0/esmf
20231108 051114.456 INFO             PET0 ESMF_COMM                   : openmpi
20231108 051114.457 INFO             PET0 ESMF_MOAB                   : enabled
20231108 051114.457 INFO             PET0 ESMF_LAPACK                 : enabled
20231108 051114.457 INFO             PET0 ESMF_NETCDF                 : enabled
20231108 051114.457 INFO             PET0 ESMF_PNETCDF                : disabled
20231108 051114.457 INFO             PET0 ESMF_PIO                    : enabled
20231108 051114.457 INFO             PET0 ESMF_YAMLCPP                : enabled
20231108 051114.457 INFO             PET0 mainApp STARTING
20231108 051114.459 INFO             PET0 driver: InitializeGeneric intro.
20231108 051114.459 INFO             PET0   driver: InitializeP0 intro.
20231108 051114.459 INFO             PET0   driver: InitializeP0 extro.
20231108 051114.459 INFO             PET0   driver: InitializeIPDv02p1 intro.
20231108 051114.459 INFO             PET0     >>>driver: entered Initialize (phase=<none>) without valid internal Clock.
20231108 051114.460 INFO             PET0     driver - Creating model component MODEL without petList.
20231108 051114.461 INFO             PET0      GridCompIsPetLocal:  T
20231108 051114.461 INFO             PET0      VmIsCreated:  T
20231108 051114.461 INFO             PET0      valid MPI_COMM with size=           4
20231108 051114.461 INFO             PET0     driver - Creating state: modelComp 1 Import State
20231108 051114.461 INFO             PET0     driver - Creating state: modelComp 1 Export State
20231108 051114.462 INFO             PET0     MODEL: InitializeP0 intro.
20231108 051114.462 INFO             PET0       >>>MODEL: entered Initialize (phase=<none>) without valid internal Clock.
20231108 051114.462 INFO             PET0       <<<MODEL: leaving Initialize (phase=<none>) without valid internal Clock.
20231108 051114.462 INFO             PET0     MODEL: InitializeP0 extro.
20231108 051114.463 INFO             PET0     driver: IInitAdvertise intro.
20231108 051114.463 INFO             PET0     driver: IInitAdvertise extro.
20231108 051114.463 INFO             PET0     MODEL: InitializeIPDvXp01 intro.
20231108 051114.463 INFO             PET0       >>>MODEL: entered Initialize (phase=IPDvXp01) without valid internal Clock.
20231108 051114.464 INFO             PET0       <<<MODEL: leaving Initialize (phase=IPDvXp01) without valid internal Clock.
20231108 051114.464 INFO             PET0     MODEL: InitializeIPDvXp01 extro.
20231108 051114.464 INFO             PET0     driver: IInitAdvertiseFinish intro.
20231108 051114.464 INFO             PET0     driver: IInitAdvertiseFinish extro.
20231108 051114.465 INFO             PET0     driver: IInitModifyCplLists intro.
20231108 051114.465 INFO             PET0     driver: IInitModifyCplLists extro.
20231108 051114.465 INFO             PET0     <<<driver: leaving Initialize (phase=<none>) with current time:    0  1  1  0  0  0   0
20231108 051114.465 INFO             PET0   driver: InitializeIPDv02p1 extro.
20231108 051114.465 INFO             PET0   driver: InitializeIPDv02p3 intro.
20231108 051114.465 INFO             PET0     >>>driver: entered Initialize (phase=<none>) with current time:    0  1  1  0  0  0   0
20231108 051114.466 INFO             PET0     driver: IInitCheck intro.
20231108 051114.467 INFO             PET0     driver: IInitCheck extro.
20231108 051114.467 INFO             PET0     MODEL: InitializeIPDvXp04 intro.
20231108 051114.467 INFO             PET0       >>>MODEL: entered Initialize (phase=IPDvXp04) without valid internal Clock.
20231108 051114.469 INFO             PET0       After Realize: - MemInfo: [/proc/meminfo - SSI]	MemTotal:       65507008 kB
20231108 051114.469 INFO             PET0       After Realize: - MemInfo: [/proc/meminfo - SSI]	MemFree:        49541904 kB
20231108 051114.469 INFO             PET0       After Realize: - MemInfo: [/proc/meminfo - SSI]	MemAvailable:   49559084 kB
20231108 051114.469 INFO             PET0       After Realize: - MemInfo: [/proc/meminfo - SSI]	Committed_AS:   14092152 kB
20231108 051114.469 INFO             PET0       After Realize: - MemInfo: [/proc/meminfo - SSI]	CommittedPercent: 21.5124 %
20231108 051114.469 INFO             PET0       After Realize: - MemInfo: [/proc/self/status]	VmPeak:	  485992 kB
20231108 051114.469 INFO             PET0       After Realize: - MemInfo: [/proc/self/status]	VmSize:	  485992 kB
20231108 051114.469 INFO             PET0       After Realize: - MemInfo: [/proc/self/status]	VmLck:	       0 kB
20231108 051114.469 INFO             PET0       After Realize: - MemInfo: [/proc/self/status]	VmPin:	   39928 kB
20231108 051114.469 INFO             PET0       After Realize: - MemInfo: [/proc/self/status]	VmHWM:	   56984 kB
20231108 051114.469 INFO             PET0       After Realize: - MemInfo: [/proc/self/status]	VmRSS:	   56984 kB
20231108 051114.469 INFO             PET0       After Realize: - MemInfo: [/proc/self/status]	VmData:	   47944 kB
20231108 051114.469 INFO             PET0       After Realize: - MemInfo: [/proc/self/status]	VmStk:	     160 kB
20231108 051114.469 INFO             PET0       After Realize: - MemInfo: [/proc/self/status]	VmExe:	    1716 kB
20231108 051114.469 INFO             PET0       After Realize: - MemInfo: [/proc/self/status]	VmLib:	   89788 kB
20231108 051114.469 INFO             PET0       After Realize: - MemInfo: [/proc/self/status]	VmPTE:	     620 kB
20231108 051114.469 INFO             PET0       After Realize: - MemInfo: [/proc/self/status]	VmPMD:	      12 kB
20231108 051114.469 INFO             PET0       After Realize: - MemInfo: [/proc/self/status]	VmSwap:	       0 kB
20231108 051114.469 INFO             PET0       After Realize: - MemInfo: [/proc/self/status]	VmRSSPercent: 0.0869892 %
20231108 051114.469 INFO             PET0       After Realize: - MemInfo: [malloc] Non-mmapped space allocated:                 4915200 Byte
20231108 051114.469 INFO             PET0       After Realize: - MemInfo: [malloc] Space allocated in mmapped regions:         28471296 Byte
20231108 051114.469 INFO             PET0       After Realize: - MemInfo: [malloc] Maximum total allocated space:                     0 Byte
20231108 051114.469 INFO             PET0       After Realize: - MemInfo: [malloc] Space in freed fastbin blocks:                  1504 Byte
20231108 051114.469 INFO             PET0       After Realize: - MemInfo: [malloc] Total allocated space:                       4637584 Byte
20231108 051114.469 INFO             PET0       After Realize: - MemInfo: [malloc] Total free space:                             277616 Byte
20231108 051114.469 INFO             PET0       After Realize: - MemInfo: [malloc] Top-most, releasable space:                   129744 Byte
20231108 051114.469 INFO             PET0       After Realize: - MemInfo: [malloc] Total space in use, mmap + non-mmap:        33108880 Byte
20231108 051114.469 INFO             PET0       After Realize: - MemInfo: [malloc] Total space held (mmap + non-mmap):         33386496 Byte
20231108 051114.469 INFO             PET0       After Realize: - MemInfo: [malloc] Total space used (mmap + non-mmap):         33118240 Byte
20231108 051114.469 INFO             PET0       After Realize: - MemInfo: Wall-clock time since execution start:              0.0174479 seconds
20231108 051114.469 INFO             PET0       <<<MODEL: leaving Initialize (phase=IPDvXp04) without valid internal Clock.
20231108 051114.469 INFO             PET0     MODEL: InitializeIPDvXp04 extro.
20231108 051114.470 INFO             PET0     driver: IInitRealize intro.
20231108 051114.470 INFO             PET0     driver: IInitRealize extro.
20231108 051114.471 INFO             PET0     MODEL: InitializeIPDvXp07 intro.
20231108 051114.471 INFO             PET0       >>>MODEL: entered Initialize (phase=IPDvXp07) without valid internal Clock.
20231108 051114.471 INFO             PET0       <<<MODEL: leaving Initialize (phase=IPDvXp07) with current time:    0  1  1  0  0  0   0
20231108 051114.471 INFO             PET0     MODEL: InitializeIPDvXp07 extro.
20231108 051114.471 INFO             PET0     <<<driver: leaving Initialize (phase=<none>) with current time:    0  1  1  0  0  0   0
20231108 051114.471 INFO             PET0   driver: InitializeIPDv02p3 extro.
20231108 051114.471 INFO             PET0   driver: InitializeIPDv02p5 intro.
20231108 051114.471 INFO             PET0     >>>driver: entered Initialize (phase=<none>) with current time:    0  1  1  0  0  0   0
20231108 051114.471 INFO             PET0     driver: this is a top level driver, no 'Updated' and 'InitializeDataComplete' info on this level.
20231108 051114.471 INFO             PET0     driver: InitializeIPDv02p5Data intro.
20231108 051114.471 INFO             PET0       driver: InternalInitializeComplete intro.
20231108 051114.471 INFO             PET0         driver: InitializeDataComplete='true'
20231108 051114.471 INFO             PET0       driver: InternalInitializeComplete extro.
20231108 051114.471 INFO             PET0       MODEL: InitializeIPDvXp08 intro.
20231108 051114.471 INFO             PET0         >>>MODEL: entered Initialize (phase=IPDv05p8) with current time:    0  1  1  0  0  0   0
20231108 051114.471 INFO             PET0         MODEL: InitializeDataProgress='false', InitializeDataComplete='false'
20231108 051114.471 INFO             PET0         <<<MODEL: leaving Initialize (phase=IPDv05p8) with current time:    0  1  1  0  0  0   0
20231108 051114.471 INFO             PET0       MODEL: InitializeIPDvXp08 extro.
20231108 051114.472 INFO             PET0       driver: components present that trigger loopDataDependentInitialize().
20231108 051114.472 INFO             PET0       driver: loopDataDependentInitialize intro.
20231108 051114.472 INFO             PET0         driver: component    0=driver, dataComplete (local): true
20231108 051114.472 INFO             PET0         driver: component    0=driver, dataComplete (global):  T
20231108 051114.472 INFO             PET0         driver: component    1=MODEL, dataComplete (local): false
20231108 051114.472 INFO             PET0         driver: component    1=MODEL, dataComplete (global):  F
20231108 051114.472 INFO             PET0         MODEL: InitializeIPDvXp08 intro.
20231108 051114.472 INFO             PET0           >>>MODEL: entered Initialize (phase=IPDv05p8) with current time:    0  1  1  0  0  0   0
20231108 051114.472 INFO             PET0           MODEL: InitializeDataProgress='true', InitializeDataComplete='true'
20231108 051114.472 INFO             PET0           <<<MODEL: leaving Initialize (phase=IPDv05p8) with current time:    0  1  1  0  0  0   0
20231108 051114.472 INFO             PET0         MODEL: InitializeIPDvXp08 extro.
20231108 051114.473 INFO             PET0         driver: component    1=MODEL, someProgress (local): true
20231108 051114.473 INFO             PET0         driver: component    1=MODEL, someProgress (global):  T
20231108 051114.473 INFO             PET0         driver: someProgress= T, allComplete= F, present(dataDepAllComplete)= T
20231108 051114.473 INFO             PET0         driver: component    0=driver, dataComplete (local): true
20231108 051114.473 INFO             PET0         driver: component    0=driver, dataComplete (global):  T
20231108 051114.473 INFO             PET0         driver: component    1=MODEL, dataComplete (local): true
20231108 051114.473 INFO             PET0         driver: component    1=MODEL, dataComplete (global):  T
20231108 051114.473 INFO             PET0         driver: someProgress= F, allComplete= T, present(dataDepAllComplete)= T
20231108 051114.473 INFO             PET0         driver: finished resolving initialize data dependencies on this level.
20231108 051114.473 INFO             PET0       driver: loopDataDependentInitialize extro.
20231108 051114.473 INFO             PET0       driver: loopDataDependentInitialize() returned with dataDepAllComplete:  T
20231108 051114.473 INFO             PET0     driver: InitializeIPDv02p5Data extro.
20231108 051114.473 INFO             PET0     <<<driver: leaving Initialize (phase=<none>) with current time:    0  1  1  0  0  0   0
20231108 051114.473 INFO             PET0   driver: InitializeIPDv02p5 extro.
20231108 051114.473 INFO             PET0 driver: InitializeGeneric extro.
20231108 051114.473 INFO             PET0 driver: Run intro.
20231108 051114.473 INFO             PET0   >>>driver entered Run (phase=RunPhase1) with current time:    0  1  1  0  0  0   0
20231108 051114.473 INFO             PET0   driver: after lable_SetRunClock, current time:    0  1  1  0  0  0   0
20231108 051114.473 INFO             PET0   driver: begin -------> RunSequence.
20231108 051114.473 INFO             PET0     driver: RunSequence event loopLevel=   1  levelMember=   1  loopIteration=   1, current time:    0  1  1  0  0  0   0
20231108 051114.473 INFO             PET0     MODEL: Run intro.
20231108 051114.473 INFO             PET0       >>>MODEL: entered Run (phase=RunPhase1) with current time:    0  1  1  0  0  0   0
20231108 051114.473 INFO             PET0       MODEL: time step-loop starting, current time:    0  1  1  0  0  0   0
20231108 051114.474 INFO             PET0       thread_num=   0   currentSsiPe=  53   num_threads=   3   max_threads=   3   num_procs=  36
20231108 051114.474 INFO             PET0       thread_num=   1   currentSsiPe=  14   num_threads=   3   max_threads=   3   num_procs=  36
20231108 051114.474 INFO             PET0       thread_num=   2   currentSsiPe=  15   num_threads=   3   max_threads=   3   num_procs=  36
20231108 051114.474 INFO             PET0       ---->Advancing Model from:    0  1  1  0  0  0   0
20231108 051114.474 INFO             PET0       ---------------------> to:    0  1  1  0  0 30   0
20231108 051114.474 INFO             PET0       MODEL: time step-loop ending,   current time:    0  1  1  0  0 30   0
20231108 051114.474 INFO             PET0       <<<MODEL: leaving Run (phase=RunPhase1) with current time:    0  1  1  0  0 30   0
20231108 051114.474 INFO             PET0     MODEL: Run extro.
20231108 051114.474 INFO             PET0     driver: RunSequence event loopLevel=   1  levelMember=   1  loopIteration=   2, current time:    0  1  1  0  0 30   0
20231108 051114.474 INFO             PET0     MODEL: Run intro.
20231108 051114.475 INFO             PET0       >>>MODEL: entered Run (phase=RunPhase1) with current time:    0  1  1  0  0 30   0
20231108 051114.475 INFO             PET0       MODEL: time step-loop starting, current time:    0  1  1  0  0 30   0
20231108 051114.475 INFO             PET0       thread_num=   0   currentSsiPe=  53   num_threads=   3   max_threads=   3   num_procs=  36
20231108 051114.475 INFO             PET0       thread_num=   2   currentSsiPe=  15   num_threads=   3   max_threads=   3   num_procs=  36
20231108 051114.475 INFO             PET0       thread_num=   1   currentSsiPe=  14   num_threads=   3   max_threads=   3   num_procs=  36
20231108 051114.475 INFO             PET0       ---->Advancing Model from:    0  1  1  0  0 30   0
20231108 051114.475 INFO             PET0       ---------------------> to:    0  1  1  0  1  0   0
20231108 051114.475 INFO             PET0       MODEL: time step-loop ending,   current time:    0  1  1  0  1  0   0
20231108 051114.475 INFO             PET0       <<<MODEL: leaving Run (phase=RunPhase1) with current time:    0  1  1  0  1  0   0
20231108 051114.475 INFO             PET0     MODEL: Run extro.
20231108 051114.475 INFO             PET0     driver: RunSequence event loopLevel=   1  levelMember=   1  loopIteration=   3, current time:    0  1  1  0  1  0   0
20231108 051114.475 INFO             PET0     MODEL: Run intro.
20231108 051114.475 INFO             PET0       >>>MODEL: entered Run (phase=RunPhase1) with current time:    0  1  1  0  1  0   0
20231108 051114.475 INFO             PET0       MODEL: time step-loop starting, current time:    0  1  1  0  1  0   0
20231108 051114.475 INFO             PET0       thread_num=   1   currentSsiPe=  14   num_threads=   3   max_threads=   3   num_procs=  36
20231108 051114.475 INFO             PET0       thread_num=   2   currentSsiPe=  15   num_threads=   3   max_threads=   3   num_procs=  36
20231108 051114.475 INFO             PET0       thread_num=   0   currentSsiPe=  53   num_threads=   3   max_threads=   3   num_procs=  36
20231108 051114.475 INFO             PET0       ---->Advancing Model from:    0  1  1  0  1  0   0
20231108 051114.475 INFO             PET0       ---------------------> to:    0  1  1  0  1 30   0
20231108 051114.475 INFO             PET0       MODEL: time step-loop ending,   current time:    0  1  1  0  1 30   0
20231108 051114.475 INFO             PET0       <<<MODEL: leaving Run (phase=RunPhase1) with current time:    0  1  1  0  1 30   0
20231108 051114.475 INFO             PET0     MODEL: Run extro.
20231108 051114.475 INFO             PET0     driver: RunSequence event loopLevel=   1  levelMember=   1  loopIteration=   4, current time:    0  1  1  0  1 30   0
20231108 051114.475 INFO             PET0     MODEL: Run intro.
20231108 051114.475 INFO             PET0       >>>MODEL: entered Run (phase=RunPhase1) with current time:    0  1  1  0  1 30   0
20231108 051114.475 INFO             PET0       MODEL: time step-loop starting, current time:    0  1  1  0  1 30   0
20231108 051114.475 INFO             PET0       thread_num=   2   currentSsiPe=  15   num_threads=   3   max_threads=   3   num_procs=  36
20231108 051114.475 INFO             PET0       thread_num=   1   currentSsiPe=  14   num_threads=   3   max_threads=   3   num_procs=  36
20231108 051114.475 INFO             PET0       thread_num=   0   currentSsiPe=  53   num_threads=   3   max_threads=   3   num_procs=  36
20231108 051114.475 INFO             PET0       ---->Advancing Model from:    0  1  1  0  1 30   0
20231108 051114.475 INFO             PET0       ---------------------> to:    0  1  1  0  2  0   0
20231108 051114.475 INFO             PET0       MODEL: time step-loop ending,   current time:    0  1  1  0  2  0   0
20231108 051114.475 INFO             PET0       <<<MODEL: leaving Run (phase=RunPhase1) with current time:    0  1  1  0  2  0   0
20231108 051114.475 INFO             PET0     MODEL: Run extro.
20231108 051114.475 INFO             PET0     driver: RunSequence event loopLevel=   1  levelMember=   1  loopIteration=   5, current time:    0  1  1  0  2  0   0
20231108 051114.475 INFO             PET0     MODEL: Run intro.
20231108 051114.475 INFO             PET0       >>>MODEL: entered Run (phase=RunPhase1) with current time:    0  1  1  0  2  0   0
20231108 051114.475 INFO             PET0       MODEL: time step-loop starting, current time:    0  1  1  0  2  0   0
20231108 051114.475 INFO             PET0       thread_num=   2   currentSsiPe=  15   num_threads=   3   max_threads=   3   num_procs=  36
20231108 051114.476 INFO             PET0       thread_num=   1   currentSsiPe=  14   num_threads=   3   max_threads=   3   num_procs=  36
20231108 051114.476 INFO             PET0       thread_num=   0   currentSsiPe=  53   num_threads=   3   max_threads=   3   num_procs=  36
20231108 051114.476 INFO             PET0       ---->Advancing Model from:    0  1  1  0  2  0   0
20231108 051114.476 INFO             PET0       ---------------------> to:    0  1  1  0  2 30   0
20231108 051114.476 INFO             PET0       MODEL: time step-loop ending,   current time:    0  1  1  0  2 30   0
20231108 051114.476 INFO             PET0       <<<MODEL: leaving Run (phase=RunPhase1) with current time:    0  1  1  0  2 30   0
20231108 051114.476 INFO             PET0     MODEL: Run extro.
20231108 051114.476 INFO             PET0   driver: end <--------- RunSequence
20231108 051114.476 INFO             PET0   <<<driver - leaving Run with current time:    0  1  1  0  2 30   0
20231108 051114.476 INFO             PET0 driver: Run extro.
20231108 051114.476 INFO             PET0 driver: Finalize intro.
20231108 051114.476 INFO             PET0   Calling Finalize phase 1 for modelComp: MODEL
20231108 051114.476 INFO             PET0   MODEL: Finalize intro.
20231108 051114.476 INFO             PET0     >>>MODEL: entered Finalize (phase=FinalizePhase1) with current time:    0  1  1  0  2 30   0
20231108 051114.476 INFO             PET0     <<<MODEL: leaving Finalize (phase=FinalizePhase1) with current time:    0  1  1  0  2 30   0
20231108 051114.476 INFO             PET0   MODEL: Finalize extro.
20231108 051114.476 INFO             PET0   Delete modelComp: MODEL
20231108 051114.476 INFO             PET0   Delete Import-/Export State for modelComp: MODEL
20231108 051114.476 INFO             PET0 driver: Finalize extro.
20231108 051114.476 INFO             PET0 mainApp FINISHED
20231108 051114.476 INFO             PET0  Finalizing ESMF
20231108 051114.455 INFO             PET1 !!!!!!!!!!!!!!!!!!!!!!!!!!!!!!!!!!!!!!!!!!!!!!!!!!!!!!
20231108 051114.455 INFO             PET1 !!! THE ESMF_LOG IS SET TO OUTPUT ALL LOG MESSAGES !!!
20231108 051114.455 INFO             PET1 !!!     THIS MAY CAUSE SLOWDOWN IN PERFORMANCE     !!!
20231108 051114.455 INFO             PET1 !!! FOR PRODUCTION RUNS, USE:                      !!!
20231108 051114.455 INFO             PET1 !!!                   ESMF_LOGKIND_Multi_On_Error  !!!
20231108 051114.455 INFO             PET1 !!!!!!!!!!!!!!!!!!!!!!!!!!!!!!!!!!!!!!!!!!!!!!!!!!!!!!
20231108 051114.455 INFO             PET1 Running with ESMF Version   : v8.6.0b14-1-g93d64a266e
20231108 051114.455 INFO             PET1 ESMF library build date/time: "Nov  8 2023" "03:45:22"
20231108 051114.455 INFO             PET1 ESMF library build location : /glade/scratch/theurich/ESMF-Nightly-Testing/intel_18.0.5_openmpi_O_release_8.6.0/esmf
20231108 051114.455 INFO             PET1 ESMF_COMM                   : openmpi
20231108 051114.455 INFO             PET1 ESMF_MOAB                   : enabled
20231108 051114.455 INFO             PET1 ESMF_LAPACK                 : enabled
20231108 051114.455 INFO             PET1 ESMF_NETCDF                 : enabled
20231108 051114.455 INFO             PET1 ESMF_PNETCDF                : disabled
20231108 051114.455 INFO             PET1 ESMF_PIO                    : enabled
20231108 051114.455 INFO             PET1 ESMF_YAMLCPP                : enabled
20231108 051114.457 INFO             PET1 mainApp STARTING
20231108 051114.459 INFO             PET1 driver: InitializeGeneric intro.
20231108 051114.459 INFO             PET1   driver: InitializeP0 intro.
20231108 051114.459 INFO             PET1   driver: InitializeP0 extro.
20231108 051114.459 INFO             PET1   driver: InitializeIPDv02p1 intro.
20231108 051114.459 INFO             PET1     >>>driver: entered Initialize (phase=<none>) without valid internal Clock.
20231108 051114.460 INFO             PET1     driver - Creating model component MODEL without petList.
20231108 051114.461 INFO             PET1      GridCompIsPetLocal:  T
20231108 051114.461 INFO             PET1      VmIsCreated:  T
20231108 051114.461 INFO             PET1      valid MPI_COMM with size=           4
20231108 051114.461 INFO             PET1     driver - Creating state: modelComp 1 Import State
20231108 051114.461 INFO             PET1     driver - Creating state: modelComp 1 Export State
20231108 051114.462 INFO             PET1     MODEL: InitializeP0 intro.
20231108 051114.462 INFO             PET1       >>>MODEL: entered Initialize (phase=<none>) without valid internal Clock.
20231108 051114.462 INFO             PET1       <<<MODEL: leaving Initialize (phase=<none>) without valid internal Clock.
20231108 051114.462 INFO             PET1     MODEL: InitializeP0 extro.
20231108 051114.463 INFO             PET1     driver: IInitAdvertise intro.
20231108 051114.463 INFO             PET1     driver: IInitAdvertise extro.
20231108 051114.463 INFO             PET1     MODEL: InitializeIPDvXp01 intro.
20231108 051114.463 INFO             PET1       >>>MODEL: entered Initialize (phase=IPDvXp01) without valid internal Clock.
20231108 051114.464 INFO             PET1       <<<MODEL: leaving Initialize (phase=IPDvXp01) without valid internal Clock.
20231108 051114.464 INFO             PET1     MODEL: InitializeIPDvXp01 extro.
20231108 051114.464 INFO             PET1     driver: IInitAdvertiseFinish intro.
20231108 051114.464 INFO             PET1     driver: IInitAdvertiseFinish extro.
20231108 051114.465 INFO             PET1     driver: IInitModifyCplLists intro.
20231108 051114.465 INFO             PET1     driver: IInitModifyCplLists extro.
20231108 051114.465 INFO             PET1     <<<driver: leaving Initialize (phase=<none>) with current time:    0  1  1  0  0  0   0
20231108 051114.465 INFO             PET1   driver: InitializeIPDv02p1 extro.
20231108 051114.465 INFO             PET1   driver: InitializeIPDv02p3 intro.
20231108 051114.465 INFO             PET1     >>>driver: entered Initialize (phase=<none>) with current time:    0  1  1  0  0  0   0
20231108 051114.468 INFO             PET1     driver: IInitCheck intro.
20231108 051114.468 INFO             PET1     driver: IInitCheck extro.
20231108 051114.468 INFO             PET1     MODEL: InitializeIPDvXp04 intro.
20231108 051114.468 INFO             PET1       >>>MODEL: entered Initialize (phase=IPDvXp04) without valid internal Clock.
20231108 051114.470 INFO             PET1       After Realize: - MemInfo: [/proc/meminfo - SSI]	MemTotal:       65507008 kB
20231108 051114.470 INFO             PET1       After Realize: - MemInfo: [/proc/meminfo - SSI]	MemFree:        49541904 kB
20231108 051114.470 INFO             PET1       After Realize: - MemInfo: [/proc/meminfo - SSI]	MemAvailable:   49559084 kB
20231108 051114.470 INFO             PET1       After Realize: - MemInfo: [/proc/meminfo - SSI]	Committed_AS:   14092152 kB
20231108 051114.470 INFO             PET1       After Realize: - MemInfo: [/proc/meminfo - SSI]	CommittedPercent: 21.5124 %
20231108 051114.470 INFO             PET1       After Realize: - MemInfo: [/proc/self/status]	VmPeak:	  485864 kB
20231108 051114.470 INFO             PET1       After Realize: - MemInfo: [/proc/self/status]	VmSize:	  485864 kB
20231108 051114.470 INFO             PET1       After Realize: - MemInfo: [/proc/self/status]	VmLck:	       0 kB
20231108 051114.470 INFO             PET1       After Realize: - MemInfo: [/proc/self/status]	VmPin:	   39928 kB
20231108 051114.470 INFO             PET1       After Realize: - MemInfo: [/proc/self/status]	VmHWM:	   56896 kB
20231108 051114.470 INFO             PET1       After Realize: - MemInfo: [/proc/self/status]	VmRSS:	   56896 kB
20231108 051114.470 INFO             PET1       After Realize: - MemInfo: [/proc/self/status]	VmData:	   47816 kB
20231108 051114.470 INFO             PET1       After Realize: - MemInfo: [/proc/self/status]	VmStk:	     160 kB
20231108 051114.470 INFO             PET1       After Realize: - MemInfo: [/proc/self/status]	VmExe:	    1716 kB
20231108 051114.470 INFO             PET1       After Realize: - MemInfo: [/proc/self/status]	VmLib:	   89788 kB
20231108 051114.470 INFO             PET1       After Realize: - MemInfo: [/proc/self/status]	VmPTE:	     628 kB
20231108 051114.470 INFO             PET1       After Realize: - MemInfo: [/proc/self/status]	VmPMD:	      12 kB
20231108 051114.470 INFO             PET1       After Realize: - MemInfo: [/proc/self/status]	VmSwap:	       0 kB
20231108 051114.470 INFO             PET1       After Realize: - MemInfo: [/proc/self/status]	VmRSSPercent: 0.0868548 %
20231108 051114.470 INFO             PET1       After Realize: - MemInfo: [malloc] Non-mmapped space allocated:                 4784128 Byte
20231108 051114.470 INFO             PET1       After Realize: - MemInfo: [malloc] Space allocated in mmapped regions:         28471296 Byte
20231108 051114.470 INFO             PET1       After Realize: - MemInfo: [malloc] Maximum total allocated space:                     0 Byte
20231108 051114.470 INFO             PET1       After Realize: - MemInfo: [malloc] Space in freed fastbin blocks:                  1872 Byte
20231108 051114.470 INFO             PET1       After Realize: - MemInfo: [malloc] Total allocated space:                       4623952 Byte
20231108 051114.470 INFO             PET1       After Realize: - MemInfo: [malloc] Total free space:                             160176 Byte
20231108 051114.470 INFO             PET1       After Realize: - MemInfo: [malloc] Top-most, releasable space:                    12528 Byte
20231108 051114.470 INFO             PET1       After Realize: - MemInfo: [malloc] Total space in use, mmap + non-mmap:        33095248 Byte
20231108 051114.470 INFO             PET1       After Realize: - MemInfo: [malloc] Total space held (mmap + non-mmap):         33255424 Byte
20231108 051114.470 INFO             PET1       After Realize: - MemInfo: [malloc] Total space used (mmap + non-mmap):         33104608 Byte
20231108 051114.470 INFO             PET1       After Realize: - MemInfo: Wall-clock time since execution start:              0.0185215 seconds
20231108 051114.470 INFO             PET1       <<<MODEL: leaving Initialize (phase=IPDvXp04) without valid internal Clock.
20231108 051114.470 INFO             PET1     MODEL: InitializeIPDvXp04 extro.
20231108 051114.470 INFO             PET1     driver: IInitRealize intro.
20231108 051114.470 INFO             PET1     driver: IInitRealize extro.
20231108 051114.471 INFO             PET1     MODEL: InitializeIPDvXp07 intro.
20231108 051114.471 INFO             PET1       >>>MODEL: entered Initialize (phase=IPDvXp07) without valid internal Clock.
20231108 051114.471 INFO             PET1       <<<MODEL: leaving Initialize (phase=IPDvXp07) with current time:    0  1  1  0  0  0   0
20231108 051114.471 INFO             PET1     MODEL: InitializeIPDvXp07 extro.
20231108 051114.471 INFO             PET1     <<<driver: leaving Initialize (phase=<none>) with current time:    0  1  1  0  0  0   0
20231108 051114.471 INFO             PET1   driver: InitializeIPDv02p3 extro.
20231108 051114.471 INFO             PET1   driver: InitializeIPDv02p5 intro.
20231108 051114.471 INFO             PET1     >>>driver: entered Initialize (phase=<none>) with current time:    0  1  1  0  0  0   0
20231108 051114.471 INFO             PET1     driver: this is a top level driver, no 'Updated' and 'InitializeDataComplete' info on this level.
20231108 051114.471 INFO             PET1     driver: InitializeIPDv02p5Data intro.
20231108 051114.471 INFO             PET1       driver: InternalInitializeComplete intro.
20231108 051114.471 INFO             PET1         driver: InitializeDataComplete='true'
20231108 051114.471 INFO             PET1       driver: InternalInitializeComplete extro.
20231108 051114.471 INFO             PET1       MODEL: InitializeIPDvXp08 intro.
20231108 051114.471 INFO             PET1         >>>MODEL: entered Initialize (phase=IPDv05p8) with current time:    0  1  1  0  0  0   0
20231108 051114.472 INFO             PET1         MODEL: InitializeDataProgress='false', InitializeDataComplete='false'
20231108 051114.472 INFO             PET1         <<<MODEL: leaving Initialize (phase=IPDv05p8) with current time:    0  1  1  0  0  0   0
20231108 051114.472 INFO             PET1       MODEL: InitializeIPDvXp08 extro.
20231108 051114.472 INFO             PET1       driver: components present that trigger loopDataDependentInitialize().
20231108 051114.472 INFO             PET1       driver: loopDataDependentInitialize intro.
20231108 051114.472 INFO             PET1         driver: component    0=driver, dataComplete (local): true
20231108 051114.472 INFO             PET1         driver: component    0=driver, dataComplete (global):  T
20231108 051114.472 INFO             PET1         driver: component    1=MODEL, dataComplete (local): false
20231108 051114.472 INFO             PET1         driver: component    1=MODEL, dataComplete (global):  F
20231108 051114.472 INFO             PET1         MODEL: InitializeIPDvXp08 intro.
20231108 051114.472 INFO             PET1           >>>MODEL: entered Initialize (phase=IPDv05p8) with current time:    0  1  1  0  0  0   0
20231108 051114.472 INFO             PET1           MODEL: InitializeDataProgress='true', InitializeDataComplete='true'
20231108 051114.472 INFO             PET1           <<<MODEL: leaving Initialize (phase=IPDv05p8) with current time:    0  1  1  0  0  0   0
20231108 051114.472 INFO             PET1         MODEL: InitializeIPDvXp08 extro.
20231108 051114.473 INFO             PET1         driver: component    1=MODEL, someProgress (local): true
20231108 051114.473 INFO             PET1         driver: component    1=MODEL, someProgress (global):  T
20231108 051114.473 INFO             PET1         driver: someProgress= T, allComplete= F, present(dataDepAllComplete)= T
20231108 051114.473 INFO             PET1         driver: component    0=driver, dataComplete (local): true
20231108 051114.473 INFO             PET1         driver: component    0=driver, dataComplete (global):  T
20231108 051114.473 INFO             PET1         driver: component    1=MODEL, dataComplete (local): true
20231108 051114.473 INFO             PET1         driver: component    1=MODEL, dataComplete (global):  T
20231108 051114.473 INFO             PET1         driver: someProgress= F, allComplete= T, present(dataDepAllComplete)= T
20231108 051114.473 INFO             PET1         driver: finished resolving initialize data dependencies on this level.
20231108 051114.473 INFO             PET1       driver: loopDataDependentInitialize extro.
20231108 051114.473 INFO             PET1       driver: loopDataDependentInitialize() returned with dataDepAllComplete:  T
20231108 051114.473 INFO             PET1     driver: InitializeIPDv02p5Data extro.
20231108 051114.473 INFO             PET1     <<<driver: leaving Initialize (phase=<none>) with current time:    0  1  1  0  0  0   0
20231108 051114.473 INFO             PET1   driver: InitializeIPDv02p5 extro.
20231108 051114.473 INFO             PET1 driver: InitializeGeneric extro.
20231108 051114.473 INFO             PET1 driver: Run intro.
20231108 051114.473 INFO             PET1   >>>driver entered Run (phase=RunPhase1) with current time:    0  1  1  0  0  0   0
20231108 051114.473 INFO             PET1   driver: after lable_SetRunClock, current time:    0  1  1  0  0  0   0
20231108 051114.473 INFO             PET1   driver: begin -------> RunSequence.
20231108 051114.473 INFO             PET1     driver: RunSequence event loopLevel=   1  levelMember=   1  loopIteration=   1, current time:    0  1  1  0  0  0   0
20231108 051114.473 INFO             PET1     MODEL: Run intro.
20231108 051114.473 INFO             PET1       >>>MODEL: entered Run (phase=RunPhase1) with current time:    0  1  1  0  0  0   0
20231108 051114.473 INFO             PET1       MODEL: time step-loop starting, current time:    0  1  1  0  0  0   0
20231108 051114.474 INFO             PET1       thread_num=   0   currentSsiPe=  71   num_threads=   3   max_threads=   3   num_procs=  36
20231108 051114.474 INFO             PET1       thread_num=   1   currentSsiPe=  21   num_threads=   3   max_threads=   3   num_procs=  36
20231108 051114.474 INFO             PET1       thread_num=   2   currentSsiPe=  22   num_threads=   3   max_threads=   3   num_procs=  36
20231108 051114.474 INFO             PET1       ---->Advancing Model from:    0  1  1  0  0  0   0
20231108 051114.474 INFO             PET1       ---------------------> to:    0  1  1  0  0 30   0
20231108 051114.474 INFO             PET1       MODEL: time step-loop ending,   current time:    0  1  1  0  0 30   0
20231108 051114.474 INFO             PET1       <<<MODEL: leaving Run (phase=RunPhase1) with current time:    0  1  1  0  0 30   0
20231108 051114.474 INFO             PET1     MODEL: Run extro.
20231108 051114.474 INFO             PET1     driver: RunSequence event loopLevel=   1  levelMember=   1  loopIteration=   2, current time:    0  1  1  0  0 30   0
20231108 051114.475 INFO             PET1     MODEL: Run intro.
20231108 051114.475 INFO             PET1       >>>MODEL: entered Run (phase=RunPhase1) with current time:    0  1  1  0  0 30   0
20231108 051114.475 INFO             PET1       MODEL: time step-loop starting, current time:    0  1  1  0  0 30   0
20231108 051114.475 INFO             PET1       thread_num=   2   currentSsiPe=  22   num_threads=   3   max_threads=   3   num_procs=  36
20231108 051114.475 INFO             PET1       thread_num=   1   currentSsiPe=  21   num_threads=   3   max_threads=   3   num_procs=  36
20231108 051114.475 INFO             PET1       thread_num=   0   currentSsiPe=  71   num_threads=   3   max_threads=   3   num_procs=  36
20231108 051114.475 INFO             PET1       ---->Advancing Model from:    0  1  1  0  0 30   0
20231108 051114.475 INFO             PET1       ---------------------> to:    0  1  1  0  1  0   0
20231108 051114.475 INFO             PET1       MODEL: time step-loop ending,   current time:    0  1  1  0  1  0   0
20231108 051114.475 INFO             PET1       <<<MODEL: leaving Run (phase=RunPhase1) with current time:    0  1  1  0  1  0   0
20231108 051114.475 INFO             PET1     MODEL: Run extro.
20231108 051114.475 INFO             PET1     driver: RunSequence event loopLevel=   1  levelMember=   1  loopIteration=   3, current time:    0  1  1  0  1  0   0
20231108 051114.475 INFO             PET1     MODEL: Run intro.
20231108 051114.475 INFO             PET1       >>>MODEL: entered Run (phase=RunPhase1) with current time:    0  1  1  0  1  0   0
20231108 051114.475 INFO             PET1       MODEL: time step-loop starting, current time:    0  1  1  0  1  0   0
20231108 051114.475 INFO             PET1       thread_num=   1   currentSsiPe=  21   num_threads=   3   max_threads=   3   num_procs=  36
20231108 051114.475 INFO             PET1       thread_num=   2   currentSsiPe=  22   num_threads=   3   max_threads=   3   num_procs=  36
20231108 051114.475 INFO             PET1       thread_num=   0   currentSsiPe=  71   num_threads=   3   max_threads=   3   num_procs=  36
20231108 051114.475 INFO             PET1       ---->Advancing Model from:    0  1  1  0  1  0   0
20231108 051114.475 INFO             PET1       ---------------------> to:    0  1  1  0  1 30   0
20231108 051114.475 INFO             PET1       MODEL: time step-loop ending,   current time:    0  1  1  0  1 30   0
20231108 051114.475 INFO             PET1       <<<MODEL: leaving Run (phase=RunPhase1) with current time:    0  1  1  0  1 30   0
20231108 051114.475 INFO             PET1     MODEL: Run extro.
20231108 051114.475 INFO             PET1     driver: RunSequence event loopLevel=   1  levelMember=   1  loopIteration=   4, current time:    0  1  1  0  1 30   0
20231108 051114.475 INFO             PET1     MODEL: Run intro.
20231108 051114.475 INFO             PET1       >>>MODEL: entered Run (phase=RunPhase1) with current time:    0  1  1  0  1 30   0
20231108 051114.475 INFO             PET1       MODEL: time step-loop starting, current time:    0  1  1  0  1 30   0
20231108 051114.475 INFO             PET1       thread_num=   2   currentSsiPe=  22   num_threads=   3   max_threads=   3   num_procs=  36
20231108 051114.475 INFO             PET1       thread_num=   1   currentSsiPe=  21   num_threads=   3   max_threads=   3   num_procs=  36
20231108 051114.475 INFO             PET1       thread_num=   0   currentSsiPe=  71   num_threads=   3   max_threads=   3   num_procs=  36
20231108 051114.475 INFO             PET1       ---->Advancing Model from:    0  1  1  0  1 30   0
20231108 051114.475 INFO             PET1       ---------------------> to:    0  1  1  0  2  0   0
20231108 051114.475 INFO             PET1       MODEL: time step-loop ending,   current time:    0  1  1  0  2  0   0
20231108 051114.475 INFO             PET1       <<<MODEL: leaving Run (phase=RunPhase1) with current time:    0  1  1  0  2  0   0
20231108 051114.475 INFO             PET1     MODEL: Run extro.
20231108 051114.475 INFO             PET1     driver: RunSequence event loopLevel=   1  levelMember=   1  loopIteration=   5, current time:    0  1  1  0  2  0   0
20231108 051114.476 INFO             PET1     MODEL: Run intro.
20231108 051114.476 INFO             PET1       >>>MODEL: entered Run (phase=RunPhase1) with current time:    0  1  1  0  2  0   0
20231108 051114.476 INFO             PET1       MODEL: time step-loop starting, current time:    0  1  1  0  2  0   0
20231108 051114.476 INFO             PET1       thread_num=   2   currentSsiPe=  22   num_threads=   3   max_threads=   3   num_procs=  36
20231108 051114.476 INFO             PET1       thread_num=   1   currentSsiPe=  21   num_threads=   3   max_threads=   3   num_procs=  36
20231108 051114.476 INFO             PET1       thread_num=   0   currentSsiPe=  71   num_threads=   3   max_threads=   3   num_procs=  36
20231108 051114.476 INFO             PET1       ---->Advancing Model from:    0  1  1  0  2  0   0
20231108 051114.476 INFO             PET1       ---------------------> to:    0  1  1  0  2 30   0
20231108 051114.476 INFO             PET1       MODEL: time step-loop ending,   current time:    0  1  1  0  2 30   0
20231108 051114.476 INFO             PET1       <<<MODEL: leaving Run (phase=RunPhase1) with current time:    0  1  1  0  2 30   0
20231108 051114.476 INFO             PET1     MODEL: Run extro.
20231108 051114.476 INFO             PET1   driver: end <--------- RunSequence
20231108 051114.476 INFO             PET1   <<<driver - leaving Run with current time:    0  1  1  0  2 30   0
20231108 051114.476 INFO             PET1 driver: Run extro.
20231108 051114.476 INFO             PET1 driver: Finalize intro.
20231108 051114.476 INFO             PET1   Calling Finalize phase 1 for modelComp: MODEL
20231108 051114.476 INFO             PET1   MODEL: Finalize intro.
20231108 051114.476 INFO             PET1     >>>MODEL: entered Finalize (phase=FinalizePhase1) with current time:    0  1  1  0  2 30   0
20231108 051114.476 INFO             PET1     <<<MODEL: leaving Finalize (phase=FinalizePhase1) with current time:    0  1  1  0  2 30   0
20231108 051114.476 INFO             PET1   MODEL: Finalize extro.
20231108 051114.476 INFO             PET1   Delete modelComp: MODEL
20231108 051114.476 INFO             PET1   Delete Import-/Export State for modelComp: MODEL
20231108 051114.476 INFO             PET1 driver: Finalize extro.
20231108 051114.476 INFO             PET1 mainApp FINISHED
20231108 051114.476 INFO             PET1  Finalizing ESMF
20231108 051114.456 INFO             PET2 !!!!!!!!!!!!!!!!!!!!!!!!!!!!!!!!!!!!!!!!!!!!!!!!!!!!!!
20231108 051114.456 INFO             PET2 !!! THE ESMF_LOG IS SET TO OUTPUT ALL LOG MESSAGES !!!
20231108 051114.456 INFO             PET2 !!!     THIS MAY CAUSE SLOWDOWN IN PERFORMANCE     !!!
20231108 051114.456 INFO             PET2 !!! FOR PRODUCTION RUNS, USE:                      !!!
20231108 051114.456 INFO             PET2 !!!                   ESMF_LOGKIND_Multi_On_Error  !!!
20231108 051114.456 INFO             PET2 !!!!!!!!!!!!!!!!!!!!!!!!!!!!!!!!!!!!!!!!!!!!!!!!!!!!!!
20231108 051114.456 INFO             PET2 Running with ESMF Version   : v8.6.0b14-1-g93d64a266e
20231108 051114.456 INFO             PET2 ESMF library build date/time: "Nov  8 2023" "03:45:22"
20231108 051114.456 INFO             PET2 ESMF library build location : /glade/scratch/theurich/ESMF-Nightly-Testing/intel_18.0.5_openmpi_O_release_8.6.0/esmf
20231108 051114.456 INFO             PET2 ESMF_COMM                   : openmpi
20231108 051114.456 INFO             PET2 ESMF_MOAB                   : enabled
20231108 051114.456 INFO             PET2 ESMF_LAPACK                 : enabled
20231108 051114.456 INFO             PET2 ESMF_NETCDF                 : enabled
20231108 051114.456 INFO             PET2 ESMF_PNETCDF                : disabled
20231108 051114.456 INFO             PET2 ESMF_PIO                    : enabled
20231108 051114.456 INFO             PET2 ESMF_YAMLCPP                : enabled
20231108 051114.457 INFO             PET2 mainApp STARTING
20231108 051114.459 INFO             PET2 driver: InitializeGeneric intro.
20231108 051114.459 INFO             PET2   driver: InitializeP0 intro.
20231108 051114.459 INFO             PET2   driver: InitializeP0 extro.
20231108 051114.459 INFO             PET2   driver: InitializeIPDv02p1 intro.
20231108 051114.459 INFO             PET2     >>>driver: entered Initialize (phase=<none>) without valid internal Clock.
20231108 051114.460 INFO             PET2     driver - Creating model component MODEL without petList.
20231108 051114.461 INFO             PET2      GridCompIsPetLocal:  T
20231108 051114.461 INFO             PET2      VmIsCreated:  T
20231108 051114.461 INFO             PET2      valid MPI_COMM with size=           4
20231108 051114.461 INFO             PET2     driver - Creating state: modelComp 1 Import State
20231108 051114.461 INFO             PET2     driver - Creating state: modelComp 1 Export State
20231108 051114.462 INFO             PET2     MODEL: InitializeP0 intro.
20231108 051114.462 INFO             PET2       >>>MODEL: entered Initialize (phase=<none>) without valid internal Clock.
20231108 051114.462 INFO             PET2       <<<MODEL: leaving Initialize (phase=<none>) without valid internal Clock.
20231108 051114.462 INFO             PET2     MODEL: InitializeP0 extro.
20231108 051114.463 INFO             PET2     driver: IInitAdvertise intro.
20231108 051114.463 INFO             PET2     driver: IInitAdvertise extro.
20231108 051114.463 INFO             PET2     MODEL: InitializeIPDvXp01 intro.
20231108 051114.463 INFO             PET2       >>>MODEL: entered Initialize (phase=IPDvXp01) without valid internal Clock.
20231108 051114.464 INFO             PET2       <<<MODEL: leaving Initialize (phase=IPDvXp01) without valid internal Clock.
20231108 051114.464 INFO             PET2     MODEL: InitializeIPDvXp01 extro.
20231108 051114.464 INFO             PET2     driver: IInitAdvertiseFinish intro.
20231108 051114.464 INFO             PET2     driver: IInitAdvertiseFinish extro.
20231108 051114.464 INFO             PET2     driver: IInitModifyCplLists intro.
20231108 051114.465 INFO             PET2     driver: IInitModifyCplLists extro.
20231108 051114.465 INFO             PET2     <<<driver: leaving Initialize (phase=<none>) with current time:    0  1  1  0  0  0   0
20231108 051114.465 INFO             PET2   driver: InitializeIPDv02p1 extro.
20231108 051114.465 INFO             PET2   driver: InitializeIPDv02p3 intro.
20231108 051114.465 INFO             PET2     >>>driver: entered Initialize (phase=<none>) with current time:    0  1  1  0  0  0   0
20231108 051114.467 INFO             PET2     driver: IInitCheck intro.
20231108 051114.467 INFO             PET2     driver: IInitCheck extro.
20231108 051114.467 INFO             PET2     MODEL: InitializeIPDvXp04 intro.
20231108 051114.467 INFO             PET2       >>>MODEL: entered Initialize (phase=IPDvXp04) without valid internal Clock.
20231108 051114.469 INFO             PET2       After Realize: - MemInfo: [/proc/meminfo - SSI]	MemTotal:       65507008 kB
20231108 051114.469 INFO             PET2       After Realize: - MemInfo: [/proc/meminfo - SSI]	MemFree:        49541904 kB
20231108 051114.469 INFO             PET2       After Realize: - MemInfo: [/proc/meminfo - SSI]	MemAvailable:   49559084 kB
20231108 051114.469 INFO             PET2       After Realize: - MemInfo: [/proc/meminfo - SSI]	Committed_AS:   14092152 kB
20231108 051114.469 INFO             PET2       After Realize: - MemInfo: [/proc/meminfo - SSI]	CommittedPercent: 21.5124 %
20231108 051114.469 INFO             PET2       After Realize: - MemInfo: [/proc/self/status]	VmPeak:	  485860 kB
20231108 051114.469 INFO             PET2       After Realize: - MemInfo: [/proc/self/status]	VmSize:	  485860 kB
20231108 051114.469 INFO             PET2       After Realize: - MemInfo: [/proc/self/status]	VmLck:	       0 kB
20231108 051114.469 INFO             PET2       After Realize: - MemInfo: [/proc/self/status]	VmPin:	   39928 kB
20231108 051114.469 INFO             PET2       After Realize: - MemInfo: [/proc/self/status]	VmHWM:	   56900 kB
20231108 051114.469 INFO             PET2       After Realize: - MemInfo: [/proc/self/status]	VmRSS:	   56900 kB
20231108 051114.469 INFO             PET2       After Realize: - MemInfo: [/proc/self/status]	VmData:	   47816 kB
20231108 051114.469 INFO             PET2       After Realize: - MemInfo: [/proc/self/status]	VmStk:	     156 kB
20231108 051114.469 INFO             PET2       After Realize: - MemInfo: [/proc/self/status]	VmExe:	    1716 kB
20231108 051114.469 INFO             PET2       After Realize: - MemInfo: [/proc/self/status]	VmLib:	   89788 kB
20231108 051114.469 INFO             PET2       After Realize: - MemInfo: [/proc/self/status]	VmPTE:	     636 kB
20231108 051114.469 INFO             PET2       After Realize: - MemInfo: [/proc/self/status]	VmPMD:	      16 kB
20231108 051114.469 INFO             PET2       After Realize: - MemInfo: [/proc/self/status]	VmSwap:	       0 kB
20231108 051114.469 INFO             PET2       After Realize: - MemInfo: [/proc/self/status]	VmRSSPercent: 0.0868609 %
20231108 051114.469 INFO             PET2       After Realize: - MemInfo: [malloc] Non-mmapped space allocated:                 4784128 Byte
20231108 051114.469 INFO             PET2       After Realize: - MemInfo: [malloc] Space allocated in mmapped regions:         28471296 Byte
20231108 051114.469 INFO             PET2       After Realize: - MemInfo: [malloc] Maximum total allocated space:                     0 Byte
20231108 051114.469 INFO             PET2       After Realize: - MemInfo: [malloc] Space in freed fastbin blocks:                  1872 Byte
20231108 051114.469 INFO             PET2       After Realize: - MemInfo: [malloc] Total allocated space:                       4622640 Byte
20231108 051114.469 INFO             PET2       After Realize: - MemInfo: [malloc] Total free space:                             161488 Byte
20231108 051114.469 INFO             PET2       After Realize: - MemInfo: [malloc] Top-most, releasable space:                    13824 Byte
20231108 051114.469 INFO             PET2       After Realize: - MemInfo: [malloc] Total space in use, mmap + non-mmap:        33093936 Byte
20231108 051114.469 INFO             PET2       After Realize: - MemInfo: [malloc] Total space held (mmap + non-mmap):         33255424 Byte
20231108 051114.469 INFO             PET2       After Realize: - MemInfo: [malloc] Total space used (mmap + non-mmap):         33103296 Byte
20231108 051114.469 INFO             PET2       After Realize: - MemInfo: Wall-clock time since execution start:              0.0175347 seconds
20231108 051114.469 INFO             PET2       <<<MODEL: leaving Initialize (phase=IPDvXp04) without valid internal Clock.
20231108 051114.469 INFO             PET2     MODEL: InitializeIPDvXp04 extro.
20231108 051114.469 INFO             PET2     driver: IInitRealize intro.
20231108 051114.469 INFO             PET2     driver: IInitRealize extro.
20231108 051114.470 INFO             PET2     MODEL: InitializeIPDvXp07 intro.
20231108 051114.470 INFO             PET2       >>>MODEL: entered Initialize (phase=IPDvXp07) without valid internal Clock.
20231108 051114.470 INFO             PET2       <<<MODEL: leaving Initialize (phase=IPDvXp07) with current time:    0  1  1  0  0  0   0
20231108 051114.470 INFO             PET2     MODEL: InitializeIPDvXp07 extro.
20231108 051114.470 INFO             PET2     <<<driver: leaving Initialize (phase=<none>) with current time:    0  1  1  0  0  0   0
20231108 051114.470 INFO             PET2   driver: InitializeIPDv02p3 extro.
20231108 051114.470 INFO             PET2   driver: InitializeIPDv02p5 intro.
20231108 051114.470 INFO             PET2     >>>driver: entered Initialize (phase=<none>) with current time:    0  1  1  0  0  0   0
20231108 051114.470 INFO             PET2     driver: this is a top level driver, no 'Updated' and 'InitializeDataComplete' info on this level.
20231108 051114.470 INFO             PET2     driver: InitializeIPDv02p5Data intro.
20231108 051114.470 INFO             PET2       driver: InternalInitializeComplete intro.
20231108 051114.470 INFO             PET2         driver: InitializeDataComplete='true'
20231108 051114.470 INFO             PET2       driver: InternalInitializeComplete extro.
20231108 051114.470 INFO             PET2       MODEL: InitializeIPDvXp08 intro.
20231108 051114.470 INFO             PET2         >>>MODEL: entered Initialize (phase=IPDv05p8) with current time:    0  1  1  0  0  0   0
20231108 051114.470 INFO             PET2         MODEL: InitializeDataProgress='false', InitializeDataComplete='false'
20231108 051114.471 INFO             PET2         <<<MODEL: leaving Initialize (phase=IPDv05p8) with current time:    0  1  1  0  0  0   0
20231108 051114.471 INFO             PET2       MODEL: InitializeIPDvXp08 extro.
20231108 051114.472 INFO             PET2       driver: components present that trigger loopDataDependentInitialize().
20231108 051114.472 INFO             PET2       driver: loopDataDependentInitialize intro.
20231108 051114.472 INFO             PET2         driver: component    0=driver, dataComplete (local): true
20231108 051114.472 INFO             PET2         driver: component    0=driver, dataComplete (global):  T
20231108 051114.472 INFO             PET2         driver: component    1=MODEL, dataComplete (local): false
20231108 051114.472 INFO             PET2         driver: component    1=MODEL, dataComplete (global):  F
20231108 051114.472 INFO             PET2         MODEL: InitializeIPDvXp08 intro.
20231108 051114.472 INFO             PET2           >>>MODEL: entered Initialize (phase=IPDv05p8) with current time:    0  1  1  0  0  0   0
20231108 051114.472 INFO             PET2           MODEL: InitializeDataProgress='true', InitializeDataComplete='true'
20231108 051114.472 INFO             PET2           <<<MODEL: leaving Initialize (phase=IPDv05p8) with current time:    0  1  1  0  0  0   0
20231108 051114.472 INFO             PET2         MODEL: InitializeIPDvXp08 extro.
20231108 051114.473 INFO             PET2         driver: component    1=MODEL, someProgress (local): true
20231108 051114.473 INFO             PET2         driver: component    1=MODEL, someProgress (global):  T
20231108 051114.473 INFO             PET2         driver: someProgress= T, allComplete= F, present(dataDepAllComplete)= T
20231108 051114.473 INFO             PET2         driver: component    0=driver, dataComplete (local): true
20231108 051114.473 INFO             PET2         driver: component    0=driver, dataComplete (global):  T
20231108 051114.473 INFO             PET2         driver: component    1=MODEL, dataComplete (local): true
20231108 051114.473 INFO             PET2         driver: component    1=MODEL, dataComplete (global):  T
20231108 051114.473 INFO             PET2         driver: someProgress= F, allComplete= T, present(dataDepAllComplete)= T
20231108 051114.473 INFO             PET2         driver: finished resolving initialize data dependencies on this level.
20231108 051114.473 INFO             PET2       driver: loopDataDependentInitialize extro.
20231108 051114.473 INFO             PET2       driver: loopDataDependentInitialize() returned with dataDepAllComplete:  T
20231108 051114.473 INFO             PET2     driver: InitializeIPDv02p5Data extro.
20231108 051114.473 INFO             PET2     <<<driver: leaving Initialize (phase=<none>) with current time:    0  1  1  0  0  0   0
20231108 051114.473 INFO             PET2   driver: InitializeIPDv02p5 extro.
20231108 051114.473 INFO             PET2 driver: InitializeGeneric extro.
20231108 051114.473 INFO             PET2 driver: Run intro.
20231108 051114.473 INFO             PET2   >>>driver entered Run (phase=RunPhase1) with current time:    0  1  1  0  0  0   0
20231108 051114.473 INFO             PET2   driver: after lable_SetRunClock, current time:    0  1  1  0  0  0   0
20231108 051114.473 INFO             PET2   driver: begin -------> RunSequence.
20231108 051114.473 INFO             PET2     driver: RunSequence event loopLevel=   1  levelMember=   1  loopIteration=   1, current time:    0  1  1  0  0  0   0
20231108 051114.473 INFO             PET2     MODEL: Run intro.
20231108 051114.473 INFO             PET2       >>>MODEL: entered Run (phase=RunPhase1) with current time:    0  1  1  0  0  0   0
20231108 051114.473 INFO             PET2       MODEL: time step-loop starting, current time:    0  1  1  0  0  0   0
20231108 051114.474 INFO             PET2       thread_num=   1   currentSsiPe=  11   num_threads=   3   max_threads=   3   num_procs=  36
20231108 051114.474 INFO             PET2       thread_num=   0   currentSsiPe=   0   num_threads=   3   max_threads=   3   num_procs=  36
20231108 051114.474 INFO             PET2       thread_num=   2   currentSsiPe=  13   num_threads=   3   max_threads=   3   num_procs=  36
20231108 051114.474 INFO             PET2       ---->Advancing Model from:    0  1  1  0  0  0   0
20231108 051114.474 INFO             PET2       ---------------------> to:    0  1  1  0  0 30   0
20231108 051114.474 INFO             PET2       MODEL: time step-loop ending,   current time:    0  1  1  0  0 30   0
20231108 051114.474 INFO             PET2       <<<MODEL: leaving Run (phase=RunPhase1) with current time:    0  1  1  0  0 30   0
20231108 051114.474 INFO             PET2     MODEL: Run extro.
20231108 051114.474 INFO             PET2     driver: RunSequence event loopLevel=   1  levelMember=   1  loopIteration=   2, current time:    0  1  1  0  0 30   0
20231108 051114.474 INFO             PET2     MODEL: Run intro.
20231108 051114.475 INFO             PET2       >>>MODEL: entered Run (phase=RunPhase1) with current time:    0  1  1  0  0 30   0
20231108 051114.475 INFO             PET2       MODEL: time step-loop starting, current time:    0  1  1  0  0 30   0
20231108 051114.475 INFO             PET2       thread_num=   2   currentSsiPe=  13   num_threads=   3   max_threads=   3   num_procs=  36
20231108 051114.475 INFO             PET2       thread_num=   0   currentSsiPe=   0   num_threads=   3   max_threads=   3   num_procs=  36
20231108 051114.475 INFO             PET2       thread_num=   1   currentSsiPe=  11   num_threads=   3   max_threads=   3   num_procs=  36
20231108 051114.475 INFO             PET2       ---->Advancing Model from:    0  1  1  0  0 30   0
20231108 051114.475 INFO             PET2       ---------------------> to:    0  1  1  0  1  0   0
20231108 051114.475 INFO             PET2       MODEL: time step-loop ending,   current time:    0  1  1  0  1  0   0
20231108 051114.475 INFO             PET2       <<<MODEL: leaving Run (phase=RunPhase1) with current time:    0  1  1  0  1  0   0
20231108 051114.475 INFO             PET2     MODEL: Run extro.
20231108 051114.475 INFO             PET2     driver: RunSequence event loopLevel=   1  levelMember=   1  loopIteration=   3, current time:    0  1  1  0  1  0   0
20231108 051114.475 INFO             PET2     MODEL: Run intro.
20231108 051114.475 INFO             PET2       >>>MODEL: entered Run (phase=RunPhase1) with current time:    0  1  1  0  1  0   0
20231108 051114.475 INFO             PET2       MODEL: time step-loop starting, current time:    0  1  1  0  1  0   0
20231108 051114.475 INFO             PET2       thread_num=   1   currentSsiPe=  11   num_threads=   3   max_threads=   3   num_procs=  36
20231108 051114.475 INFO             PET2       thread_num=   2   currentSsiPe=  13   num_threads=   3   max_threads=   3   num_procs=  36
20231108 051114.475 INFO             PET2       thread_num=   0   currentSsiPe=   0   num_threads=   3   max_threads=   3   num_procs=  36
20231108 051114.475 INFO             PET2       ---->Advancing Model from:    0  1  1  0  1  0   0
20231108 051114.475 INFO             PET2       ---------------------> to:    0  1  1  0  1 30   0
20231108 051114.475 INFO             PET2       MODEL: time step-loop ending,   current time:    0  1  1  0  1 30   0
20231108 051114.475 INFO             PET2       <<<MODEL: leaving Run (phase=RunPhase1) with current time:    0  1  1  0  1 30   0
20231108 051114.475 INFO             PET2     MODEL: Run extro.
20231108 051114.475 INFO             PET2     driver: RunSequence event loopLevel=   1  levelMember=   1  loopIteration=   4, current time:    0  1  1  0  1 30   0
20231108 051114.475 INFO             PET2     MODEL: Run intro.
20231108 051114.475 INFO             PET2       >>>MODEL: entered Run (phase=RunPhase1) with current time:    0  1  1  0  1 30   0
20231108 051114.475 INFO             PET2       MODEL: time step-loop starting, current time:    0  1  1  0  1 30   0
20231108 051114.475 INFO             PET2       thread_num=   2   currentSsiPe=  13   num_threads=   3   max_threads=   3   num_procs=  36
20231108 051114.475 INFO             PET2       thread_num=   1   currentSsiPe=  11   num_threads=   3   max_threads=   3   num_procs=  36
20231108 051114.475 INFO             PET2       thread_num=   0   currentSsiPe=   0   num_threads=   3   max_threads=   3   num_procs=  36
20231108 051114.475 INFO             PET2       ---->Advancing Model from:    0  1  1  0  1 30   0
20231108 051114.475 INFO             PET2       ---------------------> to:    0  1  1  0  2  0   0
20231108 051114.475 INFO             PET2       MODEL: time step-loop ending,   current time:    0  1  1  0  2  0   0
20231108 051114.475 INFO             PET2       <<<MODEL: leaving Run (phase=RunPhase1) with current time:    0  1  1  0  2  0   0
20231108 051114.475 INFO             PET2     MODEL: Run extro.
20231108 051114.475 INFO             PET2     driver: RunSequence event loopLevel=   1  levelMember=   1  loopIteration=   5, current time:    0  1  1  0  2  0   0
20231108 051114.475 INFO             PET2     MODEL: Run intro.
20231108 051114.475 INFO             PET2       >>>MODEL: entered Run (phase=RunPhase1) with current time:    0  1  1  0  2  0   0
20231108 051114.475 INFO             PET2       MODEL: time step-loop starting, current time:    0  1  1  0  2  0   0
20231108 051114.475 INFO             PET2       thread_num=   1   currentSsiPe=  11   num_threads=   3   max_threads=   3   num_procs=  36
20231108 051114.475 INFO             PET2       thread_num=   2   currentSsiPe=  13   num_threads=   3   max_threads=   3   num_procs=  36
20231108 051114.476 INFO             PET2       thread_num=   0   currentSsiPe=   0   num_threads=   3   max_threads=   3   num_procs=  36
20231108 051114.476 INFO             PET2       ---->Advancing Model from:    0  1  1  0  2  0   0
20231108 051114.476 INFO             PET2       ---------------------> to:    0  1  1  0  2 30   0
20231108 051114.476 INFO             PET2       MODEL: time step-loop ending,   current time:    0  1  1  0  2 30   0
20231108 051114.476 INFO             PET2       <<<MODEL: leaving Run (phase=RunPhase1) with current time:    0  1  1  0  2 30   0
20231108 051114.476 INFO             PET2     MODEL: Run extro.
20231108 051114.476 INFO             PET2   driver: end <--------- RunSequence
20231108 051114.476 INFO             PET2   <<<driver - leaving Run with current time:    0  1  1  0  2 30   0
20231108 051114.476 INFO             PET2 driver: Run extro.
20231108 051114.476 INFO             PET2 driver: Finalize intro.
20231108 051114.476 INFO             PET2   Calling Finalize phase 1 for modelComp: MODEL
20231108 051114.476 INFO             PET2   MODEL: Finalize intro.
20231108 051114.476 INFO             PET2     >>>MODEL: entered Finalize (phase=FinalizePhase1) with current time:    0  1  1  0  2 30   0
20231108 051114.476 INFO             PET2     <<<MODEL: leaving Finalize (phase=FinalizePhase1) with current time:    0  1  1  0  2 30   0
20231108 051114.476 INFO             PET2   MODEL: Finalize extro.
20231108 051114.476 INFO             PET2   Delete modelComp: MODEL
20231108 051114.476 INFO             PET2   Delete Import-/Export State for modelComp: MODEL
20231108 051114.476 INFO             PET2 driver: Finalize extro.
20231108 051114.476 INFO             PET2 mainApp FINISHED
20231108 051114.476 INFO             PET2  Finalizing ESMF
20231108 051114.456 INFO             PET3 !!!!!!!!!!!!!!!!!!!!!!!!!!!!!!!!!!!!!!!!!!!!!!!!!!!!!!
20231108 051114.456 INFO             PET3 !!! THE ESMF_LOG IS SET TO OUTPUT ALL LOG MESSAGES !!!
20231108 051114.456 INFO             PET3 !!!     THIS MAY CAUSE SLOWDOWN IN PERFORMANCE     !!!
20231108 051114.456 INFO             PET3 !!! FOR PRODUCTION RUNS, USE:                      !!!
20231108 051114.456 INFO             PET3 !!!                   ESMF_LOGKIND_Multi_On_Error  !!!
20231108 051114.456 INFO             PET3 !!!!!!!!!!!!!!!!!!!!!!!!!!!!!!!!!!!!!!!!!!!!!!!!!!!!!!
20231108 051114.456 INFO             PET3 Running with ESMF Version   : v8.6.0b14-1-g93d64a266e
20231108 051114.456 INFO             PET3 ESMF library build date/time: "Nov  8 2023" "03:45:22"
20231108 051114.456 INFO             PET3 ESMF library build location : /glade/scratch/theurich/ESMF-Nightly-Testing/intel_18.0.5_openmpi_O_release_8.6.0/esmf
20231108 051114.456 INFO             PET3 ESMF_COMM                   : openmpi
20231108 051114.456 INFO             PET3 ESMF_MOAB                   : enabled
20231108 051114.456 INFO             PET3 ESMF_LAPACK                 : enabled
20231108 051114.456 INFO             PET3 ESMF_NETCDF                 : enabled
20231108 051114.456 INFO             PET3 ESMF_PNETCDF                : disabled
20231108 051114.456 INFO             PET3 ESMF_PIO                    : enabled
20231108 051114.456 INFO             PET3 ESMF_YAMLCPP                : enabled
20231108 051114.457 INFO             PET3 mainApp STARTING
20231108 051114.459 INFO             PET3 driver: InitializeGeneric intro.
20231108 051114.459 INFO             PET3   driver: InitializeP0 intro.
20231108 051114.459 INFO             PET3   driver: InitializeP0 extro.
20231108 051114.459 INFO             PET3   driver: InitializeIPDv02p1 intro.
20231108 051114.459 INFO             PET3     >>>driver: entered Initialize (phase=<none>) without valid internal Clock.
20231108 051114.460 INFO             PET3     driver - Creating model component MODEL without petList.
20231108 051114.461 INFO             PET3      GridCompIsPetLocal:  T
20231108 051114.461 INFO             PET3      VmIsCreated:  T
20231108 051114.461 INFO             PET3      valid MPI_COMM with size=           4
20231108 051114.461 INFO             PET3     driver - Creating state: modelComp 1 Import State
20231108 051114.461 INFO             PET3     driver - Creating state: modelComp 1 Export State
20231108 051114.462 INFO             PET3     MODEL: InitializeP0 intro.
20231108 051114.462 INFO             PET3       >>>MODEL: entered Initialize (phase=<none>) without valid internal Clock.
20231108 051114.462 INFO             PET3       <<<MODEL: leaving Initialize (phase=<none>) without valid internal Clock.
20231108 051114.462 INFO             PET3     MODEL: InitializeP0 extro.
20231108 051114.463 INFO             PET3     driver: IInitAdvertise intro.
20231108 051114.463 INFO             PET3     driver: IInitAdvertise extro.
20231108 051114.463 INFO             PET3     MODEL: InitializeIPDvXp01 intro.
20231108 051114.463 INFO             PET3       >>>MODEL: entered Initialize (phase=IPDvXp01) without valid internal Clock.
20231108 051114.464 INFO             PET3       <<<MODEL: leaving Initialize (phase=IPDvXp01) without valid internal Clock.
20231108 051114.464 INFO             PET3     MODEL: InitializeIPDvXp01 extro.
20231108 051114.464 INFO             PET3     driver: IInitAdvertiseFinish intro.
20231108 051114.464 INFO             PET3     driver: IInitAdvertiseFinish extro.
20231108 051114.465 INFO             PET3     driver: IInitModifyCplLists intro.
20231108 051114.465 INFO             PET3     driver: IInitModifyCplLists extro.
20231108 051114.465 INFO             PET3     <<<driver: leaving Initialize (phase=<none>) with current time:    0  1  1  0  0  0   0
20231108 051114.465 INFO             PET3   driver: InitializeIPDv02p1 extro.
20231108 051114.465 INFO             PET3   driver: InitializeIPDv02p3 intro.
20231108 051114.465 INFO             PET3     >>>driver: entered Initialize (phase=<none>) with current time:    0  1  1  0  0  0   0
20231108 051114.467 INFO             PET3     driver: IInitCheck intro.
20231108 051114.467 INFO             PET3     driver: IInitCheck extro.
20231108 051114.467 INFO             PET3     MODEL: InitializeIPDvXp04 intro.
20231108 051114.467 INFO             PET3       >>>MODEL: entered Initialize (phase=IPDvXp04) without valid internal Clock.
20231108 051114.469 INFO             PET3       After Realize: - MemInfo: [/proc/meminfo - SSI]	MemTotal:       65507008 kB
20231108 051114.469 INFO             PET3       After Realize: - MemInfo: [/proc/meminfo - SSI]	MemFree:        49541904 kB
20231108 051114.469 INFO             PET3       After Realize: - MemInfo: [/proc/meminfo - SSI]	MemAvailable:   49559084 kB
20231108 051114.469 INFO             PET3       After Realize: - MemInfo: [/proc/meminfo - SSI]	Committed_AS:   14092152 kB
20231108 051114.469 INFO             PET3       After Realize: - MemInfo: [/proc/meminfo - SSI]	CommittedPercent: 21.5124 %
20231108 051114.469 INFO             PET3       After Realize: - MemInfo: [/proc/self/status]	VmPeak:	  485868 kB
20231108 051114.469 INFO             PET3       After Realize: - MemInfo: [/proc/self/status]	VmSize:	  485868 kB
20231108 051114.469 INFO             PET3       After Realize: - MemInfo: [/proc/self/status]	VmLck:	       0 kB
20231108 051114.469 INFO             PET3       After Realize: - MemInfo: [/proc/self/status]	VmPin:	   39928 kB
20231108 051114.469 INFO             PET3       After Realize: - MemInfo: [/proc/self/status]	VmHWM:	   56860 kB
20231108 051114.469 INFO             PET3       After Realize: - MemInfo: [/proc/self/status]	VmRSS:	   56860 kB
20231108 051114.469 INFO             PET3       After Realize: - MemInfo: [/proc/self/status]	VmData:	   47816 kB
20231108 051114.469 INFO             PET3       After Realize: - MemInfo: [/proc/self/status]	VmStk:	     164 kB
20231108 051114.469 INFO             PET3       After Realize: - MemInfo: [/proc/self/status]	VmExe:	    1716 kB
20231108 051114.469 INFO             PET3       After Realize: - MemInfo: [/proc/self/status]	VmLib:	   89788 kB
20231108 051114.469 INFO             PET3       After Realize: - MemInfo: [/proc/self/status]	VmPTE:	     636 kB
20231108 051114.469 INFO             PET3       After Realize: - MemInfo: [/proc/self/status]	VmPMD:	      16 kB
20231108 051114.469 INFO             PET3       After Realize: - MemInfo: [/proc/self/status]	VmSwap:	       0 kB
20231108 051114.469 INFO             PET3       After Realize: - MemInfo: [/proc/self/status]	VmRSSPercent: 0.0867999 %
20231108 051114.469 INFO             PET3       After Realize: - MemInfo: [malloc] Non-mmapped space allocated:                 4784128 Byte
20231108 051114.469 INFO             PET3       After Realize: - MemInfo: [malloc] Space allocated in mmapped regions:         28471296 Byte
20231108 051114.469 INFO             PET3       After Realize: - MemInfo: [malloc] Maximum total allocated space:                     0 Byte
20231108 051114.469 INFO             PET3       After Realize: - MemInfo: [malloc] Space in freed fastbin blocks:                  1872 Byte
20231108 051114.469 INFO             PET3       After Realize: - MemInfo: [malloc] Total allocated space:                       4622704 Byte
20231108 051114.469 INFO             PET3       After Realize: - MemInfo: [malloc] Total free space:                             161424 Byte
20231108 051114.469 INFO             PET3       After Realize: - MemInfo: [malloc] Top-most, releasable space:                    13760 Byte
20231108 051114.469 INFO             PET3       After Realize: - MemInfo: [malloc] Total space in use, mmap + non-mmap:        33094000 Byte
20231108 051114.469 INFO             PET3       After Realize: - MemInfo: [malloc] Total space held (mmap + non-mmap):         33255424 Byte
20231108 051114.469 INFO             PET3       After Realize: - MemInfo: [malloc] Total space used (mmap + non-mmap):         33103360 Byte
20231108 051114.469 INFO             PET3       After Realize: - MemInfo: Wall-clock time since execution start:              0.0178824 seconds
20231108 051114.469 INFO             PET3       <<<MODEL: leaving Initialize (phase=IPDvXp04) without valid internal Clock.
20231108 051114.469 INFO             PET3     MODEL: InitializeIPDvXp04 extro.
20231108 051114.470 INFO             PET3     driver: IInitRealize intro.
20231108 051114.470 INFO             PET3     driver: IInitRealize extro.
20231108 051114.471 INFO             PET3     MODEL: InitializeIPDvXp07 intro.
20231108 051114.471 INFO             PET3       >>>MODEL: entered Initialize (phase=IPDvXp07) without valid internal Clock.
20231108 051114.471 INFO             PET3       <<<MODEL: leaving Initialize (phase=IPDvXp07) with current time:    0  1  1  0  0  0   0
20231108 051114.471 INFO             PET3     MODEL: InitializeIPDvXp07 extro.
20231108 051114.471 INFO             PET3     <<<driver: leaving Initialize (phase=<none>) with current time:    0  1  1  0  0  0   0
20231108 051114.471 INFO             PET3   driver: InitializeIPDv02p3 extro.
20231108 051114.471 INFO             PET3   driver: InitializeIPDv02p5 intro.
20231108 051114.471 INFO             PET3     >>>driver: entered Initialize (phase=<none>) with current time:    0  1  1  0  0  0   0
20231108 051114.471 INFO             PET3     driver: this is a top level driver, no 'Updated' and 'InitializeDataComplete' info on this level.
20231108 051114.471 INFO             PET3     driver: InitializeIPDv02p5Data intro.
20231108 051114.471 INFO             PET3       driver: InternalInitializeComplete intro.
20231108 051114.471 INFO             PET3         driver: InitializeDataComplete='true'
20231108 051114.471 INFO             PET3       driver: InternalInitializeComplete extro.
20231108 051114.471 INFO             PET3       MODEL: InitializeIPDvXp08 intro.
20231108 051114.471 INFO             PET3         >>>MODEL: entered Initialize (phase=IPDv05p8) with current time:    0  1  1  0  0  0   0
20231108 051114.471 INFO             PET3         MODEL: InitializeDataProgress='false', InitializeDataComplete='false'
20231108 051114.472 INFO             PET3         <<<MODEL: leaving Initialize (phase=IPDv05p8) with current time:    0  1  1  0  0  0   0
20231108 051114.472 INFO             PET3       MODEL: InitializeIPDvXp08 extro.
20231108 051114.472 INFO             PET3       driver: components present that trigger loopDataDependentInitialize().
20231108 051114.472 INFO             PET3       driver: loopDataDependentInitialize intro.
20231108 051114.472 INFO             PET3         driver: component    0=driver, dataComplete (local): true
20231108 051114.472 INFO             PET3         driver: component    0=driver, dataComplete (global):  T
20231108 051114.472 INFO             PET3         driver: component    1=MODEL, dataComplete (local): false
20231108 051114.472 INFO             PET3         driver: component    1=MODEL, dataComplete (global):  F
20231108 051114.472 INFO             PET3         MODEL: InitializeIPDvXp08 intro.
20231108 051114.472 INFO             PET3           >>>MODEL: entered Initialize (phase=IPDv05p8) with current time:    0  1  1  0  0  0   0
20231108 051114.472 INFO             PET3           MODEL: InitializeDataProgress='true', InitializeDataComplete='true'
20231108 051114.472 INFO             PET3           <<<MODEL: leaving Initialize (phase=IPDv05p8) with current time:    0  1  1  0  0  0   0
20231108 051114.472 INFO             PET3         MODEL: InitializeIPDvXp08 extro.
20231108 051114.473 INFO             PET3         driver: component    1=MODEL, someProgress (local): true
20231108 051114.473 INFO             PET3         driver: component    1=MODEL, someProgress (global):  T
20231108 051114.473 INFO             PET3         driver: someProgress= T, allComplete= F, present(dataDepAllComplete)= T
20231108 051114.473 INFO             PET3         driver: component    0=driver, dataComplete (local): true
20231108 051114.473 INFO             PET3         driver: component    0=driver, dataComplete (global):  T
20231108 051114.473 INFO             PET3         driver: component    1=MODEL, dataComplete (local): true
20231108 051114.473 INFO             PET3         driver: component    1=MODEL, dataComplete (global):  T
20231108 051114.473 INFO             PET3         driver: someProgress= F, allComplete= T, present(dataDepAllComplete)= T
20231108 051114.473 INFO             PET3         driver: finished resolving initialize data dependencies on this level.
20231108 051114.473 INFO             PET3       driver: loopDataDependentInitialize extro.
20231108 051114.473 INFO             PET3       driver: loopDataDependentInitialize() returned with dataDepAllComplete:  T
20231108 051114.473 INFO             PET3     driver: InitializeIPDv02p5Data extro.
20231108 051114.473 INFO             PET3     <<<driver: leaving Initialize (phase=<none>) with current time:    0  1  1  0  0  0   0
20231108 051114.473 INFO             PET3   driver: InitializeIPDv02p5 extro.
20231108 051114.473 INFO             PET3 driver: InitializeGeneric extro.
20231108 051114.473 INFO             PET3 driver: Run intro.
20231108 051114.473 INFO             PET3   >>>driver entered Run (phase=RunPhase1) with current time:    0  1  1  0  0  0   0
20231108 051114.473 INFO             PET3   driver: after lable_SetRunClock, current time:    0  1  1  0  0  0   0
20231108 051114.473 INFO             PET3   driver: begin -------> RunSequence.
20231108 051114.473 INFO             PET3     driver: RunSequence event loopLevel=   1  levelMember=   1  loopIteration=   1, current time:    0  1  1  0  0  0   0
20231108 051114.473 INFO             PET3     MODEL: Run intro.
20231108 051114.473 INFO             PET3       >>>MODEL: entered Run (phase=RunPhase1) with current time:    0  1  1  0  0  0   0
20231108 051114.473 INFO             PET3       MODEL: time step-loop starting, current time:    0  1  1  0  0  0   0
20231108 051114.474 INFO             PET3       thread_num=   1   currentSsiPe=  20   num_threads=   3   max_threads=   3   num_procs=  36
20231108 051114.474 INFO             PET3       thread_num=   0   currentSsiPe=  18   num_threads=   3   max_threads=   3   num_procs=  36
20231108 051114.474 INFO             PET3       thread_num=   2   currentSsiPe=  70   num_threads=   3   max_threads=   3   num_procs=  36
20231108 051114.474 INFO             PET3       ---->Advancing Model from:    0  1  1  0  0  0   0
20231108 051114.474 INFO             PET3       ---------------------> to:    0  1  1  0  0 30   0
20231108 051114.474 INFO             PET3       MODEL: time step-loop ending,   current time:    0  1  1  0  0 30   0
20231108 051114.474 INFO             PET3       <<<MODEL: leaving Run (phase=RunPhase1) with current time:    0  1  1  0  0 30   0
20231108 051114.474 INFO             PET3     MODEL: Run extro.
20231108 051114.474 INFO             PET3     driver: RunSequence event loopLevel=   1  levelMember=   1  loopIteration=   2, current time:    0  1  1  0  0 30   0
20231108 051114.474 INFO             PET3     MODEL: Run intro.
20231108 051114.475 INFO             PET3       >>>MODEL: entered Run (phase=RunPhase1) with current time:    0  1  1  0  0 30   0
20231108 051114.475 INFO             PET3       MODEL: time step-loop starting, current time:    0  1  1  0  0 30   0
20231108 051114.475 INFO             PET3       thread_num=   2   currentSsiPe=  70   num_threads=   3   max_threads=   3   num_procs=  36
20231108 051114.475 INFO             PET3       thread_num=   1   currentSsiPe=  20   num_threads=   3   max_threads=   3   num_procs=  36
20231108 051114.475 INFO             PET3       thread_num=   0   currentSsiPe=  18   num_threads=   3   max_threads=   3   num_procs=  36
20231108 051114.475 INFO             PET3       ---->Advancing Model from:    0  1  1  0  0 30   0
20231108 051114.475 INFO             PET3       ---------------------> to:    0  1  1  0  1  0   0
20231108 051114.475 INFO             PET3       MODEL: time step-loop ending,   current time:    0  1  1  0  1  0   0
20231108 051114.475 INFO             PET3       <<<MODEL: leaving Run (phase=RunPhase1) with current time:    0  1  1  0  1  0   0
20231108 051114.475 INFO             PET3     MODEL: Run extro.
20231108 051114.475 INFO             PET3     driver: RunSequence event loopLevel=   1  levelMember=   1  loopIteration=   3, current time:    0  1  1  0  1  0   0
20231108 051114.475 INFO             PET3     MODEL: Run intro.
20231108 051114.475 INFO             PET3       >>>MODEL: entered Run (phase=RunPhase1) with current time:    0  1  1  0  1  0   0
20231108 051114.475 INFO             PET3       MODEL: time step-loop starting, current time:    0  1  1  0  1  0   0
20231108 051114.475 INFO             PET3       thread_num=   2   currentSsiPe=  70   num_threads=   3   max_threads=   3   num_procs=  36
20231108 051114.475 INFO             PET3       thread_num=   1   currentSsiPe=  20   num_threads=   3   max_threads=   3   num_procs=  36
20231108 051114.475 INFO             PET3       thread_num=   0   currentSsiPe=  18   num_threads=   3   max_threads=   3   num_procs=  36
20231108 051114.475 INFO             PET3       ---->Advancing Model from:    0  1  1  0  1  0   0
20231108 051114.475 INFO             PET3       ---------------------> to:    0  1  1  0  1 30   0
20231108 051114.475 INFO             PET3       MODEL: time step-loop ending,   current time:    0  1  1  0  1 30   0
20231108 051114.475 INFO             PET3       <<<MODEL: leaving Run (phase=RunPhase1) with current time:    0  1  1  0  1 30   0
20231108 051114.475 INFO             PET3     MODEL: Run extro.
20231108 051114.475 INFO             PET3     driver: RunSequence event loopLevel=   1  levelMember=   1  loopIteration=   4, current time:    0  1  1  0  1 30   0
20231108 051114.475 INFO             PET3     MODEL: Run intro.
20231108 051114.475 INFO             PET3       >>>MODEL: entered Run (phase=RunPhase1) with current time:    0  1  1  0  1 30   0
20231108 051114.475 INFO             PET3       MODEL: time step-loop starting, current time:    0  1  1  0  1 30   0
20231108 051114.475 INFO             PET3       thread_num=   2   currentSsiPe=  70   num_threads=   3   max_threads=   3   num_procs=  36
20231108 051114.475 INFO             PET3       thread_num=   1   currentSsiPe=  20   num_threads=   3   max_threads=   3   num_procs=  36
20231108 051114.475 INFO             PET3       thread_num=   0   currentSsiPe=  18   num_threads=   3   max_threads=   3   num_procs=  36
20231108 051114.475 INFO             PET3       ---->Advancing Model from:    0  1  1  0  1 30   0
20231108 051114.475 INFO             PET3       ---------------------> to:    0  1  1  0  2  0   0
20231108 051114.475 INFO             PET3       MODEL: time step-loop ending,   current time:    0  1  1  0  2  0   0
20231108 051114.475 INFO             PET3       <<<MODEL: leaving Run (phase=RunPhase1) with current time:    0  1  1  0  2  0   0
20231108 051114.475 INFO             PET3     MODEL: Run extro.
20231108 051114.475 INFO             PET3     driver: RunSequence event loopLevel=   1  levelMember=   1  loopIteration=   5, current time:    0  1  1  0  2  0   0
20231108 051114.476 INFO             PET3     MODEL: Run intro.
20231108 051114.476 INFO             PET3       >>>MODEL: entered Run (phase=RunPhase1) with current time:    0  1  1  0  2  0   0
20231108 051114.476 INFO             PET3       MODEL: time step-loop starting, current time:    0  1  1  0  2  0   0
20231108 051114.476 INFO             PET3       thread_num=   2   currentSsiPe=  70   num_threads=   3   max_threads=   3   num_procs=  36
20231108 051114.476 INFO             PET3       thread_num=   1   currentSsiPe=  20   num_threads=   3   max_threads=   3   num_procs=  36
20231108 051114.476 INFO             PET3       thread_num=   0   currentSsiPe=  18   num_threads=   3   max_threads=   3   num_procs=  36
20231108 051114.476 INFO             PET3       ---->Advancing Model from:    0  1  1  0  2  0   0
20231108 051114.476 INFO             PET3       ---------------------> to:    0  1  1  0  2 30   0
20231108 051114.476 INFO             PET3       MODEL: time step-loop ending,   current time:    0  1  1  0  2 30   0
20231108 051114.476 INFO             PET3       <<<MODEL: leaving Run (phase=RunPhase1) with current time:    0  1  1  0  2 30   0
20231108 051114.476 INFO             PET3     MODEL: Run extro.
20231108 051114.476 INFO             PET3   driver: end <--------- RunSequence
20231108 051114.476 INFO             PET3   <<<driver - leaving Run with current time:    0  1  1  0  2 30   0
20231108 051114.476 INFO             PET3 driver: Run extro.
20231108 051114.476 INFO             PET3 driver: Finalize intro.
20231108 051114.476 INFO             PET3   Calling Finalize phase 1 for modelComp: MODEL
20231108 051114.476 INFO             PET3   MODEL: Finalize intro.
20231108 051114.476 INFO             PET3     >>>MODEL: entered Finalize (phase=FinalizePhase1) with current time:    0  1  1  0  2 30   0
20231108 051114.476 INFO             PET3     <<<MODEL: leaving Finalize (phase=FinalizePhase1) with current time:    0  1  1  0  2 30   0
20231108 051114.476 INFO             PET3   MODEL: Finalize extro.
20231108 051114.476 INFO             PET3   Delete modelComp: MODEL
20231108 051114.476 INFO             PET3   Delete Import-/Export State for modelComp: MODEL
20231108 051114.476 INFO             PET3 driver: Finalize extro.
20231108 051114.476 INFO             PET3 mainApp FINISHED
20231108 051114.476 INFO             PET3  Finalizing ESMF
