2023-10-05 01:39:35
forrtl: severe (174): SIGSEGV, segmentation fault occurred
Image              PC                Routine            Line        Source             
libpthread-2.31.s  000014826CAC28C0  Unknown               Unknown  Unknown
libesmf.so         000014826F2A7387  esmf_pointlistmod     Unknown  Unknown
libesmf.so         000014826F2A6D73  esmf_pointlistmod     Unknown  Unknown
libesmf.so         000014826EFA1EA7  esmf_fieldregridm     Unknown  Unknown
libesmf.so         000014826EF9EF22  esmf_fieldregridm     Unknown  Unknown
libesmf.so         000014826EE14EA1  esmf_fieldbundlem     Unknown  Unknown
libesmf.so         000014826F4AE3E8  nuopc_connector_m     Unknown  Unknown
libesmf.so         000014826F4C407E  nuopc_connector_m     Unknown  Unknown
libesmf.so         000014826E80F932  _ZN5ESMCI6FTable1     Unknown  Unknown
libesmf.so         000014826E80F3F7  ESMCI_FTableCallE     Unknown  Unknown
libesmf.so         000014826EB1FCA5  _ZN5ESMCI2VM5ente     Unknown  Unknown
libesmf.so         000014826E810141  c_esmc_ftablecall     Unknown  Unknown
libesmf.so         000014826ED8AC30  esmf_compmod_mp_e     Unknown  Unknown
libesmf.so         000014826EDA1C41  esmf_cplcompmod_m     Unknown  Unknown
libesmf.so         000014826F525A76  nuopc_driver_mp_l     Unknown  Unknown
libesmf.so         000014826F545CC8  nuopc_driver_mp_i     Unknown  Unknown
libesmf.so         000014826F558C30  nuopc_driver_mp_i     Unknown  Unknown
libesmf.so         000014826E80F932  _ZN5ESMCI6FTable1     Unknown  Unknown
libesmf.so         000014826E80F3F7  ESMCI_FTableCallE     Unknown  Unknown
libesmf.so         000014826EB1FCA5  _ZN5ESMCI2VM5ente     Unknown  Unknown
libesmf.so         000014826E810141  c_esmc_ftablecall     Unknown  Unknown
libesmf.so         000014826ED8AC30  esmf_compmod_mp_e     Unknown  Unknown
libesmf.so         000014826EFEDF91  esmf_gridcompmod_     Unknown  Unknown
esmApp             00000000004183DD  Unknown               Unknown  Unknown
esmApp             0000000000417E4D  Unknown               Unknown  Unknown
libc-2.31.so       0000148268C3829D  __libc_start_main     Unknown  Unknown
esmApp             0000000000417D7A  Unknown               Unknown  Unknown
forrtl: severe (174): SIGSEGV, segmentation fault occurred
Image              PC                Routine            Line        Source             
libpthread-2.31.s  000015426623B8C0  Unknown               Unknown  Unknown
libesmf.so         0000154268A20387  esmf_pointlistmod     Unknown  Unknown
libesmf.so         0000154268A1FD73  esmf_pointlistmod     Unknown  Unknown
libesmf.so         000015426871AEA7  esmf_fieldregridm     Unknown  Unknown
libesmf.so         0000154268717F22  esmf_fieldregridm     Unknown  Unknown
libesmf.so         000015426858DEA1  esmf_fieldbundlem     Unknown  Unknown
libesmf.so         0000154268C273E8  nuopc_connector_m     Unknown  Unknown
libesmf.so         0000154268C3D07E  nuopc_connector_m     Unknown  Unknown
libesmf.so         0000154267F88932  _ZN5ESMCI6FTable1     Unknown  Unknown
libesmf.so         0000154267F883F7  ESMCI_FTableCallE     Unknown  Unknown
libesmf.so         0000154268298CA5  _ZN5ESMCI2VM5ente     Unknown  Unknown
libesmf.so         0000154267F89141  c_esmc_ftablecall     Unknown  Unknown
libesmf.so         0000154268503C30  esmf_compmod_mp_e     Unknown  Unknown
libesmf.so         000015426851AC41  esmf_cplcompmod_m     Unknown  Unknown
libesmf.so         0000154268C9EA76  nuopc_driver_mp_l     Unknown  Unknown
libesmf.so         0000154268CBECC8  nuopc_driver_mp_i     Unknown  Unknown
libesmf.so         0000154268CD1C30  nuopc_driver_mp_i     Unknown  Unknown
libesmf.so         0000154267F88932  _ZN5ESMCI6FTable1     Unknown  Unknown
libesmf.so         0000154267F883F7  ESMCI_FTableCallE     Unknown  Unknown
libesmf.so         0000154268298CA5  _ZN5ESMCI2VM5ente     Unknown  Unknown
libesmf.so         0000154267F89141  c_esmc_ftablecall     Unknown  Unknown
libesmf.so         0000154268503C30  esmf_compmod_mp_e     Unknown  Unknown
libesmf.so         0000154268766F91  esmf_gridcompmod_     Unknown  Unknown
esmApp             00000000004183DD  Unknown               Unknown  Unknown
esmApp             0000000000417E4D  Unknown               Unknown  Unknown
forrtl: severe (174): SIGSEGV, segmentation fault occurred
Image              PC                Routine            Line        Source             
libpthread-2.31.s  00001543EDF908C0  Unknown               Unknown  Unknown
libesmf.so         00001543F0775387  esmf_pointlistmod     Unknown  Unknown
libesmf.so         00001543F0774D73  esmf_pointlistmod     Unknown  Unknown
libesmf.so         00001543F046FEA7  esmf_fieldregridm     Unknown  Unknown
libesmf.so         00001543F046CE8F  esmf_fieldregridm     Unknown  Unknown
libesmf.so         00001543F02E2EA1  esmf_fieldbundlem     Unknown  Unknown
libesmf.so         00001543F097C3E8  nuopc_connector_m     Unknown  Unknown
libesmf.so         00001543F099207E  nuopc_connector_m     Unknown  Unknown
libesmf.so         00001543EFCDD932  _ZN5ESMCI6FTable1     Unknown  Unknown
libesmf.so         00001543EFCDD3F7  ESMCI_FTableCallE     Unknown  Unknown
libesmf.so         00001543EFFEDCA5  _ZN5ESMCI2VM5ente     Unknown  Unknown
libesmf.so         00001543EFCDE141  c_esmc_ftablecall     Unknown  Unknown
libesmf.so         00001543F0258C30  esmf_compmod_mp_e     Unknown  Unknown
libesmf.so         00001543F026FC41  esmf_cplcompmod_m     Unknown  Unknown
libesmf.so         00001543F09F3A76  nuopc_driver_mp_l     Unknown  Unknown
libesmf.so         00001543F0A13CC8  nuopc_driver_mp_i     Unknown  Unknown
libesmf.so         00001543F0A26C30  nuopc_driver_mp_i     Unknown  Unknown
libesmf.so         00001543EFCDD932  _ZN5ESMCI6FTable1     Unknown  Unknown
libesmf.so         00001543EFCDD3F7  ESMCI_FTableCallE     Unknown  Unknown
libesmf.so         00001543EFFEDCA5  _ZN5ESMCI2VM5ente     Unknown  Unknown
libesmf.so         00001543EFCDE141  c_esmc_ftablecall     Unknown  Unknown
libesmf.so         00001543F0258C30  esmf_compmod_mp_e     Unknown  Unknown
libesmf.so         00001543F04BBF91  esmf_gridcompmod_     Unknown  Unknown
esmApp             00000000004183DD  Unknown               Unknown  Unknown
esmApp             0000000000417E4D  Unknown               Unknown  Unknown
forrtl: severe (174): SIGSEGV, segmentation fault occurred
Image              PC                Routine            Line        Source             
libpthread-2.31.s  00001503B24C48C0  Unknown               Unknown  Unknown
libesmf.so         00001503B4CA9387  esmf_pointlistmod     Unknown  Unknown
libesmf.so         00001503B4CA8D73  esmf_pointlistmod     Unknown  Unknown
libesmf.so         00001503B49A3EA7  esmf_fieldregridm     Unknown  Unknown
libesmf.so         00001503B49A0E8F  esmf_fieldregridm     Unknown  Unknown
libesmf.so         00001503B4816EA1  esmf_fieldbundlem     Unknown  Unknown
libesmf.so         00001503B4EB03E8  nuopc_connector_m     Unknown  Unknown
libesmf.so         00001503B4EC607E  nuopc_connector_m     Unknown  Unknown
libesmf.so         00001503B4211932  _ZN5ESMCI6FTable1     Unknown  Unknown
libesmf.so         00001503B42113F7  ESMCI_FTableCallE     Unknown  Unknown
libesmf.so         00001503B4521CA5  _ZN5ESMCI2VM5ente     Unknown  Unknown
libesmf.so         00001503B4212141  c_esmc_ftablecall     Unknown  Unknown
libesmf.so         00001503B478CC30  esmf_compmod_mp_e     Unknown  Unknown
libesmf.so         00001503B47A3C41  esmf_cplcompmod_m     Unknown  Unknown
libesmf.so         00001503B4F27A76  nuopc_driver_mp_l     Unknown  Unknown
libesmf.so         00001503B4F47CC8  nuopc_driver_mp_i     Unknown  Unknown
libesmf.so         00001503B4F5AC30  nuopc_driver_mp_i     Unknown  Unknown
libesmf.so         00001503B4211932  _ZN5ESMCI6FTable1     Unknown  Unknown
libesmf.so         00001503B42113F7  ESMCI_FTableCallE     Unknown  Unknown
libesmf.so         00001503B4521CA5  _ZN5ESMCI2VM5ente     Unknown  Unknown
libesmf.so         00001503B4212141  c_esmc_ftablecall     Unknown  Unknown
libesmf.so         00001503B478CC30  esmf_compmod_mp_e     Unknown  Unknown
libesmf.so         00001503B49EFF91  esmf_gridcompmod_     Unknown  Unknown
esmApp             00000000004183DD  Unknown               Unknown  Unknown
esmApp             0000000000417E4D  Unknown               Unknown  Unknown
libc-2.31.so       00001542623B129D  __libc_start_main     Unknown  Unknown
esmApp             0000000000417D7A  Unknown               Unknown  Unknown
libc-2.31.so       00001543EA10629D  __libc_start_main     Unknown  Unknown
esmApp             0000000000417D7A  Unknown               Unknown  Unknown
libc-2.31.so       00001503AE63A29D  __libc_start_main     Unknown  Unknown
esmApp             0000000000417D7A  Unknown               Unknown  Unknown
dec2450.hsn.de.hpc.ucar.edu: rank 0 exited with code 174
