2023-10-09 03:44:47
20231009 040735.337 INFO             PET0 !!!!!!!!!!!!!!!!!!!!!!!!!!!!!!!!!!!!!!!!!!!!!!!!!!!!!!
20231009 040735.337 INFO             PET0 !!! THE ESMF_LOG IS SET TO OUTPUT ALL LOG MESSAGES !!!
20231009 040735.337 INFO             PET0 !!!     THIS MAY CAUSE SLOWDOWN IN PERFORMANCE     !!!
20231009 040735.337 INFO             PET0 !!! FOR PRODUCTION RUNS, USE:                      !!!
20231009 040735.337 INFO             PET0 !!!                   ESMF_LOGKIND_Multi_On_Error  !!!
20231009 040735.337 INFO             PET0 !!!!!!!!!!!!!!!!!!!!!!!!!!!!!!!!!!!!!!!!!!!!!!!!!!!!!!
20231009 040735.337 INFO             PET0 Running with ESMF Version   : v8.6.0b07-67-gb347190ad6
20231009 040735.337 INFO             PET0 ESMF library build date/time: "Oct  9 2023" "03:43:48"
20231009 040735.337 INFO             PET0 ESMF library build location : /tmp/gfortran_12.2.0_mpi_O_develop/esmf
20231009 040735.337 INFO             PET0 ESMF_COMM                   : mpi
20231009 040735.337 INFO             PET0 ESMF_MOAB                   : enabled
20231009 040735.337 INFO             PET0 ESMF_LAPACK                 : enabled
20231009 040735.337 INFO             PET0 ESMF_NETCDF                 : enabled
20231009 040735.337 INFO             PET0 ESMF_PNETCDF                : disabled
20231009 040735.337 INFO             PET0 ESMF_PIO                    : enabled
20231009 040735.337 INFO             PET0 ESMF_YAMLCPP                : enabled
20231009 040735.338 INFO             PET0  NUMBER_OF_PROCESSORS           1
20231009 040735.338 INFO             PET0  PASS  Example ESMF_AlarmEx, ESMF_AlarmEx.F90, line 244
20231009 040735.338 INFO             PET0 Finalizing ESMF
