2023-10-25 07:53:38
--------------------------------------------------------------------------
WARNING: No preset parameters were found for the device that Open MPI
detected:

  Local host:            h25c51
  Device name:           mlx5_0
  Device vendor ID:      0x02c9
  Device vendor part ID: 4123

Default device parameters will be used, which may result in lower
performance.  You can edit any of the files specified by the
btl_openib_device_param_files MCA parameter to set values for your
device.

NOTE: You can turn off this warning by setting the MCA parameter
      btl_openib_warn_no_device_params_found to 0.
--------------------------------------------------------------------------
--------------------------------------------------------------------------
WARNING: There was an error initializing an OpenFabrics device.

  Local host:   h25c51
  Local device: mlx5_0
--------------------------------------------------------------------------
 - after SMM from A -> X
    1.000000000000000         1.000000000000000         1.000000000000000      
    1.000000000000000         1.000000000000000         1.000000000000000      
    1.000000000000000         1.000000000000000         1.000000000000000      
    2.000000000000000         2.000000000000000         2.000000000000000     
 - B before SMM from X -> B
    0.000000000000000         0.000000000000000         0.000000000000000      
    0.000000000000000     
 - B after SMM from X -> B
    1.000000007450581         1.000000029802322         1.666666679084301      
    1.666666716337204     
 Regridding through XGrid example returned
  PASS  Example ESMF_XGridSparseMatEx, ESMF_XGridSparseMatEx.F90, line 642
 PASS: ESMF_XGridSparseMatEx.F90
