2023-10-08 07:53:38
20231008 084738.477 INFO             PET0 !!!!!!!!!!!!!!!!!!!!!!!!!!!!!!!!!!!!!!!!!!!!!!!!!!!!!!
20231008 084738.477 INFO             PET0 !!! THE ESMF_LOG IS SET TO OUTPUT ALL LOG MESSAGES !!!
20231008 084738.477 INFO             PET0 !!!     THIS MAY CAUSE SLOWDOWN IN PERFORMANCE     !!!
20231008 084738.477 INFO             PET0 !!! FOR PRODUCTION RUNS, USE:                      !!!
20231008 084738.477 INFO             PET0 !!!                   ESMF_LOGKIND_Multi_On_Error  !!!
20231008 084738.477 INFO             PET0 !!!!!!!!!!!!!!!!!!!!!!!!!!!!!!!!!!!!!!!!!!!!!!!!!!!!!!
20231008 084738.477 INFO             PET0 Running with ESMF Version   : v8.6.0b07-67-gb347190ad6
20231008 084738.477 INFO             PET0 ESMF library build date/time: "Oct  8 2023" "07:50:52"
20231008 084738.477 INFO             PET0 ESMF library build location : /scratch2/NCEPDEV/stmp1/Gerhard.Theurich/ESMF-Nightly-Testing/nvhpc_23.3_openmpi_g_develop/esmf
20231008 084738.477 INFO             PET0 ESMF_COMM                   : openmpi
20231008 084738.478 INFO             PET0 ESMF_MOAB                   : enabled
20231008 084738.478 INFO             PET0 ESMF_LAPACK                 : enabled
20231008 084738.478 INFO             PET0 ESMF_NETCDF                 : disabled
20231008 084738.478 INFO             PET0 ESMF_PNETCDF                : disabled
20231008 084738.478 INFO             PET0 ESMF_PIO                    : disabled
20231008 084738.478 INFO             PET0 ESMF_YAMLCPP                : enabled
20231008 084738.478 INFO             PET0  NUMBER_OF_PROCESSORS            4
20231008 084738.478 INFO             PET0  PASS  Example ESMF_VMSendVMRecvEx, ESMF_VMSendVMRecvEx.F90, line 120
20231008 084738.478 INFO             PET0 Finalizing ESMF
20231008 084738.477 INFO             PET1 !!!!!!!!!!!!!!!!!!!!!!!!!!!!!!!!!!!!!!!!!!!!!!!!!!!!!!
20231008 084738.477 INFO             PET1 !!! THE ESMF_LOG IS SET TO OUTPUT ALL LOG MESSAGES !!!
20231008 084738.477 INFO             PET1 !!!     THIS MAY CAUSE SLOWDOWN IN PERFORMANCE     !!!
20231008 084738.477 INFO             PET1 !!! FOR PRODUCTION RUNS, USE:                      !!!
20231008 084738.477 INFO             PET1 !!!                   ESMF_LOGKIND_Multi_On_Error  !!!
20231008 084738.477 INFO             PET1 !!!!!!!!!!!!!!!!!!!!!!!!!!!!!!!!!!!!!!!!!!!!!!!!!!!!!!
20231008 084738.477 INFO             PET1 Running with ESMF Version   : v8.6.0b07-67-gb347190ad6
20231008 084738.477 INFO             PET1 ESMF library build date/time: "Oct  8 2023" "07:50:52"
20231008 084738.477 INFO             PET1 ESMF library build location : /scratch2/NCEPDEV/stmp1/Gerhard.Theurich/ESMF-Nightly-Testing/nvhpc_23.3_openmpi_g_develop/esmf
20231008 084738.477 INFO             PET1 ESMF_COMM                   : openmpi
20231008 084738.478 INFO             PET1 ESMF_MOAB                   : enabled
20231008 084738.478 INFO             PET1 ESMF_LAPACK                 : enabled
20231008 084738.478 INFO             PET1 ESMF_NETCDF                 : disabled
20231008 084738.478 INFO             PET1 ESMF_PNETCDF                : disabled
20231008 084738.478 INFO             PET1 ESMF_PIO                    : disabled
20231008 084738.478 INFO             PET1 ESMF_YAMLCPP                : enabled
20231008 084738.478 INFO             PET1  NUMBER_OF_PROCESSORS            4
20231008 084738.478 INFO             PET1  PASS  Example ESMF_VMSendVMRecvEx, ESMF_VMSendVMRecvEx.F90, line 120
20231008 084738.478 INFO             PET1 Finalizing ESMF
20231008 084738.477 INFO             PET2 !!!!!!!!!!!!!!!!!!!!!!!!!!!!!!!!!!!!!!!!!!!!!!!!!!!!!!
20231008 084738.477 INFO             PET2 !!! THE ESMF_LOG IS SET TO OUTPUT ALL LOG MESSAGES !!!
20231008 084738.477 INFO             PET2 !!!     THIS MAY CAUSE SLOWDOWN IN PERFORMANCE     !!!
20231008 084738.477 INFO             PET2 !!! FOR PRODUCTION RUNS, USE:                      !!!
20231008 084738.477 INFO             PET2 !!!                   ESMF_LOGKIND_Multi_On_Error  !!!
20231008 084738.477 INFO             PET2 !!!!!!!!!!!!!!!!!!!!!!!!!!!!!!!!!!!!!!!!!!!!!!!!!!!!!!
20231008 084738.477 INFO             PET2 Running with ESMF Version   : v8.6.0b07-67-gb347190ad6
20231008 084738.477 INFO             PET2 ESMF library build date/time: "Oct  8 2023" "07:50:52"
20231008 084738.477 INFO             PET2 ESMF library build location : /scratch2/NCEPDEV/stmp1/Gerhard.Theurich/ESMF-Nightly-Testing/nvhpc_23.3_openmpi_g_develop/esmf
20231008 084738.477 INFO             PET2 ESMF_COMM                   : openmpi
20231008 084738.478 INFO             PET2 ESMF_MOAB                   : enabled
20231008 084738.478 INFO             PET2 ESMF_LAPACK                 : enabled
20231008 084738.478 INFO             PET2 ESMF_NETCDF                 : disabled
20231008 084738.478 INFO             PET2 ESMF_PNETCDF                : disabled
20231008 084738.478 INFO             PET2 ESMF_PIO                    : disabled
20231008 084738.478 INFO             PET2 ESMF_YAMLCPP                : enabled
20231008 084738.478 INFO             PET2  NUMBER_OF_PROCESSORS            4
20231008 084738.478 INFO             PET2  PASS  Example ESMF_VMSendVMRecvEx, ESMF_VMSendVMRecvEx.F90, line 120
20231008 084738.478 INFO             PET2 Finalizing ESMF
20231008 084738.477 INFO             PET3 !!!!!!!!!!!!!!!!!!!!!!!!!!!!!!!!!!!!!!!!!!!!!!!!!!!!!!
20231008 084738.477 INFO             PET3 !!! THE ESMF_LOG IS SET TO OUTPUT ALL LOG MESSAGES !!!
20231008 084738.477 INFO             PET3 !!!     THIS MAY CAUSE SLOWDOWN IN PERFORMANCE     !!!
20231008 084738.477 INFO             PET3 !!! FOR PRODUCTION RUNS, USE:                      !!!
20231008 084738.477 INFO             PET3 !!!                   ESMF_LOGKIND_Multi_On_Error  !!!
20231008 084738.477 INFO             PET3 !!!!!!!!!!!!!!!!!!!!!!!!!!!!!!!!!!!!!!!!!!!!!!!!!!!!!!
20231008 084738.477 INFO             PET3 Running with ESMF Version   : v8.6.0b07-67-gb347190ad6
20231008 084738.477 INFO             PET3 ESMF library build date/time: "Oct  8 2023" "07:50:52"
20231008 084738.477 INFO             PET3 ESMF library build location : /scratch2/NCEPDEV/stmp1/Gerhard.Theurich/ESMF-Nightly-Testing/nvhpc_23.3_openmpi_g_develop/esmf
20231008 084738.477 INFO             PET3 ESMF_COMM                   : openmpi
20231008 084738.478 INFO             PET3 ESMF_MOAB                   : enabled
20231008 084738.478 INFO             PET3 ESMF_LAPACK                 : enabled
20231008 084738.478 INFO             PET3 ESMF_NETCDF                 : disabled
20231008 084738.478 INFO             PET3 ESMF_PNETCDF                : disabled
20231008 084738.478 INFO             PET3 ESMF_PIO                    : disabled
20231008 084738.478 INFO             PET3 ESMF_YAMLCPP                : enabled
20231008 084738.478 INFO             PET3  NUMBER_OF_PROCESSORS            4
20231008 084738.478 INFO             PET3  PASS  Example ESMF_VMSendVMRecvEx, ESMF_VMSendVMRecvEx.F90, line 120
20231008 084738.478 INFO             PET3 Finalizing ESMF
