2023-10-20 23:05:22
20231020 233738.716 INFO             PET0 !!!!!!!!!!!!!!!!!!!!!!!!!!!!!!!!!!!!!!!!!!!!!!!!!!!!!!
20231020 233738.717 INFO             PET0 !!! THE ESMF_LOG IS SET TO OUTPUT ALL LOG MESSAGES !!!
20231020 233738.717 INFO             PET0 !!!     THIS MAY CAUSE SLOWDOWN IN PERFORMANCE     !!!
20231020 233738.717 INFO             PET0 !!! FOR PRODUCTION RUNS, USE:                      !!!
20231020 233738.717 INFO             PET0 !!!                   ESMF_LOGKIND_Multi_On_Error  !!!
20231020 233738.717 INFO             PET0 !!!!!!!!!!!!!!!!!!!!!!!!!!!!!!!!!!!!!!!!!!!!!!!!!!!!!!
20231020 233738.717 INFO             PET0 Running with ESMF Version   : v8.6.0b10-15-g69098dfbff
20231020 233738.717 INFO             PET0 ESMF library build date/time: "Oct 20 2023" "23:03:21"
20231020 233738.717 INFO             PET0 ESMF library build location : /Users/oehmke/ESMF_AutoTest/gfortranclang_12.2.0_14.0.0_mpiuni_O_develop/esmf
20231020 233738.717 INFO             PET0 ESMF_COMM                   : mpiuni
20231020 233738.717 INFO             PET0 ESMF_MOAB                   : enabled
20231020 233738.717 INFO             PET0 ESMF_LAPACK                 : enabled
20231020 233738.717 INFO             PET0 ESMF_NETCDF                 : enabled
20231020 233738.717 INFO             PET0 ESMF_PNETCDF                : disabled
20231020 233738.717 INFO             PET0 ESMF_PIO                    : disabled
20231020 233738.717 INFO             PET0 ESMF_YAMLCPP                : enabled
20231020 233738.717 INFO             PET0  NUMBER_OF_PROCESSORS           1
20231020 233738.717 INFO             PET0  PASS  Example ESMF_InternalStateEx, ESMF_InternalStateEx.F90, line 132
20231020 233738.717 INFO             PET0  Finalizing ESMF
