2023-10-17 04:00:54
20231017 050622.291 INFO             PET0 !!!!!!!!!!!!!!!!!!!!!!!!!!!!!!!!!!!!!!!!!!!!!!!!!!!!!!
20231017 050622.291 INFO             PET0 !!! THE ESMF_LOG IS SET TO OUTPUT ALL LOG MESSAGES !!!
20231017 050622.291 INFO             PET0 !!!     THIS MAY CAUSE SLOWDOWN IN PERFORMANCE     !!!
20231017 050622.291 INFO             PET0 !!! FOR PRODUCTION RUNS, USE:                      !!!
20231017 050622.291 INFO             PET0 !!!                   ESMF_LOGKIND_Multi_On_Error  !!!
20231017 050622.291 INFO             PET0 !!!!!!!!!!!!!!!!!!!!!!!!!!!!!!!!!!!!!!!!!!!!!!!!!!!!!!
20231017 050622.291 INFO             PET0 Running with ESMF Version   : v8.6.0b09-2-g5cd9f55d8a
20231017 050622.292 INFO             PET0 ESMF library build date/time: "Oct 17 2023" "03:54:20"
20231017 050622.292 INFO             PET0 ESMF library build location : /glade/scratch/theurich/ESMF-Nightly-Testing/intel_18.0.5_openmpi_g_develop/esmf
20231017 050622.292 INFO             PET0 ESMF_COMM                   : openmpi
20231017 050622.292 INFO             PET0 ESMF_MOAB                   : enabled
20231017 050622.292 INFO             PET0 ESMF_LAPACK                 : enabled
20231017 050622.292 INFO             PET0 ESMF_NETCDF                 : enabled
20231017 050622.292 INFO             PET0 ESMF_PNETCDF                : disabled
20231017 050622.292 INFO             PET0 ESMF_PIO                    : enabled
20231017 050622.292 INFO             PET0 ESMF_YAMLCPP                : enabled
20231017 050622.292 INFO             PET0 ESMF Tracing Enabled
20231017 050622.292 INFO             PET0 ESMF Profiling Enabled
20231017 050622.292 INFO             PET0 ESMF Trace/Profile clock: REALTIME
20231017 050622.296 INFO             PET0  NUMBER_OF_PROCESSORS           4
20231017 050622.296 INFO             PET0  PASS  Example ESMF_TraceEx, ESMF_TraceEx.F90, line 178
20231017 050622.296 INFO             PET0  Finalizing ESMF
20231017 050622.296 INFO             PET0 **************** Region Timings *******************
20231017 050622.296 INFO             PET0 Region              Count  Total (s)   Self (s)    Mean (s)    Min (s)     Max (s)
20231017 050622.296 INFO             PET0   [ESMF]            1      0.0017      0.0017      0.0017      0.0017      0.0017
20231017 050622.297 INFO             PET0     [test] Run 1    5      0.0000      0.0000      0.0000      0.0000      0.0000
20231017 050622.297 INFO             PET0     [test] Init 1   1      0.0000      0.0000      0.0000      0.0000      0.0000
20231017 050622.297 INFO             PET0     [test] Final 1  1      0.0000      0.0000      0.0000      0.0000      0.0000
20231017 050622.291 INFO             PET1 !!!!!!!!!!!!!!!!!!!!!!!!!!!!!!!!!!!!!!!!!!!!!!!!!!!!!!
20231017 050622.291 INFO             PET1 !!! THE ESMF_LOG IS SET TO OUTPUT ALL LOG MESSAGES !!!
20231017 050622.291 INFO             PET1 !!!     THIS MAY CAUSE SLOWDOWN IN PERFORMANCE     !!!
20231017 050622.291 INFO             PET1 !!! FOR PRODUCTION RUNS, USE:                      !!!
20231017 050622.291 INFO             PET1 !!!                   ESMF_LOGKIND_Multi_On_Error  !!!
20231017 050622.291 INFO             PET1 !!!!!!!!!!!!!!!!!!!!!!!!!!!!!!!!!!!!!!!!!!!!!!!!!!!!!!
20231017 050622.291 INFO             PET1 Running with ESMF Version   : v8.6.0b09-2-g5cd9f55d8a
20231017 050622.291 INFO             PET1 ESMF library build date/time: "Oct 17 2023" "03:54:20"
20231017 050622.291 INFO             PET1 ESMF library build location : /glade/scratch/theurich/ESMF-Nightly-Testing/intel_18.0.5_openmpi_g_develop/esmf
20231017 050622.291 INFO             PET1 ESMF_COMM                   : openmpi
20231017 050622.291 INFO             PET1 ESMF_MOAB                   : enabled
20231017 050622.291 INFO             PET1 ESMF_LAPACK                 : enabled
20231017 050622.291 INFO             PET1 ESMF_NETCDF                 : enabled
20231017 050622.291 INFO             PET1 ESMF_PNETCDF                : disabled
20231017 050622.291 INFO             PET1 ESMF_PIO                    : enabled
20231017 050622.291 INFO             PET1 ESMF_YAMLCPP                : enabled
20231017 050622.291 INFO             PET1 ESMF Tracing Enabled
20231017 050622.291 INFO             PET1 ESMF Profiling Enabled
20231017 050622.291 INFO             PET1 ESMF Trace/Profile clock: REALTIME
20231017 050622.296 INFO             PET1  NUMBER_OF_PROCESSORS           4
20231017 050622.296 INFO             PET1  PASS  Example ESMF_TraceEx, ESMF_TraceEx.F90, line 178
20231017 050622.296 INFO             PET1  Finalizing ESMF
20231017 050622.297 INFO             PET1 **************** Region Timings *******************
20231017 050622.297 INFO             PET1 Region              Count  Total (s)   Self (s)    Mean (s)    Min (s)     Max (s)
20231017 050622.297 INFO             PET1   [ESMF]            1      0.0025      0.0024      0.0025      0.0025      0.0025
20231017 050622.297 INFO             PET1     [test] Init 1   1      0.0001      0.0001      0.0001      0.0001      0.0001
20231017 050622.297 INFO             PET1     [test] Run 1    5      0.0000      0.0000      0.0000      0.0000      0.0000
20231017 050622.297 INFO             PET1     [test] Final 1  1      0.0000      0.0000      0.0000      0.0000      0.0000
20231017 050622.292 INFO             PET2 !!!!!!!!!!!!!!!!!!!!!!!!!!!!!!!!!!!!!!!!!!!!!!!!!!!!!!
20231017 050622.292 INFO             PET2 !!! THE ESMF_LOG IS SET TO OUTPUT ALL LOG MESSAGES !!!
20231017 050622.292 INFO             PET2 !!!     THIS MAY CAUSE SLOWDOWN IN PERFORMANCE     !!!
20231017 050622.292 INFO             PET2 !!! FOR PRODUCTION RUNS, USE:                      !!!
20231017 050622.292 INFO             PET2 !!!                   ESMF_LOGKIND_Multi_On_Error  !!!
20231017 050622.292 INFO             PET2 !!!!!!!!!!!!!!!!!!!!!!!!!!!!!!!!!!!!!!!!!!!!!!!!!!!!!!
20231017 050622.292 INFO             PET2 Running with ESMF Version   : v8.6.0b09-2-g5cd9f55d8a
20231017 050622.292 INFO             PET2 ESMF library build date/time: "Oct 17 2023" "03:54:20"
20231017 050622.292 INFO             PET2 ESMF library build location : /glade/scratch/theurich/ESMF-Nightly-Testing/intel_18.0.5_openmpi_g_develop/esmf
20231017 050622.292 INFO             PET2 ESMF_COMM                   : openmpi
20231017 050622.292 INFO             PET2 ESMF_MOAB                   : enabled
20231017 050622.292 INFO             PET2 ESMF_LAPACK                 : enabled
20231017 050622.292 INFO             PET2 ESMF_NETCDF                 : enabled
20231017 050622.292 INFO             PET2 ESMF_PNETCDF                : disabled
20231017 050622.292 INFO             PET2 ESMF_PIO                    : enabled
20231017 050622.292 INFO             PET2 ESMF_YAMLCPP                : enabled
20231017 050622.292 INFO             PET2 ESMF Tracing Enabled
20231017 050622.292 INFO             PET2 ESMF Profiling Enabled
20231017 050622.292 INFO             PET2 ESMF Trace/Profile clock: REALTIME
20231017 050622.296 INFO             PET2  NUMBER_OF_PROCESSORS           4
20231017 050622.296 INFO             PET2  PASS  Example ESMF_TraceEx, ESMF_TraceEx.F90, line 178
20231017 050622.296 INFO             PET2  Finalizing ESMF
20231017 050622.296 INFO             PET2 **************** Region Timings *******************
20231017 050622.296 INFO             PET2 Region              Count  Total (s)   Self (s)    Mean (s)    Min (s)     Max (s)
20231017 050622.296 INFO             PET2   [ESMF]            1      0.0026      0.0025      0.0026      0.0026      0.0026
20231017 050622.297 INFO             PET2     [test] Init 1   1      0.0000      0.0000      0.0000      0.0000      0.0000
20231017 050622.297 INFO             PET2     [test] Run 1    5      0.0000      0.0000      0.0000      0.0000      0.0000
20231017 050622.297 INFO             PET2     [test] Final 1  1      0.0000      0.0000      0.0000      0.0000      0.0000
20231017 050622.291 INFO             PET3 !!!!!!!!!!!!!!!!!!!!!!!!!!!!!!!!!!!!!!!!!!!!!!!!!!!!!!
20231017 050622.291 INFO             PET3 !!! THE ESMF_LOG IS SET TO OUTPUT ALL LOG MESSAGES !!!
20231017 050622.291 INFO             PET3 !!!     THIS MAY CAUSE SLOWDOWN IN PERFORMANCE     !!!
20231017 050622.291 INFO             PET3 !!! FOR PRODUCTION RUNS, USE:                      !!!
20231017 050622.291 INFO             PET3 !!!                   ESMF_LOGKIND_Multi_On_Error  !!!
20231017 050622.291 INFO             PET3 !!!!!!!!!!!!!!!!!!!!!!!!!!!!!!!!!!!!!!!!!!!!!!!!!!!!!!
20231017 050622.291 INFO             PET3 Running with ESMF Version   : v8.6.0b09-2-g5cd9f55d8a
20231017 050622.291 INFO             PET3 ESMF library build date/time: "Oct 17 2023" "03:54:20"
20231017 050622.291 INFO             PET3 ESMF library build location : /glade/scratch/theurich/ESMF-Nightly-Testing/intel_18.0.5_openmpi_g_develop/esmf
20231017 050622.291 INFO             PET3 ESMF_COMM                   : openmpi
20231017 050622.291 INFO             PET3 ESMF_MOAB                   : enabled
20231017 050622.291 INFO             PET3 ESMF_LAPACK                 : enabled
20231017 050622.291 INFO             PET3 ESMF_NETCDF                 : enabled
20231017 050622.291 INFO             PET3 ESMF_PNETCDF                : disabled
20231017 050622.291 INFO             PET3 ESMF_PIO                    : enabled
20231017 050622.291 INFO             PET3 ESMF_YAMLCPP                : enabled
20231017 050622.291 INFO             PET3 ESMF Tracing Enabled
20231017 050622.291 INFO             PET3 ESMF Profiling Enabled
20231017 050622.291 INFO             PET3 ESMF Trace/Profile clock: REALTIME
20231017 050622.296 INFO             PET3  NUMBER_OF_PROCESSORS           4
20231017 050622.296 INFO             PET3  PASS  Example ESMF_TraceEx, ESMF_TraceEx.F90, line 178
20231017 050622.296 INFO             PET3  Finalizing ESMF
20231017 050622.297 INFO             PET3 **************** Region Timings *******************
20231017 050622.297 INFO             PET3 Region              Count  Total (s)   Self (s)    Mean (s)    Min (s)     Max (s)
20231017 050622.297 INFO             PET3   [ESMF]            1      0.0022      0.0021      0.0022      0.0022      0.0022
20231017 050622.297 INFO             PET3     [test] Init 1   1      0.0001      0.0001      0.0001      0.0001      0.0001
20231017 050622.297 INFO             PET3     [test] Run 1    5      0.0000      0.0000      0.0000      0.0000      0.0000
20231017 050622.297 INFO             PET3     [test] Final 1  1      0.0000      0.0000      0.0000      0.0000      0.0000
