2023-10-14 04:04:54
20231014 051040.144 INFO             PET0 !!!!!!!!!!!!!!!!!!!!!!!!!!!!!!!!!!!!!!!!!!!!!!!!!!!!!!
20231014 051040.144 INFO             PET0 !!! THE ESMF_LOG IS SET TO OUTPUT ALL LOG MESSAGES !!!
20231014 051040.144 INFO             PET0 !!!     THIS MAY CAUSE SLOWDOWN IN PERFORMANCE     !!!
20231014 051040.144 INFO             PET0 !!! FOR PRODUCTION RUNS, USE:                      !!!
20231014 051040.144 INFO             PET0 !!!                   ESMF_LOGKIND_Multi_On_Error  !!!
20231014 051040.144 INFO             PET0 !!!!!!!!!!!!!!!!!!!!!!!!!!!!!!!!!!!!!!!!!!!!!!!!!!!!!!
20231014 051040.144 INFO             PET0 Running with ESMF Version   : v8.6.0b08-33-g8592d0bc9f
20231014 051040.144 INFO             PET0 ESMF library build date/time: "Oct 14 2023" "03:57:51"
20231014 051040.144 INFO             PET0 ESMF library build location : /glade/scratch/theurich/ESMF-Nightly-Testing/intel_18.0.5_openmpi_g_develop/esmf
20231014 051040.144 INFO             PET0 ESMF_COMM                   : openmpi
20231014 051040.145 INFO             PET0 ESMF_MOAB                   : enabled
20231014 051040.145 INFO             PET0 ESMF_LAPACK                 : enabled
20231014 051040.145 INFO             PET0 ESMF_NETCDF                 : enabled
20231014 051040.145 INFO             PET0 ESMF_PNETCDF                : disabled
20231014 051040.145 INFO             PET0 ESMF_PIO                    : enabled
20231014 051040.145 INFO             PET0 ESMF_YAMLCPP                : enabled
20231014 051040.145 INFO             PET0  NUMBER_OF_PROCESSORS           1
20231014 051040.145 INFO             PET0  PASS  Example ESMF_TimeIntervalEx, ESMF_TimeIntervalEx.F90, line 176
20231014 051040.145 INFO             PET0  Finalizing ESMF
