2023-10-05 04:03:08

ESMF_LocStreamEx:110288 terminated with signal 11 at PC=7fc691338ee7 SP=7ffd3c87e2c0.  Backtrace:

ESMF_LocStreamEx:110289 terminated with signal 11 at PC=7f2cc0acaee7 SP=7ffd6ea966c0.  Backtrace:

ESMF_LocStreamEx:110290 terminated with signal 11 at PC=7fb547229ee7 SP=7fff64efe6c0.  Backtrace:

ESMF_LocStreamEx:110291 terminated with signal 11 at PC=7feb96790ee7 SP=7fff01d18340.  Backtrace:
/tmp/intel_2023.1.0_mpi_O_develop/esmf/lib/libO/Unicos.intel.64.mpi.default/libesmf.so(esmf_pointlistmod_mp_esmf_pointlistadd_+0x187)[0x7f2cc0acaee7]
/tmp/intel_2023.1.0_mpi_O_develop/esmf/lib/libO/Unicos.intel.64.mpi.default/libesmf.so(esmf_pointlistmod_mp_esmf_pointlistadd_+0x187)[0x7fb547229ee7]
/tmp/intel_2023.1.0_mpi_O_develop/esmf/lib/libO/Unicos.intel.64.mpi.default/libesmf.so(esmf_pointlistmod_mp_esmf_pointlistadd_+0x187)[0x7feb96790ee7]
/tmp/intel_2023.1.0_mpi_O_develop/esmf/lib/libO/Unicos.intel.64.mpi.default/libesmf.so(esmf_pointlistmod_mp_esmf_pointlistadd_+0x187)[0x7fc691338ee7]
/tmp/intel_2023.1.0_mpi_O_develop/esmf/lib/libO/Unicos.intel.64.mpi.default/libesmf.so(esmf_pointlistmod_mp_esmf_pointlistcreatefrmlocstream_+0x1d13)[0x7f2cc0aca8d3]
/tmp/intel_2023.1.0_mpi_O_develop/esmf/lib/libO/Unicos.intel.64.mpi.default/libesmf.so(esmf_pointlistmod_mp_esmf_pointlistcreatefrmlocstream_+0x1d13)[0x7fb5472298d3]
/tmp/intel_2023.1.0_mpi_O_develop/esmf/lib/libO/Unicos.intel.64.mpi.default/libesmf.so(esmf_pointlistmod_mp_esmf_pointlistcreatefrmlocstream_+0x1d13)[0x7fc6913388d3]
/tmp/intel_2023.1.0_mpi_O_develop/esmf/lib/libO/Unicos.intel.64.mpi.default/libesmf.so(esmf_pointlistmod_mp_esmf_pointlistcreatefrmlocstream_+0x1d13)[0x7feb967908d3]
/tmp/intel_2023.1.0_mpi_O_develop/esmf/lib/libO/Unicos.intel.64.mpi.default/libesmf.so(esmf_fieldregridmod_mp_getpointlistonfieldloc_+0x427)[0x7f2cc07c5ab7]
/tmp/intel_2023.1.0_mpi_O_develop/esmf/lib/libO/Unicos.intel.64.mpi.default/libesmf.so(esmf_fieldregridmod_mp_getpointlistonfieldloc_+0x427)[0x7fb546f24ab7]
/tmp/intel_2023.1.0_mpi_O_develop/esmf/lib/libO/Unicos.intel.64.mpi.default/libesmf.so(esmf_fieldregridmod_mp_getpointlistonfieldloc_+0x427)[0x7fc691033ab7]
/tmp/intel_2023.1.0_mpi_O_develop/esmf/lib/libO/Unicos.intel.64.mpi.default/libesmf.so(esmf_fieldregridmod_mp_getpointlistonfieldloc_+0x427)[0x7feb9648bab7]
/tmp/intel_2023.1.0_mpi_O_develop/esmf/lib/libO/Unicos.intel.64.mpi.default/libesmf.so(esmf_fieldregridmod_mp_esmf_fieldregridstorenx_+0x235a)[0x7f2cc07c2eea]
/tmp/intel_2023.1.0_mpi_O_develop/esmf/examples/examplesO/Unicos.intel.64.mpi.default/./ESMF_LocStreamEx[0x419b69]
/tmp/intel_2023.1.0_mpi_O_develop/esmf/lib/libO/Unicos.intel.64.mpi.default/libesmf.so(esmf_fieldregridmod_mp_esmf_fieldregridstorenx_+0x235a)[0x7fb546f21eea]
/tmp/intel_2023.1.0_mpi_O_develop/esmf/lib/libO/Unicos.intel.64.mpi.default/libesmf.so(esmf_fieldregridmod_mp_esmf_fieldregridstorenx_+0x235a)[0x7fc691030eea]
/tmp/intel_2023.1.0_mpi_O_develop/esmf/examples/examplesO/Unicos.intel.64.mpi.default/./ESMF_LocStreamEx[0x419b69]
/tmp/intel_2023.1.0_mpi_O_develop/esmf/examples/examplesO/Unicos.intel.64.mpi.default/./ESMF_LocStreamEx[0x41623d]
/lib64/libc.so.6(__libc_start_main+0xef)[0x7f2cbb27324d]
/tmp/intel_2023.1.0_mpi_O_develop/esmf/examples/examplesO/Unicos.intel.64.mpi.default/./ESMF_LocStreamEx[0x419b69]
/tmp/intel_2023.1.0_mpi_O_develop/esmf/examples/examplesO/Unicos.intel.64.mpi.default/./ESMF_LocStreamEx[0x41623d]
/tmp/intel_2023.1.0_mpi_O_develop/esmf/examples/examplesO/Unicos.intel.64.mpi.default/./ESMF_LocStreamEx[0x41623d]
/tmp/intel_2023.1.0_mpi_O_develop/esmf/examples/examplesO/Unicos.intel.64.mpi.default/./ESMF_LocStreamEx[0x41616a]
/lib64/libc.so.6(__libc_start_main+0xef)[0x7fb5419d224d]
/tmp/intel_2023.1.0_mpi_O_develop/esmf/examples/examplesO/Unicos.intel.64.mpi.default/./ESMF_LocStreamEx[0x41616a]
/tmp/intel_2023.1.0_mpi_O_develop/esmf/lib/libO/Unicos.intel.64.mpi.default/libesmf.so(esmf_fieldregridmod_mp_esmf_fieldregridstorenx_+0x235a)[0x7feb96488eea]
/tmp/intel_2023.1.0_mpi_O_develop/esmf/examples/examplesO/Unicos.intel.64.mpi.default/./ESMF_LocStreamEx[0x419b69]
/tmp/intel_2023.1.0_mpi_O_develop/esmf/examples/examplesO/Unicos.intel.64.mpi.default/./ESMF_LocStreamEx[0x41623d]
/lib64/libc.so.6(__libc_start_main+0xef)[0x7fc68bae124d]
/tmp/intel_2023.1.0_mpi_O_develop/esmf/examples/examplesO/Unicos.intel.64.mpi.default/./ESMF_LocStreamEx[0x41616a]
/lib64/libc.so.6(__libc_start_main+0xef)[0x7feb90f3924d]
/tmp/intel_2023.1.0_mpi_O_develop/esmf/examples/examplesO/Unicos.intel.64.mpi.default/./ESMF_LocStreamEx[0x41616a]
srun: error: c5n0128: tasks 0-3: Exited with exit code 1
srun: Terminating StepId=134585227.313
