2023-10-23 16:15:11
20231023 163011.439 INFO             PET0 !!!!!!!!!!!!!!!!!!!!!!!!!!!!!!!!!!!!!!!!!!!!!!!!!!!!!!
20231023 163011.440 INFO             PET0 !!! THE ESMF_LOG IS SET TO OUTPUT ALL LOG MESSAGES !!!
20231023 163011.440 INFO             PET0 !!!     THIS MAY CAUSE SLOWDOWN IN PERFORMANCE     !!!
20231023 163011.440 INFO             PET0 !!! FOR PRODUCTION RUNS, USE:                      !!!
20231023 163011.440 INFO             PET0 !!!                   ESMF_LOGKIND_Multi_On_Error  !!!
20231023 163011.440 INFO             PET0 !!!!!!!!!!!!!!!!!!!!!!!!!!!!!!!!!!!!!!!!!!!!!!!!!!!!!!
20231023 163011.440 INFO             PET0 Running with ESMF Version   : v8.6.0b10-21-gf0d70d9712
20231023 163011.440 INFO             PET0 ESMF library build date/time: "Oct 23 2023" "16:14:23"
20231023 163011.440 INFO             PET0 ESMF library build location : /Users/oehmke/ESMF_AutoTest/gfortranclang_12.2.0_14.0.0_mpich_g_fix_darwin_trace/esmf
20231023 163011.440 INFO             PET0 ESMF_COMM                   : mpich
20231023 163011.440 INFO             PET0 ESMF_MOAB                   : enabled
20231023 163011.440 INFO             PET0 ESMF_LAPACK                 : enabled
20231023 163011.440 INFO             PET0 ESMF_NETCDF                 : enabled
20231023 163011.440 INFO             PET0 ESMF_PNETCDF                : disabled
20231023 163011.440 INFO             PET0 ESMF_PIO                    : enabled
20231023 163011.440 INFO             PET0 ESMF_YAMLCPP                : enabled
20231023 163011.440 INFO             PET0  NUMBER_OF_PROCESSORS           1
20231023 163011.440 INFO             PET0  PASS  Example ESMF_ClockEx, ESMF_ClockEx.F90, line 220
20231023 163011.440 INFO             PET0  Finalizing ESMF
