2023-11-11 02:24:45
20231111 035806.494 INFO             PET0 !!!!!!!!!!!!!!!!!!!!!!!!!!!!!!!!!!!!!!!!!!!!!!!!!!!!!!
20231111 035806.494 INFO             PET0 !!! THE ESMF_LOG IS SET TO OUTPUT ALL LOG MESSAGES !!!
20231111 035806.494 INFO             PET0 !!!     THIS MAY CAUSE SLOWDOWN IN PERFORMANCE     !!!
20231111 035806.494 INFO             PET0 !!! FOR PRODUCTION RUNS, USE:                      !!!
20231111 035806.494 INFO             PET0 !!!                   ESMF_LOGKIND_Multi_On_Error  !!!
20231111 035806.494 INFO             PET0 !!!!!!!!!!!!!!!!!!!!!!!!!!!!!!!!!!!!!!!!!!!!!!!!!!!!!!
20231111 035806.494 INFO             PET0 Running with ESMF Version   : v8.6.0
20231111 035806.494 INFO             PET0 ESMF library build date/time: "Nov 11 2023" "02:23:45"
20231111 035806.494 INFO             PET0 ESMF library build location : /tmp/gfortran_11.2.0_mpi_g_v8.6.0/esmf
20231111 035806.494 INFO             PET0 ESMF_COMM                   : mpi
20231111 035806.494 INFO             PET0 ESMF_MOAB                   : enabled
20231111 035806.494 INFO             PET0 ESMF_LAPACK                 : enabled
20231111 035806.494 INFO             PET0 ESMF_NETCDF                 : enabled
20231111 035806.494 INFO             PET0 ESMF_PNETCDF                : disabled
20231111 035806.494 INFO             PET0 ESMF_PIO                    : enabled
20231111 035806.494 INFO             PET0 ESMF_YAMLCPP                : enabled
20231111 035806.495 INFO             PET0  NUMBER_OF_PROCESSORS           1
20231111 035806.495 INFO             PET0  PASS  Example ESMF_AlarmEx, ESMF_AlarmEx.F90, line 244
20231111 035806.495 INFO             PET0  Finalizing ESMF
