2023-10-24 01:18:38
20231024 020449.181 INFO             PET0 !!!!!!!!!!!!!!!!!!!!!!!!!!!!!!!!!!!!!!!!!!!!!!!!!!!!!!
20231024 020449.182 INFO             PET0 !!! THE ESMF_LOG IS SET TO OUTPUT ALL LOG MESSAGES !!!
20231024 020449.182 INFO             PET0 !!!     THIS MAY CAUSE SLOWDOWN IN PERFORMANCE     !!!
20231024 020449.182 INFO             PET0 !!! FOR PRODUCTION RUNS, USE:                      !!!
20231024 020449.182 INFO             PET0 !!!                   ESMF_LOGKIND_Multi_On_Error  !!!
20231024 020449.182 INFO             PET0 !!!!!!!!!!!!!!!!!!!!!!!!!!!!!!!!!!!!!!!!!!!!!!!!!!!!!!
20231024 020449.182 INFO             PET0 Running with ESMF Version   : v8.6.0b10-20-g29a503bb7f
20231024 020449.182 INFO             PET0 ESMF library build date/time: "Oct 24 2023" "01:16:16"
20231024 020449.182 INFO             PET0 ESMF library build location : /Users/sacks/projects/scratch/esmf-testing/gfortranclang_12.2.0_14.0.0_openmpi_g_develop/esmf
20231024 020449.182 INFO             PET0 ESMF_COMM                   : openmpi
20231024 020449.182 INFO             PET0 ESMF_MOAB                   : enabled
20231024 020449.182 INFO             PET0 ESMF_LAPACK                 : enabled
20231024 020449.182 INFO             PET0 ESMF_NETCDF                 : enabled
20231024 020449.182 INFO             PET0 ESMF_PNETCDF                : disabled
20231024 020449.182 INFO             PET0 ESMF_PIO                    : enabled
20231024 020449.182 INFO             PET0 ESMF_YAMLCPP                : enabled
20231024 020449.183 INFO             PET0  NUMBER_OF_PROCESSORS           4
20231024 020449.183 INFO             PET0  PASS  Example ESMF_DELayoutEx, ESMF_DELayoutEx.F90, line 394
20231024 020449.183 INFO             PET0  Finalizing ESMF
20231024 020449.182 INFO             PET1 !!!!!!!!!!!!!!!!!!!!!!!!!!!!!!!!!!!!!!!!!!!!!!!!!!!!!!
20231024 020449.182 INFO             PET1 !!! THE ESMF_LOG IS SET TO OUTPUT ALL LOG MESSAGES !!!
20231024 020449.182 INFO             PET1 !!!     THIS MAY CAUSE SLOWDOWN IN PERFORMANCE     !!!
20231024 020449.182 INFO             PET1 !!! FOR PRODUCTION RUNS, USE:                      !!!
20231024 020449.182 INFO             PET1 !!!                   ESMF_LOGKIND_Multi_On_Error  !!!
20231024 020449.182 INFO             PET1 !!!!!!!!!!!!!!!!!!!!!!!!!!!!!!!!!!!!!!!!!!!!!!!!!!!!!!
20231024 020449.182 INFO             PET1 Running with ESMF Version   : v8.6.0b10-20-g29a503bb7f
20231024 020449.182 INFO             PET1 ESMF library build date/time: "Oct 24 2023" "01:16:16"
20231024 020449.182 INFO             PET1 ESMF library build location : /Users/sacks/projects/scratch/esmf-testing/gfortranclang_12.2.0_14.0.0_openmpi_g_develop/esmf
20231024 020449.182 INFO             PET1 ESMF_COMM                   : openmpi
20231024 020449.182 INFO             PET1 ESMF_MOAB                   : enabled
20231024 020449.182 INFO             PET1 ESMF_LAPACK                 : enabled
20231024 020449.182 INFO             PET1 ESMF_NETCDF                 : enabled
20231024 020449.182 INFO             PET1 ESMF_PNETCDF                : disabled
20231024 020449.182 INFO             PET1 ESMF_PIO                    : enabled
20231024 020449.182 INFO             PET1 ESMF_YAMLCPP                : enabled
20231024 020449.183 INFO             PET1  NUMBER_OF_PROCESSORS           4
20231024 020449.183 INFO             PET1  PASS  Example ESMF_DELayoutEx, ESMF_DELayoutEx.F90, line 394
20231024 020449.183 INFO             PET1  Finalizing ESMF
20231024 020449.182 INFO             PET2 !!!!!!!!!!!!!!!!!!!!!!!!!!!!!!!!!!!!!!!!!!!!!!!!!!!!!!
20231024 020449.182 INFO             PET2 !!! THE ESMF_LOG IS SET TO OUTPUT ALL LOG MESSAGES !!!
20231024 020449.182 INFO             PET2 !!!     THIS MAY CAUSE SLOWDOWN IN PERFORMANCE     !!!
20231024 020449.182 INFO             PET2 !!! FOR PRODUCTION RUNS, USE:                      !!!
20231024 020449.182 INFO             PET2 !!!                   ESMF_LOGKIND_Multi_On_Error  !!!
20231024 020449.182 INFO             PET2 !!!!!!!!!!!!!!!!!!!!!!!!!!!!!!!!!!!!!!!!!!!!!!!!!!!!!!
20231024 020449.182 INFO             PET2 Running with ESMF Version   : v8.6.0b10-20-g29a503bb7f
20231024 020449.182 INFO             PET2 ESMF library build date/time: "Oct 24 2023" "01:16:16"
20231024 020449.182 INFO             PET2 ESMF library build location : /Users/sacks/projects/scratch/esmf-testing/gfortranclang_12.2.0_14.0.0_openmpi_g_develop/esmf
20231024 020449.182 INFO             PET2 ESMF_COMM                   : openmpi
20231024 020449.182 INFO             PET2 ESMF_MOAB                   : enabled
20231024 020449.182 INFO             PET2 ESMF_LAPACK                 : enabled
20231024 020449.182 INFO             PET2 ESMF_NETCDF                 : enabled
20231024 020449.182 INFO             PET2 ESMF_PNETCDF                : disabled
20231024 020449.182 INFO             PET2 ESMF_PIO                    : enabled
20231024 020449.182 INFO             PET2 ESMF_YAMLCPP                : enabled
20231024 020449.183 INFO             PET2  NUMBER_OF_PROCESSORS           4
20231024 020449.183 INFO             PET2  PASS  Example ESMF_DELayoutEx, ESMF_DELayoutEx.F90, line 394
20231024 020449.183 INFO             PET2  Finalizing ESMF
20231024 020449.181 INFO             PET3 !!!!!!!!!!!!!!!!!!!!!!!!!!!!!!!!!!!!!!!!!!!!!!!!!!!!!!
20231024 020449.182 INFO             PET3 !!! THE ESMF_LOG IS SET TO OUTPUT ALL LOG MESSAGES !!!
20231024 020449.182 INFO             PET3 !!!     THIS MAY CAUSE SLOWDOWN IN PERFORMANCE     !!!
20231024 020449.182 INFO             PET3 !!! FOR PRODUCTION RUNS, USE:                      !!!
20231024 020449.182 INFO             PET3 !!!                   ESMF_LOGKIND_Multi_On_Error  !!!
20231024 020449.182 INFO             PET3 !!!!!!!!!!!!!!!!!!!!!!!!!!!!!!!!!!!!!!!!!!!!!!!!!!!!!!
20231024 020449.182 INFO             PET3 Running with ESMF Version   : v8.6.0b10-20-g29a503bb7f
20231024 020449.182 INFO             PET3 ESMF library build date/time: "Oct 24 2023" "01:16:16"
20231024 020449.182 INFO             PET3 ESMF library build location : /Users/sacks/projects/scratch/esmf-testing/gfortranclang_12.2.0_14.0.0_openmpi_g_develop/esmf
20231024 020449.182 INFO             PET3 ESMF_COMM                   : openmpi
20231024 020449.182 INFO             PET3 ESMF_MOAB                   : enabled
20231024 020449.182 INFO             PET3 ESMF_LAPACK                 : enabled
20231024 020449.182 INFO             PET3 ESMF_NETCDF                 : enabled
20231024 020449.182 INFO             PET3 ESMF_PNETCDF                : disabled
20231024 020449.182 INFO             PET3 ESMF_PIO                    : enabled
20231024 020449.182 INFO             PET3 ESMF_YAMLCPP                : enabled
20231024 020449.183 INFO             PET3  NUMBER_OF_PROCESSORS           4
20231024 020449.183 INFO             PET3  PASS  Example ESMF_DELayoutEx, ESMF_DELayoutEx.F90, line 394
20231024 020449.183 INFO             PET3  Finalizing ESMF
