2023-10-12 07:49:35
20231012 083637.962 INFO             PET0 !!!!!!!!!!!!!!!!!!!!!!!!!!!!!!!!!!!!!!!!!!!!!!!!!!!!!!
20231012 083637.962 INFO             PET0 !!! THE ESMF_LOG IS SET TO OUTPUT ALL LOG MESSAGES !!!
20231012 083637.962 INFO             PET0 !!!     THIS MAY CAUSE SLOWDOWN IN PERFORMANCE     !!!
20231012 083637.962 INFO             PET0 !!! FOR PRODUCTION RUNS, USE:                      !!!
20231012 083637.962 INFO             PET0 !!!                   ESMF_LOGKIND_Multi_On_Error  !!!
20231012 083637.962 INFO             PET0 !!!!!!!!!!!!!!!!!!!!!!!!!!!!!!!!!!!!!!!!!!!!!!!!!!!!!!
20231012 083637.962 INFO             PET0 Running with ESMF Version   : v8.6.0b08-5-gefca49259f
20231012 083637.962 INFO             PET0 ESMF library build date/time: "Oct 12 2023" "07:47:16"
20231012 083637.962 INFO             PET0 ESMF library build location : /scratch2/NCEPDEV/stmp1/Gerhard.Theurich/ESMF-Nightly-Testing/intel_2023.1.0-classic_intelmpi_O_develop/esmf
20231012 083637.963 INFO             PET0 ESMF_COMM                   : intelmpi
20231012 083637.963 INFO             PET0 ESMF_MOAB                   : enabled
20231012 083637.963 INFO             PET0 ESMF_LAPACK                 : enabled
20231012 083637.963 INFO             PET0 ESMF_NETCDF                 : enabled
20231012 083637.963 INFO             PET0 ESMF_PNETCDF                : disabled
20231012 083637.963 INFO             PET0 ESMF_PIO                    : enabled
20231012 083637.963 INFO             PET0 ESMF_YAMLCPP                : enabled
20231012 083637.964 INFO             PET0 mainApp STARTING
20231012 083637.966 INFO             PET0 driver: InitializeGeneric intro.
20231012 083637.966 INFO             PET0   driver: InitializeP0 intro.
20231012 083637.966 INFO             PET0   driver: InitializeP0 extro.
20231012 083637.966 INFO             PET0   driver: InitializeIPDv02p1 intro.
20231012 083637.966 INFO             PET0     >>>driver: entered Initialize (phase=<none>) without valid internal Clock.
20231012 083637.966 INFO             PET0     driver - Creating model component MODEL without petList.
20231012 083637.967 INFO             PET0      GridCompIsPetLocal:  T
20231012 083637.967 INFO             PET0      VmIsCreated:  T
20231012 083637.967 INFO             PET0      valid MPI_COMM with size=           4
20231012 083637.967 INFO             PET0     driver - Creating state: modelComp 1 Import State
20231012 083637.967 INFO             PET0     driver - Creating state: modelComp 1 Export State
20231012 083637.968 INFO             PET0     MODEL: InitializeP0 intro.
20231012 083637.968 INFO             PET0       >>>MODEL: entered Initialize (phase=<none>) without valid internal Clock.
20231012 083637.968 INFO             PET0       <<<MODEL: leaving Initialize (phase=<none>) without valid internal Clock.
20231012 083637.968 INFO             PET0     MODEL: InitializeP0 extro.
20231012 083637.969 INFO             PET0     driver: IInitAdvertise intro.
20231012 083637.969 INFO             PET0     driver: IInitAdvertise extro.
20231012 083637.969 INFO             PET0     MODEL: InitializeIPDvXp01 intro.
20231012 083637.969 INFO             PET0       >>>MODEL: entered Initialize (phase=IPDvXp01) without valid internal Clock.
20231012 083637.970 INFO             PET0       <<<MODEL: leaving Initialize (phase=IPDvXp01) without valid internal Clock.
20231012 083637.970 INFO             PET0     MODEL: InitializeIPDvXp01 extro.
20231012 083637.970 INFO             PET0     driver: IInitAdvertiseFinish intro.
20231012 083637.970 INFO             PET0     driver: IInitAdvertiseFinish extro.
20231012 083637.970 INFO             PET0     driver: IInitModifyCplLists intro.
20231012 083637.970 INFO             PET0     driver: IInitModifyCplLists extro.
20231012 083637.970 INFO             PET0     <<<driver: leaving Initialize (phase=<none>) with current time:    0  1  1  0  0  0   0
20231012 083637.970 INFO             PET0   driver: InitializeIPDv02p1 extro.
20231012 083637.970 INFO             PET0   driver: InitializeIPDv02p3 intro.
20231012 083637.970 INFO             PET0     >>>driver: entered Initialize (phase=<none>) with current time:    0  1  1  0  0  0   0
20231012 083637.970 INFO             PET0     driver: IInitCheck intro.
20231012 083637.970 INFO             PET0     driver: IInitCheck extro.
20231012 083637.970 INFO             PET0     MODEL: InitializeIPDvXp04 intro.
20231012 083637.970 INFO             PET0       >>>MODEL: entered Initialize (phase=IPDvXp04) without valid internal Clock.
20231012 083637.972 INFO             PET0       After Realize: - MemInfo: [/proc/meminfo - SSI]	MemTotal:       394741644 kB
20231012 083637.972 INFO             PET0       After Realize: - MemInfo: [/proc/meminfo - SSI]	MemFree:        378389492 kB
20231012 083637.972 INFO             PET0       After Realize: - MemInfo: [/proc/meminfo - SSI]	MemAvailable:   382499784 kB
20231012 083637.972 INFO             PET0       After Realize: - MemInfo: [/proc/meminfo - SSI]	Committed_AS:    1749868 kB
20231012 083637.972 INFO             PET0       After Realize: - MemInfo: [/proc/meminfo - SSI]	CommittedPercent: 0.443295 %
20231012 083637.972 INFO             PET0       After Realize: - MemInfo: [/proc/self/status]	VmPeak:	 2721820 kB
20231012 083637.972 INFO             PET0       After Realize: - MemInfo: [/proc/self/status]	VmSize:	 2721820 kB
20231012 083637.972 INFO             PET0       After Realize: - MemInfo: [/proc/self/status]	VmLck:	       0 kB
20231012 083637.972 INFO             PET0       After Realize: - MemInfo: [/proc/self/status]	VmPin:	   82044 kB
20231012 083637.972 INFO             PET0       After Realize: - MemInfo: [/proc/self/status]	VmHWM:	  147132 kB
20231012 083637.972 INFO             PET0       After Realize: - MemInfo: [/proc/self/status]	VmRSS:	  147132 kB
20231012 083637.972 INFO             PET0       After Realize: - MemInfo: [/proc/self/status]	VmData:	  223448 kB
20231012 083637.972 INFO             PET0       After Realize: - MemInfo: [/proc/self/status]	VmStk:	     184 kB
20231012 083637.972 INFO             PET0       After Realize: - MemInfo: [/proc/self/status]	VmExe:	    1708 kB
20231012 083637.972 INFO             PET0       After Realize: - MemInfo: [/proc/self/status]	VmLib:	   96880 kB
20231012 083637.972 INFO             PET0       After Realize: - MemInfo: [/proc/self/status]	VmPTE:	     744 kB
20231012 083637.972 INFO             PET0       After Realize: - MemInfo: [/proc/self/status]	VmSwap:	       0 kB
20231012 083637.972 INFO             PET0       After Realize: - MemInfo: [/proc/self/status]	VmRSSPercent: 0.037273 %
20231012 083637.972 INFO             PET0       After Realize: - MemInfo: [malloc] Non-mmapped space allocated:                 1298432 Byte
20231012 083637.972 INFO             PET0       After Realize: - MemInfo: [malloc] Space allocated in mmapped regions:         88080384 Byte
20231012 083637.972 INFO             PET0       After Realize: - MemInfo: [malloc] Maximum total allocated space:                     0 Byte
20231012 083637.972 INFO             PET0       After Realize: - MemInfo: [malloc] Space in freed fastbin blocks:                  1152 Byte
20231012 083637.972 INFO             PET0       After Realize: - MemInfo: [malloc] Total allocated space:                       1280144 Byte
20231012 083637.972 INFO             PET0       After Realize: - MemInfo: [malloc] Total free space:                              18288 Byte
20231012 083637.972 INFO             PET0       After Realize: - MemInfo: [malloc] Top-most, releasable space:                    16944 Byte
20231012 083637.972 INFO             PET0       After Realize: - MemInfo: [malloc] Total space in use, mmap + non-mmap:        89360528 Byte
20231012 083637.972 INFO             PET0       After Realize: - MemInfo: [malloc] Total space held (mmap + non-mmap):         89378816 Byte
20231012 083637.972 INFO             PET0       After Realize: - MemInfo: [malloc] Total space used (mmap + non-mmap):         89369872 Byte
20231012 083637.972 INFO             PET0       After Realize: - MemInfo: Wall-clock time since execution start:               0.025987 seconds
20231012 083637.972 INFO             PET0       <<<MODEL: leaving Initialize (phase=IPDvXp04) without valid internal Clock.
20231012 083637.972 INFO             PET0     MODEL: InitializeIPDvXp04 extro.
20231012 083637.973 INFO             PET0     driver: IInitRealize intro.
20231012 083637.973 INFO             PET0     driver: IInitRealize extro.
20231012 083637.973 INFO             PET0     MODEL: InitializeIPDvXp07 intro.
20231012 083637.973 INFO             PET0       >>>MODEL: entered Initialize (phase=IPDvXp07) without valid internal Clock.
20231012 083637.973 INFO             PET0       <<<MODEL: leaving Initialize (phase=IPDvXp07) with current time:    0  1  1  0  0  0   0
20231012 083637.973 INFO             PET0     MODEL: InitializeIPDvXp07 extro.
20231012 083637.973 INFO             PET0     <<<driver: leaving Initialize (phase=<none>) with current time:    0  1  1  0  0  0   0
20231012 083637.973 INFO             PET0   driver: InitializeIPDv02p3 extro.
20231012 083637.973 INFO             PET0   driver: InitializeIPDv02p5 intro.
20231012 083637.973 INFO             PET0     >>>driver: entered Initialize (phase=<none>) with current time:    0  1  1  0  0  0   0
20231012 083637.973 INFO             PET0     driver: this is a top level driver, no 'Updated' and 'InitializeDataComplete' info on this level.
20231012 083637.973 INFO             PET0     driver: InitializeIPDv02p5Data intro.
20231012 083637.973 INFO             PET0       driver: InternalInitializeComplete intro.
20231012 083637.973 INFO             PET0         driver: InitializeDataComplete='true'
20231012 083637.973 INFO             PET0       driver: InternalInitializeComplete extro.
20231012 083637.973 INFO             PET0       MODEL: InitializeIPDvXp08 intro.
20231012 083637.973 INFO             PET0         >>>MODEL: entered Initialize (phase=IPDv05p8) with current time:    0  1  1  0  0  0   0
20231012 083637.973 INFO             PET0         MODEL: InitializeDataProgress='false', InitializeDataComplete='false'
20231012 083637.973 INFO             PET0         <<<MODEL: leaving Initialize (phase=IPDv05p8) with current time:    0  1  1  0  0  0   0
20231012 083637.973 INFO             PET0       MODEL: InitializeIPDvXp08 extro.
20231012 083637.974 INFO             PET0       driver: components present that trigger loopDataDependentInitialize().
20231012 083637.974 INFO             PET0       driver: loopDataDependentInitialize intro.
20231012 083637.974 INFO             PET0         driver: component    0=driver, dataComplete (local): true
20231012 083637.974 INFO             PET0         driver: component    0=driver, dataComplete (global):  T
20231012 083637.974 INFO             PET0         driver: component    1=MODEL, dataComplete (local): false
20231012 083637.974 INFO             PET0         driver: component    1=MODEL, dataComplete (global):  F
20231012 083637.974 INFO             PET0         MODEL: InitializeIPDvXp08 intro.
20231012 083637.974 INFO             PET0           >>>MODEL: entered Initialize (phase=IPDv05p8) with current time:    0  1  1  0  0  0   0
20231012 083637.974 INFO             PET0           MODEL: InitializeDataProgress='true', InitializeDataComplete='true'
20231012 083637.974 INFO             PET0           <<<MODEL: leaving Initialize (phase=IPDv05p8) with current time:    0  1  1  0  0  0   0
20231012 083637.974 INFO             PET0         MODEL: InitializeIPDvXp08 extro.
20231012 083637.974 INFO             PET0         driver: component    1=MODEL, someProgress (local): true
20231012 083637.974 INFO             PET0         driver: component    1=MODEL, someProgress (global):  T
20231012 083637.974 INFO             PET0         driver: someProgress= T, allComplete= F, present(dataDepAllComplete)= T
20231012 083637.974 INFO             PET0         driver: component    0=driver, dataComplete (local): true
20231012 083637.974 INFO             PET0         driver: component    0=driver, dataComplete (global):  T
20231012 083637.974 INFO             PET0         driver: component    1=MODEL, dataComplete (local): true
20231012 083637.974 INFO             PET0         driver: component    1=MODEL, dataComplete (global):  T
20231012 083637.974 INFO             PET0         driver: someProgress= F, allComplete= T, present(dataDepAllComplete)= T
20231012 083637.974 INFO             PET0         driver: finished resolving initialize data dependencies on this level.
20231012 083637.974 INFO             PET0       driver: loopDataDependentInitialize extro.
20231012 083637.974 INFO             PET0       driver: loopDataDependentInitialize() returned with dataDepAllComplete:  T
20231012 083637.974 INFO             PET0     driver: InitializeIPDv02p5Data extro.
20231012 083637.974 INFO             PET0     <<<driver: leaving Initialize (phase=<none>) with current time:    0  1  1  0  0  0   0
20231012 083637.974 INFO             PET0   driver: InitializeIPDv02p5 extro.
20231012 083637.974 INFO             PET0 driver: InitializeGeneric extro.
20231012 083637.974 INFO             PET0 driver: Run intro.
20231012 083637.974 INFO             PET0   >>>driver entered Run (phase=RunPhase1) with current time:    0  1  1  0  0  0   0
20231012 083637.974 INFO             PET0   driver: after lable_SetRunClock, current time:    0  1  1  0  0  0   0
20231012 083637.974 INFO             PET0   driver: begin -------> RunSequence.
20231012 083637.974 INFO             PET0     driver: RunSequence event loopLevel=   1  levelMember=   1  loopIteration=   1, current time:    0  1  1  0  0  0   0
20231012 083637.974 INFO             PET0     MODEL: Run intro.
20231012 083637.975 INFO             PET0       >>>MODEL: entered Run (phase=RunPhase1) with current time:    0  1  1  0  0  0   0
20231012 083637.975 INFO             PET0       MODEL: time step-loop starting, current time:    0  1  1  0  0  0   0
20231012 083637.975 INFO             PET0       thread_num=   2   currentSsiPe=  40   num_threads=   3   max_threads=   3   num_procs=   2
20231012 083637.975 INFO             PET0       thread_num=   1   currentSsiPe=   0   num_threads=   3   max_threads=   3   num_procs=   2
20231012 083637.975 INFO             PET0       thread_num=   0   currentSsiPe=   0   num_threads=   3   max_threads=   3   num_procs=   2
20231012 083637.975 INFO             PET0       ---->Advancing Model from:    0  1  1  0  0  0   0
20231012 083637.975 INFO             PET0       ---------------------> to:    0  1  1  0  0 30   0
20231012 083637.975 INFO             PET0       MODEL: time step-loop ending,   current time:    0  1  1  0  0 30   0
20231012 083637.975 INFO             PET0       <<<MODEL: leaving Run (phase=RunPhase1) with current time:    0  1  1  0  0 30   0
20231012 083637.975 INFO             PET0     MODEL: Run extro.
20231012 083637.975 INFO             PET0     driver: RunSequence event loopLevel=   1  levelMember=   1  loopIteration=   2, current time:    0  1  1  0  0 30   0
20231012 083637.975 INFO             PET0     MODEL: Run intro.
20231012 083637.975 INFO             PET0       >>>MODEL: entered Run (phase=RunPhase1) with current time:    0  1  1  0  0 30   0
20231012 083637.975 INFO             PET0       MODEL: time step-loop starting, current time:    0  1  1  0  0 30   0
20231012 083637.975 INFO             PET0       thread_num=   0   currentSsiPe=   0   num_threads=   3   max_threads=   3   num_procs=   2
20231012 083637.975 INFO             PET0       thread_num=   2   currentSsiPe=  40   num_threads=   3   max_threads=   3   num_procs=   2
20231012 083637.975 INFO             PET0       thread_num=   1   currentSsiPe=   0   num_threads=   3   max_threads=   3   num_procs=   2
20231012 083637.975 INFO             PET0       ---->Advancing Model from:    0  1  1  0  0 30   0
20231012 083637.975 INFO             PET0       ---------------------> to:    0  1  1  0  1  0   0
20231012 083637.976 INFO             PET0       MODEL: time step-loop ending,   current time:    0  1  1  0  1  0   0
20231012 083637.976 INFO             PET0       <<<MODEL: leaving Run (phase=RunPhase1) with current time:    0  1  1  0  1  0   0
20231012 083637.976 INFO             PET0     MODEL: Run extro.
20231012 083637.976 INFO             PET0     driver: RunSequence event loopLevel=   1  levelMember=   1  loopIteration=   3, current time:    0  1  1  0  1  0   0
20231012 083637.976 INFO             PET0     MODEL: Run intro.
20231012 083637.976 INFO             PET0       >>>MODEL: entered Run (phase=RunPhase1) with current time:    0  1  1  0  1  0   0
20231012 083637.976 INFO             PET0       MODEL: time step-loop starting, current time:    0  1  1  0  1  0   0
20231012 083637.976 INFO             PET0       thread_num=   0   currentSsiPe=   0   num_threads=   3   max_threads=   3   num_procs=   2
20231012 083637.976 INFO             PET0       thread_num=   2   currentSsiPe=  40   num_threads=   3   max_threads=   3   num_procs=   2
20231012 083637.976 INFO             PET0       thread_num=   1   currentSsiPe=   0   num_threads=   3   max_threads=   3   num_procs=   2
20231012 083637.976 INFO             PET0       ---->Advancing Model from:    0  1  1  0  1  0   0
20231012 083637.976 INFO             PET0       ---------------------> to:    0  1  1  0  1 30   0
20231012 083637.976 INFO             PET0       MODEL: time step-loop ending,   current time:    0  1  1  0  1 30   0
20231012 083637.976 INFO             PET0       <<<MODEL: leaving Run (phase=RunPhase1) with current time:    0  1  1  0  1 30   0
20231012 083637.976 INFO             PET0     MODEL: Run extro.
20231012 083637.976 INFO             PET0     driver: RunSequence event loopLevel=   1  levelMember=   1  loopIteration=   4, current time:    0  1  1  0  1 30   0
20231012 083637.976 INFO             PET0     MODEL: Run intro.
20231012 083637.976 INFO             PET0       >>>MODEL: entered Run (phase=RunPhase1) with current time:    0  1  1  0  1 30   0
20231012 083637.976 INFO             PET0       MODEL: time step-loop starting, current time:    0  1  1  0  1 30   0
20231012 083637.976 INFO             PET0       thread_num=   0   currentSsiPe=   0   num_threads=   3   max_threads=   3   num_procs=   2
20231012 083637.976 INFO             PET0       thread_num=   2   currentSsiPe=  40   num_threads=   3   max_threads=   3   num_procs=   2
20231012 083637.976 INFO             PET0       thread_num=   1   currentSsiPe=   0   num_threads=   3   max_threads=   3   num_procs=   2
20231012 083637.976 INFO             PET0       ---->Advancing Model from:    0  1  1  0  1 30   0
20231012 083637.976 INFO             PET0       ---------------------> to:    0  1  1  0  2  0   0
20231012 083637.976 INFO             PET0       MODEL: time step-loop ending,   current time:    0  1  1  0  2  0   0
20231012 083637.976 INFO             PET0       <<<MODEL: leaving Run (phase=RunPhase1) with current time:    0  1  1  0  2  0   0
20231012 083637.976 INFO             PET0     MODEL: Run extro.
20231012 083637.976 INFO             PET0     driver: RunSequence event loopLevel=   1  levelMember=   1  loopIteration=   5, current time:    0  1  1  0  2  0   0
20231012 083637.977 INFO             PET0     MODEL: Run intro.
20231012 083637.977 INFO             PET0       >>>MODEL: entered Run (phase=RunPhase1) with current time:    0  1  1  0  2  0   0
20231012 083637.977 INFO             PET0       MODEL: time step-loop starting, current time:    0  1  1  0  2  0   0
20231012 083637.977 INFO             PET0       thread_num=   0   currentSsiPe=   0   num_threads=   3   max_threads=   3   num_procs=   2
20231012 083637.977 INFO             PET0       thread_num=   2   currentSsiPe=  40   num_threads=   3   max_threads=   3   num_procs=   2
20231012 083637.977 INFO             PET0       thread_num=   1   currentSsiPe=   0   num_threads=   3   max_threads=   3   num_procs=   2
20231012 083637.977 INFO             PET0       ---->Advancing Model from:    0  1  1  0  2  0   0
20231012 083637.977 INFO             PET0       ---------------------> to:    0  1  1  0  2 30   0
20231012 083637.977 INFO             PET0       MODEL: time step-loop ending,   current time:    0  1  1  0  2 30   0
20231012 083637.977 INFO             PET0       <<<MODEL: leaving Run (phase=RunPhase1) with current time:    0  1  1  0  2 30   0
20231012 083637.977 INFO             PET0     MODEL: Run extro.
20231012 083637.977 INFO             PET0   driver: end <--------- RunSequence
20231012 083637.977 INFO             PET0   <<<driver - leaving Run with current time:    0  1  1  0  2 30   0
20231012 083637.977 INFO             PET0 driver: Run extro.
20231012 083637.977 INFO             PET0 driver: Finalize intro.
20231012 083637.977 INFO             PET0   Calling Finalize phase 1 for modelComp: MODEL
20231012 083637.977 INFO             PET0   MODEL: Finalize intro.
20231012 083637.977 INFO             PET0     >>>MODEL: entered Finalize (phase=FinalizePhase1) with current time:    0  1  1  0  2 30   0
20231012 083637.977 INFO             PET0     <<<MODEL: leaving Finalize (phase=FinalizePhase1) with current time:    0  1  1  0  2 30   0
20231012 083637.977 INFO             PET0   MODEL: Finalize extro.
20231012 083637.977 INFO             PET0   Delete modelComp: MODEL
20231012 083637.977 INFO             PET0   Delete Import-/Export State for modelComp: MODEL
20231012 083637.977 INFO             PET0 driver: Finalize extro.
20231012 083637.977 INFO             PET0 mainApp FINISHED
20231012 083637.977 INFO             PET0  Finalizing ESMF
20231012 083637.963 INFO             PET1 !!!!!!!!!!!!!!!!!!!!!!!!!!!!!!!!!!!!!!!!!!!!!!!!!!!!!!
20231012 083637.963 INFO             PET1 !!! THE ESMF_LOG IS SET TO OUTPUT ALL LOG MESSAGES !!!
20231012 083637.963 INFO             PET1 !!!     THIS MAY CAUSE SLOWDOWN IN PERFORMANCE     !!!
20231012 083637.963 INFO             PET1 !!! FOR PRODUCTION RUNS, USE:                      !!!
20231012 083637.963 INFO             PET1 !!!                   ESMF_LOGKIND_Multi_On_Error  !!!
20231012 083637.963 INFO             PET1 !!!!!!!!!!!!!!!!!!!!!!!!!!!!!!!!!!!!!!!!!!!!!!!!!!!!!!
20231012 083637.963 INFO             PET1 Running with ESMF Version   : v8.6.0b08-5-gefca49259f
20231012 083637.963 INFO             PET1 ESMF library build date/time: "Oct 12 2023" "07:47:16"
20231012 083637.963 INFO             PET1 ESMF library build location : /scratch2/NCEPDEV/stmp1/Gerhard.Theurich/ESMF-Nightly-Testing/intel_2023.1.0-classic_intelmpi_O_develop/esmf
20231012 083637.963 INFO             PET1 ESMF_COMM                   : intelmpi
20231012 083637.963 INFO             PET1 ESMF_MOAB                   : enabled
20231012 083637.963 INFO             PET1 ESMF_LAPACK                 : enabled
20231012 083637.963 INFO             PET1 ESMF_NETCDF                 : enabled
20231012 083637.963 INFO             PET1 ESMF_PNETCDF                : disabled
20231012 083637.963 INFO             PET1 ESMF_PIO                    : enabled
20231012 083637.963 INFO             PET1 ESMF_YAMLCPP                : enabled
20231012 083637.964 INFO             PET1 mainApp STARTING
20231012 083637.966 INFO             PET1 driver: InitializeGeneric intro.
20231012 083637.966 INFO             PET1   driver: InitializeP0 intro.
20231012 083637.966 INFO             PET1   driver: InitializeP0 extro.
20231012 083637.966 INFO             PET1   driver: InitializeIPDv02p1 intro.
20231012 083637.966 INFO             PET1     >>>driver: entered Initialize (phase=<none>) without valid internal Clock.
20231012 083637.966 INFO             PET1     driver - Creating model component MODEL without petList.
20231012 083637.967 INFO             PET1      GridCompIsPetLocal:  T
20231012 083637.967 INFO             PET1      VmIsCreated:  T
20231012 083637.967 INFO             PET1      valid MPI_COMM with size=           4
20231012 083637.967 INFO             PET1     driver - Creating state: modelComp 1 Import State
20231012 083637.968 INFO             PET1     driver - Creating state: modelComp 1 Export State
20231012 083637.968 INFO             PET1     MODEL: InitializeP0 intro.
20231012 083637.968 INFO             PET1       >>>MODEL: entered Initialize (phase=<none>) without valid internal Clock.
20231012 083637.968 INFO             PET1       <<<MODEL: leaving Initialize (phase=<none>) without valid internal Clock.
20231012 083637.968 INFO             PET1     MODEL: InitializeP0 extro.
20231012 083637.969 INFO             PET1     driver: IInitAdvertise intro.
20231012 083637.969 INFO             PET1     driver: IInitAdvertise extro.
20231012 083637.969 INFO             PET1     MODEL: InitializeIPDvXp01 intro.
20231012 083637.969 INFO             PET1       >>>MODEL: entered Initialize (phase=IPDvXp01) without valid internal Clock.
20231012 083637.970 INFO             PET1       <<<MODEL: leaving Initialize (phase=IPDvXp01) without valid internal Clock.
20231012 083637.970 INFO             PET1     MODEL: InitializeIPDvXp01 extro.
20231012 083637.970 INFO             PET1     driver: IInitAdvertiseFinish intro.
20231012 083637.970 INFO             PET1     driver: IInitAdvertiseFinish extro.
20231012 083637.970 INFO             PET1     driver: IInitModifyCplLists intro.
20231012 083637.970 INFO             PET1     driver: IInitModifyCplLists extro.
20231012 083637.970 INFO             PET1     <<<driver: leaving Initialize (phase=<none>) with current time:    0  1  1  0  0  0   0
20231012 083637.970 INFO             PET1   driver: InitializeIPDv02p1 extro.
20231012 083637.970 INFO             PET1   driver: InitializeIPDv02p3 intro.
20231012 083637.970 INFO             PET1     >>>driver: entered Initialize (phase=<none>) with current time:    0  1  1  0  0  0   0
20231012 083637.970 INFO             PET1     driver: IInitCheck intro.
20231012 083637.970 INFO             PET1     driver: IInitCheck extro.
20231012 083637.970 INFO             PET1     MODEL: InitializeIPDvXp04 intro.
20231012 083637.970 INFO             PET1       >>>MODEL: entered Initialize (phase=IPDvXp04) without valid internal Clock.
20231012 083637.972 INFO             PET1       After Realize: - MemInfo: [/proc/meminfo - SSI]	MemTotal:       394741644 kB
20231012 083637.972 INFO             PET1       After Realize: - MemInfo: [/proc/meminfo - SSI]	MemFree:        378389492 kB
20231012 083637.972 INFO             PET1       After Realize: - MemInfo: [/proc/meminfo - SSI]	MemAvailable:   382499784 kB
20231012 083637.972 INFO             PET1       After Realize: - MemInfo: [/proc/meminfo - SSI]	Committed_AS:    1749868 kB
20231012 083637.972 INFO             PET1       After Realize: - MemInfo: [/proc/meminfo - SSI]	CommittedPercent: 0.443295 %
20231012 083637.972 INFO             PET1       After Realize: - MemInfo: [/proc/self/status]	VmPeak:	 2721820 kB
20231012 083637.972 INFO             PET1       After Realize: - MemInfo: [/proc/self/status]	VmSize:	 2721820 kB
20231012 083637.972 INFO             PET1       After Realize: - MemInfo: [/proc/self/status]	VmLck:	       0 kB
20231012 083637.972 INFO             PET1       After Realize: - MemInfo: [/proc/self/status]	VmPin:	   82044 kB
20231012 083637.972 INFO             PET1       After Realize: - MemInfo: [/proc/self/status]	VmHWM:	  143264 kB
20231012 083637.972 INFO             PET1       After Realize: - MemInfo: [/proc/self/status]	VmRSS:	  143264 kB
20231012 083637.972 INFO             PET1       After Realize: - MemInfo: [/proc/self/status]	VmData:	  223448 kB
20231012 083637.972 INFO             PET1       After Realize: - MemInfo: [/proc/self/status]	VmStk:	     184 kB
20231012 083637.972 INFO             PET1       After Realize: - MemInfo: [/proc/self/status]	VmExe:	    1708 kB
20231012 083637.972 INFO             PET1       After Realize: - MemInfo: [/proc/self/status]	VmLib:	   96880 kB
20231012 083637.972 INFO             PET1       After Realize: - MemInfo: [/proc/self/status]	VmPTE:	     760 kB
20231012 083637.972 INFO             PET1       After Realize: - MemInfo: [/proc/self/status]	VmSwap:	       0 kB
20231012 083637.972 INFO             PET1       After Realize: - MemInfo: [/proc/self/status]	VmRSSPercent: 0.0362931 %
20231012 083637.972 INFO             PET1       After Realize: - MemInfo: [malloc] Non-mmapped space allocated:                 1298432 Byte
20231012 083637.972 INFO             PET1       After Realize: - MemInfo: [malloc] Space allocated in mmapped regions:         88080384 Byte
20231012 083637.972 INFO             PET1       After Realize: - MemInfo: [malloc] Maximum total allocated space:                     0 Byte
20231012 083637.972 INFO             PET1       After Realize: - MemInfo: [malloc] Space in freed fastbin blocks:                  1152 Byte
20231012 083637.972 INFO             PET1       After Realize: - MemInfo: [malloc] Total allocated space:                       1279872 Byte
20231012 083637.972 INFO             PET1       After Realize: - MemInfo: [malloc] Total free space:                              18560 Byte
20231012 083637.972 INFO             PET1       After Realize: - MemInfo: [malloc] Top-most, releasable space:                    17216 Byte
20231012 083637.972 INFO             PET1       After Realize: - MemInfo: [malloc] Total space in use, mmap + non-mmap:        89360256 Byte
20231012 083637.972 INFO             PET1       After Realize: - MemInfo: [malloc] Total space held (mmap + non-mmap):         89378816 Byte
20231012 083637.972 INFO             PET1       After Realize: - MemInfo: [malloc] Total space used (mmap + non-mmap):         89369600 Byte
20231012 083637.972 INFO             PET1       After Realize: - MemInfo: Wall-clock time since execution start:              0.0269922 seconds
20231012 083637.972 INFO             PET1       <<<MODEL: leaving Initialize (phase=IPDvXp04) without valid internal Clock.
20231012 083637.972 INFO             PET1     MODEL: InitializeIPDvXp04 extro.
20231012 083637.973 INFO             PET1     driver: IInitRealize intro.
20231012 083637.973 INFO             PET1     driver: IInitRealize extro.
20231012 083637.973 INFO             PET1     MODEL: InitializeIPDvXp07 intro.
20231012 083637.973 INFO             PET1       >>>MODEL: entered Initialize (phase=IPDvXp07) without valid internal Clock.
20231012 083637.973 INFO             PET1       <<<MODEL: leaving Initialize (phase=IPDvXp07) with current time:    0  1  1  0  0  0   0
20231012 083637.973 INFO             PET1     MODEL: InitializeIPDvXp07 extro.
20231012 083637.973 INFO             PET1     <<<driver: leaving Initialize (phase=<none>) with current time:    0  1  1  0  0  0   0
20231012 083637.973 INFO             PET1   driver: InitializeIPDv02p3 extro.
20231012 083637.973 INFO             PET1   driver: InitializeIPDv02p5 intro.
20231012 083637.973 INFO             PET1     >>>driver: entered Initialize (phase=<none>) with current time:    0  1  1  0  0  0   0
20231012 083637.973 INFO             PET1     driver: this is a top level driver, no 'Updated' and 'InitializeDataComplete' info on this level.
20231012 083637.973 INFO             PET1     driver: InitializeIPDv02p5Data intro.
20231012 083637.973 INFO             PET1       driver: InternalInitializeComplete intro.
20231012 083637.973 INFO             PET1         driver: InitializeDataComplete='true'
20231012 083637.973 INFO             PET1       driver: InternalInitializeComplete extro.
20231012 083637.973 INFO             PET1       MODEL: InitializeIPDvXp08 intro.
20231012 083637.973 INFO             PET1         >>>MODEL: entered Initialize (phase=IPDv05p8) with current time:    0  1  1  0  0  0   0
20231012 083637.973 INFO             PET1         MODEL: InitializeDataProgress='false', InitializeDataComplete='false'
20231012 083637.973 INFO             PET1         <<<MODEL: leaving Initialize (phase=IPDv05p8) with current time:    0  1  1  0  0  0   0
20231012 083637.973 INFO             PET1       MODEL: InitializeIPDvXp08 extro.
20231012 083637.974 INFO             PET1       driver: components present that trigger loopDataDependentInitialize().
20231012 083637.974 INFO             PET1       driver: loopDataDependentInitialize intro.
20231012 083637.974 INFO             PET1         driver: component    0=driver, dataComplete (local): true
20231012 083637.974 INFO             PET1         driver: component    0=driver, dataComplete (global):  T
20231012 083637.974 INFO             PET1         driver: component    1=MODEL, dataComplete (local): false
20231012 083637.974 INFO             PET1         driver: component    1=MODEL, dataComplete (global):  F
20231012 083637.974 INFO             PET1         MODEL: InitializeIPDvXp08 intro.
20231012 083637.974 INFO             PET1           >>>MODEL: entered Initialize (phase=IPDv05p8) with current time:    0  1  1  0  0  0   0
20231012 083637.974 INFO             PET1           MODEL: InitializeDataProgress='true', InitializeDataComplete='true'
20231012 083637.974 INFO             PET1           <<<MODEL: leaving Initialize (phase=IPDv05p8) with current time:    0  1  1  0  0  0   0
20231012 083637.974 INFO             PET1         MODEL: InitializeIPDvXp08 extro.
20231012 083637.974 INFO             PET1         driver: component    1=MODEL, someProgress (local): true
20231012 083637.974 INFO             PET1         driver: component    1=MODEL, someProgress (global):  T
20231012 083637.974 INFO             PET1         driver: someProgress= T, allComplete= F, present(dataDepAllComplete)= T
20231012 083637.974 INFO             PET1         driver: component    0=driver, dataComplete (local): true
20231012 083637.974 INFO             PET1         driver: component    0=driver, dataComplete (global):  T
20231012 083637.974 INFO             PET1         driver: component    1=MODEL, dataComplete (local): true
20231012 083637.974 INFO             PET1         driver: component    1=MODEL, dataComplete (global):  T
20231012 083637.974 INFO             PET1         driver: someProgress= F, allComplete= T, present(dataDepAllComplete)= T
20231012 083637.974 INFO             PET1         driver: finished resolving initialize data dependencies on this level.
20231012 083637.974 INFO             PET1       driver: loopDataDependentInitialize extro.
20231012 083637.974 INFO             PET1       driver: loopDataDependentInitialize() returned with dataDepAllComplete:  T
20231012 083637.974 INFO             PET1     driver: InitializeIPDv02p5Data extro.
20231012 083637.974 INFO             PET1     <<<driver: leaving Initialize (phase=<none>) with current time:    0  1  1  0  0  0   0
20231012 083637.974 INFO             PET1   driver: InitializeIPDv02p5 extro.
20231012 083637.974 INFO             PET1 driver: InitializeGeneric extro.
20231012 083637.974 INFO             PET1 driver: Run intro.
20231012 083637.974 INFO             PET1   >>>driver entered Run (phase=RunPhase1) with current time:    0  1  1  0  0  0   0
20231012 083637.974 INFO             PET1   driver: after lable_SetRunClock, current time:    0  1  1  0  0  0   0
20231012 083637.974 INFO             PET1   driver: begin -------> RunSequence.
20231012 083637.974 INFO             PET1     driver: RunSequence event loopLevel=   1  levelMember=   1  loopIteration=   1, current time:    0  1  1  0  0  0   0
20231012 083637.975 INFO             PET1     MODEL: Run intro.
20231012 083637.975 INFO             PET1       >>>MODEL: entered Run (phase=RunPhase1) with current time:    0  1  1  0  0  0   0
20231012 083637.975 INFO             PET1       MODEL: time step-loop starting, current time:    0  1  1  0  0  0   0
20231012 083637.975 INFO             PET1       thread_num=   0   currentSsiPe=  60   num_threads=   3   max_threads=   3   num_procs=   2
20231012 083637.975 INFO             PET1       thread_num=   1   currentSsiPe=  20   num_threads=   3   max_threads=   3   num_procs=   2
20231012 083637.983 INFO             PET1       thread_num=   2   currentSsiPe=  60   num_threads=   3   max_threads=   3   num_procs=   2
20231012 083637.983 INFO             PET1       ---->Advancing Model from:    0  1  1  0  0  0   0
20231012 083637.983 INFO             PET1       ---------------------> to:    0  1  1  0  0 30   0
20231012 083637.983 INFO             PET1       MODEL: time step-loop ending,   current time:    0  1  1  0  0 30   0
20231012 083637.983 INFO             PET1       <<<MODEL: leaving Run (phase=RunPhase1) with current time:    0  1  1  0  0 30   0
20231012 083637.983 INFO             PET1     MODEL: Run extro.
20231012 083637.983 INFO             PET1     driver: RunSequence event loopLevel=   1  levelMember=   1  loopIteration=   2, current time:    0  1  1  0  0 30   0
20231012 083637.983 INFO             PET1     MODEL: Run intro.
20231012 083637.983 INFO             PET1       >>>MODEL: entered Run (phase=RunPhase1) with current time:    0  1  1  0  0 30   0
20231012 083637.983 INFO             PET1       MODEL: time step-loop starting, current time:    0  1  1  0  0 30   0
20231012 083637.983 INFO             PET1       thread_num=   0   currentSsiPe=  60   num_threads=   3   max_threads=   3   num_procs=   2
20231012 083637.983 INFO             PET1       thread_num=   1   currentSsiPe=  20   num_threads=   3   max_threads=   3   num_procs=   2
20231012 083637.983 INFO             PET1       thread_num=   2   currentSsiPe=  60   num_threads=   3   max_threads=   3   num_procs=   2
20231012 083637.983 INFO             PET1       ---->Advancing Model from:    0  1  1  0  0 30   0
20231012 083637.983 INFO             PET1       ---------------------> to:    0  1  1  0  1  0   0
20231012 083637.983 INFO             PET1       MODEL: time step-loop ending,   current time:    0  1  1  0  1  0   0
20231012 083637.983 INFO             PET1       <<<MODEL: leaving Run (phase=RunPhase1) with current time:    0  1  1  0  1  0   0
20231012 083637.983 INFO             PET1     MODEL: Run extro.
20231012 083637.983 INFO             PET1     driver: RunSequence event loopLevel=   1  levelMember=   1  loopIteration=   3, current time:    0  1  1  0  1  0   0
20231012 083637.984 INFO             PET1     MODEL: Run intro.
20231012 083637.984 INFO             PET1       >>>MODEL: entered Run (phase=RunPhase1) with current time:    0  1  1  0  1  0   0
20231012 083637.984 INFO             PET1       MODEL: time step-loop starting, current time:    0  1  1  0  1  0   0
20231012 083637.984 INFO             PET1       thread_num=   0   currentSsiPe=  60   num_threads=   3   max_threads=   3   num_procs=   2
20231012 083637.984 INFO             PET1       thread_num=   1   currentSsiPe=  20   num_threads=   3   max_threads=   3   num_procs=   2
20231012 083637.984 INFO             PET1       thread_num=   2   currentSsiPe=  60   num_threads=   3   max_threads=   3   num_procs=   2
20231012 083637.984 INFO             PET1       ---->Advancing Model from:    0  1  1  0  1  0   0
20231012 083637.984 INFO             PET1       ---------------------> to:    0  1  1  0  1 30   0
20231012 083637.984 INFO             PET1       MODEL: time step-loop ending,   current time:    0  1  1  0  1 30   0
20231012 083637.984 INFO             PET1       <<<MODEL: leaving Run (phase=RunPhase1) with current time:    0  1  1  0  1 30   0
20231012 083637.984 INFO             PET1     MODEL: Run extro.
20231012 083637.984 INFO             PET1     driver: RunSequence event loopLevel=   1  levelMember=   1  loopIteration=   4, current time:    0  1  1  0  1 30   0
20231012 083637.984 INFO             PET1     MODEL: Run intro.
20231012 083637.984 INFO             PET1       >>>MODEL: entered Run (phase=RunPhase1) with current time:    0  1  1  0  1 30   0
20231012 083637.984 INFO             PET1       MODEL: time step-loop starting, current time:    0  1  1  0  1 30   0
20231012 083637.984 INFO             PET1       thread_num=   0   currentSsiPe=  60   num_threads=   3   max_threads=   3   num_procs=   2
20231012 083637.984 INFO             PET1       thread_num=   1   currentSsiPe=  20   num_threads=   3   max_threads=   3   num_procs=   2
20231012 083637.984 INFO             PET1       thread_num=   2   currentSsiPe=  60   num_threads=   3   max_threads=   3   num_procs=   2
20231012 083637.984 INFO             PET1       ---->Advancing Model from:    0  1  1  0  1 30   0
20231012 083637.984 INFO             PET1       ---------------------> to:    0  1  1  0  2  0   0
20231012 083637.984 INFO             PET1       MODEL: time step-loop ending,   current time:    0  1  1  0  2  0   0
20231012 083637.984 INFO             PET1       <<<MODEL: leaving Run (phase=RunPhase1) with current time:    0  1  1  0  2  0   0
20231012 083637.984 INFO             PET1     MODEL: Run extro.
20231012 083637.984 INFO             PET1     driver: RunSequence event loopLevel=   1  levelMember=   1  loopIteration=   5, current time:    0  1  1  0  2  0   0
20231012 083637.985 INFO             PET1     MODEL: Run intro.
20231012 083637.985 INFO             PET1       >>>MODEL: entered Run (phase=RunPhase1) with current time:    0  1  1  0  2  0   0
20231012 083637.985 INFO             PET1       MODEL: time step-loop starting, current time:    0  1  1  0  2  0   0
20231012 083637.985 INFO             PET1       thread_num=   0   currentSsiPe=  60   num_threads=   3   max_threads=   3   num_procs=   2
20231012 083637.985 INFO             PET1       thread_num=   1   currentSsiPe=  20   num_threads=   3   max_threads=   3   num_procs=   2
20231012 083637.985 INFO             PET1       thread_num=   2   currentSsiPe=  60   num_threads=   3   max_threads=   3   num_procs=   2
20231012 083637.985 INFO             PET1       ---->Advancing Model from:    0  1  1  0  2  0   0
20231012 083637.985 INFO             PET1       ---------------------> to:    0  1  1  0  2 30   0
20231012 083637.985 INFO             PET1       MODEL: time step-loop ending,   current time:    0  1  1  0  2 30   0
20231012 083637.985 INFO             PET1       <<<MODEL: leaving Run (phase=RunPhase1) with current time:    0  1  1  0  2 30   0
20231012 083637.985 INFO             PET1     MODEL: Run extro.
20231012 083637.985 INFO             PET1   driver: end <--------- RunSequence
20231012 083637.985 INFO             PET1   <<<driver - leaving Run with current time:    0  1  1  0  2 30   0
20231012 083637.985 INFO             PET1 driver: Run extro.
20231012 083637.985 INFO             PET1 driver: Finalize intro.
20231012 083637.985 INFO             PET1   Calling Finalize phase 1 for modelComp: MODEL
20231012 083637.985 INFO             PET1   MODEL: Finalize intro.
20231012 083637.985 INFO             PET1     >>>MODEL: entered Finalize (phase=FinalizePhase1) with current time:    0  1  1  0  2 30   0
20231012 083637.985 INFO             PET1     <<<MODEL: leaving Finalize (phase=FinalizePhase1) with current time:    0  1  1  0  2 30   0
20231012 083637.985 INFO             PET1   MODEL: Finalize extro.
20231012 083637.985 INFO             PET1   Delete modelComp: MODEL
20231012 083637.985 INFO             PET1   Delete Import-/Export State for modelComp: MODEL
20231012 083637.985 INFO             PET1 driver: Finalize extro.
20231012 083637.985 INFO             PET1 mainApp FINISHED
20231012 083637.985 INFO             PET1  Finalizing ESMF
20231012 083637.962 INFO             PET2 !!!!!!!!!!!!!!!!!!!!!!!!!!!!!!!!!!!!!!!!!!!!!!!!!!!!!!
20231012 083637.962 INFO             PET2 !!! THE ESMF_LOG IS SET TO OUTPUT ALL LOG MESSAGES !!!
20231012 083637.962 INFO             PET2 !!!     THIS MAY CAUSE SLOWDOWN IN PERFORMANCE     !!!
20231012 083637.962 INFO             PET2 !!! FOR PRODUCTION RUNS, USE:                      !!!
20231012 083637.962 INFO             PET2 !!!                   ESMF_LOGKIND_Multi_On_Error  !!!
20231012 083637.962 INFO             PET2 !!!!!!!!!!!!!!!!!!!!!!!!!!!!!!!!!!!!!!!!!!!!!!!!!!!!!!
20231012 083637.962 INFO             PET2 Running with ESMF Version   : v8.6.0b08-5-gefca49259f
20231012 083637.962 INFO             PET2 ESMF library build date/time: "Oct 12 2023" "07:47:16"
20231012 083637.962 INFO             PET2 ESMF library build location : /scratch2/NCEPDEV/stmp1/Gerhard.Theurich/ESMF-Nightly-Testing/intel_2023.1.0-classic_intelmpi_O_develop/esmf
20231012 083637.962 INFO             PET2 ESMF_COMM                   : intelmpi
20231012 083637.963 INFO             PET2 ESMF_MOAB                   : enabled
20231012 083637.963 INFO             PET2 ESMF_LAPACK                 : enabled
20231012 083637.963 INFO             PET2 ESMF_NETCDF                 : enabled
20231012 083637.963 INFO             PET2 ESMF_PNETCDF                : disabled
20231012 083637.963 INFO             PET2 ESMF_PIO                    : enabled
20231012 083637.963 INFO             PET2 ESMF_YAMLCPP                : enabled
20231012 083637.964 INFO             PET2 mainApp STARTING
20231012 083637.966 INFO             PET2 driver: InitializeGeneric intro.
20231012 083637.966 INFO             PET2   driver: InitializeP0 intro.
20231012 083637.966 INFO             PET2   driver: InitializeP0 extro.
20231012 083637.966 INFO             PET2   driver: InitializeIPDv02p1 intro.
20231012 083637.966 INFO             PET2     >>>driver: entered Initialize (phase=<none>) without valid internal Clock.
20231012 083637.966 INFO             PET2     driver - Creating model component MODEL without petList.
20231012 083637.967 INFO             PET2      GridCompIsPetLocal:  T
20231012 083637.967 INFO             PET2      VmIsCreated:  T
20231012 083637.967 INFO             PET2      valid MPI_COMM with size=           4
20231012 083637.967 INFO             PET2     driver - Creating state: modelComp 1 Import State
20231012 083637.967 INFO             PET2     driver - Creating state: modelComp 1 Export State
20231012 083637.968 INFO             PET2     MODEL: InitializeP0 intro.
20231012 083637.968 INFO             PET2       >>>MODEL: entered Initialize (phase=<none>) without valid internal Clock.
20231012 083637.968 INFO             PET2       <<<MODEL: leaving Initialize (phase=<none>) without valid internal Clock.
20231012 083637.968 INFO             PET2     MODEL: InitializeP0 extro.
20231012 083637.969 INFO             PET2     driver: IInitAdvertise intro.
20231012 083637.969 INFO             PET2     driver: IInitAdvertise extro.
20231012 083637.969 INFO             PET2     MODEL: InitializeIPDvXp01 intro.
20231012 083637.969 INFO             PET2       >>>MODEL: entered Initialize (phase=IPDvXp01) without valid internal Clock.
20231012 083637.970 INFO             PET2       <<<MODEL: leaving Initialize (phase=IPDvXp01) without valid internal Clock.
20231012 083637.970 INFO             PET2     MODEL: InitializeIPDvXp01 extro.
20231012 083637.970 INFO             PET2     driver: IInitAdvertiseFinish intro.
20231012 083637.970 INFO             PET2     driver: IInitAdvertiseFinish extro.
20231012 083637.970 INFO             PET2     driver: IInitModifyCplLists intro.
20231012 083637.970 INFO             PET2     driver: IInitModifyCplLists extro.
20231012 083637.970 INFO             PET2     <<<driver: leaving Initialize (phase=<none>) with current time:    0  1  1  0  0  0   0
20231012 083637.970 INFO             PET2   driver: InitializeIPDv02p1 extro.
20231012 083637.970 INFO             PET2   driver: InitializeIPDv02p3 intro.
20231012 083637.970 INFO             PET2     >>>driver: entered Initialize (phase=<none>) with current time:    0  1  1  0  0  0   0
20231012 083637.970 INFO             PET2     driver: IInitCheck intro.
20231012 083637.970 INFO             PET2     driver: IInitCheck extro.
20231012 083637.970 INFO             PET2     MODEL: InitializeIPDvXp04 intro.
20231012 083637.970 INFO             PET2       >>>MODEL: entered Initialize (phase=IPDvXp04) without valid internal Clock.
20231012 083637.972 INFO             PET2       After Realize: - MemInfo: [/proc/meminfo - SSI]	MemTotal:       394741644 kB
20231012 083637.972 INFO             PET2       After Realize: - MemInfo: [/proc/meminfo - SSI]	MemFree:        378389492 kB
20231012 083637.972 INFO             PET2       After Realize: - MemInfo: [/proc/meminfo - SSI]	MemAvailable:   382499784 kB
20231012 083637.972 INFO             PET2       After Realize: - MemInfo: [/proc/meminfo - SSI]	Committed_AS:    1749868 kB
20231012 083637.972 INFO             PET2       After Realize: - MemInfo: [/proc/meminfo - SSI]	CommittedPercent: 0.443295 %
20231012 083637.972 INFO             PET2       After Realize: - MemInfo: [/proc/self/status]	VmPeak:	 2709532 kB
20231012 083637.972 INFO             PET2       After Realize: - MemInfo: [/proc/self/status]	VmSize:	 2709532 kB
20231012 083637.972 INFO             PET2       After Realize: - MemInfo: [/proc/self/status]	VmLck:	       0 kB
20231012 083637.972 INFO             PET2       After Realize: - MemInfo: [/proc/self/status]	VmPin:	   71804 kB
20231012 083637.972 INFO             PET2       After Realize: - MemInfo: [/proc/self/status]	VmHWM:	  135004 kB
20231012 083637.972 INFO             PET2       After Realize: - MemInfo: [/proc/self/status]	VmRSS:	  135004 kB
20231012 083637.972 INFO             PET2       After Realize: - MemInfo: [/proc/self/status]	VmData:	  211156 kB
20231012 083637.972 INFO             PET2       After Realize: - MemInfo: [/proc/self/status]	VmStk:	     188 kB
20231012 083637.972 INFO             PET2       After Realize: - MemInfo: [/proc/self/status]	VmExe:	    1708 kB
20231012 083637.972 INFO             PET2       After Realize: - MemInfo: [/proc/self/status]	VmLib:	   96880 kB
20231012 083637.972 INFO             PET2       After Realize: - MemInfo: [/proc/self/status]	VmPTE:	     764 kB
20231012 083637.972 INFO             PET2       After Realize: - MemInfo: [/proc/self/status]	VmSwap:	       0 kB
20231012 083637.972 INFO             PET2       After Realize: - MemInfo: [/proc/self/status]	VmRSSPercent: 0.0342006 %
20231012 083637.972 INFO             PET2       After Realize: - MemInfo: [malloc] Non-mmapped space allocated:                 1298432 Byte
20231012 083637.972 INFO             PET2       After Realize: - MemInfo: [malloc] Space allocated in mmapped regions:         75493376 Byte
20231012 083637.972 INFO             PET2       After Realize: - MemInfo: [malloc] Maximum total allocated space:                     0 Byte
20231012 083637.972 INFO             PET2       After Realize: - MemInfo: [malloc] Space in freed fastbin blocks:                  1152 Byte
20231012 083637.972 INFO             PET2       After Realize: - MemInfo: [malloc] Total allocated space:                       1279808 Byte
20231012 083637.972 INFO             PET2       After Realize: - MemInfo: [malloc] Total free space:                              18624 Byte
20231012 083637.972 INFO             PET2       After Realize: - MemInfo: [malloc] Top-most, releasable space:                    17280 Byte
20231012 083637.972 INFO             PET2       After Realize: - MemInfo: [malloc] Total space in use, mmap + non-mmap:        76773184 Byte
20231012 083637.972 INFO             PET2       After Realize: - MemInfo: [malloc] Total space held (mmap + non-mmap):         76791808 Byte
20231012 083637.972 INFO             PET2       After Realize: - MemInfo: [malloc] Total space used (mmap + non-mmap):         76782528 Byte
20231012 083637.972 INFO             PET2       After Realize: - MemInfo: Wall-clock time since execution start:              0.0265834 seconds
20231012 083637.972 INFO             PET2       <<<MODEL: leaving Initialize (phase=IPDvXp04) without valid internal Clock.
20231012 083637.972 INFO             PET2     MODEL: InitializeIPDvXp04 extro.
20231012 083637.973 INFO             PET2     driver: IInitRealize intro.
20231012 083637.973 INFO             PET2     driver: IInitRealize extro.
20231012 083637.973 INFO             PET2     MODEL: InitializeIPDvXp07 intro.
20231012 083637.973 INFO             PET2       >>>MODEL: entered Initialize (phase=IPDvXp07) without valid internal Clock.
20231012 083637.973 INFO             PET2       <<<MODEL: leaving Initialize (phase=IPDvXp07) with current time:    0  1  1  0  0  0   0
20231012 083637.973 INFO             PET2     MODEL: InitializeIPDvXp07 extro.
20231012 083637.973 INFO             PET2     <<<driver: leaving Initialize (phase=<none>) with current time:    0  1  1  0  0  0   0
20231012 083637.973 INFO             PET2   driver: InitializeIPDv02p3 extro.
20231012 083637.973 INFO             PET2   driver: InitializeIPDv02p5 intro.
20231012 083637.973 INFO             PET2     >>>driver: entered Initialize (phase=<none>) with current time:    0  1  1  0  0  0   0
20231012 083637.973 INFO             PET2     driver: this is a top level driver, no 'Updated' and 'InitializeDataComplete' info on this level.
20231012 083637.973 INFO             PET2     driver: InitializeIPDv02p5Data intro.
20231012 083637.973 INFO             PET2       driver: InternalInitializeComplete intro.
20231012 083637.973 INFO             PET2         driver: InitializeDataComplete='true'
20231012 083637.973 INFO             PET2       driver: InternalInitializeComplete extro.
20231012 083637.973 INFO             PET2       MODEL: InitializeIPDvXp08 intro.
20231012 083637.973 INFO             PET2         >>>MODEL: entered Initialize (phase=IPDv05p8) with current time:    0  1  1  0  0  0   0
20231012 083637.973 INFO             PET2         MODEL: InitializeDataProgress='false', InitializeDataComplete='false'
20231012 083637.973 INFO             PET2         <<<MODEL: leaving Initialize (phase=IPDv05p8) with current time:    0  1  1  0  0  0   0
20231012 083637.973 INFO             PET2       MODEL: InitializeIPDvXp08 extro.
20231012 083637.974 INFO             PET2       driver: components present that trigger loopDataDependentInitialize().
20231012 083637.974 INFO             PET2       driver: loopDataDependentInitialize intro.
20231012 083637.974 INFO             PET2         driver: component    0=driver, dataComplete (local): true
20231012 083637.974 INFO             PET2         driver: component    0=driver, dataComplete (global):  T
20231012 083637.974 INFO             PET2         driver: component    1=MODEL, dataComplete (local): false
20231012 083637.974 INFO             PET2         driver: component    1=MODEL, dataComplete (global):  F
20231012 083637.974 INFO             PET2         MODEL: InitializeIPDvXp08 intro.
20231012 083637.974 INFO             PET2           >>>MODEL: entered Initialize (phase=IPDv05p8) with current time:    0  1  1  0  0  0   0
20231012 083637.974 INFO             PET2           MODEL: InitializeDataProgress='true', InitializeDataComplete='true'
20231012 083637.974 INFO             PET2           <<<MODEL: leaving Initialize (phase=IPDv05p8) with current time:    0  1  1  0  0  0   0
20231012 083637.974 INFO             PET2         MODEL: InitializeIPDvXp08 extro.
20231012 083637.974 INFO             PET2         driver: component    1=MODEL, someProgress (local): true
20231012 083637.974 INFO             PET2         driver: component    1=MODEL, someProgress (global):  T
20231012 083637.974 INFO             PET2         driver: someProgress= T, allComplete= F, present(dataDepAllComplete)= T
20231012 083637.974 INFO             PET2         driver: component    0=driver, dataComplete (local): true
20231012 083637.974 INFO             PET2         driver: component    0=driver, dataComplete (global):  T
20231012 083637.974 INFO             PET2         driver: component    1=MODEL, dataComplete (local): true
20231012 083637.974 INFO             PET2         driver: component    1=MODEL, dataComplete (global):  T
20231012 083637.974 INFO             PET2         driver: someProgress= F, allComplete= T, present(dataDepAllComplete)= T
20231012 083637.974 INFO             PET2         driver: finished resolving initialize data dependencies on this level.
20231012 083637.974 INFO             PET2       driver: loopDataDependentInitialize extro.
20231012 083637.974 INFO             PET2       driver: loopDataDependentInitialize() returned with dataDepAllComplete:  T
20231012 083637.974 INFO             PET2     driver: InitializeIPDv02p5Data extro.
20231012 083637.974 INFO             PET2     <<<driver: leaving Initialize (phase=<none>) with current time:    0  1  1  0  0  0   0
20231012 083637.974 INFO             PET2   driver: InitializeIPDv02p5 extro.
20231012 083637.974 INFO             PET2 driver: InitializeGeneric extro.
20231012 083637.974 INFO             PET2 driver: Run intro.
20231012 083637.974 INFO             PET2   >>>driver entered Run (phase=RunPhase1) with current time:    0  1  1  0  0  0   0
20231012 083637.974 INFO             PET2   driver: after lable_SetRunClock, current time:    0  1  1  0  0  0   0
20231012 083637.974 INFO             PET2   driver: begin -------> RunSequence.
20231012 083637.974 INFO             PET2     driver: RunSequence event loopLevel=   1  levelMember=   1  loopIteration=   1, current time:    0  1  1  0  0  0   0
20231012 083637.974 INFO             PET2     MODEL: Run intro.
20231012 083637.975 INFO             PET2       >>>MODEL: entered Run (phase=RunPhase1) with current time:    0  1  1  0  0  0   0
20231012 083637.975 INFO             PET2       MODEL: time step-loop starting, current time:    0  1  1  0  0  0   0
20231012 083637.975 INFO             PET2       thread_num=   0   currentSsiPe=  41   num_threads=   3   max_threads=   3   num_procs=   2
20231012 083637.975 INFO             PET2       thread_num=   1   currentSsiPe=   1   num_threads=   3   max_threads=   3   num_procs=   2
20231012 083637.983 INFO             PET2       thread_num=   2   currentSsiPe=   1   num_threads=   3   max_threads=   3   num_procs=   2
20231012 083637.983 INFO             PET2       ---->Advancing Model from:    0  1  1  0  0  0   0
20231012 083637.983 INFO             PET2       ---------------------> to:    0  1  1  0  0 30   0
20231012 083637.983 INFO             PET2       MODEL: time step-loop ending,   current time:    0  1  1  0  0 30   0
20231012 083637.983 INFO             PET2       <<<MODEL: leaving Run (phase=RunPhase1) with current time:    0  1  1  0  0 30   0
20231012 083637.983 INFO             PET2     MODEL: Run extro.
20231012 083637.983 INFO             PET2     driver: RunSequence event loopLevel=   1  levelMember=   1  loopIteration=   2, current time:    0  1  1  0  0 30   0
20231012 083637.983 INFO             PET2     MODEL: Run intro.
20231012 083637.983 INFO             PET2       >>>MODEL: entered Run (phase=RunPhase1) with current time:    0  1  1  0  0 30   0
20231012 083637.983 INFO             PET2       MODEL: time step-loop starting, current time:    0  1  1  0  0 30   0
20231012 083637.983 INFO             PET2       thread_num=   0   currentSsiPe=  41   num_threads=   3   max_threads=   3   num_procs=   2
20231012 083637.983 INFO             PET2       thread_num=   1   currentSsiPe=   1   num_threads=   3   max_threads=   3   num_procs=   2
20231012 083637.983 INFO             PET2       thread_num=   2   currentSsiPe=   1   num_threads=   3   max_threads=   3   num_procs=   2
20231012 083637.983 INFO             PET2       ---->Advancing Model from:    0  1  1  0  0 30   0
20231012 083637.983 INFO             PET2       ---------------------> to:    0  1  1  0  1  0   0
20231012 083637.983 INFO             PET2       MODEL: time step-loop ending,   current time:    0  1  1  0  1  0   0
20231012 083637.983 INFO             PET2       <<<MODEL: leaving Run (phase=RunPhase1) with current time:    0  1  1  0  1  0   0
20231012 083637.983 INFO             PET2     MODEL: Run extro.
20231012 083637.983 INFO             PET2     driver: RunSequence event loopLevel=   1  levelMember=   1  loopIteration=   3, current time:    0  1  1  0  1  0   0
20231012 083637.984 INFO             PET2     MODEL: Run intro.
20231012 083637.984 INFO             PET2       >>>MODEL: entered Run (phase=RunPhase1) with current time:    0  1  1  0  1  0   0
20231012 083637.984 INFO             PET2       MODEL: time step-loop starting, current time:    0  1  1  0  1  0   0
20231012 083637.984 INFO             PET2       thread_num=   2   currentSsiPe=   1   num_threads=   3   max_threads=   3   num_procs=   2
20231012 083637.984 INFO             PET2       thread_num=   0   currentSsiPe=  41   num_threads=   3   max_threads=   3   num_procs=   2
20231012 083637.984 INFO             PET2       thread_num=   1   currentSsiPe=   1   num_threads=   3   max_threads=   3   num_procs=   2
20231012 083637.984 INFO             PET2       ---->Advancing Model from:    0  1  1  0  1  0   0
20231012 083637.984 INFO             PET2       ---------------------> to:    0  1  1  0  1 30   0
20231012 083637.984 INFO             PET2       MODEL: time step-loop ending,   current time:    0  1  1  0  1 30   0
20231012 083637.984 INFO             PET2       <<<MODEL: leaving Run (phase=RunPhase1) with current time:    0  1  1  0  1 30   0
20231012 083637.984 INFO             PET2     MODEL: Run extro.
20231012 083637.984 INFO             PET2     driver: RunSequence event loopLevel=   1  levelMember=   1  loopIteration=   4, current time:    0  1  1  0  1 30   0
20231012 083637.984 INFO             PET2     MODEL: Run intro.
20231012 083637.984 INFO             PET2       >>>MODEL: entered Run (phase=RunPhase1) with current time:    0  1  1  0  1 30   0
20231012 083637.984 INFO             PET2       MODEL: time step-loop starting, current time:    0  1  1  0  1 30   0
20231012 083637.984 INFO             PET2       thread_num=   0   currentSsiPe=  41   num_threads=   3   max_threads=   3   num_procs=   2
20231012 083637.984 INFO             PET2       thread_num=   2   currentSsiPe=   1   num_threads=   3   max_threads=   3   num_procs=   2
20231012 083637.984 INFO             PET2       thread_num=   1   currentSsiPe=   1   num_threads=   3   max_threads=   3   num_procs=   2
20231012 083637.984 INFO             PET2       ---->Advancing Model from:    0  1  1  0  1 30   0
20231012 083637.984 INFO             PET2       ---------------------> to:    0  1  1  0  2  0   0
20231012 083637.984 INFO             PET2       MODEL: time step-loop ending,   current time:    0  1  1  0  2  0   0
20231012 083637.984 INFO             PET2       <<<MODEL: leaving Run (phase=RunPhase1) with current time:    0  1  1  0  2  0   0
20231012 083637.984 INFO             PET2     MODEL: Run extro.
20231012 083637.984 INFO             PET2     driver: RunSequence event loopLevel=   1  levelMember=   1  loopIteration=   5, current time:    0  1  1  0  2  0   0
20231012 083637.984 INFO             PET2     MODEL: Run intro.
20231012 083637.984 INFO             PET2       >>>MODEL: entered Run (phase=RunPhase1) with current time:    0  1  1  0  2  0   0
20231012 083637.984 INFO             PET2       MODEL: time step-loop starting, current time:    0  1  1  0  2  0   0
20231012 083637.984 INFO             PET2       thread_num=   0   currentSsiPe=  41   num_threads=   3   max_threads=   3   num_procs=   2
20231012 083637.984 INFO             PET2       thread_num=   2   currentSsiPe=   1   num_threads=   3   max_threads=   3   num_procs=   2
20231012 083637.985 INFO             PET2       thread_num=   1   currentSsiPe=   1   num_threads=   3   max_threads=   3   num_procs=   2
20231012 083637.985 INFO             PET2       ---->Advancing Model from:    0  1  1  0  2  0   0
20231012 083637.985 INFO             PET2       ---------------------> to:    0  1  1  0  2 30   0
20231012 083637.985 INFO             PET2       MODEL: time step-loop ending,   current time:    0  1  1  0  2 30   0
20231012 083637.985 INFO             PET2       <<<MODEL: leaving Run (phase=RunPhase1) with current time:    0  1  1  0  2 30   0
20231012 083637.985 INFO             PET2     MODEL: Run extro.
20231012 083637.985 INFO             PET2   driver: end <--------- RunSequence
20231012 083637.985 INFO             PET2   <<<driver - leaving Run with current time:    0  1  1  0  2 30   0
20231012 083637.985 INFO             PET2 driver: Run extro.
20231012 083637.985 INFO             PET2 driver: Finalize intro.
20231012 083637.985 INFO             PET2   Calling Finalize phase 1 for modelComp: MODEL
20231012 083637.985 INFO             PET2   MODEL: Finalize intro.
20231012 083637.986 INFO             PET2     >>>MODEL: entered Finalize (phase=FinalizePhase1) with current time:    0  1  1  0  2 30   0
20231012 083637.986 INFO             PET2     <<<MODEL: leaving Finalize (phase=FinalizePhase1) with current time:    0  1  1  0  2 30   0
20231012 083637.986 INFO             PET2   MODEL: Finalize extro.
20231012 083637.986 INFO             PET2   Delete modelComp: MODEL
20231012 083637.986 INFO             PET2   Delete Import-/Export State for modelComp: MODEL
20231012 083637.986 INFO             PET2 driver: Finalize extro.
20231012 083637.986 INFO             PET2 mainApp FINISHED
20231012 083637.986 INFO             PET2  Finalizing ESMF
20231012 083637.963 INFO             PET3 !!!!!!!!!!!!!!!!!!!!!!!!!!!!!!!!!!!!!!!!!!!!!!!!!!!!!!
20231012 083637.963 INFO             PET3 !!! THE ESMF_LOG IS SET TO OUTPUT ALL LOG MESSAGES !!!
20231012 083637.963 INFO             PET3 !!!     THIS MAY CAUSE SLOWDOWN IN PERFORMANCE     !!!
20231012 083637.963 INFO             PET3 !!! FOR PRODUCTION RUNS, USE:                      !!!
20231012 083637.963 INFO             PET3 !!!                   ESMF_LOGKIND_Multi_On_Error  !!!
20231012 083637.963 INFO             PET3 !!!!!!!!!!!!!!!!!!!!!!!!!!!!!!!!!!!!!!!!!!!!!!!!!!!!!!
20231012 083637.963 INFO             PET3 Running with ESMF Version   : v8.6.0b08-5-gefca49259f
20231012 083637.963 INFO             PET3 ESMF library build date/time: "Oct 12 2023" "07:47:16"
20231012 083637.963 INFO             PET3 ESMF library build location : /scratch2/NCEPDEV/stmp1/Gerhard.Theurich/ESMF-Nightly-Testing/intel_2023.1.0-classic_intelmpi_O_develop/esmf
20231012 083637.963 INFO             PET3 ESMF_COMM                   : intelmpi
20231012 083637.963 INFO             PET3 ESMF_MOAB                   : enabled
20231012 083637.963 INFO             PET3 ESMF_LAPACK                 : enabled
20231012 083637.963 INFO             PET3 ESMF_NETCDF                 : enabled
20231012 083637.963 INFO             PET3 ESMF_PNETCDF                : disabled
20231012 083637.963 INFO             PET3 ESMF_PIO                    : enabled
20231012 083637.963 INFO             PET3 ESMF_YAMLCPP                : enabled
20231012 083637.964 INFO             PET3 mainApp STARTING
20231012 083637.966 INFO             PET3 driver: InitializeGeneric intro.
20231012 083637.966 INFO             PET3   driver: InitializeP0 intro.
20231012 083637.966 INFO             PET3   driver: InitializeP0 extro.
20231012 083637.966 INFO             PET3   driver: InitializeIPDv02p1 intro.
20231012 083637.966 INFO             PET3     >>>driver: entered Initialize (phase=<none>) without valid internal Clock.
20231012 083637.966 INFO             PET3     driver - Creating model component MODEL without petList.
20231012 083637.967 INFO             PET3      GridCompIsPetLocal:  T
20231012 083637.967 INFO             PET3      VmIsCreated:  T
20231012 083637.967 INFO             PET3      valid MPI_COMM with size=           4
20231012 083637.967 INFO             PET3     driver - Creating state: modelComp 1 Import State
20231012 083637.967 INFO             PET3     driver - Creating state: modelComp 1 Export State
20231012 083637.968 INFO             PET3     MODEL: InitializeP0 intro.
20231012 083637.968 INFO             PET3       >>>MODEL: entered Initialize (phase=<none>) without valid internal Clock.
20231012 083637.968 INFO             PET3       <<<MODEL: leaving Initialize (phase=<none>) without valid internal Clock.
20231012 083637.968 INFO             PET3     MODEL: InitializeP0 extro.
20231012 083637.969 INFO             PET3     driver: IInitAdvertise intro.
20231012 083637.969 INFO             PET3     driver: IInitAdvertise extro.
20231012 083637.969 INFO             PET3     MODEL: InitializeIPDvXp01 intro.
20231012 083637.969 INFO             PET3       >>>MODEL: entered Initialize (phase=IPDvXp01) without valid internal Clock.
20231012 083637.970 INFO             PET3       <<<MODEL: leaving Initialize (phase=IPDvXp01) without valid internal Clock.
20231012 083637.970 INFO             PET3     MODEL: InitializeIPDvXp01 extro.
20231012 083637.970 INFO             PET3     driver: IInitAdvertiseFinish intro.
20231012 083637.970 INFO             PET3     driver: IInitAdvertiseFinish extro.
20231012 083637.970 INFO             PET3     driver: IInitModifyCplLists intro.
20231012 083637.970 INFO             PET3     driver: IInitModifyCplLists extro.
20231012 083637.970 INFO             PET3     <<<driver: leaving Initialize (phase=<none>) with current time:    0  1  1  0  0  0   0
20231012 083637.970 INFO             PET3   driver: InitializeIPDv02p1 extro.
20231012 083637.970 INFO             PET3   driver: InitializeIPDv02p3 intro.
20231012 083637.970 INFO             PET3     >>>driver: entered Initialize (phase=<none>) with current time:    0  1  1  0  0  0   0
20231012 083637.970 INFO             PET3     driver: IInitCheck intro.
20231012 083637.970 INFO             PET3     driver: IInitCheck extro.
20231012 083637.970 INFO             PET3     MODEL: InitializeIPDvXp04 intro.
20231012 083637.970 INFO             PET3       >>>MODEL: entered Initialize (phase=IPDvXp04) without valid internal Clock.
20231012 083637.972 INFO             PET3       After Realize: - MemInfo: [/proc/meminfo - SSI]	MemTotal:       394741644 kB
20231012 083637.972 INFO             PET3       After Realize: - MemInfo: [/proc/meminfo - SSI]	MemFree:        378389492 kB
20231012 083637.972 INFO             PET3       After Realize: - MemInfo: [/proc/meminfo - SSI]	MemAvailable:   382499784 kB
20231012 083637.972 INFO             PET3       After Realize: - MemInfo: [/proc/meminfo - SSI]	Committed_AS:    1749868 kB
20231012 083637.972 INFO             PET3       After Realize: - MemInfo: [/proc/meminfo - SSI]	CommittedPercent: 0.443295 %
20231012 083637.972 INFO             PET3       After Realize: - MemInfo: [/proc/self/status]	VmPeak:	 2719772 kB
20231012 083637.972 INFO             PET3       After Realize: - MemInfo: [/proc/self/status]	VmSize:	 2719772 kB
20231012 083637.972 INFO             PET3       After Realize: - MemInfo: [/proc/self/status]	VmLck:	       0 kB
20231012 083637.972 INFO             PET3       After Realize: - MemInfo: [/proc/self/status]	VmPin:	   82044 kB
20231012 083637.972 INFO             PET3       After Realize: - MemInfo: [/proc/self/status]	VmHWM:	  145244 kB
20231012 083637.972 INFO             PET3       After Realize: - MemInfo: [/proc/self/status]	VmRSS:	  145244 kB
20231012 083637.972 INFO             PET3       After Realize: - MemInfo: [/proc/self/status]	VmData:	  221400 kB
20231012 083637.972 INFO             PET3       After Realize: - MemInfo: [/proc/self/status]	VmStk:	     184 kB
20231012 083637.972 INFO             PET3       After Realize: - MemInfo: [/proc/self/status]	VmExe:	    1708 kB
20231012 083637.972 INFO             PET3       After Realize: - MemInfo: [/proc/self/status]	VmLib:	   96880 kB
20231012 083637.972 INFO             PET3       After Realize: - MemInfo: [/proc/self/status]	VmPTE:	     744 kB
20231012 083637.972 INFO             PET3       After Realize: - MemInfo: [/proc/self/status]	VmSwap:	       0 kB
20231012 083637.972 INFO             PET3       After Realize: - MemInfo: [/proc/self/status]	VmRSSPercent: 0.0367947 %
20231012 083637.972 INFO             PET3       After Realize: - MemInfo: [malloc] Non-mmapped space allocated:                 1298432 Byte
20231012 083637.972 INFO             PET3       After Realize: - MemInfo: [malloc] Space allocated in mmapped regions:         88080384 Byte
20231012 083637.972 INFO             PET3       After Realize: - MemInfo: [malloc] Maximum total allocated space:                     0 Byte
20231012 083637.972 INFO             PET3       After Realize: - MemInfo: [malloc] Space in freed fastbin blocks:                  1152 Byte
20231012 083637.972 INFO             PET3       After Realize: - MemInfo: [malloc] Total allocated space:                       1280016 Byte
20231012 083637.972 INFO             PET3       After Realize: - MemInfo: [malloc] Total free space:                              18416 Byte
20231012 083637.972 INFO             PET3       After Realize: - MemInfo: [malloc] Top-most, releasable space:                    17072 Byte
20231012 083637.972 INFO             PET3       After Realize: - MemInfo: [malloc] Total space in use, mmap + non-mmap:        89360400 Byte
20231012 083637.972 INFO             PET3       After Realize: - MemInfo: [malloc] Total space held (mmap + non-mmap):         89378816 Byte
20231012 083637.972 INFO             PET3       After Realize: - MemInfo: [malloc] Total space used (mmap + non-mmap):         89369744 Byte
20231012 083637.972 INFO             PET3       After Realize: - MemInfo: Wall-clock time since execution start:              0.0266246 seconds
20231012 083637.972 INFO             PET3       <<<MODEL: leaving Initialize (phase=IPDvXp04) without valid internal Clock.
20231012 083637.972 INFO             PET3     MODEL: InitializeIPDvXp04 extro.
20231012 083637.973 INFO             PET3     driver: IInitRealize intro.
20231012 083637.973 INFO             PET3     driver: IInitRealize extro.
20231012 083637.973 INFO             PET3     MODEL: InitializeIPDvXp07 intro.
20231012 083637.973 INFO             PET3       >>>MODEL: entered Initialize (phase=IPDvXp07) without valid internal Clock.
20231012 083637.973 INFO             PET3       <<<MODEL: leaving Initialize (phase=IPDvXp07) with current time:    0  1  1  0  0  0   0
20231012 083637.973 INFO             PET3     MODEL: InitializeIPDvXp07 extro.
20231012 083637.973 INFO             PET3     <<<driver: leaving Initialize (phase=<none>) with current time:    0  1  1  0  0  0   0
20231012 083637.973 INFO             PET3   driver: InitializeIPDv02p3 extro.
20231012 083637.973 INFO             PET3   driver: InitializeIPDv02p5 intro.
20231012 083637.973 INFO             PET3     >>>driver: entered Initialize (phase=<none>) with current time:    0  1  1  0  0  0   0
20231012 083637.973 INFO             PET3     driver: this is a top level driver, no 'Updated' and 'InitializeDataComplete' info on this level.
20231012 083637.973 INFO             PET3     driver: InitializeIPDv02p5Data intro.
20231012 083637.973 INFO             PET3       driver: InternalInitializeComplete intro.
20231012 083637.973 INFO             PET3         driver: InitializeDataComplete='true'
20231012 083637.973 INFO             PET3       driver: InternalInitializeComplete extro.
20231012 083637.973 INFO             PET3       MODEL: InitializeIPDvXp08 intro.
20231012 083637.973 INFO             PET3         >>>MODEL: entered Initialize (phase=IPDv05p8) with current time:    0  1  1  0  0  0   0
20231012 083637.973 INFO             PET3         MODEL: InitializeDataProgress='false', InitializeDataComplete='false'
20231012 083637.973 INFO             PET3         <<<MODEL: leaving Initialize (phase=IPDv05p8) with current time:    0  1  1  0  0  0   0
20231012 083637.973 INFO             PET3       MODEL: InitializeIPDvXp08 extro.
20231012 083637.974 INFO             PET3       driver: components present that trigger loopDataDependentInitialize().
20231012 083637.974 INFO             PET3       driver: loopDataDependentInitialize intro.
20231012 083637.974 INFO             PET3         driver: component    0=driver, dataComplete (local): true
20231012 083637.974 INFO             PET3         driver: component    0=driver, dataComplete (global):  T
20231012 083637.974 INFO             PET3         driver: component    1=MODEL, dataComplete (local): false
20231012 083637.974 INFO             PET3         driver: component    1=MODEL, dataComplete (global):  F
20231012 083637.974 INFO             PET3         MODEL: InitializeIPDvXp08 intro.
20231012 083637.974 INFO             PET3           >>>MODEL: entered Initialize (phase=IPDv05p8) with current time:    0  1  1  0  0  0   0
20231012 083637.974 INFO             PET3           MODEL: InitializeDataProgress='true', InitializeDataComplete='true'
20231012 083637.974 INFO             PET3           <<<MODEL: leaving Initialize (phase=IPDv05p8) with current time:    0  1  1  0  0  0   0
20231012 083637.974 INFO             PET3         MODEL: InitializeIPDvXp08 extro.
20231012 083637.974 INFO             PET3         driver: component    1=MODEL, someProgress (local): true
20231012 083637.974 INFO             PET3         driver: component    1=MODEL, someProgress (global):  T
20231012 083637.974 INFO             PET3         driver: someProgress= T, allComplete= F, present(dataDepAllComplete)= T
20231012 083637.974 INFO             PET3         driver: component    0=driver, dataComplete (local): true
20231012 083637.974 INFO             PET3         driver: component    0=driver, dataComplete (global):  T
20231012 083637.974 INFO             PET3         driver: component    1=MODEL, dataComplete (local): true
20231012 083637.974 INFO             PET3         driver: component    1=MODEL, dataComplete (global):  T
20231012 083637.974 INFO             PET3         driver: someProgress= F, allComplete= T, present(dataDepAllComplete)= T
20231012 083637.974 INFO             PET3         driver: finished resolving initialize data dependencies on this level.
20231012 083637.974 INFO             PET3       driver: loopDataDependentInitialize extro.
20231012 083637.974 INFO             PET3       driver: loopDataDependentInitialize() returned with dataDepAllComplete:  T
20231012 083637.974 INFO             PET3     driver: InitializeIPDv02p5Data extro.
20231012 083637.974 INFO             PET3     <<<driver: leaving Initialize (phase=<none>) with current time:    0  1  1  0  0  0   0
20231012 083637.974 INFO             PET3   driver: InitializeIPDv02p5 extro.
20231012 083637.974 INFO             PET3 driver: InitializeGeneric extro.
20231012 083637.974 INFO             PET3 driver: Run intro.
20231012 083637.974 INFO             PET3   >>>driver entered Run (phase=RunPhase1) with current time:    0  1  1  0  0  0   0
20231012 083637.974 INFO             PET3   driver: after lable_SetRunClock, current time:    0  1  1  0  0  0   0
20231012 083637.974 INFO             PET3   driver: begin -------> RunSequence.
20231012 083637.974 INFO             PET3     driver: RunSequence event loopLevel=   1  levelMember=   1  loopIteration=   1, current time:    0  1  1  0  0  0   0
20231012 083637.974 INFO             PET3     MODEL: Run intro.
20231012 083637.975 INFO             PET3       >>>MODEL: entered Run (phase=RunPhase1) with current time:    0  1  1  0  0  0   0
20231012 083637.975 INFO             PET3       MODEL: time step-loop starting, current time:    0  1  1  0  0  0   0
20231012 083637.975 INFO             PET3       thread_num=   1   currentSsiPe=  21   num_threads=   3   max_threads=   3   num_procs=   2
20231012 083637.975 INFO             PET3       thread_num=   0   currentSsiPe=  61   num_threads=   3   max_threads=   3   num_procs=   2
20231012 083637.983 INFO             PET3       thread_num=   2   currentSsiPe=  61   num_threads=   3   max_threads=   3   num_procs=   2
20231012 083637.983 INFO             PET3       ---->Advancing Model from:    0  1  1  0  0  0   0
20231012 083637.983 INFO             PET3       ---------------------> to:    0  1  1  0  0 30   0
20231012 083637.983 INFO             PET3       MODEL: time step-loop ending,   current time:    0  1  1  0  0 30   0
20231012 083637.983 INFO             PET3       <<<MODEL: leaving Run (phase=RunPhase1) with current time:    0  1  1  0  0 30   0
20231012 083637.983 INFO             PET3     MODEL: Run extro.
20231012 083637.983 INFO             PET3     driver: RunSequence event loopLevel=   1  levelMember=   1  loopIteration=   2, current time:    0  1  1  0  0 30   0
20231012 083637.983 INFO             PET3     MODEL: Run intro.
20231012 083637.983 INFO             PET3       >>>MODEL: entered Run (phase=RunPhase1) with current time:    0  1  1  0  0 30   0
20231012 083637.983 INFO             PET3       MODEL: time step-loop starting, current time:    0  1  1  0  0 30   0
20231012 083637.983 INFO             PET3       thread_num=   0   currentSsiPe=  61   num_threads=   3   max_threads=   3   num_procs=   2
20231012 083637.983 INFO             PET3       thread_num=   1   currentSsiPe=  21   num_threads=   3   max_threads=   3   num_procs=   2
20231012 083637.983 INFO             PET3       thread_num=   2   currentSsiPe=  61   num_threads=   3   max_threads=   3   num_procs=   2
20231012 083637.983 INFO             PET3       ---->Advancing Model from:    0  1  1  0  0 30   0
20231012 083637.983 INFO             PET3       ---------------------> to:    0  1  1  0  1  0   0
20231012 083637.983 INFO             PET3       MODEL: time step-loop ending,   current time:    0  1  1  0  1  0   0
20231012 083637.983 INFO             PET3       <<<MODEL: leaving Run (phase=RunPhase1) with current time:    0  1  1  0  1  0   0
20231012 083637.983 INFO             PET3     MODEL: Run extro.
20231012 083637.983 INFO             PET3     driver: RunSequence event loopLevel=   1  levelMember=   1  loopIteration=   3, current time:    0  1  1  0  1  0   0
20231012 083637.984 INFO             PET3     MODEL: Run intro.
20231012 083637.984 INFO             PET3       >>>MODEL: entered Run (phase=RunPhase1) with current time:    0  1  1  0  1  0   0
20231012 083637.984 INFO             PET3       MODEL: time step-loop starting, current time:    0  1  1  0  1  0   0
20231012 083637.984 INFO             PET3       thread_num=   0   currentSsiPe=  61   num_threads=   3   max_threads=   3   num_procs=   2
20231012 083637.984 INFO             PET3       thread_num=   1   currentSsiPe=  21   num_threads=   3   max_threads=   3   num_procs=   2
20231012 083637.984 INFO             PET3       thread_num=   2   currentSsiPe=  61   num_threads=   3   max_threads=   3   num_procs=   2
20231012 083637.984 INFO             PET3       ---->Advancing Model from:    0  1  1  0  1  0   0
20231012 083637.984 INFO             PET3       ---------------------> to:    0  1  1  0  1 30   0
20231012 083637.984 INFO             PET3       MODEL: time step-loop ending,   current time:    0  1  1  0  1 30   0
20231012 083637.984 INFO             PET3       <<<MODEL: leaving Run (phase=RunPhase1) with current time:    0  1  1  0  1 30   0
20231012 083637.984 INFO             PET3     MODEL: Run extro.
20231012 083637.984 INFO             PET3     driver: RunSequence event loopLevel=   1  levelMember=   1  loopIteration=   4, current time:    0  1  1  0  1 30   0
20231012 083637.984 INFO             PET3     MODEL: Run intro.
20231012 083637.984 INFO             PET3       >>>MODEL: entered Run (phase=RunPhase1) with current time:    0  1  1  0  1 30   0
20231012 083637.984 INFO             PET3       MODEL: time step-loop starting, current time:    0  1  1  0  1 30   0
20231012 083637.984 INFO             PET3       thread_num=   0   currentSsiPe=  61   num_threads=   3   max_threads=   3   num_procs=   2
20231012 083637.984 INFO             PET3       thread_num=   1   currentSsiPe=  21   num_threads=   3   max_threads=   3   num_procs=   2
20231012 083637.984 INFO             PET3       thread_num=   2   currentSsiPe=  61   num_threads=   3   max_threads=   3   num_procs=   2
20231012 083637.984 INFO             PET3       ---->Advancing Model from:    0  1  1  0  1 30   0
20231012 083637.984 INFO             PET3       ---------------------> to:    0  1  1  0  2  0   0
20231012 083637.984 INFO             PET3       MODEL: time step-loop ending,   current time:    0  1  1  0  2  0   0
20231012 083637.984 INFO             PET3       <<<MODEL: leaving Run (phase=RunPhase1) with current time:    0  1  1  0  2  0   0
20231012 083637.984 INFO             PET3     MODEL: Run extro.
20231012 083637.984 INFO             PET3     driver: RunSequence event loopLevel=   1  levelMember=   1  loopIteration=   5, current time:    0  1  1  0  2  0   0
20231012 083637.984 INFO             PET3     MODEL: Run intro.
20231012 083637.984 INFO             PET3       >>>MODEL: entered Run (phase=RunPhase1) with current time:    0  1  1  0  2  0   0
20231012 083637.984 INFO             PET3       MODEL: time step-loop starting, current time:    0  1  1  0  2  0   0
20231012 083637.984 INFO             PET3       thread_num=   0   currentSsiPe=  61   num_threads=   3   max_threads=   3   num_procs=   2
20231012 083637.984 INFO             PET3       thread_num=   1   currentSsiPe=  21   num_threads=   3   max_threads=   3   num_procs=   2
20231012 083637.984 INFO             PET3       thread_num=   2   currentSsiPe=  61   num_threads=   3   max_threads=   3   num_procs=   2
20231012 083637.985 INFO             PET3       ---->Advancing Model from:    0  1  1  0  2  0   0
20231012 083637.985 INFO             PET3       ---------------------> to:    0  1  1  0  2 30   0
20231012 083637.985 INFO             PET3       MODEL: time step-loop ending,   current time:    0  1  1  0  2 30   0
20231012 083637.985 INFO             PET3       <<<MODEL: leaving Run (phase=RunPhase1) with current time:    0  1  1  0  2 30   0
20231012 083637.985 INFO             PET3     MODEL: Run extro.
20231012 083637.985 INFO             PET3   driver: end <--------- RunSequence
20231012 083637.985 INFO             PET3   <<<driver - leaving Run with current time:    0  1  1  0  2 30   0
20231012 083637.985 INFO             PET3 driver: Run extro.
20231012 083637.985 INFO             PET3 driver: Finalize intro.
20231012 083637.985 INFO             PET3   Calling Finalize phase 1 for modelComp: MODEL
20231012 083637.985 INFO             PET3   MODEL: Finalize intro.
20231012 083637.985 INFO             PET3     >>>MODEL: entered Finalize (phase=FinalizePhase1) with current time:    0  1  1  0  2 30   0
20231012 083637.985 INFO             PET3     <<<MODEL: leaving Finalize (phase=FinalizePhase1) with current time:    0  1  1  0  2 30   0
20231012 083637.985 INFO             PET3   MODEL: Finalize extro.
20231012 083637.985 INFO             PET3   Delete modelComp: MODEL
20231012 083637.985 INFO             PET3   Delete Import-/Export State for modelComp: MODEL
20231012 083637.985 INFO             PET3 driver: Finalize extro.
20231012 083637.985 INFO             PET3 mainApp FINISHED
20231012 083637.985 INFO             PET3  Finalizing ESMF
