2023-11-07 02:43:33
20231107 031359.945 INFO             PET0 !!!!!!!!!!!!!!!!!!!!!!!!!!!!!!!!!!!!!!!!!!!!!!!!!!!!!!
20231107 031359.945 INFO             PET0 !!! THE ESMF_LOG IS SET TO OUTPUT ALL LOG MESSAGES !!!
20231107 031359.945 INFO             PET0 !!!     THIS MAY CAUSE SLOWDOWN IN PERFORMANCE     !!!
20231107 031359.945 INFO             PET0 !!! FOR PRODUCTION RUNS, USE:                      !!!
20231107 031359.945 INFO             PET0 !!!                   ESMF_LOGKIND_Multi_On_Error  !!!
20231107 031359.945 INFO             PET0 !!!!!!!!!!!!!!!!!!!!!!!!!!!!!!!!!!!!!!!!!!!!!!!!!!!!!!
20231107 031359.945 INFO             PET0 Running with ESMF Version   : v8.6.0b14-1-g93d64a266e
20231107 031359.945 INFO             PET0 ESMF library build date/time: "Nov  7 2023" "02:41:21"
20231107 031359.945 INFO             PET0 ESMF library build location : /glade/scratch/theurich/ESMF-Nightly-Testing/gfortran_13.1.0_mpt_O_release_8.6.0/esmf
20231107 031359.945 INFO             PET0 ESMF_COMM                   : mpt
20231107 031359.945 INFO             PET0 ESMF_MOAB                   : enabled
20231107 031359.945 INFO             PET0 ESMF_LAPACK                 : enabled
20231107 031359.945 INFO             PET0 ESMF_NETCDF                 : enabled
20231107 031359.945 INFO             PET0 ESMF_PNETCDF                : disabled
20231107 031359.945 INFO             PET0 ESMF_PIO                    : enabled
20231107 031359.945 INFO             PET0 ESMF_YAMLCPP                : enabled
20231107 031359.973 DEBUG            PET0 about to destroy Grid: 0x27374d0
20231107 031359.976 DEBUG            PET0 about to destroy Grid: 0x27385d0
20231107 031359.986 INFO             PET0  NUMBER_OF_PROCESSORS           4
20231107 031359.986 INFO             PET0  PASS  Example ESMF_NUOPCAtmModelEx, ESMF_NUOPCAtmModelEx.F90, line 806
20231107 031359.986 INFO             PET0  Finalizing ESMF
20231107 031359.945 INFO             PET1 !!!!!!!!!!!!!!!!!!!!!!!!!!!!!!!!!!!!!!!!!!!!!!!!!!!!!!
20231107 031359.945 INFO             PET1 !!! THE ESMF_LOG IS SET TO OUTPUT ALL LOG MESSAGES !!!
20231107 031359.945 INFO             PET1 !!!     THIS MAY CAUSE SLOWDOWN IN PERFORMANCE     !!!
20231107 031359.945 INFO             PET1 !!! FOR PRODUCTION RUNS, USE:                      !!!
20231107 031359.945 INFO             PET1 !!!                   ESMF_LOGKIND_Multi_On_Error  !!!
20231107 031359.945 INFO             PET1 !!!!!!!!!!!!!!!!!!!!!!!!!!!!!!!!!!!!!!!!!!!!!!!!!!!!!!
20231107 031359.945 INFO             PET1 Running with ESMF Version   : v8.6.0b14-1-g93d64a266e
20231107 031359.945 INFO             PET1 ESMF library build date/time: "Nov  7 2023" "02:41:21"
20231107 031359.945 INFO             PET1 ESMF library build location : /glade/scratch/theurich/ESMF-Nightly-Testing/gfortran_13.1.0_mpt_O_release_8.6.0/esmf
20231107 031359.945 INFO             PET1 ESMF_COMM                   : mpt
20231107 031359.945 INFO             PET1 ESMF_MOAB                   : enabled
20231107 031359.945 INFO             PET1 ESMF_LAPACK                 : enabled
20231107 031359.945 INFO             PET1 ESMF_NETCDF                 : enabled
20231107 031359.945 INFO             PET1 ESMF_PNETCDF                : disabled
20231107 031359.945 INFO             PET1 ESMF_PIO                    : enabled
20231107 031359.945 INFO             PET1 ESMF_YAMLCPP                : enabled
20231107 031359.973 DEBUG            PET1 about to destroy Grid: 0x27378d0
20231107 031359.976 DEBUG            PET1 about to destroy Grid: 0x27386e0
20231107 031359.986 INFO             PET1  NUMBER_OF_PROCESSORS           4
20231107 031359.986 INFO             PET1  PASS  Example ESMF_NUOPCAtmModelEx, ESMF_NUOPCAtmModelEx.F90, line 806
20231107 031359.986 INFO             PET1  Finalizing ESMF
20231107 031359.945 INFO             PET2 !!!!!!!!!!!!!!!!!!!!!!!!!!!!!!!!!!!!!!!!!!!!!!!!!!!!!!
20231107 031359.945 INFO             PET2 !!! THE ESMF_LOG IS SET TO OUTPUT ALL LOG MESSAGES !!!
20231107 031359.945 INFO             PET2 !!!     THIS MAY CAUSE SLOWDOWN IN PERFORMANCE     !!!
20231107 031359.945 INFO             PET2 !!! FOR PRODUCTION RUNS, USE:                      !!!
20231107 031359.945 INFO             PET2 !!!                   ESMF_LOGKIND_Multi_On_Error  !!!
20231107 031359.945 INFO             PET2 !!!!!!!!!!!!!!!!!!!!!!!!!!!!!!!!!!!!!!!!!!!!!!!!!!!!!!
20231107 031359.945 INFO             PET2 Running with ESMF Version   : v8.6.0b14-1-g93d64a266e
20231107 031359.945 INFO             PET2 ESMF library build date/time: "Nov  7 2023" "02:41:21"
20231107 031359.945 INFO             PET2 ESMF library build location : /glade/scratch/theurich/ESMF-Nightly-Testing/gfortran_13.1.0_mpt_O_release_8.6.0/esmf
20231107 031359.945 INFO             PET2 ESMF_COMM                   : mpt
20231107 031359.945 INFO             PET2 ESMF_MOAB                   : enabled
20231107 031359.945 INFO             PET2 ESMF_LAPACK                 : enabled
20231107 031359.945 INFO             PET2 ESMF_NETCDF                 : enabled
20231107 031359.945 INFO             PET2 ESMF_PNETCDF                : disabled
20231107 031359.945 INFO             PET2 ESMF_PIO                    : enabled
20231107 031359.945 INFO             PET2 ESMF_YAMLCPP                : enabled
20231107 031359.973 DEBUG            PET2 about to destroy Grid: 0x2736ba0
20231107 031359.976 DEBUG            PET2 about to destroy Grid: 0x2738320
20231107 031359.986 INFO             PET2  NUMBER_OF_PROCESSORS           4
20231107 031359.986 INFO             PET2  PASS  Example ESMF_NUOPCAtmModelEx, ESMF_NUOPCAtmModelEx.F90, line 806
20231107 031359.986 INFO             PET2  Finalizing ESMF
20231107 031359.945 INFO             PET3 !!!!!!!!!!!!!!!!!!!!!!!!!!!!!!!!!!!!!!!!!!!!!!!!!!!!!!
20231107 031359.945 INFO             PET3 !!! THE ESMF_LOG IS SET TO OUTPUT ALL LOG MESSAGES !!!
20231107 031359.945 INFO             PET3 !!!     THIS MAY CAUSE SLOWDOWN IN PERFORMANCE     !!!
20231107 031359.945 INFO             PET3 !!! FOR PRODUCTION RUNS, USE:                      !!!
20231107 031359.945 INFO             PET3 !!!                   ESMF_LOGKIND_Multi_On_Error  !!!
20231107 031359.945 INFO             PET3 !!!!!!!!!!!!!!!!!!!!!!!!!!!!!!!!!!!!!!!!!!!!!!!!!!!!!!
20231107 031359.945 INFO             PET3 Running with ESMF Version   : v8.6.0b14-1-g93d64a266e
20231107 031359.945 INFO             PET3 ESMF library build date/time: "Nov  7 2023" "02:41:21"
20231107 031359.945 INFO             PET3 ESMF library build location : /glade/scratch/theurich/ESMF-Nightly-Testing/gfortran_13.1.0_mpt_O_release_8.6.0/esmf
20231107 031359.945 INFO             PET3 ESMF_COMM                   : mpt
20231107 031359.945 INFO             PET3 ESMF_MOAB                   : enabled
20231107 031359.945 INFO             PET3 ESMF_LAPACK                 : enabled
20231107 031359.945 INFO             PET3 ESMF_NETCDF                 : enabled
20231107 031359.945 INFO             PET3 ESMF_PNETCDF                : disabled
20231107 031359.945 INFO             PET3 ESMF_PIO                    : enabled
20231107 031359.945 INFO             PET3 ESMF_YAMLCPP                : enabled
20231107 031359.973 DEBUG            PET3 about to destroy Grid: 0x2737100
20231107 031359.976 DEBUG            PET3 about to destroy Grid: 0x2737f10
20231107 031359.986 INFO             PET3  NUMBER_OF_PROCESSORS           4
20231107 031359.986 INFO             PET3  PASS  Example ESMF_NUOPCAtmModelEx, ESMF_NUOPCAtmModelEx.F90, line 806
20231107 031359.986 INFO             PET3  Finalizing ESMF
