2023-11-09 01:42:00
20231109 021449.630 INFO             PET0 !!!!!!!!!!!!!!!!!!!!!!!!!!!!!!!!!!!!!!!!!!!!!!!!!!!!!!
20231109 021449.630 INFO             PET0 !!! THE ESMF_LOG IS SET TO OUTPUT ALL LOG MESSAGES !!!
20231109 021449.630 INFO             PET0 !!!     THIS MAY CAUSE SLOWDOWN IN PERFORMANCE     !!!
20231109 021449.630 INFO             PET0 !!! FOR PRODUCTION RUNS, USE:                      !!!
20231109 021449.630 INFO             PET0 !!!                   ESMF_LOGKIND_Multi_On_Error  !!!
20231109 021449.630 INFO             PET0 !!!!!!!!!!!!!!!!!!!!!!!!!!!!!!!!!!!!!!!!!!!!!!!!!!!!!!
20231109 021449.630 INFO             PET0 Running with ESMF Version   : v8.6.0b15
20231109 021449.630 INFO             PET0 ESMF library build date/time: "Nov  9 2023" "01:39:57"
20231109 021449.630 INFO             PET0 ESMF library build location : /glade/derecho/scratch/theurich/ESMF-Nightly-Testing/gfortran_12.2.0_pio2.5.10_mpi_g_release_8.6.0/esmf
20231109 021449.630 INFO             PET0 ESMF_COMM                   : mpi
20231109 021449.631 INFO             PET0 ESMF_MOAB                   : enabled
20231109 021449.631 INFO             PET0 ESMF_LAPACK                 : enabled
20231109 021449.631 INFO             PET0 ESMF_NETCDF                 : enabled
20231109 021449.631 INFO             PET0 ESMF_PNETCDF                : disabled
20231109 021449.631 INFO             PET0 ESMF_PIO                    : enabled
20231109 021449.631 INFO             PET0 ESMF_YAMLCPP                : enabled
20231109 021449.699 DEBUG            PET0 about to destroy Grid: 0x77fa50
20231109 021449.708 DEBUG            PET0 about to destroy Grid: 0x7812e0
20231109 021449.733 INFO             PET0  NUMBER_OF_PROCESSORS           4
20231109 021449.733 INFO             PET0  PASS  Example ESMF_NUOPCAtmModelEx, ESMF_NUOPCAtmModelEx.F90, line 806
20231109 021449.733 INFO             PET0  Finalizing ESMF
20231109 021449.630 INFO             PET1 !!!!!!!!!!!!!!!!!!!!!!!!!!!!!!!!!!!!!!!!!!!!!!!!!!!!!!
20231109 021449.630 INFO             PET1 !!! THE ESMF_LOG IS SET TO OUTPUT ALL LOG MESSAGES !!!
20231109 021449.630 INFO             PET1 !!!     THIS MAY CAUSE SLOWDOWN IN PERFORMANCE     !!!
20231109 021449.630 INFO             PET1 !!! FOR PRODUCTION RUNS, USE:                      !!!
20231109 021449.630 INFO             PET1 !!!                   ESMF_LOGKIND_Multi_On_Error  !!!
20231109 021449.630 INFO             PET1 !!!!!!!!!!!!!!!!!!!!!!!!!!!!!!!!!!!!!!!!!!!!!!!!!!!!!!
20231109 021449.630 INFO             PET1 Running with ESMF Version   : v8.6.0b15
20231109 021449.630 INFO             PET1 ESMF library build date/time: "Nov  9 2023" "01:39:57"
20231109 021449.630 INFO             PET1 ESMF library build location : /glade/derecho/scratch/theurich/ESMF-Nightly-Testing/gfortran_12.2.0_pio2.5.10_mpi_g_release_8.6.0/esmf
20231109 021449.630 INFO             PET1 ESMF_COMM                   : mpi
20231109 021449.631 INFO             PET1 ESMF_MOAB                   : enabled
20231109 021449.631 INFO             PET1 ESMF_LAPACK                 : enabled
20231109 021449.631 INFO             PET1 ESMF_NETCDF                 : enabled
20231109 021449.631 INFO             PET1 ESMF_PNETCDF                : disabled
20231109 021449.631 INFO             PET1 ESMF_PIO                    : enabled
20231109 021449.631 INFO             PET1 ESMF_YAMLCPP                : enabled
20231109 021449.699 DEBUG            PET1 about to destroy Grid: 0x778f90
20231109 021449.708 DEBUG            PET1 about to destroy Grid: 0x77a7b0
20231109 021449.733 INFO             PET1  NUMBER_OF_PROCESSORS           4
20231109 021449.733 INFO             PET1  PASS  Example ESMF_NUOPCAtmModelEx, ESMF_NUOPCAtmModelEx.F90, line 806
20231109 021449.733 INFO             PET1  Finalizing ESMF
20231109 021449.630 INFO             PET2 !!!!!!!!!!!!!!!!!!!!!!!!!!!!!!!!!!!!!!!!!!!!!!!!!!!!!!
20231109 021449.630 INFO             PET2 !!! THE ESMF_LOG IS SET TO OUTPUT ALL LOG MESSAGES !!!
20231109 021449.630 INFO             PET2 !!!     THIS MAY CAUSE SLOWDOWN IN PERFORMANCE     !!!
20231109 021449.630 INFO             PET2 !!! FOR PRODUCTION RUNS, USE:                      !!!
20231109 021449.630 INFO             PET2 !!!                   ESMF_LOGKIND_Multi_On_Error  !!!
20231109 021449.630 INFO             PET2 !!!!!!!!!!!!!!!!!!!!!!!!!!!!!!!!!!!!!!!!!!!!!!!!!!!!!!
20231109 021449.630 INFO             PET2 Running with ESMF Version   : v8.6.0b15
20231109 021449.630 INFO             PET2 ESMF library build date/time: "Nov  9 2023" "01:39:57"
20231109 021449.630 INFO             PET2 ESMF library build location : /glade/derecho/scratch/theurich/ESMF-Nightly-Testing/gfortran_12.2.0_pio2.5.10_mpi_g_release_8.6.0/esmf
20231109 021449.630 INFO             PET2 ESMF_COMM                   : mpi
20231109 021449.630 INFO             PET2 ESMF_MOAB                   : enabled
20231109 021449.630 INFO             PET2 ESMF_LAPACK                 : enabled
20231109 021449.630 INFO             PET2 ESMF_NETCDF                 : enabled
20231109 021449.630 INFO             PET2 ESMF_PNETCDF                : disabled
20231109 021449.630 INFO             PET2 ESMF_PIO                    : enabled
20231109 021449.630 INFO             PET2 ESMF_YAMLCPP                : enabled
20231109 021449.699 DEBUG            PET2 about to destroy Grid: 0x778690
20231109 021449.708 DEBUG            PET2 about to destroy Grid: 0x779eb0
20231109 021449.733 INFO             PET2  NUMBER_OF_PROCESSORS           4
20231109 021449.733 INFO             PET2  PASS  Example ESMF_NUOPCAtmModelEx, ESMF_NUOPCAtmModelEx.F90, line 806
20231109 021449.733 INFO             PET2  Finalizing ESMF
20231109 021449.630 INFO             PET3 !!!!!!!!!!!!!!!!!!!!!!!!!!!!!!!!!!!!!!!!!!!!!!!!!!!!!!
20231109 021449.630 INFO             PET3 !!! THE ESMF_LOG IS SET TO OUTPUT ALL LOG MESSAGES !!!
20231109 021449.630 INFO             PET3 !!!     THIS MAY CAUSE SLOWDOWN IN PERFORMANCE     !!!
20231109 021449.630 INFO             PET3 !!! FOR PRODUCTION RUNS, USE:                      !!!
20231109 021449.630 INFO             PET3 !!!                   ESMF_LOGKIND_Multi_On_Error  !!!
20231109 021449.630 INFO             PET3 !!!!!!!!!!!!!!!!!!!!!!!!!!!!!!!!!!!!!!!!!!!!!!!!!!!!!!
20231109 021449.630 INFO             PET3 Running with ESMF Version   : v8.6.0b15
20231109 021449.630 INFO             PET3 ESMF library build date/time: "Nov  9 2023" "01:39:57"
20231109 021449.630 INFO             PET3 ESMF library build location : /glade/derecho/scratch/theurich/ESMF-Nightly-Testing/gfortran_12.2.0_pio2.5.10_mpi_g_release_8.6.0/esmf
20231109 021449.630 INFO             PET3 ESMF_COMM                   : mpi
20231109 021449.630 INFO             PET3 ESMF_MOAB                   : enabled
20231109 021449.630 INFO             PET3 ESMF_LAPACK                 : enabled
20231109 021449.630 INFO             PET3 ESMF_NETCDF                 : enabled
20231109 021449.630 INFO             PET3 ESMF_PNETCDF                : disabled
20231109 021449.630 INFO             PET3 ESMF_PIO                    : enabled
20231109 021449.630 INFO             PET3 ESMF_YAMLCPP                : enabled
20231109 021449.699 DEBUG            PET3 about to destroy Grid: 0x7787a0
20231109 021449.708 DEBUG            PET3 about to destroy Grid: 0x779e20
20231109 021449.733 INFO             PET3  NUMBER_OF_PROCESSORS           4
20231109 021449.733 INFO             PET3  PASS  Example ESMF_NUOPCAtmModelEx, ESMF_NUOPCAtmModelEx.F90, line 806
20231109 021449.733 INFO             PET3  Finalizing ESMF
