2023-10-31 07:53:44
20231031 084446.731 INFO             PET0 !!!!!!!!!!!!!!!!!!!!!!!!!!!!!!!!!!!!!!!!!!!!!!!!!!!!!!
20231031 084446.731 INFO             PET0 !!! THE ESMF_LOG IS SET TO OUTPUT ALL LOG MESSAGES !!!
20231031 084446.731 INFO             PET0 !!!     THIS MAY CAUSE SLOWDOWN IN PERFORMANCE     !!!
20231031 084446.731 INFO             PET0 !!! FOR PRODUCTION RUNS, USE:                      !!!
20231031 084446.731 INFO             PET0 !!!                   ESMF_LOGKIND_Multi_On_Error  !!!
20231031 084446.731 INFO             PET0 !!!!!!!!!!!!!!!!!!!!!!!!!!!!!!!!!!!!!!!!!!!!!!!!!!!!!!
20231031 084446.731 INFO             PET0 Running with ESMF Version   : v8.6.0b13
20231031 084446.731 INFO             PET0 ESMF library build date/time: "Oct 31 2023" "07:50:56"
20231031 084446.731 INFO             PET0 ESMF library build location : /scratch2/NCEPDEV/stmp1/Gerhard.Theurich/ESMF-Nightly-Testing/nvhpc_23.3_openmpi_g_release_8.6.0/esmf
20231031 084446.731 INFO             PET0 ESMF_COMM                   : openmpi
20231031 084446.732 INFO             PET0 ESMF_MOAB                   : enabled
20231031 084446.732 INFO             PET0 ESMF_LAPACK                 : enabled
20231031 084446.732 INFO             PET0 ESMF_NETCDF                 : disabled
20231031 084446.732 INFO             PET0 ESMF_PNETCDF                : disabled
20231031 084446.732 INFO             PET0 ESMF_PIO                    : disabled
20231031 084446.732 INFO             PET0 ESMF_YAMLCPP                : enabled
20231031 084446.732 INFO             PET0  NUMBER_OF_PROCESSORS            2
20231031 084446.732 INFO             PET0  PASS  Example ESMF_VMUserMpiCommEx, ESMF_VMUserMpiCommEx.F90, line 113
20231031 084446.732 INFO             PET0  Finalizing ESMF with endflag==ESMF_END_KEEPMPI
20231031 084446.731 INFO             PET1 !!!!!!!!!!!!!!!!!!!!!!!!!!!!!!!!!!!!!!!!!!!!!!!!!!!!!!
20231031 084446.731 INFO             PET1 !!! THE ESMF_LOG IS SET TO OUTPUT ALL LOG MESSAGES !!!
20231031 084446.731 INFO             PET1 !!!     THIS MAY CAUSE SLOWDOWN IN PERFORMANCE     !!!
20231031 084446.731 INFO             PET1 !!! FOR PRODUCTION RUNS, USE:                      !!!
20231031 084446.731 INFO             PET1 !!!                   ESMF_LOGKIND_Multi_On_Error  !!!
20231031 084446.731 INFO             PET1 !!!!!!!!!!!!!!!!!!!!!!!!!!!!!!!!!!!!!!!!!!!!!!!!!!!!!!
20231031 084446.731 INFO             PET1 Running with ESMF Version   : v8.6.0b13
20231031 084446.731 INFO             PET1 ESMF library build date/time: "Oct 31 2023" "07:50:56"
20231031 084446.731 INFO             PET1 ESMF library build location : /scratch2/NCEPDEV/stmp1/Gerhard.Theurich/ESMF-Nightly-Testing/nvhpc_23.3_openmpi_g_release_8.6.0/esmf
20231031 084446.731 INFO             PET1 ESMF_COMM                   : openmpi
20231031 084446.732 INFO             PET1 ESMF_MOAB                   : enabled
20231031 084446.732 INFO             PET1 ESMF_LAPACK                 : enabled
20231031 084446.732 INFO             PET1 ESMF_NETCDF                 : disabled
20231031 084446.732 INFO             PET1 ESMF_PNETCDF                : disabled
20231031 084446.732 INFO             PET1 ESMF_PIO                    : disabled
20231031 084446.732 INFO             PET1 ESMF_YAMLCPP                : enabled
20231031 084446.732 INFO             PET1  NUMBER_OF_PROCESSORS            2
20231031 084446.732 INFO             PET1  PASS  Example ESMF_VMUserMpiCommEx, ESMF_VMUserMpiCommEx.F90, line 113
20231031 084446.732 INFO             PET1  Finalizing ESMF with endflag==ESMF_END_KEEPMPI
