2023-10-21 04:10:17
20231021 043533.453 INFO             PET0 !!!!!!!!!!!!!!!!!!!!!!!!!!!!!!!!!!!!!!!!!!!!!!!!!!!!!!
20231021 043533.453 INFO             PET0 !!! THE ESMF_LOG IS SET TO OUTPUT ALL LOG MESSAGES !!!
20231021 043533.453 INFO             PET0 !!!     THIS MAY CAUSE SLOWDOWN IN PERFORMANCE     !!!
20231021 043533.453 INFO             PET0 !!! FOR PRODUCTION RUNS, USE:                      !!!
20231021 043533.453 INFO             PET0 !!!                   ESMF_LOGKIND_Multi_On_Error  !!!
20231021 043533.453 INFO             PET0 !!!!!!!!!!!!!!!!!!!!!!!!!!!!!!!!!!!!!!!!!!!!!!!!!!!!!!
20231021 043533.453 INFO             PET0 Running with ESMF Version   : v8.6.0b10-15-g69098dfbff
20231021 043533.453 INFO             PET0 ESMF library build date/time: "Oct 21 2023" "04:09:20"
20231021 043533.453 INFO             PET0 ESMF library build location : /tmp/intel_2023.1.0-classic_mpi_g_develop/esmf
20231021 043533.453 INFO             PET0 ESMF_COMM                   : mpi
20231021 043533.453 INFO             PET0 ESMF_MOAB                   : enabled
20231021 043533.453 INFO             PET0 ESMF_LAPACK                 : enabled
20231021 043533.453 INFO             PET0 ESMF_NETCDF                 : enabled
20231021 043533.453 INFO             PET0 ESMF_PNETCDF                : disabled
20231021 043533.453 INFO             PET0 ESMF_PIO                    : enabled
20231021 043533.453 INFO             PET0 ESMF_YAMLCPP                : enabled
20231021 043533.453 INFO             PET0  NUMBER_OF_PROCESSORS           4
20231021 043533.453 INFO             PET0  PASS  Example ESMF_VMUserMpiCommMultiEx, ESMF_VMUserMpiCommMultiEx.F90, line 126
20231021 043533.453 INFO             PET0  Finalizing ESMF with endflag==ESMF_END_KEEPMPI
20231021 043533.453 INFO             PET0 !!!!!!!!!!!!!!!!!!!!!!!!!!!!!!!!!!!!!!!!!!!!!!!!!!!!!!
20231021 043533.453 INFO             PET0 !!! THE ESMF_LOG IS SET TO OUTPUT ALL LOG MESSAGES !!!
20231021 043533.453 INFO             PET0 !!!     THIS MAY CAUSE SLOWDOWN IN PERFORMANCE     !!!
20231021 043533.453 INFO             PET0 !!! FOR PRODUCTION RUNS, USE:                      !!!
20231021 043533.453 INFO             PET0 !!!                   ESMF_LOGKIND_Multi_On_Error  !!!
20231021 043533.453 INFO             PET0 !!!!!!!!!!!!!!!!!!!!!!!!!!!!!!!!!!!!!!!!!!!!!!!!!!!!!!
20231021 043533.453 INFO             PET0 Running with ESMF Version   : v8.6.0b10-15-g69098dfbff
20231021 043533.453 INFO             PET0 ESMF library build date/time: "Oct 21 2023" "04:09:20"
20231021 043533.453 INFO             PET0 ESMF library build location : /tmp/intel_2023.1.0-classic_mpi_g_develop/esmf
20231021 043533.453 INFO             PET0 ESMF_COMM                   : mpi
20231021 043533.453 INFO             PET0 ESMF_MOAB                   : enabled
20231021 043533.453 INFO             PET0 ESMF_LAPACK                 : enabled
20231021 043533.453 INFO             PET0 ESMF_NETCDF                 : enabled
20231021 043533.453 INFO             PET0 ESMF_PNETCDF                : disabled
20231021 043533.453 INFO             PET0 ESMF_PIO                    : enabled
20231021 043533.453 INFO             PET0 ESMF_YAMLCPP                : enabled
20231021 043533.453 INFO             PET0  NUMBER_OF_PROCESSORS           4
20231021 043533.453 INFO             PET0  PASS  Example ESMF_VMUserMpiCommMultiEx, ESMF_VMUserMpiCommMultiEx.F90, line 154
20231021 043533.453 INFO             PET0  Finalizing ESMF with endflag==ESMF_END_KEEPMPI
20231021 043533.452 INFO             PET1 !!!!!!!!!!!!!!!!!!!!!!!!!!!!!!!!!!!!!!!!!!!!!!!!!!!!!!
20231021 043533.453 INFO             PET1 !!! THE ESMF_LOG IS SET TO OUTPUT ALL LOG MESSAGES !!!
20231021 043533.453 INFO             PET1 !!!     THIS MAY CAUSE SLOWDOWN IN PERFORMANCE     !!!
20231021 043533.453 INFO             PET1 !!! FOR PRODUCTION RUNS, USE:                      !!!
20231021 043533.453 INFO             PET1 !!!                   ESMF_LOGKIND_Multi_On_Error  !!!
20231021 043533.453 INFO             PET1 !!!!!!!!!!!!!!!!!!!!!!!!!!!!!!!!!!!!!!!!!!!!!!!!!!!!!!
20231021 043533.453 INFO             PET1 Running with ESMF Version   : v8.6.0b10-15-g69098dfbff
20231021 043533.453 INFO             PET1 ESMF library build date/time: "Oct 21 2023" "04:09:20"
20231021 043533.453 INFO             PET1 ESMF library build location : /tmp/intel_2023.1.0-classic_mpi_g_develop/esmf
20231021 043533.453 INFO             PET1 ESMF_COMM                   : mpi
20231021 043533.453 INFO             PET1 ESMF_MOAB                   : enabled
20231021 043533.453 INFO             PET1 ESMF_LAPACK                 : enabled
20231021 043533.453 INFO             PET1 ESMF_NETCDF                 : enabled
20231021 043533.453 INFO             PET1 ESMF_PNETCDF                : disabled
20231021 043533.453 INFO             PET1 ESMF_PIO                    : enabled
20231021 043533.453 INFO             PET1 ESMF_YAMLCPP                : enabled
20231021 043533.453 INFO             PET1  NUMBER_OF_PROCESSORS           4
20231021 043533.453 INFO             PET1  PASS  Example ESMF_VMUserMpiCommMultiEx, ESMF_VMUserMpiCommMultiEx.F90, line 126
20231021 043533.453 INFO             PET1  Finalizing ESMF with endflag==ESMF_END_KEEPMPI
20231021 043533.453 INFO             PET1 !!!!!!!!!!!!!!!!!!!!!!!!!!!!!!!!!!!!!!!!!!!!!!!!!!!!!!
20231021 043533.453 INFO             PET1 !!! THE ESMF_LOG IS SET TO OUTPUT ALL LOG MESSAGES !!!
20231021 043533.453 INFO             PET1 !!!     THIS MAY CAUSE SLOWDOWN IN PERFORMANCE     !!!
20231021 043533.453 INFO             PET1 !!! FOR PRODUCTION RUNS, USE:                      !!!
20231021 043533.453 INFO             PET1 !!!                   ESMF_LOGKIND_Multi_On_Error  !!!
20231021 043533.453 INFO             PET1 !!!!!!!!!!!!!!!!!!!!!!!!!!!!!!!!!!!!!!!!!!!!!!!!!!!!!!
20231021 043533.453 INFO             PET1 Running with ESMF Version   : v8.6.0b10-15-g69098dfbff
20231021 043533.453 INFO             PET1 ESMF library build date/time: "Oct 21 2023" "04:09:20"
20231021 043533.453 INFO             PET1 ESMF library build location : /tmp/intel_2023.1.0-classic_mpi_g_develop/esmf
20231021 043533.453 INFO             PET1 ESMF_COMM                   : mpi
20231021 043533.453 INFO             PET1 ESMF_MOAB                   : enabled
20231021 043533.453 INFO             PET1 ESMF_LAPACK                 : enabled
20231021 043533.453 INFO             PET1 ESMF_NETCDF                 : enabled
20231021 043533.453 INFO             PET1 ESMF_PNETCDF                : disabled
20231021 043533.453 INFO             PET1 ESMF_PIO                    : enabled
20231021 043533.453 INFO             PET1 ESMF_YAMLCPP                : enabled
20231021 043533.453 INFO             PET1  NUMBER_OF_PROCESSORS           4
20231021 043533.453 INFO             PET1  PASS  Example ESMF_VMUserMpiCommMultiEx, ESMF_VMUserMpiCommMultiEx.F90, line 154
20231021 043533.453 INFO             PET1  Finalizing ESMF with endflag==ESMF_END_KEEPMPI
