2023-11-06 02:10:15
20231106 024644.176 INFO             PET0 !!!!!!!!!!!!!!!!!!!!!!!!!!!!!!!!!!!!!!!!!!!!!!!!!!!!!!
20231106 024644.176 INFO             PET0 !!! THE ESMF_LOG IS SET TO OUTPUT ALL LOG MESSAGES !!!
20231106 024644.176 INFO             PET0 !!!     THIS MAY CAUSE SLOWDOWN IN PERFORMANCE     !!!
20231106 024644.176 INFO             PET0 !!! FOR PRODUCTION RUNS, USE:                      !!!
20231106 024644.176 INFO             PET0 !!!                   ESMF_LOGKIND_Multi_On_Error  !!!
20231106 024644.176 INFO             PET0 !!!!!!!!!!!!!!!!!!!!!!!!!!!!!!!!!!!!!!!!!!!!!!!!!!!!!!
20231106 024644.177 INFO             PET0 Running with ESMF Version   : v8.6.0b14
20231106 024644.177 INFO             PET0 ESMF library build date/time: "Nov  6 2023" "02:07:48"
20231106 024644.177 INFO             PET0 ESMF library build location : /scratch/cluster/theurich/ESMF-Nightly-Testing/intel_20.0.1_mpiuni_g_release_8.6.0/esmf
20231106 024644.177 INFO             PET0 ESMF_COMM                   : mpiuni
20231106 024644.179 INFO             PET0 ESMF_MOAB                   : enabled
20231106 024644.179 INFO             PET0 ESMF_LAPACK                 : enabled
20231106 024644.179 INFO             PET0 ESMF_NETCDF                 : enabled
20231106 024644.179 INFO             PET0 ESMF_PNETCDF                : disabled
20231106 024644.179 INFO             PET0 ESMF_PIO                    : disabled
20231106 024644.179 INFO             PET0 ESMF_YAMLCPP                : enabled
20231106 024644.181 INFO             PET0  NUMBER_OF_PROCESSORS           1
20231106 024644.181 INFO             PET0  PASS  Example ESMF_VMScatterVMGatherEx, ESMF_VMScatterVMGatherEx.F90, line 120
20231106 024644.181 INFO             PET0  Finalizing ESMF
