2023-11-06 00:54:00
20231106 013116.492 INFO             PET0 !!!!!!!!!!!!!!!!!!!!!!!!!!!!!!!!!!!!!!!!!!!!!!!!!!!!!!
20231106 013116.492 INFO             PET0 !!! THE ESMF_LOG IS SET TO OUTPUT ALL LOG MESSAGES !!!
20231106 013116.492 INFO             PET0 !!!     THIS MAY CAUSE SLOWDOWN IN PERFORMANCE     !!!
20231106 013116.492 INFO             PET0 !!! FOR PRODUCTION RUNS, USE:                      !!!
20231106 013116.492 INFO             PET0 !!!                   ESMF_LOGKIND_Multi_On_Error  !!!
20231106 013116.492 INFO             PET0 !!!!!!!!!!!!!!!!!!!!!!!!!!!!!!!!!!!!!!!!!!!!!!!!!!!!!!
20231106 013116.492 INFO             PET0 Running with ESMF Version   : v8.6.0b14
20231106 013116.492 INFO             PET0 ESMF library build date/time: "Nov  6 2023" "00:53:11"
20231106 013116.492 INFO             PET0 ESMF library build location : /tmp/intel_2023.1.0-oneAPI_mpiuni_O_release_8.6.0/esmf
20231106 013116.492 INFO             PET0 ESMF_COMM                   : mpiuni
20231106 013116.492 INFO             PET0 ESMF_MOAB                   : enabled
20231106 013116.492 INFO             PET0 ESMF_LAPACK                 : enabled
20231106 013116.492 INFO             PET0 ESMF_NETCDF                 : enabled
20231106 013116.492 INFO             PET0 ESMF_PNETCDF                : disabled
20231106 013116.492 INFO             PET0 ESMF_PIO                    : disabled
20231106 013116.492 INFO             PET0 ESMF_YAMLCPP                : enabled
20231106 013116.492 INFO             PET0  NUMBER_OF_PROCESSORS           1
20231106 013116.492 INFO             PET0  PASS  Example ESMF_InternalStateEx, ESMF_InternalStateEx.F90, line 132
20231106 013116.492 INFO             PET0  Finalizing ESMF
