2023-10-11 01:44:27
20231011 021400.113 INFO             PET0 !!!!!!!!!!!!!!!!!!!!!!!!!!!!!!!!!!!!!!!!!!!!!!!!!!!!!!
20231011 021400.113 INFO             PET0 !!! THE ESMF_LOG IS SET TO OUTPUT ALL LOG MESSAGES !!!
20231011 021400.113 INFO             PET0 !!!     THIS MAY CAUSE SLOWDOWN IN PERFORMANCE     !!!
20231011 021400.113 INFO             PET0 !!! FOR PRODUCTION RUNS, USE:                      !!!
20231011 021400.113 INFO             PET0 !!!                   ESMF_LOGKIND_Multi_On_Error  !!!
20231011 021400.113 INFO             PET0 !!!!!!!!!!!!!!!!!!!!!!!!!!!!!!!!!!!!!!!!!!!!!!!!!!!!!!
20231011 021400.113 INFO             PET0 Running with ESMF Version   : v8.6.0b08
20231011 021400.113 INFO             PET0 ESMF library build date/time: "Oct 11 2023" "01:42:36"
20231011 021400.113 INFO             PET0 ESMF library build location : /scratch/cluster/theurich/ESMF-Nightly-Testing/gfortran_9.3.0_mpiuni_g_develop/esmf
20231011 021400.113 INFO             PET0 ESMF_COMM                   : mpiuni
20231011 021400.114 INFO             PET0 ESMF_MOAB                   : enabled
20231011 021400.114 INFO             PET0 ESMF_LAPACK                 : enabled
20231011 021400.114 INFO             PET0 ESMF_NETCDF                 : enabled
20231011 021400.114 INFO             PET0 ESMF_PNETCDF                : disabled
20231011 021400.114 INFO             PET0 ESMF_PIO                    : disabled
20231011 021400.114 INFO             PET0 ESMF_YAMLCPP                : enabled
20231011 021400.116 INFO             PET0  NUMBER_OF_PROCESSORS           1
20231011 021400.116 INFO             PET0  PASS  Example ESMF_AlarmEx, ESMF_AlarmEx.F90, line 244
20231011 021400.116 INFO             PET0 Finalizing ESMF
