2023-11-16 03:30:16
20231116 035443.385 INFO             PET0 !!!!!!!!!!!!!!!!!!!!!!!!!!!!!!!!!!!!!!!!!!!!!!!!!!!!!!
20231116 035443.385 INFO             PET0 !!! THE ESMF_LOG IS SET TO OUTPUT ALL LOG MESSAGES !!!
20231116 035443.385 INFO             PET0 !!!     THIS MAY CAUSE SLOWDOWN IN PERFORMANCE     !!!
20231116 035443.385 INFO             PET0 !!! FOR PRODUCTION RUNS, USE:                      !!!
20231116 035443.385 INFO             PET0 !!!                   ESMF_LOGKIND_Multi_On_Error  !!!
20231116 035443.385 INFO             PET0 !!!!!!!!!!!!!!!!!!!!!!!!!!!!!!!!!!!!!!!!!!!!!!!!!!!!!!
20231116 035443.385 INFO             PET0 Running with ESMF Version   : v8.7.0b01-5-gf664797301
20231116 035443.385 INFO             PET0 ESMF library build date/time: "Nov 16 2023" "03:29:05"
20231116 035443.385 INFO             PET0 ESMF library build location : /home/gerhard/ESMF-Nightly-Testing/gfortran_7.4.0_mpich_g_develop/esmf
20231116 035443.385 INFO             PET0 ESMF_COMM                   : mpich
20231116 035443.385 INFO             PET0 ESMF_MOAB                   : enabled
20231116 035443.385 INFO             PET0 ESMF_LAPACK                 : enabled
20231116 035443.385 INFO             PET0 ESMF_NETCDF                 : enabled
20231116 035443.385 INFO             PET0 ESMF_PNETCDF                : disabled
20231116 035443.386 INFO             PET0 ESMF_PIO                    : enabled
20231116 035443.386 INFO             PET0 ESMF_YAMLCPP                : enabled
20231116 035443.462 DEBUG            PET0 about to destroy Grid: 0x1415210
20231116 035443.471 DEBUG            PET0 about to destroy Grid: 0x1417580
20231116 035443.496 INFO             PET0  NUMBER_OF_PROCESSORS           4
20231116 035443.496 INFO             PET0  PASS  Example ESMF_NUOPCAtmModelEx, ESMF_NUOPCAtmModelEx.F90, line 806
20231116 035443.496 INFO             PET0  Finalizing ESMF
20231116 035443.385 INFO             PET1 !!!!!!!!!!!!!!!!!!!!!!!!!!!!!!!!!!!!!!!!!!!!!!!!!!!!!!
20231116 035443.385 INFO             PET1 !!! THE ESMF_LOG IS SET TO OUTPUT ALL LOG MESSAGES !!!
20231116 035443.385 INFO             PET1 !!!     THIS MAY CAUSE SLOWDOWN IN PERFORMANCE     !!!
20231116 035443.385 INFO             PET1 !!! FOR PRODUCTION RUNS, USE:                      !!!
20231116 035443.385 INFO             PET1 !!!                   ESMF_LOGKIND_Multi_On_Error  !!!
20231116 035443.385 INFO             PET1 !!!!!!!!!!!!!!!!!!!!!!!!!!!!!!!!!!!!!!!!!!!!!!!!!!!!!!
20231116 035443.385 INFO             PET1 Running with ESMF Version   : v8.7.0b01-5-gf664797301
20231116 035443.385 INFO             PET1 ESMF library build date/time: "Nov 16 2023" "03:29:05"
20231116 035443.385 INFO             PET1 ESMF library build location : /home/gerhard/ESMF-Nightly-Testing/gfortran_7.4.0_mpich_g_develop/esmf
20231116 035443.385 INFO             PET1 ESMF_COMM                   : mpich
20231116 035443.385 INFO             PET1 ESMF_MOAB                   : enabled
20231116 035443.385 INFO             PET1 ESMF_LAPACK                 : enabled
20231116 035443.385 INFO             PET1 ESMF_NETCDF                 : enabled
20231116 035443.385 INFO             PET1 ESMF_PNETCDF                : disabled
20231116 035443.385 INFO             PET1 ESMF_PIO                    : enabled
20231116 035443.385 INFO             PET1 ESMF_YAMLCPP                : enabled
20231116 035443.462 DEBUG            PET1 about to destroy Grid: 0x23567e0
20231116 035443.471 DEBUG            PET1 about to destroy Grid: 0x23583d0
20231116 035443.496 INFO             PET1  NUMBER_OF_PROCESSORS           4
20231116 035443.496 INFO             PET1  PASS  Example ESMF_NUOPCAtmModelEx, ESMF_NUOPCAtmModelEx.F90, line 806
20231116 035443.496 INFO             PET1  Finalizing ESMF
20231116 035443.385 INFO             PET2 !!!!!!!!!!!!!!!!!!!!!!!!!!!!!!!!!!!!!!!!!!!!!!!!!!!!!!
20231116 035443.385 INFO             PET2 !!! THE ESMF_LOG IS SET TO OUTPUT ALL LOG MESSAGES !!!
20231116 035443.385 INFO             PET2 !!!     THIS MAY CAUSE SLOWDOWN IN PERFORMANCE     !!!
20231116 035443.385 INFO             PET2 !!! FOR PRODUCTION RUNS, USE:                      !!!
20231116 035443.385 INFO             PET2 !!!                   ESMF_LOGKIND_Multi_On_Error  !!!
20231116 035443.385 INFO             PET2 !!!!!!!!!!!!!!!!!!!!!!!!!!!!!!!!!!!!!!!!!!!!!!!!!!!!!!
20231116 035443.385 INFO             PET2 Running with ESMF Version   : v8.7.0b01-5-gf664797301
20231116 035443.385 INFO             PET2 ESMF library build date/time: "Nov 16 2023" "03:29:05"
20231116 035443.385 INFO             PET2 ESMF library build location : /home/gerhard/ESMF-Nightly-Testing/gfortran_7.4.0_mpich_g_develop/esmf
20231116 035443.385 INFO             PET2 ESMF_COMM                   : mpich
20231116 035443.385 INFO             PET2 ESMF_MOAB                   : enabled
20231116 035443.385 INFO             PET2 ESMF_LAPACK                 : enabled
20231116 035443.385 INFO             PET2 ESMF_NETCDF                 : enabled
20231116 035443.385 INFO             PET2 ESMF_PNETCDF                : disabled
20231116 035443.385 INFO             PET2 ESMF_PIO                    : enabled
20231116 035443.385 INFO             PET2 ESMF_YAMLCPP                : enabled
20231116 035443.462 DEBUG            PET2 about to destroy Grid: 0x1eaee80
20231116 035443.471 DEBUG            PET2 about to destroy Grid: 0x1eb0a70
20231116 035443.497 INFO             PET2  NUMBER_OF_PROCESSORS           4
20231116 035443.497 INFO             PET2  PASS  Example ESMF_NUOPCAtmModelEx, ESMF_NUOPCAtmModelEx.F90, line 806
20231116 035443.497 INFO             PET2  Finalizing ESMF
20231116 035443.385 INFO             PET3 !!!!!!!!!!!!!!!!!!!!!!!!!!!!!!!!!!!!!!!!!!!!!!!!!!!!!!
20231116 035443.385 INFO             PET3 !!! THE ESMF_LOG IS SET TO OUTPUT ALL LOG MESSAGES !!!
20231116 035443.385 INFO             PET3 !!!     THIS MAY CAUSE SLOWDOWN IN PERFORMANCE     !!!
20231116 035443.385 INFO             PET3 !!! FOR PRODUCTION RUNS, USE:                      !!!
20231116 035443.385 INFO             PET3 !!!                   ESMF_LOGKIND_Multi_On_Error  !!!
20231116 035443.385 INFO             PET3 !!!!!!!!!!!!!!!!!!!!!!!!!!!!!!!!!!!!!!!!!!!!!!!!!!!!!!
20231116 035443.385 INFO             PET3 Running with ESMF Version   : v8.7.0b01-5-gf664797301
20231116 035443.385 INFO             PET3 ESMF library build date/time: "Nov 16 2023" "03:29:05"
20231116 035443.385 INFO             PET3 ESMF library build location : /home/gerhard/ESMF-Nightly-Testing/gfortran_7.4.0_mpich_g_develop/esmf
20231116 035443.385 INFO             PET3 ESMF_COMM                   : mpich
20231116 035443.385 INFO             PET3 ESMF_MOAB                   : enabled
20231116 035443.385 INFO             PET3 ESMF_LAPACK                 : enabled
20231116 035443.385 INFO             PET3 ESMF_NETCDF                 : enabled
20231116 035443.385 INFO             PET3 ESMF_PNETCDF                : disabled
20231116 035443.386 INFO             PET3 ESMF_PIO                    : enabled
20231116 035443.386 INFO             PET3 ESMF_YAMLCPP                : enabled
20231116 035443.462 DEBUG            PET3 about to destroy Grid: 0x2131e80
20231116 035443.471 DEBUG            PET3 about to destroy Grid: 0x2133a70
20231116 035443.497 INFO             PET3  NUMBER_OF_PROCESSORS           4
20231116 035443.497 INFO             PET3  PASS  Example ESMF_NUOPCAtmModelEx, ESMF_NUOPCAtmModelEx.F90, line 806
20231116 035443.497 INFO             PET3  Finalizing ESMF
