2023-10-05 04:46:49
Operating system error: Operating system error: Operating system error: Cannot allocate memory
Memory allocation failed in xmallocarray

Error termination. Backtrace:
Cannot allocate memory
Memory allocation failed in xmallocarray

Error termination. Backtrace:
Cannot allocate memory
Memory allocation failed in xmallocarray

Error termination. Backtrace:
#0  0x7f8102758bf1 in __esmf_pointlistmod_MOD_esmf_pointlistadd
	at /home/gerhard/ESMF-Nightly-Testing/gfortran_7.4.0_mpich_g_develop/esmf/src/Infrastructure/PointList/interface/ESMF_PointList.F90:1018
#1  0x7f810275b7b5 in __esmf_pointlistmod_MOD_esmf_pointlistcreatefrmlocstream
	at /home/gerhard/ESMF-Nightly-Testing/gfortran_7.4.0_mpich_g_develop/esmf/src/Infrastructure/PointList/interface/ESMF_PointList.F90:671
#0  0x7fe88226dbf1 in __esmf_pointlistmod_MOD_esmf_pointlistadd
	at /home/gerhard/ESMF-Nightly-Testing/gfortran_7.4.0_mpich_g_develop/esmf/src/Infrastructure/PointList/interface/ESMF_PointList.F90:1018
#1  0x7fe8822707b5 in __esmf_pointlistmod_MOD_esmf_pointlistcreatefrmlocstream
	at /home/gerhard/ESMF-Nightly-Testing/gfortran_7.4.0_mpich_g_develop/esmf/src/Infrastructure/PointList/interface/ESMF_PointList.F90:671
#0  0x7f645b5a0bf1 in __esmf_pointlistmod_MOD_esmf_pointlistadd
	at /home/gerhard/ESMF-Nightly-Testing/gfortran_7.4.0_mpich_g_develop/esmf/src/Infrastructure/PointList/interface/ESMF_PointList.F90:1018
#1  0x7f645b5a37b5 in __esmf_pointlistmod_MOD_esmf_pointlistcreatefrmlocstream
	at /home/gerhard/ESMF-Nightly-Testing/gfortran_7.4.0_mpich_g_develop/esmf/src/Infrastructure/PointList/interface/ESMF_PointList.F90:671
#2  0x7f810226d1fd in getpointlistonfieldloc
	at /home/gerhard/ESMF-Nightly-Testing/gfortran_7.4.0_mpich_g_develop/esmf/src/Infrastructure/Field/src/ESMF_FieldRegrid.F90:1676
#3  0x7f810226f845 in __esmf_fieldregridmod_MOD_esmf_fieldregridstorenx
	at /home/gerhard/ESMF-Nightly-Testing/gfortran_7.4.0_mpich_g_develop/esmf/src/Infrastructure/Field/src/ESMF_FieldRegrid.F90:1003
#2  0x7fe881d821fd in getpointlistonfieldloc
	at /home/gerhard/ESMF-Nightly-Testing/gfortran_7.4.0_mpich_g_develop/esmf/src/Infrastructure/Field/src/ESMF_FieldRegrid.F90:1676
#3  0x7fe881d84845 in __esmf_fieldregridmod_MOD_esmf_fieldregridstorenx
	at /home/gerhard/ESMF-Nightly-Testing/gfortran_7.4.0_mpich_g_develop/esmf/src/Infrastructure/Field/src/ESMF_FieldRegrid.F90:1003
#4  0x409003 in esmf_locstreamex
	at /home/gerhard/ESMF-Nightly-Testing/gfortran_7.4.0_mpich_g_develop/esmf/src/Infrastructure/LocStream/examples/ESMF_LocStreamEx.F90:702
#5  0x409a85 in main
	at /home/gerhard/ESMF-Nightly-Testing/gfortran_7.4.0_mpich_g_develop/esmf/src/Infrastructure/LocStream/examples/ESMF_LocStreamEx.F90:26
#4  0x409003 in esmf_locstreamex
	at /home/gerhard/ESMF-Nightly-Testing/gfortran_7.4.0_mpich_g_develop/esmf/src/Infrastructure/LocStream/examples/ESMF_LocStreamEx.F90:702
#5  0x409a85 in main
	at /home/gerhard/ESMF-Nightly-Testing/gfortran_7.4.0_mpich_g_develop/esmf/src/Infrastructure/LocStream/examples/ESMF_LocStreamEx.F90:26
#2  0x7f645b0b51fd in getpointlistonfieldloc
	at /home/gerhard/ESMF-Nightly-Testing/gfortran_7.4.0_mpich_g_develop/esmf/src/Infrastructure/Field/src/ESMF_FieldRegrid.F90:1676
#3  0x7f645b0b7845 in __esmf_fieldregridmod_MOD_esmf_fieldregridstorenx
	at /home/gerhard/ESMF-Nightly-Testing/gfortran_7.4.0_mpich_g_develop/esmf/src/Infrastructure/Field/src/ESMF_FieldRegrid.F90:1003
#4  0x409003 in esmf_locstreamex
	at /home/gerhard/ESMF-Nightly-Testing/gfortran_7.4.0_mpich_g_develop/esmf/src/Infrastructure/LocStream/examples/ESMF_LocStreamEx.F90:702
#5  0x409a85 in main
	at /home/gerhard/ESMF-Nightly-Testing/gfortran_7.4.0_mpich_g_develop/esmf/src/Infrastructure/LocStream/examples/ESMF_LocStreamEx.F90:26
