2023-11-17 07:37:37
20231117 080717.970 INFO             PET0 !!!!!!!!!!!!!!!!!!!!!!!!!!!!!!!!!!!!!!!!!!!!!!!!!!!!!!
20231117 080717.971 INFO             PET0 !!! THE ESMF_LOG IS SET TO OUTPUT ALL LOG MESSAGES !!!
20231117 080717.971 INFO             PET0 !!!     THIS MAY CAUSE SLOWDOWN IN PERFORMANCE     !!!
20231117 080717.971 INFO             PET0 !!! FOR PRODUCTION RUNS, USE:                      !!!
20231117 080717.971 INFO             PET0 !!!                   ESMF_LOGKIND_Multi_On_Error  !!!
20231117 080717.971 INFO             PET0 !!!!!!!!!!!!!!!!!!!!!!!!!!!!!!!!!!!!!!!!!!!!!!!!!!!!!!
20231117 080717.971 INFO             PET0 Running with ESMF Version   : v8.7.0b01-5-gf664797301
20231117 080717.971 INFO             PET0 ESMF library build date/time: "Nov 17 2023" "07:35:45"
20231117 080717.971 INFO             PET0 ESMF library build location : /scratch2/NCEPDEV/stmp1/Gerhard.Theurich/ESMF-Nightly-Testing/gfortran_9.2.0_openmpi_g_develop/esmf
20231117 080717.971 INFO             PET0 ESMF_COMM                   : openmpi
20231117 080717.971 INFO             PET0 ESMF_MOAB                   : enabled
20231117 080717.971 INFO             PET0 ESMF_LAPACK                 : enabled
20231117 080717.971 INFO             PET0 ESMF_NETCDF                 : disabled
20231117 080717.971 INFO             PET0 ESMF_PNETCDF                : disabled
20231117 080717.971 INFO             PET0 ESMF_PIO                    : disabled
20231117 080717.971 INFO             PET0 ESMF_YAMLCPP                : enabled
20231117 080718.076 DEBUG            PET0 about to destroy Grid: 0x235fcb0
20231117 080718.087 DEBUG            PET0 about to destroy Grid: 0x2360be0
20231117 080718.151 INFO             PET0  NUMBER_OF_PROCESSORS           4
20231117 080718.151 INFO             PET0  PASS  Example ESMF_NUOPCAtmModelEx, ESMF_NUOPCAtmModelEx.F90, line 806
20231117 080718.151 INFO             PET0  Finalizing ESMF
20231117 080717.970 INFO             PET1 !!!!!!!!!!!!!!!!!!!!!!!!!!!!!!!!!!!!!!!!!!!!!!!!!!!!!!
20231117 080717.970 INFO             PET1 !!! THE ESMF_LOG IS SET TO OUTPUT ALL LOG MESSAGES !!!
20231117 080717.970 INFO             PET1 !!!     THIS MAY CAUSE SLOWDOWN IN PERFORMANCE     !!!
20231117 080717.970 INFO             PET1 !!! FOR PRODUCTION RUNS, USE:                      !!!
20231117 080717.970 INFO             PET1 !!!                   ESMF_LOGKIND_Multi_On_Error  !!!
20231117 080717.970 INFO             PET1 !!!!!!!!!!!!!!!!!!!!!!!!!!!!!!!!!!!!!!!!!!!!!!!!!!!!!!
20231117 080717.970 INFO             PET1 Running with ESMF Version   : v8.7.0b01-5-gf664797301
20231117 080717.970 INFO             PET1 ESMF library build date/time: "Nov 17 2023" "07:35:45"
20231117 080717.970 INFO             PET1 ESMF library build location : /scratch2/NCEPDEV/stmp1/Gerhard.Theurich/ESMF-Nightly-Testing/gfortran_9.2.0_openmpi_g_develop/esmf
20231117 080717.970 INFO             PET1 ESMF_COMM                   : openmpi
20231117 080717.971 INFO             PET1 ESMF_MOAB                   : enabled
20231117 080717.971 INFO             PET1 ESMF_LAPACK                 : enabled
20231117 080717.971 INFO             PET1 ESMF_NETCDF                 : disabled
20231117 080717.971 INFO             PET1 ESMF_PNETCDF                : disabled
20231117 080717.971 INFO             PET1 ESMF_PIO                    : disabled
20231117 080717.971 INFO             PET1 ESMF_YAMLCPP                : enabled
20231117 080718.076 DEBUG            PET1 about to destroy Grid: 0x1228520
20231117 080718.087 DEBUG            PET1 about to destroy Grid: 0x1229570
20231117 080718.152 INFO             PET1  NUMBER_OF_PROCESSORS           4
20231117 080718.152 INFO             PET1  PASS  Example ESMF_NUOPCAtmModelEx, ESMF_NUOPCAtmModelEx.F90, line 806
20231117 080718.152 INFO             PET1  Finalizing ESMF
20231117 080717.971 INFO             PET2 !!!!!!!!!!!!!!!!!!!!!!!!!!!!!!!!!!!!!!!!!!!!!!!!!!!!!!
20231117 080717.971 INFO             PET2 !!! THE ESMF_LOG IS SET TO OUTPUT ALL LOG MESSAGES !!!
20231117 080717.971 INFO             PET2 !!!     THIS MAY CAUSE SLOWDOWN IN PERFORMANCE     !!!
20231117 080717.971 INFO             PET2 !!! FOR PRODUCTION RUNS, USE:                      !!!
20231117 080717.971 INFO             PET2 !!!                   ESMF_LOGKIND_Multi_On_Error  !!!
20231117 080717.971 INFO             PET2 !!!!!!!!!!!!!!!!!!!!!!!!!!!!!!!!!!!!!!!!!!!!!!!!!!!!!!
20231117 080717.971 INFO             PET2 Running with ESMF Version   : v8.7.0b01-5-gf664797301
20231117 080717.971 INFO             PET2 ESMF library build date/time: "Nov 17 2023" "07:35:45"
20231117 080717.971 INFO             PET2 ESMF library build location : /scratch2/NCEPDEV/stmp1/Gerhard.Theurich/ESMF-Nightly-Testing/gfortran_9.2.0_openmpi_g_develop/esmf
20231117 080717.971 INFO             PET2 ESMF_COMM                   : openmpi
20231117 080717.972 INFO             PET2 ESMF_MOAB                   : enabled
20231117 080717.972 INFO             PET2 ESMF_LAPACK                 : enabled
20231117 080717.972 INFO             PET2 ESMF_NETCDF                 : disabled
20231117 080717.972 INFO             PET2 ESMF_PNETCDF                : disabled
20231117 080717.972 INFO             PET2 ESMF_PIO                    : disabled
20231117 080717.972 INFO             PET2 ESMF_YAMLCPP                : enabled
20231117 080718.076 DEBUG            PET2 about to destroy Grid: 0x1ae7b10
20231117 080718.087 DEBUG            PET2 about to destroy Grid: 0x1ae8df0
20231117 080718.151 INFO             PET2  NUMBER_OF_PROCESSORS           4
20231117 080718.151 INFO             PET2  PASS  Example ESMF_NUOPCAtmModelEx, ESMF_NUOPCAtmModelEx.F90, line 806
20231117 080718.151 INFO             PET2  Finalizing ESMF
20231117 080717.969 INFO             PET3 !!!!!!!!!!!!!!!!!!!!!!!!!!!!!!!!!!!!!!!!!!!!!!!!!!!!!!
20231117 080717.970 INFO             PET3 !!! THE ESMF_LOG IS SET TO OUTPUT ALL LOG MESSAGES !!!
20231117 080717.970 INFO             PET3 !!!     THIS MAY CAUSE SLOWDOWN IN PERFORMANCE     !!!
20231117 080717.970 INFO             PET3 !!! FOR PRODUCTION RUNS, USE:                      !!!
20231117 080717.970 INFO             PET3 !!!                   ESMF_LOGKIND_Multi_On_Error  !!!
20231117 080717.970 INFO             PET3 !!!!!!!!!!!!!!!!!!!!!!!!!!!!!!!!!!!!!!!!!!!!!!!!!!!!!!
20231117 080717.970 INFO             PET3 Running with ESMF Version   : v8.7.0b01-5-gf664797301
20231117 080717.970 INFO             PET3 ESMF library build date/time: "Nov 17 2023" "07:35:45"
20231117 080717.970 INFO             PET3 ESMF library build location : /scratch2/NCEPDEV/stmp1/Gerhard.Theurich/ESMF-Nightly-Testing/gfortran_9.2.0_openmpi_g_develop/esmf
20231117 080717.970 INFO             PET3 ESMF_COMM                   : openmpi
20231117 080717.970 INFO             PET3 ESMF_MOAB                   : enabled
20231117 080717.970 INFO             PET3 ESMF_LAPACK                 : enabled
20231117 080717.970 INFO             PET3 ESMF_NETCDF                 : disabled
20231117 080717.970 INFO             PET3 ESMF_PNETCDF                : disabled
20231117 080717.970 INFO             PET3 ESMF_PIO                    : disabled
20231117 080717.970 INFO             PET3 ESMF_YAMLCPP                : enabled
20231117 080718.076 DEBUG            PET3 about to destroy Grid: 0x1f70510
20231117 080718.087 DEBUG            PET3 about to destroy Grid: 0x1f71760
20231117 080718.151 INFO             PET3  NUMBER_OF_PROCESSORS           4
20231117 080718.151 INFO             PET3  PASS  Example ESMF_NUOPCAtmModelEx, ESMF_NUOPCAtmModelEx.F90, line 806
20231117 080718.151 INFO             PET3  Finalizing ESMF
