2023-11-20 07:32:41
[1700467174.394438] [h5c22:74421:0]         mxm.c:196  MXM  WARN  The 'ulimit -s' on the system is set to 'unlimited'. This may have negative performance implications. Please set the stack size to the default value (10240) 
[1700467174.400594] [h5c22:74421:0]         mxm.c:196  MXM  WARN  The 'ulimit -s' on the system is set to 'unlimited'. This may have negative performance implications. Please set the stack size to the default value (10240) 
[1700467174.379623] [h5c22:74422:0]         mxm.c:196  MXM  WARN  The 'ulimit -s' on the system is set to 'unlimited'. This may have negative performance implications. Please set the stack size to the default value (10240) 
[1700467174.384582] [h5c22:74422:0]         mxm.c:196  MXM  WARN  The 'ulimit -s' on the system is set to 'unlimited'. This may have negative performance implications. Please set the stack size to the default value (10240) 
[1700467174.385373] [h5c22:74420:0]         mxm.c:196  MXM  WARN  The 'ulimit -s' on the system is set to 'unlimited'. This may have negative performance implications. Please set the stack size to the default value (10240) 
[1700467174.390176] [h5c22:74420:0]         mxm.c:196  MXM  WARN  The 'ulimit -s' on the system is set to 'unlimited'. This may have negative performance implications. Please set the stack size to the default value (10240) 
[1700467174.394397] [h5c22:74423:0]         mxm.c:196  MXM  WARN  The 'ulimit -s' on the system is set to 'unlimited'. This may have negative performance implications. Please set the stack size to the default value (10240) 
[1700467174.400589] [h5c22:74423:0]         mxm.c:196  MXM  WARN  The 'ulimit -s' on the system is set to 'unlimited'. This may have negative performance implications. Please set the stack size to the default value (10240) 
 I am PET           0  and I am offering service for DE            0
 I am PET           0 , service offer for DE            0  was accepted.
 I am PET           2  and I am offering service for DE            2
 I am PET           2 , service offer for DE            2  was accepted.
 I am PET           0  and I am offering service for DE            4
 I am PET           0 , service offer for DE            4  was accepted.
  PASS  Example ESMF_DELayoutEx, ESMF_DELayoutEx.F90, line 394
  PASS  Example ESMF_DELayoutEx, ESMF_DELayoutEx.F90, line 394
 I am PET           3  and I am offering service for DE            3
 I am PET           3 , service offer for DE            3  was accepted.
 I am PET           1  and I am offering service for DE            1
 I am PET           1 , service offer for DE            1  was accepted.
 I am PET           1  and I am offering service for DE            5
 I am PET           1 , service offer for DE            5  was accepted.
  PASS  Example ESMF_DELayoutEx, ESMF_DELayoutEx.F90, line 394
  PASS  Example ESMF_DELayoutEx, ESMF_DELayoutEx.F90, line 394
 PASS: ESMF_DELayoutEx.F90
 PASS: ESMF_DELayoutEx.F90
 PASS: ESMF_DELayoutEx.F90
 PASS: ESMF_DELayoutEx.F90
