2023-10-26 07:36:05
20231026 080418.757 INFO             PET0 !!!!!!!!!!!!!!!!!!!!!!!!!!!!!!!!!!!!!!!!!!!!!!!!!!!!!!
20231026 080418.757 INFO             PET0 !!! THE ESMF_LOG IS SET TO OUTPUT ALL LOG MESSAGES !!!
20231026 080418.757 INFO             PET0 !!!     THIS MAY CAUSE SLOWDOWN IN PERFORMANCE     !!!
20231026 080418.757 INFO             PET0 !!! FOR PRODUCTION RUNS, USE:                      !!!
20231026 080418.757 INFO             PET0 !!!                   ESMF_LOGKIND_Multi_On_Error  !!!
20231026 080418.757 INFO             PET0 !!!!!!!!!!!!!!!!!!!!!!!!!!!!!!!!!!!!!!!!!!!!!!!!!!!!!!
20231026 080418.757 INFO             PET0 Running with ESMF Version   : v8.6.0b11
20231026 080418.757 INFO             PET0 ESMF library build date/time: "Oct 26 2023" "07:34:15"
20231026 080418.757 INFO             PET0 ESMF library build location : /scratch2/NCEPDEV/stmp1/Gerhard.Theurich/ESMF-Nightly-Testing/gfortran_9.2.0_openmpi_g_develop/esmf
20231026 080418.757 INFO             PET0 ESMF_COMM                   : openmpi
20231026 080418.758 INFO             PET0 ESMF_MOAB                   : enabled
20231026 080418.758 INFO             PET0 ESMF_LAPACK                 : enabled
20231026 080418.758 INFO             PET0 ESMF_NETCDF                 : disabled
20231026 080418.758 INFO             PET0 ESMF_PNETCDF                : disabled
20231026 080418.758 INFO             PET0 ESMF_PIO                    : disabled
20231026 080418.758 INFO             PET0 ESMF_YAMLCPP                : enabled
20231026 080418.761 INFO             PET0 AsString: 1
20231026 080418.761 INFO             PET0 asOkay:  T valueI4:          1
20231026 080418.761 INFO             PET0 asOkay:  T valueI8:          1
20231026 080418.761 INFO             PET0 asOkay:  T valueR4:   1.000000
20231026 080418.761 INFO             PET0 asOkay:  T valueR8:   1.000000
20231026 080418.761 INFO             PET0 asOkay:  F valueL:           F
20231026 080418.761 INFO             PET0 AsString: 2
20231026 080418.761 INFO             PET0 asOkay:  T valueI4:          2
20231026 080418.761 INFO             PET0 asOkay:  T valueI8:          2
20231026 080418.761 INFO             PET0 asOkay:  T valueR4:   2.000000
20231026 080418.761 INFO             PET0 asOkay:  T valueR8:   2.000000
20231026 080418.761 INFO             PET0 asOkay:  F valueL:           F
20231026 080418.761 INFO             PET0 AsString: 3
20231026 080418.761 INFO             PET0 asOkay:  T valueI4:          3
20231026 080418.761 INFO             PET0 asOkay:  T valueI8:          3
20231026 080418.761 INFO             PET0 asOkay:  T valueR4:   3.000000
20231026 080418.761 INFO             PET0 asOkay:  T valueR8:   3.000000
20231026 080418.761 INFO             PET0 asOkay:  F valueL:           F
20231026 080418.761 INFO             PET0 AsString: abc
20231026 080418.761 INFO             PET0 asOkay:  F valueI4:          0
20231026 080418.761 INFO             PET0 asOkay:  F valueI8:          0
20231026 080418.761 INFO             PET0 asOkay:  F valueR4:   0.000000
20231026 080418.761 INFO             PET0 asOkay:  F valueR8:   0.000000
20231026 080418.761 INFO             PET0 asOkay:  F valueL:           F
20231026 080418.761 INFO             PET0 AsString: b
20231026 080418.761 INFO             PET0 asOkay:  F valueI4:          0
20231026 080418.761 INFO             PET0 asOkay:  F valueI8:          0
20231026 080418.761 INFO             PET0 asOkay:  F valueR4:   0.000000
20231026 080418.761 INFO             PET0 asOkay:  F valueR8:   0.000000
20231026 080418.761 INFO             PET0 asOkay:  F valueL:           F
20231026 080418.761 INFO             PET0 AsString: TRUE
20231026 080418.761 INFO             PET0 asOkay:  F valueI4:          0
20231026 080418.761 INFO             PET0 asOkay:  F valueI8:          0
20231026 080418.761 INFO             PET0 asOkay:  F valueR4:   0.000000
20231026 080418.761 INFO             PET0 asOkay:  F valueR8:   0.000000
20231026 080418.761 INFO             PET0 asOkay:  T valueL:           T
20231026 080418.761 INFO             PET0 AsString: TRUE
20231026 080418.762 INFO             PET0 asOkay:  F valueI4:          0
20231026 080418.762 INFO             PET0 asOkay:  F valueI8:          0
20231026 080418.762 INFO             PET0 asOkay:  F valueR4:   0.000000
20231026 080418.762 INFO             PET0 asOkay:  F valueR8:   0.000000
20231026 080418.762 INFO             PET0 asOkay:  T valueL:           T
20231026 080418.762 INFO             PET0 AsString: b
20231026 080418.762 INFO             PET0 asOkay:  F valueI4:          0
20231026 080418.762 INFO             PET0 asOkay:  F valueI8:          0
20231026 080418.762 INFO             PET0 asOkay:  F valueR4:   0.000000
20231026 080418.762 INFO             PET0 asOkay:  F valueR8:   0.000000
20231026 080418.762 INFO             PET0 asOkay:  F valueL:           F
20231026 080418.762 INFO             PET0 AsString: abc
20231026 080418.762 INFO             PET0 asOkay:  F valueI4:          0
20231026 080418.762 INFO             PET0 asOkay:  F valueI8:          0
20231026 080418.762 INFO             PET0 asOkay:  F valueR4:   0.000000
20231026 080418.762 INFO             PET0 asOkay:  F valueR8:   0.000000
20231026 080418.762 INFO             PET0 asOkay:  F valueL:           F
20231026 080418.762 INFO             PET0 AsString: 3
20231026 080418.762 INFO             PET0 asOkay:  T valueI4:          3
20231026 080418.762 INFO             PET0 asOkay:  T valueI8:          3
20231026 080418.762 INFO             PET0 asOkay:  T valueR4:   3.000000
20231026 080418.762 INFO             PET0 asOkay:  T valueR8:   3.000000
20231026 080418.762 INFO             PET0 asOkay:  F valueL:           F
20231026 080418.762 INFO             PET0 AsString: 2
20231026 080418.762 INFO             PET0 asOkay:  T valueI4:          2
20231026 080418.762 INFO             PET0 asOkay:  T valueI8:          2
20231026 080418.762 INFO             PET0 asOkay:  T valueR4:   2.000000
20231026 080418.762 INFO             PET0 asOkay:  T valueR8:   2.000000
20231026 080418.762 INFO             PET0 asOkay:  F valueL:           F
20231026 080418.762 INFO             PET0 AsString: 1
20231026 080418.762 INFO             PET0 asOkay:  T valueI4:          1
20231026 080418.762 INFO             PET0 asOkay:  T valueI8:          1
20231026 080418.762 INFO             PET0 asOkay:  T valueR4:   1.000000
20231026 080418.762 INFO             PET0 asOkay:  T valueR8:   1.000000
20231026 080418.762 INFO             PET0 asOkay:  F valueL:           F
20231026 080418.762 INFO             PET0 map key=car map value: AsString: red
20231026 080418.762 INFO             PET0 map key=       car map value: asOkay:  F valueI4:          0
20231026 080418.762 INFO             PET0 map key=       car map value: asOkay:  F valueI8:          0
20231026 080418.762 INFO             PET0 map key=       car map value: asOkay:  F valueR4:   0.000000
20231026 080418.762 INFO             PET0 map key=       car map value: asOkay:  F valueR8:   0.000000
20231026 080418.762 INFO             PET0 map key=       car map value: asOkay:  F valueL:          F
20231026 080418.762 INFO             PET0 map key=bike map value: AsString: 22
20231026 080418.762 INFO             PET0 map key=      bike map value: asOkay:  T valueI4:         22
20231026 080418.762 INFO             PET0 map key=      bike map value: asOkay:  T valueI8:         22
20231026 080418.762 INFO             PET0 map key=      bike map value: asOkay:  T valueR4:  22.000000
20231026 080418.762 INFO             PET0 map key=      bike map value: asOkay:  T valueR8:  22.000000
20231026 080418.762 INFO             PET0 map key=      bike map value: asOkay:  F valueL:          F
20231026 080418.762 INFO             PET0 map key=plane map value: AsString: TRUE
20231026 080418.762 INFO             PET0 map key=     plane map value: asOkay:  F valueI4:          0
20231026 080418.762 INFO             PET0 map key=     plane map value: asOkay:  F valueI8:          0
20231026 080418.762 INFO             PET0 map key=     plane map value: asOkay:  F valueR4:   0.000000
20231026 080418.762 INFO             PET0 map key=     plane map value: asOkay:  F valueR8:   0.000000
20231026 080418.762 INFO             PET0 map key=     plane map value: asOkay:  T valueL:          T
20231026 080418.763 INFO             PET0 map key=bike map value: AsString: 22
20231026 080418.763 INFO             PET0 map key=      bike map value: asOkay:  T valueI4:         22
20231026 080418.763 INFO             PET0 map key=      bike map value: asOkay:  T valueI8:         22
20231026 080418.763 INFO             PET0 map key=      bike map value: asOkay:  T valueR4:  22.000000
20231026 080418.763 INFO             PET0 map key=      bike map value: asOkay:  T valueR8:  22.000000
20231026 080418.763 INFO             PET0 map key=      bike map value: asOkay:  F valueL:          F
20231026 080418.763 INFO             PET0 map key=plane map value: AsString: TRUE
20231026 080418.763 INFO             PET0 map key=     plane map value: asOkay:  F valueI4:          0
20231026 080418.763 INFO             PET0 map key=     plane map value: asOkay:  F valueI8:          0
20231026 080418.763 INFO             PET0 map key=     plane map value: asOkay:  F valueR4:   0.000000
20231026 080418.764 INFO             PET0 map key=     plane map value: asOkay:  F valueR8:   0.000000
20231026 080418.764 INFO             PET0 map key=     plane map value: asOkay:  T valueL:          T
20231026 080418.764 INFO             PET0 map key=car map value: AsString: red
20231026 080418.764 INFO             PET0 map key=       car map value: asOkay:  F valueI4:          0
20231026 080418.764 INFO             PET0 map key=       car map value: asOkay:  F valueI8:          0
20231026 080418.764 INFO             PET0 map key=       car map value: asOkay:  F valueR4:   0.000000
20231026 080418.764 INFO             PET0 map key=       car map value: asOkay:  F valueR8:   0.000000
20231026 080418.764 INFO             PET0 map key=       car map value: asOkay:  F valueL:          F
20231026 080418.766 INFO             PET0 HConfig from Config IsDefined:  T
20231026 080418.766 INFO             PET0 HConfig from Config IsNull:  F
20231026 080418.766 INFO             PET0 HConfig from Config IsSequence:  F
20231026 080418.766 INFO             PET0 HConfig from Config IsMap:  T
20231026 080418.771 INFO             PET0 Empty HConfig tag:               tag:yaml.org,2002:null
20231026 080418.791 INFO             PET0 value_ten HConfig tag:          tag:yaml.org,2002:null
20231026 080418.791 INFO             PET0 value_eleven HConfig tag:          tag:yaml.org,2002:null
20231026 080418.791 INFO             PET0 Top level HConfig tag:          tag:yaml.org,2002:map
20231026 080418.791 INFO             PET0 value_two HConfig tag:           tag:yaml.org,2002:seq
20231026 080418.791 INFO             PET0 first key HConfig tag:           tag:yaml.org,2002:str
20231026 080418.792 INFO             PET0 value_three HConfig tag:           tag:yaml.org,2002:int
20231026 080418.792 INFO             PET0 value_nine HConfig tag:           tag:yaml.org,2002:int
20231026 080418.792 INFO             PET0 value_five HConfig tag:           tag:yaml.org,2002:float
20231026 080418.792 INFO             PET0 value_seven HConfig tag:            tag:yaml.org,2002:bool
20231026 080418.792 INFO             PET0 value_four HConfig tag:           tag:yaml.org,2002:float
20231026 080418.792 INFO             PET0 value_six HConfig tag:             tag:yaml.org,2002:str
20231026 080418.792 INFO             PET0 value_eight HConfig tag:             tag:yaml.org,2002:str
20231026 080418.792 INFO             PET0 value_twelve HConfig tag:                          !myStuff
20231026 080418.807 INFO             PET0 docCount:        3
20231026 080418.810 INFO             PET0 valueI4Seq:        1       2       3
20231026 080418.810 INFO             PET0 asOkay for Logical:  F
20231026 080418.810 INFO             PET0 asOkay for String:  T
20231026 080418.810 INFO             PET0 valueSSeq: 1         2         3
20231026 080418.814 INFO             PET0  NUMBER_OF_PROCESSORS           4
20231026 080418.814 INFO             PET0  PASS  Example ESMF_HConfigEx, ESMF_HConfigEx.F90, line 1803
20231026 080418.814 INFO             PET0  Finalizing ESMF
20231026 080418.757 INFO             PET1 !!!!!!!!!!!!!!!!!!!!!!!!!!!!!!!!!!!!!!!!!!!!!!!!!!!!!!
20231026 080418.757 INFO             PET1 !!! THE ESMF_LOG IS SET TO OUTPUT ALL LOG MESSAGES !!!
20231026 080418.757 INFO             PET1 !!!     THIS MAY CAUSE SLOWDOWN IN PERFORMANCE     !!!
20231026 080418.757 INFO             PET1 !!! FOR PRODUCTION RUNS, USE:                      !!!
20231026 080418.757 INFO             PET1 !!!                   ESMF_LOGKIND_Multi_On_Error  !!!
20231026 080418.757 INFO             PET1 !!!!!!!!!!!!!!!!!!!!!!!!!!!!!!!!!!!!!!!!!!!!!!!!!!!!!!
20231026 080418.757 INFO             PET1 Running with ESMF Version   : v8.6.0b11
20231026 080418.757 INFO             PET1 ESMF library build date/time: "Oct 26 2023" "07:34:15"
20231026 080418.757 INFO             PET1 ESMF library build location : /scratch2/NCEPDEV/stmp1/Gerhard.Theurich/ESMF-Nightly-Testing/gfortran_9.2.0_openmpi_g_develop/esmf
20231026 080418.757 INFO             PET1 ESMF_COMM                   : openmpi
20231026 080418.757 INFO             PET1 ESMF_MOAB                   : enabled
20231026 080418.757 INFO             PET1 ESMF_LAPACK                 : enabled
20231026 080418.757 INFO             PET1 ESMF_NETCDF                 : disabled
20231026 080418.757 INFO             PET1 ESMF_PNETCDF                : disabled
20231026 080418.757 INFO             PET1 ESMF_PIO                    : disabled
20231026 080418.757 INFO             PET1 ESMF_YAMLCPP                : enabled
20231026 080418.761 INFO             PET1 AsString: 1
20231026 080418.761 INFO             PET1 asOkay:  T valueI4:          1
20231026 080418.761 INFO             PET1 asOkay:  T valueI8:          1
20231026 080418.761 INFO             PET1 asOkay:  T valueR4:   1.000000
20231026 080418.761 INFO             PET1 asOkay:  T valueR8:   1.000000
20231026 080418.761 INFO             PET1 asOkay:  F valueL:           F
20231026 080418.761 INFO             PET1 AsString: 2
20231026 080418.761 INFO             PET1 asOkay:  T valueI4:          2
20231026 080418.761 INFO             PET1 asOkay:  T valueI8:          2
20231026 080418.761 INFO             PET1 asOkay:  T valueR4:   2.000000
20231026 080418.761 INFO             PET1 asOkay:  T valueR8:   2.000000
20231026 080418.761 INFO             PET1 asOkay:  F valueL:           F
20231026 080418.761 INFO             PET1 AsString: 3
20231026 080418.761 INFO             PET1 asOkay:  T valueI4:          3
20231026 080418.761 INFO             PET1 asOkay:  T valueI8:          3
20231026 080418.761 INFO             PET1 asOkay:  T valueR4:   3.000000
20231026 080418.761 INFO             PET1 asOkay:  T valueR8:   3.000000
20231026 080418.761 INFO             PET1 asOkay:  F valueL:           F
20231026 080418.761 INFO             PET1 AsString: abc
20231026 080418.761 INFO             PET1 asOkay:  F valueI4:          0
20231026 080418.761 INFO             PET1 asOkay:  F valueI8:          0
20231026 080418.761 INFO             PET1 asOkay:  F valueR4:   0.000000
20231026 080418.761 INFO             PET1 asOkay:  F valueR8:   0.000000
20231026 080418.761 INFO             PET1 asOkay:  F valueL:           F
20231026 080418.762 INFO             PET1 AsString: b
20231026 080418.762 INFO             PET1 asOkay:  F valueI4:          0
20231026 080418.762 INFO             PET1 asOkay:  F valueI8:          0
20231026 080418.762 INFO             PET1 asOkay:  F valueR4:   0.000000
20231026 080418.762 INFO             PET1 asOkay:  F valueR8:   0.000000
20231026 080418.762 INFO             PET1 asOkay:  F valueL:           F
20231026 080418.762 INFO             PET1 AsString: TRUE
20231026 080418.762 INFO             PET1 asOkay:  F valueI4:          0
20231026 080418.762 INFO             PET1 asOkay:  F valueI8:          0
20231026 080418.762 INFO             PET1 asOkay:  F valueR4:   0.000000
20231026 080418.762 INFO             PET1 asOkay:  F valueR8:   0.000000
20231026 080418.762 INFO             PET1 asOkay:  T valueL:           T
20231026 080418.762 INFO             PET1 AsString: TRUE
20231026 080418.762 INFO             PET1 asOkay:  F valueI4:          0
20231026 080418.762 INFO             PET1 asOkay:  F valueI8:          0
20231026 080418.762 INFO             PET1 asOkay:  F valueR4:   0.000000
20231026 080418.762 INFO             PET1 asOkay:  F valueR8:   0.000000
20231026 080418.762 INFO             PET1 asOkay:  T valueL:           T
20231026 080418.762 INFO             PET1 AsString: b
20231026 080418.762 INFO             PET1 asOkay:  F valueI4:          0
20231026 080418.762 INFO             PET1 asOkay:  F valueI8:          0
20231026 080418.762 INFO             PET1 asOkay:  F valueR4:   0.000000
20231026 080418.762 INFO             PET1 asOkay:  F valueR8:   0.000000
20231026 080418.762 INFO             PET1 asOkay:  F valueL:           F
20231026 080418.762 INFO             PET1 AsString: abc
20231026 080418.762 INFO             PET1 asOkay:  F valueI4:          0
20231026 080418.762 INFO             PET1 asOkay:  F valueI8:          0
20231026 080418.762 INFO             PET1 asOkay:  F valueR4:   0.000000
20231026 080418.762 INFO             PET1 asOkay:  F valueR8:   0.000000
20231026 080418.762 INFO             PET1 asOkay:  F valueL:           F
20231026 080418.762 INFO             PET1 AsString: 3
20231026 080418.762 INFO             PET1 asOkay:  T valueI4:          3
20231026 080418.762 INFO             PET1 asOkay:  T valueI8:          3
20231026 080418.762 INFO             PET1 asOkay:  T valueR4:   3.000000
20231026 080418.762 INFO             PET1 asOkay:  T valueR8:   3.000000
20231026 080418.762 INFO             PET1 asOkay:  F valueL:           F
20231026 080418.762 INFO             PET1 AsString: 2
20231026 080418.762 INFO             PET1 asOkay:  T valueI4:          2
20231026 080418.762 INFO             PET1 asOkay:  T valueI8:          2
20231026 080418.762 INFO             PET1 asOkay:  T valueR4:   2.000000
20231026 080418.762 INFO             PET1 asOkay:  T valueR8:   2.000000
20231026 080418.762 INFO             PET1 asOkay:  F valueL:           F
20231026 080418.762 INFO             PET1 AsString: 1
20231026 080418.762 INFO             PET1 asOkay:  T valueI4:          1
20231026 080418.762 INFO             PET1 asOkay:  T valueI8:          1
20231026 080418.762 INFO             PET1 asOkay:  T valueR4:   1.000000
20231026 080418.762 INFO             PET1 asOkay:  T valueR8:   1.000000
20231026 080418.762 INFO             PET1 asOkay:  F valueL:           F
20231026 080418.763 INFO             PET1 map key=car map value: AsString: red
20231026 080418.763 INFO             PET1 map key=       car map value: asOkay:  F valueI4:          0
20231026 080418.763 INFO             PET1 map key=       car map value: asOkay:  F valueI8:          0
20231026 080418.763 INFO             PET1 map key=       car map value: asOkay:  F valueR4:   0.000000
20231026 080418.763 INFO             PET1 map key=       car map value: asOkay:  F valueR8:   0.000000
20231026 080418.763 INFO             PET1 map key=       car map value: asOkay:  F valueL:          F
20231026 080418.763 INFO             PET1 map key=bike map value: AsString: 22
20231026 080418.763 INFO             PET1 map key=      bike map value: asOkay:  T valueI4:         22
20231026 080418.763 INFO             PET1 map key=      bike map value: asOkay:  T valueI8:         22
20231026 080418.763 INFO             PET1 map key=      bike map value: asOkay:  T valueR4:  22.000000
20231026 080418.763 INFO             PET1 map key=      bike map value: asOkay:  T valueR8:  22.000000
20231026 080418.763 INFO             PET1 map key=      bike map value: asOkay:  F valueL:          F
20231026 080418.763 INFO             PET1 map key=plane map value: AsString: TRUE
20231026 080418.763 INFO             PET1 map key=     plane map value: asOkay:  F valueI4:          0
20231026 080418.763 INFO             PET1 map key=     plane map value: asOkay:  F valueI8:          0
20231026 080418.763 INFO             PET1 map key=     plane map value: asOkay:  F valueR4:   0.000000
20231026 080418.763 INFO             PET1 map key=     plane map value: asOkay:  F valueR8:   0.000000
20231026 080418.763 INFO             PET1 map key=     plane map value: asOkay:  T valueL:          T
20231026 080418.763 INFO             PET1 map key=bike map value: AsString: 22
20231026 080418.763 INFO             PET1 map key=      bike map value: asOkay:  T valueI4:         22
20231026 080418.763 INFO             PET1 map key=      bike map value: asOkay:  T valueI8:         22
20231026 080418.763 INFO             PET1 map key=      bike map value: asOkay:  T valueR4:  22.000000
20231026 080418.763 INFO             PET1 map key=      bike map value: asOkay:  T valueR8:  22.000000
20231026 080418.764 INFO             PET1 map key=      bike map value: asOkay:  F valueL:          F
20231026 080418.764 INFO             PET1 map key=plane map value: AsString: TRUE
20231026 080418.764 INFO             PET1 map key=     plane map value: asOkay:  F valueI4:          0
20231026 080418.764 INFO             PET1 map key=     plane map value: asOkay:  F valueI8:          0
20231026 080418.764 INFO             PET1 map key=     plane map value: asOkay:  F valueR4:   0.000000
20231026 080418.764 INFO             PET1 map key=     plane map value: asOkay:  F valueR8:   0.000000
20231026 080418.764 INFO             PET1 map key=     plane map value: asOkay:  T valueL:          T
20231026 080418.764 INFO             PET1 map key=car map value: AsString: red
20231026 080418.764 INFO             PET1 map key=       car map value: asOkay:  F valueI4:          0
20231026 080418.764 INFO             PET1 map key=       car map value: asOkay:  F valueI8:          0
20231026 080418.764 INFO             PET1 map key=       car map value: asOkay:  F valueR4:   0.000000
20231026 080418.765 INFO             PET1 map key=       car map value: asOkay:  F valueR8:   0.000000
20231026 080418.765 INFO             PET1 map key=       car map value: asOkay:  F valueL:          F
20231026 080418.766 INFO             PET1 HConfig from Config IsDefined:  T
20231026 080418.766 INFO             PET1 HConfig from Config IsNull:  F
20231026 080418.766 INFO             PET1 HConfig from Config IsSequence:  F
20231026 080418.766 INFO             PET1 HConfig from Config IsMap:  T
20231026 080418.769 INFO             PET1 Empty HConfig tag:               tag:yaml.org,2002:null
20231026 080418.792 INFO             PET1 value_ten HConfig tag:          tag:yaml.org,2002:null
20231026 080418.792 INFO             PET1 value_eleven HConfig tag:          tag:yaml.org,2002:null
20231026 080418.792 INFO             PET1 Top level HConfig tag:          tag:yaml.org,2002:map
20231026 080418.792 INFO             PET1 value_two HConfig tag:           tag:yaml.org,2002:seq
20231026 080418.792 INFO             PET1 first key HConfig tag:           tag:yaml.org,2002:str
20231026 080418.792 INFO             PET1 value_three HConfig tag:           tag:yaml.org,2002:int
20231026 080418.792 INFO             PET1 value_nine HConfig tag:           tag:yaml.org,2002:int
20231026 080418.792 INFO             PET1 value_five HConfig tag:           tag:yaml.org,2002:float
20231026 080418.792 INFO             PET1 value_seven HConfig tag:            tag:yaml.org,2002:bool
20231026 080418.792 INFO             PET1 value_four HConfig tag:           tag:yaml.org,2002:float
20231026 080418.792 INFO             PET1 value_six HConfig tag:             tag:yaml.org,2002:str
20231026 080418.793 INFO             PET1 value_eight HConfig tag:             tag:yaml.org,2002:str
20231026 080418.793 INFO             PET1 value_twelve HConfig tag:                          !myStuff
20231026 080418.799 INFO             PET1 docCount:        3
20231026 080418.800 INFO             PET1 valueI4Seq:        1       2       3
20231026 080418.800 INFO             PET1 asOkay for Logical:  F
20231026 080418.800 INFO             PET1 asOkay for String:  T
20231026 080418.800 INFO             PET1 valueSSeq: 1         2         3
20231026 080418.802 INFO             PET1  NUMBER_OF_PROCESSORS           4
20231026 080418.802 INFO             PET1  PASS  Example ESMF_HConfigEx, ESMF_HConfigEx.F90, line 1803
20231026 080418.802 INFO             PET1  Finalizing ESMF
20231026 080418.756 INFO             PET2 !!!!!!!!!!!!!!!!!!!!!!!!!!!!!!!!!!!!!!!!!!!!!!!!!!!!!!
20231026 080418.756 INFO             PET2 !!! THE ESMF_LOG IS SET TO OUTPUT ALL LOG MESSAGES !!!
20231026 080418.756 INFO             PET2 !!!     THIS MAY CAUSE SLOWDOWN IN PERFORMANCE     !!!
20231026 080418.756 INFO             PET2 !!! FOR PRODUCTION RUNS, USE:                      !!!
20231026 080418.756 INFO             PET2 !!!                   ESMF_LOGKIND_Multi_On_Error  !!!
20231026 080418.756 INFO             PET2 !!!!!!!!!!!!!!!!!!!!!!!!!!!!!!!!!!!!!!!!!!!!!!!!!!!!!!
20231026 080418.756 INFO             PET2 Running with ESMF Version   : v8.6.0b11
20231026 080418.756 INFO             PET2 ESMF library build date/time: "Oct 26 2023" "07:34:15"
20231026 080418.756 INFO             PET2 ESMF library build location : /scratch2/NCEPDEV/stmp1/Gerhard.Theurich/ESMF-Nightly-Testing/gfortran_9.2.0_openmpi_g_develop/esmf
20231026 080418.756 INFO             PET2 ESMF_COMM                   : openmpi
20231026 080418.757 INFO             PET2 ESMF_MOAB                   : enabled
20231026 080418.757 INFO             PET2 ESMF_LAPACK                 : enabled
20231026 080418.757 INFO             PET2 ESMF_NETCDF                 : disabled
20231026 080418.757 INFO             PET2 ESMF_PNETCDF                : disabled
20231026 080418.757 INFO             PET2 ESMF_PIO                    : disabled
20231026 080418.757 INFO             PET2 ESMF_YAMLCPP                : enabled
20231026 080418.761 INFO             PET2 AsString: 1
20231026 080418.761 INFO             PET2 asOkay:  T valueI4:          1
20231026 080418.761 INFO             PET2 asOkay:  T valueI8:          1
20231026 080418.761 INFO             PET2 asOkay:  T valueR4:   1.000000
20231026 080418.761 INFO             PET2 asOkay:  T valueR8:   1.000000
20231026 080418.761 INFO             PET2 asOkay:  F valueL:           F
20231026 080418.761 INFO             PET2 AsString: 2
20231026 080418.761 INFO             PET2 asOkay:  T valueI4:          2
20231026 080418.761 INFO             PET2 asOkay:  T valueI8:          2
20231026 080418.761 INFO             PET2 asOkay:  T valueR4:   2.000000
20231026 080418.761 INFO             PET2 asOkay:  T valueR8:   2.000000
20231026 080418.761 INFO             PET2 asOkay:  F valueL:           F
20231026 080418.761 INFO             PET2 AsString: 3
20231026 080418.761 INFO             PET2 asOkay:  T valueI4:          3
20231026 080418.761 INFO             PET2 asOkay:  T valueI8:          3
20231026 080418.761 INFO             PET2 asOkay:  T valueR4:   3.000000
20231026 080418.761 INFO             PET2 asOkay:  T valueR8:   3.000000
20231026 080418.761 INFO             PET2 asOkay:  F valueL:           F
20231026 080418.761 INFO             PET2 AsString: abc
20231026 080418.761 INFO             PET2 asOkay:  F valueI4:          0
20231026 080418.761 INFO             PET2 asOkay:  F valueI8:          0
20231026 080418.761 INFO             PET2 asOkay:  F valueR4:   0.000000
20231026 080418.761 INFO             PET2 asOkay:  F valueR8:   0.000000
20231026 080418.761 INFO             PET2 asOkay:  F valueL:           F
20231026 080418.761 INFO             PET2 AsString: b
20231026 080418.761 INFO             PET2 asOkay:  F valueI4:          0
20231026 080418.761 INFO             PET2 asOkay:  F valueI8:          0
20231026 080418.761 INFO             PET2 asOkay:  F valueR4:   0.000000
20231026 080418.761 INFO             PET2 asOkay:  F valueR8:   0.000000
20231026 080418.761 INFO             PET2 asOkay:  F valueL:           F
20231026 080418.761 INFO             PET2 AsString: TRUE
20231026 080418.761 INFO             PET2 asOkay:  F valueI4:          0
20231026 080418.761 INFO             PET2 asOkay:  F valueI8:          0
20231026 080418.761 INFO             PET2 asOkay:  F valueR4:   0.000000
20231026 080418.761 INFO             PET2 asOkay:  F valueR8:   0.000000
20231026 080418.761 INFO             PET2 asOkay:  T valueL:           T
20231026 080418.762 INFO             PET2 AsString: TRUE
20231026 080418.762 INFO             PET2 asOkay:  F valueI4:          0
20231026 080418.762 INFO             PET2 asOkay:  F valueI8:          0
20231026 080418.762 INFO             PET2 asOkay:  F valueR4:   0.000000
20231026 080418.762 INFO             PET2 asOkay:  F valueR8:   0.000000
20231026 080418.762 INFO             PET2 asOkay:  T valueL:           T
20231026 080418.762 INFO             PET2 AsString: b
20231026 080418.762 INFO             PET2 asOkay:  F valueI4:          0
20231026 080418.762 INFO             PET2 asOkay:  F valueI8:          0
20231026 080418.762 INFO             PET2 asOkay:  F valueR4:   0.000000
20231026 080418.762 INFO             PET2 asOkay:  F valueR8:   0.000000
20231026 080418.762 INFO             PET2 asOkay:  F valueL:           F
20231026 080418.762 INFO             PET2 AsString: abc
20231026 080418.762 INFO             PET2 asOkay:  F valueI4:          0
20231026 080418.762 INFO             PET2 asOkay:  F valueI8:          0
20231026 080418.762 INFO             PET2 asOkay:  F valueR4:   0.000000
20231026 080418.762 INFO             PET2 asOkay:  F valueR8:   0.000000
20231026 080418.762 INFO             PET2 asOkay:  F valueL:           F
20231026 080418.762 INFO             PET2 AsString: 3
20231026 080418.762 INFO             PET2 asOkay:  T valueI4:          3
20231026 080418.762 INFO             PET2 asOkay:  T valueI8:          3
20231026 080418.762 INFO             PET2 asOkay:  T valueR4:   3.000000
20231026 080418.762 INFO             PET2 asOkay:  T valueR8:   3.000000
20231026 080418.762 INFO             PET2 asOkay:  F valueL:           F
20231026 080418.762 INFO             PET2 AsString: 2
20231026 080418.762 INFO             PET2 asOkay:  T valueI4:          2
20231026 080418.762 INFO             PET2 asOkay:  T valueI8:          2
20231026 080418.762 INFO             PET2 asOkay:  T valueR4:   2.000000
20231026 080418.762 INFO             PET2 asOkay:  T valueR8:   2.000000
20231026 080418.762 INFO             PET2 asOkay:  F valueL:           F
20231026 080418.762 INFO             PET2 AsString: 1
20231026 080418.762 INFO             PET2 asOkay:  T valueI4:          1
20231026 080418.762 INFO             PET2 asOkay:  T valueI8:          1
20231026 080418.762 INFO             PET2 asOkay:  T valueR4:   1.000000
20231026 080418.762 INFO             PET2 asOkay:  T valueR8:   1.000000
20231026 080418.762 INFO             PET2 asOkay:  F valueL:           F
20231026 080418.762 INFO             PET2 map key=car map value: AsString: red
20231026 080418.762 INFO             PET2 map key=       car map value: asOkay:  F valueI4:          0
20231026 080418.762 INFO             PET2 map key=       car map value: asOkay:  F valueI8:          0
20231026 080418.762 INFO             PET2 map key=       car map value: asOkay:  F valueR4:   0.000000
20231026 080418.762 INFO             PET2 map key=       car map value: asOkay:  F valueR8:   0.000000
20231026 080418.762 INFO             PET2 map key=       car map value: asOkay:  F valueL:          F
20231026 080418.762 INFO             PET2 map key=bike map value: AsString: 22
20231026 080418.762 INFO             PET2 map key=      bike map value: asOkay:  T valueI4:         22
20231026 080418.762 INFO             PET2 map key=      bike map value: asOkay:  T valueI8:         22
20231026 080418.762 INFO             PET2 map key=      bike map value: asOkay:  T valueR4:  22.000000
20231026 080418.762 INFO             PET2 map key=      bike map value: asOkay:  T valueR8:  22.000000
20231026 080418.762 INFO             PET2 map key=      bike map value: asOkay:  F valueL:          F
20231026 080418.762 INFO             PET2 map key=plane map value: AsString: TRUE
20231026 080418.762 INFO             PET2 map key=     plane map value: asOkay:  F valueI4:          0
20231026 080418.762 INFO             PET2 map key=     plane map value: asOkay:  F valueI8:          0
20231026 080418.762 INFO             PET2 map key=     plane map value: asOkay:  F valueR4:   0.000000
20231026 080418.762 INFO             PET2 map key=     plane map value: asOkay:  F valueR8:   0.000000
20231026 080418.762 INFO             PET2 map key=     plane map value: asOkay:  T valueL:          T
20231026 080418.763 INFO             PET2 map key=bike map value: AsString: 22
20231026 080418.763 INFO             PET2 map key=      bike map value: asOkay:  T valueI4:         22
20231026 080418.763 INFO             PET2 map key=      bike map value: asOkay:  T valueI8:         22
20231026 080418.763 INFO             PET2 map key=      bike map value: asOkay:  T valueR4:  22.000000
20231026 080418.763 INFO             PET2 map key=      bike map value: asOkay:  T valueR8:  22.000000
20231026 080418.763 INFO             PET2 map key=      bike map value: asOkay:  F valueL:          F
20231026 080418.763 INFO             PET2 map key=plane map value: AsString: TRUE
20231026 080418.763 INFO             PET2 map key=     plane map value: asOkay:  F valueI4:          0
20231026 080418.763 INFO             PET2 map key=     plane map value: asOkay:  F valueI8:          0
20231026 080418.763 INFO             PET2 map key=     plane map value: asOkay:  F valueR4:   0.000000
20231026 080418.764 INFO             PET2 map key=     plane map value: asOkay:  F valueR8:   0.000000
20231026 080418.764 INFO             PET2 map key=     plane map value: asOkay:  T valueL:          T
20231026 080418.764 INFO             PET2 map key=car map value: AsString: red
20231026 080418.764 INFO             PET2 map key=       car map value: asOkay:  F valueI4:          0
20231026 080418.764 INFO             PET2 map key=       car map value: asOkay:  F valueI8:          0
20231026 080418.764 INFO             PET2 map key=       car map value: asOkay:  F valueR4:   0.000000
20231026 080418.764 INFO             PET2 map key=       car map value: asOkay:  F valueR8:   0.000000
20231026 080418.764 INFO             PET2 map key=       car map value: asOkay:  F valueL:          F
20231026 080418.765 INFO             PET2 HConfig from Config IsDefined:  T
20231026 080418.765 INFO             PET2 HConfig from Config IsNull:  F
20231026 080418.766 INFO             PET2 HConfig from Config IsSequence:  F
20231026 080418.766 INFO             PET2 HConfig from Config IsMap:  T
20231026 080418.768 INFO             PET2 Empty HConfig tag:               tag:yaml.org,2002:null
20231026 080418.791 INFO             PET2 value_ten HConfig tag:          tag:yaml.org,2002:null
20231026 080418.791 INFO             PET2 value_eleven HConfig tag:          tag:yaml.org,2002:null
20231026 080418.791 INFO             PET2 Top level HConfig tag:          tag:yaml.org,2002:map
20231026 080418.791 INFO             PET2 value_two HConfig tag:           tag:yaml.org,2002:seq
20231026 080418.791 INFO             PET2 first key HConfig tag:           tag:yaml.org,2002:str
20231026 080418.792 INFO             PET2 value_three HConfig tag:           tag:yaml.org,2002:int
20231026 080418.792 INFO             PET2 value_nine HConfig tag:           tag:yaml.org,2002:int
20231026 080418.792 INFO             PET2 value_five HConfig tag:           tag:yaml.org,2002:float
20231026 080418.792 INFO             PET2 value_seven HConfig tag:            tag:yaml.org,2002:bool
20231026 080418.792 INFO             PET2 value_four HConfig tag:           tag:yaml.org,2002:float
20231026 080418.792 INFO             PET2 value_six HConfig tag:             tag:yaml.org,2002:str
20231026 080418.792 INFO             PET2 value_eight HConfig tag:             tag:yaml.org,2002:str
20231026 080418.792 INFO             PET2 value_twelve HConfig tag:                          !myStuff
20231026 080418.798 INFO             PET2 docCount:        3
20231026 080418.799 INFO             PET2 valueI4Seq:        1       2       3
20231026 080418.799 INFO             PET2 asOkay for Logical:  F
20231026 080418.799 INFO             PET2 asOkay for String:  T
20231026 080418.799 INFO             PET2 valueSSeq: 1         2         3
20231026 080418.800 INFO             PET2  NUMBER_OF_PROCESSORS           4
20231026 080418.800 INFO             PET2  PASS  Example ESMF_HConfigEx, ESMF_HConfigEx.F90, line 1803
20231026 080418.800 INFO             PET2  Finalizing ESMF
20231026 080418.756 INFO             PET3 !!!!!!!!!!!!!!!!!!!!!!!!!!!!!!!!!!!!!!!!!!!!!!!!!!!!!!
20231026 080418.757 INFO             PET3 !!! THE ESMF_LOG IS SET TO OUTPUT ALL LOG MESSAGES !!!
20231026 080418.757 INFO             PET3 !!!     THIS MAY CAUSE SLOWDOWN IN PERFORMANCE     !!!
20231026 080418.757 INFO             PET3 !!! FOR PRODUCTION RUNS, USE:                      !!!
20231026 080418.757 INFO             PET3 !!!                   ESMF_LOGKIND_Multi_On_Error  !!!
20231026 080418.757 INFO             PET3 !!!!!!!!!!!!!!!!!!!!!!!!!!!!!!!!!!!!!!!!!!!!!!!!!!!!!!
20231026 080418.757 INFO             PET3 Running with ESMF Version   : v8.6.0b11
20231026 080418.757 INFO             PET3 ESMF library build date/time: "Oct 26 2023" "07:34:15"
20231026 080418.757 INFO             PET3 ESMF library build location : /scratch2/NCEPDEV/stmp1/Gerhard.Theurich/ESMF-Nightly-Testing/gfortran_9.2.0_openmpi_g_develop/esmf
20231026 080418.757 INFO             PET3 ESMF_COMM                   : openmpi
20231026 080418.757 INFO             PET3 ESMF_MOAB                   : enabled
20231026 080418.757 INFO             PET3 ESMF_LAPACK                 : enabled
20231026 080418.757 INFO             PET3 ESMF_NETCDF                 : disabled
20231026 080418.757 INFO             PET3 ESMF_PNETCDF                : disabled
20231026 080418.757 INFO             PET3 ESMF_PIO                    : disabled
20231026 080418.757 INFO             PET3 ESMF_YAMLCPP                : enabled
20231026 080418.761 INFO             PET3 AsString: 1
20231026 080418.761 INFO             PET3 asOkay:  T valueI4:          1
20231026 080418.761 INFO             PET3 asOkay:  T valueI8:          1
20231026 080418.761 INFO             PET3 asOkay:  T valueR4:   1.000000
20231026 080418.761 INFO             PET3 asOkay:  T valueR8:   1.000000
20231026 080418.761 INFO             PET3 asOkay:  F valueL:           F
20231026 080418.761 INFO             PET3 AsString: 2
20231026 080418.761 INFO             PET3 asOkay:  T valueI4:          2
20231026 080418.761 INFO             PET3 asOkay:  T valueI8:          2
20231026 080418.761 INFO             PET3 asOkay:  T valueR4:   2.000000
20231026 080418.761 INFO             PET3 asOkay:  T valueR8:   2.000000
20231026 080418.761 INFO             PET3 asOkay:  F valueL:           F
20231026 080418.761 INFO             PET3 AsString: 3
20231026 080418.761 INFO             PET3 asOkay:  T valueI4:          3
20231026 080418.761 INFO             PET3 asOkay:  T valueI8:          3
20231026 080418.761 INFO             PET3 asOkay:  T valueR4:   3.000000
20231026 080418.761 INFO             PET3 asOkay:  T valueR8:   3.000000
20231026 080418.761 INFO             PET3 asOkay:  F valueL:           F
20231026 080418.761 INFO             PET3 AsString: abc
20231026 080418.761 INFO             PET3 asOkay:  F valueI4:          0
20231026 080418.761 INFO             PET3 asOkay:  F valueI8:          0
20231026 080418.761 INFO             PET3 asOkay:  F valueR4:   0.000000
20231026 080418.761 INFO             PET3 asOkay:  F valueR8:   0.000000
20231026 080418.761 INFO             PET3 asOkay:  F valueL:           F
20231026 080418.761 INFO             PET3 AsString: b
20231026 080418.761 INFO             PET3 asOkay:  F valueI4:          0
20231026 080418.761 INFO             PET3 asOkay:  F valueI8:          0
20231026 080418.761 INFO             PET3 asOkay:  F valueR4:   0.000000
20231026 080418.761 INFO             PET3 asOkay:  F valueR8:   0.000000
20231026 080418.761 INFO             PET3 asOkay:  F valueL:           F
20231026 080418.761 INFO             PET3 AsString: TRUE
20231026 080418.761 INFO             PET3 asOkay:  F valueI4:          0
20231026 080418.761 INFO             PET3 asOkay:  F valueI8:          0
20231026 080418.761 INFO             PET3 asOkay:  F valueR4:   0.000000
20231026 080418.762 INFO             PET3 asOkay:  F valueR8:   0.000000
20231026 080418.762 INFO             PET3 asOkay:  T valueL:           T
20231026 080418.762 INFO             PET3 AsString: TRUE
20231026 080418.762 INFO             PET3 asOkay:  F valueI4:          0
20231026 080418.762 INFO             PET3 asOkay:  F valueI8:          0
20231026 080418.762 INFO             PET3 asOkay:  F valueR4:   0.000000
20231026 080418.762 INFO             PET3 asOkay:  F valueR8:   0.000000
20231026 080418.762 INFO             PET3 asOkay:  T valueL:           T
20231026 080418.762 INFO             PET3 AsString: b
20231026 080418.762 INFO             PET3 asOkay:  F valueI4:          0
20231026 080418.762 INFO             PET3 asOkay:  F valueI8:          0
20231026 080418.762 INFO             PET3 asOkay:  F valueR4:   0.000000
20231026 080418.762 INFO             PET3 asOkay:  F valueR8:   0.000000
20231026 080418.762 INFO             PET3 asOkay:  F valueL:           F
20231026 080418.762 INFO             PET3 AsString: abc
20231026 080418.762 INFO             PET3 asOkay:  F valueI4:          0
20231026 080418.762 INFO             PET3 asOkay:  F valueI8:          0
20231026 080418.762 INFO             PET3 asOkay:  F valueR4:   0.000000
20231026 080418.762 INFO             PET3 asOkay:  F valueR8:   0.000000
20231026 080418.762 INFO             PET3 asOkay:  F valueL:           F
20231026 080418.762 INFO             PET3 AsString: 3
20231026 080418.762 INFO             PET3 asOkay:  T valueI4:          3
20231026 080418.762 INFO             PET3 asOkay:  T valueI8:          3
20231026 080418.762 INFO             PET3 asOkay:  T valueR4:   3.000000
20231026 080418.762 INFO             PET3 asOkay:  T valueR8:   3.000000
20231026 080418.762 INFO             PET3 asOkay:  F valueL:           F
20231026 080418.762 INFO             PET3 AsString: 2
20231026 080418.762 INFO             PET3 asOkay:  T valueI4:          2
20231026 080418.762 INFO             PET3 asOkay:  T valueI8:          2
20231026 080418.762 INFO             PET3 asOkay:  T valueR4:   2.000000
20231026 080418.762 INFO             PET3 asOkay:  T valueR8:   2.000000
20231026 080418.762 INFO             PET3 asOkay:  F valueL:           F
20231026 080418.762 INFO             PET3 AsString: 1
20231026 080418.762 INFO             PET3 asOkay:  T valueI4:          1
20231026 080418.762 INFO             PET3 asOkay:  T valueI8:          1
20231026 080418.762 INFO             PET3 asOkay:  T valueR4:   1.000000
20231026 080418.762 INFO             PET3 asOkay:  T valueR8:   1.000000
20231026 080418.762 INFO             PET3 asOkay:  F valueL:           F
20231026 080418.762 INFO             PET3 map key=car map value: AsString: red
20231026 080418.762 INFO             PET3 map key=       car map value: asOkay:  F valueI4:          0
20231026 080418.762 INFO             PET3 map key=       car map value: asOkay:  F valueI8:          0
20231026 080418.762 INFO             PET3 map key=       car map value: asOkay:  F valueR4:   0.000000
20231026 080418.762 INFO             PET3 map key=       car map value: asOkay:  F valueR8:   0.000000
20231026 080418.762 INFO             PET3 map key=       car map value: asOkay:  F valueL:          F
20231026 080418.762 INFO             PET3 map key=bike map value: AsString: 22
20231026 080418.762 INFO             PET3 map key=      bike map value: asOkay:  T valueI4:         22
20231026 080418.762 INFO             PET3 map key=      bike map value: asOkay:  T valueI8:         22
20231026 080418.762 INFO             PET3 map key=      bike map value: asOkay:  T valueR4:  22.000000
20231026 080418.762 INFO             PET3 map key=      bike map value: asOkay:  T valueR8:  22.000000
20231026 080418.762 INFO             PET3 map key=      bike map value: asOkay:  F valueL:          F
20231026 080418.763 INFO             PET3 map key=plane map value: AsString: TRUE
20231026 080418.763 INFO             PET3 map key=     plane map value: asOkay:  F valueI4:          0
20231026 080418.763 INFO             PET3 map key=     plane map value: asOkay:  F valueI8:          0
20231026 080418.763 INFO             PET3 map key=     plane map value: asOkay:  F valueR4:   0.000000
20231026 080418.763 INFO             PET3 map key=     plane map value: asOkay:  F valueR8:   0.000000
20231026 080418.763 INFO             PET3 map key=     plane map value: asOkay:  T valueL:          T
20231026 080418.763 INFO             PET3 map key=bike map value: AsString: 22
20231026 080418.763 INFO             PET3 map key=      bike map value: asOkay:  T valueI4:         22
20231026 080418.763 INFO             PET3 map key=      bike map value: asOkay:  T valueI8:         22
20231026 080418.763 INFO             PET3 map key=      bike map value: asOkay:  T valueR4:  22.000000
20231026 080418.763 INFO             PET3 map key=      bike map value: asOkay:  T valueR8:  22.000000
20231026 080418.763 INFO             PET3 map key=      bike map value: asOkay:  F valueL:          F
20231026 080418.763 INFO             PET3 map key=plane map value: AsString: TRUE
20231026 080418.763 INFO             PET3 map key=     plane map value: asOkay:  F valueI4:          0
20231026 080418.763 INFO             PET3 map key=     plane map value: asOkay:  F valueI8:          0
20231026 080418.764 INFO             PET3 map key=     plane map value: asOkay:  F valueR4:   0.000000
20231026 080418.764 INFO             PET3 map key=     plane map value: asOkay:  F valueR8:   0.000000
20231026 080418.764 INFO             PET3 map key=     plane map value: asOkay:  T valueL:          T
20231026 080418.764 INFO             PET3 map key=car map value: AsString: red
20231026 080418.764 INFO             PET3 map key=       car map value: asOkay:  F valueI4:          0
20231026 080418.764 INFO             PET3 map key=       car map value: asOkay:  F valueI8:          0
20231026 080418.764 INFO             PET3 map key=       car map value: asOkay:  F valueR4:   0.000000
20231026 080418.764 INFO             PET3 map key=       car map value: asOkay:  F valueR8:   0.000000
20231026 080418.764 INFO             PET3 map key=       car map value: asOkay:  F valueL:          F
20231026 080418.766 INFO             PET3 HConfig from Config IsDefined:  T
20231026 080418.766 INFO             PET3 HConfig from Config IsNull:  F
20231026 080418.766 INFO             PET3 HConfig from Config IsSequence:  F
20231026 080418.766 INFO             PET3 HConfig from Config IsMap:  T
20231026 080418.768 INFO             PET3 Empty HConfig tag:               tag:yaml.org,2002:null
20231026 080418.792 INFO             PET3 value_ten HConfig tag:          tag:yaml.org,2002:null
20231026 080418.792 INFO             PET3 value_eleven HConfig tag:          tag:yaml.org,2002:null
20231026 080418.792 INFO             PET3 Top level HConfig tag:          tag:yaml.org,2002:map
20231026 080418.792 INFO             PET3 value_two HConfig tag:           tag:yaml.org,2002:seq
20231026 080418.792 INFO             PET3 first key HConfig tag:           tag:yaml.org,2002:str
20231026 080418.792 INFO             PET3 value_three HConfig tag:           tag:yaml.org,2002:int
20231026 080418.792 INFO             PET3 value_nine HConfig tag:           tag:yaml.org,2002:int
20231026 080418.792 INFO             PET3 value_five HConfig tag:           tag:yaml.org,2002:float
20231026 080418.792 INFO             PET3 value_seven HConfig tag:            tag:yaml.org,2002:bool
20231026 080418.792 INFO             PET3 value_four HConfig tag:           tag:yaml.org,2002:float
20231026 080418.792 INFO             PET3 value_six HConfig tag:             tag:yaml.org,2002:str
20231026 080418.792 INFO             PET3 value_eight HConfig tag:             tag:yaml.org,2002:str
20231026 080418.792 INFO             PET3 value_twelve HConfig tag:                          !myStuff
20231026 080418.798 INFO             PET3 docCount:        3
20231026 080418.798 INFO             PET3 valueI4Seq:        1       2       3
20231026 080418.798 INFO             PET3 asOkay for Logical:  F
20231026 080418.798 INFO             PET3 asOkay for String:  T
20231026 080418.799 INFO             PET3 valueSSeq: 1         2         3
20231026 080418.800 INFO             PET3  NUMBER_OF_PROCESSORS           4
20231026 080418.800 INFO             PET3  PASS  Example ESMF_HConfigEx, ESMF_HConfigEx.F90, line 1803
20231026 080418.800 INFO             PET3  Finalizing ESMF
