2023-11-12 03:02:45
20231112 034313.935 INFO             PET0 !!!!!!!!!!!!!!!!!!!!!!!!!!!!!!!!!!!!!!!!!!!!!!!!!!!!!!
20231112 034313.936 INFO             PET0 !!! THE ESMF_LOG IS SET TO OUTPUT ALL LOG MESSAGES !!!
20231112 034313.936 INFO             PET0 !!!     THIS MAY CAUSE SLOWDOWN IN PERFORMANCE     !!!
20231112 034313.936 INFO             PET0 !!! FOR PRODUCTION RUNS, USE:                      !!!
20231112 034313.936 INFO             PET0 !!!                   ESMF_LOGKIND_Multi_On_Error  !!!
20231112 034313.936 INFO             PET0 !!!!!!!!!!!!!!!!!!!!!!!!!!!!!!!!!!!!!!!!!!!!!!!!!!!!!!
20231112 034313.936 INFO             PET0 Running with ESMF Version   : v8.6.0
20231112 034313.936 INFO             PET0 ESMF library build date/time: "Nov 12 2023" "03:00:43"
20231112 034313.936 INFO             PET0 ESMF library build location : /project/esmf/sacks/esmf-testing/gfortran_11.2.0_openmpi_g_v8.6.0/esmf
20231112 034313.936 INFO             PET0 ESMF_COMM                   : openmpi
20231112 034313.936 INFO             PET0 ESMF_MOAB                   : enabled
20231112 034313.936 INFO             PET0 ESMF_LAPACK                 : enabled
20231112 034313.936 INFO             PET0 ESMF_NETCDF                 : enabled
20231112 034313.936 INFO             PET0 ESMF_PNETCDF                : disabled
20231112 034313.936 INFO             PET0 ESMF_PIO                    : enabled
20231112 034313.936 INFO             PET0 ESMF_YAMLCPP                : enabled
20231112 034314.042 DEBUG            PET0 about to destroy Grid: 0x7fd279839200
20231112 034314.053 DEBUG            PET0 about to destroy Grid: 0x7fd279839e00
20231112 034314.087 INFO             PET0  NUMBER_OF_PROCESSORS           4
20231112 034314.087 INFO             PET0  PASS  Example ESMF_NUOPCAtmModelEx, ESMF_NUOPCAtmModelEx.F90, line 806
20231112 034314.087 INFO             PET0  Finalizing ESMF
20231112 034313.935 INFO             PET1 !!!!!!!!!!!!!!!!!!!!!!!!!!!!!!!!!!!!!!!!!!!!!!!!!!!!!!
20231112 034313.936 INFO             PET1 !!! THE ESMF_LOG IS SET TO OUTPUT ALL LOG MESSAGES !!!
20231112 034313.936 INFO             PET1 !!!     THIS MAY CAUSE SLOWDOWN IN PERFORMANCE     !!!
20231112 034313.936 INFO             PET1 !!! FOR PRODUCTION RUNS, USE:                      !!!
20231112 034313.936 INFO             PET1 !!!                   ESMF_LOGKIND_Multi_On_Error  !!!
20231112 034313.936 INFO             PET1 !!!!!!!!!!!!!!!!!!!!!!!!!!!!!!!!!!!!!!!!!!!!!!!!!!!!!!
20231112 034313.936 INFO             PET1 Running with ESMF Version   : v8.6.0
20231112 034313.936 INFO             PET1 ESMF library build date/time: "Nov 12 2023" "03:00:43"
20231112 034313.936 INFO             PET1 ESMF library build location : /project/esmf/sacks/esmf-testing/gfortran_11.2.0_openmpi_g_v8.6.0/esmf
20231112 034313.936 INFO             PET1 ESMF_COMM                   : openmpi
20231112 034313.936 INFO             PET1 ESMF_MOAB                   : enabled
20231112 034313.936 INFO             PET1 ESMF_LAPACK                 : enabled
20231112 034313.936 INFO             PET1 ESMF_NETCDF                 : enabled
20231112 034313.936 INFO             PET1 ESMF_PNETCDF                : disabled
20231112 034313.936 INFO             PET1 ESMF_PIO                    : enabled
20231112 034313.936 INFO             PET1 ESMF_YAMLCPP                : enabled
20231112 034314.042 DEBUG            PET1 about to destroy Grid: 0x7fdc7f81b000
20231112 034314.053 DEBUG            PET1 about to destroy Grid: 0x7fdc7f81bc00
20231112 034314.087 INFO             PET1  NUMBER_OF_PROCESSORS           4
20231112 034314.087 INFO             PET1  PASS  Example ESMF_NUOPCAtmModelEx, ESMF_NUOPCAtmModelEx.F90, line 806
20231112 034314.087 INFO             PET1  Finalizing ESMF
20231112 034313.935 INFO             PET2 !!!!!!!!!!!!!!!!!!!!!!!!!!!!!!!!!!!!!!!!!!!!!!!!!!!!!!
20231112 034313.936 INFO             PET2 !!! THE ESMF_LOG IS SET TO OUTPUT ALL LOG MESSAGES !!!
20231112 034313.936 INFO             PET2 !!!     THIS MAY CAUSE SLOWDOWN IN PERFORMANCE     !!!
20231112 034313.936 INFO             PET2 !!! FOR PRODUCTION RUNS, USE:                      !!!
20231112 034313.936 INFO             PET2 !!!                   ESMF_LOGKIND_Multi_On_Error  !!!
20231112 034313.936 INFO             PET2 !!!!!!!!!!!!!!!!!!!!!!!!!!!!!!!!!!!!!!!!!!!!!!!!!!!!!!
20231112 034313.936 INFO             PET2 Running with ESMF Version   : v8.6.0
20231112 034313.936 INFO             PET2 ESMF library build date/time: "Nov 12 2023" "03:00:43"
20231112 034313.936 INFO             PET2 ESMF library build location : /project/esmf/sacks/esmf-testing/gfortran_11.2.0_openmpi_g_v8.6.0/esmf
20231112 034313.936 INFO             PET2 ESMF_COMM                   : openmpi
20231112 034313.936 INFO             PET2 ESMF_MOAB                   : enabled
20231112 034313.936 INFO             PET2 ESMF_LAPACK                 : enabled
20231112 034313.936 INFO             PET2 ESMF_NETCDF                 : enabled
20231112 034313.936 INFO             PET2 ESMF_PNETCDF                : disabled
20231112 034313.936 INFO             PET2 ESMF_PIO                    : enabled
20231112 034313.936 INFO             PET2 ESMF_YAMLCPP                : enabled
20231112 034314.042 DEBUG            PET2 about to destroy Grid: 0x7fdde2025000
20231112 034314.053 DEBUG            PET2 about to destroy Grid: 0x7fdde2025c00
20231112 034314.087 INFO             PET2  NUMBER_OF_PROCESSORS           4
20231112 034314.087 INFO             PET2  PASS  Example ESMF_NUOPCAtmModelEx, ESMF_NUOPCAtmModelEx.F90, line 806
20231112 034314.087 INFO             PET2  Finalizing ESMF
20231112 034313.935 INFO             PET3 !!!!!!!!!!!!!!!!!!!!!!!!!!!!!!!!!!!!!!!!!!!!!!!!!!!!!!
20231112 034313.936 INFO             PET3 !!! THE ESMF_LOG IS SET TO OUTPUT ALL LOG MESSAGES !!!
20231112 034313.936 INFO             PET3 !!!     THIS MAY CAUSE SLOWDOWN IN PERFORMANCE     !!!
20231112 034313.936 INFO             PET3 !!! FOR PRODUCTION RUNS, USE:                      !!!
20231112 034313.936 INFO             PET3 !!!                   ESMF_LOGKIND_Multi_On_Error  !!!
20231112 034313.936 INFO             PET3 !!!!!!!!!!!!!!!!!!!!!!!!!!!!!!!!!!!!!!!!!!!!!!!!!!!!!!
20231112 034313.936 INFO             PET3 Running with ESMF Version   : v8.6.0
20231112 034313.936 INFO             PET3 ESMF library build date/time: "Nov 12 2023" "03:00:43"
20231112 034313.936 INFO             PET3 ESMF library build location : /project/esmf/sacks/esmf-testing/gfortran_11.2.0_openmpi_g_v8.6.0/esmf
20231112 034313.936 INFO             PET3 ESMF_COMM                   : openmpi
20231112 034313.936 INFO             PET3 ESMF_MOAB                   : enabled
20231112 034313.936 INFO             PET3 ESMF_LAPACK                 : enabled
20231112 034313.936 INFO             PET3 ESMF_NETCDF                 : enabled
20231112 034313.936 INFO             PET3 ESMF_PNETCDF                : disabled
20231112 034313.936 INFO             PET3 ESMF_PIO                    : enabled
20231112 034313.936 INFO             PET3 ESMF_YAMLCPP                : enabled
20231112 034314.042 DEBUG            PET3 about to destroy Grid: 0x7fc01380d200
20231112 034314.053 DEBUG            PET3 about to destroy Grid: 0x7fc013812c00
20231112 034314.087 INFO             PET3  NUMBER_OF_PROCESSORS           4
20231112 034314.087 INFO             PET3  PASS  Example ESMF_NUOPCAtmModelEx, ESMF_NUOPCAtmModelEx.F90, line 806
20231112 034314.087 INFO             PET3  Finalizing ESMF
