2023-11-07 10:00:14
20231107 103712.884 INFO             PET0 !!!!!!!!!!!!!!!!!!!!!!!!!!!!!!!!!!!!!!!!!!!!!!!!!!!!!!
20231107 103712.884 INFO             PET0 !!! THE ESMF_LOG IS SET TO OUTPUT ALL LOG MESSAGES !!!
20231107 103712.884 INFO             PET0 !!!     THIS MAY CAUSE SLOWDOWN IN PERFORMANCE     !!!
20231107 103712.884 INFO             PET0 !!! FOR PRODUCTION RUNS, USE:                      !!!
20231107 103712.884 INFO             PET0 !!!                   ESMF_LOGKIND_Multi_On_Error  !!!
20231107 103712.884 INFO             PET0 !!!!!!!!!!!!!!!!!!!!!!!!!!!!!!!!!!!!!!!!!!!!!!!!!!!!!!
20231107 103712.884 INFO             PET0 Running with ESMF Version   : v8.7.0b00-3-gae6d46cf0b
20231107 103712.884 INFO             PET0 ESMF library build date/time: "Nov  7 2023" "09:58:21"
20231107 103712.884 INFO             PET0 ESMF library build location : /project/esmf/theurich/ESMF-Nightly-Testing/nag_7.0_mpiuni_g_develop/esmf
20231107 103712.884 INFO             PET0 ESMF_COMM                   : mpiuni
20231107 103712.884 INFO             PET0 ESMF_MOAB                   : enabled
20231107 103712.884 INFO             PET0 ESMF_LAPACK                 : enabled
20231107 103712.884 INFO             PET0 ESMF_NETCDF                 : enabled
20231107 103712.884 INFO             PET0 ESMF_PNETCDF                : disabled
20231107 103712.884 INFO             PET0 ESMF_PIO                    : disabled
20231107 103712.884 INFO             PET0 ESMF_YAMLCPP                : enabled
20231107 103713.034 DEBUG            PET0 about to destroy Grid: 0x10a25e0
20231107 103713.062 DEBUG            PET0 about to destroy Grid: 0x10a4c10
20231107 103713.133 INFO             PET0  NUMBER_OF_PROCESSORS 1
20231107 103713.133 INFO             PET0  PASS  Example ESMF_NUOPCAtmModelEx, ESMF_NUOPCAtmModelEx.F90, line 806
20231107 103713.133 INFO             PET0  Finalizing ESMF
