2023-10-28 10:50:28
20231028 112051.586 INFO             PET0 !!!!!!!!!!!!!!!!!!!!!!!!!!!!!!!!!!!!!!!!!!!!!!!!!!!!!!
20231028 112051.586 INFO             PET0 !!! THE ESMF_LOG IS SET TO OUTPUT ALL LOG MESSAGES !!!
20231028 112051.586 INFO             PET0 !!!     THIS MAY CAUSE SLOWDOWN IN PERFORMANCE     !!!
20231028 112051.586 INFO             PET0 !!! FOR PRODUCTION RUNS, USE:                      !!!
20231028 112051.586 INFO             PET0 !!!                   ESMF_LOGKIND_Multi_On_Error  !!!
20231028 112051.586 INFO             PET0 !!!!!!!!!!!!!!!!!!!!!!!!!!!!!!!!!!!!!!!!!!!!!!!!!!!!!!
20231028 112051.586 INFO             PET0 Running with ESMF Version   : v8.6.0b13-1-g95d98e0f92
20231028 112051.586 INFO             PET0 ESMF library build date/time: "Oct 28 2023" "10:48:34"
20231028 112051.586 INFO             PET0 ESMF library build location : /scratch/cluster/theurich/ESMF-Nightly-Testing/nag_7.0_mpiuni_g_develop/esmf
20231028 112051.586 INFO             PET0 ESMF_COMM                   : mpiuni
20231028 112051.587 INFO             PET0 ESMF_MOAB                   : enabled
20231028 112051.587 INFO             PET0 ESMF_LAPACK                 : enabled
20231028 112051.587 INFO             PET0 ESMF_NETCDF                 : enabled
20231028 112051.587 INFO             PET0 ESMF_PNETCDF                : disabled
20231028 112051.587 INFO             PET0 ESMF_PIO                    : disabled
20231028 112051.587 INFO             PET0 ESMF_YAMLCPP                : enabled
20231028 112051.602 INFO             PET0 ESMF_FieldRedistStoreNF(): Just entered routine.
20231028 112052.274 INFO             PET0 ESMF_FieldRedistStoreNF(): Leaving routine.
20231028 112052.300 INFO             PET0  NUMBER_OF_PROCESSORS 1
20231028 112052.300 INFO             PET0  PASS  Example ESMF_RHandleFromFileEx, ESMF_RHandleFromFileEx.F90, line 192
20231028 112052.300 INFO             PET0  Finalizing ESMF
