2023-10-19 01:45:43
20231019 021645.801 INFO             PET0 !!!!!!!!!!!!!!!!!!!!!!!!!!!!!!!!!!!!!!!!!!!!!!!!!!!!!!
20231019 021645.801 INFO             PET0 !!! THE ESMF_LOG IS SET TO OUTPUT ALL LOG MESSAGES !!!
20231019 021645.801 INFO             PET0 !!!     THIS MAY CAUSE SLOWDOWN IN PERFORMANCE     !!!
20231019 021645.801 INFO             PET0 !!! FOR PRODUCTION RUNS, USE:                      !!!
20231019 021645.801 INFO             PET0 !!!                   ESMF_LOGKIND_Multi_On_Error  !!!
20231019 021645.801 INFO             PET0 !!!!!!!!!!!!!!!!!!!!!!!!!!!!!!!!!!!!!!!!!!!!!!!!!!!!!!
20231019 021645.801 INFO             PET0 Running with ESMF Version   : v8.6.0b09-25-g3a1ad6fbd7
20231019 021645.801 INFO             PET0 ESMF library build date/time: "Oct 19 2023" "01:43:46"
20231019 021645.801 INFO             PET0 ESMF library build location : /scratch/cluster/theurich/ESMF-Nightly-Testing/nag_7.0_mpiuni_g_develop/esmf
20231019 021645.801 INFO             PET0 ESMF_COMM                   : mpiuni
20231019 021645.801 INFO             PET0 ESMF_MOAB                   : enabled
20231019 021645.801 INFO             PET0 ESMF_LAPACK                 : enabled
20231019 021645.801 INFO             PET0 ESMF_NETCDF                 : enabled
20231019 021645.801 INFO             PET0 ESMF_PNETCDF                : disabled
20231019 021645.801 INFO             PET0 ESMF_PIO                    : disabled
20231019 021645.801 INFO             PET0 ESMF_YAMLCPP                : enabled
20231019 021645.802 INFO             PET0  NUMBER_OF_PROCESSORS 1
20231019 021645.802 INFO             PET0  PASS  Example ESMF_TimeIntervalEx, ESMF_TimeIntervalEx.F90, line 176
20231019 021645.802 INFO             PET0  Finalizing ESMF
