2023-11-12 04:04:10
20231112 042701.985 INFO             PET0 !!!!!!!!!!!!!!!!!!!!!!!!!!!!!!!!!!!!!!!!!!!!!!!!!!!!!!
20231112 042701.985 INFO             PET0 !!! THE ESMF_LOG IS SET TO OUTPUT ALL LOG MESSAGES !!!
20231112 042701.985 INFO             PET0 !!!     THIS MAY CAUSE SLOWDOWN IN PERFORMANCE     !!!
20231112 042701.985 INFO             PET0 !!! FOR PRODUCTION RUNS, USE:                      !!!
20231112 042701.985 INFO             PET0 !!!                   ESMF_LOGKIND_Multi_On_Error  !!!
20231112 042701.985 INFO             PET0 !!!!!!!!!!!!!!!!!!!!!!!!!!!!!!!!!!!!!!!!!!!!!!!!!!!!!!
20231112 042701.985 INFO             PET0 Running with ESMF Version   : v8.6.0
20231112 042701.985 INFO             PET0 ESMF library build date/time: "Nov 12 2023" "04:02:57"
20231112 042701.985 INFO             PET0 ESMF library build location : /home/gerhard/ESMF-Nightly-Testing/gfortran_11.2.0_mpich_g_v8.6.0/esmf
20231112 042701.985 INFO             PET0 ESMF_COMM                   : mpich
20231112 042701.985 INFO             PET0 ESMF_MOAB                   : enabled
20231112 042701.985 INFO             PET0 ESMF_LAPACK                 : enabled
20231112 042701.985 INFO             PET0 ESMF_NETCDF                 : enabled
20231112 042701.985 INFO             PET0 ESMF_PNETCDF                : disabled
20231112 042701.985 INFO             PET0 ESMF_PIO                    : enabled
20231112 042701.985 INFO             PET0 ESMF_YAMLCPP                : enabled
20231112 042702.056 DEBUG            PET0 about to destroy Grid: 0x1672310
20231112 042702.066 DEBUG            PET0 about to destroy Grid: 0x1673bd0
20231112 042702.093 INFO             PET0  NUMBER_OF_PROCESSORS           4
20231112 042702.093 INFO             PET0  PASS  Example ESMF_NUOPCAtmModelEx, ESMF_NUOPCAtmModelEx.F90, line 806
20231112 042702.093 INFO             PET0  Finalizing ESMF
20231112 042701.985 INFO             PET1 !!!!!!!!!!!!!!!!!!!!!!!!!!!!!!!!!!!!!!!!!!!!!!!!!!!!!!
20231112 042701.985 INFO             PET1 !!! THE ESMF_LOG IS SET TO OUTPUT ALL LOG MESSAGES !!!
20231112 042701.985 INFO             PET1 !!!     THIS MAY CAUSE SLOWDOWN IN PERFORMANCE     !!!
20231112 042701.985 INFO             PET1 !!! FOR PRODUCTION RUNS, USE:                      !!!
20231112 042701.985 INFO             PET1 !!!                   ESMF_LOGKIND_Multi_On_Error  !!!
20231112 042701.985 INFO             PET1 !!!!!!!!!!!!!!!!!!!!!!!!!!!!!!!!!!!!!!!!!!!!!!!!!!!!!!
20231112 042701.985 INFO             PET1 Running with ESMF Version   : v8.6.0
20231112 042701.985 INFO             PET1 ESMF library build date/time: "Nov 12 2023" "04:02:57"
20231112 042701.985 INFO             PET1 ESMF library build location : /home/gerhard/ESMF-Nightly-Testing/gfortran_11.2.0_mpich_g_v8.6.0/esmf
20231112 042701.985 INFO             PET1 ESMF_COMM                   : mpich
20231112 042701.985 INFO             PET1 ESMF_MOAB                   : enabled
20231112 042701.985 INFO             PET1 ESMF_LAPACK                 : enabled
20231112 042701.985 INFO             PET1 ESMF_NETCDF                 : enabled
20231112 042701.985 INFO             PET1 ESMF_PNETCDF                : disabled
20231112 042701.985 INFO             PET1 ESMF_PIO                    : enabled
20231112 042701.985 INFO             PET1 ESMF_YAMLCPP                : enabled
20231112 042702.056 DEBUG            PET1 about to destroy Grid: 0x260a1a0
20231112 042702.066 DEBUG            PET1 about to destroy Grid: 0x260bbc0
20231112 042702.093 INFO             PET1  NUMBER_OF_PROCESSORS           4
20231112 042702.093 INFO             PET1  PASS  Example ESMF_NUOPCAtmModelEx, ESMF_NUOPCAtmModelEx.F90, line 806
20231112 042702.093 INFO             PET1  Finalizing ESMF
20231112 042701.985 INFO             PET2 !!!!!!!!!!!!!!!!!!!!!!!!!!!!!!!!!!!!!!!!!!!!!!!!!!!!!!
20231112 042701.985 INFO             PET2 !!! THE ESMF_LOG IS SET TO OUTPUT ALL LOG MESSAGES !!!
20231112 042701.985 INFO             PET2 !!!     THIS MAY CAUSE SLOWDOWN IN PERFORMANCE     !!!
20231112 042701.985 INFO             PET2 !!! FOR PRODUCTION RUNS, USE:                      !!!
20231112 042701.985 INFO             PET2 !!!                   ESMF_LOGKIND_Multi_On_Error  !!!
20231112 042701.985 INFO             PET2 !!!!!!!!!!!!!!!!!!!!!!!!!!!!!!!!!!!!!!!!!!!!!!!!!!!!!!
20231112 042701.985 INFO             PET2 Running with ESMF Version   : v8.6.0
20231112 042701.985 INFO             PET2 ESMF library build date/time: "Nov 12 2023" "04:02:57"
20231112 042701.985 INFO             PET2 ESMF library build location : /home/gerhard/ESMF-Nightly-Testing/gfortran_11.2.0_mpich_g_v8.6.0/esmf
20231112 042701.985 INFO             PET2 ESMF_COMM                   : mpich
20231112 042701.985 INFO             PET2 ESMF_MOAB                   : enabled
20231112 042701.985 INFO             PET2 ESMF_LAPACK                 : enabled
20231112 042701.985 INFO             PET2 ESMF_NETCDF                 : enabled
20231112 042701.985 INFO             PET2 ESMF_PNETCDF                : disabled
20231112 042701.985 INFO             PET2 ESMF_PIO                    : enabled
20231112 042701.985 INFO             PET2 ESMF_YAMLCPP                : enabled
20231112 042702.056 DEBUG            PET2 about to destroy Grid: 0x11a0840
20231112 042702.066 DEBUG            PET2 about to destroy Grid: 0x11a2260
20231112 042702.093 INFO             PET2  NUMBER_OF_PROCESSORS           4
20231112 042702.093 INFO             PET2  PASS  Example ESMF_NUOPCAtmModelEx, ESMF_NUOPCAtmModelEx.F90, line 806
20231112 042702.093 INFO             PET2  Finalizing ESMF
20231112 042701.985 INFO             PET3 !!!!!!!!!!!!!!!!!!!!!!!!!!!!!!!!!!!!!!!!!!!!!!!!!!!!!!
20231112 042701.985 INFO             PET3 !!! THE ESMF_LOG IS SET TO OUTPUT ALL LOG MESSAGES !!!
20231112 042701.985 INFO             PET3 !!!     THIS MAY CAUSE SLOWDOWN IN PERFORMANCE     !!!
20231112 042701.985 INFO             PET3 !!! FOR PRODUCTION RUNS, USE:                      !!!
20231112 042701.985 INFO             PET3 !!!                   ESMF_LOGKIND_Multi_On_Error  !!!
20231112 042701.985 INFO             PET3 !!!!!!!!!!!!!!!!!!!!!!!!!!!!!!!!!!!!!!!!!!!!!!!!!!!!!!
20231112 042701.985 INFO             PET3 Running with ESMF Version   : v8.6.0
20231112 042701.985 INFO             PET3 ESMF library build date/time: "Nov 12 2023" "04:02:57"
20231112 042701.985 INFO             PET3 ESMF library build location : /home/gerhard/ESMF-Nightly-Testing/gfortran_11.2.0_mpich_g_v8.6.0/esmf
20231112 042701.985 INFO             PET3 ESMF_COMM                   : mpich
20231112 042701.985 INFO             PET3 ESMF_MOAB                   : enabled
20231112 042701.985 INFO             PET3 ESMF_LAPACK                 : enabled
20231112 042701.985 INFO             PET3 ESMF_NETCDF                 : enabled
20231112 042701.985 INFO             PET3 ESMF_PNETCDF                : disabled
20231112 042701.985 INFO             PET3 ESMF_PIO                    : enabled
20231112 042701.985 INFO             PET3 ESMF_YAMLCPP                : enabled
20231112 042702.056 DEBUG            PET3 about to destroy Grid: 0x1424840
20231112 042702.066 DEBUG            PET3 about to destroy Grid: 0x1426260
20231112 042702.093 INFO             PET3  NUMBER_OF_PROCESSORS           4
20231112 042702.093 INFO             PET3  PASS  Example ESMF_NUOPCAtmModelEx, ESMF_NUOPCAtmModelEx.F90, line 806
20231112 042702.093 INFO             PET3  Finalizing ESMF
