2023-11-13 02:50:39

mainApp:25944 terminated with signal 11 at PC=44d0e2 SP=7ffcf64d9ec0.  Backtrace:

mainApp:25945 terminated with signal 11 at PC=44d0f7 SP=7fffc54cc9b0.  Backtrace:
/tmp/intel_2023.1.0-oneAPI_mpi_g_v8.6.0/nuopc-app-prototypes/DriverInDriverProto/./mainApp[0x44d0e2]
/tmp/intel_2023.1.0-oneAPI_mpi_g_v8.6.0/nuopc-app-prototypes/DriverInDriverProto/./mainApp[0x44e0e0]
/tmp/intel_2023.1.0-oneAPI_mpi_g_v8.6.0/nuopc-app-prototypes/DriverInDriverProto/./mainApp[0x44d285]
/tmp/intel_2023.1.0-oneAPI_mpi_g_v8.6.0/nuopc-app-prototypes/DriverInDriverProto/./mainApp[0x44d0f7]
/tmp/intel_2023.1.0-oneAPI_mpi_g_v8.6.0/nuopc-app-prototypes/DriverInDriverProto/./mainApp[0x44e0e0]
/tmp/intel_2023.1.0-oneAPI_mpi_g_v8.6.0/nuopc-app-prototypes/DriverInDriverProto/./mainApp[0x44d285]
/tmp/intel_2023.1.0-oneAPI_mpi_g_v8.6.0/esmf/DEFAULTINSTALLDIR/lib/libg/Unicos.intel.64.mpi.default/libesmf.so(f_esmf_compcollectgarbage2_+0x4bc)[0x7f4c2191855c]
/tmp/intel_2023.1.0-oneAPI_mpi_g_v8.6.0/esmf/DEFAULTINSTALLDIR/lib/libg/Unicos.intel.64.mpi.default/libesmf.so(f_esmf_compcollectgarbage2_+0x4bc)[0x7fcc6806455c]
/tmp/intel_2023.1.0-oneAPI_mpi_g_v8.6.0/esmf/DEFAULTINSTALLDIR/lib/libg/Unicos.intel.64.mpi.default/libesmf.so(_ZN5ESMCI2VM8finalizeEP12ESMC_LogicalPi+0x5d2)[0x7f4c214bd2b2]
/tmp/intel_2023.1.0-oneAPI_mpi_g_v8.6.0/esmf/DEFAULTINSTALLDIR/lib/libg/Unicos.intel.64.mpi.default/libesmf.so(_ZN5ESMCI2VM8finalizeEP12ESMC_LogicalPi+0x5d2)[0x7fcc67c092b2]

mainApp:25943 terminated with signal 11 at PC=44d140 SP=7ffd2b8b38f0.  Backtrace:
/tmp/intel_2023.1.0-oneAPI_mpi_g_v8.6.0/nuopc-app-prototypes/DriverInDriverProto/./mainApp[0x44d140]
/tmp/intel_2023.1.0-oneAPI_mpi_g_v8.6.0/nuopc-app-prototypes/DriverInDriverProto/./mainApp[0x44e0e0]
/tmp/intel_2023.1.0-oneAPI_mpi_g_v8.6.0/nuopc-app-prototypes/DriverInDriverProto/./mainApp[0x44d285]

mainApp:25942 terminated with signal 11 at PC=44d133 SP=7ffea58ee010.  Backtrace:
/tmp/intel_2023.1.0-oneAPI_mpi_g_v8.6.0/nuopc-app-prototypes/DriverInDriverProto/./mainApp[0x44d133]
/tmp/intel_2023.1.0-oneAPI_mpi_g_v8.6.0/nuopc-app-prototypes/DriverInDriverProto/./mainApp[0x44e0e0]
/tmp/intel_2023.1.0-oneAPI_mpi_g_v8.6.0/nuopc-app-prototypes/DriverInDriverProto/./mainApp[0x44d285]
/tmp/intel_2023.1.0-oneAPI_mpi_g_v8.6.0/esmf/DEFAULTINSTALLDIR/lib/libg/Unicos.intel.64.mpi.default/libesmf.so(c_esmc_vmfinalize_+0x57)[0x7fcc67bd3db7]
/tmp/intel_2023.1.0-oneAPI_mpi_g_v8.6.0/esmf/DEFAULTINSTALLDIR/lib/libg/Unicos.intel.64.mpi.default/libesmf.so(c_esmc_vmfinalize_+0x57)[0x7f4c21487db7]
/tmp/intel_2023.1.0-oneAPI_mpi_g_v8.6.0/esmf/DEFAULTINSTALLDIR/lib/libg/Unicos.intel.64.mpi.default/libesmf.so(f_esmf_compcollectgarbage2_+0x4bc)[0x7f9ce3e2c55c]
/tmp/intel_2023.1.0-oneAPI_mpi_g_v8.6.0/esmf/DEFAULTINSTALLDIR/lib/libg/Unicos.intel.64.mpi.default/libesmf.so(f_esmf_compcollectgarbage2_+0x4bc)[0x7efc64cb155c]
/tmp/intel_2023.1.0-oneAPI_mpi_g_v8.6.0/esmf/DEFAULTINSTALLDIR/lib/libg/Unicos.intel.64.mpi.default/libesmf.so(+0x2a6f3ab)[0x7fcc68c7e3ab]
/tmp/intel_2023.1.0-oneAPI_mpi_g_v8.6.0/esmf/DEFAULTINSTALLDIR/lib/libg/Unicos.intel.64.mpi.default/libesmf.so(+0x2a6f3ab)[0x7f4c225323ab]
/tmp/intel_2023.1.0-oneAPI_mpi_g_v8.6.0/esmf/DEFAULTINSTALLDIR/lib/libg/Unicos.intel.64.mpi.default/libesmf.so(_ZN5ESMCI2VM8finalizeEP12ESMC_LogicalPi+0x5d2)[0x7f9ce39d12b2]
/tmp/intel_2023.1.0-oneAPI_mpi_g_v8.6.0/esmf/DEFAULTINSTALLDIR/lib/libg/Unicos.intel.64.mpi.default/libesmf.so(_ZN5ESMCI2VM8finalizeEP12ESMC_LogicalPi+0x5d2)[0x7efc648562b2]
/tmp/intel_2023.1.0-oneAPI_mpi_g_v8.6.0/esmf/DEFAULTINSTALLDIR/lib/libg/Unicos.intel.64.mpi.default/libesmf.so(esmf_vmmod_mp_esmf_vmfinalize_+0x72)[0x7fcc68c75f72]
/tmp/intel_2023.1.0-oneAPI_mpi_g_v8.6.0/esmf/DEFAULTINSTALLDIR/lib/libg/Unicos.intel.64.mpi.default/libesmf.so(esmf_vmmod_mp_esmf_vmfinalize_+0x72)[0x7f4c22529f72]
/tmp/intel_2023.1.0-oneAPI_mpi_g_v8.6.0/esmf/DEFAULTINSTALLDIR/lib/libg/Unicos.intel.64.mpi.default/libesmf.so(c_esmc_vmfinalize_+0x57)[0x7f9ce399bdb7]
/tmp/intel_2023.1.0-oneAPI_mpi_g_v8.6.0/esmf/DEFAULTINSTALLDIR/lib/libg/Unicos.intel.64.mpi.default/libesmf.so(esmf_initmod_mp_esmf_finalize_+0x103a)[0x7fcc6879b9ea]
/tmp/intel_2023.1.0-oneAPI_mpi_g_v8.6.0/esmf/DEFAULTINSTALLDIR/lib/libg/Unicos.intel.64.mpi.default/libesmf.so(esmf_initmod_mp_esmf_finalize_+0x103a)[0x7f4c2204f9ea]
/tmp/intel_2023.1.0-oneAPI_mpi_g_v8.6.0/nuopc-app-prototypes/DriverInDriverProto/./mainApp[0x417149]
/tmp/intel_2023.1.0-oneAPI_mpi_g_v8.6.0/esmf/DEFAULTINSTALLDIR/lib/libg/Unicos.intel.64.mpi.default/libesmf.so(c_esmc_vmfinalize_+0x57)[0x7efc64820db7]
/tmp/intel_2023.1.0-oneAPI_mpi_g_v8.6.0/nuopc-app-prototypes/DriverInDriverProto/./mainApp[0x417149]
/tmp/intel_2023.1.0-oneAPI_mpi_g_v8.6.0/nuopc-app-prototypes/DriverInDriverProto/./mainApp[0x41673d]
/tmp/intel_2023.1.0-oneAPI_mpi_g_v8.6.0/nuopc-app-prototypes/DriverInDriverProto/./mainApp[0x41673d]
/lib64/libc.so.6(__libc_start_main+0xef)[0x7fcc619e424d]
/lib64/libc.so.6(__libc_start_main+0xef)[0x7f4c1b29824d]
/tmp/intel_2023.1.0-oneAPI_mpi_g_v8.6.0/nuopc-app-prototypes/DriverInDriverProto/./mainApp[0x41666a]
/tmp/intel_2023.1.0-oneAPI_mpi_g_v8.6.0/nuopc-app-prototypes/DriverInDriverProto/./mainApp[0x41666a]
/tmp/intel_2023.1.0-oneAPI_mpi_g_v8.6.0/esmf/DEFAULTINSTALLDIR/lib/libg/Unicos.intel.64.mpi.default/libesmf.so(+0x2a6f3ab)[0x7f9ce4a463ab]
/tmp/intel_2023.1.0-oneAPI_mpi_g_v8.6.0/esmf/DEFAULTINSTALLDIR/lib/libg/Unicos.intel.64.mpi.default/libesmf.so(+0x2a6f3ab)[0x7efc658cb3ab]
/tmp/intel_2023.1.0-oneAPI_mpi_g_v8.6.0/esmf/DEFAULTINSTALLDIR/lib/libg/Unicos.intel.64.mpi.default/libesmf.so(esmf_vmmod_mp_esmf_vmfinalize_+0x72)[0x7f9ce4a3df72]
/tmp/intel_2023.1.0-oneAPI_mpi_g_v8.6.0/esmf/DEFAULTINSTALLDIR/lib/libg/Unicos.intel.64.mpi.default/libesmf.so(esmf_vmmod_mp_esmf_vmfinalize_+0x72)[0x7efc658c2f72]
/tmp/intel_2023.1.0-oneAPI_mpi_g_v8.6.0/esmf/DEFAULTINSTALLDIR/lib/libg/Unicos.intel.64.mpi.default/libesmf.so(esmf_initmod_mp_esmf_finalize_+0x103a)[0x7f9ce45639ea]
/tmp/intel_2023.1.0-oneAPI_mpi_g_v8.6.0/nuopc-app-prototypes/DriverInDriverProto/./mainApp[0x417149]
/tmp/intel_2023.1.0-oneAPI_mpi_g_v8.6.0/nuopc-app-prototypes/DriverInDriverProto/./mainApp[0x41673d]
/lib64/libc.so.6(__libc_start_main+0xef)[0x7f9cdd7ac24d]
/tmp/intel_2023.1.0-oneAPI_mpi_g_v8.6.0/nuopc-app-prototypes/DriverInDriverProto/./mainApp[0x41666a]
/tmp/intel_2023.1.0-oneAPI_mpi_g_v8.6.0/esmf/DEFAULTINSTALLDIR/lib/libg/Unicos.intel.64.mpi.default/libesmf.so(esmf_initmod_mp_esmf_finalize_+0x103a)[0x7efc653e89ea]
/tmp/intel_2023.1.0-oneAPI_mpi_g_v8.6.0/nuopc-app-prototypes/DriverInDriverProto/./mainApp[0x417149]
/tmp/intel_2023.1.0-oneAPI_mpi_g_v8.6.0/nuopc-app-prototypes/DriverInDriverProto/./mainApp[0x41673d]
/lib64/libc.so.6(__libc_start_main+0xef)[0x7efc5e63124d]
/tmp/intel_2023.1.0-oneAPI_mpi_g_v8.6.0/nuopc-app-prototypes/DriverInDriverProto/./mainApp[0x41666a]
srun: error: c5n1349: tasks 0-3: Exited with exit code 1
srun: Terminating StepId=134666006.377
