2023-11-12 02:49:47

mainApp:22545 terminated with signal 11 at PC=454fb7 SP=7ffc2ab1d420.  Backtrace:

mainApp:22547 terminated with signal 11 at PC=454fc9 SP=7ffebf0858d0.  Backtrace:

mainApp:22544 terminated with signal 11 at PC=454ff3 SP=7ffffdd55b80.  Backtrace:

mainApp:22546 terminated with signal 11 at PC=454ff3 SP=7fffba89c000.  Backtrace:
/tmp/intel_2023.1.0-oneAPI_mpi_g_v8.6.0/nuopc-app-prototypes/NestingMultipleProto/./mainApp[0x454ff3]
/tmp/intel_2023.1.0-oneAPI_mpi_g_v8.6.0/nuopc-app-prototypes/NestingMultipleProto/./mainApp[0x454fb7]
/tmp/intel_2023.1.0-oneAPI_mpi_g_v8.6.0/nuopc-app-prototypes/NestingMultipleProto/./mainApp[0x455fa0]
/tmp/intel_2023.1.0-oneAPI_mpi_g_v8.6.0/nuopc-app-prototypes/NestingMultipleProto/./mainApp[0x455145]
/tmp/intel_2023.1.0-oneAPI_mpi_g_v8.6.0/nuopc-app-prototypes/NestingMultipleProto/./mainApp[0x454ff3]
/tmp/intel_2023.1.0-oneAPI_mpi_g_v8.6.0/nuopc-app-prototypes/NestingMultipleProto/./mainApp[0x455fa0]
/tmp/intel_2023.1.0-oneAPI_mpi_g_v8.6.0/nuopc-app-prototypes/NestingMultipleProto/./mainApp[0x455145]
/tmp/intel_2023.1.0-oneAPI_mpi_g_v8.6.0/nuopc-app-prototypes/NestingMultipleProto/./mainApp[0x454fc9]
/tmp/intel_2023.1.0-oneAPI_mpi_g_v8.6.0/nuopc-app-prototypes/NestingMultipleProto/./mainApp[0x455fa0]
/tmp/intel_2023.1.0-oneAPI_mpi_g_v8.6.0/nuopc-app-prototypes/NestingMultipleProto/./mainApp[0x455145]
/tmp/intel_2023.1.0-oneAPI_mpi_g_v8.6.0/nuopc-app-prototypes/NestingMultipleProto/./mainApp[0x455fa0]
/tmp/intel_2023.1.0-oneAPI_mpi_g_v8.6.0/nuopc-app-prototypes/NestingMultipleProto/./mainApp[0x455145]
/tmp/intel_2023.1.0-oneAPI_mpi_g_v8.6.0/esmf/DEFAULTINSTALLDIR/lib/libg/Unicos.intel.64.mpi.default/libesmf.so(f_esmf_compcollectgarbage2_+0x4bc)[0x7f0dff04e55c]
/tmp/intel_2023.1.0-oneAPI_mpi_g_v8.6.0/esmf/DEFAULTINSTALLDIR/lib/libg/Unicos.intel.64.mpi.default/libesmf.so(f_esmf_compcollectgarbage2_+0x4bc)[0x7fd205c6d55c]
/tmp/intel_2023.1.0-oneAPI_mpi_g_v8.6.0/esmf/DEFAULTINSTALLDIR/lib/libg/Unicos.intel.64.mpi.default/libesmf.so(f_esmf_compcollectgarbage2_+0x4bc)[0x7fa27374455c]
/tmp/intel_2023.1.0-oneAPI_mpi_g_v8.6.0/esmf/DEFAULTINSTALLDIR/lib/libg/Unicos.intel.64.mpi.default/libesmf.so(f_esmf_compcollectgarbage2_+0x4bc)[0x7fa9a090f55c]
/tmp/intel_2023.1.0-oneAPI_mpi_g_v8.6.0/esmf/DEFAULTINSTALLDIR/lib/libg/Unicos.intel.64.mpi.default/libesmf.so(_ZN5ESMCI2VM8finalizeEP12ESMC_LogicalPi+0x5d2)[0x7f0dfebf32b2]
/tmp/intel_2023.1.0-oneAPI_mpi_g_v8.6.0/esmf/DEFAULTINSTALLDIR/lib/libg/Unicos.intel.64.mpi.default/libesmf.so(_ZN5ESMCI2VM8finalizeEP12ESMC_LogicalPi+0x5d2)[0x7fa2732e92b2]
/tmp/intel_2023.1.0-oneAPI_mpi_g_v8.6.0/esmf/DEFAULTINSTALLDIR/lib/libg/Unicos.intel.64.mpi.default/libesmf.so(_ZN5ESMCI2VM8finalizeEP12ESMC_LogicalPi+0x5d2)[0x7fd2058122b2]
/tmp/intel_2023.1.0-oneAPI_mpi_g_v8.6.0/esmf/DEFAULTINSTALLDIR/lib/libg/Unicos.intel.64.mpi.default/libesmf.so(_ZN5ESMCI2VM8finalizeEP12ESMC_LogicalPi+0x5d2)[0x7fa9a04b42b2]
/tmp/intel_2023.1.0-oneAPI_mpi_g_v8.6.0/esmf/DEFAULTINSTALLDIR/lib/libg/Unicos.intel.64.mpi.default/libesmf.so(c_esmc_vmfinalize_+0x57)[0x7f0dfebbddb7]
/tmp/intel_2023.1.0-oneAPI_mpi_g_v8.6.0/esmf/DEFAULTINSTALLDIR/lib/libg/Unicos.intel.64.mpi.default/libesmf.so(c_esmc_vmfinalize_+0x57)[0x7fa2732b3db7]
/tmp/intel_2023.1.0-oneAPI_mpi_g_v8.6.0/esmf/DEFAULTINSTALLDIR/lib/libg/Unicos.intel.64.mpi.default/libesmf.so(c_esmc_vmfinalize_+0x57)[0x7fd2057dcdb7]
/tmp/intel_2023.1.0-oneAPI_mpi_g_v8.6.0/esmf/DEFAULTINSTALLDIR/lib/libg/Unicos.intel.64.mpi.default/libesmf.so(c_esmc_vmfinalize_+0x57)[0x7fa9a047edb7]
/tmp/intel_2023.1.0-oneAPI_mpi_g_v8.6.0/esmf/DEFAULTINSTALLDIR/lib/libg/Unicos.intel.64.mpi.default/libesmf.so(+0x2a6f3ab)[0x7f0dffc683ab]
/tmp/intel_2023.1.0-oneAPI_mpi_g_v8.6.0/esmf/DEFAULTINSTALLDIR/lib/libg/Unicos.intel.64.mpi.default/libesmf.so(+0x2a6f3ab)[0x7fa27435e3ab]
/tmp/intel_2023.1.0-oneAPI_mpi_g_v8.6.0/esmf/DEFAULTINSTALLDIR/lib/libg/Unicos.intel.64.mpi.default/libesmf.so(+0x2a6f3ab)[0x7fd2068873ab]
/tmp/intel_2023.1.0-oneAPI_mpi_g_v8.6.0/esmf/DEFAULTINSTALLDIR/lib/libg/Unicos.intel.64.mpi.default/libesmf.so(+0x2a6f3ab)[0x7fa9a15293ab]
/tmp/intel_2023.1.0-oneAPI_mpi_g_v8.6.0/esmf/DEFAULTINSTALLDIR/lib/libg/Unicos.intel.64.mpi.default/libesmf.so(esmf_vmmod_mp_esmf_vmfinalize_+0x72)[0x7f0dffc5ff72]
/tmp/intel_2023.1.0-oneAPI_mpi_g_v8.6.0/esmf/DEFAULTINSTALLDIR/lib/libg/Unicos.intel.64.mpi.default/libesmf.so(esmf_vmmod_mp_esmf_vmfinalize_+0x72)[0x7fa274355f72]
/tmp/intel_2023.1.0-oneAPI_mpi_g_v8.6.0/esmf/DEFAULTINSTALLDIR/lib/libg/Unicos.intel.64.mpi.default/libesmf.so(esmf_vmmod_mp_esmf_vmfinalize_+0x72)[0x7fd20687ef72]
/tmp/intel_2023.1.0-oneAPI_mpi_g_v8.6.0/esmf/DEFAULTINSTALLDIR/lib/libg/Unicos.intel.64.mpi.default/libesmf.so(esmf_vmmod_mp_esmf_vmfinalize_+0x72)[0x7fa9a1520f72]
/tmp/intel_2023.1.0-oneAPI_mpi_g_v8.6.0/esmf/DEFAULTINSTALLDIR/lib/libg/Unicos.intel.64.mpi.default/libesmf.so(esmf_initmod_mp_esmf_finalize_+0x103a)[0x7f0dff7859ea]
/tmp/intel_2023.1.0-oneAPI_mpi_g_v8.6.0/nuopc-app-prototypes/NestingMultipleProto/./mainApp[0x417b39]
/tmp/intel_2023.1.0-oneAPI_mpi_g_v8.6.0/nuopc-app-prototypes/NestingMultipleProto/./mainApp[0x41707d]
/lib64/libc.so.6(__libc_start_main+0xef)[0x7f0df89ce24d]
/tmp/intel_2023.1.0-oneAPI_mpi_g_v8.6.0/nuopc-app-prototypes/NestingMultipleProto/./mainApp[0x416faa]
/tmp/intel_2023.1.0-oneAPI_mpi_g_v8.6.0/esmf/DEFAULTINSTALLDIR/lib/libg/Unicos.intel.64.mpi.default/libesmf.so(esmf_initmod_mp_esmf_finalize_+0x103a)[0x7fa273e7b9ea]
/tmp/intel_2023.1.0-oneAPI_mpi_g_v8.6.0/nuopc-app-prototypes/NestingMultipleProto/./mainApp[0x417b39]
/tmp/intel_2023.1.0-oneAPI_mpi_g_v8.6.0/esmf/DEFAULTINSTALLDIR/lib/libg/Unicos.intel.64.mpi.default/libesmf.so(esmf_initmod_mp_esmf_finalize_+0x103a)[0x7fd2063a49ea]
/tmp/intel_2023.1.0-oneAPI_mpi_g_v8.6.0/nuopc-app-prototypes/NestingMultipleProto/./mainApp[0x417b39]
/tmp/intel_2023.1.0-oneAPI_mpi_g_v8.6.0/nuopc-app-prototypes/NestingMultipleProto/./mainApp[0x41707d]
/tmp/intel_2023.1.0-oneAPI_mpi_g_v8.6.0/esmf/DEFAULTINSTALLDIR/lib/libg/Unicos.intel.64.mpi.default/libesmf.so(esmf_initmod_mp_esmf_finalize_+0x103a)[0x7fa9a10469ea]
/tmp/intel_2023.1.0-oneAPI_mpi_g_v8.6.0/nuopc-app-prototypes/NestingMultipleProto/./mainApp[0x417b39]
/tmp/intel_2023.1.0-oneAPI_mpi_g_v8.6.0/nuopc-app-prototypes/NestingMultipleProto/./mainApp[0x41707d]
/tmp/intel_2023.1.0-oneAPI_mpi_g_v8.6.0/nuopc-app-prototypes/NestingMultipleProto/./mainApp[0x41707d]
/lib64/libc.so.6(__libc_start_main+0xef)[0x7fa26d0c424d]
/lib64/libc.so.6(__libc_start_main+0xef)[0x7fd1ff5ed24d]
/tmp/intel_2023.1.0-oneAPI_mpi_g_v8.6.0/nuopc-app-prototypes/NestingMultipleProto/./mainApp[0x416faa]
/lib64/libc.so.6(__libc_start_main+0xef)[0x7fa99a28f24d]
/tmp/intel_2023.1.0-oneAPI_mpi_g_v8.6.0/nuopc-app-prototypes/NestingMultipleProto/./mainApp[0x416faa]
/tmp/intel_2023.1.0-oneAPI_mpi_g_v8.6.0/nuopc-app-prototypes/NestingMultipleProto/./mainApp[0x416faa]
srun: error: c5n0037: tasks 0-3: Exited with exit code 1
srun: Terminating StepId=134664995.384
