2023-11-12 02:49:47

mainApp:22981 terminated with signal 11 at PC=44bbf3 SP=7ffccc4a7c30.  Backtrace:

mainApp:22979 terminated with signal 11 at PC=44bc13 SP=7ffc60064240.  Backtrace:
/tmp/intel_2023.1.0-oneAPI_mpi_g_v8.6.0/nuopc-app-prototypes/SingleModelOpenMPUnawareProto/./mainApp[0x44bc13]
/tmp/intel_2023.1.0-oneAPI_mpi_g_v8.6.0/nuopc-app-prototypes/SingleModelOpenMPUnawareProto/./mainApp[0x44cbc0]
/tmp/intel_2023.1.0-oneAPI_mpi_g_v8.6.0/nuopc-app-prototypes/SingleModelOpenMPUnawareProto/./mainApp[0x44bd65]
/tmp/intel_2023.1.0-oneAPI_mpi_g_v8.6.0/nuopc-app-prototypes/SingleModelOpenMPUnawareProto/./mainApp[0x44bbf3]
/tmp/intel_2023.1.0-oneAPI_mpi_g_v8.6.0/nuopc-app-prototypes/SingleModelOpenMPUnawareProto/./mainApp[0x44cbc0]
/tmp/intel_2023.1.0-oneAPI_mpi_g_v8.6.0/nuopc-app-prototypes/SingleModelOpenMPUnawareProto/./mainApp[0x44bd65]

mainApp:22982 terminated with signal 7 at PC=44bbe9 SP=7ffd6939cbd0.  Backtrace:
/tmp/intel_2023.1.0-oneAPI_mpi_g_v8.6.0/nuopc-app-prototypes/SingleModelOpenMPUnawareProto/./mainApp[0x44bbe9]
/tmp/intel_2023.1.0-oneAPI_mpi_g_v8.6.0/nuopc-app-prototypes/SingleModelOpenMPUnawareProto/./mainApp[0x44cbc0]
/tmp/intel_2023.1.0-oneAPI_mpi_g_v8.6.0/nuopc-app-prototypes/SingleModelOpenMPUnawareProto/./mainApp[0x44bd65]

mainApp:22980 terminated with signal 11 at PC=44bbe9 SP=7ffdad71b290.  Backtrace:
/tmp/intel_2023.1.0-oneAPI_mpi_g_v8.6.0/nuopc-app-prototypes/SingleModelOpenMPUnawareProto/./mainApp[0x44bbe9]
/tmp/intel_2023.1.0-oneAPI_mpi_g_v8.6.0/nuopc-app-prototypes/SingleModelOpenMPUnawareProto/./mainApp[0x44cbc0]
/tmp/intel_2023.1.0-oneAPI_mpi_g_v8.6.0/nuopc-app-prototypes/SingleModelOpenMPUnawareProto/./mainApp[0x44bd65]
/tmp/intel_2023.1.0-oneAPI_mpi_g_v8.6.0/esmf/DEFAULTINSTALLDIR/lib/libg/Unicos.intel.64.mpi.default/libesmf.so(f_esmf_compcollectgarbage2_+0x4bc)[0x7fbb9cfc055c]
/tmp/intel_2023.1.0-oneAPI_mpi_g_v8.6.0/esmf/DEFAULTINSTALLDIR/lib/libg/Unicos.intel.64.mpi.default/libesmf.so(f_esmf_compcollectgarbage2_+0x4bc)[0x7ffa1da1d55c]
/tmp/intel_2023.1.0-oneAPI_mpi_g_v8.6.0/esmf/DEFAULTINSTALLDIR/lib/libg/Unicos.intel.64.mpi.default/libesmf.so(f_esmf_compcollectgarbage2_+0x4bc)[0x7fbe007bf55c]
/tmp/intel_2023.1.0-oneAPI_mpi_g_v8.6.0/esmf/DEFAULTINSTALLDIR/lib/libg/Unicos.intel.64.mpi.default/libesmf.so(f_esmf_compcollectgarbage2_+0x4bc)[0x7f2ee1e8355c]
/tmp/intel_2023.1.0-oneAPI_mpi_g_v8.6.0/esmf/DEFAULTINSTALLDIR/lib/libg/Unicos.intel.64.mpi.default/libesmf.so(_ZN5ESMCI2VM8finalizeEP12ESMC_LogicalPi+0x5d2)[0x7ffa1d5c22b2]
/tmp/intel_2023.1.0-oneAPI_mpi_g_v8.6.0/esmf/DEFAULTINSTALLDIR/lib/libg/Unicos.intel.64.mpi.default/libesmf.so(_ZN5ESMCI2VM8finalizeEP12ESMC_LogicalPi+0x5d2)[0x7fbb9cb652b2]
/tmp/intel_2023.1.0-oneAPI_mpi_g_v8.6.0/esmf/DEFAULTINSTALLDIR/lib/libg/Unicos.intel.64.mpi.default/libesmf.so(_ZN5ESMCI2VM8finalizeEP12ESMC_LogicalPi+0x5d2)[0x7fbe003642b2]
/tmp/intel_2023.1.0-oneAPI_mpi_g_v8.6.0/esmf/DEFAULTINSTALLDIR/lib/libg/Unicos.intel.64.mpi.default/libesmf.so(_ZN5ESMCI2VM8finalizeEP12ESMC_LogicalPi+0x5d2)[0x7f2ee1a282b2]
/tmp/intel_2023.1.0-oneAPI_mpi_g_v8.6.0/esmf/DEFAULTINSTALLDIR/lib/libg/Unicos.intel.64.mpi.default/libesmf.so(c_esmc_vmfinalize_+0x57)[0x7ffa1d58cdb7]
/tmp/intel_2023.1.0-oneAPI_mpi_g_v8.6.0/esmf/DEFAULTINSTALLDIR/lib/libg/Unicos.intel.64.mpi.default/libesmf.so(c_esmc_vmfinalize_+0x57)[0x7fbb9cb2fdb7]
/tmp/intel_2023.1.0-oneAPI_mpi_g_v8.6.0/esmf/DEFAULTINSTALLDIR/lib/libg/Unicos.intel.64.mpi.default/libesmf.so(c_esmc_vmfinalize_+0x57)[0x7fbe0032edb7]
/tmp/intel_2023.1.0-oneAPI_mpi_g_v8.6.0/esmf/DEFAULTINSTALLDIR/lib/libg/Unicos.intel.64.mpi.default/libesmf.so(c_esmc_vmfinalize_+0x57)[0x7f2ee19f2db7]
/tmp/intel_2023.1.0-oneAPI_mpi_g_v8.6.0/esmf/DEFAULTINSTALLDIR/lib/libg/Unicos.intel.64.mpi.default/libesmf.so(+0x2a6f3ab)[0x7ffa1e6373ab]
/tmp/intel_2023.1.0-oneAPI_mpi_g_v8.6.0/esmf/DEFAULTINSTALLDIR/lib/libg/Unicos.intel.64.mpi.default/libesmf.so(+0x2a6f3ab)[0x7fbb9dbda3ab]
/tmp/intel_2023.1.0-oneAPI_mpi_g_v8.6.0/esmf/DEFAULTINSTALLDIR/lib/libg/Unicos.intel.64.mpi.default/libesmf.so(+0x2a6f3ab)[0x7fbe013d93ab]
/tmp/intel_2023.1.0-oneAPI_mpi_g_v8.6.0/esmf/DEFAULTINSTALLDIR/lib/libg/Unicos.intel.64.mpi.default/libesmf.so(+0x2a6f3ab)[0x7f2ee2a9d3ab]
/tmp/intel_2023.1.0-oneAPI_mpi_g_v8.6.0/esmf/DEFAULTINSTALLDIR/lib/libg/Unicos.intel.64.mpi.default/libesmf.so(esmf_vmmod_mp_esmf_vmfinalize_+0x72)[0x7ffa1e62ef72]
/tmp/intel_2023.1.0-oneAPI_mpi_g_v8.6.0/esmf/DEFAULTINSTALLDIR/lib/libg/Unicos.intel.64.mpi.default/libesmf.so(esmf_vmmod_mp_esmf_vmfinalize_+0x72)[0x7fbb9dbd1f72]
/tmp/intel_2023.1.0-oneAPI_mpi_g_v8.6.0/esmf/DEFAULTINSTALLDIR/lib/libg/Unicos.intel.64.mpi.default/libesmf.so(esmf_vmmod_mp_esmf_vmfinalize_+0x72)[0x7fbe013d0f72]
/tmp/intel_2023.1.0-oneAPI_mpi_g_v8.6.0/esmf/DEFAULTINSTALLDIR/lib/libg/Unicos.intel.64.mpi.default/libesmf.so(esmf_vmmod_mp_esmf_vmfinalize_+0x72)[0x7f2ee2a94f72]
/tmp/intel_2023.1.0-oneAPI_mpi_g_v8.6.0/esmf/DEFAULTINSTALLDIR/lib/libg/Unicos.intel.64.mpi.default/libesmf.so(esmf_initmod_mp_esmf_finalize_+0x103a)[0x7ffa1e1549ea]
/tmp/intel_2023.1.0-oneAPI_mpi_g_v8.6.0/nuopc-app-prototypes/SingleModelOpenMPUnawareProto/./mainApp[0x4176fe]
/tmp/intel_2023.1.0-oneAPI_mpi_g_v8.6.0/nuopc-app-prototypes/SingleModelOpenMPUnawareProto/./mainApp[0x416c3d]
/lib64/libc.so.6(__libc_start_main+0xef)[0x7ffa170fe24d]
/tmp/intel_2023.1.0-oneAPI_mpi_g_v8.6.0/nuopc-app-prototypes/SingleModelOpenMPUnawareProto/./mainApp[0x416b6a]
/tmp/intel_2023.1.0-oneAPI_mpi_g_v8.6.0/esmf/DEFAULTINSTALLDIR/lib/libg/Unicos.intel.64.mpi.default/libesmf.so(esmf_initmod_mp_esmf_finalize_+0x103a)[0x7fbb9d6f79ea]
/tmp/intel_2023.1.0-oneAPI_mpi_g_v8.6.0/nuopc-app-prototypes/SingleModelOpenMPUnawareProto/./mainApp[0x4176fe]
/tmp/intel_2023.1.0-oneAPI_mpi_g_v8.6.0/nuopc-app-prototypes/SingleModelOpenMPUnawareProto/./mainApp[0x416c3d]
/lib64/libc.so.6(__libc_start_main+0xef)[0x7fbb966a124d]
/tmp/intel_2023.1.0-oneAPI_mpi_g_v8.6.0/nuopc-app-prototypes/SingleModelOpenMPUnawareProto/./mainApp[0x416b6a]
/tmp/intel_2023.1.0-oneAPI_mpi_g_v8.6.0/esmf/DEFAULTINSTALLDIR/lib/libg/Unicos.intel.64.mpi.default/libesmf.so(esmf_initmod_mp_esmf_finalize_+0x103a)[0x7fbe00ef69ea]
/tmp/intel_2023.1.0-oneAPI_mpi_g_v8.6.0/nuopc-app-prototypes/SingleModelOpenMPUnawareProto/./mainApp[0x4176fe]
/tmp/intel_2023.1.0-oneAPI_mpi_g_v8.6.0/nuopc-app-prototypes/SingleModelOpenMPUnawareProto/./mainApp[0x416c3d]
/lib64/libc.so.6(__libc_start_main+0xef)[0x7fbdf9ea024d]
/tmp/intel_2023.1.0-oneAPI_mpi_g_v8.6.0/nuopc-app-prototypes/SingleModelOpenMPUnawareProto/./mainApp[0x416b6a]
/tmp/intel_2023.1.0-oneAPI_mpi_g_v8.6.0/esmf/DEFAULTINSTALLDIR/lib/libg/Unicos.intel.64.mpi.default/libesmf.so(esmf_initmod_mp_esmf_finalize_+0x103a)[0x7f2ee25ba9ea]
/tmp/intel_2023.1.0-oneAPI_mpi_g_v8.6.0/nuopc-app-prototypes/SingleModelOpenMPUnawareProto/./mainApp[0x4176fe]
/tmp/intel_2023.1.0-oneAPI_mpi_g_v8.6.0/nuopc-app-prototypes/SingleModelOpenMPUnawareProto/./mainApp[0x416c3d]
/lib64/libc.so.6(__libc_start_main+0xef)[0x7f2edb56424d]
/tmp/intel_2023.1.0-oneAPI_mpi_g_v8.6.0/nuopc-app-prototypes/SingleModelOpenMPUnawareProto/./mainApp[0x416b6a]
srun: error: c5n0037: tasks 0-3: Exited with exit code 1
srun: Terminating StepId=134664995.389
