2023-10-29 01:40:26
20231029 020947.151 INFO             PET0 !!!!!!!!!!!!!!!!!!!!!!!!!!!!!!!!!!!!!!!!!!!!!!!!!!!!!!
20231029 020947.151 INFO             PET0 !!! THE ESMF_LOG IS SET TO OUTPUT ALL LOG MESSAGES !!!
20231029 020947.151 INFO             PET0 !!!     THIS MAY CAUSE SLOWDOWN IN PERFORMANCE     !!!
20231029 020947.151 INFO             PET0 !!! FOR PRODUCTION RUNS, USE:                      !!!
20231029 020947.151 INFO             PET0 !!!                   ESMF_LOGKIND_Multi_On_Error  !!!
20231029 020947.151 INFO             PET0 !!!!!!!!!!!!!!!!!!!!!!!!!!!!!!!!!!!!!!!!!!!!!!!!!!!!!!
20231029 020947.151 INFO             PET0 Running with ESMF Version   : v8.6.0b13
20231029 020947.151 INFO             PET0 ESMF library build date/time: "Oct 29 2023" "01:39:02"
20231029 020947.151 INFO             PET0 ESMF library build location : /glade/derecho/scratch/theurich/ESMF-Nightly-Testing/intel_2023.0.0_mpiuni_g_release_8.6.0/esmf
20231029 020947.151 INFO             PET0 ESMF_COMM                   : mpiuni
20231029 020947.152 INFO             PET0 ESMF_MOAB                   : enabled
20231029 020947.152 INFO             PET0 ESMF_LAPACK                 : enabled
20231029 020947.152 INFO             PET0 ESMF_NETCDF                 : enabled
20231029 020947.152 INFO             PET0 ESMF_PNETCDF                : disabled
20231029 020947.152 INFO             PET0 ESMF_PIO                    : disabled
20231029 020947.152 INFO             PET0 ESMF_YAMLCPP                : enabled
20231029 020947.153 INFO             PET0  NUMBER_OF_PROCESSORS           1
20231029 020947.153 INFO             PET0  PASS  Example ESMF_InternalStateModEx, ESMF_InternalStateModEx.F90, line 239
20231029 020947.153 INFO             PET0  Finalizing ESMF
